[2024-10-29T23:27:20.871+0000] {processor.py:161} INFO - Started process (PID=16625) to work on /opt/airflow/dags/dag_cria_emr.py
[2024-10-29T23:27:20.877+0000] {processor.py:830} INFO - Processing file /opt/airflow/dags/dag_cria_emr.py for tasks to queue
[2024-10-29T23:27:20.900+0000] {logging_mixin.py:188} INFO - [2024-10-29T23:27:20.895+0000] {dagbag.py:540} INFO - Filling up the DagBag from /opt/airflow/dags/dag_cria_emr.py
[2024-10-29T23:27:20.960+0000] {processor.py:840} INFO - DAG(s) 'etl_queimadas' retrieved from /opt/airflow/dags/dag_cria_emr.py
[2024-10-29T23:27:21.053+0000] {logging_mixin.py:188} INFO - [2024-10-29T23:27:21.053+0000] {dag.py:3047} INFO - Sync 1 DAGs
[2024-10-29T23:27:21.087+0000] {logging_mixin.py:188} INFO - [2024-10-29T23:27:21.087+0000] {dag.py:3834} INFO - Setting next_dagrun for etl_queimadas to None, run_after=None
[2024-10-29T23:27:21.138+0000] {processor.py:183} INFO - Processing /opt/airflow/dags/dag_cria_emr.py took 0.304 seconds
[2024-10-29T23:27:51.329+0000] {processor.py:161} INFO - Started process (PID=16681) to work on /opt/airflow/dags/dag_cria_emr.py
[2024-10-29T23:27:51.331+0000] {processor.py:830} INFO - Processing file /opt/airflow/dags/dag_cria_emr.py for tasks to queue
[2024-10-29T23:27:51.337+0000] {logging_mixin.py:188} INFO - [2024-10-29T23:27:51.336+0000] {dagbag.py:540} INFO - Filling up the DagBag from /opt/airflow/dags/dag_cria_emr.py
[2024-10-29T23:27:51.357+0000] {processor.py:840} INFO - DAG(s) 'etl_queimadas' retrieved from /opt/airflow/dags/dag_cria_emr.py
[2024-10-29T23:27:51.431+0000] {logging_mixin.py:188} INFO - [2024-10-29T23:27:51.430+0000] {dag.py:3047} INFO - Sync 1 DAGs
[2024-10-29T23:27:51.474+0000] {logging_mixin.py:188} INFO - [2024-10-29T23:27:51.473+0000] {dag.py:3834} INFO - Setting next_dagrun for etl_queimadas to None, run_after=None
[2024-10-29T23:27:51.522+0000] {processor.py:183} INFO - Processing /opt/airflow/dags/dag_cria_emr.py took 0.204 seconds
[2024-10-29T23:28:22.062+0000] {processor.py:161} INFO - Started process (PID=16737) to work on /opt/airflow/dags/dag_cria_emr.py
[2024-10-29T23:28:22.067+0000] {processor.py:830} INFO - Processing file /opt/airflow/dags/dag_cria_emr.py for tasks to queue
[2024-10-29T23:28:22.069+0000] {logging_mixin.py:188} INFO - [2024-10-29T23:28:22.068+0000] {dagbag.py:540} INFO - Filling up the DagBag from /opt/airflow/dags/dag_cria_emr.py
[2024-10-29T23:28:22.075+0000] {processor.py:840} INFO - DAG(s) 'etl_queimadas' retrieved from /opt/airflow/dags/dag_cria_emr.py
[2024-10-29T23:28:22.098+0000] {logging_mixin.py:188} INFO - [2024-10-29T23:28:22.098+0000] {dag.py:3047} INFO - Sync 1 DAGs
[2024-10-29T23:28:22.113+0000] {logging_mixin.py:188} INFO - [2024-10-29T23:28:22.113+0000] {dag.py:3834} INFO - Setting next_dagrun for etl_queimadas to None, run_after=None
[2024-10-29T23:28:22.132+0000] {processor.py:183} INFO - Processing /opt/airflow/dags/dag_cria_emr.py took 0.073 seconds
[2024-10-29T23:28:52.796+0000] {processor.py:161} INFO - Started process (PID=16793) to work on /opt/airflow/dags/dag_cria_emr.py
[2024-10-29T23:28:52.802+0000] {processor.py:830} INFO - Processing file /opt/airflow/dags/dag_cria_emr.py for tasks to queue
[2024-10-29T23:28:52.803+0000] {logging_mixin.py:188} INFO - [2024-10-29T23:28:52.803+0000] {dagbag.py:540} INFO - Filling up the DagBag from /opt/airflow/dags/dag_cria_emr.py
[2024-10-29T23:28:52.809+0000] {processor.py:840} INFO - DAG(s) 'etl_queimadas' retrieved from /opt/airflow/dags/dag_cria_emr.py
[2024-10-29T23:28:52.830+0000] {logging_mixin.py:188} INFO - [2024-10-29T23:28:52.829+0000] {dag.py:3047} INFO - Sync 1 DAGs
[2024-10-29T23:28:52.846+0000] {logging_mixin.py:188} INFO - [2024-10-29T23:28:52.845+0000] {dag.py:3834} INFO - Setting next_dagrun for etl_queimadas to None, run_after=None
[2024-10-29T23:28:52.865+0000] {processor.py:183} INFO - Processing /opt/airflow/dags/dag_cria_emr.py took 0.072 seconds
[2024-10-29T23:29:22.960+0000] {processor.py:161} INFO - Started process (PID=16849) to work on /opt/airflow/dags/dag_cria_emr.py
[2024-10-29T23:29:22.966+0000] {processor.py:830} INFO - Processing file /opt/airflow/dags/dag_cria_emr.py for tasks to queue
[2024-10-29T23:29:22.968+0000] {logging_mixin.py:188} INFO - [2024-10-29T23:29:22.967+0000] {dagbag.py:540} INFO - Filling up the DagBag from /opt/airflow/dags/dag_cria_emr.py
[2024-10-29T23:29:22.974+0000] {processor.py:840} INFO - DAG(s) 'etl_queimadas' retrieved from /opt/airflow/dags/dag_cria_emr.py
[2024-10-29T23:29:22.997+0000] {logging_mixin.py:188} INFO - [2024-10-29T23:29:22.997+0000] {dag.py:3047} INFO - Sync 1 DAGs
[2024-10-29T23:29:23.010+0000] {logging_mixin.py:188} INFO - [2024-10-29T23:29:23.010+0000] {dag.py:3834} INFO - Setting next_dagrun for etl_queimadas to None, run_after=None
[2024-10-29T23:29:23.031+0000] {processor.py:183} INFO - Processing /opt/airflow/dags/dag_cria_emr.py took 0.074 seconds
[2024-10-29T23:29:53.390+0000] {processor.py:161} INFO - Started process (PID=16905) to work on /opt/airflow/dags/dag_cria_emr.py
[2024-10-29T23:29:53.396+0000] {processor.py:830} INFO - Processing file /opt/airflow/dags/dag_cria_emr.py for tasks to queue
[2024-10-29T23:29:53.397+0000] {logging_mixin.py:188} INFO - [2024-10-29T23:29:53.397+0000] {dagbag.py:540} INFO - Filling up the DagBag from /opt/airflow/dags/dag_cria_emr.py
[2024-10-29T23:29:53.405+0000] {processor.py:840} INFO - DAG(s) 'etl_queimadas' retrieved from /opt/airflow/dags/dag_cria_emr.py
[2024-10-29T23:29:53.432+0000] {logging_mixin.py:188} INFO - [2024-10-29T23:29:53.431+0000] {dag.py:3047} INFO - Sync 1 DAGs
[2024-10-29T23:29:53.443+0000] {logging_mixin.py:188} INFO - [2024-10-29T23:29:53.443+0000] {dag.py:3834} INFO - Setting next_dagrun for etl_queimadas to None, run_after=None
[2024-10-29T23:29:53.460+0000] {processor.py:183} INFO - Processing /opt/airflow/dags/dag_cria_emr.py took 0.072 seconds
[2024-10-29T23:30:23.834+0000] {processor.py:161} INFO - Started process (PID=16961) to work on /opt/airflow/dags/dag_cria_emr.py
[2024-10-29T23:30:23.840+0000] {processor.py:830} INFO - Processing file /opt/airflow/dags/dag_cria_emr.py for tasks to queue
[2024-10-29T23:30:23.842+0000] {logging_mixin.py:188} INFO - [2024-10-29T23:30:23.841+0000] {dagbag.py:540} INFO - Filling up the DagBag from /opt/airflow/dags/dag_cria_emr.py
[2024-10-29T23:30:23.848+0000] {processor.py:840} INFO - DAG(s) 'etl_queimadas' retrieved from /opt/airflow/dags/dag_cria_emr.py
[2024-10-29T23:30:23.868+0000] {logging_mixin.py:188} INFO - [2024-10-29T23:30:23.867+0000] {dag.py:3047} INFO - Sync 1 DAGs
[2024-10-29T23:30:23.880+0000] {logging_mixin.py:188} INFO - [2024-10-29T23:30:23.880+0000] {dag.py:3834} INFO - Setting next_dagrun for etl_queimadas to None, run_after=None
[2024-10-29T23:30:23.898+0000] {processor.py:183} INFO - Processing /opt/airflow/dags/dag_cria_emr.py took 0.066 seconds
[2024-10-29T23:30:54.466+0000] {processor.py:161} INFO - Started process (PID=17016) to work on /opt/airflow/dags/dag_cria_emr.py
[2024-10-29T23:30:54.472+0000] {processor.py:830} INFO - Processing file /opt/airflow/dags/dag_cria_emr.py for tasks to queue
[2024-10-29T23:30:54.473+0000] {logging_mixin.py:188} INFO - [2024-10-29T23:30:54.473+0000] {dagbag.py:540} INFO - Filling up the DagBag from /opt/airflow/dags/dag_cria_emr.py
[2024-10-29T23:30:54.479+0000] {processor.py:840} INFO - DAG(s) 'etl_queimadas' retrieved from /opt/airflow/dags/dag_cria_emr.py
[2024-10-29T23:30:54.495+0000] {logging_mixin.py:188} INFO - [2024-10-29T23:30:54.495+0000] {dag.py:3047} INFO - Sync 1 DAGs
[2024-10-29T23:30:54.505+0000] {logging_mixin.py:188} INFO - [2024-10-29T23:30:54.505+0000] {dag.py:3834} INFO - Setting next_dagrun for etl_queimadas to None, run_after=None
[2024-10-29T23:30:54.519+0000] {processor.py:183} INFO - Processing /opt/airflow/dags/dag_cria_emr.py took 0.055 seconds
[2024-10-29T23:31:24.998+0000] {processor.py:161} INFO - Started process (PID=17072) to work on /opt/airflow/dags/dag_cria_emr.py
[2024-10-29T23:31:25.004+0000] {processor.py:830} INFO - Processing file /opt/airflow/dags/dag_cria_emr.py for tasks to queue
[2024-10-29T23:31:25.005+0000] {logging_mixin.py:188} INFO - [2024-10-29T23:31:25.005+0000] {dagbag.py:540} INFO - Filling up the DagBag from /opt/airflow/dags/dag_cria_emr.py
[2024-10-29T23:31:25.011+0000] {processor.py:840} INFO - DAG(s) 'etl_queimadas' retrieved from /opt/airflow/dags/dag_cria_emr.py
[2024-10-29T23:31:25.032+0000] {logging_mixin.py:188} INFO - [2024-10-29T23:31:25.032+0000] {dag.py:3047} INFO - Sync 1 DAGs
[2024-10-29T23:31:25.044+0000] {logging_mixin.py:188} INFO - [2024-10-29T23:31:25.043+0000] {dag.py:3834} INFO - Setting next_dagrun for etl_queimadas to None, run_after=None
[2024-10-29T23:31:25.060+0000] {processor.py:183} INFO - Processing /opt/airflow/dags/dag_cria_emr.py took 0.065 seconds
[2024-10-29T23:31:55.750+0000] {processor.py:161} INFO - Started process (PID=17128) to work on /opt/airflow/dags/dag_cria_emr.py
[2024-10-29T23:31:55.751+0000] {processor.py:830} INFO - Processing file /opt/airflow/dags/dag_cria_emr.py for tasks to queue
[2024-10-29T23:31:55.753+0000] {logging_mixin.py:188} INFO - [2024-10-29T23:31:55.752+0000] {dagbag.py:540} INFO - Filling up the DagBag from /opt/airflow/dags/dag_cria_emr.py
[2024-10-29T23:31:55.758+0000] {processor.py:840} INFO - DAG(s) 'etl_queimadas' retrieved from /opt/airflow/dags/dag_cria_emr.py
[2024-10-29T23:31:55.777+0000] {logging_mixin.py:188} INFO - [2024-10-29T23:31:55.776+0000] {dag.py:3047} INFO - Sync 1 DAGs
[2024-10-29T23:31:55.788+0000] {logging_mixin.py:188} INFO - [2024-10-29T23:31:55.787+0000] {dag.py:3834} INFO - Setting next_dagrun for etl_queimadas to None, run_after=None
[2024-10-29T23:31:55.802+0000] {processor.py:183} INFO - Processing /opt/airflow/dags/dag_cria_emr.py took 0.054 seconds
[2024-10-29T23:32:26.343+0000] {processor.py:161} INFO - Started process (PID=17183) to work on /opt/airflow/dags/dag_cria_emr.py
[2024-10-29T23:32:26.345+0000] {processor.py:830} INFO - Processing file /opt/airflow/dags/dag_cria_emr.py for tasks to queue
[2024-10-29T23:32:26.347+0000] {logging_mixin.py:188} INFO - [2024-10-29T23:32:26.346+0000] {dagbag.py:540} INFO - Filling up the DagBag from /opt/airflow/dags/dag_cria_emr.py
[2024-10-29T23:32:26.357+0000] {processor.py:840} INFO - DAG(s) 'etl_queimadas' retrieved from /opt/airflow/dags/dag_cria_emr.py
[2024-10-29T23:32:26.385+0000] {logging_mixin.py:188} INFO - [2024-10-29T23:32:26.385+0000] {dag.py:3047} INFO - Sync 1 DAGs
[2024-10-29T23:32:26.402+0000] {logging_mixin.py:188} INFO - [2024-10-29T23:32:26.402+0000] {dag.py:3834} INFO - Setting next_dagrun for etl_queimadas to None, run_after=None
[2024-10-29T23:32:26.428+0000] {processor.py:183} INFO - Processing /opt/airflow/dags/dag_cria_emr.py took 0.088 seconds
[2024-10-29T23:32:56.846+0000] {processor.py:161} INFO - Started process (PID=17239) to work on /opt/airflow/dags/dag_cria_emr.py
[2024-10-29T23:32:56.847+0000] {processor.py:830} INFO - Processing file /opt/airflow/dags/dag_cria_emr.py for tasks to queue
[2024-10-29T23:32:56.849+0000] {logging_mixin.py:188} INFO - [2024-10-29T23:32:56.849+0000] {dagbag.py:540} INFO - Filling up the DagBag from /opt/airflow/dags/dag_cria_emr.py
[2024-10-29T23:32:56.858+0000] {processor.py:840} INFO - DAG(s) 'etl_queimadas' retrieved from /opt/airflow/dags/dag_cria_emr.py
[2024-10-29T23:32:56.890+0000] {logging_mixin.py:188} INFO - [2024-10-29T23:32:56.890+0000] {dag.py:3047} INFO - Sync 1 DAGs
[2024-10-29T23:32:56.911+0000] {logging_mixin.py:188} INFO - [2024-10-29T23:32:56.911+0000] {dag.py:3834} INFO - Setting next_dagrun for etl_queimadas to None, run_after=None
[2024-10-29T23:32:56.944+0000] {processor.py:183} INFO - Processing /opt/airflow/dags/dag_cria_emr.py took 0.101 seconds
[2024-10-29T23:34:16.098+0000] {processor.py:161} INFO - Started process (PID=38) to work on /opt/airflow/dags/dag_cria_emr.py
[2024-10-29T23:34:16.098+0000] {processor.py:830} INFO - Processing file /opt/airflow/dags/dag_cria_emr.py for tasks to queue
[2024-10-29T23:34:16.100+0000] {logging_mixin.py:188} INFO - [2024-10-29T23:34:16.100+0000] {dagbag.py:540} INFO - Filling up the DagBag from /opt/airflow/dags/dag_cria_emr.py
[2024-10-29T23:34:16.117+0000] {processor.py:840} INFO - DAG(s) 'etl_queimadas' retrieved from /opt/airflow/dags/dag_cria_emr.py
[2024-10-29T23:34:16.400+0000] {logging_mixin.py:188} INFO - [2024-10-29T23:34:16.399+0000] {dag.py:3047} INFO - Sync 1 DAGs
[2024-10-29T23:34:16.412+0000] {logging_mixin.py:188} INFO - [2024-10-29T23:34:16.411+0000] {dag.py:3834} INFO - Setting next_dagrun for etl_queimadas to None, run_after=None
[2024-10-29T23:34:16.432+0000] {processor.py:183} INFO - Processing /opt/airflow/dags/dag_cria_emr.py took 0.337 seconds
[2024-10-29T23:34:46.917+0000] {processor.py:161} INFO - Started process (PID=94) to work on /opt/airflow/dags/dag_cria_emr.py
[2024-10-29T23:34:46.918+0000] {processor.py:830} INFO - Processing file /opt/airflow/dags/dag_cria_emr.py for tasks to queue
[2024-10-29T23:34:46.920+0000] {logging_mixin.py:188} INFO - [2024-10-29T23:34:46.920+0000] {dagbag.py:540} INFO - Filling up the DagBag from /opt/airflow/dags/dag_cria_emr.py
[2024-10-29T23:34:46.932+0000] {processor.py:840} INFO - DAG(s) 'etl_queimadas' retrieved from /opt/airflow/dags/dag_cria_emr.py
[2024-10-29T23:34:46.959+0000] {logging_mixin.py:188} INFO - [2024-10-29T23:34:46.959+0000] {dag.py:3047} INFO - Sync 1 DAGs
[2024-10-29T23:34:46.974+0000] {logging_mixin.py:188} INFO - [2024-10-29T23:34:46.974+0000] {dag.py:3834} INFO - Setting next_dagrun for etl_queimadas to None, run_after=None
[2024-10-29T23:34:46.996+0000] {processor.py:183} INFO - Processing /opt/airflow/dags/dag_cria_emr.py took 0.083 seconds
[2024-10-29T23:35:17.233+0000] {processor.py:161} INFO - Started process (PID=150) to work on /opt/airflow/dags/dag_cria_emr.py
[2024-10-29T23:35:17.239+0000] {processor.py:830} INFO - Processing file /opt/airflow/dags/dag_cria_emr.py for tasks to queue
[2024-10-29T23:35:17.241+0000] {logging_mixin.py:188} INFO - [2024-10-29T23:35:17.240+0000] {dagbag.py:540} INFO - Filling up the DagBag from /opt/airflow/dags/dag_cria_emr.py
[2024-10-29T23:35:17.247+0000] {processor.py:840} INFO - DAG(s) 'etl_queimadas' retrieved from /opt/airflow/dags/dag_cria_emr.py
[2024-10-29T23:35:17.267+0000] {logging_mixin.py:188} INFO - [2024-10-29T23:35:17.267+0000] {dag.py:3047} INFO - Sync 1 DAGs
[2024-10-29T23:35:17.279+0000] {logging_mixin.py:188} INFO - [2024-10-29T23:35:17.279+0000] {dag.py:3834} INFO - Setting next_dagrun for etl_queimadas to None, run_after=None
[2024-10-29T23:35:17.296+0000] {processor.py:183} INFO - Processing /opt/airflow/dags/dag_cria_emr.py took 0.066 seconds
[2024-10-29T23:35:47.355+0000] {processor.py:161} INFO - Started process (PID=206) to work on /opt/airflow/dags/dag_cria_emr.py
[2024-10-29T23:35:47.360+0000] {processor.py:830} INFO - Processing file /opt/airflow/dags/dag_cria_emr.py for tasks to queue
[2024-10-29T23:35:47.362+0000] {logging_mixin.py:188} INFO - [2024-10-29T23:35:47.362+0000] {dagbag.py:540} INFO - Filling up the DagBag from /opt/airflow/dags/dag_cria_emr.py
[2024-10-29T23:35:47.370+0000] {processor.py:840} INFO - DAG(s) 'etl_queimadas' retrieved from /opt/airflow/dags/dag_cria_emr.py
[2024-10-29T23:35:47.396+0000] {logging_mixin.py:188} INFO - [2024-10-29T23:35:47.396+0000] {dag.py:3047} INFO - Sync 1 DAGs
[2024-10-29T23:35:47.409+0000] {logging_mixin.py:188} INFO - [2024-10-29T23:35:47.409+0000] {dag.py:3834} INFO - Setting next_dagrun for etl_queimadas to None, run_after=None
[2024-10-29T23:35:47.426+0000] {processor.py:183} INFO - Processing /opt/airflow/dags/dag_cria_emr.py took 0.075 seconds
[2024-10-29T23:36:17.682+0000] {processor.py:161} INFO - Started process (PID=262) to work on /opt/airflow/dags/dag_cria_emr.py
[2024-10-29T23:36:17.688+0000] {processor.py:830} INFO - Processing file /opt/airflow/dags/dag_cria_emr.py for tasks to queue
[2024-10-29T23:36:17.690+0000] {logging_mixin.py:188} INFO - [2024-10-29T23:36:17.690+0000] {dagbag.py:540} INFO - Filling up the DagBag from /opt/airflow/dags/dag_cria_emr.py
[2024-10-29T23:36:17.700+0000] {processor.py:840} INFO - DAG(s) 'etl_queimadas' retrieved from /opt/airflow/dags/dag_cria_emr.py
[2024-10-29T23:36:17.729+0000] {logging_mixin.py:188} INFO - [2024-10-29T23:36:17.729+0000] {dag.py:3047} INFO - Sync 1 DAGs
[2024-10-29T23:36:17.746+0000] {logging_mixin.py:188} INFO - [2024-10-29T23:36:17.746+0000] {dag.py:3834} INFO - Setting next_dagrun for etl_queimadas to None, run_after=None
[2024-10-29T23:36:17.769+0000] {processor.py:183} INFO - Processing /opt/airflow/dags/dag_cria_emr.py took 0.091 seconds
[2024-10-29T23:36:48.268+0000] {processor.py:161} INFO - Started process (PID=318) to work on /opt/airflow/dags/dag_cria_emr.py
[2024-10-29T23:36:48.274+0000] {processor.py:830} INFO - Processing file /opt/airflow/dags/dag_cria_emr.py for tasks to queue
[2024-10-29T23:36:48.276+0000] {logging_mixin.py:188} INFO - [2024-10-29T23:36:48.275+0000] {dagbag.py:540} INFO - Filling up the DagBag from /opt/airflow/dags/dag_cria_emr.py
[2024-10-29T23:36:48.282+0000] {processor.py:840} INFO - DAG(s) 'etl_queimadas' retrieved from /opt/airflow/dags/dag_cria_emr.py
[2024-10-29T23:36:48.299+0000] {logging_mixin.py:188} INFO - [2024-10-29T23:36:48.298+0000] {dag.py:3047} INFO - Sync 1 DAGs
[2024-10-29T23:36:48.310+0000] {logging_mixin.py:188} INFO - [2024-10-29T23:36:48.309+0000] {dag.py:3834} INFO - Setting next_dagrun for etl_queimadas to None, run_after=None
[2024-10-29T23:36:48.324+0000] {processor.py:183} INFO - Processing /opt/airflow/dags/dag_cria_emr.py took 0.058 seconds
[2024-10-29T23:37:18.528+0000] {processor.py:161} INFO - Started process (PID=374) to work on /opt/airflow/dags/dag_cria_emr.py
[2024-10-29T23:37:18.529+0000] {processor.py:830} INFO - Processing file /opt/airflow/dags/dag_cria_emr.py for tasks to queue
[2024-10-29T23:37:18.531+0000] {logging_mixin.py:188} INFO - [2024-10-29T23:37:18.530+0000] {dagbag.py:540} INFO - Filling up the DagBag from /opt/airflow/dags/dag_cria_emr.py
[2024-10-29T23:37:18.537+0000] {processor.py:840} INFO - DAG(s) 'etl_queimadas' retrieved from /opt/airflow/dags/dag_cria_emr.py
[2024-10-29T23:37:18.558+0000] {logging_mixin.py:188} INFO - [2024-10-29T23:37:18.558+0000] {dag.py:3047} INFO - Sync 1 DAGs
[2024-10-29T23:37:18.571+0000] {logging_mixin.py:188} INFO - [2024-10-29T23:37:18.571+0000] {dag.py:3834} INFO - Setting next_dagrun for etl_queimadas to None, run_after=None
[2024-10-29T23:37:18.591+0000] {processor.py:183} INFO - Processing /opt/airflow/dags/dag_cria_emr.py took 0.066 seconds
[2024-10-29T23:37:49.190+0000] {processor.py:161} INFO - Started process (PID=430) to work on /opt/airflow/dags/dag_cria_emr.py
[2024-10-29T23:37:49.191+0000] {processor.py:830} INFO - Processing file /opt/airflow/dags/dag_cria_emr.py for tasks to queue
[2024-10-29T23:37:49.192+0000] {logging_mixin.py:188} INFO - [2024-10-29T23:37:49.192+0000] {dagbag.py:540} INFO - Filling up the DagBag from /opt/airflow/dags/dag_cria_emr.py
[2024-10-29T23:37:49.202+0000] {processor.py:840} INFO - DAG(s) 'etl_queimadas' retrieved from /opt/airflow/dags/dag_cria_emr.py
[2024-10-29T23:37:49.236+0000] {logging_mixin.py:188} INFO - [2024-10-29T23:37:49.235+0000] {dag.py:3047} INFO - Sync 1 DAGs
[2024-10-29T23:37:49.259+0000] {logging_mixin.py:188} INFO - [2024-10-29T23:37:49.258+0000] {dag.py:3834} INFO - Setting next_dagrun for etl_queimadas to None, run_after=None
[2024-10-29T23:37:49.293+0000] {processor.py:183} INFO - Processing /opt/airflow/dags/dag_cria_emr.py took 0.106 seconds
[2024-10-29T23:38:19.652+0000] {processor.py:161} INFO - Started process (PID=486) to work on /opt/airflow/dags/dag_cria_emr.py
[2024-10-29T23:38:19.658+0000] {processor.py:830} INFO - Processing file /opt/airflow/dags/dag_cria_emr.py for tasks to queue
[2024-10-29T23:38:19.660+0000] {logging_mixin.py:188} INFO - [2024-10-29T23:38:19.660+0000] {dagbag.py:540} INFO - Filling up the DagBag from /opt/airflow/dags/dag_cria_emr.py
[2024-10-29T23:38:19.666+0000] {processor.py:840} INFO - DAG(s) 'etl_queimadas' retrieved from /opt/airflow/dags/dag_cria_emr.py
[2024-10-29T23:38:19.688+0000] {logging_mixin.py:188} INFO - [2024-10-29T23:38:19.688+0000] {dag.py:3047} INFO - Sync 1 DAGs
[2024-10-29T23:38:19.705+0000] {logging_mixin.py:188} INFO - [2024-10-29T23:38:19.704+0000] {dag.py:3834} INFO - Setting next_dagrun for etl_queimadas to None, run_after=None
[2024-10-29T23:38:19.730+0000] {processor.py:183} INFO - Processing /opt/airflow/dags/dag_cria_emr.py took 0.081 seconds
[2024-10-29T23:38:49.997+0000] {processor.py:161} INFO - Started process (PID=542) to work on /opt/airflow/dags/dag_cria_emr.py
[2024-10-29T23:38:49.998+0000] {processor.py:830} INFO - Processing file /opt/airflow/dags/dag_cria_emr.py for tasks to queue
[2024-10-29T23:38:50.000+0000] {logging_mixin.py:188} INFO - [2024-10-29T23:38:50.000+0000] {dagbag.py:540} INFO - Filling up the DagBag from /opt/airflow/dags/dag_cria_emr.py
[2024-10-29T23:38:50.009+0000] {processor.py:840} INFO - DAG(s) 'etl_queimadas' retrieved from /opt/airflow/dags/dag_cria_emr.py
[2024-10-29T23:38:50.036+0000] {logging_mixin.py:188} INFO - [2024-10-29T23:38:50.035+0000] {dag.py:3047} INFO - Sync 1 DAGs
[2024-10-29T23:38:50.056+0000] {logging_mixin.py:188} INFO - [2024-10-29T23:38:50.055+0000] {dag.py:3834} INFO - Setting next_dagrun for etl_queimadas to None, run_after=None
[2024-10-29T23:38:50.085+0000] {processor.py:183} INFO - Processing /opt/airflow/dags/dag_cria_emr.py took 0.091 seconds
[2024-10-29T23:39:20.421+0000] {processor.py:161} INFO - Started process (PID=598) to work on /opt/airflow/dags/dag_cria_emr.py
[2024-10-29T23:39:20.426+0000] {processor.py:830} INFO - Processing file /opt/airflow/dags/dag_cria_emr.py for tasks to queue
[2024-10-29T23:39:20.428+0000] {logging_mixin.py:188} INFO - [2024-10-29T23:39:20.428+0000] {dagbag.py:540} INFO - Filling up the DagBag from /opt/airflow/dags/dag_cria_emr.py
[2024-10-29T23:39:20.435+0000] {processor.py:840} INFO - DAG(s) 'etl_queimadas' retrieved from /opt/airflow/dags/dag_cria_emr.py
[2024-10-29T23:39:20.455+0000] {logging_mixin.py:188} INFO - [2024-10-29T23:39:20.455+0000] {dag.py:3047} INFO - Sync 1 DAGs
[2024-10-29T23:39:20.468+0000] {logging_mixin.py:188} INFO - [2024-10-29T23:39:20.467+0000] {dag.py:3834} INFO - Setting next_dagrun for etl_queimadas to None, run_after=None
[2024-10-29T23:39:20.485+0000] {processor.py:183} INFO - Processing /opt/airflow/dags/dag_cria_emr.py took 0.067 seconds
[2024-10-29T23:39:50.680+0000] {processor.py:161} INFO - Started process (PID=654) to work on /opt/airflow/dags/dag_cria_emr.py
[2024-10-29T23:39:50.687+0000] {processor.py:830} INFO - Processing file /opt/airflow/dags/dag_cria_emr.py for tasks to queue
[2024-10-29T23:39:50.692+0000] {logging_mixin.py:188} INFO - [2024-10-29T23:39:50.691+0000] {dagbag.py:540} INFO - Filling up the DagBag from /opt/airflow/dags/dag_cria_emr.py
[2024-10-29T23:39:50.710+0000] {processor.py:840} INFO - DAG(s) 'etl_queimadas' retrieved from /opt/airflow/dags/dag_cria_emr.py
[2024-10-29T23:39:50.774+0000] {logging_mixin.py:188} INFO - [2024-10-29T23:39:50.773+0000] {dag.py:3047} INFO - Sync 1 DAGs
[2024-10-29T23:39:50.814+0000] {logging_mixin.py:188} INFO - [2024-10-29T23:39:50.813+0000] {dag.py:3834} INFO - Setting next_dagrun for etl_queimadas to None, run_after=None
[2024-10-29T23:39:50.881+0000] {processor.py:183} INFO - Processing /opt/airflow/dags/dag_cria_emr.py took 0.209 seconds
[2024-10-29T23:40:21.416+0000] {processor.py:161} INFO - Started process (PID=710) to work on /opt/airflow/dags/dag_cria_emr.py
[2024-10-29T23:40:21.417+0000] {processor.py:830} INFO - Processing file /opt/airflow/dags/dag_cria_emr.py for tasks to queue
[2024-10-29T23:40:21.420+0000] {logging_mixin.py:188} INFO - [2024-10-29T23:40:21.420+0000] {dagbag.py:540} INFO - Filling up the DagBag from /opt/airflow/dags/dag_cria_emr.py
[2024-10-29T23:40:21.430+0000] {processor.py:840} INFO - DAG(s) 'etl_queimadas' retrieved from /opt/airflow/dags/dag_cria_emr.py
[2024-10-29T23:40:21.456+0000] {logging_mixin.py:188} INFO - [2024-10-29T23:40:21.455+0000] {dag.py:3047} INFO - Sync 1 DAGs
[2024-10-29T23:40:21.472+0000] {logging_mixin.py:188} INFO - [2024-10-29T23:40:21.472+0000] {dag.py:3834} INFO - Setting next_dagrun for etl_queimadas to None, run_after=None
[2024-10-29T23:40:21.495+0000] {processor.py:183} INFO - Processing /opt/airflow/dags/dag_cria_emr.py took 0.083 seconds
[2024-10-29T23:40:51.997+0000] {processor.py:161} INFO - Started process (PID=765) to work on /opt/airflow/dags/dag_cria_emr.py
[2024-10-29T23:40:52.004+0000] {processor.py:830} INFO - Processing file /opt/airflow/dags/dag_cria_emr.py for tasks to queue
[2024-10-29T23:40:52.006+0000] {logging_mixin.py:188} INFO - [2024-10-29T23:40:52.006+0000] {dagbag.py:540} INFO - Filling up the DagBag from /opt/airflow/dags/dag_cria_emr.py
[2024-10-29T23:40:52.013+0000] {processor.py:840} INFO - DAG(s) 'etl_queimadas' retrieved from /opt/airflow/dags/dag_cria_emr.py
[2024-10-29T23:40:52.042+0000] {logging_mixin.py:188} INFO - [2024-10-29T23:40:52.041+0000] {dag.py:3047} INFO - Sync 1 DAGs
[2024-10-29T23:40:52.064+0000] {logging_mixin.py:188} INFO - [2024-10-29T23:40:52.063+0000] {dag.py:3834} INFO - Setting next_dagrun for etl_queimadas to None, run_after=None
[2024-10-29T23:40:52.090+0000] {processor.py:183} INFO - Processing /opt/airflow/dags/dag_cria_emr.py took 0.096 seconds
[2024-10-29T23:41:22.514+0000] {processor.py:161} INFO - Started process (PID=821) to work on /opt/airflow/dags/dag_cria_emr.py
[2024-10-29T23:41:22.515+0000] {processor.py:830} INFO - Processing file /opt/airflow/dags/dag_cria_emr.py for tasks to queue
[2024-10-29T23:41:22.518+0000] {logging_mixin.py:188} INFO - [2024-10-29T23:41:22.517+0000] {dagbag.py:540} INFO - Filling up the DagBag from /opt/airflow/dags/dag_cria_emr.py
[2024-10-29T23:41:22.529+0000] {processor.py:840} INFO - DAG(s) 'etl_queimadas' retrieved from /opt/airflow/dags/dag_cria_emr.py
[2024-10-29T23:41:22.562+0000] {logging_mixin.py:188} INFO - [2024-10-29T23:41:22.562+0000] {dag.py:3047} INFO - Sync 1 DAGs
[2024-10-29T23:41:22.581+0000] {logging_mixin.py:188} INFO - [2024-10-29T23:41:22.580+0000] {dag.py:3834} INFO - Setting next_dagrun for etl_queimadas to None, run_after=None
[2024-10-29T23:41:22.602+0000] {processor.py:183} INFO - Processing /opt/airflow/dags/dag_cria_emr.py took 0.094 seconds
[2024-10-29T23:41:52.827+0000] {processor.py:161} INFO - Started process (PID=877) to work on /opt/airflow/dags/dag_cria_emr.py
[2024-10-29T23:41:52.828+0000] {processor.py:830} INFO - Processing file /opt/airflow/dags/dag_cria_emr.py for tasks to queue
[2024-10-29T23:41:52.830+0000] {logging_mixin.py:188} INFO - [2024-10-29T23:41:52.829+0000] {dagbag.py:540} INFO - Filling up the DagBag from /opt/airflow/dags/dag_cria_emr.py
[2024-10-29T23:41:52.837+0000] {processor.py:840} INFO - DAG(s) 'etl_queimadas' retrieved from /opt/airflow/dags/dag_cria_emr.py
[2024-10-29T23:41:52.858+0000] {logging_mixin.py:188} INFO - [2024-10-29T23:41:52.858+0000] {dag.py:3047} INFO - Sync 1 DAGs
[2024-10-29T23:41:52.871+0000] {logging_mixin.py:188} INFO - [2024-10-29T23:41:52.871+0000] {dag.py:3834} INFO - Setting next_dagrun for etl_queimadas to None, run_after=None
[2024-10-29T23:41:52.890+0000] {processor.py:183} INFO - Processing /opt/airflow/dags/dag_cria_emr.py took 0.065 seconds
[2024-10-29T23:42:23.275+0000] {processor.py:161} INFO - Started process (PID=933) to work on /opt/airflow/dags/dag_cria_emr.py
[2024-10-29T23:42:23.276+0000] {processor.py:830} INFO - Processing file /opt/airflow/dags/dag_cria_emr.py for tasks to queue
[2024-10-29T23:42:23.278+0000] {logging_mixin.py:188} INFO - [2024-10-29T23:42:23.277+0000] {dagbag.py:540} INFO - Filling up the DagBag from /opt/airflow/dags/dag_cria_emr.py
[2024-10-29T23:42:23.284+0000] {processor.py:840} INFO - DAG(s) 'etl_queimadas' retrieved from /opt/airflow/dags/dag_cria_emr.py
[2024-10-29T23:42:23.305+0000] {logging_mixin.py:188} INFO - [2024-10-29T23:42:23.305+0000] {dag.py:3047} INFO - Sync 1 DAGs
[2024-10-29T23:42:23.317+0000] {logging_mixin.py:188} INFO - [2024-10-29T23:42:23.317+0000] {dag.py:3834} INFO - Setting next_dagrun for etl_queimadas to None, run_after=None
[2024-10-29T23:42:23.332+0000] {processor.py:183} INFO - Processing /opt/airflow/dags/dag_cria_emr.py took 0.060 seconds
[2024-10-29T23:42:53.719+0000] {processor.py:161} INFO - Started process (PID=989) to work on /opt/airflow/dags/dag_cria_emr.py
[2024-10-29T23:42:53.725+0000] {processor.py:830} INFO - Processing file /opt/airflow/dags/dag_cria_emr.py for tasks to queue
[2024-10-29T23:42:53.726+0000] {logging_mixin.py:188} INFO - [2024-10-29T23:42:53.726+0000] {dagbag.py:540} INFO - Filling up the DagBag from /opt/airflow/dags/dag_cria_emr.py
[2024-10-29T23:42:53.732+0000] {processor.py:840} INFO - DAG(s) 'etl_queimadas' retrieved from /opt/airflow/dags/dag_cria_emr.py
[2024-10-29T23:42:53.750+0000] {logging_mixin.py:188} INFO - [2024-10-29T23:42:53.750+0000] {dag.py:3047} INFO - Sync 1 DAGs
[2024-10-29T23:42:53.761+0000] {logging_mixin.py:188} INFO - [2024-10-29T23:42:53.761+0000] {dag.py:3834} INFO - Setting next_dagrun for etl_queimadas to None, run_after=None
[2024-10-29T23:42:53.776+0000] {processor.py:183} INFO - Processing /opt/airflow/dags/dag_cria_emr.py took 0.059 seconds
[2024-10-29T23:43:23.869+0000] {processor.py:161} INFO - Started process (PID=1045) to work on /opt/airflow/dags/dag_cria_emr.py
[2024-10-29T23:43:23.876+0000] {processor.py:830} INFO - Processing file /opt/airflow/dags/dag_cria_emr.py for tasks to queue
[2024-10-29T23:43:23.880+0000] {logging_mixin.py:188} INFO - [2024-10-29T23:43:23.880+0000] {dagbag.py:540} INFO - Filling up the DagBag from /opt/airflow/dags/dag_cria_emr.py
[2024-10-29T23:43:23.898+0000] {processor.py:840} INFO - DAG(s) 'etl_queimadas' retrieved from /opt/airflow/dags/dag_cria_emr.py
[2024-10-29T23:43:23.971+0000] {logging_mixin.py:188} INFO - [2024-10-29T23:43:23.970+0000] {dag.py:3047} INFO - Sync 1 DAGs
[2024-10-29T23:43:24.011+0000] {logging_mixin.py:188} INFO - [2024-10-29T23:43:24.010+0000] {dag.py:3834} INFO - Setting next_dagrun for etl_queimadas to None, run_after=None
[2024-10-29T23:43:24.046+0000] {processor.py:183} INFO - Processing /opt/airflow/dags/dag_cria_emr.py took 0.184 seconds
[2024-10-29T23:43:54.253+0000] {processor.py:161} INFO - Started process (PID=1101) to work on /opt/airflow/dags/dag_cria_emr.py
[2024-10-29T23:43:54.259+0000] {processor.py:830} INFO - Processing file /opt/airflow/dags/dag_cria_emr.py for tasks to queue
[2024-10-29T23:43:54.262+0000] {logging_mixin.py:188} INFO - [2024-10-29T23:43:54.261+0000] {dagbag.py:540} INFO - Filling up the DagBag from /opt/airflow/dags/dag_cria_emr.py
[2024-10-29T23:43:54.272+0000] {processor.py:840} INFO - DAG(s) 'etl_queimadas' retrieved from /opt/airflow/dags/dag_cria_emr.py
[2024-10-29T23:43:54.305+0000] {logging_mixin.py:188} INFO - [2024-10-29T23:43:54.305+0000] {dag.py:3047} INFO - Sync 1 DAGs
[2024-10-29T23:43:54.326+0000] {logging_mixin.py:188} INFO - [2024-10-29T23:43:54.326+0000] {dag.py:3834} INFO - Setting next_dagrun for etl_queimadas to None, run_after=None
[2024-10-29T23:43:54.356+0000] {processor.py:183} INFO - Processing /opt/airflow/dags/dag_cria_emr.py took 0.107 seconds
[2024-10-29T23:44:24.505+0000] {processor.py:161} INFO - Started process (PID=1157) to work on /opt/airflow/dags/dag_cria_emr.py
[2024-10-29T23:44:24.510+0000] {processor.py:830} INFO - Processing file /opt/airflow/dags/dag_cria_emr.py for tasks to queue
[2024-10-29T23:44:24.512+0000] {logging_mixin.py:188} INFO - [2024-10-29T23:44:24.512+0000] {dagbag.py:540} INFO - Filling up the DagBag from /opt/airflow/dags/dag_cria_emr.py
[2024-10-29T23:44:24.519+0000] {processor.py:840} INFO - DAG(s) 'etl_queimadas' retrieved from /opt/airflow/dags/dag_cria_emr.py
[2024-10-29T23:44:24.539+0000] {logging_mixin.py:188} INFO - [2024-10-29T23:44:24.539+0000] {dag.py:3047} INFO - Sync 1 DAGs
[2024-10-29T23:44:24.552+0000] {logging_mixin.py:188} INFO - [2024-10-29T23:44:24.552+0000] {dag.py:3834} INFO - Setting next_dagrun for etl_queimadas to None, run_after=None
[2024-10-29T23:44:24.570+0000] {processor.py:183} INFO - Processing /opt/airflow/dags/dag_cria_emr.py took 0.068 seconds
[2024-10-29T23:44:54.647+0000] {processor.py:161} INFO - Started process (PID=1213) to work on /opt/airflow/dags/dag_cria_emr.py
[2024-10-29T23:44:54.653+0000] {processor.py:830} INFO - Processing file /opt/airflow/dags/dag_cria_emr.py for tasks to queue
[2024-10-29T23:44:54.656+0000] {logging_mixin.py:188} INFO - [2024-10-29T23:44:54.655+0000] {dagbag.py:540} INFO - Filling up the DagBag from /opt/airflow/dags/dag_cria_emr.py
[2024-10-29T23:44:54.665+0000] {processor.py:840} INFO - DAG(s) 'etl_queimadas' retrieved from /opt/airflow/dags/dag_cria_emr.py
[2024-10-29T23:44:54.696+0000] {logging_mixin.py:188} INFO - [2024-10-29T23:44:54.695+0000] {dag.py:3047} INFO - Sync 1 DAGs
[2024-10-29T23:44:54.713+0000] {logging_mixin.py:188} INFO - [2024-10-29T23:44:54.713+0000] {dag.py:3834} INFO - Setting next_dagrun for etl_queimadas to None, run_after=None
[2024-10-29T23:44:54.735+0000] {processor.py:183} INFO - Processing /opt/airflow/dags/dag_cria_emr.py took 0.092 seconds
[2024-10-29T23:45:25.018+0000] {processor.py:161} INFO - Started process (PID=1269) to work on /opt/airflow/dags/dag_cria_emr.py
[2024-10-29T23:45:25.019+0000] {processor.py:830} INFO - Processing file /opt/airflow/dags/dag_cria_emr.py for tasks to queue
[2024-10-29T23:45:25.021+0000] {logging_mixin.py:188} INFO - [2024-10-29T23:45:25.021+0000] {dagbag.py:540} INFO - Filling up the DagBag from /opt/airflow/dags/dag_cria_emr.py
[2024-10-29T23:45:25.031+0000] {processor.py:840} INFO - DAG(s) 'etl_queimadas' retrieved from /opt/airflow/dags/dag_cria_emr.py
[2024-10-29T23:45:25.054+0000] {logging_mixin.py:188} INFO - [2024-10-29T23:45:25.054+0000] {dag.py:3047} INFO - Sync 1 DAGs
[2024-10-29T23:45:25.072+0000] {logging_mixin.py:188} INFO - [2024-10-29T23:45:25.071+0000] {dag.py:3834} INFO - Setting next_dagrun for etl_queimadas to None, run_after=None
[2024-10-29T23:45:25.098+0000] {processor.py:183} INFO - Processing /opt/airflow/dags/dag_cria_emr.py took 0.083 seconds
[2024-10-29T23:45:55.541+0000] {processor.py:161} INFO - Started process (PID=1325) to work on /opt/airflow/dags/dag_cria_emr.py
[2024-10-29T23:45:55.542+0000] {processor.py:830} INFO - Processing file /opt/airflow/dags/dag_cria_emr.py for tasks to queue
[2024-10-29T23:45:55.544+0000] {logging_mixin.py:188} INFO - [2024-10-29T23:45:55.543+0000] {dagbag.py:540} INFO - Filling up the DagBag from /opt/airflow/dags/dag_cria_emr.py
[2024-10-29T23:45:55.549+0000] {processor.py:840} INFO - DAG(s) 'etl_queimadas' retrieved from /opt/airflow/dags/dag_cria_emr.py
[2024-10-29T23:45:55.568+0000] {logging_mixin.py:188} INFO - [2024-10-29T23:45:55.568+0000] {dag.py:3047} INFO - Sync 1 DAGs
[2024-10-29T23:45:55.580+0000] {logging_mixin.py:188} INFO - [2024-10-29T23:45:55.579+0000] {dag.py:3834} INFO - Setting next_dagrun for etl_queimadas to None, run_after=None
[2024-10-29T23:45:55.596+0000] {processor.py:183} INFO - Processing /opt/airflow/dags/dag_cria_emr.py took 0.058 seconds
[2024-10-29T23:46:25.729+0000] {processor.py:161} INFO - Started process (PID=1381) to work on /opt/airflow/dags/dag_cria_emr.py
[2024-10-29T23:46:25.730+0000] {processor.py:830} INFO - Processing file /opt/airflow/dags/dag_cria_emr.py for tasks to queue
[2024-10-29T23:46:25.733+0000] {logging_mixin.py:188} INFO - [2024-10-29T23:46:25.733+0000] {dagbag.py:540} INFO - Filling up the DagBag from /opt/airflow/dags/dag_cria_emr.py
[2024-10-29T23:46:25.743+0000] {processor.py:840} INFO - DAG(s) 'etl_queimadas' retrieved from /opt/airflow/dags/dag_cria_emr.py
[2024-10-29T23:46:25.766+0000] {logging_mixin.py:188} INFO - [2024-10-29T23:46:25.766+0000] {dag.py:3047} INFO - Sync 1 DAGs
[2024-10-29T23:46:25.780+0000] {logging_mixin.py:188} INFO - [2024-10-29T23:46:25.780+0000] {dag.py:3834} INFO - Setting next_dagrun for etl_queimadas to None, run_after=None
[2024-10-29T23:46:25.840+0000] {processor.py:183} INFO - Processing /opt/airflow/dags/dag_cria_emr.py took 0.117 seconds
[2024-10-29T23:46:55.922+0000] {processor.py:161} INFO - Started process (PID=1437) to work on /opt/airflow/dags/dag_cria_emr.py
[2024-10-29T23:46:55.923+0000] {processor.py:830} INFO - Processing file /opt/airflow/dags/dag_cria_emr.py for tasks to queue
[2024-10-29T23:46:55.925+0000] {logging_mixin.py:188} INFO - [2024-10-29T23:46:55.924+0000] {dagbag.py:540} INFO - Filling up the DagBag from /opt/airflow/dags/dag_cria_emr.py
[2024-10-29T23:46:55.931+0000] {processor.py:840} INFO - DAG(s) 'etl_queimadas' retrieved from /opt/airflow/dags/dag_cria_emr.py
[2024-10-29T23:46:55.952+0000] {logging_mixin.py:188} INFO - [2024-10-29T23:46:55.952+0000] {dag.py:3047} INFO - Sync 1 DAGs
[2024-10-29T23:46:55.971+0000] {logging_mixin.py:188} INFO - [2024-10-29T23:46:55.971+0000] {dag.py:3834} INFO - Setting next_dagrun for etl_queimadas to None, run_after=None
[2024-10-29T23:46:55.995+0000] {processor.py:183} INFO - Processing /opt/airflow/dags/dag_cria_emr.py took 0.075 seconds
[2024-10-29T23:47:26.119+0000] {processor.py:161} INFO - Started process (PID=1493) to work on /opt/airflow/dags/dag_cria_emr.py
[2024-10-29T23:47:26.125+0000] {processor.py:830} INFO - Processing file /opt/airflow/dags/dag_cria_emr.py for tasks to queue
[2024-10-29T23:47:26.127+0000] {logging_mixin.py:188} INFO - [2024-10-29T23:47:26.127+0000] {dagbag.py:540} INFO - Filling up the DagBag from /opt/airflow/dags/dag_cria_emr.py
[2024-10-29T23:47:26.133+0000] {processor.py:840} INFO - DAG(s) 'etl_queimadas' retrieved from /opt/airflow/dags/dag_cria_emr.py
[2024-10-29T23:47:26.151+0000] {logging_mixin.py:188} INFO - [2024-10-29T23:47:26.151+0000] {dag.py:3047} INFO - Sync 1 DAGs
[2024-10-29T23:47:26.162+0000] {logging_mixin.py:188} INFO - [2024-10-29T23:47:26.162+0000] {dag.py:3834} INFO - Setting next_dagrun for etl_queimadas to None, run_after=None
[2024-10-29T23:47:26.178+0000] {processor.py:183} INFO - Processing /opt/airflow/dags/dag_cria_emr.py took 0.063 seconds
[2024-10-29T23:47:56.220+0000] {processor.py:161} INFO - Started process (PID=1549) to work on /opt/airflow/dags/dag_cria_emr.py
[2024-10-29T23:47:56.227+0000] {processor.py:830} INFO - Processing file /opt/airflow/dags/dag_cria_emr.py for tasks to queue
[2024-10-29T23:47:56.232+0000] {logging_mixin.py:188} INFO - [2024-10-29T23:47:56.232+0000] {dagbag.py:540} INFO - Filling up the DagBag from /opt/airflow/dags/dag_cria_emr.py
[2024-10-29T23:47:56.251+0000] {processor.py:840} INFO - DAG(s) 'etl_queimadas' retrieved from /opt/airflow/dags/dag_cria_emr.py
[2024-10-29T23:47:56.315+0000] {logging_mixin.py:188} INFO - [2024-10-29T23:47:56.314+0000] {dag.py:3047} INFO - Sync 1 DAGs
[2024-10-29T23:47:56.362+0000] {logging_mixin.py:188} INFO - [2024-10-29T23:47:56.361+0000] {dag.py:3834} INFO - Setting next_dagrun for etl_queimadas to None, run_after=None
[2024-10-29T23:47:56.406+0000] {processor.py:183} INFO - Processing /opt/airflow/dags/dag_cria_emr.py took 0.195 seconds
[2024-10-29T23:48:26.529+0000] {processor.py:161} INFO - Started process (PID=1605) to work on /opt/airflow/dags/dag_cria_emr.py
[2024-10-29T23:48:26.536+0000] {processor.py:830} INFO - Processing file /opt/airflow/dags/dag_cria_emr.py for tasks to queue
[2024-10-29T23:48:26.540+0000] {logging_mixin.py:188} INFO - [2024-10-29T23:48:26.539+0000] {dagbag.py:540} INFO - Filling up the DagBag from /opt/airflow/dags/dag_cria_emr.py
[2024-10-29T23:48:26.558+0000] {processor.py:840} INFO - DAG(s) 'etl_queimadas' retrieved from /opt/airflow/dags/dag_cria_emr.py
[2024-10-29T23:48:26.620+0000] {logging_mixin.py:188} INFO - [2024-10-29T23:48:26.620+0000] {dag.py:3047} INFO - Sync 1 DAGs
[2024-10-29T23:48:26.658+0000] {logging_mixin.py:188} INFO - [2024-10-29T23:48:26.657+0000] {dag.py:3834} INFO - Setting next_dagrun for etl_queimadas to None, run_after=None
[2024-10-29T23:48:26.712+0000] {processor.py:183} INFO - Processing /opt/airflow/dags/dag_cria_emr.py took 0.192 seconds
[2024-10-29T23:48:56.916+0000] {processor.py:161} INFO - Started process (PID=1661) to work on /opt/airflow/dags/dag_cria_emr.py
[2024-10-29T23:48:56.921+0000] {processor.py:830} INFO - Processing file /opt/airflow/dags/dag_cria_emr.py for tasks to queue
[2024-10-29T23:48:56.923+0000] {logging_mixin.py:188} INFO - [2024-10-29T23:48:56.923+0000] {dagbag.py:540} INFO - Filling up the DagBag from /opt/airflow/dags/dag_cria_emr.py
[2024-10-29T23:48:56.929+0000] {processor.py:840} INFO - DAG(s) 'etl_queimadas' retrieved from /opt/airflow/dags/dag_cria_emr.py
[2024-10-29T23:48:56.948+0000] {logging_mixin.py:188} INFO - [2024-10-29T23:48:56.948+0000] {dag.py:3047} INFO - Sync 1 DAGs
[2024-10-29T23:48:56.961+0000] {logging_mixin.py:188} INFO - [2024-10-29T23:48:56.961+0000] {dag.py:3834} INFO - Setting next_dagrun for etl_queimadas to None, run_after=None
[2024-10-29T23:48:56.978+0000] {processor.py:183} INFO - Processing /opt/airflow/dags/dag_cria_emr.py took 0.064 seconds
[2024-10-29T23:49:27.156+0000] {processor.py:161} INFO - Started process (PID=1717) to work on /opt/airflow/dags/dag_cria_emr.py
[2024-10-29T23:49:27.157+0000] {processor.py:830} INFO - Processing file /opt/airflow/dags/dag_cria_emr.py for tasks to queue
[2024-10-29T23:49:27.161+0000] {logging_mixin.py:188} INFO - [2024-10-29T23:49:27.160+0000] {dagbag.py:540} INFO - Filling up the DagBag from /opt/airflow/dags/dag_cria_emr.py
[2024-10-29T23:49:27.173+0000] {processor.py:840} INFO - DAG(s) 'etl_queimadas' retrieved from /opt/airflow/dags/dag_cria_emr.py
[2024-10-29T23:49:27.205+0000] {logging_mixin.py:188} INFO - [2024-10-29T23:49:27.204+0000] {dag.py:3047} INFO - Sync 1 DAGs
[2024-10-29T23:49:27.223+0000] {logging_mixin.py:188} INFO - [2024-10-29T23:49:27.222+0000] {dag.py:3834} INFO - Setting next_dagrun for etl_queimadas to None, run_after=None
[2024-10-29T23:49:27.253+0000] {processor.py:183} INFO - Processing /opt/airflow/dags/dag_cria_emr.py took 0.102 seconds
[2024-10-29T23:49:57.401+0000] {processor.py:161} INFO - Started process (PID=1773) to work on /opt/airflow/dags/dag_cria_emr.py
[2024-10-29T23:49:57.406+0000] {processor.py:830} INFO - Processing file /opt/airflow/dags/dag_cria_emr.py for tasks to queue
[2024-10-29T23:49:57.408+0000] {logging_mixin.py:188} INFO - [2024-10-29T23:49:57.408+0000] {dagbag.py:540} INFO - Filling up the DagBag from /opt/airflow/dags/dag_cria_emr.py
[2024-10-29T23:49:57.414+0000] {processor.py:840} INFO - DAG(s) 'etl_queimadas' retrieved from /opt/airflow/dags/dag_cria_emr.py
[2024-10-29T23:49:57.435+0000] {logging_mixin.py:188} INFO - [2024-10-29T23:49:57.435+0000] {dag.py:3047} INFO - Sync 1 DAGs
[2024-10-29T23:49:57.447+0000] {logging_mixin.py:188} INFO - [2024-10-29T23:49:57.447+0000] {dag.py:3834} INFO - Setting next_dagrun for etl_queimadas to None, run_after=None
[2024-10-29T23:49:57.464+0000] {processor.py:183} INFO - Processing /opt/airflow/dags/dag_cria_emr.py took 0.066 seconds
[2024-10-29T23:50:27.632+0000] {processor.py:161} INFO - Started process (PID=1829) to work on /opt/airflow/dags/dag_cria_emr.py
[2024-10-29T23:50:27.633+0000] {processor.py:830} INFO - Processing file /opt/airflow/dags/dag_cria_emr.py for tasks to queue
[2024-10-29T23:50:27.635+0000] {logging_mixin.py:188} INFO - [2024-10-29T23:50:27.635+0000] {dagbag.py:540} INFO - Filling up the DagBag from /opt/airflow/dags/dag_cria_emr.py
[2024-10-29T23:50:27.653+0000] {processor.py:840} INFO - DAG(s) 'etl_queimadas' retrieved from /opt/airflow/dags/dag_cria_emr.py
[2024-10-29T23:50:27.697+0000] {logging_mixin.py:188} INFO - [2024-10-29T23:50:27.696+0000] {dag.py:3047} INFO - Sync 1 DAGs
[2024-10-29T23:50:27.721+0000] {logging_mixin.py:188} INFO - [2024-10-29T23:50:27.720+0000] {dag.py:3834} INFO - Setting next_dagrun for etl_queimadas to None, run_after=None
[2024-10-29T23:50:27.766+0000] {processor.py:183} INFO - Processing /opt/airflow/dags/dag_cria_emr.py took 0.140 seconds
[2024-10-29T23:50:57.884+0000] {processor.py:161} INFO - Started process (PID=1885) to work on /opt/airflow/dags/dag_cria_emr.py
[2024-10-29T23:50:57.889+0000] {processor.py:830} INFO - Processing file /opt/airflow/dags/dag_cria_emr.py for tasks to queue
[2024-10-29T23:50:57.891+0000] {logging_mixin.py:188} INFO - [2024-10-29T23:50:57.891+0000] {dagbag.py:540} INFO - Filling up the DagBag from /opt/airflow/dags/dag_cria_emr.py
[2024-10-29T23:50:57.896+0000] {processor.py:840} INFO - DAG(s) 'etl_queimadas' retrieved from /opt/airflow/dags/dag_cria_emr.py
[2024-10-29T23:50:57.914+0000] {logging_mixin.py:188} INFO - [2024-10-29T23:50:57.914+0000] {dag.py:3047} INFO - Sync 1 DAGs
[2024-10-29T23:50:57.925+0000] {logging_mixin.py:188} INFO - [2024-10-29T23:50:57.925+0000] {dag.py:3834} INFO - Setting next_dagrun for etl_queimadas to None, run_after=None
[2024-10-29T23:50:57.940+0000] {processor.py:183} INFO - Processing /opt/airflow/dags/dag_cria_emr.py took 0.059 seconds
[2024-10-29T23:51:28.117+0000] {processor.py:161} INFO - Started process (PID=1941) to work on /opt/airflow/dags/dag_cria_emr.py
[2024-10-29T23:51:28.118+0000] {processor.py:830} INFO - Processing file /opt/airflow/dags/dag_cria_emr.py for tasks to queue
[2024-10-29T23:51:28.120+0000] {logging_mixin.py:188} INFO - [2024-10-29T23:51:28.120+0000] {dagbag.py:540} INFO - Filling up the DagBag from /opt/airflow/dags/dag_cria_emr.py
[2024-10-29T23:51:28.129+0000] {processor.py:840} INFO - DAG(s) 'etl_queimadas' retrieved from /opt/airflow/dags/dag_cria_emr.py
[2024-10-29T23:51:28.166+0000] {logging_mixin.py:188} INFO - [2024-10-29T23:51:28.166+0000] {dag.py:3047} INFO - Sync 1 DAGs
[2024-10-29T23:51:28.190+0000] {logging_mixin.py:188} INFO - [2024-10-29T23:51:28.190+0000] {dag.py:3834} INFO - Setting next_dagrun for etl_queimadas to None, run_after=None
[2024-10-29T23:51:28.221+0000] {processor.py:183} INFO - Processing /opt/airflow/dags/dag_cria_emr.py took 0.108 seconds
[2024-10-29T23:51:58.648+0000] {processor.py:161} INFO - Started process (PID=1996) to work on /opt/airflow/dags/dag_cria_emr.py
[2024-10-29T23:51:58.655+0000] {processor.py:830} INFO - Processing file /opt/airflow/dags/dag_cria_emr.py for tasks to queue
[2024-10-29T23:51:58.659+0000] {logging_mixin.py:188} INFO - [2024-10-29T23:51:58.659+0000] {dagbag.py:540} INFO - Filling up the DagBag from /opt/airflow/dags/dag_cria_emr.py
[2024-10-29T23:51:58.679+0000] {processor.py:840} INFO - DAG(s) 'etl_queimadas' retrieved from /opt/airflow/dags/dag_cria_emr.py
[2024-10-29T23:51:58.742+0000] {logging_mixin.py:188} INFO - [2024-10-29T23:51:58.742+0000] {dag.py:3047} INFO - Sync 1 DAGs
[2024-10-29T23:51:58.781+0000] {logging_mixin.py:188} INFO - [2024-10-29T23:51:58.780+0000] {dag.py:3834} INFO - Setting next_dagrun for etl_queimadas to None, run_after=None
[2024-10-29T23:51:58.836+0000] {processor.py:183} INFO - Processing /opt/airflow/dags/dag_cria_emr.py took 0.197 seconds
[2024-10-29T23:52:29.278+0000] {processor.py:161} INFO - Started process (PID=2052) to work on /opt/airflow/dags/dag_cria_emr.py
[2024-10-29T23:52:29.284+0000] {processor.py:830} INFO - Processing file /opt/airflow/dags/dag_cria_emr.py for tasks to queue
[2024-10-29T23:52:29.285+0000] {logging_mixin.py:188} INFO - [2024-10-29T23:52:29.285+0000] {dagbag.py:540} INFO - Filling up the DagBag from /opt/airflow/dags/dag_cria_emr.py
[2024-10-29T23:52:29.292+0000] {processor.py:840} INFO - DAG(s) 'etl_queimadas' retrieved from /opt/airflow/dags/dag_cria_emr.py
[2024-10-29T23:52:29.312+0000] {logging_mixin.py:188} INFO - [2024-10-29T23:52:29.311+0000] {dag.py:3047} INFO - Sync 1 DAGs
[2024-10-29T23:52:29.322+0000] {logging_mixin.py:188} INFO - [2024-10-29T23:52:29.322+0000] {dag.py:3834} INFO - Setting next_dagrun for etl_queimadas to None, run_after=None
[2024-10-29T23:52:29.338+0000] {processor.py:183} INFO - Processing /opt/airflow/dags/dag_cria_emr.py took 0.063 seconds
[2024-10-29T23:52:59.555+0000] {processor.py:161} INFO - Started process (PID=2108) to work on /opt/airflow/dags/dag_cria_emr.py
[2024-10-29T23:52:59.556+0000] {processor.py:830} INFO - Processing file /opt/airflow/dags/dag_cria_emr.py for tasks to queue
[2024-10-29T23:52:59.558+0000] {logging_mixin.py:188} INFO - [2024-10-29T23:52:59.558+0000] {dagbag.py:540} INFO - Filling up the DagBag from /opt/airflow/dags/dag_cria_emr.py
[2024-10-29T23:52:59.563+0000] {processor.py:840} INFO - DAG(s) 'etl_queimadas' retrieved from /opt/airflow/dags/dag_cria_emr.py
[2024-10-29T23:52:59.584+0000] {logging_mixin.py:188} INFO - [2024-10-29T23:52:59.583+0000] {dag.py:3047} INFO - Sync 1 DAGs
[2024-10-29T23:52:59.596+0000] {logging_mixin.py:188} INFO - [2024-10-29T23:52:59.596+0000] {dag.py:3834} INFO - Setting next_dagrun for etl_queimadas to None, run_after=None
[2024-10-29T23:52:59.614+0000] {processor.py:183} INFO - Processing /opt/airflow/dags/dag_cria_emr.py took 0.061 seconds
[2024-10-29T23:53:30.420+0000] {processor.py:161} INFO - Started process (PID=2162) to work on /opt/airflow/dags/dag_cria_emr.py
[2024-10-29T23:53:30.422+0000] {processor.py:830} INFO - Processing file /opt/airflow/dags/dag_cria_emr.py for tasks to queue
[2024-10-29T23:53:30.428+0000] {logging_mixin.py:188} INFO - [2024-10-29T23:53:30.427+0000] {dagbag.py:540} INFO - Filling up the DagBag from /opt/airflow/dags/dag_cria_emr.py
[2024-10-29T23:53:30.447+0000] {processor.py:840} INFO - DAG(s) 'etl_queimadas' retrieved from /opt/airflow/dags/dag_cria_emr.py
[2024-10-29T23:53:30.511+0000] {logging_mixin.py:188} INFO - [2024-10-29T23:53:30.510+0000] {dag.py:3047} INFO - Sync 1 DAGs
[2024-10-29T23:53:30.661+0000] {logging_mixin.py:188} INFO - [2024-10-29T23:53:30.661+0000] {dag.py:3834} INFO - Setting next_dagrun for etl_queimadas to None, run_after=None
[2024-10-29T23:53:30.675+0000] {processor.py:183} INFO - Processing /opt/airflow/dags/dag_cria_emr.py took 0.263 seconds
[2024-10-29T23:54:01.696+0000] {processor.py:161} INFO - Started process (PID=2218) to work on /opt/airflow/dags/dag_cria_emr.py
[2024-10-29T23:54:01.703+0000] {processor.py:830} INFO - Processing file /opt/airflow/dags/dag_cria_emr.py for tasks to queue
[2024-10-29T23:54:01.709+0000] {logging_mixin.py:188} INFO - [2024-10-29T23:54:01.708+0000] {dagbag.py:540} INFO - Filling up the DagBag from /opt/airflow/dags/dag_cria_emr.py
[2024-10-29T23:54:01.728+0000] {processor.py:840} INFO - DAG(s) 'etl_queimadas' retrieved from /opt/airflow/dags/dag_cria_emr.py
[2024-10-29T23:54:01.790+0000] {logging_mixin.py:188} INFO - [2024-10-29T23:54:01.789+0000] {dag.py:3047} INFO - Sync 1 DAGs
[2024-10-29T23:54:01.974+0000] {logging_mixin.py:188} INFO - [2024-10-29T23:54:01.973+0000] {dag.py:3834} INFO - Setting next_dagrun for etl_queimadas to None, run_after=None
[2024-10-29T23:54:01.989+0000] {processor.py:183} INFO - Processing /opt/airflow/dags/dag_cria_emr.py took 0.301 seconds
[2024-10-29T23:54:32.863+0000] {processor.py:161} INFO - Started process (PID=2280) to work on /opt/airflow/dags/dag_cria_emr.py
[2024-10-29T23:54:32.869+0000] {processor.py:830} INFO - Processing file /opt/airflow/dags/dag_cria_emr.py for tasks to queue
[2024-10-29T23:54:32.870+0000] {logging_mixin.py:188} INFO - [2024-10-29T23:54:32.870+0000] {dagbag.py:540} INFO - Filling up the DagBag from /opt/airflow/dags/dag_cria_emr.py
[2024-10-29T23:54:32.876+0000] {processor.py:840} INFO - DAG(s) 'etl_queimadas' retrieved from /opt/airflow/dags/dag_cria_emr.py
[2024-10-29T23:54:32.893+0000] {logging_mixin.py:188} INFO - [2024-10-29T23:54:32.893+0000] {dag.py:3047} INFO - Sync 1 DAGs
[2024-10-29T23:54:32.903+0000] {logging_mixin.py:188} INFO - [2024-10-29T23:54:32.903+0000] {dag.py:3834} INFO - Setting next_dagrun for etl_queimadas to None, run_after=None
[2024-10-29T23:54:32.917+0000] {processor.py:183} INFO - Processing /opt/airflow/dags/dag_cria_emr.py took 0.057 seconds
[2024-10-29T23:55:03.545+0000] {processor.py:161} INFO - Started process (PID=2336) to work on /opt/airflow/dags/dag_cria_emr.py
[2024-10-29T23:55:03.551+0000] {processor.py:830} INFO - Processing file /opt/airflow/dags/dag_cria_emr.py for tasks to queue
[2024-10-29T23:55:03.554+0000] {logging_mixin.py:188} INFO - [2024-10-29T23:55:03.554+0000] {dagbag.py:540} INFO - Filling up the DagBag from /opt/airflow/dags/dag_cria_emr.py
[2024-10-29T23:55:03.565+0000] {processor.py:840} INFO - DAG(s) 'etl_queimadas' retrieved from /opt/airflow/dags/dag_cria_emr.py
[2024-10-29T23:55:03.597+0000] {logging_mixin.py:188} INFO - [2024-10-29T23:55:03.596+0000] {dag.py:3047} INFO - Sync 1 DAGs
[2024-10-29T23:55:03.615+0000] {logging_mixin.py:188} INFO - [2024-10-29T23:55:03.614+0000] {dag.py:3834} INFO - Setting next_dagrun for etl_queimadas to None, run_after=None
[2024-10-29T23:55:03.635+0000] {processor.py:183} INFO - Processing /opt/airflow/dags/dag_cria_emr.py took 0.093 seconds
[2024-10-29T23:55:34.152+0000] {processor.py:161} INFO - Started process (PID=2392) to work on /opt/airflow/dags/dag_cria_emr.py
[2024-10-29T23:55:34.158+0000] {processor.py:830} INFO - Processing file /opt/airflow/dags/dag_cria_emr.py for tasks to queue
[2024-10-29T23:55:34.160+0000] {logging_mixin.py:188} INFO - [2024-10-29T23:55:34.160+0000] {dagbag.py:540} INFO - Filling up the DagBag from /opt/airflow/dags/dag_cria_emr.py
[2024-10-29T23:55:34.168+0000] {processor.py:840} INFO - DAG(s) 'etl_queimadas' retrieved from /opt/airflow/dags/dag_cria_emr.py
[2024-10-29T23:55:34.191+0000] {logging_mixin.py:188} INFO - [2024-10-29T23:55:34.191+0000] {dag.py:3047} INFO - Sync 1 DAGs
[2024-10-29T23:55:34.205+0000] {logging_mixin.py:188} INFO - [2024-10-29T23:55:34.205+0000] {dag.py:3834} INFO - Setting next_dagrun for etl_queimadas to None, run_after=None
[2024-10-29T23:55:34.225+0000] {processor.py:183} INFO - Processing /opt/airflow/dags/dag_cria_emr.py took 0.076 seconds
[2024-10-29T23:56:04.382+0000] {processor.py:161} INFO - Started process (PID=2448) to work on /opt/airflow/dags/dag_cria_emr.py
[2024-10-29T23:56:04.383+0000] {processor.py:830} INFO - Processing file /opt/airflow/dags/dag_cria_emr.py for tasks to queue
[2024-10-29T23:56:04.384+0000] {logging_mixin.py:188} INFO - [2024-10-29T23:56:04.384+0000] {dagbag.py:540} INFO - Filling up the DagBag from /opt/airflow/dags/dag_cria_emr.py
[2024-10-29T23:56:04.392+0000] {processor.py:840} INFO - DAG(s) 'etl_queimadas' retrieved from /opt/airflow/dags/dag_cria_emr.py
[2024-10-29T23:56:04.413+0000] {logging_mixin.py:188} INFO - [2024-10-29T23:56:04.413+0000] {dag.py:3047} INFO - Sync 1 DAGs
[2024-10-29T23:56:04.427+0000] {logging_mixin.py:188} INFO - [2024-10-29T23:56:04.426+0000] {dag.py:3834} INFO - Setting next_dagrun for etl_queimadas to None, run_after=None
[2024-10-29T23:56:04.446+0000] {processor.py:183} INFO - Processing /opt/airflow/dags/dag_cria_emr.py took 0.067 seconds
[2024-10-29T23:56:35.069+0000] {processor.py:161} INFO - Started process (PID=2504) to work on /opt/airflow/dags/dag_cria_emr.py
[2024-10-29T23:56:35.077+0000] {processor.py:830} INFO - Processing file /opt/airflow/dags/dag_cria_emr.py for tasks to queue
[2024-10-29T23:56:35.081+0000] {logging_mixin.py:188} INFO - [2024-10-29T23:56:35.080+0000] {dagbag.py:540} INFO - Filling up the DagBag from /opt/airflow/dags/dag_cria_emr.py
[2024-10-29T23:56:35.099+0000] {processor.py:840} INFO - DAG(s) 'etl_queimadas' retrieved from /opt/airflow/dags/dag_cria_emr.py
[2024-10-29T23:56:35.160+0000] {logging_mixin.py:188} INFO - [2024-10-29T23:56:35.160+0000] {dag.py:3047} INFO - Sync 1 DAGs
[2024-10-29T23:56:35.200+0000] {logging_mixin.py:188} INFO - [2024-10-29T23:56:35.199+0000] {dag.py:3834} INFO - Setting next_dagrun for etl_queimadas to None, run_after=None
[2024-10-29T23:56:35.247+0000] {processor.py:183} INFO - Processing /opt/airflow/dags/dag_cria_emr.py took 0.190 seconds
[2024-10-29T23:57:05.611+0000] {processor.py:161} INFO - Started process (PID=2560) to work on /opt/airflow/dags/dag_cria_emr.py
[2024-10-29T23:57:05.617+0000] {processor.py:830} INFO - Processing file /opt/airflow/dags/dag_cria_emr.py for tasks to queue
[2024-10-29T23:57:05.619+0000] {logging_mixin.py:188} INFO - [2024-10-29T23:57:05.618+0000] {dagbag.py:540} INFO - Filling up the DagBag from /opt/airflow/dags/dag_cria_emr.py
[2024-10-29T23:57:05.626+0000] {processor.py:840} INFO - DAG(s) 'etl_queimadas' retrieved from /opt/airflow/dags/dag_cria_emr.py
[2024-10-29T23:57:05.645+0000] {logging_mixin.py:188} INFO - [2024-10-29T23:57:05.645+0000] {dag.py:3047} INFO - Sync 1 DAGs
[2024-10-29T23:57:05.657+0000] {logging_mixin.py:188} INFO - [2024-10-29T23:57:05.657+0000] {dag.py:3834} INFO - Setting next_dagrun for etl_queimadas to None, run_after=None
[2024-10-29T23:57:05.675+0000] {processor.py:183} INFO - Processing /opt/airflow/dags/dag_cria_emr.py took 0.067 seconds
[2024-10-29T23:57:36.288+0000] {processor.py:161} INFO - Started process (PID=2616) to work on /opt/airflow/dags/dag_cria_emr.py
[2024-10-29T23:57:36.288+0000] {processor.py:830} INFO - Processing file /opt/airflow/dags/dag_cria_emr.py for tasks to queue
[2024-10-29T23:57:36.290+0000] {logging_mixin.py:188} INFO - [2024-10-29T23:57:36.290+0000] {dagbag.py:540} INFO - Filling up the DagBag from /opt/airflow/dags/dag_cria_emr.py
[2024-10-29T23:57:36.297+0000] {processor.py:840} INFO - DAG(s) 'etl_queimadas' retrieved from /opt/airflow/dags/dag_cria_emr.py
[2024-10-29T23:57:36.321+0000] {logging_mixin.py:188} INFO - [2024-10-29T23:57:36.320+0000] {dag.py:3047} INFO - Sync 1 DAGs
[2024-10-29T23:57:36.333+0000] {logging_mixin.py:188} INFO - [2024-10-29T23:57:36.333+0000] {dag.py:3834} INFO - Setting next_dagrun for etl_queimadas to None, run_after=None
[2024-10-29T23:57:36.359+0000] {processor.py:183} INFO - Processing /opt/airflow/dags/dag_cria_emr.py took 0.075 seconds
[2024-10-29T23:58:06.755+0000] {processor.py:161} INFO - Started process (PID=2672) to work on /opt/airflow/dags/dag_cria_emr.py
[2024-10-29T23:58:06.760+0000] {processor.py:830} INFO - Processing file /opt/airflow/dags/dag_cria_emr.py for tasks to queue
[2024-10-29T23:58:06.762+0000] {logging_mixin.py:188} INFO - [2024-10-29T23:58:06.762+0000] {dagbag.py:540} INFO - Filling up the DagBag from /opt/airflow/dags/dag_cria_emr.py
[2024-10-29T23:58:06.769+0000] {processor.py:840} INFO - DAG(s) 'etl_queimadas' retrieved from /opt/airflow/dags/dag_cria_emr.py
[2024-10-29T23:58:06.789+0000] {logging_mixin.py:188} INFO - [2024-10-29T23:58:06.788+0000] {dag.py:3047} INFO - Sync 1 DAGs
[2024-10-29T23:58:06.802+0000] {logging_mixin.py:188} INFO - [2024-10-29T23:58:06.802+0000] {dag.py:3834} INFO - Setting next_dagrun for etl_queimadas to None, run_after=None
[2024-10-29T23:58:06.821+0000] {processor.py:183} INFO - Processing /opt/airflow/dags/dag_cria_emr.py took 0.069 seconds
[2024-10-29T23:58:37.372+0000] {processor.py:161} INFO - Started process (PID=2728) to work on /opt/airflow/dags/dag_cria_emr.py
[2024-10-29T23:58:37.377+0000] {processor.py:830} INFO - Processing file /opt/airflow/dags/dag_cria_emr.py for tasks to queue
[2024-10-29T23:58:37.379+0000] {logging_mixin.py:188} INFO - [2024-10-29T23:58:37.379+0000] {dagbag.py:540} INFO - Filling up the DagBag from /opt/airflow/dags/dag_cria_emr.py
[2024-10-29T23:58:37.388+0000] {processor.py:840} INFO - DAG(s) 'etl_queimadas' retrieved from /opt/airflow/dags/dag_cria_emr.py
[2024-10-29T23:58:37.409+0000] {logging_mixin.py:188} INFO - [2024-10-29T23:58:37.409+0000] {dag.py:3047} INFO - Sync 1 DAGs
[2024-10-29T23:58:37.423+0000] {logging_mixin.py:188} INFO - [2024-10-29T23:58:37.423+0000] {dag.py:3834} INFO - Setting next_dagrun for etl_queimadas to None, run_after=None
[2024-10-29T23:58:37.442+0000] {processor.py:183} INFO - Processing /opt/airflow/dags/dag_cria_emr.py took 0.074 seconds
[2024-10-29T23:59:07.605+0000] {processor.py:161} INFO - Started process (PID=2784) to work on /opt/airflow/dags/dag_cria_emr.py
[2024-10-29T23:59:07.611+0000] {processor.py:830} INFO - Processing file /opt/airflow/dags/dag_cria_emr.py for tasks to queue
[2024-10-29T23:59:07.613+0000] {logging_mixin.py:188} INFO - [2024-10-29T23:59:07.613+0000] {dagbag.py:540} INFO - Filling up the DagBag from /opt/airflow/dags/dag_cria_emr.py
[2024-10-29T23:59:07.620+0000] {processor.py:840} INFO - DAG(s) 'etl_queimadas' retrieved from /opt/airflow/dags/dag_cria_emr.py
[2024-10-29T23:59:07.644+0000] {logging_mixin.py:188} INFO - [2024-10-29T23:59:07.644+0000] {dag.py:3047} INFO - Sync 1 DAGs
[2024-10-29T23:59:07.658+0000] {logging_mixin.py:188} INFO - [2024-10-29T23:59:07.658+0000] {dag.py:3834} INFO - Setting next_dagrun for etl_queimadas to None, run_after=None
[2024-10-29T23:59:07.677+0000] {processor.py:183} INFO - Processing /opt/airflow/dags/dag_cria_emr.py took 0.075 seconds
[2024-10-29T23:59:37.828+0000] {processor.py:161} INFO - Started process (PID=2840) to work on /opt/airflow/dags/dag_cria_emr.py
[2024-10-29T23:59:37.829+0000] {processor.py:830} INFO - Processing file /opt/airflow/dags/dag_cria_emr.py for tasks to queue
[2024-10-29T23:59:37.832+0000] {logging_mixin.py:188} INFO - [2024-10-29T23:59:37.831+0000] {dagbag.py:540} INFO - Filling up the DagBag from /opt/airflow/dags/dag_cria_emr.py
[2024-10-29T23:59:37.839+0000] {processor.py:840} INFO - DAG(s) 'etl_queimadas' retrieved from /opt/airflow/dags/dag_cria_emr.py
[2024-10-29T23:59:37.860+0000] {logging_mixin.py:188} INFO - [2024-10-29T23:59:37.860+0000] {dag.py:3047} INFO - Sync 1 DAGs
[2024-10-29T23:59:37.874+0000] {logging_mixin.py:188} INFO - [2024-10-29T23:59:37.874+0000] {dag.py:3834} INFO - Setting next_dagrun for etl_queimadas to None, run_after=None
[2024-10-29T23:59:37.897+0000] {processor.py:183} INFO - Processing /opt/airflow/dags/dag_cria_emr.py took 0.072 seconds
