[2024-11-01T17:22:37.234+0000] {taskinstance.py:1979} INFO - Dependencies all met for dep_context=non-requeueable deps ti=<TaskInstance: etl_queimadas.add_step_job_bronze manual__2024-11-01T17:17:06.410650+00:00 [queued]>
[2024-11-01T17:22:37.243+0000] {taskinstance.py:1979} INFO - Dependencies all met for dep_context=requeueable deps ti=<TaskInstance: etl_queimadas.add_step_job_bronze manual__2024-11-01T17:17:06.410650+00:00 [queued]>
[2024-11-01T17:22:37.243+0000] {taskinstance.py:2193} INFO - Starting attempt 1 of 1
[2024-11-01T17:22:37.254+0000] {taskinstance.py:2214} INFO - Executing <Task(PythonOperator): add_step_job_bronze> on 2024-11-01 17:17:06.410650+00:00
[2024-11-01T17:22:37.260+0000] {standard_task_runner.py:60} INFO - Started process 15046 to run task
[2024-11-01T17:22:37.262+0000] {standard_task_runner.py:87} INFO - Running: ['***', 'tasks', 'run', 'etl_queimadas', 'add_step_job_bronze', 'manual__2024-11-01T17:17:06.410650+00:00', '--job-id', '276', '--raw', '--subdir', 'DAGS_FOLDER/dag_cria_emr.py', '--cfg-path', '/tmp/tmp7gdwnobi']
[2024-11-01T17:22:37.264+0000] {standard_task_runner.py:88} INFO - Job 276: Subtask add_step_job_bronze
[2024-11-01T17:22:37.296+0000] {task_command.py:423} INFO - Running <TaskInstance: etl_queimadas.add_step_job_bronze manual__2024-11-01T17:17:06.410650+00:00 [running]> on host 3f04bb9d0c09
[2024-11-01T17:22:37.359+0000] {taskinstance.py:2510} INFO - Exporting env vars: AIRFLOW_CTX_DAG_OWNER='***' AIRFLOW_CTX_DAG_ID='etl_queimadas' AIRFLOW_CTX_TASK_ID='add_step_job_bronze' AIRFLOW_CTX_EXECUTION_DATE='2024-11-01T17:17:06.410650+00:00' AIRFLOW_CTX_TRY_NUMBER='1' AIRFLOW_CTX_DAG_RUN_ID='manual__2024-11-01T17:17:06.410650+00:00'
[2024-11-01T17:22:53.697+0000] {logging_mixin.py:188} INFO - Status do passo "Extrair e Carregar na camada Bronze" (ID: s-085849729AJEP3A1ENIT): PENDING
[2024-11-01T17:23:04.299+0000] {logging_mixin.py:188} INFO - Status do passo "Extrair e Carregar na camada Bronze" (ID: s-085849729AJEP3A1ENIT): PENDING
[2024-11-01T17:23:14.786+0000] {logging_mixin.py:188} INFO - Status do passo "Extrair e Carregar na camada Bronze" (ID: s-085849729AJEP3A1ENIT): PENDING
[2024-11-01T17:23:25.330+0000] {logging_mixin.py:188} INFO - Status do passo "Extrair e Carregar na camada Bronze" (ID: s-085849729AJEP3A1ENIT): RUNNING
[2024-11-01T17:23:36.046+0000] {logging_mixin.py:188} INFO - Status do passo "Extrair e Carregar na camada Bronze" (ID: s-085849729AJEP3A1ENIT): RUNNING
[2024-11-01T17:23:46.596+0000] {logging_mixin.py:188} INFO - Status do passo "Extrair e Carregar na camada Bronze" (ID: s-085849729AJEP3A1ENIT): RUNNING
[2024-11-01T17:23:57.549+0000] {logging_mixin.py:188} INFO - Status do passo "Extrair e Carregar na camada Bronze" (ID: s-085849729AJEP3A1ENIT): COMPLETED
[2024-11-01T17:23:57.551+0000] {python.py:202} INFO - Done. Returned value was: None
[2024-11-01T17:23:57.562+0000] {taskinstance.py:1149} INFO - Marking task as SUCCESS. dag_id=etl_queimadas, task_id=add_step_job_bronze, execution_date=20241101T171706, start_date=20241101T172237, end_date=20241101T172357
[2024-11-01T17:23:57.615+0000] {local_task_job_runner.py:234} INFO - Task exited with return code 0
[2024-11-01T17:23:57.651+0000] {taskinstance.py:3309} INFO - 1 downstream tasks scheduled from follow-on schedule check
