[2024-10-25T13:25:15.218+0000] {taskinstance.py:1979} INFO - Dependencies all met for dep_context=non-requeueable deps ti=<TaskInstance: etl_queimadas.wait_step_job manual__2024-10-25T13:25:07.890762+00:00 [queued]>
[2024-10-25T13:25:15.225+0000] {taskinstance.py:1979} INFO - Dependencies all met for dep_context=requeueable deps ti=<TaskInstance: etl_queimadas.wait_step_job manual__2024-10-25T13:25:07.890762+00:00 [queued]>
[2024-10-25T13:25:15.226+0000] {taskinstance.py:2193} INFO - Starting attempt 1 of 1
[2024-10-25T13:25:15.234+0000] {taskinstance.py:2214} INFO - Executing <Task(PythonOperator): wait_step_job> on 2024-10-25 13:25:07.890762+00:00
[2024-10-25T13:25:15.241+0000] {standard_task_runner.py:60} INFO - Started process 2222 to run task
[2024-10-25T13:25:15.243+0000] {standard_task_runner.py:87} INFO - Running: ['***', 'tasks', 'run', 'etl_queimadas', 'wait_step_job', 'manual__2024-10-25T13:25:07.890762+00:00', '--job-id', '122', '--raw', '--subdir', 'DAGS_FOLDER/dag_cria_emr.py', '--cfg-path', '/tmp/tmp9tf9e9wm']
[2024-10-25T13:25:15.245+0000] {standard_task_runner.py:88} INFO - Job 122: Subtask wait_step_job
[2024-10-25T13:25:15.274+0000] {task_command.py:423} INFO - Running <TaskInstance: etl_queimadas.wait_step_job manual__2024-10-25T13:25:07.890762+00:00 [running]> on host 622b1ac036ca
[2024-10-25T13:25:15.328+0000] {taskinstance.py:2510} INFO - Exporting env vars: AIRFLOW_CTX_DAG_OWNER='***' AIRFLOW_CTX_DAG_ID='etl_queimadas' AIRFLOW_CTX_TASK_ID='wait_step_job' AIRFLOW_CTX_EXECUTION_DATE='2024-10-25T13:25:07.890762+00:00' AIRFLOW_CTX_TRY_NUMBER='1' AIRFLOW_CTX_DAG_RUN_ID='manual__2024-10-25T13:25:07.890762+00:00'
[2024-10-25T13:25:15.920+0000] {logging_mixin.py:188} INFO - Executando step job... Estado: PENDING
[2024-10-25T13:25:26.411+0000] {logging_mixin.py:188} INFO - Executando step job... Estado: PENDING
[2024-10-25T13:25:37.009+0000] {logging_mixin.py:188} INFO - Executando step job... Estado: PENDING
[2024-10-25T13:25:47.563+0000] {logging_mixin.py:188} INFO - Executando step job... Estado: PENDING
[2024-10-25T13:25:58.135+0000] {logging_mixin.py:188} INFO - Executando step job... Estado: PENDING
[2024-10-25T13:26:08.755+0000] {logging_mixin.py:188} INFO - Executando step job... Estado: PENDING
[2024-10-25T13:26:19.275+0000] {logging_mixin.py:188} INFO - Executando step job... Estado: PENDING
[2024-10-25T13:26:29.748+0000] {logging_mixin.py:188} INFO - Executando step job... Estado: PENDING
[2024-10-25T13:26:40.285+0000] {logging_mixin.py:188} INFO - Executando step job... Estado: PENDING
[2024-10-25T13:26:50.841+0000] {logging_mixin.py:188} INFO - Executando step job... Estado: PENDING
[2024-10-25T13:27:01.493+0000] {logging_mixin.py:188} INFO - Executando step job... Estado: PENDING
[2024-10-25T13:27:11.997+0000] {logging_mixin.py:188} INFO - Executando step job... Estado: PENDING
[2024-10-25T13:27:22.564+0000] {logging_mixin.py:188} INFO - Executando step job... Estado: PENDING
[2024-10-25T13:27:33.071+0000] {logging_mixin.py:188} INFO - Executando step job... Estado: PENDING
[2024-10-25T13:27:43.602+0000] {logging_mixin.py:188} INFO - Executando step job... Estado: PENDING
[2024-10-25T13:27:54.229+0000] {logging_mixin.py:188} INFO - Executando step job... Estado: PENDING
[2024-10-25T13:28:04.784+0000] {logging_mixin.py:188} INFO - Executando step job... Estado: PENDING
[2024-10-25T13:28:15.333+0000] {logging_mixin.py:188} INFO - Executando step job... Estado: PENDING
[2024-10-25T13:28:25.835+0000] {logging_mixin.py:188} INFO - Executando step job... Estado: PENDING
[2024-10-25T13:28:36.371+0000] {logging_mixin.py:188} INFO - Executando step job... Estado: PENDING
[2024-10-25T13:28:46.974+0000] {logging_mixin.py:188} INFO - Executando step job... Estado: PENDING
[2024-10-25T13:28:57.456+0000] {logging_mixin.py:188} INFO - Executando step job... Estado: PENDING
[2024-10-25T13:29:08.057+0000] {logging_mixin.py:188} INFO - Executando step job... Estado: PENDING
[2024-10-25T13:29:18.798+0000] {logging_mixin.py:188} INFO - Executando step job... Estado: PENDING
[2024-10-25T13:29:29.321+0000] {logging_mixin.py:188} INFO - Executando step job... Estado: PENDING
[2024-10-25T13:29:39.938+0000] {logging_mixin.py:188} INFO - Executando step job... Estado: PENDING
[2024-10-25T13:29:50.526+0000] {logging_mixin.py:188} INFO - Executando step job... Estado: PENDING
[2024-10-25T13:30:01.024+0000] {logging_mixin.py:188} INFO - Executando step job... Estado: PENDING
[2024-10-25T13:30:11.615+0000] {logging_mixin.py:188} INFO - Executando step job... Estado: PENDING
[2024-10-25T13:30:22.121+0000] {logging_mixin.py:188} INFO - Executando step job... Estado: PENDING
[2024-10-25T13:30:32.651+0000] {logging_mixin.py:188} INFO - Executando step job... Estado: PENDING
[2024-10-25T13:30:43.195+0000] {logging_mixin.py:188} INFO - Executando step job... Estado: PENDING
[2024-10-25T13:30:53.793+0000] {logging_mixin.py:188} INFO - Executando step job... Estado: RUNNING
[2024-10-25T13:31:04.336+0000] {logging_mixin.py:188} INFO - Executando step job... Estado: RUNNING
[2024-10-25T13:31:14.890+0000] {logging_mixin.py:188} INFO - Executando step job... Estado: RUNNING
[2024-10-25T13:31:25.400+0000] {logging_mixin.py:188} INFO - Executando step job... Estado: RUNNING
[2024-10-25T13:31:35.960+0000] {logging_mixin.py:188} INFO - Step job finalizado... Estado: COMPLETED
[2024-10-25T13:31:35.961+0000] {python.py:202} INFO - Done. Returned value was: None
[2024-10-25T13:31:35.970+0000] {taskinstance.py:1149} INFO - Marking task as SUCCESS. dag_id=etl_queimadas, task_id=wait_step_job, execution_date=20241025T132507, start_date=20241025T132515, end_date=20241025T133135
[2024-10-25T13:31:35.990+0000] {local_task_job_runner.py:234} INFO - Task exited with return code 0
[2024-10-25T13:31:36.005+0000] {taskinstance.py:3309} INFO - 1 downstream tasks scheduled from follow-on schedule check
