[2024-11-01T17:25:43.633+0000] {taskinstance.py:1979} INFO - Dependencies all met for dep_context=non-requeueable deps ti=<TaskInstance: etl_queimadas.add_step_job_gold_municipio manual__2024-11-01T17:17:06.410650+00:00 [queued]>
[2024-11-01T17:25:43.647+0000] {taskinstance.py:1979} INFO - Dependencies all met for dep_context=requeueable deps ti=<TaskInstance: etl_queimadas.add_step_job_gold_municipio manual__2024-11-01T17:17:06.410650+00:00 [queued]>
[2024-11-01T17:25:43.648+0000] {taskinstance.py:2193} INFO - Starting attempt 1 of 1
[2024-11-01T17:25:43.668+0000] {taskinstance.py:2214} INFO - Executing <Task(PythonOperator): add_step_job_gold_municipio> on 2024-11-01 17:17:06.410650+00:00
[2024-11-01T17:25:43.679+0000] {standard_task_runner.py:60} INFO - Started process 15105 to run task
[2024-11-01T17:25:43.683+0000] {standard_task_runner.py:87} INFO - Running: ['***', 'tasks', 'run', 'etl_queimadas', 'add_step_job_gold_municipio', 'manual__2024-11-01T17:17:06.410650+00:00', '--job-id', '279', '--raw', '--subdir', 'DAGS_FOLDER/dag_cria_emr.py', '--cfg-path', '/tmp/tmp11ckgs4u']
[2024-11-01T17:25:43.686+0000] {standard_task_runner.py:88} INFO - Job 279: Subtask add_step_job_gold_municipio
[2024-11-01T17:25:43.739+0000] {task_command.py:423} INFO - Running <TaskInstance: etl_queimadas.add_step_job_gold_municipio manual__2024-11-01T17:17:06.410650+00:00 [running]> on host 3f04bb9d0c09
[2024-11-01T17:25:43.842+0000] {taskinstance.py:2510} INFO - Exporting env vars: AIRFLOW_CTX_DAG_OWNER='***' AIRFLOW_CTX_DAG_ID='etl_queimadas' AIRFLOW_CTX_TASK_ID='add_step_job_gold_municipio' AIRFLOW_CTX_EXECUTION_DATE='2024-11-01T17:17:06.410650+00:00' AIRFLOW_CTX_TRY_NUMBER='1' AIRFLOW_CTX_DAG_RUN_ID='manual__2024-11-01T17:17:06.410650+00:00'
[2024-11-01T17:26:00.154+0000] {logging_mixin.py:188} INFO - Status do passo "Agregar e Carregar na Camada Gold - Municipio" (ID: s-02155863N48ST3TICFJH): PENDING
[2024-11-01T17:26:10.679+0000] {logging_mixin.py:188} INFO - Status do passo "Agregar e Carregar na Camada Gold - Municipio" (ID: s-02155863N48ST3TICFJH): PENDING
[2024-11-01T17:26:21.179+0000] {logging_mixin.py:188} INFO - Status do passo "Agregar e Carregar na Camada Gold - Municipio" (ID: s-02155863N48ST3TICFJH): PENDING
[2024-11-01T17:26:31.754+0000] {logging_mixin.py:188} INFO - Status do passo "Agregar e Carregar na Camada Gold - Municipio" (ID: s-02155863N48ST3TICFJH): PENDING
[2024-11-01T17:26:42.343+0000] {logging_mixin.py:188} INFO - Status do passo "Agregar e Carregar na Camada Gold - Municipio" (ID: s-02155863N48ST3TICFJH): PENDING
[2024-11-01T17:26:52.841+0000] {logging_mixin.py:188} INFO - Status do passo "Agregar e Carregar na Camada Gold - Municipio" (ID: s-02155863N48ST3TICFJH): PENDING
[2024-11-01T17:27:03.343+0000] {logging_mixin.py:188} INFO - Status do passo "Agregar e Carregar na Camada Gold - Municipio" (ID: s-02155863N48ST3TICFJH): RUNNING
[2024-11-01T17:27:13.967+0000] {logging_mixin.py:188} INFO - Status do passo "Agregar e Carregar na Camada Gold - Municipio" (ID: s-02155863N48ST3TICFJH): RUNNING
[2024-11-01T17:27:24.613+0000] {logging_mixin.py:188} INFO - Status do passo "Agregar e Carregar na Camada Gold - Municipio" (ID: s-02155863N48ST3TICFJH): RUNNING
[2024-11-01T17:27:35.259+0000] {logging_mixin.py:188} INFO - Status do passo "Agregar e Carregar na Camada Gold - Municipio" (ID: s-02155863N48ST3TICFJH): RUNNING
[2024-11-01T17:27:45.908+0000] {logging_mixin.py:188} INFO - Status do passo "Agregar e Carregar na Camada Gold - Municipio" (ID: s-02155863N48ST3TICFJH): RUNNING
[2024-11-01T17:27:56.684+0000] {logging_mixin.py:188} INFO - Status do passo "Agregar e Carregar na Camada Gold - Municipio" (ID: s-02155863N48ST3TICFJH): COMPLETED
[2024-11-01T17:27:56.687+0000] {python.py:202} INFO - Done. Returned value was: None
[2024-11-01T17:27:56.712+0000] {taskinstance.py:1149} INFO - Marking task as SUCCESS. dag_id=etl_queimadas, task_id=add_step_job_gold_municipio, execution_date=20241101T171706, start_date=20241101T172543, end_date=20241101T172756
[2024-11-01T17:27:56.788+0000] {local_task_job_runner.py:234} INFO - Task exited with return code 0
[2024-11-01T17:27:56.811+0000] {taskinstance.py:3309} INFO - 0 downstream tasks scheduled from follow-on schedule check
