[2024-10-30T20:30:23.402+0000] {taskinstance.py:1979} INFO - Dependencies all met for dep_context=non-requeueable deps ti=<TaskInstance: etl_queimadas.add_step_job_gold_municipio manual__2024-10-30T20:21:53.281604+00:00 [queued]>
[2024-10-30T20:30:23.412+0000] {taskinstance.py:1979} INFO - Dependencies all met for dep_context=requeueable deps ti=<TaskInstance: etl_queimadas.add_step_job_gold_municipio manual__2024-10-30T20:21:53.281604+00:00 [queued]>
[2024-10-30T20:30:23.413+0000] {taskinstance.py:2193} INFO - Starting attempt 1 of 1
[2024-10-30T20:30:23.427+0000] {taskinstance.py:2214} INFO - Executing <Task(PythonOperator): add_step_job_gold_municipio> on 2024-10-30 20:21:53.281604+00:00
[2024-10-30T20:30:23.436+0000] {standard_task_runner.py:60} INFO - Started process 7181 to run task
[2024-10-30T20:30:23.438+0000] {standard_task_runner.py:87} INFO - Running: ['***', 'tasks', 'run', 'etl_queimadas', 'add_step_job_gold_municipio', 'manual__2024-10-30T20:21:53.281604+00:00', '--job-id', '246', '--raw', '--subdir', 'DAGS_FOLDER/dag_cria_emr.py', '--cfg-path', '/tmp/tmpcnwg7kfy']
[2024-10-30T20:30:23.440+0000] {standard_task_runner.py:88} INFO - Job 246: Subtask add_step_job_gold_municipio
[2024-10-30T20:30:23.481+0000] {task_command.py:423} INFO - Running <TaskInstance: etl_queimadas.add_step_job_gold_municipio manual__2024-10-30T20:21:53.281604+00:00 [running]> on host 3f04bb9d0c09
[2024-10-30T20:30:23.562+0000] {taskinstance.py:2510} INFO - Exporting env vars: AIRFLOW_CTX_DAG_OWNER='***' AIRFLOW_CTX_DAG_ID='etl_queimadas' AIRFLOW_CTX_TASK_ID='add_step_job_gold_municipio' AIRFLOW_CTX_EXECUTION_DATE='2024-10-30T20:21:53.281604+00:00' AIRFLOW_CTX_TRY_NUMBER='1' AIRFLOW_CTX_DAG_RUN_ID='manual__2024-10-30T20:21:53.281604+00:00'
[2024-10-30T20:30:39.863+0000] {logging_mixin.py:188} INFO - Status do passo "Agregar e Carregar na Camada Gold - Municipio" (ID: s-05709611E4T70FWO8UUZ): PENDING
[2024-10-30T20:30:50.366+0000] {logging_mixin.py:188} INFO - Status do passo "Agregar e Carregar na Camada Gold - Municipio" (ID: s-05709611E4T70FWO8UUZ): PENDING
[2024-10-30T20:31:00.849+0000] {logging_mixin.py:188} INFO - Status do passo "Agregar e Carregar na Camada Gold - Municipio" (ID: s-05709611E4T70FWO8UUZ): PENDING
[2024-10-30T20:31:11.343+0000] {logging_mixin.py:188} INFO - Status do passo "Agregar e Carregar na Camada Gold - Municipio" (ID: s-05709611E4T70FWO8UUZ): PENDING
[2024-10-30T20:31:21.842+0000] {logging_mixin.py:188} INFO - Status do passo "Agregar e Carregar na Camada Gold - Municipio" (ID: s-05709611E4T70FWO8UUZ): PENDING
[2024-10-30T20:31:32.313+0000] {logging_mixin.py:188} INFO - Status do passo "Agregar e Carregar na Camada Gold - Municipio" (ID: s-05709611E4T70FWO8UUZ): PENDING
[2024-10-30T20:31:42.797+0000] {logging_mixin.py:188} INFO - Status do passo "Agregar e Carregar na Camada Gold - Municipio" (ID: s-05709611E4T70FWO8UUZ): PENDING
[2024-10-30T20:31:53.312+0000] {logging_mixin.py:188} INFO - Status do passo "Agregar e Carregar na Camada Gold - Municipio" (ID: s-05709611E4T70FWO8UUZ): PENDING
[2024-10-30T20:32:03.788+0000] {logging_mixin.py:188} INFO - Status do passo "Agregar e Carregar na Camada Gold - Municipio" (ID: s-05709611E4T70FWO8UUZ): RUNNING
[2024-10-30T20:32:14.260+0000] {logging_mixin.py:188} INFO - Status do passo "Agregar e Carregar na Camada Gold - Municipio" (ID: s-05709611E4T70FWO8UUZ): RUNNING
[2024-10-30T20:32:24.753+0000] {logging_mixin.py:188} INFO - Status do passo "Agregar e Carregar na Camada Gold - Municipio" (ID: s-05709611E4T70FWO8UUZ): RUNNING
[2024-10-30T20:32:35.260+0000] {logging_mixin.py:188} INFO - Status do passo "Agregar e Carregar na Camada Gold - Municipio" (ID: s-05709611E4T70FWO8UUZ): RUNNING
[2024-10-30T20:32:45.822+0000] {logging_mixin.py:188} INFO - Status do passo "Agregar e Carregar na Camada Gold - Municipio" (ID: s-05709611E4T70FWO8UUZ): COMPLETED
[2024-10-30T20:32:45.823+0000] {python.py:202} INFO - Done. Returned value was: None
[2024-10-30T20:32:45.832+0000] {taskinstance.py:1149} INFO - Marking task as SUCCESS. dag_id=etl_queimadas, task_id=add_step_job_gold_municipio, execution_date=20241030T202153, start_date=20241030T203023, end_date=20241030T203245
[2024-10-30T20:32:45.864+0000] {local_task_job_runner.py:234} INFO - Task exited with return code 0
[2024-10-30T20:32:45.883+0000] {taskinstance.py:3309} INFO - 0 downstream tasks scheduled from follow-on schedule check
