[2024-10-31T13:40:26.381+0000] {taskinstance.py:1979} INFO - Dependencies all met for dep_context=non-requeueable deps ti=<TaskInstance: etl_queimadas.add_step_job_bronze scheduled__2024-10-30T13:35:00+00:00 [queued]>
[2024-10-31T13:40:26.387+0000] {taskinstance.py:1979} INFO - Dependencies all met for dep_context=requeueable deps ti=<TaskInstance: etl_queimadas.add_step_job_bronze scheduled__2024-10-30T13:35:00+00:00 [queued]>
[2024-10-31T13:40:26.387+0000] {taskinstance.py:2193} INFO - Starting attempt 1 of 1
[2024-10-31T13:40:26.395+0000] {taskinstance.py:2214} INFO - Executing <Task(PythonOperator): add_step_job_bronze> on 2024-10-30 13:35:00+00:00
[2024-10-31T13:40:26.401+0000] {standard_task_runner.py:60} INFO - Started process 9020 to run task
[2024-10-31T13:40:26.403+0000] {standard_task_runner.py:87} INFO - Running: ['***', 'tasks', 'run', 'etl_queimadas', 'add_step_job_bronze', 'scheduled__2024-10-30T13:35:00+00:00', '--job-id', '266', '--raw', '--subdir', 'DAGS_FOLDER/dag_cria_emr.py', '--cfg-path', '/tmp/tmph73wr8tp']
[2024-10-31T13:40:26.405+0000] {standard_task_runner.py:88} INFO - Job 266: Subtask add_step_job_bronze
[2024-10-31T13:40:26.434+0000] {task_command.py:423} INFO - Running <TaskInstance: etl_queimadas.add_step_job_bronze scheduled__2024-10-30T13:35:00+00:00 [running]> on host 3f04bb9d0c09
[2024-10-31T13:40:26.484+0000] {taskinstance.py:2510} INFO - Exporting env vars: AIRFLOW_CTX_DAG_OWNER='***' AIRFLOW_CTX_DAG_ID='etl_queimadas' AIRFLOW_CTX_TASK_ID='add_step_job_bronze' AIRFLOW_CTX_EXECUTION_DATE='2024-10-30T13:35:00+00:00' AIRFLOW_CTX_TRY_NUMBER='1' AIRFLOW_CTX_DAG_RUN_ID='scheduled__2024-10-30T13:35:00+00:00'
[2024-10-31T13:40:42.840+0000] {logging_mixin.py:188} INFO - Status do passo "Extrair e Carregar na camada Bronze" (ID: s-059214716CNG613JBO8H): PENDING
[2024-10-31T13:40:53.353+0000] {logging_mixin.py:188} INFO - Status do passo "Extrair e Carregar na camada Bronze" (ID: s-059214716CNG613JBO8H): PENDING
[2024-10-31T13:41:03.883+0000] {logging_mixin.py:188} INFO - Status do passo "Extrair e Carregar na camada Bronze" (ID: s-059214716CNG613JBO8H): PENDING
[2024-10-31T13:41:14.495+0000] {logging_mixin.py:188} INFO - Status do passo "Extrair e Carregar na camada Bronze" (ID: s-059214716CNG613JBO8H): RUNNING
[2024-10-31T13:41:25.140+0000] {logging_mixin.py:188} INFO - Status do passo "Extrair e Carregar na camada Bronze" (ID: s-059214716CNG613JBO8H): RUNNING
[2024-10-31T13:41:35.647+0000] {logging_mixin.py:188} INFO - Status do passo "Extrair e Carregar na camada Bronze" (ID: s-059214716CNG613JBO8H): RUNNING
[2024-10-31T13:41:46.215+0000] {logging_mixin.py:188} INFO - Status do passo "Extrair e Carregar na camada Bronze" (ID: s-059214716CNG613JBO8H): RUNNING
[2024-10-31T13:41:56.784+0000] {logging_mixin.py:188} INFO - Status do passo "Extrair e Carregar na camada Bronze" (ID: s-059214716CNG613JBO8H): COMPLETED
[2024-10-31T13:41:56.788+0000] {python.py:202} INFO - Done. Returned value was: None
[2024-10-31T13:41:56.813+0000] {taskinstance.py:1149} INFO - Marking task as SUCCESS. dag_id=etl_queimadas, task_id=add_step_job_bronze, execution_date=20241030T133500, start_date=20241031T134026, end_date=20241031T134156
[2024-10-31T13:41:56.904+0000] {local_task_job_runner.py:234} INFO - Task exited with return code 0
[2024-10-31T13:41:56.921+0000] {taskinstance.py:3309} INFO - 1 downstream tasks scheduled from follow-on schedule check
