[2024-10-30T00:36:19.674+0000] {taskinstance.py:1979} INFO - Dependencies all met for dep_context=non-requeueable deps ti=<TaskInstance: etl_queimadas.add_step_job_silver manual__2024-10-30T00:29:40.219650+00:00 [queued]>
[2024-10-30T00:36:19.683+0000] {taskinstance.py:1979} INFO - Dependencies all met for dep_context=requeueable deps ti=<TaskInstance: etl_queimadas.add_step_job_silver manual__2024-10-30T00:29:40.219650+00:00 [queued]>
[2024-10-30T00:36:19.683+0000] {taskinstance.py:2193} INFO - Starting attempt 1 of 1
[2024-10-30T00:36:19.695+0000] {taskinstance.py:2214} INFO - Executing <Task(PythonOperator): add_step_job_silver> on 2024-10-30 00:29:40.219650+00:00
[2024-10-30T00:36:19.701+0000] {standard_task_runner.py:60} INFO - Started process 1005 to run task
[2024-10-30T00:36:19.704+0000] {standard_task_runner.py:87} INFO - Running: ['***', 'tasks', 'run', 'etl_queimadas', 'add_step_job_silver', 'manual__2024-10-30T00:29:40.219650+00:00', '--job-id', '214', '--raw', '--subdir', 'DAGS_FOLDER/dag_cria_emr.py', '--cfg-path', '/tmp/tmp92uq4mdn']
[2024-10-30T00:36:19.705+0000] {standard_task_runner.py:88} INFO - Job 214: Subtask add_step_job_silver
[2024-10-30T00:36:19.741+0000] {task_command.py:423} INFO - Running <TaskInstance: etl_queimadas.add_step_job_silver manual__2024-10-30T00:29:40.219650+00:00 [running]> on host 3f04bb9d0c09
[2024-10-30T00:36:19.808+0000] {taskinstance.py:2510} INFO - Exporting env vars: AIRFLOW_CTX_DAG_OWNER='***' AIRFLOW_CTX_DAG_ID='etl_queimadas' AIRFLOW_CTX_TASK_ID='add_step_job_silver' AIRFLOW_CTX_EXECUTION_DATE='2024-10-30T00:29:40.219650+00:00' AIRFLOW_CTX_TRY_NUMBER='1' AIRFLOW_CTX_DAG_RUN_ID='manual__2024-10-30T00:29:40.219650+00:00'
[2024-10-30T00:36:36.026+0000] {logging_mixin.py:188} INFO - Status do passo "Transformar e Carregar na Camada Silver" (ID: s-02060522L8ZBI98WKTVX): PENDING
[2024-10-30T00:36:46.654+0000] {logging_mixin.py:188} INFO - Status do passo "Transformar e Carregar na Camada Silver" (ID: s-02060522L8ZBI98WKTVX): PENDING
[2024-10-30T00:36:57.207+0000] {logging_mixin.py:188} INFO - Status do passo "Transformar e Carregar na Camada Silver" (ID: s-02060522L8ZBI98WKTVX): PENDING
[2024-10-30T00:37:07.772+0000] {logging_mixin.py:188} INFO - Status do passo "Transformar e Carregar na Camada Silver" (ID: s-02060522L8ZBI98WKTVX): PENDING
[2024-10-30T00:37:18.326+0000] {logging_mixin.py:188} INFO - Status do passo "Transformar e Carregar na Camada Silver" (ID: s-02060522L8ZBI98WKTVX): RUNNING
[2024-10-30T00:37:28.812+0000] {logging_mixin.py:188} INFO - Status do passo "Transformar e Carregar na Camada Silver" (ID: s-02060522L8ZBI98WKTVX): RUNNING
[2024-10-30T00:37:39.306+0000] {logging_mixin.py:188} INFO - Status do passo "Transformar e Carregar na Camada Silver" (ID: s-02060522L8ZBI98WKTVX): RUNNING
[2024-10-30T00:37:49.909+0000] {logging_mixin.py:188} INFO - Status do passo "Transformar e Carregar na Camada Silver" (ID: s-02060522L8ZBI98WKTVX): RUNNING
[2024-10-30T00:38:00.489+0000] {logging_mixin.py:188} INFO - Status do passo "Transformar e Carregar na Camada Silver" (ID: s-02060522L8ZBI98WKTVX): RUNNING
[2024-10-30T00:38:11.156+0000] {logging_mixin.py:188} INFO - Status do passo "Transformar e Carregar na Camada Silver" (ID: s-02060522L8ZBI98WKTVX): RUNNING
[2024-10-30T00:38:21.669+0000] {logging_mixin.py:188} INFO - Status do passo "Transformar e Carregar na Camada Silver" (ID: s-02060522L8ZBI98WKTVX): RUNNING
[2024-10-30T00:38:32.276+0000] {logging_mixin.py:188} INFO - Status do passo "Transformar e Carregar na Camada Silver" (ID: s-02060522L8ZBI98WKTVX): RUNNING
[2024-10-30T00:38:42.797+0000] {logging_mixin.py:188} INFO - Status do passo "Transformar e Carregar na Camada Silver" (ID: s-02060522L8ZBI98WKTVX): RUNNING
[2024-10-30T00:38:53.541+0000] {logging_mixin.py:188} INFO - Status do passo "Transformar e Carregar na Camada Silver" (ID: s-02060522L8ZBI98WKTVX): RUNNING
[2024-10-30T00:39:04.052+0000] {logging_mixin.py:188} INFO - Status do passo "Transformar e Carregar na Camada Silver" (ID: s-02060522L8ZBI98WKTVX): RUNNING
[2024-10-30T00:39:14.670+0000] {logging_mixin.py:188} INFO - Status do passo "Transformar e Carregar na Camada Silver" (ID: s-02060522L8ZBI98WKTVX): RUNNING
[2024-10-30T00:39:25.213+0000] {logging_mixin.py:188} INFO - Status do passo "Transformar e Carregar na Camada Silver" (ID: s-02060522L8ZBI98WKTVX): COMPLETED
[2024-10-30T00:39:25.214+0000] {python.py:202} INFO - Done. Returned value was: None
[2024-10-30T00:39:25.220+0000] {taskinstance.py:1149} INFO - Marking task as SUCCESS. dag_id=etl_queimadas, task_id=add_step_job_silver, execution_date=20241030T002940, start_date=20241030T003619, end_date=20241030T003925
[2024-10-30T00:39:25.251+0000] {local_task_job_runner.py:234} INFO - Task exited with return code 0
[2024-10-30T00:39:25.264+0000] {taskinstance.py:3309} INFO - 0 downstream tasks scheduled from follow-on schedule check
