[2024-10-31T13:44:23.546+0000] {taskinstance.py:1979} INFO - Dependencies all met for dep_context=non-requeueable deps ti=<TaskInstance: etl_queimadas.add_step_job_gold_municipio scheduled__2024-10-30T13:35:00+00:00 [queued]>
[2024-10-31T13:44:23.555+0000] {taskinstance.py:1979} INFO - Dependencies all met for dep_context=requeueable deps ti=<TaskInstance: etl_queimadas.add_step_job_gold_municipio scheduled__2024-10-30T13:35:00+00:00 [queued]>
[2024-10-31T13:44:23.555+0000] {taskinstance.py:2193} INFO - Starting attempt 1 of 1
[2024-10-31T13:44:23.565+0000] {taskinstance.py:2214} INFO - Executing <Task(PythonOperator): add_step_job_gold_municipio> on 2024-10-30 13:35:00+00:00
[2024-10-31T13:44:23.571+0000] {standard_task_runner.py:60} INFO - Started process 9094 to run task
[2024-10-31T13:44:23.573+0000] {standard_task_runner.py:87} INFO - Running: ['***', 'tasks', 'run', 'etl_queimadas', 'add_step_job_gold_municipio', 'scheduled__2024-10-30T13:35:00+00:00', '--job-id', '269', '--raw', '--subdir', 'DAGS_FOLDER/dag_cria_emr.py', '--cfg-path', '/tmp/tmpja7od8t0']
[2024-10-31T13:44:23.575+0000] {standard_task_runner.py:88} INFO - Job 269: Subtask add_step_job_gold_municipio
[2024-10-31T13:44:23.607+0000] {task_command.py:423} INFO - Running <TaskInstance: etl_queimadas.add_step_job_gold_municipio scheduled__2024-10-30T13:35:00+00:00 [running]> on host 3f04bb9d0c09
[2024-10-31T13:44:23.679+0000] {taskinstance.py:2510} INFO - Exporting env vars: AIRFLOW_CTX_DAG_OWNER='***' AIRFLOW_CTX_DAG_ID='etl_queimadas' AIRFLOW_CTX_TASK_ID='add_step_job_gold_municipio' AIRFLOW_CTX_EXECUTION_DATE='2024-10-30T13:35:00+00:00' AIRFLOW_CTX_TRY_NUMBER='1' AIRFLOW_CTX_DAG_RUN_ID='scheduled__2024-10-30T13:35:00+00:00'
[2024-10-31T13:44:39.871+0000] {logging_mixin.py:188} INFO - Status do passo "Agregar e Carregar na Camada Gold - Municipio" (ID: s-046534828YPZSZ5L030D): PENDING
[2024-10-31T13:44:50.358+0000] {logging_mixin.py:188} INFO - Status do passo "Agregar e Carregar na Camada Gold - Municipio" (ID: s-046534828YPZSZ5L030D): PENDING
[2024-10-31T13:45:00.826+0000] {logging_mixin.py:188} INFO - Status do passo "Agregar e Carregar na Camada Gold - Municipio" (ID: s-046534828YPZSZ5L030D): PENDING
[2024-10-31T13:45:11.346+0000] {logging_mixin.py:188} INFO - Status do passo "Agregar e Carregar na Camada Gold - Municipio" (ID: s-046534828YPZSZ5L030D): PENDING
[2024-10-31T13:45:21.885+0000] {logging_mixin.py:188} INFO - Status do passo "Agregar e Carregar na Camada Gold - Municipio" (ID: s-046534828YPZSZ5L030D): PENDING
[2024-10-31T13:45:32.371+0000] {logging_mixin.py:188} INFO - Status do passo "Agregar e Carregar na Camada Gold - Municipio" (ID: s-046534828YPZSZ5L030D): PENDING
[2024-10-31T13:45:42.850+0000] {logging_mixin.py:188} INFO - Status do passo "Agregar e Carregar na Camada Gold - Municipio" (ID: s-046534828YPZSZ5L030D): RUNNING
[2024-10-31T13:45:53.403+0000] {logging_mixin.py:188} INFO - Status do passo "Agregar e Carregar na Camada Gold - Municipio" (ID: s-046534828YPZSZ5L030D): RUNNING
[2024-10-31T13:46:03.922+0000] {logging_mixin.py:188} INFO - Status do passo "Agregar e Carregar na Camada Gold - Municipio" (ID: s-046534828YPZSZ5L030D): RUNNING
[2024-10-31T13:46:14.527+0000] {logging_mixin.py:188} INFO - Status do passo "Agregar e Carregar na Camada Gold - Municipio" (ID: s-046534828YPZSZ5L030D): RUNNING
[2024-10-31T13:46:25.087+0000] {logging_mixin.py:188} INFO - Status do passo "Agregar e Carregar na Camada Gold - Municipio" (ID: s-046534828YPZSZ5L030D): RUNNING
[2024-10-31T13:46:35.718+0000] {logging_mixin.py:188} INFO - Status do passo "Agregar e Carregar na Camada Gold - Municipio" (ID: s-046534828YPZSZ5L030D): RUNNING
[2024-10-31T13:46:46.227+0000] {logging_mixin.py:188} INFO - Status do passo "Agregar e Carregar na Camada Gold - Municipio" (ID: s-046534828YPZSZ5L030D): COMPLETED
[2024-10-31T13:46:46.228+0000] {python.py:202} INFO - Done. Returned value was: None
[2024-10-31T13:46:46.236+0000] {taskinstance.py:1149} INFO - Marking task as SUCCESS. dag_id=etl_queimadas, task_id=add_step_job_gold_municipio, execution_date=20241030T133500, start_date=20241031T134423, end_date=20241031T134646
[2024-10-31T13:46:46.283+0000] {local_task_job_runner.py:234} INFO - Task exited with return code 0
[2024-10-31T13:46:46.298+0000] {taskinstance.py:3309} INFO - 0 downstream tasks scheduled from follow-on schedule check
