[2024-11-04T13:41:33.730+0000] {taskinstance.py:1979} INFO - Dependencies all met for dep_context=non-requeueable deps ti=<TaskInstance: etl_queimadas.add_step_job_gold_bioma scheduled__2024-11-03T13:35:00+00:00 [queued]>
[2024-11-04T13:41:33.738+0000] {taskinstance.py:1979} INFO - Dependencies all met for dep_context=requeueable deps ti=<TaskInstance: etl_queimadas.add_step_job_gold_bioma scheduled__2024-11-03T13:35:00+00:00 [queued]>
[2024-11-04T13:41:33.739+0000] {taskinstance.py:2193} INFO - Starting attempt 1 of 1
[2024-11-04T13:41:33.752+0000] {taskinstance.py:2214} INFO - Executing <Task(PythonOperator): add_step_job_gold_bioma> on 2024-11-03 13:35:00+00:00
[2024-11-04T13:41:33.758+0000] {standard_task_runner.py:60} INFO - Started process 541 to run task
[2024-11-04T13:41:33.760+0000] {standard_task_runner.py:87} INFO - Running: ['***', 'tasks', 'run', 'etl_queimadas', 'add_step_job_gold_bioma', 'scheduled__2024-11-03T13:35:00+00:00', '--job-id', '311', '--raw', '--subdir', 'DAGS_FOLDER/dag_cria_emr.py', '--cfg-path', '/tmp/tmp3ezm98l7']
[2024-11-04T13:41:33.762+0000] {standard_task_runner.py:88} INFO - Job 311: Subtask add_step_job_gold_bioma
[2024-11-04T13:41:33.802+0000] {task_command.py:423} INFO - Running <TaskInstance: etl_queimadas.add_step_job_gold_bioma scheduled__2024-11-03T13:35:00+00:00 [running]> on host 3f04bb9d0c09
[2024-11-04T13:41:33.885+0000] {taskinstance.py:2510} INFO - Exporting env vars: AIRFLOW_CTX_DAG_OWNER='***' AIRFLOW_CTX_DAG_ID='etl_queimadas' AIRFLOW_CTX_TASK_ID='add_step_job_gold_bioma' AIRFLOW_CTX_EXECUTION_DATE='2024-11-03T13:35:00+00:00' AIRFLOW_CTX_TRY_NUMBER='1' AIRFLOW_CTX_DAG_RUN_ID='scheduled__2024-11-03T13:35:00+00:00'
[2024-11-04T13:41:50.178+0000] {logging_mixin.py:188} INFO - Status do passo "Agregar e Carregar na Camada Gold - Bioma" (ID: s-00884043H72LPVT6ULZF): PENDING
[2024-11-04T13:42:00.729+0000] {logging_mixin.py:188} INFO - Status do passo "Agregar e Carregar na Camada Gold - Bioma" (ID: s-00884043H72LPVT6ULZF): PENDING
[2024-11-04T13:42:11.255+0000] {logging_mixin.py:188} INFO - Status do passo "Agregar e Carregar na Camada Gold - Bioma" (ID: s-00884043H72LPVT6ULZF): PENDING
[2024-11-04T13:42:21.770+0000] {logging_mixin.py:188} INFO - Status do passo "Agregar e Carregar na Camada Gold - Bioma" (ID: s-00884043H72LPVT6ULZF): PENDING
[2024-11-04T13:42:32.253+0000] {logging_mixin.py:188} INFO - Status do passo "Agregar e Carregar na Camada Gold - Bioma" (ID: s-00884043H72LPVT6ULZF): PENDING
[2024-11-04T13:42:42.762+0000] {logging_mixin.py:188} INFO - Status do passo "Agregar e Carregar na Camada Gold - Bioma" (ID: s-00884043H72LPVT6ULZF): PENDING
[2024-11-04T13:42:53.234+0000] {logging_mixin.py:188} INFO - Status do passo "Agregar e Carregar na Camada Gold - Bioma" (ID: s-00884043H72LPVT6ULZF): PENDING
[2024-11-04T13:43:03.723+0000] {logging_mixin.py:188} INFO - Status do passo "Agregar e Carregar na Camada Gold - Bioma" (ID: s-00884043H72LPVT6ULZF): PENDING
[2024-11-04T13:43:14.221+0000] {logging_mixin.py:188} INFO - Status do passo "Agregar e Carregar na Camada Gold - Bioma" (ID: s-00884043H72LPVT6ULZF): PENDING
[2024-11-04T13:43:24.737+0000] {logging_mixin.py:188} INFO - Status do passo "Agregar e Carregar na Camada Gold - Bioma" (ID: s-00884043H72LPVT6ULZF): PENDING
[2024-11-04T13:43:35.227+0000] {logging_mixin.py:188} INFO - Status do passo "Agregar e Carregar na Camada Gold - Bioma" (ID: s-00884043H72LPVT6ULZF): PENDING
[2024-11-04T13:43:45.758+0000] {logging_mixin.py:188} INFO - Status do passo "Agregar e Carregar na Camada Gold - Bioma" (ID: s-00884043H72LPVT6ULZF): PENDING
[2024-11-04T13:43:56.286+0000] {logging_mixin.py:188} INFO - Status do passo "Agregar e Carregar na Camada Gold - Bioma" (ID: s-00884043H72LPVT6ULZF): RUNNING
[2024-11-04T13:44:06.741+0000] {logging_mixin.py:188} INFO - Status do passo "Agregar e Carregar na Camada Gold - Bioma" (ID: s-00884043H72LPVT6ULZF): RUNNING
[2024-11-04T13:44:17.245+0000] {logging_mixin.py:188} INFO - Status do passo "Agregar e Carregar na Camada Gold - Bioma" (ID: s-00884043H72LPVT6ULZF): RUNNING
[2024-11-04T13:44:27.815+0000] {logging_mixin.py:188} INFO - Status do passo "Agregar e Carregar na Camada Gold - Bioma" (ID: s-00884043H72LPVT6ULZF): RUNNING
[2024-11-04T13:44:38.414+0000] {logging_mixin.py:188} INFO - Status do passo "Agregar e Carregar na Camada Gold - Bioma" (ID: s-00884043H72LPVT6ULZF): RUNNING
[2024-11-04T13:44:48.903+0000] {logging_mixin.py:188} INFO - Status do passo "Agregar e Carregar na Camada Gold - Bioma" (ID: s-00884043H72LPVT6ULZF): COMPLETED
[2024-11-04T13:44:48.905+0000] {python.py:202} INFO - Done. Returned value was: None
[2024-11-04T13:44:48.913+0000] {taskinstance.py:1149} INFO - Marking task as SUCCESS. dag_id=etl_queimadas, task_id=add_step_job_gold_bioma, execution_date=20241103T133500, start_date=20241104T134133, end_date=20241104T134448
[2024-11-04T13:44:48.927+0000] {local_task_job_runner.py:234} INFO - Task exited with return code 0
[2024-11-04T13:44:48.940+0000] {taskinstance.py:3309} INFO - 1 downstream tasks scheduled from follow-on schedule check
