[2024-10-25T15:22:23.298+0000] {taskinstance.py:1979} INFO - Dependencies all met for dep_context=non-requeueable deps ti=<TaskInstance: etl_queimadas.add_step_job manual__2024-10-25T15:16:57.245877+00:00 [queued]>
[2024-10-25T15:22:23.303+0000] {taskinstance.py:1979} INFO - Dependencies all met for dep_context=requeueable deps ti=<TaskInstance: etl_queimadas.add_step_job manual__2024-10-25T15:16:57.245877+00:00 [queued]>
[2024-10-25T15:22:23.304+0000] {taskinstance.py:2193} INFO - Starting attempt 1 of 1
[2024-10-25T15:22:23.315+0000] {taskinstance.py:2214} INFO - Executing <Task(PythonOperator): add_step_job> on 2024-10-25 15:16:57.245877+00:00
[2024-10-25T15:22:23.320+0000] {standard_task_runner.py:60} INFO - Started process 4067 to run task
[2024-10-25T15:22:23.323+0000] {standard_task_runner.py:87} INFO - Running: ['***', 'tasks', 'run', 'etl_queimadas', 'add_step_job', 'manual__2024-10-25T15:16:57.245877+00:00', '--job-id', '148', '--raw', '--subdir', 'DAGS_FOLDER/dag_cria_emr.py', '--cfg-path', '/tmp/tmpk2cnranp']
[2024-10-25T15:22:23.324+0000] {standard_task_runner.py:88} INFO - Job 148: Subtask add_step_job
[2024-10-25T15:22:23.352+0000] {task_command.py:423} INFO - Running <TaskInstance: etl_queimadas.add_step_job manual__2024-10-25T15:16:57.245877+00:00 [running]> on host 622b1ac036ca
[2024-10-25T15:22:23.404+0000] {taskinstance.py:2510} INFO - Exporting env vars: AIRFLOW_CTX_DAG_OWNER='***' AIRFLOW_CTX_DAG_ID='etl_queimadas' AIRFLOW_CTX_TASK_ID='add_step_job' AIRFLOW_CTX_EXECUTION_DATE='2024-10-25T15:16:57.245877+00:00' AIRFLOW_CTX_TRY_NUMBER='1' AIRFLOW_CTX_DAG_RUN_ID='manual__2024-10-25T15:16:57.245877+00:00'
[2024-10-25T15:23:34.752+0000] {logging_mixin.py:188} INFO - Status do passo "Executar script Python" (ID: s-044425023R443KT2A691): PENDING
[2024-10-25T15:23:45.317+0000] {logging_mixin.py:188} INFO - Status do passo "Executar script Python" (ID: s-044425023R443KT2A691): PENDING
[2024-10-25T15:23:55.953+0000] {logging_mixin.py:188} INFO - Status do passo "Executar script Python" (ID: s-044425023R443KT2A691): RUNNING
[2024-10-25T15:24:06.476+0000] {logging_mixin.py:188} INFO - Status do passo "Executar script Python" (ID: s-044425023R443KT2A691): RUNNING
[2024-10-25T15:24:16.966+0000] {logging_mixin.py:188} INFO - Status do passo "Executar script Python" (ID: s-044425023R443KT2A691): RUNNING
[2024-10-25T15:24:27.503+0000] {logging_mixin.py:188} INFO - Status do passo "Executar script Python" (ID: s-044425023R443KT2A691): RUNNING
[2024-10-25T15:24:38.165+0000] {logging_mixin.py:188} INFO - Status do passo "Executar script Python" (ID: s-044425023R443KT2A691): COMPLETED
[2024-10-25T15:24:38.166+0000] {python.py:202} INFO - Done. Returned value was: None
[2024-10-25T15:24:38.172+0000] {taskinstance.py:1149} INFO - Marking task as SUCCESS. dag_id=etl_queimadas, task_id=add_step_job, execution_date=20241025T151657, start_date=20241025T152223, end_date=20241025T152438
[2024-10-25T15:24:38.227+0000] {local_task_job_runner.py:234} INFO - Task exited with return code 0
[2024-10-25T15:24:38.241+0000] {taskinstance.py:3309} INFO - 1 downstream tasks scheduled from follow-on schedule check
