[2024-10-31T13:44:23.551+0000] {taskinstance.py:1979} INFO - Dependencies all met for dep_context=non-requeueable deps ti=<TaskInstance: etl_queimadas.add_step_job_gold_estado scheduled__2024-10-30T13:35:00+00:00 [queued]>
[2024-10-31T13:44:23.561+0000] {taskinstance.py:1979} INFO - Dependencies all met for dep_context=requeueable deps ti=<TaskInstance: etl_queimadas.add_step_job_gold_estado scheduled__2024-10-30T13:35:00+00:00 [queued]>
[2024-10-31T13:44:23.562+0000] {taskinstance.py:2193} INFO - Starting attempt 1 of 1
[2024-10-31T13:44:23.576+0000] {taskinstance.py:2214} INFO - Executing <Task(PythonOperator): add_step_job_gold_estado> on 2024-10-30 13:35:00+00:00
[2024-10-31T13:44:23.584+0000] {standard_task_runner.py:60} INFO - Started process 9095 to run task
[2024-10-31T13:44:23.586+0000] {standard_task_runner.py:87} INFO - Running: ['***', 'tasks', 'run', 'etl_queimadas', 'add_step_job_gold_estado', 'scheduled__2024-10-30T13:35:00+00:00', '--job-id', '268', '--raw', '--subdir', 'DAGS_FOLDER/dag_cria_emr.py', '--cfg-path', '/tmp/tmp1dxgv7ea']
[2024-10-31T13:44:23.587+0000] {standard_task_runner.py:88} INFO - Job 268: Subtask add_step_job_gold_estado
[2024-10-31T13:44:23.625+0000] {task_command.py:423} INFO - Running <TaskInstance: etl_queimadas.add_step_job_gold_estado scheduled__2024-10-30T13:35:00+00:00 [running]> on host 3f04bb9d0c09
[2024-10-31T13:44:23.684+0000] {taskinstance.py:2510} INFO - Exporting env vars: AIRFLOW_CTX_DAG_OWNER='***' AIRFLOW_CTX_DAG_ID='etl_queimadas' AIRFLOW_CTX_TASK_ID='add_step_job_gold_estado' AIRFLOW_CTX_EXECUTION_DATE='2024-10-30T13:35:00+00:00' AIRFLOW_CTX_TRY_NUMBER='1' AIRFLOW_CTX_DAG_RUN_ID='scheduled__2024-10-30T13:35:00+00:00'
[2024-10-31T13:44:39.792+0000] {logging_mixin.py:188} INFO - Status do passo "Agregar e Carregar na Camada Gold - Estado" (ID: s-0279917H5KNV2P89FSZ): PENDING
[2024-10-31T13:44:50.320+0000] {logging_mixin.py:188} INFO - Status do passo "Agregar e Carregar na Camada Gold - Estado" (ID: s-0279917H5KNV2P89FSZ): PENDING
[2024-10-31T13:45:00.843+0000] {logging_mixin.py:188} INFO - Status do passo "Agregar e Carregar na Camada Gold - Estado" (ID: s-0279917H5KNV2P89FSZ): RUNNING
[2024-10-31T13:45:11.318+0000] {logging_mixin.py:188} INFO - Status do passo "Agregar e Carregar na Camada Gold - Estado" (ID: s-0279917H5KNV2P89FSZ): RUNNING
[2024-10-31T13:45:21.779+0000] {logging_mixin.py:188} INFO - Status do passo "Agregar e Carregar na Camada Gold - Estado" (ID: s-0279917H5KNV2P89FSZ): RUNNING
[2024-10-31T13:45:32.279+0000] {logging_mixin.py:188} INFO - Status do passo "Agregar e Carregar na Camada Gold - Estado" (ID: s-0279917H5KNV2P89FSZ): RUNNING
[2024-10-31T13:45:42.785+0000] {logging_mixin.py:188} INFO - Status do passo "Agregar e Carregar na Camada Gold - Estado" (ID: s-0279917H5KNV2P89FSZ): COMPLETED
[2024-10-31T13:45:42.786+0000] {python.py:202} INFO - Done. Returned value was: None
[2024-10-31T13:45:42.792+0000] {taskinstance.py:1149} INFO - Marking task as SUCCESS. dag_id=etl_queimadas, task_id=add_step_job_gold_estado, execution_date=20241030T133500, start_date=20241031T134423, end_date=20241031T134542
[2024-10-31T13:45:42.812+0000] {local_task_job_runner.py:234} INFO - Task exited with return code 0
[2024-10-31T13:45:42.827+0000] {taskinstance.py:3309} INFO - 0 downstream tasks scheduled from follow-on schedule check
