[2024-10-30T13:06:03.526+0000] {taskinstance.py:1979} INFO - Dependencies all met for dep_context=non-requeueable deps ti=<TaskInstance: etl_queimadas.add_step_job_silver manual__2024-10-30T13:00:27.673311+00:00 [queued]>
[2024-10-30T13:06:03.536+0000] {taskinstance.py:1979} INFO - Dependencies all met for dep_context=requeueable deps ti=<TaskInstance: etl_queimadas.add_step_job_silver manual__2024-10-30T13:00:27.673311+00:00 [queued]>
[2024-10-30T13:06:03.536+0000] {taskinstance.py:2193} INFO - Starting attempt 1 of 1
[2024-10-30T13:06:03.549+0000] {taskinstance.py:2214} INFO - Executing <Task(PythonOperator): add_step_job_silver> on 2024-10-30 13:00:27.673311+00:00
[2024-10-30T13:06:03.554+0000] {standard_task_runner.py:60} INFO - Started process 406 to run task
[2024-10-30T13:06:03.556+0000] {standard_task_runner.py:87} INFO - Running: ['***', 'tasks', 'run', 'etl_queimadas', 'add_step_job_silver', 'manual__2024-10-30T13:00:27.673311+00:00', '--job-id', '222', '--raw', '--subdir', 'DAGS_FOLDER/dag_cria_emr.py', '--cfg-path', '/tmp/tmpeqyl7rk3']
[2024-10-30T13:06:03.558+0000] {standard_task_runner.py:88} INFO - Job 222: Subtask add_step_job_silver
[2024-10-30T13:06:03.587+0000] {task_command.py:423} INFO - Running <TaskInstance: etl_queimadas.add_step_job_silver manual__2024-10-30T13:00:27.673311+00:00 [running]> on host 3f04bb9d0c09
[2024-10-30T13:06:03.649+0000] {taskinstance.py:2510} INFO - Exporting env vars: AIRFLOW_CTX_DAG_OWNER='***' AIRFLOW_CTX_DAG_ID='etl_queimadas' AIRFLOW_CTX_TASK_ID='add_step_job_silver' AIRFLOW_CTX_EXECUTION_DATE='2024-10-30T13:00:27.673311+00:00' AIRFLOW_CTX_TRY_NUMBER='1' AIRFLOW_CTX_DAG_RUN_ID='manual__2024-10-30T13:00:27.673311+00:00'
[2024-10-30T13:06:19.926+0000] {logging_mixin.py:188} INFO - Status do passo "Transformar e Carregar na Camada Silver" (ID: s-02043921SNV4LUQ2NJ6Z): PENDING
[2024-10-30T13:06:30.434+0000] {logging_mixin.py:188} INFO - Status do passo "Transformar e Carregar na Camada Silver" (ID: s-02043921SNV4LUQ2NJ6Z): PENDING
[2024-10-30T13:06:41.017+0000] {logging_mixin.py:188} INFO - Status do passo "Transformar e Carregar na Camada Silver" (ID: s-02043921SNV4LUQ2NJ6Z): PENDING
[2024-10-30T13:06:51.551+0000] {logging_mixin.py:188} INFO - Status do passo "Transformar e Carregar na Camada Silver" (ID: s-02043921SNV4LUQ2NJ6Z): PENDING
[2024-10-30T13:07:02.095+0000] {logging_mixin.py:188} INFO - Status do passo "Transformar e Carregar na Camada Silver" (ID: s-02043921SNV4LUQ2NJ6Z): PENDING
[2024-10-30T13:07:12.615+0000] {logging_mixin.py:188} INFO - Status do passo "Transformar e Carregar na Camada Silver" (ID: s-02043921SNV4LUQ2NJ6Z): RUNNING
[2024-10-30T13:07:23.116+0000] {logging_mixin.py:188} INFO - Status do passo "Transformar e Carregar na Camada Silver" (ID: s-02043921SNV4LUQ2NJ6Z): RUNNING
[2024-10-30T13:07:33.753+0000] {logging_mixin.py:188} INFO - Status do passo "Transformar e Carregar na Camada Silver" (ID: s-02043921SNV4LUQ2NJ6Z): RUNNING
[2024-10-30T13:07:44.257+0000] {logging_mixin.py:188} INFO - Status do passo "Transformar e Carregar na Camada Silver" (ID: s-02043921SNV4LUQ2NJ6Z): RUNNING
[2024-10-30T13:07:54.846+0000] {logging_mixin.py:188} INFO - Status do passo "Transformar e Carregar na Camada Silver" (ID: s-02043921SNV4LUQ2NJ6Z): RUNNING
[2024-10-30T13:08:05.497+0000] {logging_mixin.py:188} INFO - Status do passo "Transformar e Carregar na Camada Silver" (ID: s-02043921SNV4LUQ2NJ6Z): RUNNING
[2024-10-30T13:08:16.043+0000] {logging_mixin.py:188} INFO - Status do passo "Transformar e Carregar na Camada Silver" (ID: s-02043921SNV4LUQ2NJ6Z): RUNNING
[2024-10-30T13:08:26.538+0000] {logging_mixin.py:188} INFO - Status do passo "Transformar e Carregar na Camada Silver" (ID: s-02043921SNV4LUQ2NJ6Z): COMPLETED
[2024-10-30T13:08:26.542+0000] {python.py:202} INFO - Done. Returned value was: None
[2024-10-30T13:08:26.568+0000] {taskinstance.py:1149} INFO - Marking task as SUCCESS. dag_id=etl_queimadas, task_id=add_step_job_silver, execution_date=20241030T130027, start_date=20241030T130603, end_date=20241030T130826
[2024-10-30T13:08:26.606+0000] {local_task_job_runner.py:234} INFO - Task exited with return code 0
[2024-10-30T13:08:26.651+0000] {taskinstance.py:3309} INFO - 1 downstream tasks scheduled from follow-on schedule check
