[2024-10-25T13:52:49.014+0000] {taskinstance.py:1979} INFO - Dependencies all met for dep_context=non-requeueable deps ti=<TaskInstance: etl_queimadas.wait_step_job manual__2024-10-25T13:47:22.330181+00:00 [queued]>
[2024-10-25T13:52:49.020+0000] {taskinstance.py:1979} INFO - Dependencies all met for dep_context=requeueable deps ti=<TaskInstance: etl_queimadas.wait_step_job manual__2024-10-25T13:47:22.330181+00:00 [queued]>
[2024-10-25T13:52:49.021+0000] {taskinstance.py:2193} INFO - Starting attempt 1 of 1
[2024-10-25T13:52:49.030+0000] {taskinstance.py:2214} INFO - Executing <Task(PythonOperator): wait_step_job> on 2024-10-25 13:47:22.330181+00:00
[2024-10-25T13:52:49.044+0000] {standard_task_runner.py:60} INFO - Started process 2665 to run task
[2024-10-25T13:52:49.046+0000] {standard_task_runner.py:87} INFO - Running: ['***', 'tasks', 'run', 'etl_queimadas', 'wait_step_job', 'manual__2024-10-25T13:47:22.330181+00:00', '--job-id', '131', '--raw', '--subdir', 'DAGS_FOLDER/dag_cria_emr.py', '--cfg-path', '/tmp/tmplo4q7hv3']
[2024-10-25T13:52:49.047+0000] {standard_task_runner.py:88} INFO - Job 131: Subtask wait_step_job
[2024-10-25T13:52:49.076+0000] {task_command.py:423} INFO - Running <TaskInstance: etl_queimadas.wait_step_job manual__2024-10-25T13:47:22.330181+00:00 [running]> on host 622b1ac036ca
[2024-10-25T13:52:49.129+0000] {taskinstance.py:2510} INFO - Exporting env vars: AIRFLOW_CTX_DAG_OWNER='***' AIRFLOW_CTX_DAG_ID='etl_queimadas' AIRFLOW_CTX_TASK_ID='wait_step_job' AIRFLOW_CTX_EXECUTION_DATE='2024-10-25T13:47:22.330181+00:00' AIRFLOW_CTX_TRY_NUMBER='1' AIRFLOW_CTX_DAG_RUN_ID='manual__2024-10-25T13:47:22.330181+00:00'
[2024-10-25T13:52:49.748+0000] {logging_mixin.py:188} INFO - Executando step job... Estado: PENDING
[2024-10-25T13:53:00.264+0000] {logging_mixin.py:188} INFO - Executando step job... Estado: PENDING
[2024-10-25T13:53:10.866+0000] {logging_mixin.py:188} INFO - Executando step job... Estado: PENDING
[2024-10-25T13:53:21.373+0000] {logging_mixin.py:188} INFO - Executando step job... Estado: PENDING
[2024-10-25T13:53:32.057+0000] {logging_mixin.py:188} INFO - Executando step job... Estado: RUNNING
[2024-10-25T13:53:42.528+0000] {logging_mixin.py:188} INFO - Executando step job... Estado: RUNNING
[2024-10-25T13:53:53.099+0000] {logging_mixin.py:188} INFO - Step job finalizado... Estado: COMPLETED
[2024-10-25T13:53:53.101+0000] {python.py:202} INFO - Done. Returned value was: None
[2024-10-25T13:53:53.108+0000] {taskinstance.py:1149} INFO - Marking task as SUCCESS. dag_id=etl_queimadas, task_id=wait_step_job, execution_date=20241025T134722, start_date=20241025T135249, end_date=20241025T135353
[2024-10-25T13:53:53.126+0000] {local_task_job_runner.py:234} INFO - Task exited with return code 0
[2024-10-25T13:53:53.140+0000] {taskinstance.py:3309} INFO - 1 downstream tasks scheduled from follow-on schedule check
