[2024-10-25T19:55:29.768+0000] {taskinstance.py:1979} INFO - Dependencies all met for dep_context=non-requeueable deps ti=<TaskInstance: etl_queimadas.add_step_job manual__2024-10-25T19:49:58.879070+00:00 [queued]>
[2024-10-25T19:55:29.774+0000] {taskinstance.py:1979} INFO - Dependencies all met for dep_context=requeueable deps ti=<TaskInstance: etl_queimadas.add_step_job manual__2024-10-25T19:49:58.879070+00:00 [queued]>
[2024-10-25T19:55:29.775+0000] {taskinstance.py:2193} INFO - Starting attempt 1 of 1
[2024-10-25T19:55:29.785+0000] {taskinstance.py:2214} INFO - Executing <Task(PythonOperator): add_step_job> on 2024-10-25 19:49:58.879070+00:00
[2024-10-25T19:55:29.791+0000] {standard_task_runner.py:60} INFO - Started process 8486 to run task
[2024-10-25T19:55:29.793+0000] {standard_task_runner.py:87} INFO - Running: ['***', 'tasks', 'run', 'etl_queimadas', 'add_step_job', 'manual__2024-10-25T19:49:58.879070+00:00', '--job-id', '183', '--raw', '--subdir', 'DAGS_FOLDER/dag_cria_emr.py', '--cfg-path', '/tmp/tmpppnzs57l']
[2024-10-25T19:55:29.795+0000] {standard_task_runner.py:88} INFO - Job 183: Subtask add_step_job
[2024-10-25T19:55:29.826+0000] {task_command.py:423} INFO - Running <TaskInstance: etl_queimadas.add_step_job manual__2024-10-25T19:49:58.879070+00:00 [running]> on host 622b1ac036ca
[2024-10-25T19:55:29.899+0000] {taskinstance.py:2510} INFO - Exporting env vars: AIRFLOW_CTX_DAG_OWNER='***' AIRFLOW_CTX_DAG_ID='etl_queimadas' AIRFLOW_CTX_TASK_ID='add_step_job' AIRFLOW_CTX_EXECUTION_DATE='2024-10-25T19:49:58.879070+00:00' AIRFLOW_CTX_TRY_NUMBER='1' AIRFLOW_CTX_DAG_RUN_ID='manual__2024-10-25T19:49:58.879070+00:00'
[2024-10-25T19:56:41.421+0000] {logging_mixin.py:188} INFO - Status do passo "Executar script Python" (ID: s-03072793VXJ1P6BZ6XTD): PENDING
[2024-10-25T19:56:51.979+0000] {logging_mixin.py:188} INFO - Status do passo "Executar script Python" (ID: s-03072793VXJ1P6BZ6XTD): PENDING
[2024-10-25T19:57:02.621+0000] {logging_mixin.py:188} INFO - Status do passo "Executar script Python" (ID: s-03072793VXJ1P6BZ6XTD): PENDING
[2024-10-25T19:57:13.364+0000] {logging_mixin.py:188} INFO - Status do passo "Executar script Python" (ID: s-03072793VXJ1P6BZ6XTD): PENDING
[2024-10-25T19:57:24.015+0000] {logging_mixin.py:188} INFO - Status do passo "Executar script Python" (ID: s-03072793VXJ1P6BZ6XTD): RUNNING
[2024-10-25T19:57:34.768+0000] {logging_mixin.py:188} INFO - Status do passo "Executar script Python" (ID: s-03072793VXJ1P6BZ6XTD): RUNNING
[2024-10-25T19:57:45.467+0000] {logging_mixin.py:188} INFO - Status do passo "Executar script Python" (ID: s-03072793VXJ1P6BZ6XTD): RUNNING
[2024-10-25T19:57:56.167+0000] {logging_mixin.py:188} INFO - Status do passo "Executar script Python" (ID: s-03072793VXJ1P6BZ6XTD): RUNNING
[2024-10-25T19:58:06.917+0000] {logging_mixin.py:188} INFO - Status do passo "Executar script Python" (ID: s-03072793VXJ1P6BZ6XTD): RUNNING
[2024-10-25T19:58:17.571+0000] {logging_mixin.py:188} INFO - Status do passo "Executar script Python" (ID: s-03072793VXJ1P6BZ6XTD): RUNNING
[2024-10-25T19:58:28.139+0000] {logging_mixin.py:188} INFO - Status do passo "Executar script Python" (ID: s-03072793VXJ1P6BZ6XTD): RUNNING
[2024-10-25T19:58:38.812+0000] {logging_mixin.py:188} INFO - Status do passo "Executar script Python" (ID: s-03072793VXJ1P6BZ6XTD): RUNNING
[2024-10-25T19:58:49.412+0000] {logging_mixin.py:188} INFO - Status do passo "Executar script Python" (ID: s-03072793VXJ1P6BZ6XTD): RUNNING
[2024-10-25T19:59:00.169+0000] {logging_mixin.py:188} INFO - Status do passo "Executar script Python" (ID: s-03072793VXJ1P6BZ6XTD): COMPLETED
[2024-10-25T19:59:00.171+0000] {python.py:202} INFO - Done. Returned value was: None
[2024-10-25T19:59:00.178+0000] {taskinstance.py:1149} INFO - Marking task as SUCCESS. dag_id=etl_queimadas, task_id=add_step_job, execution_date=20241025T194958, start_date=20241025T195529, end_date=20241025T195900
[2024-10-25T19:59:00.198+0000] {local_task_job_runner.py:234} INFO - Task exited with return code 0
[2024-10-25T19:59:00.211+0000] {taskinstance.py:3309} INFO - 1 downstream tasks scheduled from follow-on schedule check
