[2024-10-30T15:42:47.018+0000] {taskinstance.py:1979} INFO - Dependencies all met for dep_context=non-requeueable deps ti=<TaskInstance: etl_queimadas.check_emr_cluster_state manual__2024-10-30T15:42:39.835369+00:00 [queued]>
[2024-10-30T15:42:47.025+0000] {taskinstance.py:1979} INFO - Dependencies all met for dep_context=requeueable deps ti=<TaskInstance: etl_queimadas.check_emr_cluster_state manual__2024-10-30T15:42:39.835369+00:00 [queued]>
[2024-10-30T15:42:47.025+0000] {taskinstance.py:2193} INFO - Starting attempt 1 of 1
[2024-10-30T15:42:47.034+0000] {taskinstance.py:2214} INFO - Executing <Task(PythonOperator): check_emr_cluster_state> on 2024-10-30 15:42:39.835369+00:00
[2024-10-30T15:42:47.040+0000] {standard_task_runner.py:60} INFO - Started process 2774 to run task
[2024-10-30T15:42:47.042+0000] {standard_task_runner.py:87} INFO - Running: ['***', 'tasks', 'run', 'etl_queimadas', 'check_emr_cluster_state', 'manual__2024-10-30T15:42:39.835369+00:00', '--job-id', '226', '--raw', '--subdir', 'DAGS_FOLDER/dag_cria_emr.py', '--cfg-path', '/tmp/tmpun_91tes']
[2024-10-30T15:42:47.043+0000] {standard_task_runner.py:88} INFO - Job 226: Subtask check_emr_cluster_state
[2024-10-30T15:42:47.072+0000] {task_command.py:423} INFO - Running <TaskInstance: etl_queimadas.check_emr_cluster_state manual__2024-10-30T15:42:39.835369+00:00 [running]> on host 3f04bb9d0c09
[2024-10-30T15:42:47.122+0000] {taskinstance.py:2510} INFO - Exporting env vars: AIRFLOW_CTX_DAG_OWNER='***' AIRFLOW_CTX_DAG_ID='etl_queimadas' AIRFLOW_CTX_TASK_ID='check_emr_cluster_state' AIRFLOW_CTX_EXECUTION_DATE='2024-10-30T15:42:39.835369+00:00' AIRFLOW_CTX_TRY_NUMBER='1' AIRFLOW_CTX_DAG_RUN_ID='manual__2024-10-30T15:42:39.835369+00:00'
[2024-10-30T15:42:47.746+0000] {logging_mixin.py:188} INFO - Cluster ainda está iniciando... Estado: STARTING
[2024-10-30T15:42:58.391+0000] {logging_mixin.py:188} INFO - Cluster ainda está iniciando... Estado: STARTING
[2024-10-30T15:43:08.943+0000] {logging_mixin.py:188} INFO - Cluster ainda está iniciando... Estado: STARTING
[2024-10-30T15:43:19.641+0000] {logging_mixin.py:188} INFO - Cluster ainda está iniciando... Estado: STARTING
[2024-10-30T15:43:30.269+0000] {logging_mixin.py:188} INFO - Cluster ainda está iniciando... Estado: STARTING
[2024-10-30T15:43:40.762+0000] {logging_mixin.py:188} INFO - Cluster ainda está iniciando... Estado: STARTING
[2024-10-30T15:43:51.441+0000] {logging_mixin.py:188} INFO - Cluster ainda está iniciando... Estado: STARTING
[2024-10-30T15:44:02.180+0000] {logging_mixin.py:188} INFO - Cluster ainda está iniciando... Estado: STARTING
[2024-10-30T15:44:12.833+0000] {logging_mixin.py:188} INFO - Cluster ainda está iniciando... Estado: STARTING
[2024-10-30T15:44:23.360+0000] {logging_mixin.py:188} INFO - Cluster ainda está iniciando... Estado: STARTING
[2024-10-30T15:44:34.029+0000] {logging_mixin.py:188} INFO - Cluster ainda está iniciando... Estado: STARTING
[2024-10-30T15:44:44.561+0000] {logging_mixin.py:188} INFO - Cluster ainda está iniciando... Estado: STARTING
[2024-10-30T15:44:55.358+0000] {logging_mixin.py:188} INFO - Cluster ainda está iniciando... Estado: STARTING
[2024-10-30T15:45:05.868+0000] {logging_mixin.py:188} INFO - Cluster ainda está iniciando... Estado: BOOTSTRAPPING
[2024-10-30T15:45:16.408+0000] {logging_mixin.py:188} INFO - Cluster ainda está iniciando... Estado: BOOTSTRAPPING
[2024-10-30T15:45:26.997+0000] {logging_mixin.py:188} INFO - Cluster ainda está iniciando... Estado: BOOTSTRAPPING
[2024-10-30T15:45:37.636+0000] {logging_mixin.py:188} INFO - Cluster ainda está iniciando... Estado: BOOTSTRAPPING
[2024-10-30T15:45:48.193+0000] {logging_mixin.py:188} INFO - Cluster ainda está iniciando... Estado: BOOTSTRAPPING
[2024-10-30T15:45:58.825+0000] {logging_mixin.py:188} INFO - Cluster ainda está iniciando... Estado: BOOTSTRAPPING
[2024-10-30T15:46:09.500+0000] {logging_mixin.py:188} INFO - Cluster ainda está iniciando... Estado: BOOTSTRAPPING
[2024-10-30T15:46:20.109+0000] {logging_mixin.py:188} INFO - Cluster ainda está iniciando... Estado: BOOTSTRAPPING
[2024-10-30T15:46:30.666+0000] {logging_mixin.py:188} INFO - Cluster ainda está iniciando... Estado: BOOTSTRAPPING
[2024-10-30T15:46:41.219+0000] {logging_mixin.py:188} INFO - Cluster ainda está iniciando... Estado: BOOTSTRAPPING
[2024-10-30T15:46:51.732+0000] {logging_mixin.py:188} INFO - Cluster ainda está iniciando... Estado: BOOTSTRAPPING
[2024-10-30T15:47:02.342+0000] {logging_mixin.py:188} INFO - Cluster ainda está iniciando... Estado: BOOTSTRAPPING
[2024-10-30T15:47:12.874+0000] {logging_mixin.py:188} INFO - Cluster ainda está iniciando... Estado: BOOTSTRAPPING
[2024-10-30T15:47:23.450+0000] {logging_mixin.py:188} INFO - Cluster ainda está iniciando... Estado: BOOTSTRAPPING
[2024-10-30T15:47:34.081+0000] {logging_mixin.py:188} INFO - Cluster ainda está iniciando... Estado: BOOTSTRAPPING
[2024-10-30T15:47:44.717+0000] {logging_mixin.py:188} INFO - Cluster ainda está iniciando... Estado: BOOTSTRAPPING
[2024-10-30T15:47:55.319+0000] {logging_mixin.py:188} INFO - Cluster ainda está iniciando... Estado: BOOTSTRAPPING
[2024-10-30T15:48:05.980+0000] {logging_mixin.py:188} INFO - Cluster está pronto para adicionar passos... Estado: WAITING
[2024-10-30T15:48:05.982+0000] {python.py:202} INFO - Done. Returned value was: None
[2024-10-30T15:48:05.988+0000] {taskinstance.py:1149} INFO - Marking task as SUCCESS. dag_id=etl_queimadas, task_id=check_emr_cluster_state, execution_date=20241030T154239, start_date=20241030T154247, end_date=20241030T154805
[2024-10-30T15:48:06.043+0000] {local_task_job_runner.py:234} INFO - Task exited with return code 0
[2024-10-30T15:48:06.059+0000] {taskinstance.py:3309} INFO - 1 downstream tasks scheduled from follow-on schedule check
