[2024-10-31T13:35:07.737+0000] {taskinstance.py:1979} INFO - Dependencies all met for dep_context=non-requeueable deps ti=<TaskInstance: etl_queimadas.check_emr_cluster_state scheduled__2024-10-30T13:35:00+00:00 [queued]>
[2024-10-31T13:35:07.744+0000] {taskinstance.py:1979} INFO - Dependencies all met for dep_context=requeueable deps ti=<TaskInstance: etl_queimadas.check_emr_cluster_state scheduled__2024-10-30T13:35:00+00:00 [queued]>
[2024-10-31T13:35:07.744+0000] {taskinstance.py:2193} INFO - Starting attempt 1 of 1
[2024-10-31T13:35:07.753+0000] {taskinstance.py:2214} INFO - Executing <Task(PythonOperator): check_emr_cluster_state> on 2024-10-30 13:35:00+00:00
[2024-10-31T13:35:07.759+0000] {standard_task_runner.py:60} INFO - Started process 8937 to run task
[2024-10-31T13:35:07.761+0000] {standard_task_runner.py:87} INFO - Running: ['***', 'tasks', 'run', 'etl_queimadas', 'check_emr_cluster_state', 'scheduled__2024-10-30T13:35:00+00:00', '--job-id', '265', '--raw', '--subdir', 'DAGS_FOLDER/dag_cria_emr.py', '--cfg-path', '/tmp/tmpyo8m3p0n']
[2024-10-31T13:35:07.762+0000] {standard_task_runner.py:88} INFO - Job 265: Subtask check_emr_cluster_state
[2024-10-31T13:35:07.795+0000] {task_command.py:423} INFO - Running <TaskInstance: etl_queimadas.check_emr_cluster_state scheduled__2024-10-30T13:35:00+00:00 [running]> on host 3f04bb9d0c09
[2024-10-31T13:35:07.849+0000] {taskinstance.py:2510} INFO - Exporting env vars: AIRFLOW_CTX_DAG_OWNER='***' AIRFLOW_CTX_DAG_ID='etl_queimadas' AIRFLOW_CTX_TASK_ID='check_emr_cluster_state' AIRFLOW_CTX_EXECUTION_DATE='2024-10-30T13:35:00+00:00' AIRFLOW_CTX_TRY_NUMBER='1' AIRFLOW_CTX_DAG_RUN_ID='scheduled__2024-10-30T13:35:00+00:00'
[2024-10-31T13:35:08.405+0000] {logging_mixin.py:188} INFO - Cluster ainda está iniciando... Estado: STARTING
[2024-10-31T13:35:18.900+0000] {logging_mixin.py:188} INFO - Cluster ainda está iniciando... Estado: STARTING
[2024-10-31T13:35:29.504+0000] {logging_mixin.py:188} INFO - Cluster ainda está iniciando... Estado: STARTING
[2024-10-31T13:35:40.026+0000] {logging_mixin.py:188} INFO - Cluster ainda está iniciando... Estado: STARTING
[2024-10-31T13:35:50.594+0000] {logging_mixin.py:188} INFO - Cluster ainda está iniciando... Estado: STARTING
[2024-10-31T13:36:01.145+0000] {logging_mixin.py:188} INFO - Cluster ainda está iniciando... Estado: STARTING
[2024-10-31T13:36:11.796+0000] {logging_mixin.py:188} INFO - Cluster ainda está iniciando... Estado: STARTING
[2024-10-31T13:36:22.315+0000] {logging_mixin.py:188} INFO - Cluster ainda está iniciando... Estado: STARTING
[2024-10-31T13:36:32.823+0000] {logging_mixin.py:188} INFO - Cluster ainda está iniciando... Estado: STARTING
[2024-10-31T13:36:43.433+0000] {logging_mixin.py:188} INFO - Cluster ainda está iniciando... Estado: STARTING
[2024-10-31T13:36:53.937+0000] {logging_mixin.py:188} INFO - Cluster ainda está iniciando... Estado: STARTING
[2024-10-31T13:37:04.452+0000] {logging_mixin.py:188} INFO - Cluster ainda está iniciando... Estado: STARTING
[2024-10-31T13:37:15.055+0000] {logging_mixin.py:188} INFO - Cluster ainda está iniciando... Estado: STARTING
[2024-10-31T13:37:25.602+0000] {logging_mixin.py:188} INFO - Cluster ainda está iniciando... Estado: BOOTSTRAPPING
[2024-10-31T13:37:36.218+0000] {logging_mixin.py:188} INFO - Cluster ainda está iniciando... Estado: BOOTSTRAPPING
[2024-10-31T13:37:46.720+0000] {logging_mixin.py:188} INFO - Cluster ainda está iniciando... Estado: BOOTSTRAPPING
[2024-10-31T13:37:57.274+0000] {logging_mixin.py:188} INFO - Cluster ainda está iniciando... Estado: BOOTSTRAPPING
[2024-10-31T13:38:07.938+0000] {logging_mixin.py:188} INFO - Cluster ainda está iniciando... Estado: BOOTSTRAPPING
[2024-10-31T13:38:18.525+0000] {logging_mixin.py:188} INFO - Cluster ainda está iniciando... Estado: BOOTSTRAPPING
[2024-10-31T13:38:29.083+0000] {logging_mixin.py:188} INFO - Cluster ainda está iniciando... Estado: BOOTSTRAPPING
[2024-10-31T13:38:39.637+0000] {logging_mixin.py:188} INFO - Cluster ainda está iniciando... Estado: BOOTSTRAPPING
[2024-10-31T13:38:50.224+0000] {logging_mixin.py:188} INFO - Cluster ainda está iniciando... Estado: BOOTSTRAPPING
[2024-10-31T13:39:00.911+0000] {logging_mixin.py:188} INFO - Cluster ainda está iniciando... Estado: BOOTSTRAPPING
[2024-10-31T13:39:11.529+0000] {logging_mixin.py:188} INFO - Cluster ainda está iniciando... Estado: BOOTSTRAPPING
[2024-10-31T13:39:22.156+0000] {logging_mixin.py:188} INFO - Cluster ainda está iniciando... Estado: BOOTSTRAPPING
[2024-10-31T13:39:32.703+0000] {logging_mixin.py:188} INFO - Cluster ainda está iniciando... Estado: BOOTSTRAPPING
[2024-10-31T13:39:43.259+0000] {logging_mixin.py:188} INFO - Cluster ainda está iniciando... Estado: BOOTSTRAPPING
[2024-10-31T13:39:53.901+0000] {logging_mixin.py:188} INFO - Cluster ainda está iniciando... Estado: BOOTSTRAPPING
[2024-10-31T13:40:04.430+0000] {logging_mixin.py:188} INFO - Cluster ainda está iniciando... Estado: BOOTSTRAPPING
[2024-10-31T13:40:14.963+0000] {logging_mixin.py:188} INFO - Cluster ainda está iniciando... Estado: BOOTSTRAPPING
[2024-10-31T13:40:25.551+0000] {logging_mixin.py:188} INFO - Cluster está pronto para adicionar passos... Estado: WAITING
[2024-10-31T13:40:25.553+0000] {python.py:202} INFO - Done. Returned value was: None
[2024-10-31T13:40:25.561+0000] {taskinstance.py:1149} INFO - Marking task as SUCCESS. dag_id=etl_queimadas, task_id=check_emr_cluster_state, execution_date=20241030T133500, start_date=20241031T133507, end_date=20241031T134025
[2024-10-31T13:40:25.618+0000] {local_task_job_runner.py:234} INFO - Task exited with return code 0
[2024-10-31T13:40:25.637+0000] {taskinstance.py:3309} INFO - 0 downstream tasks scheduled from follow-on schedule check
