[2024-10-25T17:14:51.961+0000] {taskinstance.py:1979} INFO - Dependencies all met for dep_context=non-requeueable deps ti=<TaskInstance: etl_queimadas.add_step_job manual__2024-10-25T17:00:13.518694+00:00 [queued]>
[2024-10-25T17:14:51.969+0000] {taskinstance.py:1979} INFO - Dependencies all met for dep_context=requeueable deps ti=<TaskInstance: etl_queimadas.add_step_job manual__2024-10-25T17:00:13.518694+00:00 [queued]>
[2024-10-25T17:14:51.970+0000] {taskinstance.py:2193} INFO - Starting attempt 1 of 1
[2024-10-25T17:14:51.983+0000] {taskinstance.py:2214} INFO - Executing <Task(PythonOperator): add_step_job> on 2024-10-25 17:00:13.518694+00:00
[2024-10-25T17:14:51.991+0000] {standard_task_runner.py:60} INFO - Started process 5781 to run task
[2024-10-25T17:14:51.993+0000] {standard_task_runner.py:87} INFO - Running: ['***', 'tasks', 'run', 'etl_queimadas', 'add_step_job', 'manual__2024-10-25T17:00:13.518694+00:00', '--job-id', '153', '--raw', '--subdir', 'DAGS_FOLDER/dag_cria_emr.py', '--cfg-path', '/tmp/tmp5xcl4889']
[2024-10-25T17:14:51.995+0000] {standard_task_runner.py:88} INFO - Job 153: Subtask add_step_job
[2024-10-25T17:14:52.026+0000] {task_command.py:423} INFO - Running <TaskInstance: etl_queimadas.add_step_job manual__2024-10-25T17:00:13.518694+00:00 [running]> on host 622b1ac036ca
[2024-10-25T17:14:52.082+0000] {taskinstance.py:2510} INFO - Exporting env vars: AIRFLOW_CTX_DAG_OWNER='***' AIRFLOW_CTX_DAG_ID='etl_queimadas' AIRFLOW_CTX_TASK_ID='add_step_job' AIRFLOW_CTX_EXECUTION_DATE='2024-10-25T17:00:13.518694+00:00' AIRFLOW_CTX_TRY_NUMBER='1' AIRFLOW_CTX_DAG_RUN_ID='manual__2024-10-25T17:00:13.518694+00:00'
[2024-10-25T17:16:03.600+0000] {logging_mixin.py:188} INFO - Status do passo "Executar script Python" (ID: s-00364403F57VN5YMSCNT): PENDING
[2024-10-25T17:16:14.257+0000] {logging_mixin.py:188} INFO - Status do passo "Executar script Python" (ID: s-00364403F57VN5YMSCNT): PENDING
[2024-10-25T17:16:24.988+0000] {logging_mixin.py:188} INFO - Status do passo "Executar script Python" (ID: s-00364403F57VN5YMSCNT): PENDING
[2024-10-25T17:16:35.741+0000] {logging_mixin.py:188} INFO - Status do passo "Executar script Python" (ID: s-00364403F57VN5YMSCNT): PENDING
[2024-10-25T17:16:46.409+0000] {logging_mixin.py:188} INFO - Status do passo "Executar script Python" (ID: s-00364403F57VN5YMSCNT): RUNNING
[2024-10-25T17:16:56.959+0000] {logging_mixin.py:188} INFO - Status do passo "Executar script Python" (ID: s-00364403F57VN5YMSCNT): RUNNING
[2024-10-25T17:17:07.598+0000] {logging_mixin.py:188} INFO - Status do passo "Executar script Python" (ID: s-00364403F57VN5YMSCNT): COMPLETED
[2024-10-25T17:17:07.602+0000] {python.py:202} INFO - Done. Returned value was: None
[2024-10-25T17:17:07.627+0000] {taskinstance.py:1149} INFO - Marking task as SUCCESS. dag_id=etl_queimadas, task_id=add_step_job, execution_date=20241025T170013, start_date=20241025T171451, end_date=20241025T171707
[2024-10-25T17:17:07.681+0000] {local_task_job_runner.py:234} INFO - Task exited with return code 0
[2024-10-25T17:17:07.704+0000] {taskinstance.py:3309} INFO - 1 downstream tasks scheduled from follow-on schedule check
