[2024-11-03T13:40:33.585+0000] {taskinstance.py:1979} INFO - Dependencies all met for dep_context=non-requeueable deps ti=<TaskInstance: etl_queimadas.add_step_job_silver scheduled__2024-11-02T13:35:00+00:00 [queued]>
[2024-11-03T13:40:33.590+0000] {taskinstance.py:1979} INFO - Dependencies all met for dep_context=requeueable deps ti=<TaskInstance: etl_queimadas.add_step_job_silver scheduled__2024-11-02T13:35:00+00:00 [queued]>
[2024-11-03T13:40:33.591+0000] {taskinstance.py:2193} INFO - Starting attempt 1 of 1
[2024-11-03T13:40:33.599+0000] {taskinstance.py:2214} INFO - Executing <Task(PythonOperator): add_step_job_silver> on 2024-11-02 13:35:00+00:00
[2024-11-03T13:40:33.604+0000] {standard_task_runner.py:60} INFO - Started process 394 to run task
[2024-11-03T13:40:33.606+0000] {standard_task_runner.py:87} INFO - Running: ['***', 'tasks', 'run', 'etl_queimadas', 'add_step_job_silver', 'scheduled__2024-11-02T13:35:00+00:00', '--job-id', '297', '--raw', '--subdir', 'DAGS_FOLDER/dag_cria_emr.py', '--cfg-path', '/tmp/tmpij1sgy0d']
[2024-11-03T13:40:33.608+0000] {standard_task_runner.py:88} INFO - Job 297: Subtask add_step_job_silver
[2024-11-03T13:40:33.635+0000] {task_command.py:423} INFO - Running <TaskInstance: etl_queimadas.add_step_job_silver scheduled__2024-11-02T13:35:00+00:00 [running]> on host 3f04bb9d0c09
[2024-11-03T13:40:33.682+0000] {taskinstance.py:2510} INFO - Exporting env vars: AIRFLOW_CTX_DAG_OWNER='***' AIRFLOW_CTX_DAG_ID='etl_queimadas' AIRFLOW_CTX_TASK_ID='add_step_job_silver' AIRFLOW_CTX_EXECUTION_DATE='2024-11-02T13:35:00+00:00' AIRFLOW_CTX_TRY_NUMBER='1' AIRFLOW_CTX_DAG_RUN_ID='scheduled__2024-11-02T13:35:00+00:00'
[2024-11-03T13:40:50.068+0000] {logging_mixin.py:188} INFO - Status do passo "Transformar e Carregar na Camada Silver" (ID: s-0525539AJLJGF2PLC37): PENDING
[2024-11-03T13:41:00.615+0000] {logging_mixin.py:188} INFO - Status do passo "Transformar e Carregar na Camada Silver" (ID: s-0525539AJLJGF2PLC37): RUNNING
[2024-11-03T13:41:11.120+0000] {logging_mixin.py:188} INFO - Status do passo "Transformar e Carregar na Camada Silver" (ID: s-0525539AJLJGF2PLC37): RUNNING
[2024-11-03T13:41:21.724+0000] {logging_mixin.py:188} INFO - Status do passo "Transformar e Carregar na Camada Silver" (ID: s-0525539AJLJGF2PLC37): RUNNING
[2024-11-03T13:41:32.352+0000] {logging_mixin.py:188} INFO - Status do passo "Transformar e Carregar na Camada Silver" (ID: s-0525539AJLJGF2PLC37): RUNNING
[2024-11-03T13:41:43.010+0000] {logging_mixin.py:188} INFO - Status do passo "Transformar e Carregar na Camada Silver" (ID: s-0525539AJLJGF2PLC37): RUNNING
[2024-11-03T13:41:53.564+0000] {logging_mixin.py:188} INFO - Status do passo "Transformar e Carregar na Camada Silver" (ID: s-0525539AJLJGF2PLC37): COMPLETED
[2024-11-03T13:41:53.567+0000] {python.py:202} INFO - Done. Returned value was: None
[2024-11-03T13:41:53.573+0000] {taskinstance.py:1149} INFO - Marking task as SUCCESS. dag_id=etl_queimadas, task_id=add_step_job_silver, execution_date=20241102T133500, start_date=20241103T134033, end_date=20241103T134153
[2024-11-03T13:41:53.632+0000] {local_task_job_runner.py:234} INFO - Task exited with return code 0
[2024-11-03T13:41:53.693+0000] {taskinstance.py:3309} INFO - 3 downstream tasks scheduled from follow-on schedule check
