[2024-10-31T13:44:23.885+0000] {taskinstance.py:1979} INFO - Dependencies all met for dep_context=non-requeueable deps ti=<TaskInstance: etl_queimadas.add_step_job_gold_bioma scheduled__2024-10-30T13:35:00+00:00 [queued]>
[2024-10-31T13:44:23.893+0000] {taskinstance.py:1979} INFO - Dependencies all met for dep_context=requeueable deps ti=<TaskInstance: etl_queimadas.add_step_job_gold_bioma scheduled__2024-10-30T13:35:00+00:00 [queued]>
[2024-10-31T13:44:23.893+0000] {taskinstance.py:2193} INFO - Starting attempt 1 of 1
[2024-10-31T13:44:23.902+0000] {taskinstance.py:2214} INFO - Executing <Task(PythonOperator): add_step_job_gold_bioma> on 2024-10-30 13:35:00+00:00
[2024-10-31T13:44:23.908+0000] {standard_task_runner.py:60} INFO - Started process 9096 to run task
[2024-10-31T13:44:23.910+0000] {standard_task_runner.py:87} INFO - Running: ['***', 'tasks', 'run', 'etl_queimadas', 'add_step_job_gold_bioma', 'scheduled__2024-10-30T13:35:00+00:00', '--job-id', '270', '--raw', '--subdir', 'DAGS_FOLDER/dag_cria_emr.py', '--cfg-path', '/tmp/tmp9i3wqxod']
[2024-10-31T13:44:23.912+0000] {standard_task_runner.py:88} INFO - Job 270: Subtask add_step_job_gold_bioma
[2024-10-31T13:44:23.942+0000] {task_command.py:423} INFO - Running <TaskInstance: etl_queimadas.add_step_job_gold_bioma scheduled__2024-10-30T13:35:00+00:00 [running]> on host 3f04bb9d0c09
[2024-10-31T13:44:23.994+0000] {taskinstance.py:2510} INFO - Exporting env vars: AIRFLOW_CTX_DAG_OWNER='***' AIRFLOW_CTX_DAG_ID='etl_queimadas' AIRFLOW_CTX_TASK_ID='add_step_job_gold_bioma' AIRFLOW_CTX_EXECUTION_DATE='2024-10-30T13:35:00+00:00' AIRFLOW_CTX_TRY_NUMBER='1' AIRFLOW_CTX_DAG_RUN_ID='scheduled__2024-10-30T13:35:00+00:00'
[2024-10-31T13:44:40.216+0000] {logging_mixin.py:188} INFO - Status do passo "Agregar e Carregar na Camada Gold - Bioma" (ID: s-0645914194DOUXR5W9VW): PENDING
[2024-10-31T13:44:50.704+0000] {logging_mixin.py:188} INFO - Status do passo "Agregar e Carregar na Camada Gold - Bioma" (ID: s-0645914194DOUXR5W9VW): PENDING
[2024-10-31T13:45:01.165+0000] {logging_mixin.py:188} INFO - Status do passo "Agregar e Carregar na Camada Gold - Bioma" (ID: s-0645914194DOUXR5W9VW): PENDING
[2024-10-31T13:45:11.644+0000] {logging_mixin.py:188} INFO - Status do passo "Agregar e Carregar na Camada Gold - Bioma" (ID: s-0645914194DOUXR5W9VW): PENDING
[2024-10-31T13:45:22.202+0000] {logging_mixin.py:188} INFO - Status do passo "Agregar e Carregar na Camada Gold - Bioma" (ID: s-0645914194DOUXR5W9VW): PENDING
[2024-10-31T13:45:32.666+0000] {logging_mixin.py:188} INFO - Status do passo "Agregar e Carregar na Camada Gold - Bioma" (ID: s-0645914194DOUXR5W9VW): PENDING
[2024-10-31T13:45:43.197+0000] {logging_mixin.py:188} INFO - Status do passo "Agregar e Carregar na Camada Gold - Bioma" (ID: s-0645914194DOUXR5W9VW): PENDING
[2024-10-31T13:45:53.675+0000] {logging_mixin.py:188} INFO - Status do passo "Agregar e Carregar na Camada Gold - Bioma" (ID: s-0645914194DOUXR5W9VW): PENDING
[2024-10-31T13:46:04.137+0000] {logging_mixin.py:188} INFO - Status do passo "Agregar e Carregar na Camada Gold - Bioma" (ID: s-0645914194DOUXR5W9VW): PENDING
[2024-10-31T13:46:14.626+0000] {logging_mixin.py:188} INFO - Status do passo "Agregar e Carregar na Camada Gold - Bioma" (ID: s-0645914194DOUXR5W9VW): PENDING
[2024-10-31T13:46:25.090+0000] {logging_mixin.py:188} INFO - Status do passo "Agregar e Carregar na Camada Gold - Bioma" (ID: s-0645914194DOUXR5W9VW): PENDING
[2024-10-31T13:46:35.753+0000] {logging_mixin.py:188} INFO - Status do passo "Agregar e Carregar na Camada Gold - Bioma" (ID: s-0645914194DOUXR5W9VW): PENDING
[2024-10-31T13:46:46.277+0000] {logging_mixin.py:188} INFO - Status do passo "Agregar e Carregar na Camada Gold - Bioma" (ID: s-0645914194DOUXR5W9VW): RUNNING
[2024-10-31T13:46:56.915+0000] {logging_mixin.py:188} INFO - Status do passo "Agregar e Carregar na Camada Gold - Bioma" (ID: s-0645914194DOUXR5W9VW): RUNNING
[2024-10-31T13:47:07.462+0000] {logging_mixin.py:188} INFO - Status do passo "Agregar e Carregar na Camada Gold - Bioma" (ID: s-0645914194DOUXR5W9VW): RUNNING
[2024-10-31T13:47:18.104+0000] {logging_mixin.py:188} INFO - Status do passo "Agregar e Carregar na Camada Gold - Bioma" (ID: s-0645914194DOUXR5W9VW): RUNNING
[2024-10-31T13:47:28.650+0000] {logging_mixin.py:188} INFO - Status do passo "Agregar e Carregar na Camada Gold - Bioma" (ID: s-0645914194DOUXR5W9VW): COMPLETED
[2024-10-31T13:47:28.651+0000] {python.py:202} INFO - Done. Returned value was: None
[2024-10-31T13:47:28.657+0000] {taskinstance.py:1149} INFO - Marking task as SUCCESS. dag_id=etl_queimadas, task_id=add_step_job_gold_bioma, execution_date=20241030T133500, start_date=20241031T134423, end_date=20241031T134728
[2024-10-31T13:47:28.699+0000] {local_task_job_runner.py:234} INFO - Task exited with return code 0
[2024-10-31T13:47:28.713+0000] {taskinstance.py:3309} INFO - 1 downstream tasks scheduled from follow-on schedule check
