[2024-10-30T20:22:01.152+0000] {taskinstance.py:1979} INFO - Dependencies all met for dep_context=non-requeueable deps ti=<TaskInstance: etl_queimadas.check_emr_cluster_state manual__2024-10-30T20:21:53.281604+00:00 [queued]>
[2024-10-30T20:22:01.161+0000] {taskinstance.py:1979} INFO - Dependencies all met for dep_context=requeueable deps ti=<TaskInstance: etl_queimadas.check_emr_cluster_state manual__2024-10-30T20:21:53.281604+00:00 [queued]>
[2024-10-30T20:22:01.162+0000] {taskinstance.py:2193} INFO - Starting attempt 1 of 1
[2024-10-30T20:22:01.178+0000] {taskinstance.py:2214} INFO - Executing <Task(PythonOperator): check_emr_cluster_state> on 2024-10-30 20:21:53.281604+00:00
[2024-10-30T20:22:01.184+0000] {standard_task_runner.py:60} INFO - Started process 7039 to run task
[2024-10-30T20:22:01.187+0000] {standard_task_runner.py:87} INFO - Running: ['***', 'tasks', 'run', 'etl_queimadas', 'check_emr_cluster_state', 'manual__2024-10-30T20:21:53.281604+00:00', '--job-id', '241', '--raw', '--subdir', 'DAGS_FOLDER/dag_cria_emr.py', '--cfg-path', '/tmp/tmpvanmtc98']
[2024-10-30T20:22:01.189+0000] {standard_task_runner.py:88} INFO - Job 241: Subtask check_emr_cluster_state
[2024-10-30T20:22:01.228+0000] {task_command.py:423} INFO - Running <TaskInstance: etl_queimadas.check_emr_cluster_state manual__2024-10-30T20:21:53.281604+00:00 [running]> on host 3f04bb9d0c09
[2024-10-30T20:22:01.297+0000] {taskinstance.py:2510} INFO - Exporting env vars: AIRFLOW_CTX_DAG_OWNER='***' AIRFLOW_CTX_DAG_ID='etl_queimadas' AIRFLOW_CTX_TASK_ID='check_emr_cluster_state' AIRFLOW_CTX_EXECUTION_DATE='2024-10-30T20:21:53.281604+00:00' AIRFLOW_CTX_TRY_NUMBER='1' AIRFLOW_CTX_DAG_RUN_ID='manual__2024-10-30T20:21:53.281604+00:00'
[2024-10-30T20:22:01.891+0000] {logging_mixin.py:188} INFO - Cluster ainda está iniciando... Estado: STARTING
[2024-10-30T20:22:12.469+0000] {logging_mixin.py:188} INFO - Cluster ainda está iniciando... Estado: STARTING
[2024-10-30T20:22:23.001+0000] {logging_mixin.py:188} INFO - Cluster ainda está iniciando... Estado: STARTING
[2024-10-30T20:22:33.572+0000] {logging_mixin.py:188} INFO - Cluster ainda está iniciando... Estado: STARTING
[2024-10-30T20:22:44.217+0000] {logging_mixin.py:188} INFO - Cluster ainda está iniciando... Estado: STARTING
[2024-10-30T20:22:54.761+0000] {logging_mixin.py:188} INFO - Cluster ainda está iniciando... Estado: STARTING
[2024-10-30T20:23:05.413+0000] {logging_mixin.py:188} INFO - Cluster ainda está iniciando... Estado: STARTING
[2024-10-30T20:23:15.983+0000] {logging_mixin.py:188} INFO - Cluster ainda está iniciando... Estado: STARTING
[2024-10-30T20:23:26.615+0000] {logging_mixin.py:188} INFO - Cluster ainda está iniciando... Estado: STARTING
[2024-10-30T20:23:37.166+0000] {logging_mixin.py:188} INFO - Cluster ainda está iniciando... Estado: STARTING
[2024-10-30T20:23:47.650+0000] {logging_mixin.py:188} INFO - Cluster ainda está iniciando... Estado: STARTING
[2024-10-30T20:23:58.211+0000] {logging_mixin.py:188} INFO - Cluster ainda está iniciando... Estado: STARTING
[2024-10-30T20:24:08.786+0000] {logging_mixin.py:188} INFO - Cluster ainda está iniciando... Estado: STARTING
[2024-10-30T20:24:19.332+0000] {logging_mixin.py:188} INFO - Cluster ainda está iniciando... Estado: BOOTSTRAPPING
[2024-10-30T20:24:29.878+0000] {logging_mixin.py:188} INFO - Cluster ainda está iniciando... Estado: BOOTSTRAPPING
[2024-10-30T20:24:40.419+0000] {logging_mixin.py:188} INFO - Cluster ainda está iniciando... Estado: BOOTSTRAPPING
[2024-10-30T20:24:51.002+0000] {logging_mixin.py:188} INFO - Cluster ainda está iniciando... Estado: BOOTSTRAPPING
[2024-10-30T20:25:01.603+0000] {logging_mixin.py:188} INFO - Cluster ainda está iniciando... Estado: BOOTSTRAPPING
[2024-10-30T20:25:12.154+0000] {logging_mixin.py:188} INFO - Cluster ainda está iniciando... Estado: BOOTSTRAPPING
[2024-10-30T20:25:22.745+0000] {logging_mixin.py:188} INFO - Cluster ainda está iniciando... Estado: BOOTSTRAPPING
[2024-10-30T20:25:33.386+0000] {logging_mixin.py:188} INFO - Cluster ainda está iniciando... Estado: BOOTSTRAPPING
[2024-10-30T20:25:44.036+0000] {logging_mixin.py:188} INFO - Cluster ainda está iniciando... Estado: BOOTSTRAPPING
[2024-10-30T20:25:54.516+0000] {logging_mixin.py:188} INFO - Cluster ainda está iniciando... Estado: BOOTSTRAPPING
[2024-10-30T20:26:05.128+0000] {logging_mixin.py:188} INFO - Cluster ainda está iniciando... Estado: BOOTSTRAPPING
[2024-10-30T20:26:15.748+0000] {logging_mixin.py:188} INFO - Cluster ainda está iniciando... Estado: BOOTSTRAPPING
[2024-10-30T20:26:26.340+0000] {logging_mixin.py:188} INFO - Cluster ainda está iniciando... Estado: BOOTSTRAPPING
[2024-10-30T20:26:36.968+0000] {logging_mixin.py:188} INFO - Cluster ainda está iniciando... Estado: BOOTSTRAPPING
[2024-10-30T20:26:47.513+0000] {logging_mixin.py:188} INFO - Cluster ainda está iniciando... Estado: BOOTSTRAPPING
[2024-10-30T20:26:58.164+0000] {logging_mixin.py:188} INFO - Cluster ainda está iniciando... Estado: BOOTSTRAPPING
[2024-10-30T20:27:08.658+0000] {logging_mixin.py:188} INFO - Cluster ainda está iniciando... Estado: BOOTSTRAPPING
[2024-10-30T20:27:19.250+0000] {logging_mixin.py:188} INFO - Cluster está pronto para adicionar passos... Estado: WAITING
[2024-10-30T20:27:19.252+0000] {python.py:202} INFO - Done. Returned value was: None
[2024-10-30T20:27:19.259+0000] {taskinstance.py:1149} INFO - Marking task as SUCCESS. dag_id=etl_queimadas, task_id=check_emr_cluster_state, execution_date=20241030T202153, start_date=20241030T202201, end_date=20241030T202719
[2024-10-30T20:27:19.285+0000] {local_task_job_runner.py:234} INFO - Task exited with return code 0
[2024-10-30T20:27:19.303+0000] {taskinstance.py:3309} INFO - 1 downstream tasks scheduled from follow-on schedule check
