[2024-10-31T13:41:58.499+0000] {taskinstance.py:1979} INFO - Dependencies all met for dep_context=non-requeueable deps ti=<TaskInstance: etl_queimadas.add_step_job_silver scheduled__2024-10-30T13:35:00+00:00 [queued]>
[2024-10-31T13:41:58.506+0000] {taskinstance.py:1979} INFO - Dependencies all met for dep_context=requeueable deps ti=<TaskInstance: etl_queimadas.add_step_job_silver scheduled__2024-10-30T13:35:00+00:00 [queued]>
[2024-10-31T13:41:58.506+0000] {taskinstance.py:2193} INFO - Starting attempt 1 of 1
[2024-10-31T13:41:58.515+0000] {taskinstance.py:2214} INFO - Executing <Task(PythonOperator): add_step_job_silver> on 2024-10-30 13:35:00+00:00
[2024-10-31T13:41:58.521+0000] {standard_task_runner.py:60} INFO - Started process 9047 to run task
[2024-10-31T13:41:58.524+0000] {standard_task_runner.py:87} INFO - Running: ['***', 'tasks', 'run', 'etl_queimadas', 'add_step_job_silver', 'scheduled__2024-10-30T13:35:00+00:00', '--job-id', '267', '--raw', '--subdir', 'DAGS_FOLDER/dag_cria_emr.py', '--cfg-path', '/tmp/tmpk716j2tf']
[2024-10-31T13:41:58.525+0000] {standard_task_runner.py:88} INFO - Job 267: Subtask add_step_job_silver
[2024-10-31T13:41:58.557+0000] {task_command.py:423} INFO - Running <TaskInstance: etl_queimadas.add_step_job_silver scheduled__2024-10-30T13:35:00+00:00 [running]> on host 3f04bb9d0c09
[2024-10-31T13:41:58.610+0000] {taskinstance.py:2510} INFO - Exporting env vars: AIRFLOW_CTX_DAG_OWNER='***' AIRFLOW_CTX_DAG_ID='etl_queimadas' AIRFLOW_CTX_TASK_ID='add_step_job_silver' AIRFLOW_CTX_EXECUTION_DATE='2024-10-30T13:35:00+00:00' AIRFLOW_CTX_TRY_NUMBER='1' AIRFLOW_CTX_DAG_RUN_ID='scheduled__2024-10-30T13:35:00+00:00'
[2024-10-31T13:42:15.057+0000] {logging_mixin.py:188} INFO - Status do passo "Transformar e Carregar na Camada Silver" (ID: s-023582337QEIOD80UHTZ): PENDING
[2024-10-31T13:42:25.600+0000] {logging_mixin.py:188} INFO - Status do passo "Transformar e Carregar na Camada Silver" (ID: s-023582337QEIOD80UHTZ): PENDING
[2024-10-31T13:42:36.213+0000] {logging_mixin.py:188} INFO - Status do passo "Transformar e Carregar na Camada Silver" (ID: s-023582337QEIOD80UHTZ): RUNNING
[2024-10-31T13:42:46.724+0000] {logging_mixin.py:188} INFO - Status do passo "Transformar e Carregar na Camada Silver" (ID: s-023582337QEIOD80UHTZ): RUNNING
[2024-10-31T13:42:57.278+0000] {logging_mixin.py:188} INFO - Status do passo "Transformar e Carregar na Camada Silver" (ID: s-023582337QEIOD80UHTZ): RUNNING
[2024-10-31T13:43:07.854+0000] {logging_mixin.py:188} INFO - Status do passo "Transformar e Carregar na Camada Silver" (ID: s-023582337QEIOD80UHTZ): RUNNING
[2024-10-31T13:43:18.344+0000] {logging_mixin.py:188} INFO - Status do passo "Transformar e Carregar na Camada Silver" (ID: s-023582337QEIOD80UHTZ): RUNNING
[2024-10-31T13:43:28.912+0000] {logging_mixin.py:188} INFO - Status do passo "Transformar e Carregar na Camada Silver" (ID: s-023582337QEIOD80UHTZ): RUNNING
[2024-10-31T13:43:39.496+0000] {logging_mixin.py:188} INFO - Status do passo "Transformar e Carregar na Camada Silver" (ID: s-023582337QEIOD80UHTZ): RUNNING
[2024-10-31T13:43:50.039+0000] {logging_mixin.py:188} INFO - Status do passo "Transformar e Carregar na Camada Silver" (ID: s-023582337QEIOD80UHTZ): RUNNING
[2024-10-31T13:44:00.522+0000] {logging_mixin.py:188} INFO - Status do passo "Transformar e Carregar na Camada Silver" (ID: s-023582337QEIOD80UHTZ): RUNNING
[2024-10-31T13:44:11.089+0000] {logging_mixin.py:188} INFO - Status do passo "Transformar e Carregar na Camada Silver" (ID: s-023582337QEIOD80UHTZ): RUNNING
[2024-10-31T13:44:21.590+0000] {logging_mixin.py:188} INFO - Status do passo "Transformar e Carregar na Camada Silver" (ID: s-023582337QEIOD80UHTZ): COMPLETED
[2024-10-31T13:44:21.592+0000] {python.py:202} INFO - Done. Returned value was: None
[2024-10-31T13:44:21.599+0000] {taskinstance.py:1149} INFO - Marking task as SUCCESS. dag_id=etl_queimadas, task_id=add_step_job_silver, execution_date=20241030T133500, start_date=20241031T134158, end_date=20241031T134421
[2024-10-31T13:44:21.660+0000] {local_task_job_runner.py:234} INFO - Task exited with return code 0
[2024-10-31T13:44:21.679+0000] {taskinstance.py:3309} INFO - 3 downstream tasks scheduled from follow-on schedule check
