[2024-11-03T13:35:07.141+0000] {taskinstance.py:1979} INFO - Dependencies all met for dep_context=non-requeueable deps ti=<TaskInstance: etl_queimadas.check_emr_cluster_state scheduled__2024-11-02T13:35:00+00:00 [queued]>
[2024-11-03T13:35:07.147+0000] {taskinstance.py:1979} INFO - Dependencies all met for dep_context=requeueable deps ti=<TaskInstance: etl_queimadas.check_emr_cluster_state scheduled__2024-11-02T13:35:00+00:00 [queued]>
[2024-11-03T13:35:07.147+0000] {taskinstance.py:2193} INFO - Starting attempt 1 of 1
[2024-11-03T13:35:07.156+0000] {taskinstance.py:2214} INFO - Executing <Task(PythonOperator): check_emr_cluster_state> on 2024-11-02 13:35:00+00:00
[2024-11-03T13:35:07.161+0000] {standard_task_runner.py:60} INFO - Started process 308 to run task
[2024-11-03T13:35:07.163+0000] {standard_task_runner.py:87} INFO - Running: ['***', 'tasks', 'run', 'etl_queimadas', 'check_emr_cluster_state', 'scheduled__2024-11-02T13:35:00+00:00', '--job-id', '295', '--raw', '--subdir', 'DAGS_FOLDER/dag_cria_emr.py', '--cfg-path', '/tmp/tmptlq8nqys']
[2024-11-03T13:35:07.164+0000] {standard_task_runner.py:88} INFO - Job 295: Subtask check_emr_cluster_state
[2024-11-03T13:35:07.193+0000] {task_command.py:423} INFO - Running <TaskInstance: etl_queimadas.check_emr_cluster_state scheduled__2024-11-02T13:35:00+00:00 [running]> on host 3f04bb9d0c09
[2024-11-03T13:35:07.246+0000] {taskinstance.py:2510} INFO - Exporting env vars: AIRFLOW_CTX_DAG_OWNER='***' AIRFLOW_CTX_DAG_ID='etl_queimadas' AIRFLOW_CTX_TASK_ID='check_emr_cluster_state' AIRFLOW_CTX_EXECUTION_DATE='2024-11-02T13:35:00+00:00' AIRFLOW_CTX_TRY_NUMBER='1' AIRFLOW_CTX_DAG_RUN_ID='scheduled__2024-11-02T13:35:00+00:00'
[2024-11-03T13:35:07.787+0000] {logging_mixin.py:188} INFO - Cluster ainda está iniciando... Estado: STARTING
[2024-11-03T13:35:18.446+0000] {logging_mixin.py:188} INFO - Cluster ainda está iniciando... Estado: STARTING
[2024-11-03T13:35:29.092+0000] {logging_mixin.py:188} INFO - Cluster ainda está iniciando... Estado: STARTING
[2024-11-03T13:35:39.637+0000] {logging_mixin.py:188} INFO - Cluster ainda está iniciando... Estado: STARTING
[2024-11-03T13:35:50.284+0000] {logging_mixin.py:188} INFO - Cluster ainda está iniciando... Estado: STARTING
[2024-11-03T13:36:00.869+0000] {logging_mixin.py:188} INFO - Cluster ainda está iniciando... Estado: STARTING
[2024-11-03T13:36:11.518+0000] {logging_mixin.py:188} INFO - Cluster ainda está iniciando... Estado: STARTING
[2024-11-03T13:36:22.033+0000] {logging_mixin.py:188} INFO - Cluster ainda está iniciando... Estado: STARTING
[2024-11-03T13:36:32.577+0000] {logging_mixin.py:188} INFO - Cluster ainda está iniciando... Estado: STARTING
[2024-11-03T13:36:43.144+0000] {logging_mixin.py:188} INFO - Cluster ainda está iniciando... Estado: STARTING
[2024-11-03T13:36:53.706+0000] {logging_mixin.py:188} INFO - Cluster ainda está iniciando... Estado: STARTING
[2024-11-03T13:37:04.196+0000] {logging_mixin.py:188} INFO - Cluster ainda está iniciando... Estado: STARTING
[2024-11-03T13:37:14.795+0000] {logging_mixin.py:188} INFO - Cluster ainda está iniciando... Estado: STARTING
[2024-11-03T13:37:25.372+0000] {logging_mixin.py:188} INFO - Cluster ainda está iniciando... Estado: BOOTSTRAPPING
[2024-11-03T13:37:35.993+0000] {logging_mixin.py:188} INFO - Cluster ainda está iniciando... Estado: BOOTSTRAPPING
[2024-11-03T13:37:46.548+0000] {logging_mixin.py:188} INFO - Cluster ainda está iniciando... Estado: BOOTSTRAPPING
[2024-11-03T13:37:57.077+0000] {logging_mixin.py:188} INFO - Cluster ainda está iniciando... Estado: BOOTSTRAPPING
[2024-11-03T13:38:07.624+0000] {logging_mixin.py:188} INFO - Cluster ainda está iniciando... Estado: BOOTSTRAPPING
[2024-11-03T13:38:18.194+0000] {logging_mixin.py:188} INFO - Cluster ainda está iniciando... Estado: BOOTSTRAPPING
[2024-11-03T13:38:28.746+0000] {logging_mixin.py:188} INFO - Cluster ainda está iniciando... Estado: BOOTSTRAPPING
[2024-11-03T13:38:39.281+0000] {logging_mixin.py:188} INFO - Cluster ainda está iniciando... Estado: BOOTSTRAPPING
[2024-11-03T13:38:49.818+0000] {logging_mixin.py:188} INFO - Cluster ainda está iniciando... Estado: BOOTSTRAPPING
[2024-11-03T13:39:00.398+0000] {logging_mixin.py:188} INFO - Cluster ainda está iniciando... Estado: BOOTSTRAPPING
[2024-11-03T13:39:10.963+0000] {logging_mixin.py:188} INFO - Cluster ainda está iniciando... Estado: BOOTSTRAPPING
[2024-11-03T13:39:21.588+0000] {logging_mixin.py:188} INFO - Cluster está pronto para adicionar passos... Estado: WAITING
[2024-11-03T13:39:21.590+0000] {python.py:202} INFO - Done. Returned value was: None
[2024-11-03T13:39:21.597+0000] {taskinstance.py:1149} INFO - Marking task as SUCCESS. dag_id=etl_queimadas, task_id=check_emr_cluster_state, execution_date=20241102T133500, start_date=20241103T133507, end_date=20241103T133921
[2024-11-03T13:39:21.631+0000] {local_task_job_runner.py:234} INFO - Task exited with return code 0
[2024-11-03T13:39:21.649+0000] {taskinstance.py:3309} INFO - 1 downstream tasks scheduled from follow-on schedule check
