[2024-11-02T13:41:58.616+0000] {taskinstance.py:1979} INFO - Dependencies all met for dep_context=non-requeueable deps ti=<TaskInstance: etl_queimadas.add_step_job_gold_estado scheduled__2024-11-01T13:35:00+00:00 [queued]>
[2024-11-02T13:41:58.623+0000] {taskinstance.py:1979} INFO - Dependencies all met for dep_context=requeueable deps ti=<TaskInstance: etl_queimadas.add_step_job_gold_estado scheduled__2024-11-01T13:35:00+00:00 [queued]>
[2024-11-02T13:41:58.623+0000] {taskinstance.py:2193} INFO - Starting attempt 1 of 1
[2024-11-02T13:41:58.632+0000] {taskinstance.py:2214} INFO - Executing <Task(PythonOperator): add_step_job_gold_estado> on 2024-11-01 13:35:00+00:00
[2024-11-02T13:41:58.640+0000] {standard_task_runner.py:60} INFO - Started process 18490 to run task
[2024-11-02T13:41:58.642+0000] {standard_task_runner.py:87} INFO - Running: ['***', 'tasks', 'run', 'etl_queimadas', 'add_step_job_gold_estado', 'scheduled__2024-11-01T13:35:00+00:00', '--job-id', '289', '--raw', '--subdir', 'DAGS_FOLDER/dag_cria_emr.py', '--cfg-path', '/tmp/tmpesz9kggf']
[2024-11-02T13:41:58.644+0000] {standard_task_runner.py:88} INFO - Job 289: Subtask add_step_job_gold_estado
[2024-11-02T13:41:58.682+0000] {task_command.py:423} INFO - Running <TaskInstance: etl_queimadas.add_step_job_gold_estado scheduled__2024-11-01T13:35:00+00:00 [running]> on host 3f04bb9d0c09
[2024-11-02T13:41:58.753+0000] {taskinstance.py:2510} INFO - Exporting env vars: AIRFLOW_CTX_DAG_OWNER='***' AIRFLOW_CTX_DAG_ID='etl_queimadas' AIRFLOW_CTX_TASK_ID='add_step_job_gold_estado' AIRFLOW_CTX_EXECUTION_DATE='2024-11-01T13:35:00+00:00' AIRFLOW_CTX_TRY_NUMBER='1' AIRFLOW_CTX_DAG_RUN_ID='scheduled__2024-11-01T13:35:00+00:00'
[2024-11-02T13:42:14.926+0000] {logging_mixin.py:188} INFO - Status do passo "Agregar e Carregar na Camada Gold - Estado" (ID: s-10070262ZBC7QDSATLVB): PENDING
[2024-11-02T13:42:25.438+0000] {logging_mixin.py:188} INFO - Status do passo "Agregar e Carregar na Camada Gold - Estado" (ID: s-10070262ZBC7QDSATLVB): PENDING
[2024-11-02T13:42:35.970+0000] {logging_mixin.py:188} INFO - Status do passo "Agregar e Carregar na Camada Gold - Estado" (ID: s-10070262ZBC7QDSATLVB): PENDING
[2024-11-02T13:42:46.467+0000] {logging_mixin.py:188} INFO - Status do passo "Agregar e Carregar na Camada Gold - Estado" (ID: s-10070262ZBC7QDSATLVB): PENDING
[2024-11-02T13:42:57.024+0000] {logging_mixin.py:188} INFO - Status do passo "Agregar e Carregar na Camada Gold - Estado" (ID: s-10070262ZBC7QDSATLVB): PENDING
[2024-11-02T13:43:07.545+0000] {logging_mixin.py:188} INFO - Status do passo "Agregar e Carregar na Camada Gold - Estado" (ID: s-10070262ZBC7QDSATLVB): PENDING
[2024-11-02T13:43:18.001+0000] {logging_mixin.py:188} INFO - Status do passo "Agregar e Carregar na Camada Gold - Estado" (ID: s-10070262ZBC7QDSATLVB): PENDING
[2024-11-02T13:43:28.480+0000] {logging_mixin.py:188} INFO - Status do passo "Agregar e Carregar na Camada Gold - Estado" (ID: s-10070262ZBC7QDSATLVB): RUNNING
[2024-11-02T13:43:39.040+0000] {logging_mixin.py:188} INFO - Status do passo "Agregar e Carregar na Camada Gold - Estado" (ID: s-10070262ZBC7QDSATLVB): RUNNING
[2024-11-02T13:43:49.685+0000] {logging_mixin.py:188} INFO - Status do passo "Agregar e Carregar na Camada Gold - Estado" (ID: s-10070262ZBC7QDSATLVB): RUNNING
[2024-11-02T13:44:00.186+0000] {logging_mixin.py:188} INFO - Status do passo "Agregar e Carregar na Camada Gold - Estado" (ID: s-10070262ZBC7QDSATLVB): RUNNING
[2024-11-02T13:44:10.801+0000] {logging_mixin.py:188} INFO - Status do passo "Agregar e Carregar na Camada Gold - Estado" (ID: s-10070262ZBC7QDSATLVB): COMPLETED
[2024-11-02T13:44:10.805+0000] {python.py:202} INFO - Done. Returned value was: None
[2024-11-02T13:44:10.833+0000] {taskinstance.py:1149} INFO - Marking task as SUCCESS. dag_id=etl_queimadas, task_id=add_step_job_gold_estado, execution_date=20241101T133500, start_date=20241102T134158, end_date=20241102T134410
[2024-11-02T13:44:10.893+0000] {local_task_job_runner.py:234} INFO - Task exited with return code 0
[2024-11-02T13:44:10.909+0000] {taskinstance.py:3309} INFO - 0 downstream tasks scheduled from follow-on schedule check
