[2024-11-01T17:23:59.358+0000] {taskinstance.py:1979} INFO - Dependencies all met for dep_context=non-requeueable deps ti=<TaskInstance: etl_queimadas.add_step_job_silver manual__2024-11-01T17:17:06.410650+00:00 [queued]>
[2024-11-01T17:23:59.365+0000] {taskinstance.py:1979} INFO - Dependencies all met for dep_context=requeueable deps ti=<TaskInstance: etl_queimadas.add_step_job_silver manual__2024-11-01T17:17:06.410650+00:00 [queued]>
[2024-11-01T17:23:59.365+0000] {taskinstance.py:2193} INFO - Starting attempt 1 of 1
[2024-11-01T17:23:59.392+0000] {taskinstance.py:2214} INFO - Executing <Task(PythonOperator): add_step_job_silver> on 2024-11-01 17:17:06.410650+00:00
[2024-11-01T17:23:59.409+0000] {standard_task_runner.py:60} INFO - Started process 15073 to run task
[2024-11-01T17:23:59.417+0000] {standard_task_runner.py:87} INFO - Running: ['***', 'tasks', 'run', 'etl_queimadas', 'add_step_job_silver', 'manual__2024-11-01T17:17:06.410650+00:00', '--job-id', '277', '--raw', '--subdir', 'DAGS_FOLDER/dag_cria_emr.py', '--cfg-path', '/tmp/tmphacptk7f']
[2024-11-01T17:23:59.423+0000] {standard_task_runner.py:88} INFO - Job 277: Subtask add_step_job_silver
[2024-11-01T17:23:59.554+0000] {task_command.py:423} INFO - Running <TaskInstance: etl_queimadas.add_step_job_silver manual__2024-11-01T17:17:06.410650+00:00 [running]> on host 3f04bb9d0c09
[2024-11-01T17:23:59.721+0000] {taskinstance.py:2510} INFO - Exporting env vars: AIRFLOW_CTX_DAG_OWNER='***' AIRFLOW_CTX_DAG_ID='etl_queimadas' AIRFLOW_CTX_TASK_ID='add_step_job_silver' AIRFLOW_CTX_EXECUTION_DATE='2024-11-01T17:17:06.410650+00:00' AIRFLOW_CTX_TRY_NUMBER='1' AIRFLOW_CTX_DAG_RUN_ID='manual__2024-11-01T17:17:06.410650+00:00'
[2024-11-01T17:24:16.261+0000] {logging_mixin.py:188} INFO - Status do passo "Transformar e Carregar na Camada Silver" (ID: s-02910181GPB191R6ICKO): PENDING
[2024-11-01T17:24:26.941+0000] {logging_mixin.py:188} INFO - Status do passo "Transformar e Carregar na Camada Silver" (ID: s-02910181GPB191R6ICKO): PENDING
[2024-11-01T17:24:37.470+0000] {logging_mixin.py:188} INFO - Status do passo "Transformar e Carregar na Camada Silver" (ID: s-02910181GPB191R6ICKO): RUNNING
[2024-11-01T17:24:48.036+0000] {logging_mixin.py:188} INFO - Status do passo "Transformar e Carregar na Camada Silver" (ID: s-02910181GPB191R6ICKO): RUNNING
[2024-11-01T17:24:58.741+0000] {logging_mixin.py:188} INFO - Status do passo "Transformar e Carregar na Camada Silver" (ID: s-02910181GPB191R6ICKO): RUNNING
[2024-11-01T17:25:09.334+0000] {logging_mixin.py:188} INFO - Status do passo "Transformar e Carregar na Camada Silver" (ID: s-02910181GPB191R6ICKO): RUNNING
[2024-11-01T17:25:19.843+0000] {logging_mixin.py:188} INFO - Status do passo "Transformar e Carregar na Camada Silver" (ID: s-02910181GPB191R6ICKO): RUNNING
[2024-11-01T17:25:30.601+0000] {logging_mixin.py:188} INFO - Status do passo "Transformar e Carregar na Camada Silver" (ID: s-02910181GPB191R6ICKO): RUNNING
[2024-11-01T17:25:41.495+0000] {logging_mixin.py:188} INFO - Status do passo "Transformar e Carregar na Camada Silver" (ID: s-02910181GPB191R6ICKO): COMPLETED
[2024-11-01T17:25:41.500+0000] {python.py:202} INFO - Done. Returned value was: None
[2024-11-01T17:25:41.528+0000] {taskinstance.py:1149} INFO - Marking task as SUCCESS. dag_id=etl_queimadas, task_id=add_step_job_silver, execution_date=20241101T171706, start_date=20241101T172359, end_date=20241101T172541
[2024-11-01T17:25:41.603+0000] {local_task_job_runner.py:234} INFO - Task exited with return code 0
[2024-11-01T17:25:41.668+0000] {taskinstance.py:3309} INFO - 3 downstream tasks scheduled from follow-on schedule check
