[2024-11-01T17:17:14.757+0000] {taskinstance.py:1979} INFO - Dependencies all met for dep_context=non-requeueable deps ti=<TaskInstance: etl_queimadas.check_emr_cluster_state manual__2024-11-01T17:17:06.410650+00:00 [queued]>
[2024-11-01T17:17:14.771+0000] {taskinstance.py:1979} INFO - Dependencies all met for dep_context=requeueable deps ti=<TaskInstance: etl_queimadas.check_emr_cluster_state manual__2024-11-01T17:17:06.410650+00:00 [queued]>
[2024-11-01T17:17:14.771+0000] {taskinstance.py:2193} INFO - Starting attempt 1 of 1
[2024-11-01T17:17:14.790+0000] {taskinstance.py:2214} INFO - Executing <Task(PythonOperator): check_emr_cluster_state> on 2024-11-01 17:17:06.410650+00:00
[2024-11-01T17:17:14.801+0000] {standard_task_runner.py:60} INFO - Started process 14963 to run task
[2024-11-01T17:17:14.804+0000] {standard_task_runner.py:87} INFO - Running: ['***', 'tasks', 'run', 'etl_queimadas', 'check_emr_cluster_state', 'manual__2024-11-01T17:17:06.410650+00:00', '--job-id', '275', '--raw', '--subdir', 'DAGS_FOLDER/dag_cria_emr.py', '--cfg-path', '/tmp/tmp6kztsvpz']
[2024-11-01T17:17:14.807+0000] {standard_task_runner.py:88} INFO - Job 275: Subtask check_emr_cluster_state
[2024-11-01T17:17:14.857+0000] {task_command.py:423} INFO - Running <TaskInstance: etl_queimadas.check_emr_cluster_state manual__2024-11-01T17:17:06.410650+00:00 [running]> on host 3f04bb9d0c09
[2024-11-01T17:17:14.933+0000] {taskinstance.py:2510} INFO - Exporting env vars: AIRFLOW_CTX_DAG_OWNER='***' AIRFLOW_CTX_DAG_ID='etl_queimadas' AIRFLOW_CTX_TASK_ID='check_emr_cluster_state' AIRFLOW_CTX_EXECUTION_DATE='2024-11-01T17:17:06.410650+00:00' AIRFLOW_CTX_TRY_NUMBER='1' AIRFLOW_CTX_DAG_RUN_ID='manual__2024-11-01T17:17:06.410650+00:00'
[2024-11-01T17:17:15.641+0000] {logging_mixin.py:188} INFO - Cluster ainda está iniciando... Estado: STARTING
[2024-11-01T17:17:26.243+0000] {logging_mixin.py:188} INFO - Cluster ainda está iniciando... Estado: STARTING
[2024-11-01T17:17:36.771+0000] {logging_mixin.py:188} INFO - Cluster ainda está iniciando... Estado: STARTING
[2024-11-01T17:17:47.459+0000] {logging_mixin.py:188} INFO - Cluster ainda está iniciando... Estado: STARTING
[2024-11-01T17:17:58.033+0000] {logging_mixin.py:188} INFO - Cluster ainda está iniciando... Estado: STARTING
[2024-11-01T17:18:08.581+0000] {logging_mixin.py:188} INFO - Cluster ainda está iniciando... Estado: STARTING
[2024-11-01T17:18:19.139+0000] {logging_mixin.py:188} INFO - Cluster ainda está iniciando... Estado: STARTING
[2024-11-01T17:18:29.774+0000] {logging_mixin.py:188} INFO - Cluster ainda está iniciando... Estado: STARTING
[2024-11-01T17:18:40.420+0000] {logging_mixin.py:188} INFO - Cluster ainda está iniciando... Estado: STARTING
[2024-11-01T17:18:51.070+0000] {logging_mixin.py:188} INFO - Cluster ainda está iniciando... Estado: STARTING
[2024-11-01T17:19:01.806+0000] {logging_mixin.py:188} INFO - Cluster ainda está iniciando... Estado: STARTING
[2024-11-01T17:19:12.661+0000] {logging_mixin.py:188} INFO - Cluster ainda está iniciando... Estado: STARTING
[2024-11-01T17:19:23.187+0000] {logging_mixin.py:188} INFO - Cluster ainda está iniciando... Estado: STARTING
[2024-11-01T17:19:33.778+0000] {logging_mixin.py:188} INFO - Cluster ainda está iniciando... Estado: BOOTSTRAPPING
[2024-11-01T17:19:44.303+0000] {logging_mixin.py:188} INFO - Cluster ainda está iniciando... Estado: BOOTSTRAPPING
[2024-11-01T17:19:54.953+0000] {logging_mixin.py:188} INFO - Cluster ainda está iniciando... Estado: BOOTSTRAPPING
[2024-11-01T17:20:05.517+0000] {logging_mixin.py:188} INFO - Cluster ainda está iniciando... Estado: BOOTSTRAPPING
[2024-11-01T17:20:16.237+0000] {logging_mixin.py:188} INFO - Cluster ainda está iniciando... Estado: BOOTSTRAPPING
[2024-11-01T17:20:26.821+0000] {logging_mixin.py:188} INFO - Cluster ainda está iniciando... Estado: BOOTSTRAPPING
[2024-11-01T17:20:37.493+0000] {logging_mixin.py:188} INFO - Cluster ainda está iniciando... Estado: BOOTSTRAPPING
[2024-11-01T17:20:48.069+0000] {logging_mixin.py:188} INFO - Cluster ainda está iniciando... Estado: BOOTSTRAPPING
[2024-11-01T17:20:58.735+0000] {logging_mixin.py:188} INFO - Cluster ainda está iniciando... Estado: BOOTSTRAPPING
[2024-11-01T17:21:09.569+0000] {logging_mixin.py:188} INFO - Cluster ainda está iniciando... Estado: BOOTSTRAPPING
[2024-11-01T17:21:20.462+0000] {logging_mixin.py:188} INFO - Cluster ainda está iniciando... Estado: BOOTSTRAPPING
[2024-11-01T17:21:31.020+0000] {logging_mixin.py:188} INFO - Cluster ainda está iniciando... Estado: BOOTSTRAPPING
[2024-11-01T17:21:41.571+0000] {logging_mixin.py:188} INFO - Cluster ainda está iniciando... Estado: BOOTSTRAPPING
[2024-11-01T17:21:52.208+0000] {logging_mixin.py:188} INFO - Cluster ainda está iniciando... Estado: BOOTSTRAPPING
[2024-11-01T17:22:02.877+0000] {logging_mixin.py:188} INFO - Cluster ainda está iniciando... Estado: BOOTSTRAPPING
[2024-11-01T17:22:13.507+0000] {logging_mixin.py:188} INFO - Cluster ainda está iniciando... Estado: BOOTSTRAPPING
[2024-11-01T17:22:24.363+0000] {logging_mixin.py:188} INFO - Cluster ainda está iniciando... Estado: BOOTSTRAPPING
[2024-11-01T17:22:35.013+0000] {logging_mixin.py:188} INFO - Cluster está pronto para adicionar passos... Estado: WAITING
[2024-11-01T17:22:35.014+0000] {python.py:202} INFO - Done. Returned value was: None
[2024-11-01T17:22:35.022+0000] {taskinstance.py:1149} INFO - Marking task as SUCCESS. dag_id=etl_queimadas, task_id=check_emr_cluster_state, execution_date=20241101T171706, start_date=20241101T171714, end_date=20241101T172235
[2024-11-01T17:22:35.070+0000] {local_task_job_runner.py:234} INFO - Task exited with return code 0
[2024-11-01T17:22:35.095+0000] {taskinstance.py:3309} INFO - 1 downstream tasks scheduled from follow-on schedule check
