[2024-11-02T13:40:36.691+0000] {taskinstance.py:1979} INFO - Dependencies all met for dep_context=non-requeueable deps ti=<TaskInstance: etl_queimadas.add_step_job_silver scheduled__2024-11-01T13:35:00+00:00 [queued]>
[2024-11-02T13:40:36.698+0000] {taskinstance.py:1979} INFO - Dependencies all met for dep_context=requeueable deps ti=<TaskInstance: etl_queimadas.add_step_job_silver scheduled__2024-11-01T13:35:00+00:00 [queued]>
[2024-11-02T13:40:36.698+0000] {taskinstance.py:2193} INFO - Starting attempt 1 of 1
[2024-11-02T13:40:36.708+0000] {taskinstance.py:2214} INFO - Executing <Task(PythonOperator): add_step_job_silver> on 2024-11-01 13:35:00+00:00
[2024-11-02T13:40:36.714+0000] {standard_task_runner.py:60} INFO - Started process 18457 to run task
[2024-11-02T13:40:36.716+0000] {standard_task_runner.py:87} INFO - Running: ['***', 'tasks', 'run', 'etl_queimadas', 'add_step_job_silver', 'scheduled__2024-11-01T13:35:00+00:00', '--job-id', '286', '--raw', '--subdir', 'DAGS_FOLDER/dag_cria_emr.py', '--cfg-path', '/tmp/tmp1ioi7bmd']
[2024-11-02T13:40:36.717+0000] {standard_task_runner.py:88} INFO - Job 286: Subtask add_step_job_silver
[2024-11-02T13:40:36.751+0000] {task_command.py:423} INFO - Running <TaskInstance: etl_queimadas.add_step_job_silver scheduled__2024-11-01T13:35:00+00:00 [running]> on host 3f04bb9d0c09
[2024-11-02T13:40:36.816+0000] {taskinstance.py:2510} INFO - Exporting env vars: AIRFLOW_CTX_DAG_OWNER='***' AIRFLOW_CTX_DAG_ID='etl_queimadas' AIRFLOW_CTX_TASK_ID='add_step_job_silver' AIRFLOW_CTX_EXECUTION_DATE='2024-11-01T13:35:00+00:00' AIRFLOW_CTX_TRY_NUMBER='1' AIRFLOW_CTX_DAG_RUN_ID='scheduled__2024-11-01T13:35:00+00:00'
[2024-11-02T13:40:53.618+0000] {logging_mixin.py:188} INFO - Status do passo "Transformar e Carregar na Camada Silver" (ID: s-06688331MKTPTFY5DWGV): PENDING
[2024-11-02T13:41:04.398+0000] {logging_mixin.py:188} INFO - Status do passo "Transformar e Carregar na Camada Silver" (ID: s-06688331MKTPTFY5DWGV): RUNNING
[2024-11-02T13:41:15.015+0000] {logging_mixin.py:188} INFO - Status do passo "Transformar e Carregar na Camada Silver" (ID: s-06688331MKTPTFY5DWGV): RUNNING
[2024-11-02T13:41:25.667+0000] {logging_mixin.py:188} INFO - Status do passo "Transformar e Carregar na Camada Silver" (ID: s-06688331MKTPTFY5DWGV): RUNNING
[2024-11-02T13:41:36.216+0000] {logging_mixin.py:188} INFO - Status do passo "Transformar e Carregar na Camada Silver" (ID: s-06688331MKTPTFY5DWGV): RUNNING
[2024-11-02T13:41:46.700+0000] {logging_mixin.py:188} INFO - Status do passo "Transformar e Carregar na Camada Silver" (ID: s-06688331MKTPTFY5DWGV): RUNNING
[2024-11-02T13:41:57.281+0000] {logging_mixin.py:188} INFO - Status do passo "Transformar e Carregar na Camada Silver" (ID: s-06688331MKTPTFY5DWGV): COMPLETED
[2024-11-02T13:41:57.283+0000] {python.py:202} INFO - Done. Returned value was: None
[2024-11-02T13:41:57.289+0000] {taskinstance.py:1149} INFO - Marking task as SUCCESS. dag_id=etl_queimadas, task_id=add_step_job_silver, execution_date=20241101T133500, start_date=20241102T134036, end_date=20241102T134157
[2024-11-02T13:41:57.327+0000] {local_task_job_runner.py:234} INFO - Task exited with return code 0
[2024-11-02T13:41:57.345+0000] {taskinstance.py:3309} INFO - 3 downstream tasks scheduled from follow-on schedule check
