[2024-10-25T18:02:39.468+0000] {taskinstance.py:1979} INFO - Dependencies all met for dep_context=non-requeueable deps ti=<TaskInstance: etl_queimadas.add_step_job manual__2024-10-25T17:57:11.005329+00:00 [queued]>
[2024-10-25T18:02:39.474+0000] {taskinstance.py:1979} INFO - Dependencies all met for dep_context=requeueable deps ti=<TaskInstance: etl_queimadas.add_step_job manual__2024-10-25T17:57:11.005329+00:00 [queued]>
[2024-10-25T18:02:39.474+0000] {taskinstance.py:2193} INFO - Starting attempt 1 of 1
[2024-10-25T18:02:39.483+0000] {taskinstance.py:2214} INFO - Executing <Task(PythonOperator): add_step_job> on 2024-10-25 17:57:11.005329+00:00
[2024-10-25T18:02:39.489+0000] {standard_task_runner.py:60} INFO - Started process 6516 to run task
[2024-10-25T18:02:39.491+0000] {standard_task_runner.py:87} INFO - Running: ['***', 'tasks', 'run', 'etl_queimadas', 'add_step_job', 'manual__2024-10-25T17:57:11.005329+00:00', '--job-id', '158', '--raw', '--subdir', 'DAGS_FOLDER/dag_cria_emr.py', '--cfg-path', '/tmp/tmp7w8o7hwf']
[2024-10-25T18:02:39.493+0000] {standard_task_runner.py:88} INFO - Job 158: Subtask add_step_job
[2024-10-25T18:02:39.522+0000] {task_command.py:423} INFO - Running <TaskInstance: etl_queimadas.add_step_job manual__2024-10-25T17:57:11.005329+00:00 [running]> on host 622b1ac036ca
[2024-10-25T18:02:39.575+0000] {taskinstance.py:2510} INFO - Exporting env vars: AIRFLOW_CTX_DAG_OWNER='***' AIRFLOW_CTX_DAG_ID='etl_queimadas' AIRFLOW_CTX_TASK_ID='add_step_job' AIRFLOW_CTX_EXECUTION_DATE='2024-10-25T17:57:11.005329+00:00' AIRFLOW_CTX_TRY_NUMBER='1' AIRFLOW_CTX_DAG_RUN_ID='manual__2024-10-25T17:57:11.005329+00:00'
[2024-10-25T18:03:51.061+0000] {logging_mixin.py:188} INFO - Status do passo "Executar script Python" (ID: s-043395838U4O85CF7MCN): PENDING
[2024-10-25T18:04:01.532+0000] {logging_mixin.py:188} INFO - Status do passo "Executar script Python" (ID: s-043395838U4O85CF7MCN): PENDING
[2024-10-25T18:04:12.088+0000] {logging_mixin.py:188} INFO - Status do passo "Executar script Python" (ID: s-043395838U4O85CF7MCN): PENDING
[2024-10-25T18:04:22.686+0000] {logging_mixin.py:188} INFO - Status do passo "Executar script Python" (ID: s-043395838U4O85CF7MCN): PENDING
[2024-10-25T18:04:33.340+0000] {logging_mixin.py:188} INFO - Status do passo "Executar script Python" (ID: s-043395838U4O85CF7MCN): RUNNING
[2024-10-25T18:04:43.964+0000] {logging_mixin.py:188} INFO - Status do passo "Executar script Python" (ID: s-043395838U4O85CF7MCN): RUNNING
[2024-10-25T18:04:54.625+0000] {logging_mixin.py:188} INFO - Status do passo "Executar script Python" (ID: s-043395838U4O85CF7MCN): RUNNING
[2024-10-25T18:05:05.141+0000] {logging_mixin.py:188} INFO - Status do passo "Executar script Python" (ID: s-043395838U4O85CF7MCN): RUNNING
[2024-10-25T18:05:15.817+0000] {logging_mixin.py:188} INFO - Status do passo "Executar script Python" (ID: s-043395838U4O85CF7MCN): RUNNING
[2024-10-25T18:05:26.322+0000] {logging_mixin.py:188} INFO - Status do passo "Executar script Python" (ID: s-043395838U4O85CF7MCN): RUNNING
[2024-10-25T18:05:36.908+0000] {logging_mixin.py:188} INFO - Status do passo "Executar script Python" (ID: s-043395838U4O85CF7MCN): RUNNING
[2024-10-25T18:05:47.479+0000] {logging_mixin.py:188} INFO - Status do passo "Executar script Python" (ID: s-043395838U4O85CF7MCN): RUNNING
[2024-10-25T18:05:58.011+0000] {logging_mixin.py:188} INFO - Status do passo "Executar script Python" (ID: s-043395838U4O85CF7MCN): RUNNING
[2024-10-25T18:06:08.757+0000] {logging_mixin.py:188} INFO - Status do passo "Executar script Python" (ID: s-043395838U4O85CF7MCN): RUNNING
[2024-10-25T18:06:19.259+0000] {logging_mixin.py:188} INFO - Status do passo "Executar script Python" (ID: s-043395838U4O85CF7MCN): RUNNING
[2024-10-25T18:06:29.805+0000] {logging_mixin.py:188} INFO - Status do passo "Executar script Python" (ID: s-043395838U4O85CF7MCN): RUNNING
[2024-10-25T18:06:40.424+0000] {logging_mixin.py:188} INFO - Status do passo "Executar script Python" (ID: s-043395838U4O85CF7MCN): RUNNING
[2024-10-25T18:06:51.050+0000] {logging_mixin.py:188} INFO - Status do passo "Executar script Python" (ID: s-043395838U4O85CF7MCN): RUNNING
[2024-10-25T18:07:01.606+0000] {logging_mixin.py:188} INFO - Status do passo "Executar script Python" (ID: s-043395838U4O85CF7MCN): RUNNING
[2024-10-25T18:07:12.099+0000] {logging_mixin.py:188} INFO - Status do passo "Executar script Python" (ID: s-043395838U4O85CF7MCN): RUNNING
[2024-10-25T18:07:22.667+0000] {logging_mixin.py:188} INFO - Status do passo "Executar script Python" (ID: s-043395838U4O85CF7MCN): RUNNING
[2024-10-25T18:07:33.342+0000] {logging_mixin.py:188} INFO - Status do passo "Executar script Python" (ID: s-043395838U4O85CF7MCN): RUNNING
[2024-10-25T18:07:43.889+0000] {logging_mixin.py:188} INFO - Status do passo "Executar script Python" (ID: s-043395838U4O85CF7MCN): COMPLETED
[2024-10-25T18:07:43.890+0000] {python.py:202} INFO - Done. Returned value was: None
[2024-10-25T18:07:43.897+0000] {taskinstance.py:1149} INFO - Marking task as SUCCESS. dag_id=etl_queimadas, task_id=add_step_job, execution_date=20241025T175711, start_date=20241025T180239, end_date=20241025T180743
[2024-10-25T18:07:43.917+0000] {local_task_job_runner.py:234} INFO - Task exited with return code 0
[2024-10-25T18:07:43.931+0000] {taskinstance.py:3309} INFO - 1 downstream tasks scheduled from follow-on schedule check
