[2024-11-02T13:35:07.955+0000] {taskinstance.py:1979} INFO - Dependencies all met for dep_context=non-requeueable deps ti=<TaskInstance: etl_queimadas.check_emr_cluster_state scheduled__2024-11-01T13:35:00+00:00 [queued]>
[2024-11-02T13:35:07.966+0000] {taskinstance.py:1979} INFO - Dependencies all met for dep_context=requeueable deps ti=<TaskInstance: etl_queimadas.check_emr_cluster_state scheduled__2024-11-01T13:35:00+00:00 [queued]>
[2024-11-02T13:35:07.966+0000] {taskinstance.py:2193} INFO - Starting attempt 1 of 1
[2024-11-02T13:35:07.982+0000] {taskinstance.py:2214} INFO - Executing <Task(PythonOperator): check_emr_cluster_state> on 2024-11-01 13:35:00+00:00
[2024-11-02T13:35:07.990+0000] {standard_task_runner.py:60} INFO - Started process 18371 to run task
[2024-11-02T13:35:07.992+0000] {standard_task_runner.py:87} INFO - Running: ['***', 'tasks', 'run', 'etl_queimadas', 'check_emr_cluster_state', 'scheduled__2024-11-01T13:35:00+00:00', '--job-id', '284', '--raw', '--subdir', 'DAGS_FOLDER/dag_cria_emr.py', '--cfg-path', '/tmp/tmp5x718fx7']
[2024-11-02T13:35:07.994+0000] {standard_task_runner.py:88} INFO - Job 284: Subtask check_emr_cluster_state
[2024-11-02T13:35:08.040+0000] {task_command.py:423} INFO - Running <TaskInstance: etl_queimadas.check_emr_cluster_state scheduled__2024-11-01T13:35:00+00:00 [running]> on host 3f04bb9d0c09
[2024-11-02T13:35:08.127+0000] {taskinstance.py:2510} INFO - Exporting env vars: AIRFLOW_CTX_DAG_OWNER='***' AIRFLOW_CTX_DAG_ID='etl_queimadas' AIRFLOW_CTX_TASK_ID='check_emr_cluster_state' AIRFLOW_CTX_EXECUTION_DATE='2024-11-01T13:35:00+00:00' AIRFLOW_CTX_TRY_NUMBER='1' AIRFLOW_CTX_DAG_RUN_ID='scheduled__2024-11-01T13:35:00+00:00'
[2024-11-02T13:35:09.107+0000] {logging_mixin.py:188} INFO - Cluster ainda está iniciando... Estado: STARTING
[2024-11-02T13:35:19.690+0000] {logging_mixin.py:188} INFO - Cluster ainda está iniciando... Estado: STARTING
[2024-11-02T13:35:30.217+0000] {logging_mixin.py:188} INFO - Cluster ainda está iniciando... Estado: STARTING
[2024-11-02T13:35:40.780+0000] {logging_mixin.py:188} INFO - Cluster ainda está iniciando... Estado: STARTING
[2024-11-02T13:35:51.335+0000] {logging_mixin.py:188} INFO - Cluster ainda está iniciando... Estado: STARTING
[2024-11-02T13:36:01.904+0000] {logging_mixin.py:188} INFO - Cluster ainda está iniciando... Estado: STARTING
[2024-11-02T13:36:12.669+0000] {logging_mixin.py:188} INFO - Cluster ainda está iniciando... Estado: STARTING
[2024-11-02T13:36:23.209+0000] {logging_mixin.py:188} INFO - Cluster ainda está iniciando... Estado: STARTING
[2024-11-02T13:36:33.882+0000] {logging_mixin.py:188} INFO - Cluster ainda está iniciando... Estado: STARTING
[2024-11-02T13:36:44.621+0000] {logging_mixin.py:188} INFO - Cluster ainda está iniciando... Estado: STARTING
[2024-11-02T13:36:55.133+0000] {logging_mixin.py:188} INFO - Cluster ainda está iniciando... Estado: STARTING
[2024-11-02T13:37:05.686+0000] {logging_mixin.py:188} INFO - Cluster ainda está iniciando... Estado: STARTING
[2024-11-02T13:37:16.262+0000] {logging_mixin.py:188} INFO - Cluster ainda está iniciando... Estado: STARTING
[2024-11-02T13:37:26.902+0000] {logging_mixin.py:188} INFO - Cluster ainda está iniciando... Estado: BOOTSTRAPPING
[2024-11-02T13:37:37.544+0000] {logging_mixin.py:188} INFO - Cluster ainda está iniciando... Estado: BOOTSTRAPPING
[2024-11-02T13:37:48.109+0000] {logging_mixin.py:188} INFO - Cluster ainda está iniciando... Estado: BOOTSTRAPPING
[2024-11-02T13:37:58.730+0000] {logging_mixin.py:188} INFO - Cluster ainda está iniciando... Estado: BOOTSTRAPPING
[2024-11-02T13:38:09.576+0000] {logging_mixin.py:188} INFO - Cluster ainda está iniciando... Estado: BOOTSTRAPPING
[2024-11-02T13:38:20.277+0000] {logging_mixin.py:188} INFO - Cluster ainda está iniciando... Estado: BOOTSTRAPPING
[2024-11-02T13:38:30.891+0000] {logging_mixin.py:188} INFO - Cluster ainda está iniciando... Estado: BOOTSTRAPPING
[2024-11-02T13:38:41.426+0000] {logging_mixin.py:188} INFO - Cluster ainda está iniciando... Estado: BOOTSTRAPPING
[2024-11-02T13:38:52.181+0000] {logging_mixin.py:188} INFO - Cluster ainda está iniciando... Estado: BOOTSTRAPPING
[2024-11-02T13:39:02.754+0000] {logging_mixin.py:188} INFO - Cluster ainda está iniciando... Estado: BOOTSTRAPPING
[2024-11-02T13:39:13.377+0000] {logging_mixin.py:188} INFO - Cluster ainda está iniciando... Estado: BOOTSTRAPPING
[2024-11-02T13:39:24.038+0000] {logging_mixin.py:188} INFO - Cluster ainda está iniciando... Estado: BOOTSTRAPPING
[2024-11-02T13:39:34.671+0000] {logging_mixin.py:188} INFO - Cluster está pronto para adicionar passos... Estado: WAITING
[2024-11-02T13:39:34.673+0000] {python.py:202} INFO - Done. Returned value was: None
[2024-11-02T13:39:34.683+0000] {taskinstance.py:1149} INFO - Marking task as SUCCESS. dag_id=etl_queimadas, task_id=check_emr_cluster_state, execution_date=20241101T133500, start_date=20241102T133507, end_date=20241102T133934
[2024-11-02T13:39:34.722+0000] {local_task_job_runner.py:234} INFO - Task exited with return code 0
[2024-11-02T13:39:34.740+0000] {taskinstance.py:3309} INFO - 1 downstream tasks scheduled from follow-on schedule check
