[2024-10-25T14:48:52.949+0000] {taskinstance.py:1979} INFO - Dependencies all met for dep_context=non-requeueable deps ti=<TaskInstance: etl_queimadas.wait_step_job manual__2024-10-25T14:43:25.172815+00:00 [queued]>
[2024-10-25T14:48:52.958+0000] {taskinstance.py:1979} INFO - Dependencies all met for dep_context=requeueable deps ti=<TaskInstance: etl_queimadas.wait_step_job manual__2024-10-25T14:43:25.172815+00:00 [queued]>
[2024-10-25T14:48:52.958+0000] {taskinstance.py:2193} INFO - Starting attempt 1 of 1
[2024-10-25T14:48:52.971+0000] {taskinstance.py:2214} INFO - Executing <Task(PythonOperator): wait_step_job> on 2024-10-25 14:43:25.172815+00:00
[2024-10-25T14:48:52.978+0000] {standard_task_runner.py:60} INFO - Started process 3527 to run task
[2024-10-25T14:48:52.980+0000] {standard_task_runner.py:87} INFO - Running: ['***', 'tasks', 'run', 'etl_queimadas', 'wait_step_job', 'manual__2024-10-25T14:43:25.172815+00:00', '--job-id', '136', '--raw', '--subdir', 'DAGS_FOLDER/dag_cria_emr.py', '--cfg-path', '/tmp/tmpojj73bxx']
[2024-10-25T14:48:52.982+0000] {standard_task_runner.py:88} INFO - Job 136: Subtask wait_step_job
[2024-10-25T14:48:53.014+0000] {task_command.py:423} INFO - Running <TaskInstance: etl_queimadas.wait_step_job manual__2024-10-25T14:43:25.172815+00:00 [running]> on host 622b1ac036ca
[2024-10-25T14:48:53.069+0000] {taskinstance.py:2510} INFO - Exporting env vars: AIRFLOW_CTX_DAG_OWNER='***' AIRFLOW_CTX_DAG_ID='etl_queimadas' AIRFLOW_CTX_TASK_ID='wait_step_job' AIRFLOW_CTX_EXECUTION_DATE='2024-10-25T14:43:25.172815+00:00' AIRFLOW_CTX_TRY_NUMBER='1' AIRFLOW_CTX_DAG_RUN_ID='manual__2024-10-25T14:43:25.172815+00:00'
[2024-10-25T14:48:53.768+0000] {logging_mixin.py:188} INFO - Executando step job... Estado: PENDING
[2024-10-25T14:49:04.315+0000] {logging_mixin.py:188} INFO - Executando step job... Estado: PENDING
[2024-10-25T14:49:14.833+0000] {logging_mixin.py:188} INFO - Executando step job... Estado: PENDING
[2024-10-25T14:49:25.409+0000] {logging_mixin.py:188} INFO - Executando step job... Estado: PENDING
[2024-10-25T14:49:36.010+0000] {logging_mixin.py:188} INFO - Executando step job... Estado: PENDING
[2024-10-25T14:49:46.652+0000] {logging_mixin.py:188} INFO - Executando step job... Estado: RUNNING
[2024-10-25T14:49:57.247+0000] {logging_mixin.py:188} INFO - Executando step job... Estado: RUNNING
[2024-10-25T14:50:07.765+0000] {logging_mixin.py:188} INFO - Step job finalizado... Estado: COMPLETED
[2024-10-25T14:50:07.766+0000] {python.py:202} INFO - Done. Returned value was: None
[2024-10-25T14:50:07.773+0000] {taskinstance.py:1149} INFO - Marking task as SUCCESS. dag_id=etl_queimadas, task_id=wait_step_job, execution_date=20241025T144325, start_date=20241025T144852, end_date=20241025T145007
[2024-10-25T14:50:07.837+0000] {local_task_job_runner.py:234} INFO - Task exited with return code 0
[2024-10-25T14:50:07.851+0000] {taskinstance.py:3309} INFO - 1 downstream tasks scheduled from follow-on schedule check
