[2024-10-30T15:48:13.818+0000] {taskinstance.py:1979} INFO - Dependencies all met for dep_context=non-requeueable deps ti=<TaskInstance: etl_queimadas.add_step_job_silver manual__2024-10-30T15:42:39.835369+00:00 [queued]>
[2024-10-30T15:48:13.824+0000] {taskinstance.py:1979} INFO - Dependencies all met for dep_context=requeueable deps ti=<TaskInstance: etl_queimadas.add_step_job_silver manual__2024-10-30T15:42:39.835369+00:00 [queued]>
[2024-10-30T15:48:13.824+0000] {taskinstance.py:2193} INFO - Starting attempt 1 of 1
[2024-10-30T15:48:13.832+0000] {taskinstance.py:2214} INFO - Executing <Task(PythonOperator): add_step_job_silver> on 2024-10-30 15:42:39.835369+00:00
[2024-10-30T15:48:13.838+0000] {standard_task_runner.py:60} INFO - Started process 2868 to run task
[2024-10-30T15:48:13.840+0000] {standard_task_runner.py:87} INFO - Running: ['***', 'tasks', 'run', 'etl_queimadas', 'add_step_job_silver', 'manual__2024-10-30T15:42:39.835369+00:00', '--job-id', '228', '--raw', '--subdir', 'DAGS_FOLDER/dag_cria_emr.py', '--cfg-path', '/tmp/tmphlk0nlmc']
[2024-10-30T15:48:13.842+0000] {standard_task_runner.py:88} INFO - Job 228: Subtask add_step_job_silver
[2024-10-30T15:48:13.869+0000] {task_command.py:423} INFO - Running <TaskInstance: etl_queimadas.add_step_job_silver manual__2024-10-30T15:42:39.835369+00:00 [running]> on host 3f04bb9d0c09
[2024-10-30T15:48:13.917+0000] {taskinstance.py:2510} INFO - Exporting env vars: AIRFLOW_CTX_DAG_OWNER='***' AIRFLOW_CTX_DAG_ID='etl_queimadas' AIRFLOW_CTX_TASK_ID='add_step_job_silver' AIRFLOW_CTX_EXECUTION_DATE='2024-10-30T15:42:39.835369+00:00' AIRFLOW_CTX_TRY_NUMBER='1' AIRFLOW_CTX_DAG_RUN_ID='manual__2024-10-30T15:42:39.835369+00:00'
[2024-10-30T15:48:30.379+0000] {logging_mixin.py:188} INFO - Status do passo "Transformar e Carregar na Camada Silver" (ID: s-06030143C2CE55SFEWU): PENDING
[2024-10-30T15:48:40.919+0000] {logging_mixin.py:188} INFO - Status do passo "Transformar e Carregar na Camada Silver" (ID: s-06030143C2CE55SFEWU): PENDING
[2024-10-30T15:48:51.390+0000] {logging_mixin.py:188} INFO - Status do passo "Transformar e Carregar na Camada Silver" (ID: s-06030143C2CE55SFEWU): PENDING
[2024-10-30T15:49:02.009+0000] {logging_mixin.py:188} INFO - Status do passo "Transformar e Carregar na Camada Silver" (ID: s-06030143C2CE55SFEWU): PENDING
[2024-10-30T15:49:12.527+0000] {logging_mixin.py:188} INFO - Status do passo "Transformar e Carregar na Camada Silver" (ID: s-06030143C2CE55SFEWU): PENDING
[2024-10-30T15:49:23.094+0000] {logging_mixin.py:188} INFO - Status do passo "Transformar e Carregar na Camada Silver" (ID: s-06030143C2CE55SFEWU): PENDING
[2024-10-30T15:49:33.653+0000] {logging_mixin.py:188} INFO - Status do passo "Transformar e Carregar na Camada Silver" (ID: s-06030143C2CE55SFEWU): PENDING
[2024-10-30T15:49:44.198+0000] {logging_mixin.py:188} INFO - Status do passo "Transformar e Carregar na Camada Silver" (ID: s-06030143C2CE55SFEWU): RUNNING
[2024-10-30T15:49:54.739+0000] {logging_mixin.py:188} INFO - Status do passo "Transformar e Carregar na Camada Silver" (ID: s-06030143C2CE55SFEWU): RUNNING
[2024-10-30T15:50:05.402+0000] {logging_mixin.py:188} INFO - Status do passo "Transformar e Carregar na Camada Silver" (ID: s-06030143C2CE55SFEWU): RUNNING
[2024-10-30T15:50:16.045+0000] {logging_mixin.py:188} INFO - Status do passo "Transformar e Carregar na Camada Silver" (ID: s-06030143C2CE55SFEWU): RUNNING
[2024-10-30T15:50:26.675+0000] {logging_mixin.py:188} INFO - Status do passo "Transformar e Carregar na Camada Silver" (ID: s-06030143C2CE55SFEWU): RUNNING
[2024-10-30T15:50:37.242+0000] {logging_mixin.py:188} INFO - Status do passo "Transformar e Carregar na Camada Silver" (ID: s-06030143C2CE55SFEWU): RUNNING
[2024-10-30T15:50:47.795+0000] {logging_mixin.py:188} INFO - Status do passo "Transformar e Carregar na Camada Silver" (ID: s-06030143C2CE55SFEWU): RUNNING
[2024-10-30T15:50:58.299+0000] {logging_mixin.py:188} INFO - Status do passo "Transformar e Carregar na Camada Silver" (ID: s-06030143C2CE55SFEWU): RUNNING
[2024-10-30T15:51:08.837+0000] {logging_mixin.py:188} INFO - Status do passo "Transformar e Carregar na Camada Silver" (ID: s-06030143C2CE55SFEWU): RUNNING
[2024-10-30T15:51:19.437+0000] {logging_mixin.py:188} INFO - Status do passo "Transformar e Carregar na Camada Silver" (ID: s-06030143C2CE55SFEWU): COMPLETED
[2024-10-30T15:51:19.439+0000] {python.py:202} INFO - Done. Returned value was: None
[2024-10-30T15:51:19.446+0000] {taskinstance.py:1149} INFO - Marking task as SUCCESS. dag_id=etl_queimadas, task_id=add_step_job_silver, execution_date=20241030T154239, start_date=20241030T154813, end_date=20241030T155119
[2024-10-30T15:51:19.499+0000] {local_task_job_runner.py:234} INFO - Task exited with return code 0
[2024-10-30T15:51:19.518+0000] {taskinstance.py:3309} INFO - 1 downstream tasks scheduled from follow-on schedule check
