[2024-11-01T17:25:43.925+0000] {taskinstance.py:1979} INFO - Dependencies all met for dep_context=non-requeueable deps ti=<TaskInstance: etl_queimadas.add_step_job_gold_estado manual__2024-11-01T17:17:06.410650+00:00 [queued]>
[2024-11-01T17:25:43.934+0000] {taskinstance.py:1979} INFO - Dependencies all met for dep_context=requeueable deps ti=<TaskInstance: etl_queimadas.add_step_job_gold_estado manual__2024-11-01T17:17:06.410650+00:00 [queued]>
[2024-11-01T17:25:43.934+0000] {taskinstance.py:2193} INFO - Starting attempt 1 of 1
[2024-11-01T17:25:43.943+0000] {taskinstance.py:2214} INFO - Executing <Task(PythonOperator): add_step_job_gold_estado> on 2024-11-01 17:17:06.410650+00:00
[2024-11-01T17:25:43.950+0000] {standard_task_runner.py:60} INFO - Started process 15106 to run task
[2024-11-01T17:25:43.953+0000] {standard_task_runner.py:87} INFO - Running: ['***', 'tasks', 'run', 'etl_queimadas', 'add_step_job_gold_estado', 'manual__2024-11-01T17:17:06.410650+00:00', '--job-id', '280', '--raw', '--subdir', 'DAGS_FOLDER/dag_cria_emr.py', '--cfg-path', '/tmp/tmpgd995i9k']
[2024-11-01T17:25:43.954+0000] {standard_task_runner.py:88} INFO - Job 280: Subtask add_step_job_gold_estado
[2024-11-01T17:25:43.986+0000] {task_command.py:423} INFO - Running <TaskInstance: etl_queimadas.add_step_job_gold_estado manual__2024-11-01T17:17:06.410650+00:00 [running]> on host 3f04bb9d0c09
[2024-11-01T17:25:44.059+0000] {taskinstance.py:2510} INFO - Exporting env vars: AIRFLOW_CTX_DAG_OWNER='***' AIRFLOW_CTX_DAG_ID='etl_queimadas' AIRFLOW_CTX_TASK_ID='add_step_job_gold_estado' AIRFLOW_CTX_EXECUTION_DATE='2024-11-01T17:17:06.410650+00:00' AIRFLOW_CTX_TRY_NUMBER='1' AIRFLOW_CTX_DAG_RUN_ID='manual__2024-11-01T17:17:06.410650+00:00'
[2024-11-01T17:26:00.349+0000] {logging_mixin.py:188} INFO - Status do passo "Agregar e Carregar na Camada Gold - Estado" (ID: s-048718228M6WWGWICLU): PENDING
[2024-11-01T17:26:10.880+0000] {logging_mixin.py:188} INFO - Status do passo "Agregar e Carregar na Camada Gold - Estado" (ID: s-048718228M6WWGWICLU): PENDING
[2024-11-01T17:26:21.466+0000] {logging_mixin.py:188} INFO - Status do passo "Agregar e Carregar na Camada Gold - Estado" (ID: s-048718228M6WWGWICLU): PENDING
[2024-11-01T17:26:32.099+0000] {logging_mixin.py:188} INFO - Status do passo "Agregar e Carregar na Camada Gold - Estado" (ID: s-048718228M6WWGWICLU): PENDING
[2024-11-01T17:26:42.727+0000] {logging_mixin.py:188} INFO - Status do passo "Agregar e Carregar na Camada Gold - Estado" (ID: s-048718228M6WWGWICLU): PENDING
[2024-11-01T17:26:53.585+0000] {logging_mixin.py:188} INFO - Status do passo "Agregar e Carregar na Camada Gold - Estado" (ID: s-048718228M6WWGWICLU): PENDING
[2024-11-01T17:27:04.144+0000] {logging_mixin.py:188} INFO - Status do passo "Agregar e Carregar na Camada Gold - Estado" (ID: s-048718228M6WWGWICLU): PENDING
[2024-11-01T17:27:14.880+0000] {logging_mixin.py:188} INFO - Status do passo "Agregar e Carregar na Camada Gold - Estado" (ID: s-048718228M6WWGWICLU): PENDING
[2024-11-01T17:27:25.428+0000] {logging_mixin.py:188} INFO - Status do passo "Agregar e Carregar na Camada Gold - Estado" (ID: s-048718228M6WWGWICLU): PENDING
[2024-11-01T17:27:35.980+0000] {logging_mixin.py:188} INFO - Status do passo "Agregar e Carregar na Camada Gold - Estado" (ID: s-048718228M6WWGWICLU): PENDING
[2024-11-01T17:27:46.527+0000] {logging_mixin.py:188} INFO - Status do passo "Agregar e Carregar na Camada Gold - Estado" (ID: s-048718228M6WWGWICLU): PENDING
[2024-11-01T17:27:57.078+0000] {logging_mixin.py:188} INFO - Status do passo "Agregar e Carregar na Camada Gold - Estado" (ID: s-048718228M6WWGWICLU): RUNNING
[2024-11-01T17:28:08.032+0000] {logging_mixin.py:188} INFO - Status do passo "Agregar e Carregar na Camada Gold - Estado" (ID: s-048718228M6WWGWICLU): RUNNING
[2024-11-01T17:28:18.989+0000] {logging_mixin.py:188} INFO - Status do passo "Agregar e Carregar na Camada Gold - Estado" (ID: s-048718228M6WWGWICLU): RUNNING
[2024-11-01T17:28:29.490+0000] {logging_mixin.py:188} INFO - Status do passo "Agregar e Carregar na Camada Gold - Estado" (ID: s-048718228M6WWGWICLU): RUNNING
[2024-11-01T17:28:40.387+0000] {logging_mixin.py:188} INFO - Status do passo "Agregar e Carregar na Camada Gold - Estado" (ID: s-048718228M6WWGWICLU): COMPLETED
[2024-11-01T17:28:40.389+0000] {python.py:202} INFO - Done. Returned value was: None
[2024-11-01T17:28:40.400+0000] {taskinstance.py:1149} INFO - Marking task as SUCCESS. dag_id=etl_queimadas, task_id=add_step_job_gold_estado, execution_date=20241101T171706, start_date=20241101T172543, end_date=20241101T172840
[2024-11-01T17:28:40.447+0000] {local_task_job_runner.py:234} INFO - Task exited with return code 0
[2024-11-01T17:28:40.466+0000] {taskinstance.py:3309} INFO - 1 downstream tasks scheduled from follow-on schedule check
