[2024-11-04T13:35:07.290+0000] {taskinstance.py:1979} INFO - Dependencies all met for dep_context=non-requeueable deps ti=<TaskInstance: etl_queimadas.check_emr_cluster_state scheduled__2024-11-03T13:35:00+00:00 [queued]>
[2024-11-04T13:35:07.296+0000] {taskinstance.py:1979} INFO - Dependencies all met for dep_context=requeueable deps ti=<TaskInstance: etl_queimadas.check_emr_cluster_state scheduled__2024-11-03T13:35:00+00:00 [queued]>
[2024-11-04T13:35:07.297+0000] {taskinstance.py:2193} INFO - Starting attempt 1 of 1
[2024-11-04T13:35:07.306+0000] {taskinstance.py:2214} INFO - Executing <Task(PythonOperator): check_emr_cluster_state> on 2024-11-03 13:35:00+00:00
[2024-11-04T13:35:07.312+0000] {standard_task_runner.py:60} INFO - Started process 430 to run task
[2024-11-04T13:35:07.314+0000] {standard_task_runner.py:87} INFO - Running: ['***', 'tasks', 'run', 'etl_queimadas', 'check_emr_cluster_state', 'scheduled__2024-11-03T13:35:00+00:00', '--job-id', '306', '--raw', '--subdir', 'DAGS_FOLDER/dag_cria_emr.py', '--cfg-path', '/tmp/tmplgrk64pj']
[2024-11-04T13:35:07.316+0000] {standard_task_runner.py:88} INFO - Job 306: Subtask check_emr_cluster_state
[2024-11-04T13:35:07.344+0000] {task_command.py:423} INFO - Running <TaskInstance: etl_queimadas.check_emr_cluster_state scheduled__2024-11-03T13:35:00+00:00 [running]> on host 3f04bb9d0c09
[2024-11-04T13:35:07.397+0000] {taskinstance.py:2510} INFO - Exporting env vars: AIRFLOW_CTX_DAG_OWNER='***' AIRFLOW_CTX_DAG_ID='etl_queimadas' AIRFLOW_CTX_TASK_ID='check_emr_cluster_state' AIRFLOW_CTX_EXECUTION_DATE='2024-11-03T13:35:00+00:00' AIRFLOW_CTX_TRY_NUMBER='1' AIRFLOW_CTX_DAG_RUN_ID='scheduled__2024-11-03T13:35:00+00:00'
[2024-11-04T13:35:08.065+0000] {logging_mixin.py:188} INFO - Cluster ainda está iniciando... Estado: STARTING
[2024-11-04T13:35:18.608+0000] {logging_mixin.py:188} INFO - Cluster ainda está iniciando... Estado: STARTING
[2024-11-04T13:35:29.362+0000] {logging_mixin.py:188} INFO - Cluster ainda está iniciando... Estado: STARTING
[2024-11-04T13:35:39.898+0000] {logging_mixin.py:188} INFO - Cluster ainda está iniciando... Estado: STARTING
[2024-11-04T13:35:50.450+0000] {logging_mixin.py:188} INFO - Cluster ainda está iniciando... Estado: STARTING
[2024-11-04T13:36:01.001+0000] {logging_mixin.py:188} INFO - Cluster ainda está iniciando... Estado: STARTING
[2024-11-04T13:36:11.613+0000] {logging_mixin.py:188} INFO - Cluster ainda está iniciando... Estado: STARTING
[2024-11-04T13:36:22.204+0000] {logging_mixin.py:188} INFO - Cluster ainda está iniciando... Estado: STARTING
[2024-11-04T13:36:32.765+0000] {logging_mixin.py:188} INFO - Cluster ainda está iniciando... Estado: STARTING
[2024-11-04T13:36:43.426+0000] {logging_mixin.py:188} INFO - Cluster ainda está iniciando... Estado: STARTING
[2024-11-04T13:36:54.096+0000] {logging_mixin.py:188} INFO - Cluster ainda está iniciando... Estado: STARTING
[2024-11-04T13:37:04.659+0000] {logging_mixin.py:188} INFO - Cluster ainda está iniciando... Estado: STARTING
[2024-11-04T13:37:15.220+0000] {logging_mixin.py:188} INFO - Cluster ainda está iniciando... Estado: STARTING
[2024-11-04T13:37:25.785+0000] {logging_mixin.py:188} INFO - Cluster ainda está iniciando... Estado: BOOTSTRAPPING
[2024-11-04T13:37:36.346+0000] {logging_mixin.py:188} INFO - Cluster ainda está iniciando... Estado: BOOTSTRAPPING
[2024-11-04T13:37:46.864+0000] {logging_mixin.py:188} INFO - Cluster ainda está iniciando... Estado: BOOTSTRAPPING
[2024-11-04T13:37:57.366+0000] {logging_mixin.py:188} INFO - Cluster ainda está iniciando... Estado: BOOTSTRAPPING
[2024-11-04T13:38:08.041+0000] {logging_mixin.py:188} INFO - Cluster ainda está iniciando... Estado: BOOTSTRAPPING
[2024-11-04T13:38:18.620+0000] {logging_mixin.py:188} INFO - Cluster ainda está iniciando... Estado: BOOTSTRAPPING
[2024-11-04T13:38:29.165+0000] {logging_mixin.py:188} INFO - Cluster ainda está iniciando... Estado: BOOTSTRAPPING
[2024-11-04T13:38:39.735+0000] {logging_mixin.py:188} INFO - Cluster ainda está iniciando... Estado: BOOTSTRAPPING
[2024-11-04T13:38:50.337+0000] {logging_mixin.py:188} INFO - Cluster ainda está iniciando... Estado: BOOTSTRAPPING
[2024-11-04T13:39:00.909+0000] {logging_mixin.py:188} INFO - Cluster ainda está iniciando... Estado: BOOTSTRAPPING
[2024-11-04T13:39:11.523+0000] {logging_mixin.py:188} INFO - Cluster ainda está iniciando... Estado: BOOTSTRAPPING
[2024-11-04T13:39:22.034+0000] {logging_mixin.py:188} INFO - Cluster está pronto para adicionar passos... Estado: WAITING
[2024-11-04T13:39:22.035+0000] {python.py:202} INFO - Done. Returned value was: None
[2024-11-04T13:39:22.043+0000] {taskinstance.py:1149} INFO - Marking task as SUCCESS. dag_id=etl_queimadas, task_id=check_emr_cluster_state, execution_date=20241103T133500, start_date=20241104T133507, end_date=20241104T133922
[2024-11-04T13:39:22.084+0000] {local_task_job_runner.py:234} INFO - Task exited with return code 0
[2024-11-04T13:39:22.102+0000] {taskinstance.py:3309} INFO - 1 downstream tasks scheduled from follow-on schedule check
