[2024-10-25T21:58:55.932+0000] {taskinstance.py:1979} INFO - Dependencies all met for dep_context=non-requeueable deps ti=<TaskInstance: etl_queimadas.add_step_job_silver manual__2024-10-25T21:53:17.140385+00:00 [queued]>
[2024-10-25T21:58:55.937+0000] {taskinstance.py:1979} INFO - Dependencies all met for dep_context=requeueable deps ti=<TaskInstance: etl_queimadas.add_step_job_silver manual__2024-10-25T21:53:17.140385+00:00 [queued]>
[2024-10-25T21:58:55.937+0000] {taskinstance.py:2193} INFO - Starting attempt 1 of 1
[2024-10-25T21:58:55.946+0000] {taskinstance.py:2214} INFO - Executing <Task(PythonOperator): add_step_job_silver> on 2024-10-25 21:53:17.140385+00:00
[2024-10-25T21:58:55.951+0000] {standard_task_runner.py:60} INFO - Started process 10512 to run task
[2024-10-25T21:58:55.953+0000] {standard_task_runner.py:87} INFO - Running: ['***', 'tasks', 'run', 'etl_queimadas', 'add_step_job_silver', 'manual__2024-10-25T21:53:17.140385+00:00', '--job-id', '195', '--raw', '--subdir', 'DAGS_FOLDER/dag_cria_emr.py', '--cfg-path', '/tmp/tmpg72cge2d']
[2024-10-25T21:58:55.955+0000] {standard_task_runner.py:88} INFO - Job 195: Subtask add_step_job_silver
[2024-10-25T21:58:55.984+0000] {task_command.py:423} INFO - Running <TaskInstance: etl_queimadas.add_step_job_silver manual__2024-10-25T21:53:17.140385+00:00 [running]> on host 622b1ac036ca
[2024-10-25T21:58:56.038+0000] {taskinstance.py:2510} INFO - Exporting env vars: AIRFLOW_CTX_DAG_OWNER='***' AIRFLOW_CTX_DAG_ID='etl_queimadas' AIRFLOW_CTX_TASK_ID='add_step_job_silver' AIRFLOW_CTX_EXECUTION_DATE='2024-10-25T21:53:17.140385+00:00' AIRFLOW_CTX_TRY_NUMBER='1' AIRFLOW_CTX_DAG_RUN_ID='manual__2024-10-25T21:53:17.140385+00:00'
[2024-10-25T21:59:12.571+0000] {logging_mixin.py:188} INFO - Status do passo "Transformar e Carregar na Camada Silver" (ID: s-0194366Z2E1O3BE2WT4): PENDING
[2024-10-25T21:59:23.225+0000] {logging_mixin.py:188} INFO - Status do passo "Transformar e Carregar na Camada Silver" (ID: s-0194366Z2E1O3BE2WT4): PENDING
[2024-10-25T21:59:33.877+0000] {logging_mixin.py:188} INFO - Status do passo "Transformar e Carregar na Camada Silver" (ID: s-0194366Z2E1O3BE2WT4): PENDING
[2024-10-25T21:59:44.537+0000] {logging_mixin.py:188} INFO - Status do passo "Transformar e Carregar na Camada Silver" (ID: s-0194366Z2E1O3BE2WT4): PENDING
[2024-10-25T21:59:55.379+0000] {logging_mixin.py:188} INFO - Status do passo "Transformar e Carregar na Camada Silver" (ID: s-0194366Z2E1O3BE2WT4): PENDING
[2024-10-25T22:00:05.920+0000] {logging_mixin.py:188} INFO - Status do passo "Transformar e Carregar na Camada Silver" (ID: s-0194366Z2E1O3BE2WT4): PENDING
[2024-10-25T22:00:16.571+0000] {logging_mixin.py:188} INFO - Status do passo "Transformar e Carregar na Camada Silver" (ID: s-0194366Z2E1O3BE2WT4): RUNNING
[2024-10-25T22:00:27.226+0000] {logging_mixin.py:188} INFO - Status do passo "Transformar e Carregar na Camada Silver" (ID: s-0194366Z2E1O3BE2WT4): RUNNING
[2024-10-25T22:00:38.002+0000] {logging_mixin.py:188} INFO - Status do passo "Transformar e Carregar na Camada Silver" (ID: s-0194366Z2E1O3BE2WT4): RUNNING
[2024-10-25T22:00:48.724+0000] {logging_mixin.py:188} INFO - Status do passo "Transformar e Carregar na Camada Silver" (ID: s-0194366Z2E1O3BE2WT4): RUNNING
[2024-10-25T22:00:59.477+0000] {logging_mixin.py:188} INFO - Status do passo "Transformar e Carregar na Camada Silver" (ID: s-0194366Z2E1O3BE2WT4): RUNNING
[2024-10-25T22:01:10.126+0000] {logging_mixin.py:188} INFO - Status do passo "Transformar e Carregar na Camada Silver" (ID: s-0194366Z2E1O3BE2WT4): RUNNING
[2024-10-25T22:01:20.786+0000] {logging_mixin.py:188} INFO - Status do passo "Transformar e Carregar na Camada Silver" (ID: s-0194366Z2E1O3BE2WT4): RUNNING
[2024-10-25T22:01:31.485+0000] {logging_mixin.py:188} INFO - Status do passo "Transformar e Carregar na Camada Silver" (ID: s-0194366Z2E1O3BE2WT4): RUNNING
[2024-10-25T22:01:42.096+0000] {logging_mixin.py:188} INFO - Status do passo "Transformar e Carregar na Camada Silver" (ID: s-0194366Z2E1O3BE2WT4): RUNNING
[2024-10-25T22:01:52.724+0000] {logging_mixin.py:188} INFO - Status do passo "Transformar e Carregar na Camada Silver" (ID: s-0194366Z2E1O3BE2WT4): RUNNING
[2024-10-25T22:02:03.552+0000] {logging_mixin.py:188} INFO - Status do passo "Transformar e Carregar na Camada Silver" (ID: s-0194366Z2E1O3BE2WT4): COMPLETED
[2024-10-25T22:02:03.556+0000] {python.py:202} INFO - Done. Returned value was: None
[2024-10-25T22:02:03.582+0000] {taskinstance.py:1149} INFO - Marking task as SUCCESS. dag_id=etl_queimadas, task_id=add_step_job_silver, execution_date=20241025T215317, start_date=20241025T215855, end_date=20241025T220203
[2024-10-25T22:02:03.666+0000] {local_task_job_runner.py:234} INFO - Task exited with return code 0
[2024-10-25T22:02:03.680+0000] {taskinstance.py:3309} INFO - 0 downstream tasks scheduled from follow-on schedule check
