[2024-10-29T23:27:22.906+0000] {processor.py:161} INFO - Started process (PID=16647) to work on /home/airflow/.local/lib/python3.8/site-packages/airflow/example_dags/example_bash_operator.py
[2024-10-29T23:27:22.906+0000] {processor.py:830} INFO - Processing file /home/airflow/.local/lib/python3.8/site-packages/airflow/example_dags/example_bash_operator.py for tasks to queue
[2024-10-29T23:27:22.908+0000] {logging_mixin.py:188} INFO - [2024-10-29T23:27:22.908+0000] {dagbag.py:540} INFO - Filling up the DagBag from /home/airflow/.local/lib/python3.8/site-packages/airflow/example_dags/example_bash_operator.py
[2024-10-29T23:27:22.919+0000] {processor.py:840} INFO - DAG(s) 'example_bash_operator' retrieved from /home/airflow/.local/lib/python3.8/site-packages/airflow/example_dags/example_bash_operator.py
[2024-10-29T23:27:22.961+0000] {logging_mixin.py:188} INFO - [2024-10-29T23:27:22.961+0000] {dag.py:3047} INFO - Sync 1 DAGs
[2024-10-29T23:27:22.989+0000] {logging_mixin.py:188} INFO - [2024-10-29T23:27:22.989+0000] {dag.py:3834} INFO - Setting next_dagrun for example_bash_operator to 2024-10-28 00:00:00+00:00, run_after=2024-10-29 00:00:00+00:00
[2024-10-29T23:27:23.008+0000] {processor.py:183} INFO - Processing /home/airflow/.local/lib/python3.8/site-packages/airflow/example_dags/example_bash_operator.py took 0.106 seconds
[2024-10-29T23:27:53.567+0000] {processor.py:161} INFO - Started process (PID=16703) to work on /home/airflow/.local/lib/python3.8/site-packages/airflow/example_dags/example_bash_operator.py
[2024-10-29T23:27:53.568+0000] {processor.py:830} INFO - Processing file /home/airflow/.local/lib/python3.8/site-packages/airflow/example_dags/example_bash_operator.py for tasks to queue
[2024-10-29T23:27:53.569+0000] {logging_mixin.py:188} INFO - [2024-10-29T23:27:53.569+0000] {dagbag.py:540} INFO - Filling up the DagBag from /home/airflow/.local/lib/python3.8/site-packages/airflow/example_dags/example_bash_operator.py
[2024-10-29T23:27:53.580+0000] {processor.py:840} INFO - DAG(s) 'example_bash_operator' retrieved from /home/airflow/.local/lib/python3.8/site-packages/airflow/example_dags/example_bash_operator.py
[2024-10-29T23:27:53.607+0000] {logging_mixin.py:188} INFO - [2024-10-29T23:27:53.607+0000] {dag.py:3047} INFO - Sync 1 DAGs
[2024-10-29T23:27:53.628+0000] {logging_mixin.py:188} INFO - [2024-10-29T23:27:53.628+0000] {dag.py:3834} INFO - Setting next_dagrun for example_bash_operator to 2024-10-28 00:00:00+00:00, run_after=2024-10-29 00:00:00+00:00
[2024-10-29T23:27:53.644+0000] {processor.py:183} INFO - Processing /home/airflow/.local/lib/python3.8/site-packages/airflow/example_dags/example_bash_operator.py took 0.080 seconds
[2024-10-29T23:28:24.271+0000] {processor.py:161} INFO - Started process (PID=16759) to work on /home/airflow/.local/lib/python3.8/site-packages/airflow/example_dags/example_bash_operator.py
[2024-10-29T23:28:24.272+0000] {processor.py:830} INFO - Processing file /home/airflow/.local/lib/python3.8/site-packages/airflow/example_dags/example_bash_operator.py for tasks to queue
[2024-10-29T23:28:24.274+0000] {logging_mixin.py:188} INFO - [2024-10-29T23:28:24.274+0000] {dagbag.py:540} INFO - Filling up the DagBag from /home/airflow/.local/lib/python3.8/site-packages/airflow/example_dags/example_bash_operator.py
[2024-10-29T23:28:24.289+0000] {processor.py:840} INFO - DAG(s) 'example_bash_operator' retrieved from /home/airflow/.local/lib/python3.8/site-packages/airflow/example_dags/example_bash_operator.py
[2024-10-29T23:28:24.330+0000] {logging_mixin.py:188} INFO - [2024-10-29T23:28:24.330+0000] {dag.py:3047} INFO - Sync 1 DAGs
[2024-10-29T23:28:24.357+0000] {logging_mixin.py:188} INFO - [2024-10-29T23:28:24.357+0000] {dag.py:3834} INFO - Setting next_dagrun for example_bash_operator to 2024-10-28 00:00:00+00:00, run_after=2024-10-29 00:00:00+00:00
[2024-10-29T23:28:24.381+0000] {processor.py:183} INFO - Processing /home/airflow/.local/lib/python3.8/site-packages/airflow/example_dags/example_bash_operator.py took 0.113 seconds
[2024-10-29T23:28:55.085+0000] {processor.py:161} INFO - Started process (PID=16815) to work on /home/airflow/.local/lib/python3.8/site-packages/airflow/example_dags/example_bash_operator.py
[2024-10-29T23:28:55.086+0000] {processor.py:830} INFO - Processing file /home/airflow/.local/lib/python3.8/site-packages/airflow/example_dags/example_bash_operator.py for tasks to queue
[2024-10-29T23:28:55.087+0000] {logging_mixin.py:188} INFO - [2024-10-29T23:28:55.087+0000] {dagbag.py:540} INFO - Filling up the DagBag from /home/airflow/.local/lib/python3.8/site-packages/airflow/example_dags/example_bash_operator.py
[2024-10-29T23:28:55.100+0000] {processor.py:840} INFO - DAG(s) 'example_bash_operator' retrieved from /home/airflow/.local/lib/python3.8/site-packages/airflow/example_dags/example_bash_operator.py
[2024-10-29T23:28:55.147+0000] {logging_mixin.py:188} INFO - [2024-10-29T23:28:55.146+0000] {dag.py:3047} INFO - Sync 1 DAGs
[2024-10-29T23:28:55.173+0000] {logging_mixin.py:188} INFO - [2024-10-29T23:28:55.173+0000] {dag.py:3834} INFO - Setting next_dagrun for example_bash_operator to 2024-10-28 00:00:00+00:00, run_after=2024-10-29 00:00:00+00:00
[2024-10-29T23:28:55.193+0000] {processor.py:183} INFO - Processing /home/airflow/.local/lib/python3.8/site-packages/airflow/example_dags/example_bash_operator.py took 0.111 seconds
[2024-10-29T23:29:26.367+0000] {processor.py:161} INFO - Started process (PID=16871) to work on /home/airflow/.local/lib/python3.8/site-packages/airflow/example_dags/example_bash_operator.py
[2024-10-29T23:29:26.367+0000] {processor.py:830} INFO - Processing file /home/airflow/.local/lib/python3.8/site-packages/airflow/example_dags/example_bash_operator.py for tasks to queue
[2024-10-29T23:29:26.369+0000] {logging_mixin.py:188} INFO - [2024-10-29T23:29:26.369+0000] {dagbag.py:540} INFO - Filling up the DagBag from /home/airflow/.local/lib/python3.8/site-packages/airflow/example_dags/example_bash_operator.py
[2024-10-29T23:29:26.379+0000] {processor.py:840} INFO - DAG(s) 'example_bash_operator' retrieved from /home/airflow/.local/lib/python3.8/site-packages/airflow/example_dags/example_bash_operator.py
[2024-10-29T23:29:26.405+0000] {logging_mixin.py:188} INFO - [2024-10-29T23:29:26.405+0000] {dag.py:3047} INFO - Sync 1 DAGs
[2024-10-29T23:29:26.427+0000] {logging_mixin.py:188} INFO - [2024-10-29T23:29:26.427+0000] {dag.py:3834} INFO - Setting next_dagrun for example_bash_operator to 2024-10-28 00:00:00+00:00, run_after=2024-10-29 00:00:00+00:00
[2024-10-29T23:29:26.445+0000] {processor.py:183} INFO - Processing /home/airflow/.local/lib/python3.8/site-packages/airflow/example_dags/example_bash_operator.py took 0.081 seconds
[2024-10-29T23:29:56.539+0000] {processor.py:161} INFO - Started process (PID=16927) to work on /home/airflow/.local/lib/python3.8/site-packages/airflow/example_dags/example_bash_operator.py
[2024-10-29T23:29:56.540+0000] {processor.py:830} INFO - Processing file /home/airflow/.local/lib/python3.8/site-packages/airflow/example_dags/example_bash_operator.py for tasks to queue
[2024-10-29T23:29:56.542+0000] {logging_mixin.py:188} INFO - [2024-10-29T23:29:56.541+0000] {dagbag.py:540} INFO - Filling up the DagBag from /home/airflow/.local/lib/python3.8/site-packages/airflow/example_dags/example_bash_operator.py
[2024-10-29T23:29:56.557+0000] {processor.py:840} INFO - DAG(s) 'example_bash_operator' retrieved from /home/airflow/.local/lib/python3.8/site-packages/airflow/example_dags/example_bash_operator.py
[2024-10-29T23:29:56.594+0000] {logging_mixin.py:188} INFO - [2024-10-29T23:29:56.594+0000] {dag.py:3047} INFO - Sync 1 DAGs
[2024-10-29T23:29:56.620+0000] {logging_mixin.py:188} INFO - [2024-10-29T23:29:56.620+0000] {dag.py:3834} INFO - Setting next_dagrun for example_bash_operator to 2024-10-28 00:00:00+00:00, run_after=2024-10-29 00:00:00+00:00
[2024-10-29T23:29:56.637+0000] {processor.py:183} INFO - Processing /home/airflow/.local/lib/python3.8/site-packages/airflow/example_dags/example_bash_operator.py took 0.101 seconds
[2024-10-29T23:30:27.083+0000] {processor.py:161} INFO - Started process (PID=16983) to work on /home/airflow/.local/lib/python3.8/site-packages/airflow/example_dags/example_bash_operator.py
[2024-10-29T23:30:27.084+0000] {processor.py:830} INFO - Processing file /home/airflow/.local/lib/python3.8/site-packages/airflow/example_dags/example_bash_operator.py for tasks to queue
[2024-10-29T23:30:27.087+0000] {logging_mixin.py:188} INFO - [2024-10-29T23:30:27.086+0000] {dagbag.py:540} INFO - Filling up the DagBag from /home/airflow/.local/lib/python3.8/site-packages/airflow/example_dags/example_bash_operator.py
[2024-10-29T23:30:27.101+0000] {processor.py:840} INFO - DAG(s) 'example_bash_operator' retrieved from /home/airflow/.local/lib/python3.8/site-packages/airflow/example_dags/example_bash_operator.py
[2024-10-29T23:30:27.136+0000] {logging_mixin.py:188} INFO - [2024-10-29T23:30:27.136+0000] {dag.py:3047} INFO - Sync 1 DAGs
[2024-10-29T23:30:27.170+0000] {logging_mixin.py:188} INFO - [2024-10-29T23:30:27.170+0000] {dag.py:3834} INFO - Setting next_dagrun for example_bash_operator to 2024-10-28 00:00:00+00:00, run_after=2024-10-29 00:00:00+00:00
[2024-10-29T23:30:27.191+0000] {processor.py:183} INFO - Processing /home/airflow/.local/lib/python3.8/site-packages/airflow/example_dags/example_bash_operator.py took 0.112 seconds
[2024-10-29T23:30:57.598+0000] {processor.py:161} INFO - Started process (PID=17038) to work on /home/airflow/.local/lib/python3.8/site-packages/airflow/example_dags/example_bash_operator.py
[2024-10-29T23:30:57.599+0000] {processor.py:830} INFO - Processing file /home/airflow/.local/lib/python3.8/site-packages/airflow/example_dags/example_bash_operator.py for tasks to queue
[2024-10-29T23:30:57.600+0000] {logging_mixin.py:188} INFO - [2024-10-29T23:30:57.600+0000] {dagbag.py:540} INFO - Filling up the DagBag from /home/airflow/.local/lib/python3.8/site-packages/airflow/example_dags/example_bash_operator.py
[2024-10-29T23:30:57.613+0000] {processor.py:840} INFO - DAG(s) 'example_bash_operator' retrieved from /home/airflow/.local/lib/python3.8/site-packages/airflow/example_dags/example_bash_operator.py
[2024-10-29T23:30:57.647+0000] {logging_mixin.py:188} INFO - [2024-10-29T23:30:57.647+0000] {dag.py:3047} INFO - Sync 1 DAGs
[2024-10-29T23:30:57.680+0000] {logging_mixin.py:188} INFO - [2024-10-29T23:30:57.679+0000] {dag.py:3834} INFO - Setting next_dagrun for example_bash_operator to 2024-10-28 00:00:00+00:00, run_after=2024-10-29 00:00:00+00:00
[2024-10-29T23:30:57.704+0000] {processor.py:183} INFO - Processing /home/airflow/.local/lib/python3.8/site-packages/airflow/example_dags/example_bash_operator.py took 0.109 seconds
[2024-10-29T23:31:28.287+0000] {processor.py:161} INFO - Started process (PID=17094) to work on /home/airflow/.local/lib/python3.8/site-packages/airflow/example_dags/example_bash_operator.py
[2024-10-29T23:31:28.288+0000] {processor.py:830} INFO - Processing file /home/airflow/.local/lib/python3.8/site-packages/airflow/example_dags/example_bash_operator.py for tasks to queue
[2024-10-29T23:31:28.289+0000] {logging_mixin.py:188} INFO - [2024-10-29T23:31:28.289+0000] {dagbag.py:540} INFO - Filling up the DagBag from /home/airflow/.local/lib/python3.8/site-packages/airflow/example_dags/example_bash_operator.py
[2024-10-29T23:31:28.303+0000] {processor.py:840} INFO - DAG(s) 'example_bash_operator' retrieved from /home/airflow/.local/lib/python3.8/site-packages/airflow/example_dags/example_bash_operator.py
[2024-10-29T23:31:28.340+0000] {logging_mixin.py:188} INFO - [2024-10-29T23:31:28.339+0000] {dag.py:3047} INFO - Sync 1 DAGs
[2024-10-29T23:31:28.372+0000] {logging_mixin.py:188} INFO - [2024-10-29T23:31:28.372+0000] {dag.py:3834} INFO - Setting next_dagrun for example_bash_operator to 2024-10-28 00:00:00+00:00, run_after=2024-10-29 00:00:00+00:00
[2024-10-29T23:31:28.506+0000] {processor.py:183} INFO - Processing /home/airflow/.local/lib/python3.8/site-packages/airflow/example_dags/example_bash_operator.py took 0.224 seconds
[2024-10-29T23:31:58.716+0000] {processor.py:161} INFO - Started process (PID=17149) to work on /home/airflow/.local/lib/python3.8/site-packages/airflow/example_dags/example_bash_operator.py
[2024-10-29T23:31:58.716+0000] {processor.py:830} INFO - Processing file /home/airflow/.local/lib/python3.8/site-packages/airflow/example_dags/example_bash_operator.py for tasks to queue
[2024-10-29T23:31:58.718+0000] {logging_mixin.py:188} INFO - [2024-10-29T23:31:58.717+0000] {dagbag.py:540} INFO - Filling up the DagBag from /home/airflow/.local/lib/python3.8/site-packages/airflow/example_dags/example_bash_operator.py
[2024-10-29T23:31:58.728+0000] {processor.py:840} INFO - DAG(s) 'example_bash_operator' retrieved from /home/airflow/.local/lib/python3.8/site-packages/airflow/example_dags/example_bash_operator.py
[2024-10-29T23:31:58.754+0000] {logging_mixin.py:188} INFO - [2024-10-29T23:31:58.754+0000] {dag.py:3047} INFO - Sync 1 DAGs
[2024-10-29T23:31:58.777+0000] {logging_mixin.py:188} INFO - [2024-10-29T23:31:58.777+0000] {dag.py:3834} INFO - Setting next_dagrun for example_bash_operator to 2024-10-28 00:00:00+00:00, run_after=2024-10-29 00:00:00+00:00
[2024-10-29T23:31:58.898+0000] {processor.py:183} INFO - Processing /home/airflow/.local/lib/python3.8/site-packages/airflow/example_dags/example_bash_operator.py took 0.185 seconds
[2024-10-29T23:32:30.151+0000] {processor.py:161} INFO - Started process (PID=17204) to work on /home/airflow/.local/lib/python3.8/site-packages/airflow/example_dags/example_bash_operator.py
[2024-10-29T23:32:30.152+0000] {processor.py:830} INFO - Processing file /home/airflow/.local/lib/python3.8/site-packages/airflow/example_dags/example_bash_operator.py for tasks to queue
[2024-10-29T23:32:30.154+0000] {logging_mixin.py:188} INFO - [2024-10-29T23:32:30.153+0000] {dagbag.py:540} INFO - Filling up the DagBag from /home/airflow/.local/lib/python3.8/site-packages/airflow/example_dags/example_bash_operator.py
[2024-10-29T23:32:30.169+0000] {processor.py:840} INFO - DAG(s) 'example_bash_operator' retrieved from /home/airflow/.local/lib/python3.8/site-packages/airflow/example_dags/example_bash_operator.py
[2024-10-29T23:32:30.220+0000] {logging_mixin.py:188} INFO - [2024-10-29T23:32:30.219+0000] {dag.py:3047} INFO - Sync 1 DAGs
[2024-10-29T23:32:30.410+0000] {logging_mixin.py:188} INFO - [2024-10-29T23:32:30.410+0000] {dag.py:3834} INFO - Setting next_dagrun for example_bash_operator to 2024-10-28 00:00:00+00:00, run_after=2024-10-29 00:00:00+00:00
[2024-10-29T23:32:30.437+0000] {processor.py:183} INFO - Processing /home/airflow/.local/lib/python3.8/site-packages/airflow/example_dags/example_bash_operator.py took 0.290 seconds
[2024-10-29T23:33:01.428+0000] {processor.py:161} INFO - Started process (PID=17261) to work on /home/airflow/.local/lib/python3.8/site-packages/airflow/example_dags/example_bash_operator.py
[2024-10-29T23:33:01.429+0000] {processor.py:830} INFO - Processing file /home/airflow/.local/lib/python3.8/site-packages/airflow/example_dags/example_bash_operator.py for tasks to queue
[2024-10-29T23:33:01.431+0000] {logging_mixin.py:188} INFO - [2024-10-29T23:33:01.430+0000] {dagbag.py:540} INFO - Filling up the DagBag from /home/airflow/.local/lib/python3.8/site-packages/airflow/example_dags/example_bash_operator.py
[2024-10-29T23:33:01.443+0000] {processor.py:840} INFO - DAG(s) 'example_bash_operator' retrieved from /home/airflow/.local/lib/python3.8/site-packages/airflow/example_dags/example_bash_operator.py
[2024-10-29T23:33:01.470+0000] {logging_mixin.py:188} INFO - [2024-10-29T23:33:01.470+0000] {dag.py:3047} INFO - Sync 1 DAGs
[2024-10-29T23:33:01.601+0000] {logging_mixin.py:188} INFO - [2024-10-29T23:33:01.600+0000] {dag.py:3834} INFO - Setting next_dagrun for example_bash_operator to 2024-10-28 00:00:00+00:00, run_after=2024-10-29 00:00:00+00:00
[2024-10-29T23:33:01.618+0000] {processor.py:183} INFO - Processing /home/airflow/.local/lib/python3.8/site-packages/airflow/example_dags/example_bash_operator.py took 0.193 seconds
[2024-10-29T23:34:17.986+0000] {processor.py:161} INFO - Started process (PID=60) to work on /home/airflow/.local/lib/python3.8/site-packages/airflow/example_dags/example_bash_operator.py
[2024-10-29T23:34:17.987+0000] {processor.py:830} INFO - Processing file /home/airflow/.local/lib/python3.8/site-packages/airflow/example_dags/example_bash_operator.py for tasks to queue
[2024-10-29T23:34:17.990+0000] {logging_mixin.py:188} INFO - [2024-10-29T23:34:17.989+0000] {dagbag.py:540} INFO - Filling up the DagBag from /home/airflow/.local/lib/python3.8/site-packages/airflow/example_dags/example_bash_operator.py
[2024-10-29T23:34:18.007+0000] {processor.py:840} INFO - DAG(s) 'example_bash_operator' retrieved from /home/airflow/.local/lib/python3.8/site-packages/airflow/example_dags/example_bash_operator.py
[2024-10-29T23:34:18.022+0000] {logging_mixin.py:188} INFO - [2024-10-29T23:34:18.021+0000] {dag.py:3047} INFO - Sync 1 DAGs
[2024-10-29T23:34:18.059+0000] {logging_mixin.py:188} INFO - [2024-10-29T23:34:18.059+0000] {dag.py:3834} INFO - Setting next_dagrun for example_bash_operator to 2024-10-28 00:00:00+00:00, run_after=2024-10-29 00:00:00+00:00
[2024-10-29T23:34:18.087+0000] {processor.py:183} INFO - Processing /home/airflow/.local/lib/python3.8/site-packages/airflow/example_dags/example_bash_operator.py took 0.104 seconds
[2024-10-29T23:34:49.838+0000] {processor.py:161} INFO - Started process (PID=116) to work on /home/airflow/.local/lib/python3.8/site-packages/airflow/example_dags/example_bash_operator.py
[2024-10-29T23:34:49.839+0000] {processor.py:830} INFO - Processing file /home/airflow/.local/lib/python3.8/site-packages/airflow/example_dags/example_bash_operator.py for tasks to queue
[2024-10-29T23:34:49.841+0000] {logging_mixin.py:188} INFO - [2024-10-29T23:34:49.840+0000] {dagbag.py:540} INFO - Filling up the DagBag from /home/airflow/.local/lib/python3.8/site-packages/airflow/example_dags/example_bash_operator.py
[2024-10-29T23:34:49.855+0000] {processor.py:840} INFO - DAG(s) 'example_bash_operator' retrieved from /home/airflow/.local/lib/python3.8/site-packages/airflow/example_dags/example_bash_operator.py
[2024-10-29T23:34:50.009+0000] {logging_mixin.py:188} INFO - [2024-10-29T23:34:50.008+0000] {dag.py:3047} INFO - Sync 1 DAGs
[2024-10-29T23:34:50.049+0000] {logging_mixin.py:188} INFO - [2024-10-29T23:34:50.049+0000] {dag.py:3834} INFO - Setting next_dagrun for example_bash_operator to 2024-10-28 00:00:00+00:00, run_after=2024-10-29 00:00:00+00:00
[2024-10-29T23:34:50.079+0000] {processor.py:183} INFO - Processing /home/airflow/.local/lib/python3.8/site-packages/airflow/example_dags/example_bash_operator.py took 0.245 seconds
[2024-10-29T23:35:20.454+0000] {processor.py:161} INFO - Started process (PID=172) to work on /home/airflow/.local/lib/python3.8/site-packages/airflow/example_dags/example_bash_operator.py
[2024-10-29T23:35:20.455+0000] {processor.py:830} INFO - Processing file /home/airflow/.local/lib/python3.8/site-packages/airflow/example_dags/example_bash_operator.py for tasks to queue
[2024-10-29T23:35:20.457+0000] {logging_mixin.py:188} INFO - [2024-10-29T23:35:20.457+0000] {dagbag.py:540} INFO - Filling up the DagBag from /home/airflow/.local/lib/python3.8/site-packages/airflow/example_dags/example_bash_operator.py
[2024-10-29T23:35:20.470+0000] {processor.py:840} INFO - DAG(s) 'example_bash_operator' retrieved from /home/airflow/.local/lib/python3.8/site-packages/airflow/example_dags/example_bash_operator.py
[2024-10-29T23:35:20.505+0000] {logging_mixin.py:188} INFO - [2024-10-29T23:35:20.505+0000] {dag.py:3047} INFO - Sync 1 DAGs
[2024-10-29T23:35:20.535+0000] {logging_mixin.py:188} INFO - [2024-10-29T23:35:20.535+0000] {dag.py:3834} INFO - Setting next_dagrun for example_bash_operator to 2024-10-28 00:00:00+00:00, run_after=2024-10-29 00:00:00+00:00
[2024-10-29T23:35:20.552+0000] {processor.py:183} INFO - Processing /home/airflow/.local/lib/python3.8/site-packages/airflow/example_dags/example_bash_operator.py took 0.101 seconds
[2024-10-29T23:35:50.659+0000] {processor.py:161} INFO - Started process (PID=228) to work on /home/airflow/.local/lib/python3.8/site-packages/airflow/example_dags/example_bash_operator.py
[2024-10-29T23:35:50.659+0000] {processor.py:830} INFO - Processing file /home/airflow/.local/lib/python3.8/site-packages/airflow/example_dags/example_bash_operator.py for tasks to queue
[2024-10-29T23:35:50.661+0000] {logging_mixin.py:188} INFO - [2024-10-29T23:35:50.661+0000] {dagbag.py:540} INFO - Filling up the DagBag from /home/airflow/.local/lib/python3.8/site-packages/airflow/example_dags/example_bash_operator.py
[2024-10-29T23:35:50.673+0000] {processor.py:840} INFO - DAG(s) 'example_bash_operator' retrieved from /home/airflow/.local/lib/python3.8/site-packages/airflow/example_dags/example_bash_operator.py
[2024-10-29T23:35:50.722+0000] {logging_mixin.py:188} INFO - [2024-10-29T23:35:50.722+0000] {dag.py:3047} INFO - Sync 1 DAGs
[2024-10-29T23:35:50.751+0000] {logging_mixin.py:188} INFO - [2024-10-29T23:35:50.751+0000] {dag.py:3834} INFO - Setting next_dagrun for example_bash_operator to 2024-10-28 00:00:00+00:00, run_after=2024-10-29 00:00:00+00:00
[2024-10-29T23:35:50.773+0000] {processor.py:183} INFO - Processing /home/airflow/.local/lib/python3.8/site-packages/airflow/example_dags/example_bash_operator.py took 0.117 seconds
[2024-10-29T23:36:21.687+0000] {processor.py:161} INFO - Started process (PID=284) to work on /home/airflow/.local/lib/python3.8/site-packages/airflow/example_dags/example_bash_operator.py
[2024-10-29T23:36:21.687+0000] {processor.py:830} INFO - Processing file /home/airflow/.local/lib/python3.8/site-packages/airflow/example_dags/example_bash_operator.py for tasks to queue
[2024-10-29T23:36:21.689+0000] {logging_mixin.py:188} INFO - [2024-10-29T23:36:21.689+0000] {dagbag.py:540} INFO - Filling up the DagBag from /home/airflow/.local/lib/python3.8/site-packages/airflow/example_dags/example_bash_operator.py
[2024-10-29T23:36:21.699+0000] {processor.py:840} INFO - DAG(s) 'example_bash_operator' retrieved from /home/airflow/.local/lib/python3.8/site-packages/airflow/example_dags/example_bash_operator.py
[2024-10-29T23:36:21.727+0000] {logging_mixin.py:188} INFO - [2024-10-29T23:36:21.727+0000] {dag.py:3047} INFO - Sync 1 DAGs
[2024-10-29T23:36:21.749+0000] {logging_mixin.py:188} INFO - [2024-10-29T23:36:21.749+0000] {dag.py:3834} INFO - Setting next_dagrun for example_bash_operator to 2024-10-28 00:00:00+00:00, run_after=2024-10-29 00:00:00+00:00
[2024-10-29T23:36:21.768+0000] {processor.py:183} INFO - Processing /home/airflow/.local/lib/python3.8/site-packages/airflow/example_dags/example_bash_operator.py took 0.084 seconds
[2024-10-29T23:36:52.357+0000] {processor.py:161} INFO - Started process (PID=340) to work on /home/airflow/.local/lib/python3.8/site-packages/airflow/example_dags/example_bash_operator.py
[2024-10-29T23:36:52.358+0000] {processor.py:830} INFO - Processing file /home/airflow/.local/lib/python3.8/site-packages/airflow/example_dags/example_bash_operator.py for tasks to queue
[2024-10-29T23:36:52.359+0000] {logging_mixin.py:188} INFO - [2024-10-29T23:36:52.359+0000] {dagbag.py:540} INFO - Filling up the DagBag from /home/airflow/.local/lib/python3.8/site-packages/airflow/example_dags/example_bash_operator.py
[2024-10-29T23:36:52.371+0000] {processor.py:840} INFO - DAG(s) 'example_bash_operator' retrieved from /home/airflow/.local/lib/python3.8/site-packages/airflow/example_dags/example_bash_operator.py
[2024-10-29T23:36:52.402+0000] {logging_mixin.py:188} INFO - [2024-10-29T23:36:52.402+0000] {dag.py:3047} INFO - Sync 1 DAGs
[2024-10-29T23:36:52.433+0000] {logging_mixin.py:188} INFO - [2024-10-29T23:36:52.433+0000] {dag.py:3834} INFO - Setting next_dagrun for example_bash_operator to 2024-10-28 00:00:00+00:00, run_after=2024-10-29 00:00:00+00:00
[2024-10-29T23:36:52.456+0000] {processor.py:183} INFO - Processing /home/airflow/.local/lib/python3.8/site-packages/airflow/example_dags/example_bash_operator.py took 0.101 seconds
[2024-10-29T23:37:22.683+0000] {processor.py:161} INFO - Started process (PID=396) to work on /home/airflow/.local/lib/python3.8/site-packages/airflow/example_dags/example_bash_operator.py
[2024-10-29T23:37:22.684+0000] {processor.py:830} INFO - Processing file /home/airflow/.local/lib/python3.8/site-packages/airflow/example_dags/example_bash_operator.py for tasks to queue
[2024-10-29T23:37:22.685+0000] {logging_mixin.py:188} INFO - [2024-10-29T23:37:22.685+0000] {dagbag.py:540} INFO - Filling up the DagBag from /home/airflow/.local/lib/python3.8/site-packages/airflow/example_dags/example_bash_operator.py
[2024-10-29T23:37:22.699+0000] {processor.py:840} INFO - DAG(s) 'example_bash_operator' retrieved from /home/airflow/.local/lib/python3.8/site-packages/airflow/example_dags/example_bash_operator.py
[2024-10-29T23:37:22.732+0000] {logging_mixin.py:188} INFO - [2024-10-29T23:37:22.732+0000] {dag.py:3047} INFO - Sync 1 DAGs
[2024-10-29T23:37:22.760+0000] {logging_mixin.py:188} INFO - [2024-10-29T23:37:22.759+0000] {dag.py:3834} INFO - Setting next_dagrun for example_bash_operator to 2024-10-28 00:00:00+00:00, run_after=2024-10-29 00:00:00+00:00
[2024-10-29T23:37:22.781+0000] {processor.py:183} INFO - Processing /home/airflow/.local/lib/python3.8/site-packages/airflow/example_dags/example_bash_operator.py took 0.100 seconds
[2024-10-29T23:37:53.523+0000] {processor.py:161} INFO - Started process (PID=452) to work on /home/airflow/.local/lib/python3.8/site-packages/airflow/example_dags/example_bash_operator.py
[2024-10-29T23:37:53.524+0000] {processor.py:830} INFO - Processing file /home/airflow/.local/lib/python3.8/site-packages/airflow/example_dags/example_bash_operator.py for tasks to queue
[2024-10-29T23:37:53.526+0000] {logging_mixin.py:188} INFO - [2024-10-29T23:37:53.525+0000] {dagbag.py:540} INFO - Filling up the DagBag from /home/airflow/.local/lib/python3.8/site-packages/airflow/example_dags/example_bash_operator.py
[2024-10-29T23:37:53.538+0000] {processor.py:840} INFO - DAG(s) 'example_bash_operator' retrieved from /home/airflow/.local/lib/python3.8/site-packages/airflow/example_dags/example_bash_operator.py
[2024-10-29T23:37:53.570+0000] {logging_mixin.py:188} INFO - [2024-10-29T23:37:53.569+0000] {dag.py:3047} INFO - Sync 1 DAGs
[2024-10-29T23:37:53.606+0000] {logging_mixin.py:188} INFO - [2024-10-29T23:37:53.606+0000] {dag.py:3834} INFO - Setting next_dagrun for example_bash_operator to 2024-10-28 00:00:00+00:00, run_after=2024-10-29 00:00:00+00:00
[2024-10-29T23:37:53.634+0000] {processor.py:183} INFO - Processing /home/airflow/.local/lib/python3.8/site-packages/airflow/example_dags/example_bash_operator.py took 0.114 seconds
[2024-10-29T23:38:24.121+0000] {processor.py:161} INFO - Started process (PID=508) to work on /home/airflow/.local/lib/python3.8/site-packages/airflow/example_dags/example_bash_operator.py
[2024-10-29T23:38:24.122+0000] {processor.py:830} INFO - Processing file /home/airflow/.local/lib/python3.8/site-packages/airflow/example_dags/example_bash_operator.py for tasks to queue
[2024-10-29T23:38:24.124+0000] {logging_mixin.py:188} INFO - [2024-10-29T23:38:24.123+0000] {dagbag.py:540} INFO - Filling up the DagBag from /home/airflow/.local/lib/python3.8/site-packages/airflow/example_dags/example_bash_operator.py
[2024-10-29T23:38:24.135+0000] {processor.py:840} INFO - DAG(s) 'example_bash_operator' retrieved from /home/airflow/.local/lib/python3.8/site-packages/airflow/example_dags/example_bash_operator.py
[2024-10-29T23:38:24.168+0000] {logging_mixin.py:188} INFO - [2024-10-29T23:38:24.167+0000] {dag.py:3047} INFO - Sync 1 DAGs
[2024-10-29T23:38:24.193+0000] {logging_mixin.py:188} INFO - [2024-10-29T23:38:24.192+0000] {dag.py:3834} INFO - Setting next_dagrun for example_bash_operator to 2024-10-28 00:00:00+00:00, run_after=2024-10-29 00:00:00+00:00
[2024-10-29T23:38:24.212+0000] {processor.py:183} INFO - Processing /home/airflow/.local/lib/python3.8/site-packages/airflow/example_dags/example_bash_operator.py took 0.093 seconds
[2024-10-29T23:38:54.493+0000] {processor.py:161} INFO - Started process (PID=564) to work on /home/airflow/.local/lib/python3.8/site-packages/airflow/example_dags/example_bash_operator.py
[2024-10-29T23:38:54.494+0000] {processor.py:830} INFO - Processing file /home/airflow/.local/lib/python3.8/site-packages/airflow/example_dags/example_bash_operator.py for tasks to queue
[2024-10-29T23:38:54.497+0000] {logging_mixin.py:188} INFO - [2024-10-29T23:38:54.497+0000] {dagbag.py:540} INFO - Filling up the DagBag from /home/airflow/.local/lib/python3.8/site-packages/airflow/example_dags/example_bash_operator.py
[2024-10-29T23:38:54.517+0000] {processor.py:840} INFO - DAG(s) 'example_bash_operator' retrieved from /home/airflow/.local/lib/python3.8/site-packages/airflow/example_dags/example_bash_operator.py
[2024-10-29T23:38:54.567+0000] {logging_mixin.py:188} INFO - [2024-10-29T23:38:54.566+0000] {dag.py:3047} INFO - Sync 1 DAGs
[2024-10-29T23:38:54.613+0000] {logging_mixin.py:188} INFO - [2024-10-29T23:38:54.613+0000] {dag.py:3834} INFO - Setting next_dagrun for example_bash_operator to 2024-10-28 00:00:00+00:00, run_after=2024-10-29 00:00:00+00:00
[2024-10-29T23:38:54.658+0000] {processor.py:183} INFO - Processing /home/airflow/.local/lib/python3.8/site-packages/airflow/example_dags/example_bash_operator.py took 0.170 seconds
[2024-10-29T23:39:25.603+0000] {processor.py:161} INFO - Started process (PID=620) to work on /home/airflow/.local/lib/python3.8/site-packages/airflow/example_dags/example_bash_operator.py
[2024-10-29T23:39:25.605+0000] {processor.py:830} INFO - Processing file /home/airflow/.local/lib/python3.8/site-packages/airflow/example_dags/example_bash_operator.py for tasks to queue
[2024-10-29T23:39:25.607+0000] {logging_mixin.py:188} INFO - [2024-10-29T23:39:25.607+0000] {dagbag.py:540} INFO - Filling up the DagBag from /home/airflow/.local/lib/python3.8/site-packages/airflow/example_dags/example_bash_operator.py
[2024-10-29T23:39:25.626+0000] {processor.py:840} INFO - DAG(s) 'example_bash_operator' retrieved from /home/airflow/.local/lib/python3.8/site-packages/airflow/example_dags/example_bash_operator.py
[2024-10-29T23:39:25.677+0000] {logging_mixin.py:188} INFO - [2024-10-29T23:39:25.677+0000] {dag.py:3047} INFO - Sync 1 DAGs
[2024-10-29T23:39:25.721+0000] {logging_mixin.py:188} INFO - [2024-10-29T23:39:25.721+0000] {dag.py:3834} INFO - Setting next_dagrun for example_bash_operator to 2024-10-28 00:00:00+00:00, run_after=2024-10-29 00:00:00+00:00
[2024-10-29T23:39:25.756+0000] {processor.py:183} INFO - Processing /home/airflow/.local/lib/python3.8/site-packages/airflow/example_dags/example_bash_operator.py took 0.156 seconds
[2024-10-29T23:39:56.310+0000] {processor.py:161} INFO - Started process (PID=676) to work on /home/airflow/.local/lib/python3.8/site-packages/airflow/example_dags/example_bash_operator.py
[2024-10-29T23:39:56.311+0000] {processor.py:830} INFO - Processing file /home/airflow/.local/lib/python3.8/site-packages/airflow/example_dags/example_bash_operator.py for tasks to queue
[2024-10-29T23:39:56.314+0000] {logging_mixin.py:188} INFO - [2024-10-29T23:39:56.314+0000] {dagbag.py:540} INFO - Filling up the DagBag from /home/airflow/.local/lib/python3.8/site-packages/airflow/example_dags/example_bash_operator.py
[2024-10-29T23:39:56.334+0000] {processor.py:840} INFO - DAG(s) 'example_bash_operator' retrieved from /home/airflow/.local/lib/python3.8/site-packages/airflow/example_dags/example_bash_operator.py
[2024-10-29T23:39:56.386+0000] {logging_mixin.py:188} INFO - [2024-10-29T23:39:56.385+0000] {dag.py:3047} INFO - Sync 1 DAGs
[2024-10-29T23:39:56.427+0000] {logging_mixin.py:188} INFO - [2024-10-29T23:39:56.426+0000] {dag.py:3834} INFO - Setting next_dagrun for example_bash_operator to 2024-10-28 00:00:00+00:00, run_after=2024-10-29 00:00:00+00:00
[2024-10-29T23:39:56.456+0000] {processor.py:183} INFO - Processing /home/airflow/.local/lib/python3.8/site-packages/airflow/example_dags/example_bash_operator.py took 0.150 seconds
[2024-10-29T23:40:26.713+0000] {processor.py:161} INFO - Started process (PID=731) to work on /home/airflow/.local/lib/python3.8/site-packages/airflow/example_dags/example_bash_operator.py
[2024-10-29T23:40:26.719+0000] {processor.py:830} INFO - Processing file /home/airflow/.local/lib/python3.8/site-packages/airflow/example_dags/example_bash_operator.py for tasks to queue
[2024-10-29T23:40:26.721+0000] {logging_mixin.py:188} INFO - [2024-10-29T23:40:26.721+0000] {dagbag.py:540} INFO - Filling up the DagBag from /home/airflow/.local/lib/python3.8/site-packages/airflow/example_dags/example_bash_operator.py
[2024-10-29T23:40:26.735+0000] {processor.py:840} INFO - DAG(s) 'example_bash_operator' retrieved from /home/airflow/.local/lib/python3.8/site-packages/airflow/example_dags/example_bash_operator.py
[2024-10-29T23:40:26.779+0000] {logging_mixin.py:188} INFO - [2024-10-29T23:40:26.779+0000] {dag.py:3047} INFO - Sync 1 DAGs
[2024-10-29T23:40:26.823+0000] {logging_mixin.py:188} INFO - [2024-10-29T23:40:26.823+0000] {dag.py:3834} INFO - Setting next_dagrun for example_bash_operator to 2024-10-28 00:00:00+00:00, run_after=2024-10-29 00:00:00+00:00
[2024-10-29T23:40:26.854+0000] {processor.py:183} INFO - Processing /home/airflow/.local/lib/python3.8/site-packages/airflow/example_dags/example_bash_operator.py took 0.144 seconds
[2024-10-29T23:40:57.227+0000] {processor.py:161} INFO - Started process (PID=787) to work on /home/airflow/.local/lib/python3.8/site-packages/airflow/example_dags/example_bash_operator.py
[2024-10-29T23:40:57.228+0000] {processor.py:830} INFO - Processing file /home/airflow/.local/lib/python3.8/site-packages/airflow/example_dags/example_bash_operator.py for tasks to queue
[2024-10-29T23:40:57.231+0000] {logging_mixin.py:188} INFO - [2024-10-29T23:40:57.230+0000] {dagbag.py:540} INFO - Filling up the DagBag from /home/airflow/.local/lib/python3.8/site-packages/airflow/example_dags/example_bash_operator.py
[2024-10-29T23:40:57.245+0000] {processor.py:840} INFO - DAG(s) 'example_bash_operator' retrieved from /home/airflow/.local/lib/python3.8/site-packages/airflow/example_dags/example_bash_operator.py
[2024-10-29T23:40:57.283+0000] {logging_mixin.py:188} INFO - [2024-10-29T23:40:57.282+0000] {dag.py:3047} INFO - Sync 1 DAGs
[2024-10-29T23:40:57.310+0000] {logging_mixin.py:188} INFO - [2024-10-29T23:40:57.310+0000] {dag.py:3834} INFO - Setting next_dagrun for example_bash_operator to 2024-10-28 00:00:00+00:00, run_after=2024-10-29 00:00:00+00:00
[2024-10-29T23:40:57.333+0000] {processor.py:183} INFO - Processing /home/airflow/.local/lib/python3.8/site-packages/airflow/example_dags/example_bash_operator.py took 0.109 seconds
[2024-10-29T23:41:28.149+0000] {processor.py:161} INFO - Started process (PID=843) to work on /home/airflow/.local/lib/python3.8/site-packages/airflow/example_dags/example_bash_operator.py
[2024-10-29T23:41:28.150+0000] {processor.py:830} INFO - Processing file /home/airflow/.local/lib/python3.8/site-packages/airflow/example_dags/example_bash_operator.py for tasks to queue
[2024-10-29T23:41:28.151+0000] {logging_mixin.py:188} INFO - [2024-10-29T23:41:28.151+0000] {dagbag.py:540} INFO - Filling up the DagBag from /home/airflow/.local/lib/python3.8/site-packages/airflow/example_dags/example_bash_operator.py
[2024-10-29T23:41:28.164+0000] {processor.py:840} INFO - DAG(s) 'example_bash_operator' retrieved from /home/airflow/.local/lib/python3.8/site-packages/airflow/example_dags/example_bash_operator.py
[2024-10-29T23:41:28.194+0000] {logging_mixin.py:188} INFO - [2024-10-29T23:41:28.194+0000] {dag.py:3047} INFO - Sync 1 DAGs
[2024-10-29T23:41:28.223+0000] {logging_mixin.py:188} INFO - [2024-10-29T23:41:28.223+0000] {dag.py:3834} INFO - Setting next_dagrun for example_bash_operator to 2024-10-28 00:00:00+00:00, run_after=2024-10-29 00:00:00+00:00
[2024-10-29T23:41:28.247+0000] {processor.py:183} INFO - Processing /home/airflow/.local/lib/python3.8/site-packages/airflow/example_dags/example_bash_operator.py took 0.102 seconds
[2024-10-29T23:41:59.057+0000] {processor.py:161} INFO - Started process (PID=899) to work on /home/airflow/.local/lib/python3.8/site-packages/airflow/example_dags/example_bash_operator.py
[2024-10-29T23:41:59.057+0000] {processor.py:830} INFO - Processing file /home/airflow/.local/lib/python3.8/site-packages/airflow/example_dags/example_bash_operator.py for tasks to queue
[2024-10-29T23:41:59.059+0000] {logging_mixin.py:188} INFO - [2024-10-29T23:41:59.058+0000] {dagbag.py:540} INFO - Filling up the DagBag from /home/airflow/.local/lib/python3.8/site-packages/airflow/example_dags/example_bash_operator.py
[2024-10-29T23:41:59.070+0000] {processor.py:840} INFO - DAG(s) 'example_bash_operator' retrieved from /home/airflow/.local/lib/python3.8/site-packages/airflow/example_dags/example_bash_operator.py
[2024-10-29T23:41:59.127+0000] {logging_mixin.py:188} INFO - [2024-10-29T23:41:59.126+0000] {dag.py:3047} INFO - Sync 1 DAGs
[2024-10-29T23:41:59.201+0000] {logging_mixin.py:188} INFO - [2024-10-29T23:41:59.201+0000] {dag.py:3834} INFO - Setting next_dagrun for example_bash_operator to 2024-10-28 00:00:00+00:00, run_after=2024-10-29 00:00:00+00:00
[2024-10-29T23:41:59.227+0000] {processor.py:183} INFO - Processing /home/airflow/.local/lib/python3.8/site-packages/airflow/example_dags/example_bash_operator.py took 0.173 seconds
[2024-10-29T23:42:29.353+0000] {processor.py:161} INFO - Started process (PID=954) to work on /home/airflow/.local/lib/python3.8/site-packages/airflow/example_dags/example_bash_operator.py
[2024-10-29T23:42:29.359+0000] {processor.py:830} INFO - Processing file /home/airflow/.local/lib/python3.8/site-packages/airflow/example_dags/example_bash_operator.py for tasks to queue
[2024-10-29T23:42:29.360+0000] {logging_mixin.py:188} INFO - [2024-10-29T23:42:29.360+0000] {dagbag.py:540} INFO - Filling up the DagBag from /home/airflow/.local/lib/python3.8/site-packages/airflow/example_dags/example_bash_operator.py
[2024-10-29T23:42:29.371+0000] {processor.py:840} INFO - DAG(s) 'example_bash_operator' retrieved from /home/airflow/.local/lib/python3.8/site-packages/airflow/example_dags/example_bash_operator.py
[2024-10-29T23:42:29.406+0000] {logging_mixin.py:188} INFO - [2024-10-29T23:42:29.406+0000] {dag.py:3047} INFO - Sync 1 DAGs
[2024-10-29T23:42:29.434+0000] {logging_mixin.py:188} INFO - [2024-10-29T23:42:29.434+0000] {dag.py:3834} INFO - Setting next_dagrun for example_bash_operator to 2024-10-28 00:00:00+00:00, run_after=2024-10-29 00:00:00+00:00
[2024-10-29T23:42:29.456+0000] {processor.py:183} INFO - Processing /home/airflow/.local/lib/python3.8/site-packages/airflow/example_dags/example_bash_operator.py took 0.105 seconds
[2024-10-29T23:42:59.825+0000] {processor.py:161} INFO - Started process (PID=1011) to work on /home/airflow/.local/lib/python3.8/site-packages/airflow/example_dags/example_bash_operator.py
[2024-10-29T23:42:59.825+0000] {processor.py:830} INFO - Processing file /home/airflow/.local/lib/python3.8/site-packages/airflow/example_dags/example_bash_operator.py for tasks to queue
[2024-10-29T23:42:59.827+0000] {logging_mixin.py:188} INFO - [2024-10-29T23:42:59.827+0000] {dagbag.py:540} INFO - Filling up the DagBag from /home/airflow/.local/lib/python3.8/site-packages/airflow/example_dags/example_bash_operator.py
[2024-10-29T23:42:59.837+0000] {processor.py:840} INFO - DAG(s) 'example_bash_operator' retrieved from /home/airflow/.local/lib/python3.8/site-packages/airflow/example_dags/example_bash_operator.py
[2024-10-29T23:42:59.865+0000] {logging_mixin.py:188} INFO - [2024-10-29T23:42:59.864+0000] {dag.py:3047} INFO - Sync 1 DAGs
[2024-10-29T23:42:59.889+0000] {logging_mixin.py:188} INFO - [2024-10-29T23:42:59.888+0000] {dag.py:3834} INFO - Setting next_dagrun for example_bash_operator to 2024-10-28 00:00:00+00:00, run_after=2024-10-29 00:00:00+00:00
[2024-10-29T23:42:59.912+0000] {processor.py:183} INFO - Processing /home/airflow/.local/lib/python3.8/site-packages/airflow/example_dags/example_bash_operator.py took 0.090 seconds
[2024-10-29T23:43:30.140+0000] {processor.py:161} INFO - Started process (PID=1067) to work on /home/airflow/.local/lib/python3.8/site-packages/airflow/example_dags/example_bash_operator.py
[2024-10-29T23:43:30.141+0000] {processor.py:830} INFO - Processing file /home/airflow/.local/lib/python3.8/site-packages/airflow/example_dags/example_bash_operator.py for tasks to queue
[2024-10-29T23:43:30.143+0000] {logging_mixin.py:188} INFO - [2024-10-29T23:43:30.142+0000] {dagbag.py:540} INFO - Filling up the DagBag from /home/airflow/.local/lib/python3.8/site-packages/airflow/example_dags/example_bash_operator.py
[2024-10-29T23:43:30.158+0000] {processor.py:840} INFO - DAG(s) 'example_bash_operator' retrieved from /home/airflow/.local/lib/python3.8/site-packages/airflow/example_dags/example_bash_operator.py
[2024-10-29T23:43:30.209+0000] {logging_mixin.py:188} INFO - [2024-10-29T23:43:30.209+0000] {dag.py:3047} INFO - Sync 1 DAGs
[2024-10-29T23:43:30.253+0000] {logging_mixin.py:188} INFO - [2024-10-29T23:43:30.252+0000] {dag.py:3834} INFO - Setting next_dagrun for example_bash_operator to 2024-10-28 00:00:00+00:00, run_after=2024-10-29 00:00:00+00:00
[2024-10-29T23:43:30.288+0000] {processor.py:183} INFO - Processing /home/airflow/.local/lib/python3.8/site-packages/airflow/example_dags/example_bash_operator.py took 0.152 seconds
[2024-10-29T23:44:00.392+0000] {processor.py:161} INFO - Started process (PID=1122) to work on /home/airflow/.local/lib/python3.8/site-packages/airflow/example_dags/example_bash_operator.py
[2024-10-29T23:44:00.393+0000] {processor.py:830} INFO - Processing file /home/airflow/.local/lib/python3.8/site-packages/airflow/example_dags/example_bash_operator.py for tasks to queue
[2024-10-29T23:44:00.394+0000] {logging_mixin.py:188} INFO - [2024-10-29T23:44:00.394+0000] {dagbag.py:540} INFO - Filling up the DagBag from /home/airflow/.local/lib/python3.8/site-packages/airflow/example_dags/example_bash_operator.py
[2024-10-29T23:44:00.404+0000] {processor.py:840} INFO - DAG(s) 'example_bash_operator' retrieved from /home/airflow/.local/lib/python3.8/site-packages/airflow/example_dags/example_bash_operator.py
[2024-10-29T23:44:00.433+0000] {logging_mixin.py:188} INFO - [2024-10-29T23:44:00.432+0000] {dag.py:3047} INFO - Sync 1 DAGs
[2024-10-29T23:44:00.458+0000] {logging_mixin.py:188} INFO - [2024-10-29T23:44:00.458+0000] {dag.py:3834} INFO - Setting next_dagrun for example_bash_operator to 2024-10-28 00:00:00+00:00, run_after=2024-10-29 00:00:00+00:00
[2024-10-29T23:44:00.479+0000] {processor.py:183} INFO - Processing /home/airflow/.local/lib/python3.8/site-packages/airflow/example_dags/example_bash_operator.py took 0.089 seconds
[2024-10-29T23:44:30.770+0000] {processor.py:161} INFO - Started process (PID=1178) to work on /home/airflow/.local/lib/python3.8/site-packages/airflow/example_dags/example_bash_operator.py
[2024-10-29T23:44:30.776+0000] {processor.py:830} INFO - Processing file /home/airflow/.local/lib/python3.8/site-packages/airflow/example_dags/example_bash_operator.py for tasks to queue
[2024-10-29T23:44:30.779+0000] {logging_mixin.py:188} INFO - [2024-10-29T23:44:30.778+0000] {dagbag.py:540} INFO - Filling up the DagBag from /home/airflow/.local/lib/python3.8/site-packages/airflow/example_dags/example_bash_operator.py
[2024-10-29T23:44:30.795+0000] {processor.py:840} INFO - DAG(s) 'example_bash_operator' retrieved from /home/airflow/.local/lib/python3.8/site-packages/airflow/example_dags/example_bash_operator.py
[2024-10-29T23:44:30.839+0000] {logging_mixin.py:188} INFO - [2024-10-29T23:44:30.838+0000] {dag.py:3047} INFO - Sync 1 DAGs
[2024-10-29T23:44:30.880+0000] {logging_mixin.py:188} INFO - [2024-10-29T23:44:30.880+0000] {dag.py:3834} INFO - Setting next_dagrun for example_bash_operator to 2024-10-28 00:00:00+00:00, run_after=2024-10-29 00:00:00+00:00
[2024-10-29T23:44:30.905+0000] {processor.py:183} INFO - Processing /home/airflow/.local/lib/python3.8/site-packages/airflow/example_dags/example_bash_operator.py took 0.139 seconds
[2024-10-29T23:45:01.080+0000] {processor.py:161} INFO - Started process (PID=1240) to work on /home/airflow/.local/lib/python3.8/site-packages/airflow/example_dags/example_bash_operator.py
[2024-10-29T23:45:01.081+0000] {processor.py:830} INFO - Processing file /home/airflow/.local/lib/python3.8/site-packages/airflow/example_dags/example_bash_operator.py for tasks to queue
[2024-10-29T23:45:01.084+0000] {logging_mixin.py:188} INFO - [2024-10-29T23:45:01.083+0000] {dagbag.py:540} INFO - Filling up the DagBag from /home/airflow/.local/lib/python3.8/site-packages/airflow/example_dags/example_bash_operator.py
[2024-10-29T23:45:01.097+0000] {processor.py:840} INFO - DAG(s) 'example_bash_operator' retrieved from /home/airflow/.local/lib/python3.8/site-packages/airflow/example_dags/example_bash_operator.py
[2024-10-29T23:45:01.146+0000] {logging_mixin.py:188} INFO - [2024-10-29T23:45:01.146+0000] {dag.py:3047} INFO - Sync 1 DAGs
[2024-10-29T23:45:01.188+0000] {logging_mixin.py:188} INFO - [2024-10-29T23:45:01.188+0000] {dag.py:3834} INFO - Setting next_dagrun for example_bash_operator to 2024-10-28 00:00:00+00:00, run_after=2024-10-29 00:00:00+00:00
[2024-10-29T23:45:01.217+0000] {processor.py:183} INFO - Processing /home/airflow/.local/lib/python3.8/site-packages/airflow/example_dags/example_bash_operator.py took 0.141 seconds
[2024-10-29T23:45:31.365+0000] {processor.py:161} INFO - Started process (PID=1296) to work on /home/airflow/.local/lib/python3.8/site-packages/airflow/example_dags/example_bash_operator.py
[2024-10-29T23:45:31.367+0000] {processor.py:830} INFO - Processing file /home/airflow/.local/lib/python3.8/site-packages/airflow/example_dags/example_bash_operator.py for tasks to queue
[2024-10-29T23:45:31.368+0000] {logging_mixin.py:188} INFO - [2024-10-29T23:45:31.368+0000] {dagbag.py:540} INFO - Filling up the DagBag from /home/airflow/.local/lib/python3.8/site-packages/airflow/example_dags/example_bash_operator.py
[2024-10-29T23:45:31.380+0000] {processor.py:840} INFO - DAG(s) 'example_bash_operator' retrieved from /home/airflow/.local/lib/python3.8/site-packages/airflow/example_dags/example_bash_operator.py
[2024-10-29T23:45:31.413+0000] {logging_mixin.py:188} INFO - [2024-10-29T23:45:31.412+0000] {dag.py:3047} INFO - Sync 1 DAGs
[2024-10-29T23:45:31.439+0000] {logging_mixin.py:188} INFO - [2024-10-29T23:45:31.439+0000] {dag.py:3834} INFO - Setting next_dagrun for example_bash_operator to 2024-10-28 00:00:00+00:00, run_after=2024-10-29 00:00:00+00:00
[2024-10-29T23:45:31.458+0000] {processor.py:183} INFO - Processing /home/airflow/.local/lib/python3.8/site-packages/airflow/example_dags/example_bash_operator.py took 0.095 seconds
[2024-10-29T23:46:01.828+0000] {processor.py:161} INFO - Started process (PID=1352) to work on /home/airflow/.local/lib/python3.8/site-packages/airflow/example_dags/example_bash_operator.py
[2024-10-29T23:46:01.835+0000] {processor.py:830} INFO - Processing file /home/airflow/.local/lib/python3.8/site-packages/airflow/example_dags/example_bash_operator.py for tasks to queue
[2024-10-29T23:46:01.837+0000] {logging_mixin.py:188} INFO - [2024-10-29T23:46:01.837+0000] {dagbag.py:540} INFO - Filling up the DagBag from /home/airflow/.local/lib/python3.8/site-packages/airflow/example_dags/example_bash_operator.py
[2024-10-29T23:46:01.857+0000] {processor.py:840} INFO - DAG(s) 'example_bash_operator' retrieved from /home/airflow/.local/lib/python3.8/site-packages/airflow/example_dags/example_bash_operator.py
[2024-10-29T23:46:01.905+0000] {logging_mixin.py:188} INFO - [2024-10-29T23:46:01.905+0000] {dag.py:3047} INFO - Sync 1 DAGs
[2024-10-29T23:46:01.947+0000] {logging_mixin.py:188} INFO - [2024-10-29T23:46:01.947+0000] {dag.py:3834} INFO - Setting next_dagrun for example_bash_operator to 2024-10-28 00:00:00+00:00, run_after=2024-10-29 00:00:00+00:00
[2024-10-29T23:46:01.973+0000] {processor.py:183} INFO - Processing /home/airflow/.local/lib/python3.8/site-packages/airflow/example_dags/example_bash_operator.py took 0.148 seconds
[2024-10-29T23:46:32.036+0000] {processor.py:161} INFO - Started process (PID=1408) to work on /home/airflow/.local/lib/python3.8/site-packages/airflow/example_dags/example_bash_operator.py
[2024-10-29T23:46:32.037+0000] {processor.py:830} INFO - Processing file /home/airflow/.local/lib/python3.8/site-packages/airflow/example_dags/example_bash_operator.py for tasks to queue
[2024-10-29T23:46:32.038+0000] {logging_mixin.py:188} INFO - [2024-10-29T23:46:32.038+0000] {dagbag.py:540} INFO - Filling up the DagBag from /home/airflow/.local/lib/python3.8/site-packages/airflow/example_dags/example_bash_operator.py
[2024-10-29T23:46:32.051+0000] {processor.py:840} INFO - DAG(s) 'example_bash_operator' retrieved from /home/airflow/.local/lib/python3.8/site-packages/airflow/example_dags/example_bash_operator.py
[2024-10-29T23:46:32.088+0000] {logging_mixin.py:188} INFO - [2024-10-29T23:46:32.087+0000] {dag.py:3047} INFO - Sync 1 DAGs
[2024-10-29T23:46:32.118+0000] {logging_mixin.py:188} INFO - [2024-10-29T23:46:32.117+0000] {dag.py:3834} INFO - Setting next_dagrun for example_bash_operator to 2024-10-28 00:00:00+00:00, run_after=2024-10-29 00:00:00+00:00
[2024-10-29T23:46:32.141+0000] {processor.py:183} INFO - Processing /home/airflow/.local/lib/python3.8/site-packages/airflow/example_dags/example_bash_operator.py took 0.107 seconds
[2024-10-29T23:47:02.300+0000] {processor.py:161} INFO - Started process (PID=1464) to work on /home/airflow/.local/lib/python3.8/site-packages/airflow/example_dags/example_bash_operator.py
[2024-10-29T23:47:02.302+0000] {processor.py:830} INFO - Processing file /home/airflow/.local/lib/python3.8/site-packages/airflow/example_dags/example_bash_operator.py for tasks to queue
[2024-10-29T23:47:02.305+0000] {logging_mixin.py:188} INFO - [2024-10-29T23:47:02.304+0000] {dagbag.py:540} INFO - Filling up the DagBag from /home/airflow/.local/lib/python3.8/site-packages/airflow/example_dags/example_bash_operator.py
[2024-10-29T23:47:02.325+0000] {processor.py:840} INFO - DAG(s) 'example_bash_operator' retrieved from /home/airflow/.local/lib/python3.8/site-packages/airflow/example_dags/example_bash_operator.py
[2024-10-29T23:47:02.371+0000] {logging_mixin.py:188} INFO - [2024-10-29T23:47:02.371+0000] {dag.py:3047} INFO - Sync 1 DAGs
[2024-10-29T23:47:02.402+0000] {logging_mixin.py:188} INFO - [2024-10-29T23:47:02.402+0000] {dag.py:3834} INFO - Setting next_dagrun for example_bash_operator to 2024-10-28 00:00:00+00:00, run_after=2024-10-29 00:00:00+00:00
[2024-10-29T23:47:02.423+0000] {processor.py:183} INFO - Processing /home/airflow/.local/lib/python3.8/site-packages/airflow/example_dags/example_bash_operator.py took 0.127 seconds
[2024-10-29T23:47:33.340+0000] {processor.py:161} INFO - Started process (PID=1520) to work on /home/airflow/.local/lib/python3.8/site-packages/airflow/example_dags/example_bash_operator.py
[2024-10-29T23:47:33.347+0000] {processor.py:830} INFO - Processing file /home/airflow/.local/lib/python3.8/site-packages/airflow/example_dags/example_bash_operator.py for tasks to queue
[2024-10-29T23:47:33.352+0000] {logging_mixin.py:188} INFO - [2024-10-29T23:47:33.351+0000] {dagbag.py:540} INFO - Filling up the DagBag from /home/airflow/.local/lib/python3.8/site-packages/airflow/example_dags/example_bash_operator.py
[2024-10-29T23:47:33.391+0000] {processor.py:840} INFO - DAG(s) 'example_bash_operator' retrieved from /home/airflow/.local/lib/python3.8/site-packages/airflow/example_dags/example_bash_operator.py
[2024-10-29T23:47:33.487+0000] {logging_mixin.py:188} INFO - [2024-10-29T23:47:33.487+0000] {dag.py:3047} INFO - Sync 1 DAGs
[2024-10-29T23:47:33.532+0000] {logging_mixin.py:188} INFO - [2024-10-29T23:47:33.531+0000] {dag.py:3834} INFO - Setting next_dagrun for example_bash_operator to 2024-10-28 00:00:00+00:00, run_after=2024-10-29 00:00:00+00:00
[2024-10-29T23:47:33.548+0000] {processor.py:183} INFO - Processing /home/airflow/.local/lib/python3.8/site-packages/airflow/example_dags/example_bash_operator.py took 0.217 seconds
[2024-10-29T23:48:03.605+0000] {processor.py:161} INFO - Started process (PID=1576) to work on /home/airflow/.local/lib/python3.8/site-packages/airflow/example_dags/example_bash_operator.py
[2024-10-29T23:48:03.607+0000] {processor.py:830} INFO - Processing file /home/airflow/.local/lib/python3.8/site-packages/airflow/example_dags/example_bash_operator.py for tasks to queue
[2024-10-29T23:48:03.612+0000] {logging_mixin.py:188} INFO - [2024-10-29T23:48:03.611+0000] {dagbag.py:540} INFO - Filling up the DagBag from /home/airflow/.local/lib/python3.8/site-packages/airflow/example_dags/example_bash_operator.py
[2024-10-29T23:48:03.647+0000] {processor.py:840} INFO - DAG(s) 'example_bash_operator' retrieved from /home/airflow/.local/lib/python3.8/site-packages/airflow/example_dags/example_bash_operator.py
[2024-10-29T23:48:03.736+0000] {logging_mixin.py:188} INFO - [2024-10-29T23:48:03.736+0000] {dag.py:3047} INFO - Sync 1 DAGs
[2024-10-29T23:48:03.771+0000] {logging_mixin.py:188} INFO - [2024-10-29T23:48:03.771+0000] {dag.py:3834} INFO - Setting next_dagrun for example_bash_operator to 2024-10-28 00:00:00+00:00, run_after=2024-10-29 00:00:00+00:00
[2024-10-29T23:48:03.789+0000] {processor.py:183} INFO - Processing /home/airflow/.local/lib/python3.8/site-packages/airflow/example_dags/example_bash_operator.py took 0.191 seconds
[2024-10-29T23:48:33.808+0000] {processor.py:161} INFO - Started process (PID=1632) to work on /home/airflow/.local/lib/python3.8/site-packages/airflow/example_dags/example_bash_operator.py
[2024-10-29T23:48:33.809+0000] {processor.py:830} INFO - Processing file /home/airflow/.local/lib/python3.8/site-packages/airflow/example_dags/example_bash_operator.py for tasks to queue
[2024-10-29T23:48:33.810+0000] {logging_mixin.py:188} INFO - [2024-10-29T23:48:33.810+0000] {dagbag.py:540} INFO - Filling up the DagBag from /home/airflow/.local/lib/python3.8/site-packages/airflow/example_dags/example_bash_operator.py
[2024-10-29T23:48:33.821+0000] {processor.py:840} INFO - DAG(s) 'example_bash_operator' retrieved from /home/airflow/.local/lib/python3.8/site-packages/airflow/example_dags/example_bash_operator.py
[2024-10-29T23:48:33.851+0000] {logging_mixin.py:188} INFO - [2024-10-29T23:48:33.851+0000] {dag.py:3047} INFO - Sync 1 DAGs
[2024-10-29T23:48:33.882+0000] {logging_mixin.py:188} INFO - [2024-10-29T23:48:33.882+0000] {dag.py:3834} INFO - Setting next_dagrun for example_bash_operator to 2024-10-28 00:00:00+00:00, run_after=2024-10-29 00:00:00+00:00
[2024-10-29T23:48:33.902+0000] {processor.py:183} INFO - Processing /home/airflow/.local/lib/python3.8/site-packages/airflow/example_dags/example_bash_operator.py took 0.096 seconds
[2024-10-29T23:49:04.105+0000] {processor.py:161} INFO - Started process (PID=1688) to work on /home/airflow/.local/lib/python3.8/site-packages/airflow/example_dags/example_bash_operator.py
[2024-10-29T23:49:04.106+0000] {processor.py:830} INFO - Processing file /home/airflow/.local/lib/python3.8/site-packages/airflow/example_dags/example_bash_operator.py for tasks to queue
[2024-10-29T23:49:04.110+0000] {logging_mixin.py:188} INFO - [2024-10-29T23:49:04.110+0000] {dagbag.py:540} INFO - Filling up the DagBag from /home/airflow/.local/lib/python3.8/site-packages/airflow/example_dags/example_bash_operator.py
[2024-10-29T23:49:04.131+0000] {processor.py:840} INFO - DAG(s) 'example_bash_operator' retrieved from /home/airflow/.local/lib/python3.8/site-packages/airflow/example_dags/example_bash_operator.py
[2024-10-29T23:49:04.194+0000] {logging_mixin.py:188} INFO - [2024-10-29T23:49:04.193+0000] {dag.py:3047} INFO - Sync 1 DAGs
[2024-10-29T23:49:04.247+0000] {logging_mixin.py:188} INFO - [2024-10-29T23:49:04.247+0000] {dag.py:3834} INFO - Setting next_dagrun for example_bash_operator to 2024-10-28 00:00:00+00:00, run_after=2024-10-29 00:00:00+00:00
[2024-10-29T23:49:04.288+0000] {processor.py:183} INFO - Processing /home/airflow/.local/lib/python3.8/site-packages/airflow/example_dags/example_bash_operator.py took 0.188 seconds
[2024-10-29T23:49:34.578+0000] {processor.py:161} INFO - Started process (PID=1744) to work on /home/airflow/.local/lib/python3.8/site-packages/airflow/example_dags/example_bash_operator.py
[2024-10-29T23:49:34.584+0000] {processor.py:830} INFO - Processing file /home/airflow/.local/lib/python3.8/site-packages/airflow/example_dags/example_bash_operator.py for tasks to queue
[2024-10-29T23:49:34.586+0000] {logging_mixin.py:188} INFO - [2024-10-29T23:49:34.586+0000] {dagbag.py:540} INFO - Filling up the DagBag from /home/airflow/.local/lib/python3.8/site-packages/airflow/example_dags/example_bash_operator.py
[2024-10-29T23:49:34.600+0000] {processor.py:840} INFO - DAG(s) 'example_bash_operator' retrieved from /home/airflow/.local/lib/python3.8/site-packages/airflow/example_dags/example_bash_operator.py
[2024-10-29T23:49:34.639+0000] {logging_mixin.py:188} INFO - [2024-10-29T23:49:34.639+0000] {dag.py:3047} INFO - Sync 1 DAGs
[2024-10-29T23:49:34.670+0000] {logging_mixin.py:188} INFO - [2024-10-29T23:49:34.669+0000] {dag.py:3834} INFO - Setting next_dagrun for example_bash_operator to 2024-10-28 00:00:00+00:00, run_after=2024-10-29 00:00:00+00:00
[2024-10-29T23:49:34.695+0000] {processor.py:183} INFO - Processing /home/airflow/.local/lib/python3.8/site-packages/airflow/example_dags/example_bash_operator.py took 0.122 seconds
[2024-10-29T23:50:04.729+0000] {processor.py:161} INFO - Started process (PID=1800) to work on /home/airflow/.local/lib/python3.8/site-packages/airflow/example_dags/example_bash_operator.py
[2024-10-29T23:50:04.735+0000] {processor.py:830} INFO - Processing file /home/airflow/.local/lib/python3.8/site-packages/airflow/example_dags/example_bash_operator.py for tasks to queue
[2024-10-29T23:50:04.736+0000] {logging_mixin.py:188} INFO - [2024-10-29T23:50:04.736+0000] {dagbag.py:540} INFO - Filling up the DagBag from /home/airflow/.local/lib/python3.8/site-packages/airflow/example_dags/example_bash_operator.py
[2024-10-29T23:50:04.747+0000] {processor.py:840} INFO - DAG(s) 'example_bash_operator' retrieved from /home/airflow/.local/lib/python3.8/site-packages/airflow/example_dags/example_bash_operator.py
[2024-10-29T23:50:04.775+0000] {logging_mixin.py:188} INFO - [2024-10-29T23:50:04.775+0000] {dag.py:3047} INFO - Sync 1 DAGs
[2024-10-29T23:50:04.800+0000] {logging_mixin.py:188} INFO - [2024-10-29T23:50:04.800+0000] {dag.py:3834} INFO - Setting next_dagrun for example_bash_operator to 2024-10-28 00:00:00+00:00, run_after=2024-10-29 00:00:00+00:00
[2024-10-29T23:50:04.826+0000] {processor.py:183} INFO - Processing /home/airflow/.local/lib/python3.8/site-packages/airflow/example_dags/example_bash_operator.py took 0.100 seconds
[2024-10-29T23:50:35.149+0000] {processor.py:161} INFO - Started process (PID=1856) to work on /home/airflow/.local/lib/python3.8/site-packages/airflow/example_dags/example_bash_operator.py
[2024-10-29T23:50:35.151+0000] {processor.py:830} INFO - Processing file /home/airflow/.local/lib/python3.8/site-packages/airflow/example_dags/example_bash_operator.py for tasks to queue
[2024-10-29T23:50:35.153+0000] {logging_mixin.py:188} INFO - [2024-10-29T23:50:35.153+0000] {dagbag.py:540} INFO - Filling up the DagBag from /home/airflow/.local/lib/python3.8/site-packages/airflow/example_dags/example_bash_operator.py
[2024-10-29T23:50:35.168+0000] {processor.py:840} INFO - DAG(s) 'example_bash_operator' retrieved from /home/airflow/.local/lib/python3.8/site-packages/airflow/example_dags/example_bash_operator.py
[2024-10-29T23:50:35.198+0000] {logging_mixin.py:188} INFO - [2024-10-29T23:50:35.198+0000] {dag.py:3047} INFO - Sync 1 DAGs
[2024-10-29T23:50:35.223+0000] {logging_mixin.py:188} INFO - [2024-10-29T23:50:35.223+0000] {dag.py:3834} INFO - Setting next_dagrun for example_bash_operator to 2024-10-28 00:00:00+00:00, run_after=2024-10-29 00:00:00+00:00
[2024-10-29T23:50:35.239+0000] {processor.py:183} INFO - Processing /home/airflow/.local/lib/python3.8/site-packages/airflow/example_dags/example_bash_operator.py took 0.095 seconds
[2024-10-29T23:51:06.119+0000] {processor.py:161} INFO - Started process (PID=1912) to work on /home/airflow/.local/lib/python3.8/site-packages/airflow/example_dags/example_bash_operator.py
[2024-10-29T23:51:06.125+0000] {processor.py:830} INFO - Processing file /home/airflow/.local/lib/python3.8/site-packages/airflow/example_dags/example_bash_operator.py for tasks to queue
[2024-10-29T23:51:06.127+0000] {logging_mixin.py:188} INFO - [2024-10-29T23:51:06.127+0000] {dagbag.py:540} INFO - Filling up the DagBag from /home/airflow/.local/lib/python3.8/site-packages/airflow/example_dags/example_bash_operator.py
[2024-10-29T23:51:06.137+0000] {processor.py:840} INFO - DAG(s) 'example_bash_operator' retrieved from /home/airflow/.local/lib/python3.8/site-packages/airflow/example_dags/example_bash_operator.py
[2024-10-29T23:51:06.164+0000] {logging_mixin.py:188} INFO - [2024-10-29T23:51:06.164+0000] {dag.py:3047} INFO - Sync 1 DAGs
[2024-10-29T23:51:06.184+0000] {logging_mixin.py:188} INFO - [2024-10-29T23:51:06.184+0000] {dag.py:3834} INFO - Setting next_dagrun for example_bash_operator to 2024-10-28 00:00:00+00:00, run_after=2024-10-29 00:00:00+00:00
[2024-10-29T23:51:06.201+0000] {processor.py:183} INFO - Processing /home/airflow/.local/lib/python3.8/site-packages/airflow/example_dags/example_bash_operator.py took 0.084 seconds
[2024-10-29T23:51:36.383+0000] {processor.py:161} INFO - Started process (PID=1967) to work on /home/airflow/.local/lib/python3.8/site-packages/airflow/example_dags/example_bash_operator.py
[2024-10-29T23:51:36.384+0000] {processor.py:830} INFO - Processing file /home/airflow/.local/lib/python3.8/site-packages/airflow/example_dags/example_bash_operator.py for tasks to queue
[2024-10-29T23:51:36.387+0000] {logging_mixin.py:188} INFO - [2024-10-29T23:51:36.387+0000] {dagbag.py:540} INFO - Filling up the DagBag from /home/airflow/.local/lib/python3.8/site-packages/airflow/example_dags/example_bash_operator.py
[2024-10-29T23:51:36.410+0000] {processor.py:840} INFO - DAG(s) 'example_bash_operator' retrieved from /home/airflow/.local/lib/python3.8/site-packages/airflow/example_dags/example_bash_operator.py
[2024-10-29T23:51:36.463+0000] {logging_mixin.py:188} INFO - [2024-10-29T23:51:36.462+0000] {dag.py:3047} INFO - Sync 1 DAGs
[2024-10-29T23:51:36.505+0000] {logging_mixin.py:188} INFO - [2024-10-29T23:51:36.505+0000] {dag.py:3834} INFO - Setting next_dagrun for example_bash_operator to 2024-10-28 00:00:00+00:00, run_after=2024-10-29 00:00:00+00:00
[2024-10-29T23:51:36.537+0000] {processor.py:183} INFO - Processing /home/airflow/.local/lib/python3.8/site-packages/airflow/example_dags/example_bash_operator.py took 0.159 seconds
[2024-10-29T23:52:06.716+0000] {processor.py:161} INFO - Started process (PID=2023) to work on /home/airflow/.local/lib/python3.8/site-packages/airflow/example_dags/example_bash_operator.py
[2024-10-29T23:52:06.722+0000] {processor.py:830} INFO - Processing file /home/airflow/.local/lib/python3.8/site-packages/airflow/example_dags/example_bash_operator.py for tasks to queue
[2024-10-29T23:52:06.724+0000] {logging_mixin.py:188} INFO - [2024-10-29T23:52:06.723+0000] {dagbag.py:540} INFO - Filling up the DagBag from /home/airflow/.local/lib/python3.8/site-packages/airflow/example_dags/example_bash_operator.py
[2024-10-29T23:52:06.734+0000] {processor.py:840} INFO - DAG(s) 'example_bash_operator' retrieved from /home/airflow/.local/lib/python3.8/site-packages/airflow/example_dags/example_bash_operator.py
[2024-10-29T23:52:06.761+0000] {logging_mixin.py:188} INFO - [2024-10-29T23:52:06.761+0000] {dag.py:3047} INFO - Sync 1 DAGs
[2024-10-29T23:52:06.782+0000] {logging_mixin.py:188} INFO - [2024-10-29T23:52:06.782+0000] {dag.py:3834} INFO - Setting next_dagrun for example_bash_operator to 2024-10-28 00:00:00+00:00, run_after=2024-10-29 00:00:00+00:00
[2024-10-29T23:52:06.798+0000] {processor.py:183} INFO - Processing /home/airflow/.local/lib/python3.8/site-packages/airflow/example_dags/example_bash_operator.py took 0.084 seconds
[2024-10-29T23:52:36.828+0000] {processor.py:161} INFO - Started process (PID=2079) to work on /home/airflow/.local/lib/python3.8/site-packages/airflow/example_dags/example_bash_operator.py
[2024-10-29T23:52:36.829+0000] {processor.py:830} INFO - Processing file /home/airflow/.local/lib/python3.8/site-packages/airflow/example_dags/example_bash_operator.py for tasks to queue
[2024-10-29T23:52:36.831+0000] {logging_mixin.py:188} INFO - [2024-10-29T23:52:36.831+0000] {dagbag.py:540} INFO - Filling up the DagBag from /home/airflow/.local/lib/python3.8/site-packages/airflow/example_dags/example_bash_operator.py
[2024-10-29T23:52:36.845+0000] {processor.py:840} INFO - DAG(s) 'example_bash_operator' retrieved from /home/airflow/.local/lib/python3.8/site-packages/airflow/example_dags/example_bash_operator.py
[2024-10-29T23:52:36.882+0000] {logging_mixin.py:188} INFO - [2024-10-29T23:52:36.882+0000] {dag.py:3047} INFO - Sync 1 DAGs
[2024-10-29T23:52:36.913+0000] {logging_mixin.py:188} INFO - [2024-10-29T23:52:36.913+0000] {dag.py:3834} INFO - Setting next_dagrun for example_bash_operator to 2024-10-28 00:00:00+00:00, run_after=2024-10-29 00:00:00+00:00
[2024-10-29T23:52:36.933+0000] {processor.py:183} INFO - Processing /home/airflow/.local/lib/python3.8/site-packages/airflow/example_dags/example_bash_operator.py took 0.110 seconds
[2024-10-29T23:53:07.618+0000] {processor.py:161} INFO - Started process (PID=2135) to work on /home/airflow/.local/lib/python3.8/site-packages/airflow/example_dags/example_bash_operator.py
[2024-10-29T23:53:07.619+0000] {processor.py:830} INFO - Processing file /home/airflow/.local/lib/python3.8/site-packages/airflow/example_dags/example_bash_operator.py for tasks to queue
[2024-10-29T23:53:07.620+0000] {logging_mixin.py:188} INFO - [2024-10-29T23:53:07.620+0000] {dagbag.py:540} INFO - Filling up the DagBag from /home/airflow/.local/lib/python3.8/site-packages/airflow/example_dags/example_bash_operator.py
[2024-10-29T23:53:07.632+0000] {processor.py:840} INFO - DAG(s) 'example_bash_operator' retrieved from /home/airflow/.local/lib/python3.8/site-packages/airflow/example_dags/example_bash_operator.py
[2024-10-29T23:53:07.665+0000] {logging_mixin.py:188} INFO - [2024-10-29T23:53:07.665+0000] {dag.py:3047} INFO - Sync 1 DAGs
[2024-10-29T23:53:07.696+0000] {logging_mixin.py:188} INFO - [2024-10-29T23:53:07.695+0000] {dag.py:3834} INFO - Setting next_dagrun for example_bash_operator to 2024-10-28 00:00:00+00:00, run_after=2024-10-29 00:00:00+00:00
[2024-10-29T23:53:07.725+0000] {processor.py:183} INFO - Processing /home/airflow/.local/lib/python3.8/site-packages/airflow/example_dags/example_bash_operator.py took 0.110 seconds
[2024-10-29T23:53:38.395+0000] {processor.py:161} INFO - Started process (PID=2191) to work on /home/airflow/.local/lib/python3.8/site-packages/airflow/example_dags/example_bash_operator.py
[2024-10-29T23:53:38.395+0000] {processor.py:830} INFO - Processing file /home/airflow/.local/lib/python3.8/site-packages/airflow/example_dags/example_bash_operator.py for tasks to queue
[2024-10-29T23:53:38.397+0000] {logging_mixin.py:188} INFO - [2024-10-29T23:53:38.397+0000] {dagbag.py:540} INFO - Filling up the DagBag from /home/airflow/.local/lib/python3.8/site-packages/airflow/example_dags/example_bash_operator.py
[2024-10-29T23:53:38.407+0000] {processor.py:840} INFO - DAG(s) 'example_bash_operator' retrieved from /home/airflow/.local/lib/python3.8/site-packages/airflow/example_dags/example_bash_operator.py
[2024-10-29T23:53:38.436+0000] {logging_mixin.py:188} INFO - [2024-10-29T23:53:38.436+0000] {dag.py:3047} INFO - Sync 1 DAGs
[2024-10-29T23:53:38.459+0000] {logging_mixin.py:188} INFO - [2024-10-29T23:53:38.459+0000] {dag.py:3834} INFO - Setting next_dagrun for example_bash_operator to 2024-10-28 00:00:00+00:00, run_after=2024-10-29 00:00:00+00:00
[2024-10-29T23:53:38.475+0000] {processor.py:183} INFO - Processing /home/airflow/.local/lib/python3.8/site-packages/airflow/example_dags/example_bash_operator.py took 0.083 seconds
[2024-10-29T23:54:09.163+0000] {processor.py:161} INFO - Started process (PID=2247) to work on /home/airflow/.local/lib/python3.8/site-packages/airflow/example_dags/example_bash_operator.py
[2024-10-29T23:54:09.164+0000] {processor.py:830} INFO - Processing file /home/airflow/.local/lib/python3.8/site-packages/airflow/example_dags/example_bash_operator.py for tasks to queue
[2024-10-29T23:54:09.165+0000] {logging_mixin.py:188} INFO - [2024-10-29T23:54:09.165+0000] {dagbag.py:540} INFO - Filling up the DagBag from /home/airflow/.local/lib/python3.8/site-packages/airflow/example_dags/example_bash_operator.py
[2024-10-29T23:54:09.176+0000] {processor.py:840} INFO - DAG(s) 'example_bash_operator' retrieved from /home/airflow/.local/lib/python3.8/site-packages/airflow/example_dags/example_bash_operator.py
[2024-10-29T23:54:09.200+0000] {logging_mixin.py:188} INFO - [2024-10-29T23:54:09.199+0000] {dag.py:3047} INFO - Sync 1 DAGs
[2024-10-29T23:54:09.219+0000] {logging_mixin.py:188} INFO - [2024-10-29T23:54:09.219+0000] {dag.py:3834} INFO - Setting next_dagrun for example_bash_operator to 2024-10-28 00:00:00+00:00, run_after=2024-10-29 00:00:00+00:00
[2024-10-29T23:54:09.233+0000] {processor.py:183} INFO - Processing /home/airflow/.local/lib/python3.8/site-packages/airflow/example_dags/example_bash_operator.py took 0.072 seconds
[2024-10-29T23:54:39.566+0000] {processor.py:161} INFO - Started process (PID=2303) to work on /home/airflow/.local/lib/python3.8/site-packages/airflow/example_dags/example_bash_operator.py
[2024-10-29T23:54:39.566+0000] {processor.py:830} INFO - Processing file /home/airflow/.local/lib/python3.8/site-packages/airflow/example_dags/example_bash_operator.py for tasks to queue
[2024-10-29T23:54:39.568+0000] {logging_mixin.py:188} INFO - [2024-10-29T23:54:39.568+0000] {dagbag.py:540} INFO - Filling up the DagBag from /home/airflow/.local/lib/python3.8/site-packages/airflow/example_dags/example_bash_operator.py
[2024-10-29T23:54:39.581+0000] {processor.py:840} INFO - DAG(s) 'example_bash_operator' retrieved from /home/airflow/.local/lib/python3.8/site-packages/airflow/example_dags/example_bash_operator.py
[2024-10-29T23:54:39.643+0000] {logging_mixin.py:188} INFO - [2024-10-29T23:54:39.643+0000] {dag.py:3047} INFO - Sync 1 DAGs
[2024-10-29T23:54:39.704+0000] {logging_mixin.py:188} INFO - [2024-10-29T23:54:39.704+0000] {dag.py:3834} INFO - Setting next_dagrun for example_bash_operator to 2024-10-28 00:00:00+00:00, run_after=2024-10-29 00:00:00+00:00
[2024-10-29T23:54:39.751+0000] {processor.py:183} INFO - Processing /home/airflow/.local/lib/python3.8/site-packages/airflow/example_dags/example_bash_operator.py took 0.188 seconds
[2024-10-29T23:55:10.191+0000] {processor.py:161} INFO - Started process (PID=2359) to work on /home/airflow/.local/lib/python3.8/site-packages/airflow/example_dags/example_bash_operator.py
[2024-10-29T23:55:10.192+0000] {processor.py:830} INFO - Processing file /home/airflow/.local/lib/python3.8/site-packages/airflow/example_dags/example_bash_operator.py for tasks to queue
[2024-10-29T23:55:10.195+0000] {logging_mixin.py:188} INFO - [2024-10-29T23:55:10.195+0000] {dagbag.py:540} INFO - Filling up the DagBag from /home/airflow/.local/lib/python3.8/site-packages/airflow/example_dags/example_bash_operator.py
[2024-10-29T23:55:10.215+0000] {processor.py:840} INFO - DAG(s) 'example_bash_operator' retrieved from /home/airflow/.local/lib/python3.8/site-packages/airflow/example_dags/example_bash_operator.py
[2024-10-29T23:55:10.258+0000] {logging_mixin.py:188} INFO - [2024-10-29T23:55:10.258+0000] {dag.py:3047} INFO - Sync 1 DAGs
[2024-10-29T23:55:10.292+0000] {logging_mixin.py:188} INFO - [2024-10-29T23:55:10.291+0000] {dag.py:3834} INFO - Setting next_dagrun for example_bash_operator to 2024-10-28 00:00:00+00:00, run_after=2024-10-29 00:00:00+00:00
[2024-10-29T23:55:10.317+0000] {processor.py:183} INFO - Processing /home/airflow/.local/lib/python3.8/site-packages/airflow/example_dags/example_bash_operator.py took 0.131 seconds
[2024-10-29T23:55:40.605+0000] {processor.py:161} INFO - Started process (PID=2415) to work on /home/airflow/.local/lib/python3.8/site-packages/airflow/example_dags/example_bash_operator.py
[2024-10-29T23:55:40.606+0000] {processor.py:830} INFO - Processing file /home/airflow/.local/lib/python3.8/site-packages/airflow/example_dags/example_bash_operator.py for tasks to queue
[2024-10-29T23:55:40.609+0000] {logging_mixin.py:188} INFO - [2024-10-29T23:55:40.608+0000] {dagbag.py:540} INFO - Filling up the DagBag from /home/airflow/.local/lib/python3.8/site-packages/airflow/example_dags/example_bash_operator.py
[2024-10-29T23:55:40.625+0000] {processor.py:840} INFO - DAG(s) 'example_bash_operator' retrieved from /home/airflow/.local/lib/python3.8/site-packages/airflow/example_dags/example_bash_operator.py
[2024-10-29T23:55:40.669+0000] {logging_mixin.py:188} INFO - [2024-10-29T23:55:40.668+0000] {dag.py:3047} INFO - Sync 1 DAGs
[2024-10-29T23:55:40.705+0000] {logging_mixin.py:188} INFO - [2024-10-29T23:55:40.704+0000] {dag.py:3834} INFO - Setting next_dagrun for example_bash_operator to 2024-10-28 00:00:00+00:00, run_after=2024-10-29 00:00:00+00:00
[2024-10-29T23:55:40.732+0000] {processor.py:183} INFO - Processing /home/airflow/.local/lib/python3.8/site-packages/airflow/example_dags/example_bash_operator.py took 0.132 seconds
[2024-10-29T23:56:11.625+0000] {processor.py:161} INFO - Started process (PID=2471) to work on /home/airflow/.local/lib/python3.8/site-packages/airflow/example_dags/example_bash_operator.py
[2024-10-29T23:56:11.625+0000] {processor.py:830} INFO - Processing file /home/airflow/.local/lib/python3.8/site-packages/airflow/example_dags/example_bash_operator.py for tasks to queue
[2024-10-29T23:56:11.626+0000] {logging_mixin.py:188} INFO - [2024-10-29T23:56:11.626+0000] {dagbag.py:540} INFO - Filling up the DagBag from /home/airflow/.local/lib/python3.8/site-packages/airflow/example_dags/example_bash_operator.py
[2024-10-29T23:56:11.635+0000] {processor.py:840} INFO - DAG(s) 'example_bash_operator' retrieved from /home/airflow/.local/lib/python3.8/site-packages/airflow/example_dags/example_bash_operator.py
[2024-10-29T23:56:11.660+0000] {logging_mixin.py:188} INFO - [2024-10-29T23:56:11.660+0000] {dag.py:3047} INFO - Sync 1 DAGs
[2024-10-29T23:56:11.680+0000] {logging_mixin.py:188} INFO - [2024-10-29T23:56:11.679+0000] {dag.py:3834} INFO - Setting next_dagrun for example_bash_operator to 2024-10-28 00:00:00+00:00, run_after=2024-10-29 00:00:00+00:00
[2024-10-29T23:56:11.694+0000] {processor.py:183} INFO - Processing /home/airflow/.local/lib/python3.8/site-packages/airflow/example_dags/example_bash_operator.py took 0.071 seconds
[2024-10-29T23:56:42.007+0000] {processor.py:161} INFO - Started process (PID=2527) to work on /home/airflow/.local/lib/python3.8/site-packages/airflow/example_dags/example_bash_operator.py
[2024-10-29T23:56:42.008+0000] {processor.py:830} INFO - Processing file /home/airflow/.local/lib/python3.8/site-packages/airflow/example_dags/example_bash_operator.py for tasks to queue
[2024-10-29T23:56:42.009+0000] {logging_mixin.py:188} INFO - [2024-10-29T23:56:42.009+0000] {dagbag.py:540} INFO - Filling up the DagBag from /home/airflow/.local/lib/python3.8/site-packages/airflow/example_dags/example_bash_operator.py
[2024-10-29T23:56:42.020+0000] {processor.py:840} INFO - DAG(s) 'example_bash_operator' retrieved from /home/airflow/.local/lib/python3.8/site-packages/airflow/example_dags/example_bash_operator.py
[2024-10-29T23:56:42.050+0000] {logging_mixin.py:188} INFO - [2024-10-29T23:56:42.050+0000] {dag.py:3047} INFO - Sync 1 DAGs
[2024-10-29T23:56:42.074+0000] {logging_mixin.py:188} INFO - [2024-10-29T23:56:42.074+0000] {dag.py:3834} INFO - Setting next_dagrun for example_bash_operator to 2024-10-28 00:00:00+00:00, run_after=2024-10-29 00:00:00+00:00
[2024-10-29T23:56:42.091+0000] {processor.py:183} INFO - Processing /home/airflow/.local/lib/python3.8/site-packages/airflow/example_dags/example_bash_operator.py took 0.086 seconds
[2024-10-29T23:57:12.572+0000] {processor.py:161} INFO - Started process (PID=2583) to work on /home/airflow/.local/lib/python3.8/site-packages/airflow/example_dags/example_bash_operator.py
[2024-10-29T23:57:12.573+0000] {processor.py:830} INFO - Processing file /home/airflow/.local/lib/python3.8/site-packages/airflow/example_dags/example_bash_operator.py for tasks to queue
[2024-10-29T23:57:12.574+0000] {logging_mixin.py:188} INFO - [2024-10-29T23:57:12.574+0000] {dagbag.py:540} INFO - Filling up the DagBag from /home/airflow/.local/lib/python3.8/site-packages/airflow/example_dags/example_bash_operator.py
[2024-10-29T23:57:12.585+0000] {processor.py:840} INFO - DAG(s) 'example_bash_operator' retrieved from /home/airflow/.local/lib/python3.8/site-packages/airflow/example_dags/example_bash_operator.py
[2024-10-29T23:57:12.616+0000] {logging_mixin.py:188} INFO - [2024-10-29T23:57:12.616+0000] {dag.py:3047} INFO - Sync 1 DAGs
[2024-10-29T23:57:12.643+0000] {logging_mixin.py:188} INFO - [2024-10-29T23:57:12.643+0000] {dag.py:3834} INFO - Setting next_dagrun for example_bash_operator to 2024-10-28 00:00:00+00:00, run_after=2024-10-29 00:00:00+00:00
[2024-10-29T23:57:12.661+0000] {processor.py:183} INFO - Processing /home/airflow/.local/lib/python3.8/site-packages/airflow/example_dags/example_bash_operator.py took 0.092 seconds
[2024-10-29T23:57:42.941+0000] {processor.py:161} INFO - Started process (PID=2639) to work on /home/airflow/.local/lib/python3.8/site-packages/airflow/example_dags/example_bash_operator.py
[2024-10-29T23:57:42.942+0000] {processor.py:830} INFO - Processing file /home/airflow/.local/lib/python3.8/site-packages/airflow/example_dags/example_bash_operator.py for tasks to queue
[2024-10-29T23:57:42.943+0000] {logging_mixin.py:188} INFO - [2024-10-29T23:57:42.943+0000] {dagbag.py:540} INFO - Filling up the DagBag from /home/airflow/.local/lib/python3.8/site-packages/airflow/example_dags/example_bash_operator.py
[2024-10-29T23:57:42.955+0000] {processor.py:840} INFO - DAG(s) 'example_bash_operator' retrieved from /home/airflow/.local/lib/python3.8/site-packages/airflow/example_dags/example_bash_operator.py
[2024-10-29T23:57:42.981+0000] {logging_mixin.py:188} INFO - [2024-10-29T23:57:42.981+0000] {dag.py:3047} INFO - Sync 1 DAGs
[2024-10-29T23:57:43.005+0000] {logging_mixin.py:188} INFO - [2024-10-29T23:57:43.004+0000] {dag.py:3834} INFO - Setting next_dagrun for example_bash_operator to 2024-10-28 00:00:00+00:00, run_after=2024-10-29 00:00:00+00:00
[2024-10-29T23:57:43.021+0000] {processor.py:183} INFO - Processing /home/airflow/.local/lib/python3.8/site-packages/airflow/example_dags/example_bash_operator.py took 0.083 seconds
[2024-10-29T23:58:13.680+0000] {processor.py:161} INFO - Started process (PID=2695) to work on /home/airflow/.local/lib/python3.8/site-packages/airflow/example_dags/example_bash_operator.py
[2024-10-29T23:58:13.681+0000] {processor.py:830} INFO - Processing file /home/airflow/.local/lib/python3.8/site-packages/airflow/example_dags/example_bash_operator.py for tasks to queue
[2024-10-29T23:58:13.683+0000] {logging_mixin.py:188} INFO - [2024-10-29T23:58:13.682+0000] {dagbag.py:540} INFO - Filling up the DagBag from /home/airflow/.local/lib/python3.8/site-packages/airflow/example_dags/example_bash_operator.py
[2024-10-29T23:58:13.696+0000] {processor.py:840} INFO - DAG(s) 'example_bash_operator' retrieved from /home/airflow/.local/lib/python3.8/site-packages/airflow/example_dags/example_bash_operator.py
[2024-10-29T23:58:13.730+0000] {logging_mixin.py:188} INFO - [2024-10-29T23:58:13.730+0000] {dag.py:3047} INFO - Sync 1 DAGs
[2024-10-29T23:58:13.758+0000] {logging_mixin.py:188} INFO - [2024-10-29T23:58:13.758+0000] {dag.py:3834} INFO - Setting next_dagrun for example_bash_operator to 2024-10-28 00:00:00+00:00, run_after=2024-10-29 00:00:00+00:00
[2024-10-29T23:58:13.778+0000] {processor.py:183} INFO - Processing /home/airflow/.local/lib/python3.8/site-packages/airflow/example_dags/example_bash_operator.py took 0.101 seconds
[2024-10-29T23:58:44.809+0000] {processor.py:161} INFO - Started process (PID=2751) to work on /home/airflow/.local/lib/python3.8/site-packages/airflow/example_dags/example_bash_operator.py
[2024-10-29T23:58:44.810+0000] {processor.py:830} INFO - Processing file /home/airflow/.local/lib/python3.8/site-packages/airflow/example_dags/example_bash_operator.py for tasks to queue
[2024-10-29T23:58:44.811+0000] {logging_mixin.py:188} INFO - [2024-10-29T23:58:44.811+0000] {dagbag.py:540} INFO - Filling up the DagBag from /home/airflow/.local/lib/python3.8/site-packages/airflow/example_dags/example_bash_operator.py
[2024-10-29T23:58:44.821+0000] {processor.py:840} INFO - DAG(s) 'example_bash_operator' retrieved from /home/airflow/.local/lib/python3.8/site-packages/airflow/example_dags/example_bash_operator.py
[2024-10-29T23:58:44.849+0000] {logging_mixin.py:188} INFO - [2024-10-29T23:58:44.848+0000] {dag.py:3047} INFO - Sync 1 DAGs
[2024-10-29T23:58:44.872+0000] {logging_mixin.py:188} INFO - [2024-10-29T23:58:44.872+0000] {dag.py:3834} INFO - Setting next_dagrun for example_bash_operator to 2024-10-28 00:00:00+00:00, run_after=2024-10-29 00:00:00+00:00
[2024-10-29T23:58:44.890+0000] {processor.py:183} INFO - Processing /home/airflow/.local/lib/python3.8/site-packages/airflow/example_dags/example_bash_operator.py took 0.083 seconds
[2024-10-29T23:59:15.017+0000] {processor.py:161} INFO - Started process (PID=2807) to work on /home/airflow/.local/lib/python3.8/site-packages/airflow/example_dags/example_bash_operator.py
[2024-10-29T23:59:15.018+0000] {processor.py:830} INFO - Processing file /home/airflow/.local/lib/python3.8/site-packages/airflow/example_dags/example_bash_operator.py for tasks to queue
[2024-10-29T23:59:15.020+0000] {logging_mixin.py:188} INFO - [2024-10-29T23:59:15.019+0000] {dagbag.py:540} INFO - Filling up the DagBag from /home/airflow/.local/lib/python3.8/site-packages/airflow/example_dags/example_bash_operator.py
[2024-10-29T23:59:15.031+0000] {processor.py:840} INFO - DAG(s) 'example_bash_operator' retrieved from /home/airflow/.local/lib/python3.8/site-packages/airflow/example_dags/example_bash_operator.py
[2024-10-29T23:59:15.063+0000] {logging_mixin.py:188} INFO - [2024-10-29T23:59:15.063+0000] {dag.py:3047} INFO - Sync 1 DAGs
[2024-10-29T23:59:15.088+0000] {logging_mixin.py:188} INFO - [2024-10-29T23:59:15.087+0000] {dag.py:3834} INFO - Setting next_dagrun for example_bash_operator to 2024-10-28 00:00:00+00:00, run_after=2024-10-29 00:00:00+00:00
[2024-10-29T23:59:15.107+0000] {processor.py:183} INFO - Processing /home/airflow/.local/lib/python3.8/site-packages/airflow/example_dags/example_bash_operator.py took 0.093 seconds
[2024-10-29T23:59:45.316+0000] {processor.py:161} INFO - Started process (PID=2863) to work on /home/airflow/.local/lib/python3.8/site-packages/airflow/example_dags/example_bash_operator.py
[2024-10-29T23:59:45.317+0000] {processor.py:830} INFO - Processing file /home/airflow/.local/lib/python3.8/site-packages/airflow/example_dags/example_bash_operator.py for tasks to queue
[2024-10-29T23:59:45.318+0000] {logging_mixin.py:188} INFO - [2024-10-29T23:59:45.318+0000] {dagbag.py:540} INFO - Filling up the DagBag from /home/airflow/.local/lib/python3.8/site-packages/airflow/example_dags/example_bash_operator.py
[2024-10-29T23:59:45.327+0000] {processor.py:840} INFO - DAG(s) 'example_bash_operator' retrieved from /home/airflow/.local/lib/python3.8/site-packages/airflow/example_dags/example_bash_operator.py
[2024-10-29T23:59:45.350+0000] {logging_mixin.py:188} INFO - [2024-10-29T23:59:45.349+0000] {dag.py:3047} INFO - Sync 1 DAGs
[2024-10-29T23:59:45.373+0000] {logging_mixin.py:188} INFO - [2024-10-29T23:59:45.372+0000] {dag.py:3834} INFO - Setting next_dagrun for example_bash_operator to 2024-10-28 00:00:00+00:00, run_after=2024-10-29 00:00:00+00:00
[2024-10-29T23:59:45.389+0000] {processor.py:183} INFO - Processing /home/airflow/.local/lib/python3.8/site-packages/airflow/example_dags/example_bash_operator.py took 0.076 seconds
