[2024-10-29T23:27:22.394+0000] {processor.py:161} INFO - Started process (PID=16641) to work on /home/airflow/.local/lib/python3.8/site-packages/airflow/example_dags/example_branch_python_dop_operator_3.py
[2024-10-29T23:27:22.395+0000] {processor.py:830} INFO - Processing file /home/airflow/.local/lib/python3.8/site-packages/airflow/example_dags/example_branch_python_dop_operator_3.py for tasks to queue
[2024-10-29T23:27:22.398+0000] {logging_mixin.py:188} INFO - [2024-10-29T23:27:22.397+0000] {dagbag.py:540} INFO - Filling up the DagBag from /home/airflow/.local/lib/python3.8/site-packages/airflow/example_dags/example_branch_python_dop_operator_3.py
[2024-10-29T23:27:22.426+0000] {processor.py:840} INFO - DAG(s) 'example_branch_dop_operator_v3' retrieved from /home/airflow/.local/lib/python3.8/site-packages/airflow/example_dags/example_branch_python_dop_operator_3.py
[2024-10-29T23:27:22.454+0000] {logging_mixin.py:188} INFO - [2024-10-29T23:27:22.454+0000] {dag.py:3047} INFO - Sync 1 DAGs
[2024-10-29T23:27:22.508+0000] {logging_mixin.py:188} INFO - [2024-10-29T23:27:22.507+0000] {dag.py:3834} INFO - Setting next_dagrun for example_branch_dop_operator_v3 to 2024-10-29 23:26:00+00:00, run_after=2024-10-29 23:27:00+00:00
[2024-10-29T23:27:22.527+0000] {processor.py:183} INFO - Processing /home/airflow/.local/lib/python3.8/site-packages/airflow/example_dags/example_branch_python_dop_operator_3.py took 0.140 seconds
[2024-10-29T23:27:53.273+0000] {processor.py:161} INFO - Started process (PID=16697) to work on /home/airflow/.local/lib/python3.8/site-packages/airflow/example_dags/example_branch_python_dop_operator_3.py
[2024-10-29T23:27:53.274+0000] {processor.py:830} INFO - Processing file /home/airflow/.local/lib/python3.8/site-packages/airflow/example_dags/example_branch_python_dop_operator_3.py for tasks to queue
[2024-10-29T23:27:53.276+0000] {logging_mixin.py:188} INFO - [2024-10-29T23:27:53.276+0000] {dagbag.py:540} INFO - Filling up the DagBag from /home/airflow/.local/lib/python3.8/site-packages/airflow/example_dags/example_branch_python_dop_operator_3.py
[2024-10-29T23:27:53.291+0000] {processor.py:840} INFO - DAG(s) 'example_branch_dop_operator_v3' retrieved from /home/airflow/.local/lib/python3.8/site-packages/airflow/example_dags/example_branch_python_dop_operator_3.py
[2024-10-29T23:27:53.313+0000] {logging_mixin.py:188} INFO - [2024-10-29T23:27:53.313+0000] {dag.py:3047} INFO - Sync 1 DAGs
[2024-10-29T23:27:53.341+0000] {logging_mixin.py:188} INFO - [2024-10-29T23:27:53.341+0000] {dag.py:3834} INFO - Setting next_dagrun for example_branch_dop_operator_v3 to 2024-10-29 23:26:00+00:00, run_after=2024-10-29 23:27:00+00:00
[2024-10-29T23:27:53.360+0000] {processor.py:183} INFO - Processing /home/airflow/.local/lib/python3.8/site-packages/airflow/example_dags/example_branch_python_dop_operator_3.py took 0.092 seconds
[2024-10-29T23:28:23.843+0000] {processor.py:161} INFO - Started process (PID=16753) to work on /home/airflow/.local/lib/python3.8/site-packages/airflow/example_dags/example_branch_python_dop_operator_3.py
[2024-10-29T23:28:23.844+0000] {processor.py:830} INFO - Processing file /home/airflow/.local/lib/python3.8/site-packages/airflow/example_dags/example_branch_python_dop_operator_3.py for tasks to queue
[2024-10-29T23:28:23.846+0000] {logging_mixin.py:188} INFO - [2024-10-29T23:28:23.846+0000] {dagbag.py:540} INFO - Filling up the DagBag from /home/airflow/.local/lib/python3.8/site-packages/airflow/example_dags/example_branch_python_dop_operator_3.py
[2024-10-29T23:28:23.861+0000] {processor.py:840} INFO - DAG(s) 'example_branch_dop_operator_v3' retrieved from /home/airflow/.local/lib/python3.8/site-packages/airflow/example_dags/example_branch_python_dop_operator_3.py
[2024-10-29T23:28:23.884+0000] {logging_mixin.py:188} INFO - [2024-10-29T23:28:23.884+0000] {dag.py:3047} INFO - Sync 1 DAGs
[2024-10-29T23:28:23.922+0000] {logging_mixin.py:188} INFO - [2024-10-29T23:28:23.921+0000] {dag.py:3834} INFO - Setting next_dagrun for example_branch_dop_operator_v3 to 2024-10-29 23:27:00+00:00, run_after=2024-10-29 23:28:00+00:00
[2024-10-29T23:28:23.946+0000] {processor.py:183} INFO - Processing /home/airflow/.local/lib/python3.8/site-packages/airflow/example_dags/example_branch_python_dop_operator_3.py took 0.106 seconds
[2024-10-29T23:28:54.745+0000] {processor.py:161} INFO - Started process (PID=16809) to work on /home/airflow/.local/lib/python3.8/site-packages/airflow/example_dags/example_branch_python_dop_operator_3.py
[2024-10-29T23:28:54.746+0000] {processor.py:830} INFO - Processing file /home/airflow/.local/lib/python3.8/site-packages/airflow/example_dags/example_branch_python_dop_operator_3.py for tasks to queue
[2024-10-29T23:28:54.747+0000] {logging_mixin.py:188} INFO - [2024-10-29T23:28:54.747+0000] {dagbag.py:540} INFO - Filling up the DagBag from /home/airflow/.local/lib/python3.8/site-packages/airflow/example_dags/example_branch_python_dop_operator_3.py
[2024-10-29T23:28:54.757+0000] {processor.py:840} INFO - DAG(s) 'example_branch_dop_operator_v3' retrieved from /home/airflow/.local/lib/python3.8/site-packages/airflow/example_dags/example_branch_python_dop_operator_3.py
[2024-10-29T23:28:54.782+0000] {logging_mixin.py:188} INFO - [2024-10-29T23:28:54.782+0000] {dag.py:3047} INFO - Sync 1 DAGs
[2024-10-29T23:28:54.830+0000] {logging_mixin.py:188} INFO - [2024-10-29T23:28:54.830+0000] {dag.py:3834} INFO - Setting next_dagrun for example_branch_dop_operator_v3 to 2024-10-29 23:27:00+00:00, run_after=2024-10-29 23:28:00+00:00
[2024-10-29T23:28:54.853+0000] {processor.py:183} INFO - Processing /home/airflow/.local/lib/python3.8/site-packages/airflow/example_dags/example_branch_python_dop_operator_3.py took 0.112 seconds
[2024-10-29T23:29:25.844+0000] {processor.py:161} INFO - Started process (PID=16865) to work on /home/airflow/.local/lib/python3.8/site-packages/airflow/example_dags/example_branch_python_dop_operator_3.py
[2024-10-29T23:29:25.845+0000] {processor.py:830} INFO - Processing file /home/airflow/.local/lib/python3.8/site-packages/airflow/example_dags/example_branch_python_dop_operator_3.py for tasks to queue
[2024-10-29T23:29:25.846+0000] {logging_mixin.py:188} INFO - [2024-10-29T23:29:25.846+0000] {dagbag.py:540} INFO - Filling up the DagBag from /home/airflow/.local/lib/python3.8/site-packages/airflow/example_dags/example_branch_python_dop_operator_3.py
[2024-10-29T23:29:25.855+0000] {processor.py:840} INFO - DAG(s) 'example_branch_dop_operator_v3' retrieved from /home/airflow/.local/lib/python3.8/site-packages/airflow/example_dags/example_branch_python_dop_operator_3.py
[2024-10-29T23:29:25.873+0000] {logging_mixin.py:188} INFO - [2024-10-29T23:29:25.873+0000] {dag.py:3047} INFO - Sync 1 DAGs
[2024-10-29T23:29:25.907+0000] {logging_mixin.py:188} INFO - [2024-10-29T23:29:25.906+0000] {dag.py:3834} INFO - Setting next_dagrun for example_branch_dop_operator_v3 to 2024-10-29 23:28:00+00:00, run_after=2024-10-29 23:29:00+00:00
[2024-10-29T23:29:25.924+0000] {processor.py:183} INFO - Processing /home/airflow/.local/lib/python3.8/site-packages/airflow/example_dags/example_branch_python_dop_operator_3.py took 0.083 seconds
[2024-10-29T23:29:56.258+0000] {processor.py:161} INFO - Started process (PID=16921) to work on /home/airflow/.local/lib/python3.8/site-packages/airflow/example_dags/example_branch_python_dop_operator_3.py
[2024-10-29T23:29:56.259+0000] {processor.py:830} INFO - Processing file /home/airflow/.local/lib/python3.8/site-packages/airflow/example_dags/example_branch_python_dop_operator_3.py for tasks to queue
[2024-10-29T23:29:56.261+0000] {logging_mixin.py:188} INFO - [2024-10-29T23:29:56.260+0000] {dagbag.py:540} INFO - Filling up the DagBag from /home/airflow/.local/lib/python3.8/site-packages/airflow/example_dags/example_branch_python_dop_operator_3.py
[2024-10-29T23:29:56.269+0000] {processor.py:840} INFO - DAG(s) 'example_branch_dop_operator_v3' retrieved from /home/airflow/.local/lib/python3.8/site-packages/airflow/example_dags/example_branch_python_dop_operator_3.py
[2024-10-29T23:29:56.287+0000] {logging_mixin.py:188} INFO - [2024-10-29T23:29:56.287+0000] {dag.py:3047} INFO - Sync 1 DAGs
[2024-10-29T23:29:56.317+0000] {logging_mixin.py:188} INFO - [2024-10-29T23:29:56.316+0000] {dag.py:3834} INFO - Setting next_dagrun for example_branch_dop_operator_v3 to 2024-10-29 23:28:00+00:00, run_after=2024-10-29 23:29:00+00:00
[2024-10-29T23:29:56.338+0000] {processor.py:183} INFO - Processing /home/airflow/.local/lib/python3.8/site-packages/airflow/example_dags/example_branch_python_dop_operator_3.py took 0.082 seconds
[2024-10-29T23:30:26.666+0000] {processor.py:161} INFO - Started process (PID=16977) to work on /home/airflow/.local/lib/python3.8/site-packages/airflow/example_dags/example_branch_python_dop_operator_3.py
[2024-10-29T23:30:26.667+0000] {processor.py:830} INFO - Processing file /home/airflow/.local/lib/python3.8/site-packages/airflow/example_dags/example_branch_python_dop_operator_3.py for tasks to queue
[2024-10-29T23:30:26.668+0000] {logging_mixin.py:188} INFO - [2024-10-29T23:30:26.668+0000] {dagbag.py:540} INFO - Filling up the DagBag from /home/airflow/.local/lib/python3.8/site-packages/airflow/example_dags/example_branch_python_dop_operator_3.py
[2024-10-29T23:30:26.674+0000] {processor.py:840} INFO - DAG(s) 'example_branch_dop_operator_v3' retrieved from /home/airflow/.local/lib/python3.8/site-packages/airflow/example_dags/example_branch_python_dop_operator_3.py
[2024-10-29T23:30:26.696+0000] {logging_mixin.py:188} INFO - [2024-10-29T23:30:26.695+0000] {dag.py:3047} INFO - Sync 1 DAGs
[2024-10-29T23:30:26.723+0000] {logging_mixin.py:188} INFO - [2024-10-29T23:30:26.723+0000] {dag.py:3834} INFO - Setting next_dagrun for example_branch_dop_operator_v3 to 2024-10-29 23:29:00+00:00, run_after=2024-10-29 23:30:00+00:00
[2024-10-29T23:30:26.740+0000] {processor.py:183} INFO - Processing /home/airflow/.local/lib/python3.8/site-packages/airflow/example_dags/example_branch_python_dop_operator_3.py took 0.076 seconds
[2024-10-29T23:30:57.224+0000] {processor.py:161} INFO - Started process (PID=17032) to work on /home/airflow/.local/lib/python3.8/site-packages/airflow/example_dags/example_branch_python_dop_operator_3.py
[2024-10-29T23:30:57.225+0000] {processor.py:830} INFO - Processing file /home/airflow/.local/lib/python3.8/site-packages/airflow/example_dags/example_branch_python_dop_operator_3.py for tasks to queue
[2024-10-29T23:30:57.227+0000] {logging_mixin.py:188} INFO - [2024-10-29T23:30:57.227+0000] {dagbag.py:540} INFO - Filling up the DagBag from /home/airflow/.local/lib/python3.8/site-packages/airflow/example_dags/example_branch_python_dop_operator_3.py
[2024-10-29T23:30:57.236+0000] {processor.py:840} INFO - DAG(s) 'example_branch_dop_operator_v3' retrieved from /home/airflow/.local/lib/python3.8/site-packages/airflow/example_dags/example_branch_python_dop_operator_3.py
[2024-10-29T23:30:57.260+0000] {logging_mixin.py:188} INFO - [2024-10-29T23:30:57.259+0000] {dag.py:3047} INFO - Sync 1 DAGs
[2024-10-29T23:30:57.297+0000] {logging_mixin.py:188} INFO - [2024-10-29T23:30:57.297+0000] {dag.py:3834} INFO - Setting next_dagrun for example_branch_dop_operator_v3 to 2024-10-29 23:29:00+00:00, run_after=2024-10-29 23:30:00+00:00
[2024-10-29T23:30:57.318+0000] {processor.py:183} INFO - Processing /home/airflow/.local/lib/python3.8/site-packages/airflow/example_dags/example_branch_python_dop_operator_3.py took 0.097 seconds
[2024-10-29T23:31:27.933+0000] {processor.py:161} INFO - Started process (PID=17088) to work on /home/airflow/.local/lib/python3.8/site-packages/airflow/example_dags/example_branch_python_dop_operator_3.py
[2024-10-29T23:31:27.934+0000] {processor.py:830} INFO - Processing file /home/airflow/.local/lib/python3.8/site-packages/airflow/example_dags/example_branch_python_dop_operator_3.py for tasks to queue
[2024-10-29T23:31:27.936+0000] {logging_mixin.py:188} INFO - [2024-10-29T23:31:27.936+0000] {dagbag.py:540} INFO - Filling up the DagBag from /home/airflow/.local/lib/python3.8/site-packages/airflow/example_dags/example_branch_python_dop_operator_3.py
[2024-10-29T23:31:27.952+0000] {processor.py:840} INFO - DAG(s) 'example_branch_dop_operator_v3' retrieved from /home/airflow/.local/lib/python3.8/site-packages/airflow/example_dags/example_branch_python_dop_operator_3.py
[2024-10-29T23:31:27.980+0000] {logging_mixin.py:188} INFO - [2024-10-29T23:31:27.980+0000] {dag.py:3047} INFO - Sync 1 DAGs
[2024-10-29T23:31:28.027+0000] {logging_mixin.py:188} INFO - [2024-10-29T23:31:28.027+0000] {dag.py:3834} INFO - Setting next_dagrun for example_branch_dop_operator_v3 to 2024-10-29 23:30:00+00:00, run_after=2024-10-29 23:31:00+00:00
[2024-10-29T23:31:28.052+0000] {processor.py:183} INFO - Processing /home/airflow/.local/lib/python3.8/site-packages/airflow/example_dags/example_branch_python_dop_operator_3.py took 0.123 seconds
[2024-10-29T23:31:58.469+0000] {processor.py:161} INFO - Started process (PID=17144) to work on /home/airflow/.local/lib/python3.8/site-packages/airflow/example_dags/example_branch_python_dop_operator_3.py
[2024-10-29T23:31:58.470+0000] {processor.py:830} INFO - Processing file /home/airflow/.local/lib/python3.8/site-packages/airflow/example_dags/example_branch_python_dop_operator_3.py for tasks to queue
[2024-10-29T23:31:58.471+0000] {logging_mixin.py:188} INFO - [2024-10-29T23:31:58.471+0000] {dagbag.py:540} INFO - Filling up the DagBag from /home/airflow/.local/lib/python3.8/site-packages/airflow/example_dags/example_branch_python_dop_operator_3.py
[2024-10-29T23:31:58.481+0000] {processor.py:840} INFO - DAG(s) 'example_branch_dop_operator_v3' retrieved from /home/airflow/.local/lib/python3.8/site-packages/airflow/example_dags/example_branch_python_dop_operator_3.py
[2024-10-29T23:31:58.498+0000] {logging_mixin.py:188} INFO - [2024-10-29T23:31:58.498+0000] {dag.py:3047} INFO - Sync 1 DAGs
[2024-10-29T23:31:58.523+0000] {logging_mixin.py:188} INFO - [2024-10-29T23:31:58.523+0000] {dag.py:3834} INFO - Setting next_dagrun for example_branch_dop_operator_v3 to 2024-10-29 23:30:00+00:00, run_after=2024-10-29 23:31:00+00:00
[2024-10-29T23:31:58.541+0000] {processor.py:183} INFO - Processing /home/airflow/.local/lib/python3.8/site-packages/airflow/example_dags/example_branch_python_dop_operator_3.py took 0.076 seconds
[2024-10-29T23:32:29.567+0000] {processor.py:161} INFO - Started process (PID=17199) to work on /home/airflow/.local/lib/python3.8/site-packages/airflow/example_dags/example_branch_python_dop_operator_3.py
[2024-10-29T23:32:29.568+0000] {processor.py:830} INFO - Processing file /home/airflow/.local/lib/python3.8/site-packages/airflow/example_dags/example_branch_python_dop_operator_3.py for tasks to queue
[2024-10-29T23:32:29.569+0000] {logging_mixin.py:188} INFO - [2024-10-29T23:32:29.569+0000] {dagbag.py:540} INFO - Filling up the DagBag from /home/airflow/.local/lib/python3.8/site-packages/airflow/example_dags/example_branch_python_dop_operator_3.py
[2024-10-29T23:32:29.580+0000] {processor.py:840} INFO - DAG(s) 'example_branch_dop_operator_v3' retrieved from /home/airflow/.local/lib/python3.8/site-packages/airflow/example_dags/example_branch_python_dop_operator_3.py
[2024-10-29T23:32:29.608+0000] {logging_mixin.py:188} INFO - [2024-10-29T23:32:29.607+0000] {dag.py:3047} INFO - Sync 1 DAGs
[2024-10-29T23:32:29.650+0000] {logging_mixin.py:188} INFO - [2024-10-29T23:32:29.650+0000] {dag.py:3834} INFO - Setting next_dagrun for example_branch_dop_operator_v3 to 2024-10-29 23:31:00+00:00, run_after=2024-10-29 23:32:00+00:00
[2024-10-29T23:32:29.809+0000] {processor.py:183} INFO - Processing /home/airflow/.local/lib/python3.8/site-packages/airflow/example_dags/example_branch_python_dop_operator_3.py took 0.245 seconds
[2024-10-29T23:32:59.842+0000] {processor.py:161} INFO - Started process (PID=17256) to work on /home/airflow/.local/lib/python3.8/site-packages/airflow/example_dags/example_branch_python_dop_operator_3.py
[2024-10-29T23:32:59.842+0000] {processor.py:830} INFO - Processing file /home/airflow/.local/lib/python3.8/site-packages/airflow/example_dags/example_branch_python_dop_operator_3.py for tasks to queue
[2024-10-29T23:32:59.844+0000] {logging_mixin.py:188} INFO - [2024-10-29T23:32:59.843+0000] {dagbag.py:540} INFO - Filling up the DagBag from /home/airflow/.local/lib/python3.8/site-packages/airflow/example_dags/example_branch_python_dop_operator_3.py
[2024-10-29T23:32:59.851+0000] {processor.py:840} INFO - DAG(s) 'example_branch_dop_operator_v3' retrieved from /home/airflow/.local/lib/python3.8/site-packages/airflow/example_dags/example_branch_python_dop_operator_3.py
[2024-10-29T23:32:59.867+0000] {logging_mixin.py:188} INFO - [2024-10-29T23:32:59.867+0000] {dag.py:3047} INFO - Sync 1 DAGs
[2024-10-29T23:32:59.892+0000] {logging_mixin.py:188} INFO - [2024-10-29T23:32:59.892+0000] {dag.py:3834} INFO - Setting next_dagrun for example_branch_dop_operator_v3 to 2024-10-29 23:31:00+00:00, run_after=2024-10-29 23:32:00+00:00
[2024-10-29T23:33:00.011+0000] {processor.py:183} INFO - Processing /home/airflow/.local/lib/python3.8/site-packages/airflow/example_dags/example_branch_python_dop_operator_3.py took 0.172 seconds
[2024-10-29T23:34:17.415+0000] {processor.py:161} INFO - Started process (PID=54) to work on /home/airflow/.local/lib/python3.8/site-packages/airflow/example_dags/example_branch_python_dop_operator_3.py
[2024-10-29T23:34:17.417+0000] {processor.py:830} INFO - Processing file /home/airflow/.local/lib/python3.8/site-packages/airflow/example_dags/example_branch_python_dop_operator_3.py for tasks to queue
[2024-10-29T23:34:17.419+0000] {logging_mixin.py:188} INFO - [2024-10-29T23:34:17.419+0000] {dagbag.py:540} INFO - Filling up the DagBag from /home/airflow/.local/lib/python3.8/site-packages/airflow/example_dags/example_branch_python_dop_operator_3.py
[2024-10-29T23:34:17.436+0000] {processor.py:840} INFO - DAG(s) 'example_branch_dop_operator_v3' retrieved from /home/airflow/.local/lib/python3.8/site-packages/airflow/example_dags/example_branch_python_dop_operator_3.py
[2024-10-29T23:34:17.449+0000] {logging_mixin.py:188} INFO - [2024-10-29T23:34:17.449+0000] {dag.py:3047} INFO - Sync 1 DAGs
[2024-10-29T23:34:17.484+0000] {logging_mixin.py:188} INFO - [2024-10-29T23:34:17.483+0000] {dag.py:3834} INFO - Setting next_dagrun for example_branch_dop_operator_v3 to 2024-10-29 23:33:00+00:00, run_after=2024-10-29 23:34:00+00:00
[2024-10-29T23:34:17.513+0000] {processor.py:183} INFO - Processing /home/airflow/.local/lib/python3.8/site-packages/airflow/example_dags/example_branch_python_dop_operator_3.py took 0.103 seconds
[2024-10-29T23:34:48.910+0000] {processor.py:161} INFO - Started process (PID=110) to work on /home/airflow/.local/lib/python3.8/site-packages/airflow/example_dags/example_branch_python_dop_operator_3.py
[2024-10-29T23:34:48.911+0000] {processor.py:830} INFO - Processing file /home/airflow/.local/lib/python3.8/site-packages/airflow/example_dags/example_branch_python_dop_operator_3.py for tasks to queue
[2024-10-29T23:34:48.913+0000] {logging_mixin.py:188} INFO - [2024-10-29T23:34:48.912+0000] {dagbag.py:540} INFO - Filling up the DagBag from /home/airflow/.local/lib/python3.8/site-packages/airflow/example_dags/example_branch_python_dop_operator_3.py
[2024-10-29T23:34:48.925+0000] {processor.py:840} INFO - DAG(s) 'example_branch_dop_operator_v3' retrieved from /home/airflow/.local/lib/python3.8/site-packages/airflow/example_dags/example_branch_python_dop_operator_3.py
[2024-10-29T23:34:49.121+0000] {logging_mixin.py:188} INFO - [2024-10-29T23:34:49.120+0000] {dag.py:3047} INFO - Sync 1 DAGs
[2024-10-29T23:34:49.157+0000] {logging_mixin.py:188} INFO - [2024-10-29T23:34:49.157+0000] {dag.py:3834} INFO - Setting next_dagrun for example_branch_dop_operator_v3 to 2024-10-29 23:33:00+00:00, run_after=2024-10-29 23:34:00+00:00
[2024-10-29T23:34:49.186+0000] {processor.py:183} INFO - Processing /home/airflow/.local/lib/python3.8/site-packages/airflow/example_dags/example_branch_python_dop_operator_3.py took 0.279 seconds
[2024-10-29T23:35:19.981+0000] {processor.py:161} INFO - Started process (PID=166) to work on /home/airflow/.local/lib/python3.8/site-packages/airflow/example_dags/example_branch_python_dop_operator_3.py
[2024-10-29T23:35:19.982+0000] {processor.py:830} INFO - Processing file /home/airflow/.local/lib/python3.8/site-packages/airflow/example_dags/example_branch_python_dop_operator_3.py for tasks to queue
[2024-10-29T23:35:19.984+0000] {logging_mixin.py:188} INFO - [2024-10-29T23:35:19.984+0000] {dagbag.py:540} INFO - Filling up the DagBag from /home/airflow/.local/lib/python3.8/site-packages/airflow/example_dags/example_branch_python_dop_operator_3.py
[2024-10-29T23:35:19.997+0000] {processor.py:840} INFO - DAG(s) 'example_branch_dop_operator_v3' retrieved from /home/airflow/.local/lib/python3.8/site-packages/airflow/example_dags/example_branch_python_dop_operator_3.py
[2024-10-29T23:35:20.017+0000] {logging_mixin.py:188} INFO - [2024-10-29T23:35:20.016+0000] {dag.py:3047} INFO - Sync 1 DAGs
[2024-10-29T23:35:20.049+0000] {logging_mixin.py:188} INFO - [2024-10-29T23:35:20.048+0000] {dag.py:3834} INFO - Setting next_dagrun for example_branch_dop_operator_v3 to 2024-10-29 23:34:00+00:00, run_after=2024-10-29 23:35:00+00:00
[2024-10-29T23:35:20.068+0000] {processor.py:183} INFO - Processing /home/airflow/.local/lib/python3.8/site-packages/airflow/example_dags/example_branch_python_dop_operator_3.py took 0.092 seconds
[2024-10-29T23:35:50.098+0000] {processor.py:161} INFO - Started process (PID=221) to work on /home/airflow/.local/lib/python3.8/site-packages/airflow/example_dags/example_branch_python_dop_operator_3.py
[2024-10-29T23:35:50.099+0000] {processor.py:830} INFO - Processing file /home/airflow/.local/lib/python3.8/site-packages/airflow/example_dags/example_branch_python_dop_operator_3.py for tasks to queue
[2024-10-29T23:35:50.101+0000] {logging_mixin.py:188} INFO - [2024-10-29T23:35:50.100+0000] {dagbag.py:540} INFO - Filling up the DagBag from /home/airflow/.local/lib/python3.8/site-packages/airflow/example_dags/example_branch_python_dop_operator_3.py
[2024-10-29T23:35:50.111+0000] {processor.py:840} INFO - DAG(s) 'example_branch_dop_operator_v3' retrieved from /home/airflow/.local/lib/python3.8/site-packages/airflow/example_dags/example_branch_python_dop_operator_3.py
[2024-10-29T23:35:50.133+0000] {logging_mixin.py:188} INFO - [2024-10-29T23:35:50.133+0000] {dag.py:3047} INFO - Sync 1 DAGs
[2024-10-29T23:35:50.176+0000] {logging_mixin.py:188} INFO - [2024-10-29T23:35:50.176+0000] {dag.py:3834} INFO - Setting next_dagrun for example_branch_dop_operator_v3 to 2024-10-29 23:34:00+00:00, run_after=2024-10-29 23:35:00+00:00
[2024-10-29T23:35:50.199+0000] {processor.py:183} INFO - Processing /home/airflow/.local/lib/python3.8/site-packages/airflow/example_dags/example_branch_python_dop_operator_3.py took 0.105 seconds
[2024-10-29T23:36:20.342+0000] {processor.py:161} INFO - Started process (PID=277) to work on /home/airflow/.local/lib/python3.8/site-packages/airflow/example_dags/example_branch_python_dop_operator_3.py
[2024-10-29T23:36:20.343+0000] {processor.py:830} INFO - Processing file /home/airflow/.local/lib/python3.8/site-packages/airflow/example_dags/example_branch_python_dop_operator_3.py for tasks to queue
[2024-10-29T23:36:20.345+0000] {logging_mixin.py:188} INFO - [2024-10-29T23:36:20.344+0000] {dagbag.py:540} INFO - Filling up the DagBag from /home/airflow/.local/lib/python3.8/site-packages/airflow/example_dags/example_branch_python_dop_operator_3.py
[2024-10-29T23:36:20.355+0000] {processor.py:840} INFO - DAG(s) 'example_branch_dop_operator_v3' retrieved from /home/airflow/.local/lib/python3.8/site-packages/airflow/example_dags/example_branch_python_dop_operator_3.py
[2024-10-29T23:36:20.373+0000] {logging_mixin.py:188} INFO - [2024-10-29T23:36:20.372+0000] {dag.py:3047} INFO - Sync 1 DAGs
[2024-10-29T23:36:20.398+0000] {logging_mixin.py:188} INFO - [2024-10-29T23:36:20.398+0000] {dag.py:3834} INFO - Setting next_dagrun for example_branch_dop_operator_v3 to 2024-10-29 23:35:00+00:00, run_after=2024-10-29 23:36:00+00:00
[2024-10-29T23:36:20.417+0000] {processor.py:183} INFO - Processing /home/airflow/.local/lib/python3.8/site-packages/airflow/example_dags/example_branch_python_dop_operator_3.py took 0.079 seconds
[2024-10-29T23:36:51.044+0000] {processor.py:161} INFO - Started process (PID=334) to work on /home/airflow/.local/lib/python3.8/site-packages/airflow/example_dags/example_branch_python_dop_operator_3.py
[2024-10-29T23:36:51.045+0000] {processor.py:830} INFO - Processing file /home/airflow/.local/lib/python3.8/site-packages/airflow/example_dags/example_branch_python_dop_operator_3.py for tasks to queue
[2024-10-29T23:36:51.048+0000] {logging_mixin.py:188} INFO - [2024-10-29T23:36:51.047+0000] {dagbag.py:540} INFO - Filling up the DagBag from /home/airflow/.local/lib/python3.8/site-packages/airflow/example_dags/example_branch_python_dop_operator_3.py
[2024-10-29T23:36:51.058+0000] {processor.py:840} INFO - DAG(s) 'example_branch_dop_operator_v3' retrieved from /home/airflow/.local/lib/python3.8/site-packages/airflow/example_dags/example_branch_python_dop_operator_3.py
[2024-10-29T23:36:51.077+0000] {logging_mixin.py:188} INFO - [2024-10-29T23:36:51.076+0000] {dag.py:3047} INFO - Sync 1 DAGs
[2024-10-29T23:36:51.108+0000] {logging_mixin.py:188} INFO - [2024-10-29T23:36:51.108+0000] {dag.py:3834} INFO - Setting next_dagrun for example_branch_dop_operator_v3 to 2024-10-29 23:35:00+00:00, run_after=2024-10-29 23:36:00+00:00
[2024-10-29T23:36:51.128+0000] {processor.py:183} INFO - Processing /home/airflow/.local/lib/python3.8/site-packages/airflow/example_dags/example_branch_python_dop_operator_3.py took 0.087 seconds
[2024-10-29T23:37:21.415+0000] {processor.py:161} INFO - Started process (PID=390) to work on /home/airflow/.local/lib/python3.8/site-packages/airflow/example_dags/example_branch_python_dop_operator_3.py
[2024-10-29T23:37:21.415+0000] {processor.py:830} INFO - Processing file /home/airflow/.local/lib/python3.8/site-packages/airflow/example_dags/example_branch_python_dop_operator_3.py for tasks to queue
[2024-10-29T23:37:21.417+0000] {logging_mixin.py:188} INFO - [2024-10-29T23:37:21.416+0000] {dagbag.py:540} INFO - Filling up the DagBag from /home/airflow/.local/lib/python3.8/site-packages/airflow/example_dags/example_branch_python_dop_operator_3.py
[2024-10-29T23:37:21.425+0000] {processor.py:840} INFO - DAG(s) 'example_branch_dop_operator_v3' retrieved from /home/airflow/.local/lib/python3.8/site-packages/airflow/example_dags/example_branch_python_dop_operator_3.py
[2024-10-29T23:37:21.441+0000] {logging_mixin.py:188} INFO - [2024-10-29T23:37:21.441+0000] {dag.py:3047} INFO - Sync 1 DAGs
[2024-10-29T23:37:21.468+0000] {logging_mixin.py:188} INFO - [2024-10-29T23:37:21.468+0000] {dag.py:3834} INFO - Setting next_dagrun for example_branch_dop_operator_v3 to 2024-10-29 23:36:00+00:00, run_after=2024-10-29 23:37:00+00:00
[2024-10-29T23:37:21.487+0000] {processor.py:183} INFO - Processing /home/airflow/.local/lib/python3.8/site-packages/airflow/example_dags/example_branch_python_dop_operator_3.py took 0.074 seconds
[2024-10-29T23:37:52.266+0000] {processor.py:161} INFO - Started process (PID=446) to work on /home/airflow/.local/lib/python3.8/site-packages/airflow/example_dags/example_branch_python_dop_operator_3.py
[2024-10-29T23:37:52.267+0000] {processor.py:830} INFO - Processing file /home/airflow/.local/lib/python3.8/site-packages/airflow/example_dags/example_branch_python_dop_operator_3.py for tasks to queue
[2024-10-29T23:37:52.269+0000] {logging_mixin.py:188} INFO - [2024-10-29T23:37:52.268+0000] {dagbag.py:540} INFO - Filling up the DagBag from /home/airflow/.local/lib/python3.8/site-packages/airflow/example_dags/example_branch_python_dop_operator_3.py
[2024-10-29T23:37:52.279+0000] {processor.py:840} INFO - DAG(s) 'example_branch_dop_operator_v3' retrieved from /home/airflow/.local/lib/python3.8/site-packages/airflow/example_dags/example_branch_python_dop_operator_3.py
[2024-10-29T23:37:52.307+0000] {logging_mixin.py:188} INFO - [2024-10-29T23:37:52.307+0000] {dag.py:3047} INFO - Sync 1 DAGs
[2024-10-29T23:37:52.349+0000] {logging_mixin.py:188} INFO - [2024-10-29T23:37:52.349+0000] {dag.py:3834} INFO - Setting next_dagrun for example_branch_dop_operator_v3 to 2024-10-29 23:36:00+00:00, run_after=2024-10-29 23:37:00+00:00
[2024-10-29T23:37:52.370+0000] {processor.py:183} INFO - Processing /home/airflow/.local/lib/python3.8/site-packages/airflow/example_dags/example_branch_python_dop_operator_3.py took 0.107 seconds
[2024-10-29T23:38:22.839+0000] {processor.py:161} INFO - Started process (PID=502) to work on /home/airflow/.local/lib/python3.8/site-packages/airflow/example_dags/example_branch_python_dop_operator_3.py
[2024-10-29T23:38:22.840+0000] {processor.py:830} INFO - Processing file /home/airflow/.local/lib/python3.8/site-packages/airflow/example_dags/example_branch_python_dop_operator_3.py for tasks to queue
[2024-10-29T23:38:22.842+0000] {logging_mixin.py:188} INFO - [2024-10-29T23:38:22.842+0000] {dagbag.py:540} INFO - Filling up the DagBag from /home/airflow/.local/lib/python3.8/site-packages/airflow/example_dags/example_branch_python_dop_operator_3.py
[2024-10-29T23:38:22.854+0000] {processor.py:840} INFO - DAG(s) 'example_branch_dop_operator_v3' retrieved from /home/airflow/.local/lib/python3.8/site-packages/airflow/example_dags/example_branch_python_dop_operator_3.py
[2024-10-29T23:38:22.877+0000] {logging_mixin.py:188} INFO - [2024-10-29T23:38:22.877+0000] {dag.py:3047} INFO - Sync 1 DAGs
[2024-10-29T23:38:22.908+0000] {logging_mixin.py:188} INFO - [2024-10-29T23:38:22.908+0000] {dag.py:3834} INFO - Setting next_dagrun for example_branch_dop_operator_v3 to 2024-10-29 23:37:00+00:00, run_after=2024-10-29 23:38:00+00:00
[2024-10-29T23:38:22.934+0000] {processor.py:183} INFO - Processing /home/airflow/.local/lib/python3.8/site-packages/airflow/example_dags/example_branch_python_dop_operator_3.py took 0.098 seconds
[2024-10-29T23:38:53.060+0000] {processor.py:161} INFO - Started process (PID=558) to work on /home/airflow/.local/lib/python3.8/site-packages/airflow/example_dags/example_branch_python_dop_operator_3.py
[2024-10-29T23:38:53.061+0000] {processor.py:830} INFO - Processing file /home/airflow/.local/lib/python3.8/site-packages/airflow/example_dags/example_branch_python_dop_operator_3.py for tasks to queue
[2024-10-29T23:38:53.064+0000] {logging_mixin.py:188} INFO - [2024-10-29T23:38:53.063+0000] {dagbag.py:540} INFO - Filling up the DagBag from /home/airflow/.local/lib/python3.8/site-packages/airflow/example_dags/example_branch_python_dop_operator_3.py
[2024-10-29T23:38:53.078+0000] {processor.py:840} INFO - DAG(s) 'example_branch_dop_operator_v3' retrieved from /home/airflow/.local/lib/python3.8/site-packages/airflow/example_dags/example_branch_python_dop_operator_3.py
[2024-10-29T23:38:53.108+0000] {logging_mixin.py:188} INFO - [2024-10-29T23:38:53.107+0000] {dag.py:3047} INFO - Sync 1 DAGs
[2024-10-29T23:38:53.158+0000] {logging_mixin.py:188} INFO - [2024-10-29T23:38:53.157+0000] {dag.py:3834} INFO - Setting next_dagrun for example_branch_dop_operator_v3 to 2024-10-29 23:37:00+00:00, run_after=2024-10-29 23:38:00+00:00
[2024-10-29T23:38:53.191+0000] {processor.py:183} INFO - Processing /home/airflow/.local/lib/python3.8/site-packages/airflow/example_dags/example_branch_python_dop_operator_3.py took 0.134 seconds
[2024-10-29T23:39:23.235+0000] {processor.py:161} INFO - Started process (PID=613) to work on /home/airflow/.local/lib/python3.8/site-packages/airflow/example_dags/example_branch_python_dop_operator_3.py
[2024-10-29T23:39:23.236+0000] {processor.py:830} INFO - Processing file /home/airflow/.local/lib/python3.8/site-packages/airflow/example_dags/example_branch_python_dop_operator_3.py for tasks to queue
[2024-10-29T23:39:23.237+0000] {logging_mixin.py:188} INFO - [2024-10-29T23:39:23.237+0000] {dagbag.py:540} INFO - Filling up the DagBag from /home/airflow/.local/lib/python3.8/site-packages/airflow/example_dags/example_branch_python_dop_operator_3.py
[2024-10-29T23:39:23.244+0000] {processor.py:840} INFO - DAG(s) 'example_branch_dop_operator_v3' retrieved from /home/airflow/.local/lib/python3.8/site-packages/airflow/example_dags/example_branch_python_dop_operator_3.py
[2024-10-29T23:39:23.261+0000] {logging_mixin.py:188} INFO - [2024-10-29T23:39:23.261+0000] {dag.py:3047} INFO - Sync 1 DAGs
[2024-10-29T23:39:23.286+0000] {logging_mixin.py:188} INFO - [2024-10-29T23:39:23.286+0000] {dag.py:3834} INFO - Setting next_dagrun for example_branch_dop_operator_v3 to 2024-10-29 23:38:00+00:00, run_after=2024-10-29 23:39:00+00:00
[2024-10-29T23:39:23.301+0000] {processor.py:183} INFO - Processing /home/airflow/.local/lib/python3.8/site-packages/airflow/example_dags/example_branch_python_dop_operator_3.py took 0.069 seconds
[2024-10-29T23:39:54.029+0000] {processor.py:161} INFO - Started process (PID=670) to work on /home/airflow/.local/lib/python3.8/site-packages/airflow/example_dags/example_branch_python_dop_operator_3.py
[2024-10-29T23:39:54.030+0000] {processor.py:830} INFO - Processing file /home/airflow/.local/lib/python3.8/site-packages/airflow/example_dags/example_branch_python_dop_operator_3.py for tasks to queue
[2024-10-29T23:39:54.032+0000] {logging_mixin.py:188} INFO - [2024-10-29T23:39:54.031+0000] {dagbag.py:540} INFO - Filling up the DagBag from /home/airflow/.local/lib/python3.8/site-packages/airflow/example_dags/example_branch_python_dop_operator_3.py
[2024-10-29T23:39:54.041+0000] {processor.py:840} INFO - DAG(s) 'example_branch_dop_operator_v3' retrieved from /home/airflow/.local/lib/python3.8/site-packages/airflow/example_dags/example_branch_python_dop_operator_3.py
[2024-10-29T23:39:54.060+0000] {logging_mixin.py:188} INFO - [2024-10-29T23:39:54.060+0000] {dag.py:3047} INFO - Sync 1 DAGs
[2024-10-29T23:39:54.087+0000] {logging_mixin.py:188} INFO - [2024-10-29T23:39:54.087+0000] {dag.py:3834} INFO - Setting next_dagrun for example_branch_dop_operator_v3 to 2024-10-29 23:38:00+00:00, run_after=2024-10-29 23:39:00+00:00
[2024-10-29T23:39:54.103+0000] {processor.py:183} INFO - Processing /home/airflow/.local/lib/python3.8/site-packages/airflow/example_dags/example_branch_python_dop_operator_3.py took 0.077 seconds
[2024-10-29T23:40:24.463+0000] {processor.py:161} INFO - Started process (PID=726) to work on /home/airflow/.local/lib/python3.8/site-packages/airflow/example_dags/example_branch_python_dop_operator_3.py
[2024-10-29T23:40:24.464+0000] {processor.py:830} INFO - Processing file /home/airflow/.local/lib/python3.8/site-packages/airflow/example_dags/example_branch_python_dop_operator_3.py for tasks to queue
[2024-10-29T23:40:24.466+0000] {logging_mixin.py:188} INFO - [2024-10-29T23:40:24.466+0000] {dagbag.py:540} INFO - Filling up the DagBag from /home/airflow/.local/lib/python3.8/site-packages/airflow/example_dags/example_branch_python_dop_operator_3.py
[2024-10-29T23:40:24.476+0000] {processor.py:840} INFO - DAG(s) 'example_branch_dop_operator_v3' retrieved from /home/airflow/.local/lib/python3.8/site-packages/airflow/example_dags/example_branch_python_dop_operator_3.py
[2024-10-29T23:40:24.499+0000] {logging_mixin.py:188} INFO - [2024-10-29T23:40:24.498+0000] {dag.py:3047} INFO - Sync 1 DAGs
[2024-10-29T23:40:24.530+0000] {logging_mixin.py:188} INFO - [2024-10-29T23:40:24.530+0000] {dag.py:3834} INFO - Setting next_dagrun for example_branch_dop_operator_v3 to 2024-10-29 23:39:00+00:00, run_after=2024-10-29 23:40:00+00:00
[2024-10-29T23:40:24.556+0000] {processor.py:183} INFO - Processing /home/airflow/.local/lib/python3.8/site-packages/airflow/example_dags/example_branch_python_dop_operator_3.py took 0.096 seconds
[2024-10-29T23:40:54.964+0000] {processor.py:161} INFO - Started process (PID=781) to work on /home/airflow/.local/lib/python3.8/site-packages/airflow/example_dags/example_branch_python_dop_operator_3.py
[2024-10-29T23:40:54.965+0000] {processor.py:830} INFO - Processing file /home/airflow/.local/lib/python3.8/site-packages/airflow/example_dags/example_branch_python_dop_operator_3.py for tasks to queue
[2024-10-29T23:40:54.968+0000] {logging_mixin.py:188} INFO - [2024-10-29T23:40:54.967+0000] {dagbag.py:540} INFO - Filling up the DagBag from /home/airflow/.local/lib/python3.8/site-packages/airflow/example_dags/example_branch_python_dop_operator_3.py
[2024-10-29T23:40:54.980+0000] {processor.py:840} INFO - DAG(s) 'example_branch_dop_operator_v3' retrieved from /home/airflow/.local/lib/python3.8/site-packages/airflow/example_dags/example_branch_python_dop_operator_3.py
[2024-10-29T23:40:55.007+0000] {logging_mixin.py:188} INFO - [2024-10-29T23:40:55.006+0000] {dag.py:3047} INFO - Sync 1 DAGs
[2024-10-29T23:40:55.036+0000] {logging_mixin.py:188} INFO - [2024-10-29T23:40:55.036+0000] {dag.py:3834} INFO - Setting next_dagrun for example_branch_dop_operator_v3 to 2024-10-29 23:39:00+00:00, run_after=2024-10-29 23:40:00+00:00
[2024-10-29T23:40:55.053+0000] {processor.py:183} INFO - Processing /home/airflow/.local/lib/python3.8/site-packages/airflow/example_dags/example_branch_python_dop_operator_3.py took 0.092 seconds
[2024-10-29T23:41:25.760+0000] {processor.py:161} INFO - Started process (PID=837) to work on /home/airflow/.local/lib/python3.8/site-packages/airflow/example_dags/example_branch_python_dop_operator_3.py
[2024-10-29T23:41:25.761+0000] {processor.py:830} INFO - Processing file /home/airflow/.local/lib/python3.8/site-packages/airflow/example_dags/example_branch_python_dop_operator_3.py for tasks to queue
[2024-10-29T23:41:25.763+0000] {logging_mixin.py:188} INFO - [2024-10-29T23:41:25.763+0000] {dagbag.py:540} INFO - Filling up the DagBag from /home/airflow/.local/lib/python3.8/site-packages/airflow/example_dags/example_branch_python_dop_operator_3.py
[2024-10-29T23:41:25.773+0000] {processor.py:840} INFO - DAG(s) 'example_branch_dop_operator_v3' retrieved from /home/airflow/.local/lib/python3.8/site-packages/airflow/example_dags/example_branch_python_dop_operator_3.py
[2024-10-29T23:41:25.795+0000] {logging_mixin.py:188} INFO - [2024-10-29T23:41:25.794+0000] {dag.py:3047} INFO - Sync 1 DAGs
[2024-10-29T23:41:25.840+0000] {logging_mixin.py:188} INFO - [2024-10-29T23:41:25.839+0000] {dag.py:3834} INFO - Setting next_dagrun for example_branch_dop_operator_v3 to 2024-10-29 23:40:00+00:00, run_after=2024-10-29 23:41:00+00:00
[2024-10-29T23:41:25.871+0000] {processor.py:183} INFO - Processing /home/airflow/.local/lib/python3.8/site-packages/airflow/example_dags/example_branch_python_dop_operator_3.py took 0.114 seconds
[2024-10-29T23:41:56.761+0000] {processor.py:161} INFO - Started process (PID=893) to work on /home/airflow/.local/lib/python3.8/site-packages/airflow/example_dags/example_branch_python_dop_operator_3.py
[2024-10-29T23:41:56.761+0000] {processor.py:830} INFO - Processing file /home/airflow/.local/lib/python3.8/site-packages/airflow/example_dags/example_branch_python_dop_operator_3.py for tasks to queue
[2024-10-29T23:41:56.763+0000] {logging_mixin.py:188} INFO - [2024-10-29T23:41:56.763+0000] {dagbag.py:540} INFO - Filling up the DagBag from /home/airflow/.local/lib/python3.8/site-packages/airflow/example_dags/example_branch_python_dop_operator_3.py
[2024-10-29T23:41:56.773+0000] {processor.py:840} INFO - DAG(s) 'example_branch_dop_operator_v3' retrieved from /home/airflow/.local/lib/python3.8/site-packages/airflow/example_dags/example_branch_python_dop_operator_3.py
[2024-10-29T23:41:56.795+0000] {logging_mixin.py:188} INFO - [2024-10-29T23:41:56.795+0000] {dag.py:3047} INFO - Sync 1 DAGs
[2024-10-29T23:41:56.837+0000] {logging_mixin.py:188} INFO - [2024-10-29T23:41:56.836+0000] {dag.py:3834} INFO - Setting next_dagrun for example_branch_dop_operator_v3 to 2024-10-29 23:40:00+00:00, run_after=2024-10-29 23:41:00+00:00
[2024-10-29T23:41:56.860+0000] {processor.py:183} INFO - Processing /home/airflow/.local/lib/python3.8/site-packages/airflow/example_dags/example_branch_python_dop_operator_3.py took 0.102 seconds
[2024-10-29T23:42:27.075+0000] {processor.py:161} INFO - Started process (PID=949) to work on /home/airflow/.local/lib/python3.8/site-packages/airflow/example_dags/example_branch_python_dop_operator_3.py
[2024-10-29T23:42:27.076+0000] {processor.py:830} INFO - Processing file /home/airflow/.local/lib/python3.8/site-packages/airflow/example_dags/example_branch_python_dop_operator_3.py for tasks to queue
[2024-10-29T23:42:27.077+0000] {logging_mixin.py:188} INFO - [2024-10-29T23:42:27.077+0000] {dagbag.py:540} INFO - Filling up the DagBag from /home/airflow/.local/lib/python3.8/site-packages/airflow/example_dags/example_branch_python_dop_operator_3.py
[2024-10-29T23:42:27.086+0000] {processor.py:840} INFO - DAG(s) 'example_branch_dop_operator_v3' retrieved from /home/airflow/.local/lib/python3.8/site-packages/airflow/example_dags/example_branch_python_dop_operator_3.py
[2024-10-29T23:42:27.103+0000] {logging_mixin.py:188} INFO - [2024-10-29T23:42:27.103+0000] {dag.py:3047} INFO - Sync 1 DAGs
[2024-10-29T23:42:27.127+0000] {logging_mixin.py:188} INFO - [2024-10-29T23:42:27.127+0000] {dag.py:3834} INFO - Setting next_dagrun for example_branch_dop_operator_v3 to 2024-10-29 23:41:00+00:00, run_after=2024-10-29 23:42:00+00:00
[2024-10-29T23:42:27.145+0000] {processor.py:183} INFO - Processing /home/airflow/.local/lib/python3.8/site-packages/airflow/example_dags/example_branch_python_dop_operator_3.py took 0.072 seconds
[2024-10-29T23:42:57.502+0000] {processor.py:161} INFO - Started process (PID=1005) to work on /home/airflow/.local/lib/python3.8/site-packages/airflow/example_dags/example_branch_python_dop_operator_3.py
[2024-10-29T23:42:57.503+0000] {processor.py:830} INFO - Processing file /home/airflow/.local/lib/python3.8/site-packages/airflow/example_dags/example_branch_python_dop_operator_3.py for tasks to queue
[2024-10-29T23:42:57.504+0000] {logging_mixin.py:188} INFO - [2024-10-29T23:42:57.504+0000] {dagbag.py:540} INFO - Filling up the DagBag from /home/airflow/.local/lib/python3.8/site-packages/airflow/example_dags/example_branch_python_dop_operator_3.py
[2024-10-29T23:42:57.510+0000] {processor.py:840} INFO - DAG(s) 'example_branch_dop_operator_v3' retrieved from /home/airflow/.local/lib/python3.8/site-packages/airflow/example_dags/example_branch_python_dop_operator_3.py
[2024-10-29T23:42:57.525+0000] {logging_mixin.py:188} INFO - [2024-10-29T23:42:57.525+0000] {dag.py:3047} INFO - Sync 1 DAGs
[2024-10-29T23:42:57.549+0000] {logging_mixin.py:188} INFO - [2024-10-29T23:42:57.549+0000] {dag.py:3834} INFO - Setting next_dagrun for example_branch_dop_operator_v3 to 2024-10-29 23:41:00+00:00, run_after=2024-10-29 23:42:00+00:00
[2024-10-29T23:42:57.569+0000] {processor.py:183} INFO - Processing /home/airflow/.local/lib/python3.8/site-packages/airflow/example_dags/example_branch_python_dop_operator_3.py took 0.069 seconds
[2024-10-29T23:43:27.930+0000] {processor.py:161} INFO - Started process (PID=1061) to work on /home/airflow/.local/lib/python3.8/site-packages/airflow/example_dags/example_branch_python_dop_operator_3.py
[2024-10-29T23:43:27.931+0000] {processor.py:830} INFO - Processing file /home/airflow/.local/lib/python3.8/site-packages/airflow/example_dags/example_branch_python_dop_operator_3.py for tasks to queue
[2024-10-29T23:43:27.932+0000] {logging_mixin.py:188} INFO - [2024-10-29T23:43:27.932+0000] {dagbag.py:540} INFO - Filling up the DagBag from /home/airflow/.local/lib/python3.8/site-packages/airflow/example_dags/example_branch_python_dop_operator_3.py
[2024-10-29T23:43:27.940+0000] {processor.py:840} INFO - DAG(s) 'example_branch_dop_operator_v3' retrieved from /home/airflow/.local/lib/python3.8/site-packages/airflow/example_dags/example_branch_python_dop_operator_3.py
[2024-10-29T23:43:27.956+0000] {logging_mixin.py:188} INFO - [2024-10-29T23:43:27.956+0000] {dag.py:3047} INFO - Sync 1 DAGs
[2024-10-29T23:43:27.979+0000] {logging_mixin.py:188} INFO - [2024-10-29T23:43:27.979+0000] {dag.py:3834} INFO - Setting next_dagrun for example_branch_dop_operator_v3 to 2024-10-29 23:42:00+00:00, run_after=2024-10-29 23:43:00+00:00
[2024-10-29T23:43:27.995+0000] {processor.py:183} INFO - Processing /home/airflow/.local/lib/python3.8/site-packages/airflow/example_dags/example_branch_python_dop_operator_3.py took 0.067 seconds
[2024-10-29T23:43:58.121+0000] {processor.py:161} INFO - Started process (PID=1117) to work on /home/airflow/.local/lib/python3.8/site-packages/airflow/example_dags/example_branch_python_dop_operator_3.py
[2024-10-29T23:43:58.122+0000] {processor.py:830} INFO - Processing file /home/airflow/.local/lib/python3.8/site-packages/airflow/example_dags/example_branch_python_dop_operator_3.py for tasks to queue
[2024-10-29T23:43:58.124+0000] {logging_mixin.py:188} INFO - [2024-10-29T23:43:58.123+0000] {dagbag.py:540} INFO - Filling up the DagBag from /home/airflow/.local/lib/python3.8/site-packages/airflow/example_dags/example_branch_python_dop_operator_3.py
[2024-10-29T23:43:58.134+0000] {processor.py:840} INFO - DAG(s) 'example_branch_dop_operator_v3' retrieved from /home/airflow/.local/lib/python3.8/site-packages/airflow/example_dags/example_branch_python_dop_operator_3.py
[2024-10-29T23:43:58.156+0000] {logging_mixin.py:188} INFO - [2024-10-29T23:43:58.156+0000] {dag.py:3047} INFO - Sync 1 DAGs
[2024-10-29T23:43:58.190+0000] {logging_mixin.py:188} INFO - [2024-10-29T23:43:58.190+0000] {dag.py:3834} INFO - Setting next_dagrun for example_branch_dop_operator_v3 to 2024-10-29 23:42:00+00:00, run_after=2024-10-29 23:43:00+00:00
[2024-10-29T23:43:58.213+0000] {processor.py:183} INFO - Processing /home/airflow/.local/lib/python3.8/site-packages/airflow/example_dags/example_branch_python_dop_operator_3.py took 0.095 seconds
[2024-10-29T23:44:28.476+0000] {processor.py:161} INFO - Started process (PID=1173) to work on /home/airflow/.local/lib/python3.8/site-packages/airflow/example_dags/example_branch_python_dop_operator_3.py
[2024-10-29T23:44:28.477+0000] {processor.py:830} INFO - Processing file /home/airflow/.local/lib/python3.8/site-packages/airflow/example_dags/example_branch_python_dop_operator_3.py for tasks to queue
[2024-10-29T23:44:28.479+0000] {logging_mixin.py:188} INFO - [2024-10-29T23:44:28.479+0000] {dagbag.py:540} INFO - Filling up the DagBag from /home/airflow/.local/lib/python3.8/site-packages/airflow/example_dags/example_branch_python_dop_operator_3.py
[2024-10-29T23:44:28.490+0000] {processor.py:840} INFO - DAG(s) 'example_branch_dop_operator_v3' retrieved from /home/airflow/.local/lib/python3.8/site-packages/airflow/example_dags/example_branch_python_dop_operator_3.py
[2024-10-29T23:44:28.516+0000] {logging_mixin.py:188} INFO - [2024-10-29T23:44:28.516+0000] {dag.py:3047} INFO - Sync 1 DAGs
[2024-10-29T23:44:28.562+0000] {logging_mixin.py:188} INFO - [2024-10-29T23:44:28.562+0000] {dag.py:3834} INFO - Setting next_dagrun for example_branch_dop_operator_v3 to 2024-10-29 23:43:00+00:00, run_after=2024-10-29 23:44:00+00:00
[2024-10-29T23:44:28.593+0000] {processor.py:183} INFO - Processing /home/airflow/.local/lib/python3.8/site-packages/airflow/example_dags/example_branch_python_dop_operator_3.py took 0.121 seconds
[2024-10-29T23:44:58.800+0000] {processor.py:161} INFO - Started process (PID=1229) to work on /home/airflow/.local/lib/python3.8/site-packages/airflow/example_dags/example_branch_python_dop_operator_3.py
[2024-10-29T23:44:58.801+0000] {processor.py:830} INFO - Processing file /home/airflow/.local/lib/python3.8/site-packages/airflow/example_dags/example_branch_python_dop_operator_3.py for tasks to queue
[2024-10-29T23:44:58.803+0000] {logging_mixin.py:188} INFO - [2024-10-29T23:44:58.802+0000] {dagbag.py:540} INFO - Filling up the DagBag from /home/airflow/.local/lib/python3.8/site-packages/airflow/example_dags/example_branch_python_dop_operator_3.py
[2024-10-29T23:44:58.811+0000] {processor.py:840} INFO - DAG(s) 'example_branch_dop_operator_v3' retrieved from /home/airflow/.local/lib/python3.8/site-packages/airflow/example_dags/example_branch_python_dop_operator_3.py
[2024-10-29T23:44:58.830+0000] {logging_mixin.py:188} INFO - [2024-10-29T23:44:58.830+0000] {dag.py:3047} INFO - Sync 1 DAGs
[2024-10-29T23:44:58.858+0000] {logging_mixin.py:188} INFO - [2024-10-29T23:44:58.858+0000] {dag.py:3834} INFO - Setting next_dagrun for example_branch_dop_operator_v3 to 2024-10-29 23:43:00+00:00, run_after=2024-10-29 23:44:00+00:00
[2024-10-29T23:44:58.879+0000] {processor.py:183} INFO - Processing /home/airflow/.local/lib/python3.8/site-packages/airflow/example_dags/example_branch_python_dop_operator_3.py took 0.082 seconds
[2024-10-29T23:45:29.027+0000] {processor.py:161} INFO - Started process (PID=1285) to work on /home/airflow/.local/lib/python3.8/site-packages/airflow/example_dags/example_branch_python_dop_operator_3.py
[2024-10-29T23:45:29.028+0000] {processor.py:830} INFO - Processing file /home/airflow/.local/lib/python3.8/site-packages/airflow/example_dags/example_branch_python_dop_operator_3.py for tasks to queue
[2024-10-29T23:45:29.030+0000] {logging_mixin.py:188} INFO - [2024-10-29T23:45:29.030+0000] {dagbag.py:540} INFO - Filling up the DagBag from /home/airflow/.local/lib/python3.8/site-packages/airflow/example_dags/example_branch_python_dop_operator_3.py
[2024-10-29T23:45:29.039+0000] {processor.py:840} INFO - DAG(s) 'example_branch_dop_operator_v3' retrieved from /home/airflow/.local/lib/python3.8/site-packages/airflow/example_dags/example_branch_python_dop_operator_3.py
[2024-10-29T23:45:29.061+0000] {logging_mixin.py:188} INFO - [2024-10-29T23:45:29.060+0000] {dag.py:3047} INFO - Sync 1 DAGs
[2024-10-29T23:45:29.094+0000] {logging_mixin.py:188} INFO - [2024-10-29T23:45:29.093+0000] {dag.py:3834} INFO - Setting next_dagrun for example_branch_dop_operator_v3 to 2024-10-29 23:44:00+00:00, run_after=2024-10-29 23:45:00+00:00
[2024-10-29T23:45:29.118+0000] {processor.py:183} INFO - Processing /home/airflow/.local/lib/python3.8/site-packages/airflow/example_dags/example_branch_python_dop_operator_3.py took 0.094 seconds
[2024-10-29T23:45:59.458+0000] {processor.py:161} INFO - Started process (PID=1341) to work on /home/airflow/.local/lib/python3.8/site-packages/airflow/example_dags/example_branch_python_dop_operator_3.py
[2024-10-29T23:45:59.459+0000] {processor.py:830} INFO - Processing file /home/airflow/.local/lib/python3.8/site-packages/airflow/example_dags/example_branch_python_dop_operator_3.py for tasks to queue
[2024-10-29T23:45:59.462+0000] {logging_mixin.py:188} INFO - [2024-10-29T23:45:59.461+0000] {dagbag.py:540} INFO - Filling up the DagBag from /home/airflow/.local/lib/python3.8/site-packages/airflow/example_dags/example_branch_python_dop_operator_3.py
[2024-10-29T23:45:59.472+0000] {processor.py:840} INFO - DAG(s) 'example_branch_dop_operator_v3' retrieved from /home/airflow/.local/lib/python3.8/site-packages/airflow/example_dags/example_branch_python_dop_operator_3.py
[2024-10-29T23:45:59.499+0000] {logging_mixin.py:188} INFO - [2024-10-29T23:45:59.498+0000] {dag.py:3047} INFO - Sync 1 DAGs
[2024-10-29T23:45:59.537+0000] {logging_mixin.py:188} INFO - [2024-10-29T23:45:59.536+0000] {dag.py:3834} INFO - Setting next_dagrun for example_branch_dop_operator_v3 to 2024-10-29 23:44:00+00:00, run_after=2024-10-29 23:45:00+00:00
[2024-10-29T23:45:59.561+0000] {processor.py:183} INFO - Processing /home/airflow/.local/lib/python3.8/site-packages/airflow/example_dags/example_branch_python_dop_operator_3.py took 0.106 seconds
[2024-10-29T23:46:29.767+0000] {processor.py:161} INFO - Started process (PID=1397) to work on /home/airflow/.local/lib/python3.8/site-packages/airflow/example_dags/example_branch_python_dop_operator_3.py
[2024-10-29T23:46:29.768+0000] {processor.py:830} INFO - Processing file /home/airflow/.local/lib/python3.8/site-packages/airflow/example_dags/example_branch_python_dop_operator_3.py for tasks to queue
[2024-10-29T23:46:29.769+0000] {logging_mixin.py:188} INFO - [2024-10-29T23:46:29.769+0000] {dagbag.py:540} INFO - Filling up the DagBag from /home/airflow/.local/lib/python3.8/site-packages/airflow/example_dags/example_branch_python_dop_operator_3.py
[2024-10-29T23:46:29.778+0000] {processor.py:840} INFO - DAG(s) 'example_branch_dop_operator_v3' retrieved from /home/airflow/.local/lib/python3.8/site-packages/airflow/example_dags/example_branch_python_dop_operator_3.py
[2024-10-29T23:46:29.796+0000] {logging_mixin.py:188} INFO - [2024-10-29T23:46:29.796+0000] {dag.py:3047} INFO - Sync 1 DAGs
[2024-10-29T23:46:29.824+0000] {logging_mixin.py:188} INFO - [2024-10-29T23:46:29.824+0000] {dag.py:3834} INFO - Setting next_dagrun for example_branch_dop_operator_v3 to 2024-10-29 23:45:00+00:00, run_after=2024-10-29 23:46:00+00:00
[2024-10-29T23:46:29.842+0000] {processor.py:183} INFO - Processing /home/airflow/.local/lib/python3.8/site-packages/airflow/example_dags/example_branch_python_dop_operator_3.py took 0.077 seconds
[2024-10-29T23:47:00.026+0000] {processor.py:161} INFO - Started process (PID=1453) to work on /home/airflow/.local/lib/python3.8/site-packages/airflow/example_dags/example_branch_python_dop_operator_3.py
[2024-10-29T23:47:00.027+0000] {processor.py:830} INFO - Processing file /home/airflow/.local/lib/python3.8/site-packages/airflow/example_dags/example_branch_python_dop_operator_3.py for tasks to queue
[2024-10-29T23:47:00.028+0000] {logging_mixin.py:188} INFO - [2024-10-29T23:47:00.028+0000] {dagbag.py:540} INFO - Filling up the DagBag from /home/airflow/.local/lib/python3.8/site-packages/airflow/example_dags/example_branch_python_dop_operator_3.py
[2024-10-29T23:47:00.035+0000] {processor.py:840} INFO - DAG(s) 'example_branch_dop_operator_v3' retrieved from /home/airflow/.local/lib/python3.8/site-packages/airflow/example_dags/example_branch_python_dop_operator_3.py
[2024-10-29T23:47:00.051+0000] {logging_mixin.py:188} INFO - [2024-10-29T23:47:00.051+0000] {dag.py:3047} INFO - Sync 1 DAGs
[2024-10-29T23:47:00.075+0000] {logging_mixin.py:188} INFO - [2024-10-29T23:47:00.075+0000] {dag.py:3834} INFO - Setting next_dagrun for example_branch_dop_operator_v3 to 2024-10-29 23:46:00+00:00, run_after=2024-10-29 23:47:00+00:00
[2024-10-29T23:47:00.091+0000] {processor.py:183} INFO - Processing /home/airflow/.local/lib/python3.8/site-packages/airflow/example_dags/example_branch_python_dop_operator_3.py took 0.068 seconds
[2024-10-29T23:47:31.085+0000] {processor.py:161} INFO - Started process (PID=1509) to work on /home/airflow/.local/lib/python3.8/site-packages/airflow/example_dags/example_branch_python_dop_operator_3.py
[2024-10-29T23:47:31.086+0000] {processor.py:830} INFO - Processing file /home/airflow/.local/lib/python3.8/site-packages/airflow/example_dags/example_branch_python_dop_operator_3.py for tasks to queue
[2024-10-29T23:47:31.088+0000] {logging_mixin.py:188} INFO - [2024-10-29T23:47:31.088+0000] {dagbag.py:540} INFO - Filling up the DagBag from /home/airflow/.local/lib/python3.8/site-packages/airflow/example_dags/example_branch_python_dop_operator_3.py
[2024-10-29T23:47:31.098+0000] {processor.py:840} INFO - DAG(s) 'example_branch_dop_operator_v3' retrieved from /home/airflow/.local/lib/python3.8/site-packages/airflow/example_dags/example_branch_python_dop_operator_3.py
[2024-10-29T23:47:31.121+0000] {logging_mixin.py:188} INFO - [2024-10-29T23:47:31.121+0000] {dag.py:3047} INFO - Sync 1 DAGs
[2024-10-29T23:47:31.164+0000] {logging_mixin.py:188} INFO - [2024-10-29T23:47:31.163+0000] {dag.py:3834} INFO - Setting next_dagrun for example_branch_dop_operator_v3 to 2024-10-29 23:46:00+00:00, run_after=2024-10-29 23:47:00+00:00
[2024-10-29T23:47:31.188+0000] {processor.py:183} INFO - Processing /home/airflow/.local/lib/python3.8/site-packages/airflow/example_dags/example_branch_python_dop_operator_3.py took 0.107 seconds
[2024-10-29T23:48:01.293+0000] {processor.py:161} INFO - Started process (PID=1565) to work on /home/airflow/.local/lib/python3.8/site-packages/airflow/example_dags/example_branch_python_dop_operator_3.py
[2024-10-29T23:48:01.294+0000] {processor.py:830} INFO - Processing file /home/airflow/.local/lib/python3.8/site-packages/airflow/example_dags/example_branch_python_dop_operator_3.py for tasks to queue
[2024-10-29T23:48:01.296+0000] {logging_mixin.py:188} INFO - [2024-10-29T23:48:01.295+0000] {dagbag.py:540} INFO - Filling up the DagBag from /home/airflow/.local/lib/python3.8/site-packages/airflow/example_dags/example_branch_python_dop_operator_3.py
[2024-10-29T23:48:01.307+0000] {processor.py:840} INFO - DAG(s) 'example_branch_dop_operator_v3' retrieved from /home/airflow/.local/lib/python3.8/site-packages/airflow/example_dags/example_branch_python_dop_operator_3.py
[2024-10-29T23:48:01.330+0000] {logging_mixin.py:188} INFO - [2024-10-29T23:48:01.330+0000] {dag.py:3047} INFO - Sync 1 DAGs
[2024-10-29T23:48:01.365+0000] {logging_mixin.py:188} INFO - [2024-10-29T23:48:01.365+0000] {dag.py:3834} INFO - Setting next_dagrun for example_branch_dop_operator_v3 to 2024-10-29 23:47:00+00:00, run_after=2024-10-29 23:48:00+00:00
[2024-10-29T23:48:01.393+0000] {processor.py:183} INFO - Processing /home/airflow/.local/lib/python3.8/site-packages/airflow/example_dags/example_branch_python_dop_operator_3.py took 0.106 seconds
[2024-10-29T23:48:31.543+0000] {processor.py:161} INFO - Started process (PID=1627) to work on /home/airflow/.local/lib/python3.8/site-packages/airflow/example_dags/example_branch_python_dop_operator_3.py
[2024-10-29T23:48:31.544+0000] {processor.py:830} INFO - Processing file /home/airflow/.local/lib/python3.8/site-packages/airflow/example_dags/example_branch_python_dop_operator_3.py for tasks to queue
[2024-10-29T23:48:31.545+0000] {logging_mixin.py:188} INFO - [2024-10-29T23:48:31.545+0000] {dagbag.py:540} INFO - Filling up the DagBag from /home/airflow/.local/lib/python3.8/site-packages/airflow/example_dags/example_branch_python_dop_operator_3.py
[2024-10-29T23:48:31.552+0000] {processor.py:840} INFO - DAG(s) 'example_branch_dop_operator_v3' retrieved from /home/airflow/.local/lib/python3.8/site-packages/airflow/example_dags/example_branch_python_dop_operator_3.py
[2024-10-29T23:48:31.569+0000] {logging_mixin.py:188} INFO - [2024-10-29T23:48:31.569+0000] {dag.py:3047} INFO - Sync 1 DAGs
[2024-10-29T23:48:31.604+0000] {logging_mixin.py:188} INFO - [2024-10-29T23:48:31.603+0000] {dag.py:3834} INFO - Setting next_dagrun for example_branch_dop_operator_v3 to 2024-10-29 23:47:00+00:00, run_after=2024-10-29 23:48:00+00:00
[2024-10-29T23:48:31.628+0000] {processor.py:183} INFO - Processing /home/airflow/.local/lib/python3.8/site-packages/airflow/example_dags/example_branch_python_dop_operator_3.py took 0.087 seconds
[2024-10-29T23:49:01.857+0000] {processor.py:161} INFO - Started process (PID=1683) to work on /home/airflow/.local/lib/python3.8/site-packages/airflow/example_dags/example_branch_python_dop_operator_3.py
[2024-10-29T23:49:01.858+0000] {processor.py:830} INFO - Processing file /home/airflow/.local/lib/python3.8/site-packages/airflow/example_dags/example_branch_python_dop_operator_3.py for tasks to queue
[2024-10-29T23:49:01.860+0000] {logging_mixin.py:188} INFO - [2024-10-29T23:49:01.860+0000] {dagbag.py:540} INFO - Filling up the DagBag from /home/airflow/.local/lib/python3.8/site-packages/airflow/example_dags/example_branch_python_dop_operator_3.py
[2024-10-29T23:49:01.869+0000] {processor.py:840} INFO - DAG(s) 'example_branch_dop_operator_v3' retrieved from /home/airflow/.local/lib/python3.8/site-packages/airflow/example_dags/example_branch_python_dop_operator_3.py
[2024-10-29T23:49:01.890+0000] {logging_mixin.py:188} INFO - [2024-10-29T23:49:01.889+0000] {dag.py:3047} INFO - Sync 1 DAGs
[2024-10-29T23:49:01.925+0000] {logging_mixin.py:188} INFO - [2024-10-29T23:49:01.925+0000] {dag.py:3834} INFO - Setting next_dagrun for example_branch_dop_operator_v3 to 2024-10-29 23:48:00+00:00, run_after=2024-10-29 23:49:00+00:00
[2024-10-29T23:49:01.945+0000] {processor.py:183} INFO - Processing /home/airflow/.local/lib/python3.8/site-packages/airflow/example_dags/example_branch_python_dop_operator_3.py took 0.092 seconds
[2024-10-29T23:49:32.396+0000] {processor.py:161} INFO - Started process (PID=1739) to work on /home/airflow/.local/lib/python3.8/site-packages/airflow/example_dags/example_branch_python_dop_operator_3.py
[2024-10-29T23:49:32.397+0000] {processor.py:830} INFO - Processing file /home/airflow/.local/lib/python3.8/site-packages/airflow/example_dags/example_branch_python_dop_operator_3.py for tasks to queue
[2024-10-29T23:49:32.398+0000] {logging_mixin.py:188} INFO - [2024-10-29T23:49:32.398+0000] {dagbag.py:540} INFO - Filling up the DagBag from /home/airflow/.local/lib/python3.8/site-packages/airflow/example_dags/example_branch_python_dop_operator_3.py
[2024-10-29T23:49:32.406+0000] {processor.py:840} INFO - DAG(s) 'example_branch_dop_operator_v3' retrieved from /home/airflow/.local/lib/python3.8/site-packages/airflow/example_dags/example_branch_python_dop_operator_3.py
[2024-10-29T23:49:32.423+0000] {logging_mixin.py:188} INFO - [2024-10-29T23:49:32.423+0000] {dag.py:3047} INFO - Sync 1 DAGs
[2024-10-29T23:49:32.450+0000] {logging_mixin.py:188} INFO - [2024-10-29T23:49:32.450+0000] {dag.py:3834} INFO - Setting next_dagrun for example_branch_dop_operator_v3 to 2024-10-29 23:48:00+00:00, run_after=2024-10-29 23:49:00+00:00
[2024-10-29T23:49:32.468+0000] {processor.py:183} INFO - Processing /home/airflow/.local/lib/python3.8/site-packages/airflow/example_dags/example_branch_python_dop_operator_3.py took 0.075 seconds
[2024-10-29T23:50:03.435+0000] {processor.py:161} INFO - Started process (PID=1795) to work on /home/airflow/.local/lib/python3.8/site-packages/airflow/example_dags/example_branch_python_dop_operator_3.py
[2024-10-29T23:50:03.435+0000] {processor.py:830} INFO - Processing file /home/airflow/.local/lib/python3.8/site-packages/airflow/example_dags/example_branch_python_dop_operator_3.py for tasks to queue
[2024-10-29T23:50:03.436+0000] {logging_mixin.py:188} INFO - [2024-10-29T23:50:03.436+0000] {dagbag.py:540} INFO - Filling up the DagBag from /home/airflow/.local/lib/python3.8/site-packages/airflow/example_dags/example_branch_python_dop_operator_3.py
[2024-10-29T23:50:03.443+0000] {processor.py:840} INFO - DAG(s) 'example_branch_dop_operator_v3' retrieved from /home/airflow/.local/lib/python3.8/site-packages/airflow/example_dags/example_branch_python_dop_operator_3.py
[2024-10-29T23:50:03.457+0000] {logging_mixin.py:188} INFO - [2024-10-29T23:50:03.457+0000] {dag.py:3047} INFO - Sync 1 DAGs
[2024-10-29T23:50:03.478+0000] {logging_mixin.py:188} INFO - [2024-10-29T23:50:03.478+0000] {dag.py:3834} INFO - Setting next_dagrun for example_branch_dop_operator_v3 to 2024-10-29 23:49:00+00:00, run_after=2024-10-29 23:50:00+00:00
[2024-10-29T23:50:03.492+0000] {processor.py:183} INFO - Processing /home/airflow/.local/lib/python3.8/site-packages/airflow/example_dags/example_branch_python_dop_operator_3.py took 0.059 seconds
[2024-10-29T23:50:33.784+0000] {processor.py:161} INFO - Started process (PID=1851) to work on /home/airflow/.local/lib/python3.8/site-packages/airflow/example_dags/example_branch_python_dop_operator_3.py
[2024-10-29T23:50:33.786+0000] {processor.py:830} INFO - Processing file /home/airflow/.local/lib/python3.8/site-packages/airflow/example_dags/example_branch_python_dop_operator_3.py for tasks to queue
[2024-10-29T23:50:33.789+0000] {logging_mixin.py:188} INFO - [2024-10-29T23:50:33.788+0000] {dagbag.py:540} INFO - Filling up the DagBag from /home/airflow/.local/lib/python3.8/site-packages/airflow/example_dags/example_branch_python_dop_operator_3.py
[2024-10-29T23:50:33.803+0000] {processor.py:840} INFO - DAG(s) 'example_branch_dop_operator_v3' retrieved from /home/airflow/.local/lib/python3.8/site-packages/airflow/example_dags/example_branch_python_dop_operator_3.py
[2024-10-29T23:50:33.829+0000] {logging_mixin.py:188} INFO - [2024-10-29T23:50:33.829+0000] {dag.py:3047} INFO - Sync 1 DAGs
[2024-10-29T23:50:33.861+0000] {logging_mixin.py:188} INFO - [2024-10-29T23:50:33.861+0000] {dag.py:3834} INFO - Setting next_dagrun for example_branch_dop_operator_v3 to 2024-10-29 23:49:00+00:00, run_after=2024-10-29 23:50:00+00:00
[2024-10-29T23:50:33.881+0000] {processor.py:183} INFO - Processing /home/airflow/.local/lib/python3.8/site-packages/airflow/example_dags/example_branch_python_dop_operator_3.py took 0.102 seconds
[2024-10-29T23:51:04.852+0000] {processor.py:161} INFO - Started process (PID=1907) to work on /home/airflow/.local/lib/python3.8/site-packages/airflow/example_dags/example_branch_python_dop_operator_3.py
[2024-10-29T23:51:04.853+0000] {processor.py:830} INFO - Processing file /home/airflow/.local/lib/python3.8/site-packages/airflow/example_dags/example_branch_python_dop_operator_3.py for tasks to queue
[2024-10-29T23:51:04.855+0000] {logging_mixin.py:188} INFO - [2024-10-29T23:51:04.855+0000] {dagbag.py:540} INFO - Filling up the DagBag from /home/airflow/.local/lib/python3.8/site-packages/airflow/example_dags/example_branch_python_dop_operator_3.py
[2024-10-29T23:51:04.865+0000] {processor.py:840} INFO - DAG(s) 'example_branch_dop_operator_v3' retrieved from /home/airflow/.local/lib/python3.8/site-packages/airflow/example_dags/example_branch_python_dop_operator_3.py
[2024-10-29T23:51:04.893+0000] {logging_mixin.py:188} INFO - [2024-10-29T23:51:04.893+0000] {dag.py:3047} INFO - Sync 1 DAGs
[2024-10-29T23:51:04.938+0000] {logging_mixin.py:188} INFO - [2024-10-29T23:51:04.937+0000] {dag.py:3834} INFO - Setting next_dagrun for example_branch_dop_operator_v3 to 2024-10-29 23:50:00+00:00, run_after=2024-10-29 23:51:00+00:00
[2024-10-29T23:51:04.966+0000] {processor.py:183} INFO - Processing /home/airflow/.local/lib/python3.8/site-packages/airflow/example_dags/example_branch_python_dop_operator_3.py took 0.117 seconds
[2024-10-29T23:51:35.037+0000] {processor.py:161} INFO - Started process (PID=1962) to work on /home/airflow/.local/lib/python3.8/site-packages/airflow/example_dags/example_branch_python_dop_operator_3.py
[2024-10-29T23:51:35.038+0000] {processor.py:830} INFO - Processing file /home/airflow/.local/lib/python3.8/site-packages/airflow/example_dags/example_branch_python_dop_operator_3.py for tasks to queue
[2024-10-29T23:51:35.040+0000] {logging_mixin.py:188} INFO - [2024-10-29T23:51:35.040+0000] {dagbag.py:540} INFO - Filling up the DagBag from /home/airflow/.local/lib/python3.8/site-packages/airflow/example_dags/example_branch_python_dop_operator_3.py
[2024-10-29T23:51:35.049+0000] {processor.py:840} INFO - DAG(s) 'example_branch_dop_operator_v3' retrieved from /home/airflow/.local/lib/python3.8/site-packages/airflow/example_dags/example_branch_python_dop_operator_3.py
[2024-10-29T23:51:35.068+0000] {logging_mixin.py:188} INFO - [2024-10-29T23:51:35.068+0000] {dag.py:3047} INFO - Sync 1 DAGs
[2024-10-29T23:51:35.109+0000] {logging_mixin.py:188} INFO - [2024-10-29T23:51:35.108+0000] {dag.py:3834} INFO - Setting next_dagrun for example_branch_dop_operator_v3 to 2024-10-29 23:50:00+00:00, run_after=2024-10-29 23:51:00+00:00
[2024-10-29T23:51:35.144+0000] {processor.py:183} INFO - Processing /home/airflow/.local/lib/python3.8/site-packages/airflow/example_dags/example_branch_python_dop_operator_3.py took 0.110 seconds
[2024-10-29T23:52:05.539+0000] {processor.py:161} INFO - Started process (PID=2018) to work on /home/airflow/.local/lib/python3.8/site-packages/airflow/example_dags/example_branch_python_dop_operator_3.py
[2024-10-29T23:52:05.539+0000] {processor.py:830} INFO - Processing file /home/airflow/.local/lib/python3.8/site-packages/airflow/example_dags/example_branch_python_dop_operator_3.py for tasks to queue
[2024-10-29T23:52:05.541+0000] {logging_mixin.py:188} INFO - [2024-10-29T23:52:05.541+0000] {dagbag.py:540} INFO - Filling up the DagBag from /home/airflow/.local/lib/python3.8/site-packages/airflow/example_dags/example_branch_python_dop_operator_3.py
[2024-10-29T23:52:05.549+0000] {processor.py:840} INFO - DAG(s) 'example_branch_dop_operator_v3' retrieved from /home/airflow/.local/lib/python3.8/site-packages/airflow/example_dags/example_branch_python_dop_operator_3.py
[2024-10-29T23:52:05.567+0000] {logging_mixin.py:188} INFO - [2024-10-29T23:52:05.567+0000] {dag.py:3047} INFO - Sync 1 DAGs
[2024-10-29T23:52:05.592+0000] {logging_mixin.py:188} INFO - [2024-10-29T23:52:05.591+0000] {dag.py:3834} INFO - Setting next_dagrun for example_branch_dop_operator_v3 to 2024-10-29 23:51:00+00:00, run_after=2024-10-29 23:52:00+00:00
[2024-10-29T23:52:05.607+0000] {processor.py:183} INFO - Processing /home/airflow/.local/lib/python3.8/site-packages/airflow/example_dags/example_branch_python_dop_operator_3.py took 0.071 seconds
[2024-10-29T23:52:36.380+0000] {processor.py:161} INFO - Started process (PID=2074) to work on /home/airflow/.local/lib/python3.8/site-packages/airflow/example_dags/example_branch_python_dop_operator_3.py
[2024-10-29T23:52:36.381+0000] {processor.py:830} INFO - Processing file /home/airflow/.local/lib/python3.8/site-packages/airflow/example_dags/example_branch_python_dop_operator_3.py for tasks to queue
[2024-10-29T23:52:36.383+0000] {logging_mixin.py:188} INFO - [2024-10-29T23:52:36.383+0000] {dagbag.py:540} INFO - Filling up the DagBag from /home/airflow/.local/lib/python3.8/site-packages/airflow/example_dags/example_branch_python_dop_operator_3.py
[2024-10-29T23:52:36.398+0000] {processor.py:840} INFO - DAG(s) 'example_branch_dop_operator_v3' retrieved from /home/airflow/.local/lib/python3.8/site-packages/airflow/example_dags/example_branch_python_dop_operator_3.py
[2024-10-29T23:52:36.428+0000] {logging_mixin.py:188} INFO - [2024-10-29T23:52:36.427+0000] {dag.py:3047} INFO - Sync 1 DAGs
[2024-10-29T23:52:36.477+0000] {logging_mixin.py:188} INFO - [2024-10-29T23:52:36.477+0000] {dag.py:3834} INFO - Setting next_dagrun for example_branch_dop_operator_v3 to 2024-10-29 23:51:00+00:00, run_after=2024-10-29 23:52:00+00:00
[2024-10-29T23:52:36.505+0000] {processor.py:183} INFO - Processing /home/airflow/.local/lib/python3.8/site-packages/airflow/example_dags/example_branch_python_dop_operator_3.py took 0.131 seconds
[2024-10-29T23:53:07.365+0000] {processor.py:161} INFO - Started process (PID=2130) to work on /home/airflow/.local/lib/python3.8/site-packages/airflow/example_dags/example_branch_python_dop_operator_3.py
[2024-10-29T23:53:07.366+0000] {processor.py:830} INFO - Processing file /home/airflow/.local/lib/python3.8/site-packages/airflow/example_dags/example_branch_python_dop_operator_3.py for tasks to queue
[2024-10-29T23:53:07.368+0000] {logging_mixin.py:188} INFO - [2024-10-29T23:53:07.367+0000] {dagbag.py:540} INFO - Filling up the DagBag from /home/airflow/.local/lib/python3.8/site-packages/airflow/example_dags/example_branch_python_dop_operator_3.py
[2024-10-29T23:53:07.375+0000] {processor.py:840} INFO - DAG(s) 'example_branch_dop_operator_v3' retrieved from /home/airflow/.local/lib/python3.8/site-packages/airflow/example_dags/example_branch_python_dop_operator_3.py
[2024-10-29T23:53:07.392+0000] {logging_mixin.py:188} INFO - [2024-10-29T23:53:07.392+0000] {dag.py:3047} INFO - Sync 1 DAGs
[2024-10-29T23:53:07.419+0000] {logging_mixin.py:188} INFO - [2024-10-29T23:53:07.419+0000] {dag.py:3834} INFO - Setting next_dagrun for example_branch_dop_operator_v3 to 2024-10-29 23:52:00+00:00, run_after=2024-10-29 23:53:00+00:00
[2024-10-29T23:53:07.442+0000] {processor.py:183} INFO - Processing /home/airflow/.local/lib/python3.8/site-packages/airflow/example_dags/example_branch_python_dop_operator_3.py took 0.079 seconds
[2024-10-29T23:53:38.167+0000] {processor.py:161} INFO - Started process (PID=2186) to work on /home/airflow/.local/lib/python3.8/site-packages/airflow/example_dags/example_branch_python_dop_operator_3.py
[2024-10-29T23:53:38.168+0000] {processor.py:830} INFO - Processing file /home/airflow/.local/lib/python3.8/site-packages/airflow/example_dags/example_branch_python_dop_operator_3.py for tasks to queue
[2024-10-29T23:53:38.169+0000] {logging_mixin.py:188} INFO - [2024-10-29T23:53:38.169+0000] {dagbag.py:540} INFO - Filling up the DagBag from /home/airflow/.local/lib/python3.8/site-packages/airflow/example_dags/example_branch_python_dop_operator_3.py
[2024-10-29T23:53:38.177+0000] {processor.py:840} INFO - DAG(s) 'example_branch_dop_operator_v3' retrieved from /home/airflow/.local/lib/python3.8/site-packages/airflow/example_dags/example_branch_python_dop_operator_3.py
[2024-10-29T23:53:38.193+0000] {logging_mixin.py:188} INFO - [2024-10-29T23:53:38.193+0000] {dag.py:3047} INFO - Sync 1 DAGs
[2024-10-29T23:53:38.217+0000] {logging_mixin.py:188} INFO - [2024-10-29T23:53:38.217+0000] {dag.py:3834} INFO - Setting next_dagrun for example_branch_dop_operator_v3 to 2024-10-29 23:52:00+00:00, run_after=2024-10-29 23:53:00+00:00
[2024-10-29T23:53:38.233+0000] {processor.py:183} INFO - Processing /home/airflow/.local/lib/python3.8/site-packages/airflow/example_dags/example_branch_python_dop_operator_3.py took 0.069 seconds
[2024-10-29T23:54:08.914+0000] {processor.py:161} INFO - Started process (PID=2242) to work on /home/airflow/.local/lib/python3.8/site-packages/airflow/example_dags/example_branch_python_dop_operator_3.py
[2024-10-29T23:54:08.915+0000] {processor.py:830} INFO - Processing file /home/airflow/.local/lib/python3.8/site-packages/airflow/example_dags/example_branch_python_dop_operator_3.py for tasks to queue
[2024-10-29T23:54:08.918+0000] {logging_mixin.py:188} INFO - [2024-10-29T23:54:08.917+0000] {dagbag.py:540} INFO - Filling up the DagBag from /home/airflow/.local/lib/python3.8/site-packages/airflow/example_dags/example_branch_python_dop_operator_3.py
[2024-10-29T23:54:08.929+0000] {processor.py:840} INFO - DAG(s) 'example_branch_dop_operator_v3' retrieved from /home/airflow/.local/lib/python3.8/site-packages/airflow/example_dags/example_branch_python_dop_operator_3.py
[2024-10-29T23:54:08.947+0000] {logging_mixin.py:188} INFO - [2024-10-29T23:54:08.947+0000] {dag.py:3047} INFO - Sync 1 DAGs
[2024-10-29T23:54:08.978+0000] {logging_mixin.py:188} INFO - [2024-10-29T23:54:08.978+0000] {dag.py:3834} INFO - Setting next_dagrun for example_branch_dop_operator_v3 to 2024-10-29 23:53:00+00:00, run_after=2024-10-29 23:54:00+00:00
[2024-10-29T23:54:08.995+0000] {processor.py:183} INFO - Processing /home/airflow/.local/lib/python3.8/site-packages/airflow/example_dags/example_branch_python_dop_operator_3.py took 0.085 seconds
[2024-10-29T23:54:39.320+0000] {processor.py:161} INFO - Started process (PID=2298) to work on /home/airflow/.local/lib/python3.8/site-packages/airflow/example_dags/example_branch_python_dop_operator_3.py
[2024-10-29T23:54:39.321+0000] {processor.py:830} INFO - Processing file /home/airflow/.local/lib/python3.8/site-packages/airflow/example_dags/example_branch_python_dop_operator_3.py for tasks to queue
[2024-10-29T23:54:39.323+0000] {logging_mixin.py:188} INFO - [2024-10-29T23:54:39.322+0000] {dagbag.py:540} INFO - Filling up the DagBag from /home/airflow/.local/lib/python3.8/site-packages/airflow/example_dags/example_branch_python_dop_operator_3.py
[2024-10-29T23:54:39.329+0000] {processor.py:840} INFO - DAG(s) 'example_branch_dop_operator_v3' retrieved from /home/airflow/.local/lib/python3.8/site-packages/airflow/example_dags/example_branch_python_dop_operator_3.py
[2024-10-29T23:54:39.347+0000] {logging_mixin.py:188} INFO - [2024-10-29T23:54:39.346+0000] {dag.py:3047} INFO - Sync 1 DAGs
[2024-10-29T23:54:39.371+0000] {logging_mixin.py:188} INFO - [2024-10-29T23:54:39.371+0000] {dag.py:3834} INFO - Setting next_dagrun for example_branch_dop_operator_v3 to 2024-10-29 23:53:00+00:00, run_after=2024-10-29 23:54:00+00:00
[2024-10-29T23:54:39.389+0000] {processor.py:183} INFO - Processing /home/airflow/.local/lib/python3.8/site-packages/airflow/example_dags/example_branch_python_dop_operator_3.py took 0.071 seconds
[2024-10-29T23:55:09.860+0000] {processor.py:161} INFO - Started process (PID=2354) to work on /home/airflow/.local/lib/python3.8/site-packages/airflow/example_dags/example_branch_python_dop_operator_3.py
[2024-10-29T23:55:09.861+0000] {processor.py:830} INFO - Processing file /home/airflow/.local/lib/python3.8/site-packages/airflow/example_dags/example_branch_python_dop_operator_3.py for tasks to queue
[2024-10-29T23:55:09.864+0000] {logging_mixin.py:188} INFO - [2024-10-29T23:55:09.863+0000] {dagbag.py:540} INFO - Filling up the DagBag from /home/airflow/.local/lib/python3.8/site-packages/airflow/example_dags/example_branch_python_dop_operator_3.py
[2024-10-29T23:55:09.876+0000] {processor.py:840} INFO - DAG(s) 'example_branch_dop_operator_v3' retrieved from /home/airflow/.local/lib/python3.8/site-packages/airflow/example_dags/example_branch_python_dop_operator_3.py
[2024-10-29T23:55:09.898+0000] {logging_mixin.py:188} INFO - [2024-10-29T23:55:09.898+0000] {dag.py:3047} INFO - Sync 1 DAGs
[2024-10-29T23:55:09.940+0000] {logging_mixin.py:188} INFO - [2024-10-29T23:55:09.940+0000] {dag.py:3834} INFO - Setting next_dagrun for example_branch_dop_operator_v3 to 2024-10-29 23:54:00+00:00, run_after=2024-10-29 23:55:00+00:00
[2024-10-29T23:55:09.968+0000] {processor.py:183} INFO - Processing /home/airflow/.local/lib/python3.8/site-packages/airflow/example_dags/example_branch_python_dop_operator_3.py took 0.113 seconds
[2024-10-29T23:55:40.326+0000] {processor.py:161} INFO - Started process (PID=2410) to work on /home/airflow/.local/lib/python3.8/site-packages/airflow/example_dags/example_branch_python_dop_operator_3.py
[2024-10-29T23:55:40.327+0000] {processor.py:830} INFO - Processing file /home/airflow/.local/lib/python3.8/site-packages/airflow/example_dags/example_branch_python_dop_operator_3.py for tasks to queue
[2024-10-29T23:55:40.328+0000] {logging_mixin.py:188} INFO - [2024-10-29T23:55:40.328+0000] {dagbag.py:540} INFO - Filling up the DagBag from /home/airflow/.local/lib/python3.8/site-packages/airflow/example_dags/example_branch_python_dop_operator_3.py
[2024-10-29T23:55:40.334+0000] {processor.py:840} INFO - DAG(s) 'example_branch_dop_operator_v3' retrieved from /home/airflow/.local/lib/python3.8/site-packages/airflow/example_dags/example_branch_python_dop_operator_3.py
[2024-10-29T23:55:40.348+0000] {logging_mixin.py:188} INFO - [2024-10-29T23:55:40.348+0000] {dag.py:3047} INFO - Sync 1 DAGs
[2024-10-29T23:55:40.370+0000] {logging_mixin.py:188} INFO - [2024-10-29T23:55:40.370+0000] {dag.py:3834} INFO - Setting next_dagrun for example_branch_dop_operator_v3 to 2024-10-29 23:54:00+00:00, run_after=2024-10-29 23:55:00+00:00
[2024-10-29T23:55:40.385+0000] {processor.py:183} INFO - Processing /home/airflow/.local/lib/python3.8/site-packages/airflow/example_dags/example_branch_python_dop_operator_3.py took 0.061 seconds
[2024-10-29T23:56:11.351+0000] {processor.py:161} INFO - Started process (PID=2466) to work on /home/airflow/.local/lib/python3.8/site-packages/airflow/example_dags/example_branch_python_dop_operator_3.py
[2024-10-29T23:56:11.352+0000] {processor.py:830} INFO - Processing file /home/airflow/.local/lib/python3.8/site-packages/airflow/example_dags/example_branch_python_dop_operator_3.py for tasks to queue
[2024-10-29T23:56:11.353+0000] {logging_mixin.py:188} INFO - [2024-10-29T23:56:11.353+0000] {dagbag.py:540} INFO - Filling up the DagBag from /home/airflow/.local/lib/python3.8/site-packages/airflow/example_dags/example_branch_python_dop_operator_3.py
[2024-10-29T23:56:11.361+0000] {processor.py:840} INFO - DAG(s) 'example_branch_dop_operator_v3' retrieved from /home/airflow/.local/lib/python3.8/site-packages/airflow/example_dags/example_branch_python_dop_operator_3.py
[2024-10-29T23:56:11.379+0000] {logging_mixin.py:188} INFO - [2024-10-29T23:56:11.379+0000] {dag.py:3047} INFO - Sync 1 DAGs
[2024-10-29T23:56:11.407+0000] {logging_mixin.py:188} INFO - [2024-10-29T23:56:11.407+0000] {dag.py:3834} INFO - Setting next_dagrun for example_branch_dop_operator_v3 to 2024-10-29 23:55:00+00:00, run_after=2024-10-29 23:56:00+00:00
[2024-10-29T23:56:11.429+0000] {processor.py:183} INFO - Processing /home/airflow/.local/lib/python3.8/site-packages/airflow/example_dags/example_branch_python_dop_operator_3.py took 0.080 seconds
[2024-10-29T23:56:41.757+0000] {processor.py:161} INFO - Started process (PID=2522) to work on /home/airflow/.local/lib/python3.8/site-packages/airflow/example_dags/example_branch_python_dop_operator_3.py
[2024-10-29T23:56:41.758+0000] {processor.py:830} INFO - Processing file /home/airflow/.local/lib/python3.8/site-packages/airflow/example_dags/example_branch_python_dop_operator_3.py for tasks to queue
[2024-10-29T23:56:41.760+0000] {logging_mixin.py:188} INFO - [2024-10-29T23:56:41.760+0000] {dagbag.py:540} INFO - Filling up the DagBag from /home/airflow/.local/lib/python3.8/site-packages/airflow/example_dags/example_branch_python_dop_operator_3.py
[2024-10-29T23:56:41.769+0000] {processor.py:840} INFO - DAG(s) 'example_branch_dop_operator_v3' retrieved from /home/airflow/.local/lib/python3.8/site-packages/airflow/example_dags/example_branch_python_dop_operator_3.py
[2024-10-29T23:56:41.789+0000] {logging_mixin.py:188} INFO - [2024-10-29T23:56:41.788+0000] {dag.py:3047} INFO - Sync 1 DAGs
[2024-10-29T23:56:41.821+0000] {logging_mixin.py:188} INFO - [2024-10-29T23:56:41.820+0000] {dag.py:3834} INFO - Setting next_dagrun for example_branch_dop_operator_v3 to 2024-10-29 23:55:00+00:00, run_after=2024-10-29 23:56:00+00:00
[2024-10-29T23:56:41.841+0000] {processor.py:183} INFO - Processing /home/airflow/.local/lib/python3.8/site-packages/airflow/example_dags/example_branch_python_dop_operator_3.py took 0.087 seconds
[2024-10-29T23:57:12.317+0000] {processor.py:161} INFO - Started process (PID=2578) to work on /home/airflow/.local/lib/python3.8/site-packages/airflow/example_dags/example_branch_python_dop_operator_3.py
[2024-10-29T23:57:12.318+0000] {processor.py:830} INFO - Processing file /home/airflow/.local/lib/python3.8/site-packages/airflow/example_dags/example_branch_python_dop_operator_3.py for tasks to queue
[2024-10-29T23:57:12.320+0000] {logging_mixin.py:188} INFO - [2024-10-29T23:57:12.320+0000] {dagbag.py:540} INFO - Filling up the DagBag from /home/airflow/.local/lib/python3.8/site-packages/airflow/example_dags/example_branch_python_dop_operator_3.py
[2024-10-29T23:57:12.330+0000] {processor.py:840} INFO - DAG(s) 'example_branch_dop_operator_v3' retrieved from /home/airflow/.local/lib/python3.8/site-packages/airflow/example_dags/example_branch_python_dop_operator_3.py
[2024-10-29T23:57:12.354+0000] {logging_mixin.py:188} INFO - [2024-10-29T23:57:12.354+0000] {dag.py:3047} INFO - Sync 1 DAGs
[2024-10-29T23:57:12.390+0000] {logging_mixin.py:188} INFO - [2024-10-29T23:57:12.390+0000] {dag.py:3834} INFO - Setting next_dagrun for example_branch_dop_operator_v3 to 2024-10-29 23:56:00+00:00, run_after=2024-10-29 23:57:00+00:00
[2024-10-29T23:57:12.410+0000] {processor.py:183} INFO - Processing /home/airflow/.local/lib/python3.8/site-packages/airflow/example_dags/example_branch_python_dop_operator_3.py took 0.096 seconds
[2024-10-29T23:57:42.652+0000] {processor.py:161} INFO - Started process (PID=2634) to work on /home/airflow/.local/lib/python3.8/site-packages/airflow/example_dags/example_branch_python_dop_operator_3.py
[2024-10-29T23:57:42.654+0000] {processor.py:830} INFO - Processing file /home/airflow/.local/lib/python3.8/site-packages/airflow/example_dags/example_branch_python_dop_operator_3.py for tasks to queue
[2024-10-29T23:57:42.656+0000] {logging_mixin.py:188} INFO - [2024-10-29T23:57:42.655+0000] {dagbag.py:540} INFO - Filling up the DagBag from /home/airflow/.local/lib/python3.8/site-packages/airflow/example_dags/example_branch_python_dop_operator_3.py
[2024-10-29T23:57:42.666+0000] {processor.py:840} INFO - DAG(s) 'example_branch_dop_operator_v3' retrieved from /home/airflow/.local/lib/python3.8/site-packages/airflow/example_dags/example_branch_python_dop_operator_3.py
[2024-10-29T23:57:42.689+0000] {logging_mixin.py:188} INFO - [2024-10-29T23:57:42.689+0000] {dag.py:3047} INFO - Sync 1 DAGs
[2024-10-29T23:57:42.722+0000] {logging_mixin.py:188} INFO - [2024-10-29T23:57:42.722+0000] {dag.py:3834} INFO - Setting next_dagrun for example_branch_dop_operator_v3 to 2024-10-29 23:56:00+00:00, run_after=2024-10-29 23:57:00+00:00
[2024-10-29T23:57:42.741+0000] {processor.py:183} INFO - Processing /home/airflow/.local/lib/python3.8/site-packages/airflow/example_dags/example_branch_python_dop_operator_3.py took 0.093 seconds
[2024-10-29T23:58:13.498+0000] {processor.py:161} INFO - Started process (PID=2690) to work on /home/airflow/.local/lib/python3.8/site-packages/airflow/example_dags/example_branch_python_dop_operator_3.py
[2024-10-29T23:58:13.498+0000] {processor.py:830} INFO - Processing file /home/airflow/.local/lib/python3.8/site-packages/airflow/example_dags/example_branch_python_dop_operator_3.py for tasks to queue
[2024-10-29T23:58:13.500+0000] {logging_mixin.py:188} INFO - [2024-10-29T23:58:13.499+0000] {dagbag.py:540} INFO - Filling up the DagBag from /home/airflow/.local/lib/python3.8/site-packages/airflow/example_dags/example_branch_python_dop_operator_3.py
[2024-10-29T23:58:13.508+0000] {processor.py:840} INFO - DAG(s) 'example_branch_dop_operator_v3' retrieved from /home/airflow/.local/lib/python3.8/site-packages/airflow/example_dags/example_branch_python_dop_operator_3.py
[2024-10-29T23:58:13.524+0000] {logging_mixin.py:188} INFO - [2024-10-29T23:58:13.524+0000] {dag.py:3047} INFO - Sync 1 DAGs
[2024-10-29T23:58:13.550+0000] {logging_mixin.py:188} INFO - [2024-10-29T23:58:13.549+0000] {dag.py:3834} INFO - Setting next_dagrun for example_branch_dop_operator_v3 to 2024-10-29 23:57:00+00:00, run_after=2024-10-29 23:58:00+00:00
[2024-10-29T23:58:13.566+0000] {processor.py:183} INFO - Processing /home/airflow/.local/lib/python3.8/site-packages/airflow/example_dags/example_branch_python_dop_operator_3.py took 0.071 seconds
[2024-10-29T23:58:44.563+0000] {processor.py:161} INFO - Started process (PID=2746) to work on /home/airflow/.local/lib/python3.8/site-packages/airflow/example_dags/example_branch_python_dop_operator_3.py
[2024-10-29T23:58:44.564+0000] {processor.py:830} INFO - Processing file /home/airflow/.local/lib/python3.8/site-packages/airflow/example_dags/example_branch_python_dop_operator_3.py for tasks to queue
[2024-10-29T23:58:44.566+0000] {logging_mixin.py:188} INFO - [2024-10-29T23:58:44.566+0000] {dagbag.py:540} INFO - Filling up the DagBag from /home/airflow/.local/lib/python3.8/site-packages/airflow/example_dags/example_branch_python_dop_operator_3.py
[2024-10-29T23:58:44.578+0000] {processor.py:840} INFO - DAG(s) 'example_branch_dop_operator_v3' retrieved from /home/airflow/.local/lib/python3.8/site-packages/airflow/example_dags/example_branch_python_dop_operator_3.py
[2024-10-29T23:58:44.596+0000] {logging_mixin.py:188} INFO - [2024-10-29T23:58:44.596+0000] {dag.py:3047} INFO - Sync 1 DAGs
[2024-10-29T23:58:44.622+0000] {logging_mixin.py:188} INFO - [2024-10-29T23:58:44.622+0000] {dag.py:3834} INFO - Setting next_dagrun for example_branch_dop_operator_v3 to 2024-10-29 23:57:00+00:00, run_after=2024-10-29 23:58:00+00:00
[2024-10-29T23:58:44.639+0000] {processor.py:183} INFO - Processing /home/airflow/.local/lib/python3.8/site-packages/airflow/example_dags/example_branch_python_dop_operator_3.py took 0.079 seconds
[2024-10-29T23:59:14.739+0000] {processor.py:161} INFO - Started process (PID=2802) to work on /home/airflow/.local/lib/python3.8/site-packages/airflow/example_dags/example_branch_python_dop_operator_3.py
[2024-10-29T23:59:14.740+0000] {processor.py:830} INFO - Processing file /home/airflow/.local/lib/python3.8/site-packages/airflow/example_dags/example_branch_python_dop_operator_3.py for tasks to queue
[2024-10-29T23:59:14.742+0000] {logging_mixin.py:188} INFO - [2024-10-29T23:59:14.742+0000] {dagbag.py:540} INFO - Filling up the DagBag from /home/airflow/.local/lib/python3.8/site-packages/airflow/example_dags/example_branch_python_dop_operator_3.py
[2024-10-29T23:59:14.754+0000] {processor.py:840} INFO - DAG(s) 'example_branch_dop_operator_v3' retrieved from /home/airflow/.local/lib/python3.8/site-packages/airflow/example_dags/example_branch_python_dop_operator_3.py
[2024-10-29T23:59:14.778+0000] {logging_mixin.py:188} INFO - [2024-10-29T23:59:14.778+0000] {dag.py:3047} INFO - Sync 1 DAGs
[2024-10-29T23:59:14.812+0000] {logging_mixin.py:188} INFO - [2024-10-29T23:59:14.812+0000] {dag.py:3834} INFO - Setting next_dagrun for example_branch_dop_operator_v3 to 2024-10-29 23:58:00+00:00, run_after=2024-10-29 23:59:00+00:00
[2024-10-29T23:59:14.833+0000] {processor.py:183} INFO - Processing /home/airflow/.local/lib/python3.8/site-packages/airflow/example_dags/example_branch_python_dop_operator_3.py took 0.097 seconds
[2024-10-29T23:59:45.086+0000] {processor.py:161} INFO - Started process (PID=2858) to work on /home/airflow/.local/lib/python3.8/site-packages/airflow/example_dags/example_branch_python_dop_operator_3.py
[2024-10-29T23:59:45.086+0000] {processor.py:830} INFO - Processing file /home/airflow/.local/lib/python3.8/site-packages/airflow/example_dags/example_branch_python_dop_operator_3.py for tasks to queue
[2024-10-29T23:59:45.088+0000] {logging_mixin.py:188} INFO - [2024-10-29T23:59:45.087+0000] {dagbag.py:540} INFO - Filling up the DagBag from /home/airflow/.local/lib/python3.8/site-packages/airflow/example_dags/example_branch_python_dop_operator_3.py
[2024-10-29T23:59:45.094+0000] {processor.py:840} INFO - DAG(s) 'example_branch_dop_operator_v3' retrieved from /home/airflow/.local/lib/python3.8/site-packages/airflow/example_dags/example_branch_python_dop_operator_3.py
[2024-10-29T23:59:45.109+0000] {logging_mixin.py:188} INFO - [2024-10-29T23:59:45.109+0000] {dag.py:3047} INFO - Sync 1 DAGs
[2024-10-29T23:59:45.132+0000] {logging_mixin.py:188} INFO - [2024-10-29T23:59:45.132+0000] {dag.py:3834} INFO - Setting next_dagrun for example_branch_dop_operator_v3 to 2024-10-29 23:58:00+00:00, run_after=2024-10-29 23:59:00+00:00
[2024-10-29T23:59:45.146+0000] {processor.py:183} INFO - Processing /home/airflow/.local/lib/python3.8/site-packages/airflow/example_dags/example_branch_python_dop_operator_3.py took 0.062 seconds
