[2024-10-29T23:27:24.380+0000] {processor.py:161} INFO - Started process (PID=16666) to work on /home/airflow/.local/lib/python3.8/site-packages/airflow/example_dags/example_sla_dag.py
[2024-10-29T23:27:24.381+0000] {processor.py:830} INFO - Processing file /home/airflow/.local/lib/python3.8/site-packages/airflow/example_dags/example_sla_dag.py for tasks to queue
[2024-10-29T23:27:24.383+0000] {logging_mixin.py:188} INFO - [2024-10-29T23:27:24.383+0000] {dagbag.py:540} INFO - Filling up the DagBag from /home/airflow/.local/lib/python3.8/site-packages/airflow/example_dags/example_sla_dag.py
[2024-10-29T23:27:24.392+0000] {processor.py:840} INFO - DAG(s) 'example_sla_dag' retrieved from /home/airflow/.local/lib/python3.8/site-packages/airflow/example_dags/example_sla_dag.py
[2024-10-29T23:27:24.408+0000] {logging_mixin.py:188} INFO - [2024-10-29T23:27:24.408+0000] {dag.py:3047} INFO - Sync 1 DAGs
[2024-10-29T23:27:24.447+0000] {logging_mixin.py:188} INFO - [2024-10-29T23:27:24.446+0000] {dag.py:3834} INFO - Setting next_dagrun for example_sla_dag to 2024-10-29 23:24:00+00:00, run_after=2024-10-29 23:26:00+00:00
[2024-10-29T23:27:24.484+0000] {processor.py:183} INFO - Processing /home/airflow/.local/lib/python3.8/site-packages/airflow/example_dags/example_sla_dag.py took 0.108 seconds
[2024-10-29T23:27:54.581+0000] {processor.py:161} INFO - Started process (PID=16722) to work on /home/airflow/.local/lib/python3.8/site-packages/airflow/example_dags/example_sla_dag.py
[2024-10-29T23:27:54.582+0000] {processor.py:830} INFO - Processing file /home/airflow/.local/lib/python3.8/site-packages/airflow/example_dags/example_sla_dag.py for tasks to queue
[2024-10-29T23:27:54.583+0000] {logging_mixin.py:188} INFO - [2024-10-29T23:27:54.583+0000] {dagbag.py:540} INFO - Filling up the DagBag from /home/airflow/.local/lib/python3.8/site-packages/airflow/example_dags/example_sla_dag.py
[2024-10-29T23:27:54.594+0000] {processor.py:840} INFO - DAG(s) 'example_sla_dag' retrieved from /home/airflow/.local/lib/python3.8/site-packages/airflow/example_dags/example_sla_dag.py
[2024-10-29T23:27:54.615+0000] {logging_mixin.py:188} INFO - [2024-10-29T23:27:54.614+0000] {dag.py:3047} INFO - Sync 1 DAGs
[2024-10-29T23:27:54.644+0000] {logging_mixin.py:188} INFO - [2024-10-29T23:27:54.644+0000] {dag.py:3834} INFO - Setting next_dagrun for example_sla_dag to 2024-10-29 23:24:00+00:00, run_after=2024-10-29 23:26:00+00:00
[2024-10-29T23:27:54.663+0000] {processor.py:183} INFO - Processing /home/airflow/.local/lib/python3.8/site-packages/airflow/example_dags/example_sla_dag.py took 0.085 seconds
[2024-10-29T23:28:25.397+0000] {processor.py:161} INFO - Started process (PID=16778) to work on /home/airflow/.local/lib/python3.8/site-packages/airflow/example_dags/example_sla_dag.py
[2024-10-29T23:28:25.398+0000] {processor.py:830} INFO - Processing file /home/airflow/.local/lib/python3.8/site-packages/airflow/example_dags/example_sla_dag.py for tasks to queue
[2024-10-29T23:28:25.401+0000] {logging_mixin.py:188} INFO - [2024-10-29T23:28:25.400+0000] {dagbag.py:540} INFO - Filling up the DagBag from /home/airflow/.local/lib/python3.8/site-packages/airflow/example_dags/example_sla_dag.py
[2024-10-29T23:28:25.413+0000] {processor.py:840} INFO - DAG(s) 'example_sla_dag' retrieved from /home/airflow/.local/lib/python3.8/site-packages/airflow/example_dags/example_sla_dag.py
[2024-10-29T23:28:25.434+0000] {logging_mixin.py:188} INFO - [2024-10-29T23:28:25.433+0000] {dag.py:3047} INFO - Sync 1 DAGs
[2024-10-29T23:28:25.460+0000] {logging_mixin.py:188} INFO - [2024-10-29T23:28:25.459+0000] {dag.py:3834} INFO - Setting next_dagrun for example_sla_dag to 2024-10-29 23:26:00+00:00, run_after=2024-10-29 23:28:00+00:00
[2024-10-29T23:28:25.477+0000] {processor.py:183} INFO - Processing /home/airflow/.local/lib/python3.8/site-packages/airflow/example_dags/example_sla_dag.py took 0.083 seconds
[2024-10-29T23:28:56.221+0000] {processor.py:161} INFO - Started process (PID=16834) to work on /home/airflow/.local/lib/python3.8/site-packages/airflow/example_dags/example_sla_dag.py
[2024-10-29T23:28:56.222+0000] {processor.py:830} INFO - Processing file /home/airflow/.local/lib/python3.8/site-packages/airflow/example_dags/example_sla_dag.py for tasks to queue
[2024-10-29T23:28:56.224+0000] {logging_mixin.py:188} INFO - [2024-10-29T23:28:56.223+0000] {dagbag.py:540} INFO - Filling up the DagBag from /home/airflow/.local/lib/python3.8/site-packages/airflow/example_dags/example_sla_dag.py
[2024-10-29T23:28:56.232+0000] {processor.py:840} INFO - DAG(s) 'example_sla_dag' retrieved from /home/airflow/.local/lib/python3.8/site-packages/airflow/example_dags/example_sla_dag.py
[2024-10-29T23:28:56.251+0000] {logging_mixin.py:188} INFO - [2024-10-29T23:28:56.250+0000] {dag.py:3047} INFO - Sync 1 DAGs
[2024-10-29T23:28:56.276+0000] {logging_mixin.py:188} INFO - [2024-10-29T23:28:56.275+0000] {dag.py:3834} INFO - Setting next_dagrun for example_sla_dag to 2024-10-29 23:26:00+00:00, run_after=2024-10-29 23:28:00+00:00
[2024-10-29T23:28:56.291+0000] {processor.py:183} INFO - Processing /home/airflow/.local/lib/python3.8/site-packages/airflow/example_dags/example_sla_dag.py took 0.073 seconds
[2024-10-29T23:29:27.478+0000] {processor.py:161} INFO - Started process (PID=16890) to work on /home/airflow/.local/lib/python3.8/site-packages/airflow/example_dags/example_sla_dag.py
[2024-10-29T23:29:27.479+0000] {processor.py:830} INFO - Processing file /home/airflow/.local/lib/python3.8/site-packages/airflow/example_dags/example_sla_dag.py for tasks to queue
[2024-10-29T23:29:27.480+0000] {logging_mixin.py:188} INFO - [2024-10-29T23:29:27.480+0000] {dagbag.py:540} INFO - Filling up the DagBag from /home/airflow/.local/lib/python3.8/site-packages/airflow/example_dags/example_sla_dag.py
[2024-10-29T23:29:27.488+0000] {processor.py:840} INFO - DAG(s) 'example_sla_dag' retrieved from /home/airflow/.local/lib/python3.8/site-packages/airflow/example_dags/example_sla_dag.py
[2024-10-29T23:29:27.512+0000] {logging_mixin.py:188} INFO - [2024-10-29T23:29:27.511+0000] {dag.py:3047} INFO - Sync 1 DAGs
[2024-10-29T23:29:27.554+0000] {logging_mixin.py:188} INFO - [2024-10-29T23:29:27.553+0000] {dag.py:3834} INFO - Setting next_dagrun for example_sla_dag to 2024-10-29 23:26:00+00:00, run_after=2024-10-29 23:28:00+00:00
[2024-10-29T23:29:27.572+0000] {processor.py:183} INFO - Processing /home/airflow/.local/lib/python3.8/site-packages/airflow/example_dags/example_sla_dag.py took 0.096 seconds
[2024-10-29T23:29:57.692+0000] {processor.py:161} INFO - Started process (PID=16945) to work on /home/airflow/.local/lib/python3.8/site-packages/airflow/example_dags/example_sla_dag.py
[2024-10-29T23:29:57.693+0000] {processor.py:830} INFO - Processing file /home/airflow/.local/lib/python3.8/site-packages/airflow/example_dags/example_sla_dag.py for tasks to queue
[2024-10-29T23:29:57.695+0000] {logging_mixin.py:188} INFO - [2024-10-29T23:29:57.695+0000] {dagbag.py:540} INFO - Filling up the DagBag from /home/airflow/.local/lib/python3.8/site-packages/airflow/example_dags/example_sla_dag.py
[2024-10-29T23:29:57.708+0000] {processor.py:840} INFO - DAG(s) 'example_sla_dag' retrieved from /home/airflow/.local/lib/python3.8/site-packages/airflow/example_dags/example_sla_dag.py
[2024-10-29T23:29:57.733+0000] {logging_mixin.py:188} INFO - [2024-10-29T23:29:57.733+0000] {dag.py:3047} INFO - Sync 1 DAGs
[2024-10-29T23:29:57.778+0000] {logging_mixin.py:188} INFO - [2024-10-29T23:29:57.778+0000] {dag.py:3834} INFO - Setting next_dagrun for example_sla_dag to 2024-10-29 23:26:00+00:00, run_after=2024-10-29 23:28:00+00:00
[2024-10-29T23:29:57.806+0000] {processor.py:183} INFO - Processing /home/airflow/.local/lib/python3.8/site-packages/airflow/example_dags/example_sla_dag.py took 0.117 seconds
[2024-10-29T23:30:28.073+0000] {processor.py:161} INFO - Started process (PID=17002) to work on /home/airflow/.local/lib/python3.8/site-packages/airflow/example_dags/example_sla_dag.py
[2024-10-29T23:30:28.073+0000] {processor.py:830} INFO - Processing file /home/airflow/.local/lib/python3.8/site-packages/airflow/example_dags/example_sla_dag.py for tasks to queue
[2024-10-29T23:30:28.075+0000] {logging_mixin.py:188} INFO - [2024-10-29T23:30:28.074+0000] {dagbag.py:540} INFO - Filling up the DagBag from /home/airflow/.local/lib/python3.8/site-packages/airflow/example_dags/example_sla_dag.py
[2024-10-29T23:30:28.081+0000] {processor.py:840} INFO - DAG(s) 'example_sla_dag' retrieved from /home/airflow/.local/lib/python3.8/site-packages/airflow/example_dags/example_sla_dag.py
[2024-10-29T23:30:28.096+0000] {logging_mixin.py:188} INFO - [2024-10-29T23:30:28.095+0000] {dag.py:3047} INFO - Sync 1 DAGs
[2024-10-29T23:30:28.117+0000] {logging_mixin.py:188} INFO - [2024-10-29T23:30:28.117+0000] {dag.py:3834} INFO - Setting next_dagrun for example_sla_dag to 2024-10-29 23:28:00+00:00, run_after=2024-10-29 23:30:00+00:00
[2024-10-29T23:30:28.133+0000] {processor.py:183} INFO - Processing /home/airflow/.local/lib/python3.8/site-packages/airflow/example_dags/example_sla_dag.py took 0.063 seconds
[2024-10-29T23:30:59.141+0000] {processor.py:161} INFO - Started process (PID=17057) to work on /home/airflow/.local/lib/python3.8/site-packages/airflow/example_dags/example_sla_dag.py
[2024-10-29T23:30:59.142+0000] {processor.py:830} INFO - Processing file /home/airflow/.local/lib/python3.8/site-packages/airflow/example_dags/example_sla_dag.py for tasks to queue
[2024-10-29T23:30:59.144+0000] {logging_mixin.py:188} INFO - [2024-10-29T23:30:59.143+0000] {dagbag.py:540} INFO - Filling up the DagBag from /home/airflow/.local/lib/python3.8/site-packages/airflow/example_dags/example_sla_dag.py
[2024-10-29T23:30:59.152+0000] {processor.py:840} INFO - DAG(s) 'example_sla_dag' retrieved from /home/airflow/.local/lib/python3.8/site-packages/airflow/example_dags/example_sla_dag.py
[2024-10-29T23:30:59.171+0000] {logging_mixin.py:188} INFO - [2024-10-29T23:30:59.170+0000] {dag.py:3047} INFO - Sync 1 DAGs
[2024-10-29T23:30:59.198+0000] {logging_mixin.py:188} INFO - [2024-10-29T23:30:59.198+0000] {dag.py:3834} INFO - Setting next_dagrun for example_sla_dag to 2024-10-29 23:28:00+00:00, run_after=2024-10-29 23:30:00+00:00
[2024-10-29T23:30:59.215+0000] {processor.py:183} INFO - Processing /home/airflow/.local/lib/python3.8/site-packages/airflow/example_dags/example_sla_dag.py took 0.076 seconds
[2024-10-29T23:31:30.218+0000] {processor.py:161} INFO - Started process (PID=17113) to work on /home/airflow/.local/lib/python3.8/site-packages/airflow/example_dags/example_sla_dag.py
[2024-10-29T23:31:30.219+0000] {processor.py:830} INFO - Processing file /home/airflow/.local/lib/python3.8/site-packages/airflow/example_dags/example_sla_dag.py for tasks to queue
[2024-10-29T23:31:30.221+0000] {logging_mixin.py:188} INFO - [2024-10-29T23:31:30.221+0000] {dagbag.py:540} INFO - Filling up the DagBag from /home/airflow/.local/lib/python3.8/site-packages/airflow/example_dags/example_sla_dag.py
[2024-10-29T23:31:30.234+0000] {processor.py:840} INFO - DAG(s) 'example_sla_dag' retrieved from /home/airflow/.local/lib/python3.8/site-packages/airflow/example_dags/example_sla_dag.py
[2024-10-29T23:31:30.263+0000] {logging_mixin.py:188} INFO - [2024-10-29T23:31:30.262+0000] {dag.py:3047} INFO - Sync 1 DAGs
[2024-10-29T23:31:30.297+0000] {logging_mixin.py:188} INFO - [2024-10-29T23:31:30.296+0000] {dag.py:3834} INFO - Setting next_dagrun for example_sla_dag to 2024-10-29 23:28:00+00:00, run_after=2024-10-29 23:30:00+00:00
[2024-10-29T23:31:30.314+0000] {processor.py:183} INFO - Processing /home/airflow/.local/lib/python3.8/site-packages/airflow/example_dags/example_sla_dag.py took 0.101 seconds
[2024-10-29T23:32:00.606+0000] {processor.py:161} INFO - Started process (PID=17168) to work on /home/airflow/.local/lib/python3.8/site-packages/airflow/example_dags/example_sla_dag.py
[2024-10-29T23:32:00.607+0000] {processor.py:830} INFO - Processing file /home/airflow/.local/lib/python3.8/site-packages/airflow/example_dags/example_sla_dag.py for tasks to queue
[2024-10-29T23:32:00.608+0000] {logging_mixin.py:188} INFO - [2024-10-29T23:32:00.608+0000] {dagbag.py:540} INFO - Filling up the DagBag from /home/airflow/.local/lib/python3.8/site-packages/airflow/example_dags/example_sla_dag.py
[2024-10-29T23:32:00.616+0000] {processor.py:840} INFO - DAG(s) 'example_sla_dag' retrieved from /home/airflow/.local/lib/python3.8/site-packages/airflow/example_dags/example_sla_dag.py
[2024-10-29T23:32:00.633+0000] {logging_mixin.py:188} INFO - [2024-10-29T23:32:00.633+0000] {dag.py:3047} INFO - Sync 1 DAGs
[2024-10-29T23:32:00.758+0000] {logging_mixin.py:188} INFO - [2024-10-29T23:32:00.757+0000] {dag.py:3834} INFO - Setting next_dagrun for example_sla_dag to 2024-10-29 23:30:00+00:00, run_after=2024-10-29 23:32:00+00:00
[2024-10-29T23:32:00.772+0000] {processor.py:183} INFO - Processing /home/airflow/.local/lib/python3.8/site-packages/airflow/example_dags/example_sla_dag.py took 0.169 seconds
[2024-10-29T23:32:32.804+0000] {processor.py:161} INFO - Started process (PID=17224) to work on /home/airflow/.local/lib/python3.8/site-packages/airflow/example_dags/example_sla_dag.py
[2024-10-29T23:32:32.805+0000] {processor.py:830} INFO - Processing file /home/airflow/.local/lib/python3.8/site-packages/airflow/example_dags/example_sla_dag.py for tasks to queue
[2024-10-29T23:32:32.807+0000] {logging_mixin.py:188} INFO - [2024-10-29T23:32:32.807+0000] {dagbag.py:540} INFO - Filling up the DagBag from /home/airflow/.local/lib/python3.8/site-packages/airflow/example_dags/example_sla_dag.py
[2024-10-29T23:32:32.817+0000] {processor.py:840} INFO - DAG(s) 'example_sla_dag' retrieved from /home/airflow/.local/lib/python3.8/site-packages/airflow/example_dags/example_sla_dag.py
[2024-10-29T23:32:32.840+0000] {logging_mixin.py:188} INFO - [2024-10-29T23:32:32.840+0000] {dag.py:3047} INFO - Sync 1 DAGs
[2024-10-29T23:32:33.003+0000] {logging_mixin.py:188} INFO - [2024-10-29T23:32:33.003+0000] {dag.py:3834} INFO - Setting next_dagrun for example_sla_dag to 2024-10-29 23:30:00+00:00, run_after=2024-10-29 23:32:00+00:00
[2024-10-29T23:32:33.029+0000] {processor.py:183} INFO - Processing /home/airflow/.local/lib/python3.8/site-packages/airflow/example_dags/example_sla_dag.py took 0.228 seconds
[2024-10-29T23:33:03.484+0000] {processor.py:161} INFO - Started process (PID=17280) to work on /home/airflow/.local/lib/python3.8/site-packages/airflow/example_dags/example_sla_dag.py
[2024-10-29T23:33:03.485+0000] {processor.py:830} INFO - Processing file /home/airflow/.local/lib/python3.8/site-packages/airflow/example_dags/example_sla_dag.py for tasks to queue
[2024-10-29T23:33:03.486+0000] {logging_mixin.py:188} INFO - [2024-10-29T23:33:03.486+0000] {dagbag.py:540} INFO - Filling up the DagBag from /home/airflow/.local/lib/python3.8/site-packages/airflow/example_dags/example_sla_dag.py
[2024-10-29T23:33:03.493+0000] {processor.py:840} INFO - DAG(s) 'example_sla_dag' retrieved from /home/airflow/.local/lib/python3.8/site-packages/airflow/example_dags/example_sla_dag.py
[2024-10-29T23:33:03.509+0000] {logging_mixin.py:188} INFO - [2024-10-29T23:33:03.508+0000] {dag.py:3047} INFO - Sync 1 DAGs
[2024-10-29T23:33:03.644+0000] {logging_mixin.py:188} INFO - [2024-10-29T23:33:03.643+0000] {dag.py:3834} INFO - Setting next_dagrun for example_sla_dag to 2024-10-29 23:30:00+00:00, run_after=2024-10-29 23:32:00+00:00
[2024-10-29T23:33:03.659+0000] {processor.py:183} INFO - Processing /home/airflow/.local/lib/python3.8/site-packages/airflow/example_dags/example_sla_dag.py took 0.177 seconds
[2024-10-29T23:34:19.335+0000] {processor.py:161} INFO - Started process (PID=79) to work on /home/airflow/.local/lib/python3.8/site-packages/airflow/example_dags/example_sla_dag.py
[2024-10-29T23:34:19.336+0000] {processor.py:830} INFO - Processing file /home/airflow/.local/lib/python3.8/site-packages/airflow/example_dags/example_sla_dag.py for tasks to queue
[2024-10-29T23:34:19.340+0000] {logging_mixin.py:188} INFO - [2024-10-29T23:34:19.339+0000] {dagbag.py:540} INFO - Filling up the DagBag from /home/airflow/.local/lib/python3.8/site-packages/airflow/example_dags/example_sla_dag.py
[2024-10-29T23:34:19.353+0000] {processor.py:840} INFO - DAG(s) 'example_sla_dag' retrieved from /home/airflow/.local/lib/python3.8/site-packages/airflow/example_dags/example_sla_dag.py
[2024-10-29T23:34:19.372+0000] {logging_mixin.py:188} INFO - [2024-10-29T23:34:19.372+0000] {dag.py:3047} INFO - Sync 1 DAGs
[2024-10-29T23:34:19.415+0000] {logging_mixin.py:188} INFO - [2024-10-29T23:34:19.415+0000] {dag.py:3834} INFO - Setting next_dagrun for example_sla_dag to 2024-10-29 23:32:00+00:00, run_after=2024-10-29 23:34:00+00:00
[2024-10-29T23:34:19.446+0000] {processor.py:183} INFO - Processing /home/airflow/.local/lib/python3.8/site-packages/airflow/example_dags/example_sla_dag.py took 0.114 seconds
[2024-10-29T23:34:52.450+0000] {processor.py:161} INFO - Started process (PID=135) to work on /home/airflow/.local/lib/python3.8/site-packages/airflow/example_dags/example_sla_dag.py
[2024-10-29T23:34:52.451+0000] {processor.py:830} INFO - Processing file /home/airflow/.local/lib/python3.8/site-packages/airflow/example_dags/example_sla_dag.py for tasks to queue
[2024-10-29T23:34:52.453+0000] {logging_mixin.py:188} INFO - [2024-10-29T23:34:52.453+0000] {dagbag.py:540} INFO - Filling up the DagBag from /home/airflow/.local/lib/python3.8/site-packages/airflow/example_dags/example_sla_dag.py
[2024-10-29T23:34:52.464+0000] {processor.py:840} INFO - DAG(s) 'example_sla_dag' retrieved from /home/airflow/.local/lib/python3.8/site-packages/airflow/example_dags/example_sla_dag.py
[2024-10-29T23:34:52.589+0000] {logging_mixin.py:188} INFO - [2024-10-29T23:34:52.589+0000] {dag.py:3047} INFO - Sync 1 DAGs
[2024-10-29T23:34:52.622+0000] {logging_mixin.py:188} INFO - [2024-10-29T23:34:52.621+0000] {dag.py:3834} INFO - Setting next_dagrun for example_sla_dag to 2024-10-29 23:32:00+00:00, run_after=2024-10-29 23:34:00+00:00
[2024-10-29T23:34:52.649+0000] {processor.py:183} INFO - Processing /home/airflow/.local/lib/python3.8/site-packages/airflow/example_dags/example_sla_dag.py took 0.204 seconds
[2024-10-29T23:35:22.701+0000] {processor.py:161} INFO - Started process (PID=190) to work on /home/airflow/.local/lib/python3.8/site-packages/airflow/example_dags/example_sla_dag.py
[2024-10-29T23:35:22.702+0000] {processor.py:830} INFO - Processing file /home/airflow/.local/lib/python3.8/site-packages/airflow/example_dags/example_sla_dag.py for tasks to queue
[2024-10-29T23:35:22.705+0000] {logging_mixin.py:188} INFO - [2024-10-29T23:35:22.704+0000] {dagbag.py:540} INFO - Filling up the DagBag from /home/airflow/.local/lib/python3.8/site-packages/airflow/example_dags/example_sla_dag.py
[2024-10-29T23:35:22.718+0000] {processor.py:840} INFO - DAG(s) 'example_sla_dag' retrieved from /home/airflow/.local/lib/python3.8/site-packages/airflow/example_dags/example_sla_dag.py
[2024-10-29T23:35:22.744+0000] {logging_mixin.py:188} INFO - [2024-10-29T23:35:22.744+0000] {dag.py:3047} INFO - Sync 1 DAGs
[2024-10-29T23:35:22.790+0000] {logging_mixin.py:188} INFO - [2024-10-29T23:35:22.790+0000] {dag.py:3834} INFO - Setting next_dagrun for example_sla_dag to 2024-10-29 23:32:00+00:00, run_after=2024-10-29 23:34:00+00:00
[2024-10-29T23:35:22.817+0000] {processor.py:183} INFO - Processing /home/airflow/.local/lib/python3.8/site-packages/airflow/example_dags/example_sla_dag.py took 0.120 seconds
[2024-10-29T23:35:53.782+0000] {processor.py:161} INFO - Started process (PID=247) to work on /home/airflow/.local/lib/python3.8/site-packages/airflow/example_dags/example_sla_dag.py
[2024-10-29T23:35:53.783+0000] {processor.py:830} INFO - Processing file /home/airflow/.local/lib/python3.8/site-packages/airflow/example_dags/example_sla_dag.py for tasks to queue
[2024-10-29T23:35:53.785+0000] {logging_mixin.py:188} INFO - [2024-10-29T23:35:53.785+0000] {dagbag.py:540} INFO - Filling up the DagBag from /home/airflow/.local/lib/python3.8/site-packages/airflow/example_dags/example_sla_dag.py
[2024-10-29T23:35:53.797+0000] {processor.py:840} INFO - DAG(s) 'example_sla_dag' retrieved from /home/airflow/.local/lib/python3.8/site-packages/airflow/example_dags/example_sla_dag.py
[2024-10-29T23:35:53.826+0000] {logging_mixin.py:188} INFO - [2024-10-29T23:35:53.826+0000] {dag.py:3047} INFO - Sync 1 DAGs
[2024-10-29T23:35:53.881+0000] {logging_mixin.py:188} INFO - [2024-10-29T23:35:53.881+0000] {dag.py:3834} INFO - Setting next_dagrun for example_sla_dag to 2024-10-29 23:32:00+00:00, run_after=2024-10-29 23:34:00+00:00
[2024-10-29T23:35:53.910+0000] {processor.py:183} INFO - Processing /home/airflow/.local/lib/python3.8/site-packages/airflow/example_dags/example_sla_dag.py took 0.132 seconds
[2024-10-29T23:36:24.733+0000] {processor.py:161} INFO - Started process (PID=303) to work on /home/airflow/.local/lib/python3.8/site-packages/airflow/example_dags/example_sla_dag.py
[2024-10-29T23:36:24.734+0000] {processor.py:830} INFO - Processing file /home/airflow/.local/lib/python3.8/site-packages/airflow/example_dags/example_sla_dag.py for tasks to queue
[2024-10-29T23:36:24.735+0000] {logging_mixin.py:188} INFO - [2024-10-29T23:36:24.735+0000] {dagbag.py:540} INFO - Filling up the DagBag from /home/airflow/.local/lib/python3.8/site-packages/airflow/example_dags/example_sla_dag.py
[2024-10-29T23:36:24.745+0000] {processor.py:840} INFO - DAG(s) 'example_sla_dag' retrieved from /home/airflow/.local/lib/python3.8/site-packages/airflow/example_dags/example_sla_dag.py
[2024-10-29T23:36:24.766+0000] {logging_mixin.py:188} INFO - [2024-10-29T23:36:24.766+0000] {dag.py:3047} INFO - Sync 1 DAGs
[2024-10-29T23:36:24.799+0000] {logging_mixin.py:188} INFO - [2024-10-29T23:36:24.799+0000] {dag.py:3834} INFO - Setting next_dagrun for example_sla_dag to 2024-10-29 23:34:00+00:00, run_after=2024-10-29 23:36:00+00:00
[2024-10-29T23:36:24.822+0000] {processor.py:183} INFO - Processing /home/airflow/.local/lib/python3.8/site-packages/airflow/example_dags/example_sla_dag.py took 0.093 seconds
[2024-10-29T23:36:55.597+0000] {processor.py:161} INFO - Started process (PID=359) to work on /home/airflow/.local/lib/python3.8/site-packages/airflow/example_dags/example_sla_dag.py
[2024-10-29T23:36:55.598+0000] {processor.py:830} INFO - Processing file /home/airflow/.local/lib/python3.8/site-packages/airflow/example_dags/example_sla_dag.py for tasks to queue
[2024-10-29T23:36:55.600+0000] {logging_mixin.py:188} INFO - [2024-10-29T23:36:55.600+0000] {dagbag.py:540} INFO - Filling up the DagBag from /home/airflow/.local/lib/python3.8/site-packages/airflow/example_dags/example_sla_dag.py
[2024-10-29T23:36:55.609+0000] {processor.py:840} INFO - DAG(s) 'example_sla_dag' retrieved from /home/airflow/.local/lib/python3.8/site-packages/airflow/example_dags/example_sla_dag.py
[2024-10-29T23:36:55.632+0000] {logging_mixin.py:188} INFO - [2024-10-29T23:36:55.632+0000] {dag.py:3047} INFO - Sync 1 DAGs
[2024-10-29T23:36:55.663+0000] {logging_mixin.py:188} INFO - [2024-10-29T23:36:55.663+0000] {dag.py:3834} INFO - Setting next_dagrun for example_sla_dag to 2024-10-29 23:34:00+00:00, run_after=2024-10-29 23:36:00+00:00
[2024-10-29T23:36:55.683+0000] {processor.py:183} INFO - Processing /home/airflow/.local/lib/python3.8/site-packages/airflow/example_dags/example_sla_dag.py took 0.089 seconds
[2024-10-29T23:37:25.776+0000] {processor.py:161} INFO - Started process (PID=415) to work on /home/airflow/.local/lib/python3.8/site-packages/airflow/example_dags/example_sla_dag.py
[2024-10-29T23:37:25.777+0000] {processor.py:830} INFO - Processing file /home/airflow/.local/lib/python3.8/site-packages/airflow/example_dags/example_sla_dag.py for tasks to queue
[2024-10-29T23:37:25.778+0000] {logging_mixin.py:188} INFO - [2024-10-29T23:37:25.778+0000] {dagbag.py:540} INFO - Filling up the DagBag from /home/airflow/.local/lib/python3.8/site-packages/airflow/example_dags/example_sla_dag.py
[2024-10-29T23:37:25.786+0000] {processor.py:840} INFO - DAG(s) 'example_sla_dag' retrieved from /home/airflow/.local/lib/python3.8/site-packages/airflow/example_dags/example_sla_dag.py
[2024-10-29T23:37:25.804+0000] {logging_mixin.py:188} INFO - [2024-10-29T23:37:25.804+0000] {dag.py:3047} INFO - Sync 1 DAGs
[2024-10-29T23:37:25.830+0000] {logging_mixin.py:188} INFO - [2024-10-29T23:37:25.830+0000] {dag.py:3834} INFO - Setting next_dagrun for example_sla_dag to 2024-10-29 23:34:00+00:00, run_after=2024-10-29 23:36:00+00:00
[2024-10-29T23:37:25.848+0000] {processor.py:183} INFO - Processing /home/airflow/.local/lib/python3.8/site-packages/airflow/example_dags/example_sla_dag.py took 0.075 seconds
[2024-10-29T23:37:56.704+0000] {processor.py:161} INFO - Started process (PID=471) to work on /home/airflow/.local/lib/python3.8/site-packages/airflow/example_dags/example_sla_dag.py
[2024-10-29T23:37:56.705+0000] {processor.py:830} INFO - Processing file /home/airflow/.local/lib/python3.8/site-packages/airflow/example_dags/example_sla_dag.py for tasks to queue
[2024-10-29T23:37:56.708+0000] {logging_mixin.py:188} INFO - [2024-10-29T23:37:56.707+0000] {dagbag.py:540} INFO - Filling up the DagBag from /home/airflow/.local/lib/python3.8/site-packages/airflow/example_dags/example_sla_dag.py
[2024-10-29T23:37:56.720+0000] {processor.py:840} INFO - DAG(s) 'example_sla_dag' retrieved from /home/airflow/.local/lib/python3.8/site-packages/airflow/example_dags/example_sla_dag.py
[2024-10-29T23:37:56.742+0000] {logging_mixin.py:188} INFO - [2024-10-29T23:37:56.742+0000] {dag.py:3047} INFO - Sync 1 DAGs
[2024-10-29T23:37:56.770+0000] {logging_mixin.py:188} INFO - [2024-10-29T23:37:56.769+0000] {dag.py:3834} INFO - Setting next_dagrun for example_sla_dag to 2024-10-29 23:34:00+00:00, run_after=2024-10-29 23:36:00+00:00
[2024-10-29T23:37:56.790+0000] {processor.py:183} INFO - Processing /home/airflow/.local/lib/python3.8/site-packages/airflow/example_dags/example_sla_dag.py took 0.089 seconds
[2024-10-29T23:38:27.224+0000] {processor.py:161} INFO - Started process (PID=527) to work on /home/airflow/.local/lib/python3.8/site-packages/airflow/example_dags/example_sla_dag.py
[2024-10-29T23:38:27.225+0000] {processor.py:830} INFO - Processing file /home/airflow/.local/lib/python3.8/site-packages/airflow/example_dags/example_sla_dag.py for tasks to queue
[2024-10-29T23:38:27.226+0000] {logging_mixin.py:188} INFO - [2024-10-29T23:38:27.226+0000] {dagbag.py:540} INFO - Filling up the DagBag from /home/airflow/.local/lib/python3.8/site-packages/airflow/example_dags/example_sla_dag.py
[2024-10-29T23:38:27.236+0000] {processor.py:840} INFO - DAG(s) 'example_sla_dag' retrieved from /home/airflow/.local/lib/python3.8/site-packages/airflow/example_dags/example_sla_dag.py
[2024-10-29T23:38:27.255+0000] {logging_mixin.py:188} INFO - [2024-10-29T23:38:27.255+0000] {dag.py:3047} INFO - Sync 1 DAGs
[2024-10-29T23:38:27.281+0000] {logging_mixin.py:188} INFO - [2024-10-29T23:38:27.280+0000] {dag.py:3834} INFO - Setting next_dagrun for example_sla_dag to 2024-10-29 23:36:00+00:00, run_after=2024-10-29 23:38:00+00:00
[2024-10-29T23:38:27.300+0000] {processor.py:183} INFO - Processing /home/airflow/.local/lib/python3.8/site-packages/airflow/example_dags/example_sla_dag.py took 0.079 seconds
[2024-10-29T23:38:57.949+0000] {processor.py:161} INFO - Started process (PID=583) to work on /home/airflow/.local/lib/python3.8/site-packages/airflow/example_dags/example_sla_dag.py
[2024-10-29T23:38:57.949+0000] {processor.py:830} INFO - Processing file /home/airflow/.local/lib/python3.8/site-packages/airflow/example_dags/example_sla_dag.py for tasks to queue
[2024-10-29T23:38:57.951+0000] {logging_mixin.py:188} INFO - [2024-10-29T23:38:57.951+0000] {dagbag.py:540} INFO - Filling up the DagBag from /home/airflow/.local/lib/python3.8/site-packages/airflow/example_dags/example_sla_dag.py
[2024-10-29T23:38:57.960+0000] {processor.py:840} INFO - DAG(s) 'example_sla_dag' retrieved from /home/airflow/.local/lib/python3.8/site-packages/airflow/example_dags/example_sla_dag.py
[2024-10-29T23:38:57.985+0000] {logging_mixin.py:188} INFO - [2024-10-29T23:38:57.984+0000] {dag.py:3047} INFO - Sync 1 DAGs
[2024-10-29T23:38:58.015+0000] {logging_mixin.py:188} INFO - [2024-10-29T23:38:58.014+0000] {dag.py:3834} INFO - Setting next_dagrun for example_sla_dag to 2024-10-29 23:36:00+00:00, run_after=2024-10-29 23:38:00+00:00
[2024-10-29T23:38:58.033+0000] {processor.py:183} INFO - Processing /home/airflow/.local/lib/python3.8/site-packages/airflow/example_dags/example_sla_dag.py took 0.088 seconds
[2024-10-29T23:39:28.191+0000] {processor.py:161} INFO - Started process (PID=639) to work on /home/airflow/.local/lib/python3.8/site-packages/airflow/example_dags/example_sla_dag.py
[2024-10-29T23:39:28.192+0000] {processor.py:830} INFO - Processing file /home/airflow/.local/lib/python3.8/site-packages/airflow/example_dags/example_sla_dag.py for tasks to queue
[2024-10-29T23:39:28.194+0000] {logging_mixin.py:188} INFO - [2024-10-29T23:39:28.194+0000] {dagbag.py:540} INFO - Filling up the DagBag from /home/airflow/.local/lib/python3.8/site-packages/airflow/example_dags/example_sla_dag.py
[2024-10-29T23:39:28.204+0000] {processor.py:840} INFO - DAG(s) 'example_sla_dag' retrieved from /home/airflow/.local/lib/python3.8/site-packages/airflow/example_dags/example_sla_dag.py
[2024-10-29T23:39:28.226+0000] {logging_mixin.py:188} INFO - [2024-10-29T23:39:28.226+0000] {dag.py:3047} INFO - Sync 1 DAGs
[2024-10-29T23:39:28.267+0000] {logging_mixin.py:188} INFO - [2024-10-29T23:39:28.267+0000] {dag.py:3834} INFO - Setting next_dagrun for example_sla_dag to 2024-10-29 23:36:00+00:00, run_after=2024-10-29 23:38:00+00:00
[2024-10-29T23:39:28.292+0000] {processor.py:183} INFO - Processing /home/airflow/.local/lib/python3.8/site-packages/airflow/example_dags/example_sla_dag.py took 0.105 seconds
[2024-10-29T23:39:58.864+0000] {processor.py:161} INFO - Started process (PID=695) to work on /home/airflow/.local/lib/python3.8/site-packages/airflow/example_dags/example_sla_dag.py
[2024-10-29T23:39:58.865+0000] {processor.py:830} INFO - Processing file /home/airflow/.local/lib/python3.8/site-packages/airflow/example_dags/example_sla_dag.py for tasks to queue
[2024-10-29T23:39:58.867+0000] {logging_mixin.py:188} INFO - [2024-10-29T23:39:58.867+0000] {dagbag.py:540} INFO - Filling up the DagBag from /home/airflow/.local/lib/python3.8/site-packages/airflow/example_dags/example_sla_dag.py
[2024-10-29T23:39:58.876+0000] {processor.py:840} INFO - DAG(s) 'example_sla_dag' retrieved from /home/airflow/.local/lib/python3.8/site-packages/airflow/example_dags/example_sla_dag.py
[2024-10-29T23:39:58.902+0000] {logging_mixin.py:188} INFO - [2024-10-29T23:39:58.902+0000] {dag.py:3047} INFO - Sync 1 DAGs
[2024-10-29T23:39:58.944+0000] {logging_mixin.py:188} INFO - [2024-10-29T23:39:58.944+0000] {dag.py:3834} INFO - Setting next_dagrun for example_sla_dag to 2024-10-29 23:36:00+00:00, run_after=2024-10-29 23:38:00+00:00
[2024-10-29T23:39:58.969+0000] {processor.py:183} INFO - Processing /home/airflow/.local/lib/python3.8/site-packages/airflow/example_dags/example_sla_dag.py took 0.110 seconds
[2024-10-29T23:40:29.339+0000] {processor.py:161} INFO - Started process (PID=751) to work on /home/airflow/.local/lib/python3.8/site-packages/airflow/example_dags/example_sla_dag.py
[2024-10-29T23:40:29.340+0000] {processor.py:830} INFO - Processing file /home/airflow/.local/lib/python3.8/site-packages/airflow/example_dags/example_sla_dag.py for tasks to queue
[2024-10-29T23:40:29.342+0000] {logging_mixin.py:188} INFO - [2024-10-29T23:40:29.341+0000] {dagbag.py:540} INFO - Filling up the DagBag from /home/airflow/.local/lib/python3.8/site-packages/airflow/example_dags/example_sla_dag.py
[2024-10-29T23:40:29.352+0000] {processor.py:840} INFO - DAG(s) 'example_sla_dag' retrieved from /home/airflow/.local/lib/python3.8/site-packages/airflow/example_dags/example_sla_dag.py
[2024-10-29T23:40:29.382+0000] {logging_mixin.py:188} INFO - [2024-10-29T23:40:29.381+0000] {dag.py:3047} INFO - Sync 1 DAGs
[2024-10-29T23:40:29.433+0000] {logging_mixin.py:188} INFO - [2024-10-29T23:40:29.433+0000] {dag.py:3834} INFO - Setting next_dagrun for example_sla_dag to 2024-10-29 23:38:00+00:00, run_after=2024-10-29 23:40:00+00:00
[2024-10-29T23:40:29.465+0000] {processor.py:183} INFO - Processing /home/airflow/.local/lib/python3.8/site-packages/airflow/example_dags/example_sla_dag.py took 0.130 seconds
[2024-10-29T23:40:59.550+0000] {processor.py:161} INFO - Started process (PID=806) to work on /home/airflow/.local/lib/python3.8/site-packages/airflow/example_dags/example_sla_dag.py
[2024-10-29T23:40:59.551+0000] {processor.py:830} INFO - Processing file /home/airflow/.local/lib/python3.8/site-packages/airflow/example_dags/example_sla_dag.py for tasks to queue
[2024-10-29T23:40:59.554+0000] {logging_mixin.py:188} INFO - [2024-10-29T23:40:59.553+0000] {dagbag.py:540} INFO - Filling up the DagBag from /home/airflow/.local/lib/python3.8/site-packages/airflow/example_dags/example_sla_dag.py
[2024-10-29T23:40:59.567+0000] {processor.py:840} INFO - DAG(s) 'example_sla_dag' retrieved from /home/airflow/.local/lib/python3.8/site-packages/airflow/example_dags/example_sla_dag.py
[2024-10-29T23:40:59.592+0000] {logging_mixin.py:188} INFO - [2024-10-29T23:40:59.592+0000] {dag.py:3047} INFO - Sync 1 DAGs
[2024-10-29T23:40:59.631+0000] {logging_mixin.py:188} INFO - [2024-10-29T23:40:59.631+0000] {dag.py:3834} INFO - Setting next_dagrun for example_sla_dag to 2024-10-29 23:38:00+00:00, run_after=2024-10-29 23:40:00+00:00
[2024-10-29T23:40:59.652+0000] {processor.py:183} INFO - Processing /home/airflow/.local/lib/python3.8/site-packages/airflow/example_dags/example_sla_dag.py took 0.107 seconds
[2024-10-29T23:41:30.694+0000] {processor.py:161} INFO - Started process (PID=868) to work on /home/airflow/.local/lib/python3.8/site-packages/airflow/example_dags/example_sla_dag.py
[2024-10-29T23:41:30.694+0000] {processor.py:830} INFO - Processing file /home/airflow/.local/lib/python3.8/site-packages/airflow/example_dags/example_sla_dag.py for tasks to queue
[2024-10-29T23:41:30.696+0000] {logging_mixin.py:188} INFO - [2024-10-29T23:41:30.696+0000] {dagbag.py:540} INFO - Filling up the DagBag from /home/airflow/.local/lib/python3.8/site-packages/airflow/example_dags/example_sla_dag.py
[2024-10-29T23:41:30.708+0000] {processor.py:840} INFO - DAG(s) 'example_sla_dag' retrieved from /home/airflow/.local/lib/python3.8/site-packages/airflow/example_dags/example_sla_dag.py
[2024-10-29T23:41:30.733+0000] {logging_mixin.py:188} INFO - [2024-10-29T23:41:30.733+0000] {dag.py:3047} INFO - Sync 1 DAGs
[2024-10-29T23:41:30.766+0000] {logging_mixin.py:188} INFO - [2024-10-29T23:41:30.766+0000] {dag.py:3834} INFO - Setting next_dagrun for example_sla_dag to 2024-10-29 23:38:00+00:00, run_after=2024-10-29 23:40:00+00:00
[2024-10-29T23:41:30.789+0000] {processor.py:183} INFO - Processing /home/airflow/.local/lib/python3.8/site-packages/airflow/example_dags/example_sla_dag.py took 0.098 seconds
[2024-10-29T23:42:01.225+0000] {processor.py:161} INFO - Started process (PID=924) to work on /home/airflow/.local/lib/python3.8/site-packages/airflow/example_dags/example_sla_dag.py
[2024-10-29T23:42:01.225+0000] {processor.py:830} INFO - Processing file /home/airflow/.local/lib/python3.8/site-packages/airflow/example_dags/example_sla_dag.py for tasks to queue
[2024-10-29T23:42:01.227+0000] {logging_mixin.py:188} INFO - [2024-10-29T23:42:01.227+0000] {dagbag.py:540} INFO - Filling up the DagBag from /home/airflow/.local/lib/python3.8/site-packages/airflow/example_dags/example_sla_dag.py
[2024-10-29T23:42:01.235+0000] {processor.py:840} INFO - DAG(s) 'example_sla_dag' retrieved from /home/airflow/.local/lib/python3.8/site-packages/airflow/example_dags/example_sla_dag.py
[2024-10-29T23:42:01.254+0000] {logging_mixin.py:188} INFO - [2024-10-29T23:42:01.254+0000] {dag.py:3047} INFO - Sync 1 DAGs
[2024-10-29T23:42:01.283+0000] {logging_mixin.py:188} INFO - [2024-10-29T23:42:01.283+0000] {dag.py:3834} INFO - Setting next_dagrun for example_sla_dag to 2024-10-29 23:40:00+00:00, run_after=2024-10-29 23:42:00+00:00
[2024-10-29T23:42:01.301+0000] {processor.py:183} INFO - Processing /home/airflow/.local/lib/python3.8/site-packages/airflow/example_dags/example_sla_dag.py took 0.080 seconds
[2024-10-29T23:42:32.246+0000] {processor.py:161} INFO - Started process (PID=980) to work on /home/airflow/.local/lib/python3.8/site-packages/airflow/example_dags/example_sla_dag.py
[2024-10-29T23:42:32.247+0000] {processor.py:830} INFO - Processing file /home/airflow/.local/lib/python3.8/site-packages/airflow/example_dags/example_sla_dag.py for tasks to queue
[2024-10-29T23:42:32.248+0000] {logging_mixin.py:188} INFO - [2024-10-29T23:42:32.248+0000] {dagbag.py:540} INFO - Filling up the DagBag from /home/airflow/.local/lib/python3.8/site-packages/airflow/example_dags/example_sla_dag.py
[2024-10-29T23:42:32.257+0000] {processor.py:840} INFO - DAG(s) 'example_sla_dag' retrieved from /home/airflow/.local/lib/python3.8/site-packages/airflow/example_dags/example_sla_dag.py
[2024-10-29T23:42:32.281+0000] {logging_mixin.py:188} INFO - [2024-10-29T23:42:32.281+0000] {dag.py:3047} INFO - Sync 1 DAGs
[2024-10-29T23:42:32.323+0000] {logging_mixin.py:188} INFO - [2024-10-29T23:42:32.323+0000] {dag.py:3834} INFO - Setting next_dagrun for example_sla_dag to 2024-10-29 23:40:00+00:00, run_after=2024-10-29 23:42:00+00:00
[2024-10-29T23:42:32.349+0000] {processor.py:183} INFO - Processing /home/airflow/.local/lib/python3.8/site-packages/airflow/example_dags/example_sla_dag.py took 0.107 seconds
[2024-10-29T23:43:03.005+0000] {processor.py:161} INFO - Started process (PID=1036) to work on /home/airflow/.local/lib/python3.8/site-packages/airflow/example_dags/example_sla_dag.py
[2024-10-29T23:43:03.006+0000] {processor.py:830} INFO - Processing file /home/airflow/.local/lib/python3.8/site-packages/airflow/example_dags/example_sla_dag.py for tasks to queue
[2024-10-29T23:43:03.007+0000] {logging_mixin.py:188} INFO - [2024-10-29T23:43:03.007+0000] {dagbag.py:540} INFO - Filling up the DagBag from /home/airflow/.local/lib/python3.8/site-packages/airflow/example_dags/example_sla_dag.py
[2024-10-29T23:43:03.017+0000] {processor.py:840} INFO - DAG(s) 'example_sla_dag' retrieved from /home/airflow/.local/lib/python3.8/site-packages/airflow/example_dags/example_sla_dag.py
[2024-10-29T23:43:03.037+0000] {logging_mixin.py:188} INFO - [2024-10-29T23:43:03.037+0000] {dag.py:3047} INFO - Sync 1 DAGs
[2024-10-29T23:43:03.069+0000] {logging_mixin.py:188} INFO - [2024-10-29T23:43:03.068+0000] {dag.py:3834} INFO - Setting next_dagrun for example_sla_dag to 2024-10-29 23:40:00+00:00, run_after=2024-10-29 23:42:00+00:00
[2024-10-29T23:43:03.091+0000] {processor.py:183} INFO - Processing /home/airflow/.local/lib/python3.8/site-packages/airflow/example_dags/example_sla_dag.py took 0.090 seconds
[2024-10-29T23:43:33.426+0000] {processor.py:161} INFO - Started process (PID=1092) to work on /home/airflow/.local/lib/python3.8/site-packages/airflow/example_dags/example_sla_dag.py
[2024-10-29T23:43:33.427+0000] {processor.py:830} INFO - Processing file /home/airflow/.local/lib/python3.8/site-packages/airflow/example_dags/example_sla_dag.py for tasks to queue
[2024-10-29T23:43:33.428+0000] {logging_mixin.py:188} INFO - [2024-10-29T23:43:33.428+0000] {dagbag.py:540} INFO - Filling up the DagBag from /home/airflow/.local/lib/python3.8/site-packages/airflow/example_dags/example_sla_dag.py
[2024-10-29T23:43:33.436+0000] {processor.py:840} INFO - DAG(s) 'example_sla_dag' retrieved from /home/airflow/.local/lib/python3.8/site-packages/airflow/example_dags/example_sla_dag.py
[2024-10-29T23:43:33.454+0000] {logging_mixin.py:188} INFO - [2024-10-29T23:43:33.453+0000] {dag.py:3047} INFO - Sync 1 DAGs
[2024-10-29T23:43:33.479+0000] {logging_mixin.py:188} INFO - [2024-10-29T23:43:33.479+0000] {dag.py:3834} INFO - Setting next_dagrun for example_sla_dag to 2024-10-29 23:40:00+00:00, run_after=2024-10-29 23:42:00+00:00
[2024-10-29T23:43:33.496+0000] {processor.py:183} INFO - Processing /home/airflow/.local/lib/python3.8/site-packages/airflow/example_dags/example_sla_dag.py took 0.073 seconds
[2024-10-29T23:44:03.966+0000] {processor.py:161} INFO - Started process (PID=1148) to work on /home/airflow/.local/lib/python3.8/site-packages/airflow/example_dags/example_sla_dag.py
[2024-10-29T23:44:03.967+0000] {processor.py:830} INFO - Processing file /home/airflow/.local/lib/python3.8/site-packages/airflow/example_dags/example_sla_dag.py for tasks to queue
[2024-10-29T23:44:03.969+0000] {logging_mixin.py:188} INFO - [2024-10-29T23:44:03.968+0000] {dagbag.py:540} INFO - Filling up the DagBag from /home/airflow/.local/lib/python3.8/site-packages/airflow/example_dags/example_sla_dag.py
[2024-10-29T23:44:03.978+0000] {processor.py:840} INFO - DAG(s) 'example_sla_dag' retrieved from /home/airflow/.local/lib/python3.8/site-packages/airflow/example_dags/example_sla_dag.py
[2024-10-29T23:44:04.003+0000] {logging_mixin.py:188} INFO - [2024-10-29T23:44:04.002+0000] {dag.py:3047} INFO - Sync 1 DAGs
[2024-10-29T23:44:04.042+0000] {logging_mixin.py:188} INFO - [2024-10-29T23:44:04.042+0000] {dag.py:3834} INFO - Setting next_dagrun for example_sla_dag to 2024-10-29 23:42:00+00:00, run_after=2024-10-29 23:44:00+00:00
[2024-10-29T23:44:04.066+0000] {processor.py:183} INFO - Processing /home/airflow/.local/lib/python3.8/site-packages/airflow/example_dags/example_sla_dag.py took 0.104 seconds
[2024-10-29T23:44:34.106+0000] {processor.py:161} INFO - Started process (PID=1204) to work on /home/airflow/.local/lib/python3.8/site-packages/airflow/example_dags/example_sla_dag.py
[2024-10-29T23:44:34.106+0000] {processor.py:830} INFO - Processing file /home/airflow/.local/lib/python3.8/site-packages/airflow/example_dags/example_sla_dag.py for tasks to queue
[2024-10-29T23:44:34.108+0000] {logging_mixin.py:188} INFO - [2024-10-29T23:44:34.108+0000] {dagbag.py:540} INFO - Filling up the DagBag from /home/airflow/.local/lib/python3.8/site-packages/airflow/example_dags/example_sla_dag.py
[2024-10-29T23:44:34.116+0000] {processor.py:840} INFO - DAG(s) 'example_sla_dag' retrieved from /home/airflow/.local/lib/python3.8/site-packages/airflow/example_dags/example_sla_dag.py
[2024-10-29T23:44:34.135+0000] {logging_mixin.py:188} INFO - [2024-10-29T23:44:34.134+0000] {dag.py:3047} INFO - Sync 1 DAGs
[2024-10-29T23:44:34.161+0000] {logging_mixin.py:188} INFO - [2024-10-29T23:44:34.161+0000] {dag.py:3834} INFO - Setting next_dagrun for example_sla_dag to 2024-10-29 23:42:00+00:00, run_after=2024-10-29 23:44:00+00:00
[2024-10-29T23:44:34.179+0000] {processor.py:183} INFO - Processing /home/airflow/.local/lib/python3.8/site-packages/airflow/example_dags/example_sla_dag.py took 0.076 seconds
[2024-10-29T23:45:04.513+0000] {processor.py:161} INFO - Started process (PID=1260) to work on /home/airflow/.local/lib/python3.8/site-packages/airflow/example_dags/example_sla_dag.py
[2024-10-29T23:45:04.514+0000] {processor.py:830} INFO - Processing file /home/airflow/.local/lib/python3.8/site-packages/airflow/example_dags/example_sla_dag.py for tasks to queue
[2024-10-29T23:45:04.515+0000] {logging_mixin.py:188} INFO - [2024-10-29T23:45:04.515+0000] {dagbag.py:540} INFO - Filling up the DagBag from /home/airflow/.local/lib/python3.8/site-packages/airflow/example_dags/example_sla_dag.py
[2024-10-29T23:45:04.525+0000] {processor.py:840} INFO - DAG(s) 'example_sla_dag' retrieved from /home/airflow/.local/lib/python3.8/site-packages/airflow/example_dags/example_sla_dag.py
[2024-10-29T23:45:04.545+0000] {logging_mixin.py:188} INFO - [2024-10-29T23:45:04.544+0000] {dag.py:3047} INFO - Sync 1 DAGs
[2024-10-29T23:45:04.576+0000] {logging_mixin.py:188} INFO - [2024-10-29T23:45:04.576+0000] {dag.py:3834} INFO - Setting next_dagrun for example_sla_dag to 2024-10-29 23:42:00+00:00, run_after=2024-10-29 23:44:00+00:00
[2024-10-29T23:45:04.597+0000] {processor.py:183} INFO - Processing /home/airflow/.local/lib/python3.8/site-packages/airflow/example_dags/example_sla_dag.py took 0.087 seconds
[2024-10-29T23:45:34.648+0000] {processor.py:161} INFO - Started process (PID=1316) to work on /home/airflow/.local/lib/python3.8/site-packages/airflow/example_dags/example_sla_dag.py
[2024-10-29T23:45:34.649+0000] {processor.py:830} INFO - Processing file /home/airflow/.local/lib/python3.8/site-packages/airflow/example_dags/example_sla_dag.py for tasks to queue
[2024-10-29T23:45:34.651+0000] {logging_mixin.py:188} INFO - [2024-10-29T23:45:34.650+0000] {dagbag.py:540} INFO - Filling up the DagBag from /home/airflow/.local/lib/python3.8/site-packages/airflow/example_dags/example_sla_dag.py
[2024-10-29T23:45:34.659+0000] {processor.py:840} INFO - DAG(s) 'example_sla_dag' retrieved from /home/airflow/.local/lib/python3.8/site-packages/airflow/example_dags/example_sla_dag.py
[2024-10-29T23:45:34.682+0000] {logging_mixin.py:188} INFO - [2024-10-29T23:45:34.681+0000] {dag.py:3047} INFO - Sync 1 DAGs
[2024-10-29T23:45:34.712+0000] {logging_mixin.py:188} INFO - [2024-10-29T23:45:34.711+0000] {dag.py:3834} INFO - Setting next_dagrun for example_sla_dag to 2024-10-29 23:42:00+00:00, run_after=2024-10-29 23:44:00+00:00
[2024-10-29T23:45:34.731+0000] {processor.py:183} INFO - Processing /home/airflow/.local/lib/python3.8/site-packages/airflow/example_dags/example_sla_dag.py took 0.086 seconds
[2024-10-29T23:46:05.192+0000] {processor.py:161} INFO - Started process (PID=1372) to work on /home/airflow/.local/lib/python3.8/site-packages/airflow/example_dags/example_sla_dag.py
[2024-10-29T23:46:05.196+0000] {processor.py:830} INFO - Processing file /home/airflow/.local/lib/python3.8/site-packages/airflow/example_dags/example_sla_dag.py for tasks to queue
[2024-10-29T23:46:05.199+0000] {logging_mixin.py:188} INFO - [2024-10-29T23:46:05.198+0000] {dagbag.py:540} INFO - Filling up the DagBag from /home/airflow/.local/lib/python3.8/site-packages/airflow/example_dags/example_sla_dag.py
[2024-10-29T23:46:05.223+0000] {processor.py:840} INFO - DAG(s) 'example_sla_dag' retrieved from /home/airflow/.local/lib/python3.8/site-packages/airflow/example_dags/example_sla_dag.py
[2024-10-29T23:46:05.269+0000] {logging_mixin.py:188} INFO - [2024-10-29T23:46:05.269+0000] {dag.py:3047} INFO - Sync 1 DAGs
[2024-10-29T23:46:05.306+0000] {logging_mixin.py:188} INFO - [2024-10-29T23:46:05.306+0000] {dag.py:3834} INFO - Setting next_dagrun for example_sla_dag to 2024-10-29 23:44:00+00:00, run_after=2024-10-29 23:46:00+00:00
[2024-10-29T23:46:05.341+0000] {processor.py:183} INFO - Processing /home/airflow/.local/lib/python3.8/site-packages/airflow/example_dags/example_sla_dag.py took 0.159 seconds
[2024-10-29T23:46:35.767+0000] {processor.py:161} INFO - Started process (PID=1428) to work on /home/airflow/.local/lib/python3.8/site-packages/airflow/example_dags/example_sla_dag.py
[2024-10-29T23:46:35.777+0000] {processor.py:830} INFO - Processing file /home/airflow/.local/lib/python3.8/site-packages/airflow/example_dags/example_sla_dag.py for tasks to queue
[2024-10-29T23:46:35.779+0000] {logging_mixin.py:188} INFO - [2024-10-29T23:46:35.779+0000] {dagbag.py:540} INFO - Filling up the DagBag from /home/airflow/.local/lib/python3.8/site-packages/airflow/example_dags/example_sla_dag.py
[2024-10-29T23:46:35.789+0000] {processor.py:840} INFO - DAG(s) 'example_sla_dag' retrieved from /home/airflow/.local/lib/python3.8/site-packages/airflow/example_dags/example_sla_dag.py
[2024-10-29T23:46:35.817+0000] {logging_mixin.py:188} INFO - [2024-10-29T23:46:35.816+0000] {dag.py:3047} INFO - Sync 1 DAGs
[2024-10-29T23:46:35.858+0000] {logging_mixin.py:188} INFO - [2024-10-29T23:46:35.858+0000] {dag.py:3834} INFO - Setting next_dagrun for example_sla_dag to 2024-10-29 23:44:00+00:00, run_after=2024-10-29 23:46:00+00:00
[2024-10-29T23:46:35.889+0000] {processor.py:183} INFO - Processing /home/airflow/.local/lib/python3.8/site-packages/airflow/example_dags/example_sla_dag.py took 0.125 seconds
[2024-10-29T23:47:07.060+0000] {processor.py:161} INFO - Started process (PID=1484) to work on /home/airflow/.local/lib/python3.8/site-packages/airflow/example_dags/example_sla_dag.py
[2024-10-29T23:47:07.073+0000] {processor.py:830} INFO - Processing file /home/airflow/.local/lib/python3.8/site-packages/airflow/example_dags/example_sla_dag.py for tasks to queue
[2024-10-29T23:47:07.075+0000] {logging_mixin.py:188} INFO - [2024-10-29T23:47:07.075+0000] {dagbag.py:540} INFO - Filling up the DagBag from /home/airflow/.local/lib/python3.8/site-packages/airflow/example_dags/example_sla_dag.py
[2024-10-29T23:47:07.132+0000] {processor.py:840} INFO - DAG(s) 'example_sla_dag' retrieved from /home/airflow/.local/lib/python3.8/site-packages/airflow/example_dags/example_sla_dag.py
[2024-10-29T23:47:07.205+0000] {logging_mixin.py:188} INFO - [2024-10-29T23:47:07.204+0000] {dag.py:3047} INFO - Sync 1 DAGs
[2024-10-29T23:47:07.332+0000] {logging_mixin.py:188} INFO - [2024-10-29T23:47:07.331+0000] {dag.py:3834} INFO - Setting next_dagrun for example_sla_dag to 2024-10-29 23:44:00+00:00, run_after=2024-10-29 23:46:00+00:00
[2024-10-29T23:47:07.397+0000] {processor.py:183} INFO - Processing /home/airflow/.local/lib/python3.8/site-packages/airflow/example_dags/example_sla_dag.py took 0.355 seconds
[2024-10-29T23:47:37.811+0000] {processor.py:161} INFO - Started process (PID=1540) to work on /home/airflow/.local/lib/python3.8/site-packages/airflow/example_dags/example_sla_dag.py
[2024-10-29T23:47:37.812+0000] {processor.py:830} INFO - Processing file /home/airflow/.local/lib/python3.8/site-packages/airflow/example_dags/example_sla_dag.py for tasks to queue
[2024-10-29T23:47:37.813+0000] {logging_mixin.py:188} INFO - [2024-10-29T23:47:37.813+0000] {dagbag.py:540} INFO - Filling up the DagBag from /home/airflow/.local/lib/python3.8/site-packages/airflow/example_dags/example_sla_dag.py
[2024-10-29T23:47:37.820+0000] {processor.py:840} INFO - DAG(s) 'example_sla_dag' retrieved from /home/airflow/.local/lib/python3.8/site-packages/airflow/example_dags/example_sla_dag.py
[2024-10-29T23:47:37.836+0000] {logging_mixin.py:188} INFO - [2024-10-29T23:47:37.836+0000] {dag.py:3047} INFO - Sync 1 DAGs
[2024-10-29T23:47:37.865+0000] {logging_mixin.py:188} INFO - [2024-10-29T23:47:37.865+0000] {dag.py:3834} INFO - Setting next_dagrun for example_sla_dag to 2024-10-29 23:44:00+00:00, run_after=2024-10-29 23:46:00+00:00
[2024-10-29T23:47:37.884+0000] {processor.py:183} INFO - Processing /home/airflow/.local/lib/python3.8/site-packages/airflow/example_dags/example_sla_dag.py took 0.075 seconds
[2024-10-29T23:48:08.135+0000] {processor.py:161} INFO - Started process (PID=1596) to work on /home/airflow/.local/lib/python3.8/site-packages/airflow/example_dags/example_sla_dag.py
[2024-10-29T23:48:08.136+0000] {processor.py:830} INFO - Processing file /home/airflow/.local/lib/python3.8/site-packages/airflow/example_dags/example_sla_dag.py for tasks to queue
[2024-10-29T23:48:08.137+0000] {logging_mixin.py:188} INFO - [2024-10-29T23:48:08.137+0000] {dagbag.py:540} INFO - Filling up the DagBag from /home/airflow/.local/lib/python3.8/site-packages/airflow/example_dags/example_sla_dag.py
[2024-10-29T23:48:08.146+0000] {processor.py:840} INFO - DAG(s) 'example_sla_dag' retrieved from /home/airflow/.local/lib/python3.8/site-packages/airflow/example_dags/example_sla_dag.py
[2024-10-29T23:48:08.164+0000] {logging_mixin.py:188} INFO - [2024-10-29T23:48:08.164+0000] {dag.py:3047} INFO - Sync 1 DAGs
[2024-10-29T23:48:08.190+0000] {logging_mixin.py:188} INFO - [2024-10-29T23:48:08.190+0000] {dag.py:3834} INFO - Setting next_dagrun for example_sla_dag to 2024-10-29 23:46:00+00:00, run_after=2024-10-29 23:48:00+00:00
[2024-10-29T23:48:08.208+0000] {processor.py:183} INFO - Processing /home/airflow/.local/lib/python3.8/site-packages/airflow/example_dags/example_sla_dag.py took 0.075 seconds
[2024-10-29T23:48:39.124+0000] {processor.py:161} INFO - Started process (PID=1652) to work on /home/airflow/.local/lib/python3.8/site-packages/airflow/example_dags/example_sla_dag.py
[2024-10-29T23:48:39.125+0000] {processor.py:830} INFO - Processing file /home/airflow/.local/lib/python3.8/site-packages/airflow/example_dags/example_sla_dag.py for tasks to queue
[2024-10-29T23:48:39.127+0000] {logging_mixin.py:188} INFO - [2024-10-29T23:48:39.126+0000] {dagbag.py:540} INFO - Filling up the DagBag from /home/airflow/.local/lib/python3.8/site-packages/airflow/example_dags/example_sla_dag.py
[2024-10-29T23:48:39.137+0000] {processor.py:840} INFO - DAG(s) 'example_sla_dag' retrieved from /home/airflow/.local/lib/python3.8/site-packages/airflow/example_dags/example_sla_dag.py
[2024-10-29T23:48:39.164+0000] {logging_mixin.py:188} INFO - [2024-10-29T23:48:39.163+0000] {dag.py:3047} INFO - Sync 1 DAGs
[2024-10-29T23:48:39.199+0000] {logging_mixin.py:188} INFO - [2024-10-29T23:48:39.198+0000] {dag.py:3834} INFO - Setting next_dagrun for example_sla_dag to 2024-10-29 23:46:00+00:00, run_after=2024-10-29 23:48:00+00:00
[2024-10-29T23:48:39.223+0000] {processor.py:183} INFO - Processing /home/airflow/.local/lib/python3.8/site-packages/airflow/example_dags/example_sla_dag.py took 0.103 seconds
[2024-10-29T23:49:09.864+0000] {processor.py:161} INFO - Started process (PID=1708) to work on /home/airflow/.local/lib/python3.8/site-packages/airflow/example_dags/example_sla_dag.py
[2024-10-29T23:49:09.865+0000] {processor.py:830} INFO - Processing file /home/airflow/.local/lib/python3.8/site-packages/airflow/example_dags/example_sla_dag.py for tasks to queue
[2024-10-29T23:49:09.867+0000] {logging_mixin.py:188} INFO - [2024-10-29T23:49:09.867+0000] {dagbag.py:540} INFO - Filling up the DagBag from /home/airflow/.local/lib/python3.8/site-packages/airflow/example_dags/example_sla_dag.py
[2024-10-29T23:49:09.878+0000] {processor.py:840} INFO - DAG(s) 'example_sla_dag' retrieved from /home/airflow/.local/lib/python3.8/site-packages/airflow/example_dags/example_sla_dag.py
[2024-10-29T23:49:09.901+0000] {logging_mixin.py:188} INFO - [2024-10-29T23:49:09.900+0000] {dag.py:3047} INFO - Sync 1 DAGs
[2024-10-29T23:49:09.943+0000] {logging_mixin.py:188} INFO - [2024-10-29T23:49:09.942+0000] {dag.py:3834} INFO - Setting next_dagrun for example_sla_dag to 2024-10-29 23:46:00+00:00, run_after=2024-10-29 23:48:00+00:00
[2024-10-29T23:49:09.971+0000] {processor.py:183} INFO - Processing /home/airflow/.local/lib/python3.8/site-packages/airflow/example_dags/example_sla_dag.py took 0.110 seconds
[2024-10-29T23:49:41.078+0000] {processor.py:161} INFO - Started process (PID=1764) to work on /home/airflow/.local/lib/python3.8/site-packages/airflow/example_dags/example_sla_dag.py
[2024-10-29T23:49:41.080+0000] {processor.py:830} INFO - Processing file /home/airflow/.local/lib/python3.8/site-packages/airflow/example_dags/example_sla_dag.py for tasks to queue
[2024-10-29T23:49:41.082+0000] {logging_mixin.py:188} INFO - [2024-10-29T23:49:41.082+0000] {dagbag.py:540} INFO - Filling up the DagBag from /home/airflow/.local/lib/python3.8/site-packages/airflow/example_dags/example_sla_dag.py
[2024-10-29T23:49:41.095+0000] {processor.py:840} INFO - DAG(s) 'example_sla_dag' retrieved from /home/airflow/.local/lib/python3.8/site-packages/airflow/example_dags/example_sla_dag.py
[2024-10-29T23:49:41.122+0000] {logging_mixin.py:188} INFO - [2024-10-29T23:49:41.122+0000] {dag.py:3047} INFO - Sync 1 DAGs
[2024-10-29T23:49:41.172+0000] {logging_mixin.py:188} INFO - [2024-10-29T23:49:41.171+0000] {dag.py:3834} INFO - Setting next_dagrun for example_sla_dag to 2024-10-29 23:46:00+00:00, run_after=2024-10-29 23:48:00+00:00
[2024-10-29T23:49:41.215+0000] {processor.py:183} INFO - Processing /home/airflow/.local/lib/python3.8/site-packages/airflow/example_dags/example_sla_dag.py took 0.142 seconds
[2024-10-29T23:50:11.244+0000] {processor.py:161} INFO - Started process (PID=1820) to work on /home/airflow/.local/lib/python3.8/site-packages/airflow/example_dags/example_sla_dag.py
[2024-10-29T23:50:11.245+0000] {processor.py:830} INFO - Processing file /home/airflow/.local/lib/python3.8/site-packages/airflow/example_dags/example_sla_dag.py for tasks to queue
[2024-10-29T23:50:11.246+0000] {logging_mixin.py:188} INFO - [2024-10-29T23:50:11.246+0000] {dagbag.py:540} INFO - Filling up the DagBag from /home/airflow/.local/lib/python3.8/site-packages/airflow/example_dags/example_sla_dag.py
[2024-10-29T23:50:11.252+0000] {processor.py:840} INFO - DAG(s) 'example_sla_dag' retrieved from /home/airflow/.local/lib/python3.8/site-packages/airflow/example_dags/example_sla_dag.py
[2024-10-29T23:50:11.268+0000] {logging_mixin.py:188} INFO - [2024-10-29T23:50:11.267+0000] {dag.py:3047} INFO - Sync 1 DAGs
[2024-10-29T23:50:11.290+0000] {logging_mixin.py:188} INFO - [2024-10-29T23:50:11.290+0000] {dag.py:3834} INFO - Setting next_dagrun for example_sla_dag to 2024-10-29 23:48:00+00:00, run_after=2024-10-29 23:50:00+00:00
[2024-10-29T23:50:11.305+0000] {processor.py:183} INFO - Processing /home/airflow/.local/lib/python3.8/site-packages/airflow/example_dags/example_sla_dag.py took 0.063 seconds
[2024-10-29T23:50:41.416+0000] {processor.py:161} INFO - Started process (PID=1876) to work on /home/airflow/.local/lib/python3.8/site-packages/airflow/example_dags/example_sla_dag.py
[2024-10-29T23:50:41.417+0000] {processor.py:830} INFO - Processing file /home/airflow/.local/lib/python3.8/site-packages/airflow/example_dags/example_sla_dag.py for tasks to queue
[2024-10-29T23:50:41.419+0000] {logging_mixin.py:188} INFO - [2024-10-29T23:50:41.419+0000] {dagbag.py:540} INFO - Filling up the DagBag from /home/airflow/.local/lib/python3.8/site-packages/airflow/example_dags/example_sla_dag.py
[2024-10-29T23:50:41.427+0000] {processor.py:840} INFO - DAG(s) 'example_sla_dag' retrieved from /home/airflow/.local/lib/python3.8/site-packages/airflow/example_dags/example_sla_dag.py
[2024-10-29T23:50:41.445+0000] {logging_mixin.py:188} INFO - [2024-10-29T23:50:41.445+0000] {dag.py:3047} INFO - Sync 1 DAGs
[2024-10-29T23:50:41.469+0000] {logging_mixin.py:188} INFO - [2024-10-29T23:50:41.469+0000] {dag.py:3834} INFO - Setting next_dagrun for example_sla_dag to 2024-10-29 23:48:00+00:00, run_after=2024-10-29 23:50:00+00:00
[2024-10-29T23:50:41.486+0000] {processor.py:183} INFO - Processing /home/airflow/.local/lib/python3.8/site-packages/airflow/example_dags/example_sla_dag.py took 0.073 seconds
[2024-10-29T23:51:12.316+0000] {processor.py:161} INFO - Started process (PID=1932) to work on /home/airflow/.local/lib/python3.8/site-packages/airflow/example_dags/example_sla_dag.py
[2024-10-29T23:51:12.317+0000] {processor.py:830} INFO - Processing file /home/airflow/.local/lib/python3.8/site-packages/airflow/example_dags/example_sla_dag.py for tasks to queue
[2024-10-29T23:51:12.320+0000] {logging_mixin.py:188} INFO - [2024-10-29T23:51:12.319+0000] {dagbag.py:540} INFO - Filling up the DagBag from /home/airflow/.local/lib/python3.8/site-packages/airflow/example_dags/example_sla_dag.py
[2024-10-29T23:51:12.333+0000] {processor.py:840} INFO - DAG(s) 'example_sla_dag' retrieved from /home/airflow/.local/lib/python3.8/site-packages/airflow/example_dags/example_sla_dag.py
[2024-10-29T23:51:12.359+0000] {logging_mixin.py:188} INFO - [2024-10-29T23:51:12.359+0000] {dag.py:3047} INFO - Sync 1 DAGs
[2024-10-29T23:51:12.402+0000] {logging_mixin.py:188} INFO - [2024-10-29T23:51:12.402+0000] {dag.py:3834} INFO - Setting next_dagrun for example_sla_dag to 2024-10-29 23:48:00+00:00, run_after=2024-10-29 23:50:00+00:00
[2024-10-29T23:51:12.433+0000] {processor.py:183} INFO - Processing /home/airflow/.local/lib/python3.8/site-packages/airflow/example_dags/example_sla_dag.py took 0.122 seconds
[2024-10-29T23:51:42.669+0000] {processor.py:161} INFO - Started process (PID=1987) to work on /home/airflow/.local/lib/python3.8/site-packages/airflow/example_dags/example_sla_dag.py
[2024-10-29T23:51:42.670+0000] {processor.py:830} INFO - Processing file /home/airflow/.local/lib/python3.8/site-packages/airflow/example_dags/example_sla_dag.py for tasks to queue
[2024-10-29T23:51:42.672+0000] {logging_mixin.py:188} INFO - [2024-10-29T23:51:42.672+0000] {dagbag.py:540} INFO - Filling up the DagBag from /home/airflow/.local/lib/python3.8/site-packages/airflow/example_dags/example_sla_dag.py
[2024-10-29T23:51:42.683+0000] {processor.py:840} INFO - DAG(s) 'example_sla_dag' retrieved from /home/airflow/.local/lib/python3.8/site-packages/airflow/example_dags/example_sla_dag.py
[2024-10-29T23:51:42.711+0000] {logging_mixin.py:188} INFO - [2024-10-29T23:51:42.711+0000] {dag.py:3047} INFO - Sync 1 DAGs
[2024-10-29T23:51:42.751+0000] {logging_mixin.py:188} INFO - [2024-10-29T23:51:42.751+0000] {dag.py:3834} INFO - Setting next_dagrun for example_sla_dag to 2024-10-29 23:48:00+00:00, run_after=2024-10-29 23:50:00+00:00
[2024-10-29T23:51:42.775+0000] {processor.py:183} INFO - Processing /home/airflow/.local/lib/python3.8/site-packages/airflow/example_dags/example_sla_dag.py took 0.109 seconds
[2024-10-29T23:52:13.103+0000] {processor.py:161} INFO - Started process (PID=2043) to work on /home/airflow/.local/lib/python3.8/site-packages/airflow/example_dags/example_sla_dag.py
[2024-10-29T23:52:13.104+0000] {processor.py:830} INFO - Processing file /home/airflow/.local/lib/python3.8/site-packages/airflow/example_dags/example_sla_dag.py for tasks to queue
[2024-10-29T23:52:13.106+0000] {logging_mixin.py:188} INFO - [2024-10-29T23:52:13.105+0000] {dagbag.py:540} INFO - Filling up the DagBag from /home/airflow/.local/lib/python3.8/site-packages/airflow/example_dags/example_sla_dag.py
[2024-10-29T23:52:13.115+0000] {processor.py:840} INFO - DAG(s) 'example_sla_dag' retrieved from /home/airflow/.local/lib/python3.8/site-packages/airflow/example_dags/example_sla_dag.py
[2024-10-29T23:52:13.139+0000] {logging_mixin.py:188} INFO - [2024-10-29T23:52:13.139+0000] {dag.py:3047} INFO - Sync 1 DAGs
[2024-10-29T23:52:13.176+0000] {logging_mixin.py:188} INFO - [2024-10-29T23:52:13.176+0000] {dag.py:3834} INFO - Setting next_dagrun for example_sla_dag to 2024-10-29 23:50:00+00:00, run_after=2024-10-29 23:52:00+00:00
[2024-10-29T23:52:13.205+0000] {processor.py:183} INFO - Processing /home/airflow/.local/lib/python3.8/site-packages/airflow/example_dags/example_sla_dag.py took 0.104 seconds
[2024-10-29T23:52:43.440+0000] {processor.py:161} INFO - Started process (PID=2099) to work on /home/airflow/.local/lib/python3.8/site-packages/airflow/example_dags/example_sla_dag.py
[2024-10-29T23:52:43.441+0000] {processor.py:830} INFO - Processing file /home/airflow/.local/lib/python3.8/site-packages/airflow/example_dags/example_sla_dag.py for tasks to queue
[2024-10-29T23:52:43.443+0000] {logging_mixin.py:188} INFO - [2024-10-29T23:52:43.442+0000] {dagbag.py:540} INFO - Filling up the DagBag from /home/airflow/.local/lib/python3.8/site-packages/airflow/example_dags/example_sla_dag.py
[2024-10-29T23:52:43.450+0000] {processor.py:840} INFO - DAG(s) 'example_sla_dag' retrieved from /home/airflow/.local/lib/python3.8/site-packages/airflow/example_dags/example_sla_dag.py
[2024-10-29T23:52:43.470+0000] {logging_mixin.py:188} INFO - [2024-10-29T23:52:43.469+0000] {dag.py:3047} INFO - Sync 1 DAGs
[2024-10-29T23:52:43.496+0000] {logging_mixin.py:188} INFO - [2024-10-29T23:52:43.496+0000] {dag.py:3834} INFO - Setting next_dagrun for example_sla_dag to 2024-10-29 23:50:00+00:00, run_after=2024-10-29 23:52:00+00:00
[2024-10-29T23:52:43.514+0000] {processor.py:183} INFO - Processing /home/airflow/.local/lib/python3.8/site-packages/airflow/example_dags/example_sla_dag.py took 0.078 seconds
[2024-10-29T23:53:13.734+0000] {processor.py:161} INFO - Started process (PID=2155) to work on /home/airflow/.local/lib/python3.8/site-packages/airflow/example_dags/example_sla_dag.py
[2024-10-29T23:53:13.735+0000] {processor.py:830} INFO - Processing file /home/airflow/.local/lib/python3.8/site-packages/airflow/example_dags/example_sla_dag.py for tasks to queue
[2024-10-29T23:53:13.736+0000] {logging_mixin.py:188} INFO - [2024-10-29T23:53:13.736+0000] {dagbag.py:540} INFO - Filling up the DagBag from /home/airflow/.local/lib/python3.8/site-packages/airflow/example_dags/example_sla_dag.py
[2024-10-29T23:53:13.749+0000] {processor.py:840} INFO - DAG(s) 'example_sla_dag' retrieved from /home/airflow/.local/lib/python3.8/site-packages/airflow/example_dags/example_sla_dag.py
[2024-10-29T23:53:13.770+0000] {logging_mixin.py:188} INFO - [2024-10-29T23:53:13.770+0000] {dag.py:3047} INFO - Sync 1 DAGs
[2024-10-29T23:53:13.797+0000] {logging_mixin.py:188} INFO - [2024-10-29T23:53:13.797+0000] {dag.py:3834} INFO - Setting next_dagrun for example_sla_dag to 2024-10-29 23:50:00+00:00, run_after=2024-10-29 23:52:00+00:00
[2024-10-29T23:53:13.816+0000] {processor.py:183} INFO - Processing /home/airflow/.local/lib/python3.8/site-packages/airflow/example_dags/example_sla_dag.py took 0.085 seconds
[2024-10-29T23:53:44.212+0000] {processor.py:161} INFO - Started process (PID=2210) to work on /home/airflow/.local/lib/python3.8/site-packages/airflow/example_dags/example_sla_dag.py
[2024-10-29T23:53:44.213+0000] {processor.py:830} INFO - Processing file /home/airflow/.local/lib/python3.8/site-packages/airflow/example_dags/example_sla_dag.py for tasks to queue
[2024-10-29T23:53:44.215+0000] {logging_mixin.py:188} INFO - [2024-10-29T23:53:44.214+0000] {dagbag.py:540} INFO - Filling up the DagBag from /home/airflow/.local/lib/python3.8/site-packages/airflow/example_dags/example_sla_dag.py
[2024-10-29T23:53:44.226+0000] {processor.py:840} INFO - DAG(s) 'example_sla_dag' retrieved from /home/airflow/.local/lib/python3.8/site-packages/airflow/example_dags/example_sla_dag.py
[2024-10-29T23:53:44.251+0000] {logging_mixin.py:188} INFO - [2024-10-29T23:53:44.251+0000] {dag.py:3047} INFO - Sync 1 DAGs
[2024-10-29T23:53:44.285+0000] {logging_mixin.py:188} INFO - [2024-10-29T23:53:44.285+0000] {dag.py:3834} INFO - Setting next_dagrun for example_sla_dag to 2024-10-29 23:50:00+00:00, run_after=2024-10-29 23:52:00+00:00
[2024-10-29T23:53:44.308+0000] {processor.py:183} INFO - Processing /home/airflow/.local/lib/python3.8/site-packages/airflow/example_dags/example_sla_dag.py took 0.099 seconds
[2024-10-29T23:54:14.331+0000] {processor.py:161} INFO - Started process (PID=2266) to work on /home/airflow/.local/lib/python3.8/site-packages/airflow/example_dags/example_sla_dag.py
[2024-10-29T23:54:14.331+0000] {processor.py:830} INFO - Processing file /home/airflow/.local/lib/python3.8/site-packages/airflow/example_dags/example_sla_dag.py for tasks to queue
[2024-10-29T23:54:14.332+0000] {logging_mixin.py:188} INFO - [2024-10-29T23:54:14.332+0000] {dagbag.py:540} INFO - Filling up the DagBag from /home/airflow/.local/lib/python3.8/site-packages/airflow/example_dags/example_sla_dag.py
[2024-10-29T23:54:14.340+0000] {processor.py:840} INFO - DAG(s) 'example_sla_dag' retrieved from /home/airflow/.local/lib/python3.8/site-packages/airflow/example_dags/example_sla_dag.py
[2024-10-29T23:54:14.356+0000] {logging_mixin.py:188} INFO - [2024-10-29T23:54:14.355+0000] {dag.py:3047} INFO - Sync 1 DAGs
[2024-10-29T23:54:14.377+0000] {logging_mixin.py:188} INFO - [2024-10-29T23:54:14.377+0000] {dag.py:3834} INFO - Setting next_dagrun for example_sla_dag to 2024-10-29 23:52:00+00:00, run_after=2024-10-29 23:54:00+00:00
[2024-10-29T23:54:14.392+0000] {processor.py:183} INFO - Processing /home/airflow/.local/lib/python3.8/site-packages/airflow/example_dags/example_sla_dag.py took 0.064 seconds
[2024-10-29T23:54:45.026+0000] {processor.py:161} INFO - Started process (PID=2322) to work on /home/airflow/.local/lib/python3.8/site-packages/airflow/example_dags/example_sla_dag.py
[2024-10-29T23:54:45.027+0000] {processor.py:830} INFO - Processing file /home/airflow/.local/lib/python3.8/site-packages/airflow/example_dags/example_sla_dag.py for tasks to queue
[2024-10-29T23:54:45.028+0000] {logging_mixin.py:188} INFO - [2024-10-29T23:54:45.028+0000] {dagbag.py:540} INFO - Filling up the DagBag from /home/airflow/.local/lib/python3.8/site-packages/airflow/example_dags/example_sla_dag.py
[2024-10-29T23:54:45.035+0000] {processor.py:840} INFO - DAG(s) 'example_sla_dag' retrieved from /home/airflow/.local/lib/python3.8/site-packages/airflow/example_dags/example_sla_dag.py
[2024-10-29T23:54:45.051+0000] {logging_mixin.py:188} INFO - [2024-10-29T23:54:45.051+0000] {dag.py:3047} INFO - Sync 1 DAGs
[2024-10-29T23:54:45.076+0000] {logging_mixin.py:188} INFO - [2024-10-29T23:54:45.076+0000] {dag.py:3834} INFO - Setting next_dagrun for example_sla_dag to 2024-10-29 23:52:00+00:00, run_after=2024-10-29 23:54:00+00:00
[2024-10-29T23:54:45.094+0000] {processor.py:183} INFO - Processing /home/airflow/.local/lib/python3.8/site-packages/airflow/example_dags/example_sla_dag.py took 0.070 seconds
[2024-10-29T23:55:15.287+0000] {processor.py:161} INFO - Started process (PID=2378) to work on /home/airflow/.local/lib/python3.8/site-packages/airflow/example_dags/example_sla_dag.py
[2024-10-29T23:55:15.287+0000] {processor.py:830} INFO - Processing file /home/airflow/.local/lib/python3.8/site-packages/airflow/example_dags/example_sla_dag.py for tasks to queue
[2024-10-29T23:55:15.289+0000] {logging_mixin.py:188} INFO - [2024-10-29T23:55:15.289+0000] {dagbag.py:540} INFO - Filling up the DagBag from /home/airflow/.local/lib/python3.8/site-packages/airflow/example_dags/example_sla_dag.py
[2024-10-29T23:55:15.298+0000] {processor.py:840} INFO - DAG(s) 'example_sla_dag' retrieved from /home/airflow/.local/lib/python3.8/site-packages/airflow/example_dags/example_sla_dag.py
[2024-10-29T23:55:15.314+0000] {logging_mixin.py:188} INFO - [2024-10-29T23:55:15.314+0000] {dag.py:3047} INFO - Sync 1 DAGs
[2024-10-29T23:55:15.338+0000] {logging_mixin.py:188} INFO - [2024-10-29T23:55:15.338+0000] {dag.py:3834} INFO - Setting next_dagrun for example_sla_dag to 2024-10-29 23:52:00+00:00, run_after=2024-10-29 23:54:00+00:00
[2024-10-29T23:55:15.354+0000] {processor.py:183} INFO - Processing /home/airflow/.local/lib/python3.8/site-packages/airflow/example_dags/example_sla_dag.py took 0.070 seconds
[2024-10-29T23:55:45.660+0000] {processor.py:161} INFO - Started process (PID=2434) to work on /home/airflow/.local/lib/python3.8/site-packages/airflow/example_dags/example_sla_dag.py
[2024-10-29T23:55:45.661+0000] {processor.py:830} INFO - Processing file /home/airflow/.local/lib/python3.8/site-packages/airflow/example_dags/example_sla_dag.py for tasks to queue
[2024-10-29T23:55:45.663+0000] {logging_mixin.py:188} INFO - [2024-10-29T23:55:45.662+0000] {dagbag.py:540} INFO - Filling up the DagBag from /home/airflow/.local/lib/python3.8/site-packages/airflow/example_dags/example_sla_dag.py
[2024-10-29T23:55:45.672+0000] {processor.py:840} INFO - DAG(s) 'example_sla_dag' retrieved from /home/airflow/.local/lib/python3.8/site-packages/airflow/example_dags/example_sla_dag.py
[2024-10-29T23:55:45.693+0000] {logging_mixin.py:188} INFO - [2024-10-29T23:55:45.693+0000] {dag.py:3047} INFO - Sync 1 DAGs
[2024-10-29T23:55:45.725+0000] {logging_mixin.py:188} INFO - [2024-10-29T23:55:45.725+0000] {dag.py:3834} INFO - Setting next_dagrun for example_sla_dag to 2024-10-29 23:52:00+00:00, run_after=2024-10-29 23:54:00+00:00
[2024-10-29T23:55:45.744+0000] {processor.py:183} INFO - Processing /home/airflow/.local/lib/python3.8/site-packages/airflow/example_dags/example_sla_dag.py took 0.087 seconds
[2024-10-29T23:56:16.554+0000] {processor.py:161} INFO - Started process (PID=2490) to work on /home/airflow/.local/lib/python3.8/site-packages/airflow/example_dags/example_sla_dag.py
[2024-10-29T23:56:16.555+0000] {processor.py:830} INFO - Processing file /home/airflow/.local/lib/python3.8/site-packages/airflow/example_dags/example_sla_dag.py for tasks to queue
[2024-10-29T23:56:16.556+0000] {logging_mixin.py:188} INFO - [2024-10-29T23:56:16.556+0000] {dagbag.py:540} INFO - Filling up the DagBag from /home/airflow/.local/lib/python3.8/site-packages/airflow/example_dags/example_sla_dag.py
[2024-10-29T23:56:16.564+0000] {processor.py:840} INFO - DAG(s) 'example_sla_dag' retrieved from /home/airflow/.local/lib/python3.8/site-packages/airflow/example_dags/example_sla_dag.py
[2024-10-29T23:56:16.579+0000] {logging_mixin.py:188} INFO - [2024-10-29T23:56:16.579+0000] {dag.py:3047} INFO - Sync 1 DAGs
[2024-10-29T23:56:16.603+0000] {logging_mixin.py:188} INFO - [2024-10-29T23:56:16.602+0000] {dag.py:3834} INFO - Setting next_dagrun for example_sla_dag to 2024-10-29 23:54:00+00:00, run_after=2024-10-29 23:56:00+00:00
[2024-10-29T23:56:16.618+0000] {processor.py:183} INFO - Processing /home/airflow/.local/lib/python3.8/site-packages/airflow/example_dags/example_sla_dag.py took 0.067 seconds
[2024-10-29T23:56:47.027+0000] {processor.py:161} INFO - Started process (PID=2546) to work on /home/airflow/.local/lib/python3.8/site-packages/airflow/example_dags/example_sla_dag.py
[2024-10-29T23:56:47.028+0000] {processor.py:830} INFO - Processing file /home/airflow/.local/lib/python3.8/site-packages/airflow/example_dags/example_sla_dag.py for tasks to queue
[2024-10-29T23:56:47.029+0000] {logging_mixin.py:188} INFO - [2024-10-29T23:56:47.029+0000] {dagbag.py:540} INFO - Filling up the DagBag from /home/airflow/.local/lib/python3.8/site-packages/airflow/example_dags/example_sla_dag.py
[2024-10-29T23:56:47.039+0000] {processor.py:840} INFO - DAG(s) 'example_sla_dag' retrieved from /home/airflow/.local/lib/python3.8/site-packages/airflow/example_dags/example_sla_dag.py
[2024-10-29T23:56:47.059+0000] {logging_mixin.py:188} INFO - [2024-10-29T23:56:47.059+0000] {dag.py:3047} INFO - Sync 1 DAGs
[2024-10-29T23:56:47.088+0000] {logging_mixin.py:188} INFO - [2024-10-29T23:56:47.088+0000] {dag.py:3834} INFO - Setting next_dagrun for example_sla_dag to 2024-10-29 23:54:00+00:00, run_after=2024-10-29 23:56:00+00:00
[2024-10-29T23:56:47.107+0000] {processor.py:183} INFO - Processing /home/airflow/.local/lib/python3.8/site-packages/airflow/example_dags/example_sla_dag.py took 0.083 seconds
[2024-10-29T23:57:17.826+0000] {processor.py:161} INFO - Started process (PID=2602) to work on /home/airflow/.local/lib/python3.8/site-packages/airflow/example_dags/example_sla_dag.py
[2024-10-29T23:57:17.827+0000] {processor.py:830} INFO - Processing file /home/airflow/.local/lib/python3.8/site-packages/airflow/example_dags/example_sla_dag.py for tasks to queue
[2024-10-29T23:57:17.829+0000] {logging_mixin.py:188} INFO - [2024-10-29T23:57:17.828+0000] {dagbag.py:540} INFO - Filling up the DagBag from /home/airflow/.local/lib/python3.8/site-packages/airflow/example_dags/example_sla_dag.py
[2024-10-29T23:57:17.838+0000] {processor.py:840} INFO - DAG(s) 'example_sla_dag' retrieved from /home/airflow/.local/lib/python3.8/site-packages/airflow/example_dags/example_sla_dag.py
[2024-10-29T23:57:17.857+0000] {logging_mixin.py:188} INFO - [2024-10-29T23:57:17.857+0000] {dag.py:3047} INFO - Sync 1 DAGs
[2024-10-29T23:57:17.883+0000] {logging_mixin.py:188} INFO - [2024-10-29T23:57:17.883+0000] {dag.py:3834} INFO - Setting next_dagrun for example_sla_dag to 2024-10-29 23:54:00+00:00, run_after=2024-10-29 23:56:00+00:00
[2024-10-29T23:57:17.897+0000] {processor.py:183} INFO - Processing /home/airflow/.local/lib/python3.8/site-packages/airflow/example_dags/example_sla_dag.py took 0.074 seconds
[2024-10-29T23:57:48.061+0000] {processor.py:161} INFO - Started process (PID=2658) to work on /home/airflow/.local/lib/python3.8/site-packages/airflow/example_dags/example_sla_dag.py
[2024-10-29T23:57:48.062+0000] {processor.py:830} INFO - Processing file /home/airflow/.local/lib/python3.8/site-packages/airflow/example_dags/example_sla_dag.py for tasks to queue
[2024-10-29T23:57:48.064+0000] {logging_mixin.py:188} INFO - [2024-10-29T23:57:48.063+0000] {dagbag.py:540} INFO - Filling up the DagBag from /home/airflow/.local/lib/python3.8/site-packages/airflow/example_dags/example_sla_dag.py
[2024-10-29T23:57:48.073+0000] {processor.py:840} INFO - DAG(s) 'example_sla_dag' retrieved from /home/airflow/.local/lib/python3.8/site-packages/airflow/example_dags/example_sla_dag.py
[2024-10-29T23:57:48.094+0000] {logging_mixin.py:188} INFO - [2024-10-29T23:57:48.093+0000] {dag.py:3047} INFO - Sync 1 DAGs
[2024-10-29T23:57:48.120+0000] {logging_mixin.py:188} INFO - [2024-10-29T23:57:48.120+0000] {dag.py:3834} INFO - Setting next_dagrun for example_sla_dag to 2024-10-29 23:54:00+00:00, run_after=2024-10-29 23:56:00+00:00
[2024-10-29T23:57:48.135+0000] {processor.py:183} INFO - Processing /home/airflow/.local/lib/python3.8/site-packages/airflow/example_dags/example_sla_dag.py took 0.077 seconds
[2024-10-29T23:58:18.828+0000] {processor.py:161} INFO - Started process (PID=2714) to work on /home/airflow/.local/lib/python3.8/site-packages/airflow/example_dags/example_sla_dag.py
[2024-10-29T23:58:18.829+0000] {processor.py:830} INFO - Processing file /home/airflow/.local/lib/python3.8/site-packages/airflow/example_dags/example_sla_dag.py for tasks to queue
[2024-10-29T23:58:18.830+0000] {logging_mixin.py:188} INFO - [2024-10-29T23:58:18.830+0000] {dagbag.py:540} INFO - Filling up the DagBag from /home/airflow/.local/lib/python3.8/site-packages/airflow/example_dags/example_sla_dag.py
[2024-10-29T23:58:18.839+0000] {processor.py:840} INFO - DAG(s) 'example_sla_dag' retrieved from /home/airflow/.local/lib/python3.8/site-packages/airflow/example_dags/example_sla_dag.py
[2024-10-29T23:58:18.858+0000] {logging_mixin.py:188} INFO - [2024-10-29T23:58:18.857+0000] {dag.py:3047} INFO - Sync 1 DAGs
[2024-10-29T23:58:18.888+0000] {logging_mixin.py:188} INFO - [2024-10-29T23:58:18.888+0000] {dag.py:3834} INFO - Setting next_dagrun for example_sla_dag to 2024-10-29 23:56:00+00:00, run_after=2024-10-29 23:58:00+00:00
[2024-10-29T23:58:18.911+0000] {processor.py:183} INFO - Processing /home/airflow/.local/lib/python3.8/site-packages/airflow/example_dags/example_sla_dag.py took 0.086 seconds
[2024-10-29T23:58:49.944+0000] {processor.py:161} INFO - Started process (PID=2770) to work on /home/airflow/.local/lib/python3.8/site-packages/airflow/example_dags/example_sla_dag.py
[2024-10-29T23:58:49.945+0000] {processor.py:830} INFO - Processing file /home/airflow/.local/lib/python3.8/site-packages/airflow/example_dags/example_sla_dag.py for tasks to queue
[2024-10-29T23:58:49.946+0000] {logging_mixin.py:188} INFO - [2024-10-29T23:58:49.946+0000] {dagbag.py:540} INFO - Filling up the DagBag from /home/airflow/.local/lib/python3.8/site-packages/airflow/example_dags/example_sla_dag.py
[2024-10-29T23:58:49.954+0000] {processor.py:840} INFO - DAG(s) 'example_sla_dag' retrieved from /home/airflow/.local/lib/python3.8/site-packages/airflow/example_dags/example_sla_dag.py
[2024-10-29T23:58:49.974+0000] {logging_mixin.py:188} INFO - [2024-10-29T23:58:49.974+0000] {dag.py:3047} INFO - Sync 1 DAGs
[2024-10-29T23:58:49.997+0000] {logging_mixin.py:188} INFO - [2024-10-29T23:58:49.997+0000] {dag.py:3834} INFO - Setting next_dagrun for example_sla_dag to 2024-10-29 23:56:00+00:00, run_after=2024-10-29 23:58:00+00:00
[2024-10-29T23:58:50.012+0000] {processor.py:183} INFO - Processing /home/airflow/.local/lib/python3.8/site-packages/airflow/example_dags/example_sla_dag.py took 0.070 seconds
[2024-10-29T23:59:20.345+0000] {processor.py:161} INFO - Started process (PID=2826) to work on /home/airflow/.local/lib/python3.8/site-packages/airflow/example_dags/example_sla_dag.py
[2024-10-29T23:59:20.346+0000] {processor.py:830} INFO - Processing file /home/airflow/.local/lib/python3.8/site-packages/airflow/example_dags/example_sla_dag.py for tasks to queue
[2024-10-29T23:59:20.347+0000] {logging_mixin.py:188} INFO - [2024-10-29T23:59:20.347+0000] {dagbag.py:540} INFO - Filling up the DagBag from /home/airflow/.local/lib/python3.8/site-packages/airflow/example_dags/example_sla_dag.py
[2024-10-29T23:59:20.356+0000] {processor.py:840} INFO - DAG(s) 'example_sla_dag' retrieved from /home/airflow/.local/lib/python3.8/site-packages/airflow/example_dags/example_sla_dag.py
[2024-10-29T23:59:20.375+0000] {logging_mixin.py:188} INFO - [2024-10-29T23:59:20.374+0000] {dag.py:3047} INFO - Sync 1 DAGs
[2024-10-29T23:59:20.401+0000] {logging_mixin.py:188} INFO - [2024-10-29T23:59:20.401+0000] {dag.py:3834} INFO - Setting next_dagrun for example_sla_dag to 2024-10-29 23:56:00+00:00, run_after=2024-10-29 23:58:00+00:00
[2024-10-29T23:59:20.417+0000] {processor.py:183} INFO - Processing /home/airflow/.local/lib/python3.8/site-packages/airflow/example_dags/example_sla_dag.py took 0.075 seconds
[2024-10-29T23:59:50.721+0000] {processor.py:161} INFO - Started process (PID=2882) to work on /home/airflow/.local/lib/python3.8/site-packages/airflow/example_dags/example_sla_dag.py
[2024-10-29T23:59:50.722+0000] {processor.py:830} INFO - Processing file /home/airflow/.local/lib/python3.8/site-packages/airflow/example_dags/example_sla_dag.py for tasks to queue
[2024-10-29T23:59:50.725+0000] {logging_mixin.py:188} INFO - [2024-10-29T23:59:50.724+0000] {dagbag.py:540} INFO - Filling up the DagBag from /home/airflow/.local/lib/python3.8/site-packages/airflow/example_dags/example_sla_dag.py
[2024-10-29T23:59:50.739+0000] {processor.py:840} INFO - DAG(s) 'example_sla_dag' retrieved from /home/airflow/.local/lib/python3.8/site-packages/airflow/example_dags/example_sla_dag.py
[2024-10-29T23:59:50.766+0000] {logging_mixin.py:188} INFO - [2024-10-29T23:59:50.766+0000] {dag.py:3047} INFO - Sync 1 DAGs
[2024-10-29T23:59:50.810+0000] {logging_mixin.py:188} INFO - [2024-10-29T23:59:50.809+0000] {dag.py:3834} INFO - Setting next_dagrun for example_sla_dag to 2024-10-29 23:56:00+00:00, run_after=2024-10-29 23:58:00+00:00
[2024-10-29T23:59:50.840+0000] {processor.py:183} INFO - Processing /home/airflow/.local/lib/python3.8/site-packages/airflow/example_dags/example_sla_dag.py took 0.123 seconds
