[2024-10-29T23:27:21.112+0000] {processor.py:161} INFO - Started process (PID=16627) to work on /home/airflow/.local/lib/python3.8/site-packages/airflow/example_dags/example_branch_day_of_week_operator.py
[2024-10-29T23:27:21.113+0000] {processor.py:830} INFO - Processing file /home/airflow/.local/lib/python3.8/site-packages/airflow/example_dags/example_branch_day_of_week_operator.py for tasks to queue
[2024-10-29T23:27:21.116+0000] {logging_mixin.py:188} INFO - [2024-10-29T23:27:21.115+0000] {dagbag.py:540} INFO - Filling up the DagBag from /home/airflow/.local/lib/python3.8/site-packages/airflow/example_dags/example_branch_day_of_week_operator.py
[2024-10-29T23:27:21.126+0000] {processor.py:840} INFO - DAG(s) 'example_weekday_branch_operator' retrieved from /home/airflow/.local/lib/python3.8/site-packages/airflow/example_dags/example_branch_day_of_week_operator.py
[2024-10-29T23:27:21.179+0000] {logging_mixin.py:188} INFO - [2024-10-29T23:27:21.178+0000] {dag.py:3047} INFO - Sync 1 DAGs
[2024-10-29T23:27:21.225+0000] {logging_mixin.py:188} INFO - [2024-10-29T23:27:21.224+0000] {dag.py:3834} INFO - Setting next_dagrun for example_weekday_branch_operator to 2024-10-28 00:00:00+00:00, run_after=2024-10-29 00:00:00+00:00
[2024-10-29T23:27:21.262+0000] {processor.py:183} INFO - Processing /home/airflow/.local/lib/python3.8/site-packages/airflow/example_dags/example_branch_day_of_week_operator.py took 0.154 seconds
[2024-10-29T23:27:51.546+0000] {processor.py:161} INFO - Started process (PID=16683) to work on /home/airflow/.local/lib/python3.8/site-packages/airflow/example_dags/example_branch_day_of_week_operator.py
[2024-10-29T23:27:51.547+0000] {processor.py:830} INFO - Processing file /home/airflow/.local/lib/python3.8/site-packages/airflow/example_dags/example_branch_day_of_week_operator.py for tasks to queue
[2024-10-29T23:27:51.548+0000] {logging_mixin.py:188} INFO - [2024-10-29T23:27:51.548+0000] {dagbag.py:540} INFO - Filling up the DagBag from /home/airflow/.local/lib/python3.8/site-packages/airflow/example_dags/example_branch_day_of_week_operator.py
[2024-10-29T23:27:51.556+0000] {processor.py:840} INFO - DAG(s) 'example_weekday_branch_operator' retrieved from /home/airflow/.local/lib/python3.8/site-packages/airflow/example_dags/example_branch_day_of_week_operator.py
[2024-10-29T23:27:51.575+0000] {logging_mixin.py:188} INFO - [2024-10-29T23:27:51.575+0000] {dag.py:3047} INFO - Sync 1 DAGs
[2024-10-29T23:27:51.599+0000] {logging_mixin.py:188} INFO - [2024-10-29T23:27:51.598+0000] {dag.py:3834} INFO - Setting next_dagrun for example_weekday_branch_operator to 2024-10-28 00:00:00+00:00, run_after=2024-10-29 00:00:00+00:00
[2024-10-29T23:27:51.615+0000] {processor.py:183} INFO - Processing /home/airflow/.local/lib/python3.8/site-packages/airflow/example_dags/example_branch_day_of_week_operator.py took 0.072 seconds
[2024-10-29T23:28:22.149+0000] {processor.py:161} INFO - Started process (PID=16739) to work on /home/airflow/.local/lib/python3.8/site-packages/airflow/example_dags/example_branch_day_of_week_operator.py
[2024-10-29T23:28:22.150+0000] {processor.py:830} INFO - Processing file /home/airflow/.local/lib/python3.8/site-packages/airflow/example_dags/example_branch_day_of_week_operator.py for tasks to queue
[2024-10-29T23:28:22.151+0000] {logging_mixin.py:188} INFO - [2024-10-29T23:28:22.151+0000] {dagbag.py:540} INFO - Filling up the DagBag from /home/airflow/.local/lib/python3.8/site-packages/airflow/example_dags/example_branch_day_of_week_operator.py
[2024-10-29T23:28:22.158+0000] {processor.py:840} INFO - DAG(s) 'example_weekday_branch_operator' retrieved from /home/airflow/.local/lib/python3.8/site-packages/airflow/example_dags/example_branch_day_of_week_operator.py
[2024-10-29T23:28:22.177+0000] {logging_mixin.py:188} INFO - [2024-10-29T23:28:22.177+0000] {dag.py:3047} INFO - Sync 1 DAGs
[2024-10-29T23:28:22.203+0000] {logging_mixin.py:188} INFO - [2024-10-29T23:28:22.203+0000] {dag.py:3834} INFO - Setting next_dagrun for example_weekday_branch_operator to 2024-10-28 00:00:00+00:00, run_after=2024-10-29 00:00:00+00:00
[2024-10-29T23:28:22.224+0000] {processor.py:183} INFO - Processing /home/airflow/.local/lib/python3.8/site-packages/airflow/example_dags/example_branch_day_of_week_operator.py took 0.077 seconds
[2024-10-29T23:28:52.886+0000] {processor.py:161} INFO - Started process (PID=16795) to work on /home/airflow/.local/lib/python3.8/site-packages/airflow/example_dags/example_branch_day_of_week_operator.py
[2024-10-29T23:28:52.887+0000] {processor.py:830} INFO - Processing file /home/airflow/.local/lib/python3.8/site-packages/airflow/example_dags/example_branch_day_of_week_operator.py for tasks to queue
[2024-10-29T23:28:52.889+0000] {logging_mixin.py:188} INFO - [2024-10-29T23:28:52.888+0000] {dagbag.py:540} INFO - Filling up the DagBag from /home/airflow/.local/lib/python3.8/site-packages/airflow/example_dags/example_branch_day_of_week_operator.py
[2024-10-29T23:28:52.896+0000] {processor.py:840} INFO - DAG(s) 'example_weekday_branch_operator' retrieved from /home/airflow/.local/lib/python3.8/site-packages/airflow/example_dags/example_branch_day_of_week_operator.py
[2024-10-29T23:28:52.919+0000] {logging_mixin.py:188} INFO - [2024-10-29T23:28:52.919+0000] {dag.py:3047} INFO - Sync 1 DAGs
[2024-10-29T23:28:52.943+0000] {logging_mixin.py:188} INFO - [2024-10-29T23:28:52.943+0000] {dag.py:3834} INFO - Setting next_dagrun for example_weekday_branch_operator to 2024-10-28 00:00:00+00:00, run_after=2024-10-29 00:00:00+00:00
[2024-10-29T23:28:52.957+0000] {processor.py:183} INFO - Processing /home/airflow/.local/lib/python3.8/site-packages/airflow/example_dags/example_branch_day_of_week_operator.py took 0.074 seconds
[2024-10-29T23:29:23.053+0000] {processor.py:161} INFO - Started process (PID=16851) to work on /home/airflow/.local/lib/python3.8/site-packages/airflow/example_dags/example_branch_day_of_week_operator.py
[2024-10-29T23:29:23.054+0000] {processor.py:830} INFO - Processing file /home/airflow/.local/lib/python3.8/site-packages/airflow/example_dags/example_branch_day_of_week_operator.py for tasks to queue
[2024-10-29T23:29:23.056+0000] {logging_mixin.py:188} INFO - [2024-10-29T23:29:23.056+0000] {dagbag.py:540} INFO - Filling up the DagBag from /home/airflow/.local/lib/python3.8/site-packages/airflow/example_dags/example_branch_day_of_week_operator.py
[2024-10-29T23:29:23.063+0000] {processor.py:840} INFO - DAG(s) 'example_weekday_branch_operator' retrieved from /home/airflow/.local/lib/python3.8/site-packages/airflow/example_dags/example_branch_day_of_week_operator.py
[2024-10-29T23:29:23.086+0000] {logging_mixin.py:188} INFO - [2024-10-29T23:29:23.086+0000] {dag.py:3047} INFO - Sync 1 DAGs
[2024-10-29T23:29:23.111+0000] {logging_mixin.py:188} INFO - [2024-10-29T23:29:23.111+0000] {dag.py:3834} INFO - Setting next_dagrun for example_weekday_branch_operator to 2024-10-28 00:00:00+00:00, run_after=2024-10-29 00:00:00+00:00
[2024-10-29T23:29:23.130+0000] {processor.py:183} INFO - Processing /home/airflow/.local/lib/python3.8/site-packages/airflow/example_dags/example_branch_day_of_week_operator.py took 0.080 seconds
[2024-10-29T23:29:53.472+0000] {processor.py:161} INFO - Started process (PID=16907) to work on /home/airflow/.local/lib/python3.8/site-packages/airflow/example_dags/example_branch_day_of_week_operator.py
[2024-10-29T23:29:53.473+0000] {processor.py:830} INFO - Processing file /home/airflow/.local/lib/python3.8/site-packages/airflow/example_dags/example_branch_day_of_week_operator.py for tasks to queue
[2024-10-29T23:29:53.474+0000] {logging_mixin.py:188} INFO - [2024-10-29T23:29:53.474+0000] {dagbag.py:540} INFO - Filling up the DagBag from /home/airflow/.local/lib/python3.8/site-packages/airflow/example_dags/example_branch_day_of_week_operator.py
[2024-10-29T23:29:53.480+0000] {processor.py:840} INFO - DAG(s) 'example_weekday_branch_operator' retrieved from /home/airflow/.local/lib/python3.8/site-packages/airflow/example_dags/example_branch_day_of_week_operator.py
[2024-10-29T23:29:53.499+0000] {logging_mixin.py:188} INFO - [2024-10-29T23:29:53.499+0000] {dag.py:3047} INFO - Sync 1 DAGs
[2024-10-29T23:29:53.520+0000] {logging_mixin.py:188} INFO - [2024-10-29T23:29:53.519+0000] {dag.py:3834} INFO - Setting next_dagrun for example_weekday_branch_operator to 2024-10-28 00:00:00+00:00, run_after=2024-10-29 00:00:00+00:00
[2024-10-29T23:29:53.534+0000] {processor.py:183} INFO - Processing /home/airflow/.local/lib/python3.8/site-packages/airflow/example_dags/example_branch_day_of_week_operator.py took 0.064 seconds
[2024-10-29T23:30:23.918+0000] {processor.py:161} INFO - Started process (PID=16963) to work on /home/airflow/.local/lib/python3.8/site-packages/airflow/example_dags/example_branch_day_of_week_operator.py
[2024-10-29T23:30:23.919+0000] {processor.py:830} INFO - Processing file /home/airflow/.local/lib/python3.8/site-packages/airflow/example_dags/example_branch_day_of_week_operator.py for tasks to queue
[2024-10-29T23:30:23.920+0000] {logging_mixin.py:188} INFO - [2024-10-29T23:30:23.920+0000] {dagbag.py:540} INFO - Filling up the DagBag from /home/airflow/.local/lib/python3.8/site-packages/airflow/example_dags/example_branch_day_of_week_operator.py
[2024-10-29T23:30:23.927+0000] {processor.py:840} INFO - DAG(s) 'example_weekday_branch_operator' retrieved from /home/airflow/.local/lib/python3.8/site-packages/airflow/example_dags/example_branch_day_of_week_operator.py
[2024-10-29T23:30:23.947+0000] {logging_mixin.py:188} INFO - [2024-10-29T23:30:23.947+0000] {dag.py:3047} INFO - Sync 1 DAGs
[2024-10-29T23:30:23.976+0000] {logging_mixin.py:188} INFO - [2024-10-29T23:30:23.976+0000] {dag.py:3834} INFO - Setting next_dagrun for example_weekday_branch_operator to 2024-10-28 00:00:00+00:00, run_after=2024-10-29 00:00:00+00:00
[2024-10-29T23:30:23.993+0000] {processor.py:183} INFO - Processing /home/airflow/.local/lib/python3.8/site-packages/airflow/example_dags/example_branch_day_of_week_operator.py took 0.078 seconds
[2024-10-29T23:30:54.534+0000] {processor.py:161} INFO - Started process (PID=17018) to work on /home/airflow/.local/lib/python3.8/site-packages/airflow/example_dags/example_branch_day_of_week_operator.py
[2024-10-29T23:30:54.534+0000] {processor.py:830} INFO - Processing file /home/airflow/.local/lib/python3.8/site-packages/airflow/example_dags/example_branch_day_of_week_operator.py for tasks to queue
[2024-10-29T23:30:54.535+0000] {logging_mixin.py:188} INFO - [2024-10-29T23:30:54.535+0000] {dagbag.py:540} INFO - Filling up the DagBag from /home/airflow/.local/lib/python3.8/site-packages/airflow/example_dags/example_branch_day_of_week_operator.py
[2024-10-29T23:30:54.541+0000] {processor.py:840} INFO - DAG(s) 'example_weekday_branch_operator' retrieved from /home/airflow/.local/lib/python3.8/site-packages/airflow/example_dags/example_branch_day_of_week_operator.py
[2024-10-29T23:30:54.556+0000] {logging_mixin.py:188} INFO - [2024-10-29T23:30:54.555+0000] {dag.py:3047} INFO - Sync 1 DAGs
[2024-10-29T23:30:54.573+0000] {logging_mixin.py:188} INFO - [2024-10-29T23:30:54.573+0000] {dag.py:3834} INFO - Setting next_dagrun for example_weekday_branch_operator to 2024-10-28 00:00:00+00:00, run_after=2024-10-29 00:00:00+00:00
[2024-10-29T23:30:54.586+0000] {processor.py:183} INFO - Processing /home/airflow/.local/lib/python3.8/site-packages/airflow/example_dags/example_branch_day_of_week_operator.py took 0.054 seconds
[2024-10-29T23:31:25.079+0000] {processor.py:161} INFO - Started process (PID=17074) to work on /home/airflow/.local/lib/python3.8/site-packages/airflow/example_dags/example_branch_day_of_week_operator.py
[2024-10-29T23:31:25.080+0000] {processor.py:830} INFO - Processing file /home/airflow/.local/lib/python3.8/site-packages/airflow/example_dags/example_branch_day_of_week_operator.py for tasks to queue
[2024-10-29T23:31:25.081+0000] {logging_mixin.py:188} INFO - [2024-10-29T23:31:25.081+0000] {dagbag.py:540} INFO - Filling up the DagBag from /home/airflow/.local/lib/python3.8/site-packages/airflow/example_dags/example_branch_day_of_week_operator.py
[2024-10-29T23:31:25.088+0000] {processor.py:840} INFO - DAG(s) 'example_weekday_branch_operator' retrieved from /home/airflow/.local/lib/python3.8/site-packages/airflow/example_dags/example_branch_day_of_week_operator.py
[2024-10-29T23:31:25.108+0000] {logging_mixin.py:188} INFO - [2024-10-29T23:31:25.108+0000] {dag.py:3047} INFO - Sync 1 DAGs
[2024-10-29T23:31:25.133+0000] {logging_mixin.py:188} INFO - [2024-10-29T23:31:25.133+0000] {dag.py:3834} INFO - Setting next_dagrun for example_weekday_branch_operator to 2024-10-28 00:00:00+00:00, run_after=2024-10-29 00:00:00+00:00
[2024-10-29T23:31:25.152+0000] {processor.py:183} INFO - Processing /home/airflow/.local/lib/python3.8/site-packages/airflow/example_dags/example_branch_day_of_week_operator.py took 0.076 seconds
[2024-10-29T23:31:55.818+0000] {processor.py:161} INFO - Started process (PID=17130) to work on /home/airflow/.local/lib/python3.8/site-packages/airflow/example_dags/example_branch_day_of_week_operator.py
[2024-10-29T23:31:55.819+0000] {processor.py:830} INFO - Processing file /home/airflow/.local/lib/python3.8/site-packages/airflow/example_dags/example_branch_day_of_week_operator.py for tasks to queue
[2024-10-29T23:31:55.820+0000] {logging_mixin.py:188} INFO - [2024-10-29T23:31:55.820+0000] {dagbag.py:540} INFO - Filling up the DagBag from /home/airflow/.local/lib/python3.8/site-packages/airflow/example_dags/example_branch_day_of_week_operator.py
[2024-10-29T23:31:55.826+0000] {processor.py:840} INFO - DAG(s) 'example_weekday_branch_operator' retrieved from /home/airflow/.local/lib/python3.8/site-packages/airflow/example_dags/example_branch_day_of_week_operator.py
[2024-10-29T23:31:55.841+0000] {logging_mixin.py:188} INFO - [2024-10-29T23:31:55.841+0000] {dag.py:3047} INFO - Sync 1 DAGs
[2024-10-29T23:31:55.859+0000] {logging_mixin.py:188} INFO - [2024-10-29T23:31:55.859+0000] {dag.py:3834} INFO - Setting next_dagrun for example_weekday_branch_operator to 2024-10-28 00:00:00+00:00, run_after=2024-10-29 00:00:00+00:00
[2024-10-29T23:31:55.872+0000] {processor.py:183} INFO - Processing /home/airflow/.local/lib/python3.8/site-packages/airflow/example_dags/example_branch_day_of_week_operator.py took 0.056 seconds
[2024-10-29T23:32:26.456+0000] {processor.py:161} INFO - Started process (PID=17185) to work on /home/airflow/.local/lib/python3.8/site-packages/airflow/example_dags/example_branch_day_of_week_operator.py
[2024-10-29T23:32:26.457+0000] {processor.py:830} INFO - Processing file /home/airflow/.local/lib/python3.8/site-packages/airflow/example_dags/example_branch_day_of_week_operator.py for tasks to queue
[2024-10-29T23:32:26.459+0000] {logging_mixin.py:188} INFO - [2024-10-29T23:32:26.458+0000] {dagbag.py:540} INFO - Filling up the DagBag from /home/airflow/.local/lib/python3.8/site-packages/airflow/example_dags/example_branch_day_of_week_operator.py
[2024-10-29T23:32:26.467+0000] {processor.py:840} INFO - DAG(s) 'example_weekday_branch_operator' retrieved from /home/airflow/.local/lib/python3.8/site-packages/airflow/example_dags/example_branch_day_of_week_operator.py
[2024-10-29T23:32:26.495+0000] {logging_mixin.py:188} INFO - [2024-10-29T23:32:26.495+0000] {dag.py:3047} INFO - Sync 1 DAGs
[2024-10-29T23:32:26.525+0000] {logging_mixin.py:188} INFO - [2024-10-29T23:32:26.525+0000] {dag.py:3834} INFO - Setting next_dagrun for example_weekday_branch_operator to 2024-10-28 00:00:00+00:00, run_after=2024-10-29 00:00:00+00:00
[2024-10-29T23:32:26.544+0000] {processor.py:183} INFO - Processing /home/airflow/.local/lib/python3.8/site-packages/airflow/example_dags/example_branch_day_of_week_operator.py took 0.091 seconds
[2024-10-29T23:32:56.943+0000] {processor.py:161} INFO - Started process (PID=17241) to work on /home/airflow/.local/lib/python3.8/site-packages/airflow/example_dags/example_branch_day_of_week_operator.py
[2024-10-29T23:32:56.944+0000] {processor.py:830} INFO - Processing file /home/airflow/.local/lib/python3.8/site-packages/airflow/example_dags/example_branch_day_of_week_operator.py for tasks to queue
[2024-10-29T23:32:56.946+0000] {logging_mixin.py:188} INFO - [2024-10-29T23:32:56.945+0000] {dagbag.py:540} INFO - Filling up the DagBag from /home/airflow/.local/lib/python3.8/site-packages/airflow/example_dags/example_branch_day_of_week_operator.py
[2024-10-29T23:32:56.957+0000] {processor.py:840} INFO - DAG(s) 'example_weekday_branch_operator' retrieved from /home/airflow/.local/lib/python3.8/site-packages/airflow/example_dags/example_branch_day_of_week_operator.py
[2024-10-29T23:32:56.988+0000] {logging_mixin.py:188} INFO - [2024-10-29T23:32:56.988+0000] {dag.py:3047} INFO - Sync 1 DAGs
[2024-10-29T23:32:57.027+0000] {logging_mixin.py:188} INFO - [2024-10-29T23:32:57.026+0000] {dag.py:3834} INFO - Setting next_dagrun for example_weekday_branch_operator to 2024-10-28 00:00:00+00:00, run_after=2024-10-29 00:00:00+00:00
[2024-10-29T23:32:57.054+0000] {processor.py:183} INFO - Processing /home/airflow/.local/lib/python3.8/site-packages/airflow/example_dags/example_branch_day_of_week_operator.py took 0.114 seconds
[2024-10-29T23:34:16.245+0000] {processor.py:161} INFO - Started process (PID=40) to work on /home/airflow/.local/lib/python3.8/site-packages/airflow/example_dags/example_branch_day_of_week_operator.py
[2024-10-29T23:34:16.246+0000] {processor.py:830} INFO - Processing file /home/airflow/.local/lib/python3.8/site-packages/airflow/example_dags/example_branch_day_of_week_operator.py for tasks to queue
[2024-10-29T23:34:16.248+0000] {logging_mixin.py:188} INFO - [2024-10-29T23:34:16.248+0000] {dagbag.py:540} INFO - Filling up the DagBag from /home/airflow/.local/lib/python3.8/site-packages/airflow/example_dags/example_branch_day_of_week_operator.py
[2024-10-29T23:34:16.259+0000] {processor.py:840} INFO - DAG(s) 'example_weekday_branch_operator' retrieved from /home/airflow/.local/lib/python3.8/site-packages/airflow/example_dags/example_branch_day_of_week_operator.py
[2024-10-29T23:34:16.272+0000] {logging_mixin.py:188} INFO - [2024-10-29T23:34:16.272+0000] {dag.py:3047} INFO - Sync 1 DAGs
[2024-10-29T23:34:16.308+0000] {logging_mixin.py:188} INFO - [2024-10-29T23:34:16.308+0000] {dag.py:3834} INFO - Setting next_dagrun for example_weekday_branch_operator to 2024-10-28 00:00:00+00:00, run_after=2024-10-29 00:00:00+00:00
[2024-10-29T23:34:16.335+0000] {processor.py:183} INFO - Processing /home/airflow/.local/lib/python3.8/site-packages/airflow/example_dags/example_branch_day_of_week_operator.py took 0.093 seconds
[2024-10-29T23:34:47.023+0000] {processor.py:161} INFO - Started process (PID=96) to work on /home/airflow/.local/lib/python3.8/site-packages/airflow/example_dags/example_branch_day_of_week_operator.py
[2024-10-29T23:34:47.024+0000] {processor.py:830} INFO - Processing file /home/airflow/.local/lib/python3.8/site-packages/airflow/example_dags/example_branch_day_of_week_operator.py for tasks to queue
[2024-10-29T23:34:47.026+0000] {logging_mixin.py:188} INFO - [2024-10-29T23:34:47.026+0000] {dagbag.py:540} INFO - Filling up the DagBag from /home/airflow/.local/lib/python3.8/site-packages/airflow/example_dags/example_branch_day_of_week_operator.py
[2024-10-29T23:34:47.038+0000] {processor.py:840} INFO - DAG(s) 'example_weekday_branch_operator' retrieved from /home/airflow/.local/lib/python3.8/site-packages/airflow/example_dags/example_branch_day_of_week_operator.py
[2024-10-29T23:34:47.220+0000] {logging_mixin.py:188} INFO - [2024-10-29T23:34:47.219+0000] {dag.py:3047} INFO - Sync 1 DAGs
[2024-10-29T23:34:47.259+0000] {logging_mixin.py:188} INFO - [2024-10-29T23:34:47.259+0000] {dag.py:3834} INFO - Setting next_dagrun for example_weekday_branch_operator to 2024-10-28 00:00:00+00:00, run_after=2024-10-29 00:00:00+00:00
[2024-10-29T23:34:47.292+0000] {processor.py:183} INFO - Processing /home/airflow/.local/lib/python3.8/site-packages/airflow/example_dags/example_branch_day_of_week_operator.py took 0.273 seconds
[2024-10-29T23:35:17.316+0000] {processor.py:161} INFO - Started process (PID=152) to work on /home/airflow/.local/lib/python3.8/site-packages/airflow/example_dags/example_branch_day_of_week_operator.py
[2024-10-29T23:35:17.316+0000] {processor.py:830} INFO - Processing file /home/airflow/.local/lib/python3.8/site-packages/airflow/example_dags/example_branch_day_of_week_operator.py for tasks to queue
[2024-10-29T23:35:17.318+0000] {logging_mixin.py:188} INFO - [2024-10-29T23:35:17.318+0000] {dagbag.py:540} INFO - Filling up the DagBag from /home/airflow/.local/lib/python3.8/site-packages/airflow/example_dags/example_branch_day_of_week_operator.py
[2024-10-29T23:35:17.324+0000] {processor.py:840} INFO - DAG(s) 'example_weekday_branch_operator' retrieved from /home/airflow/.local/lib/python3.8/site-packages/airflow/example_dags/example_branch_day_of_week_operator.py
[2024-10-29T23:35:17.345+0000] {logging_mixin.py:188} INFO - [2024-10-29T23:35:17.345+0000] {dag.py:3047} INFO - Sync 1 DAGs
[2024-10-29T23:35:17.373+0000] {logging_mixin.py:188} INFO - [2024-10-29T23:35:17.373+0000] {dag.py:3834} INFO - Setting next_dagrun for example_weekday_branch_operator to 2024-10-28 00:00:00+00:00, run_after=2024-10-29 00:00:00+00:00
[2024-10-29T23:35:17.393+0000] {processor.py:183} INFO - Processing /home/airflow/.local/lib/python3.8/site-packages/airflow/example_dags/example_branch_day_of_week_operator.py took 0.079 seconds
[2024-10-29T23:35:47.446+0000] {processor.py:161} INFO - Started process (PID=208) to work on /home/airflow/.local/lib/python3.8/site-packages/airflow/example_dags/example_branch_day_of_week_operator.py
[2024-10-29T23:35:47.447+0000] {processor.py:830} INFO - Processing file /home/airflow/.local/lib/python3.8/site-packages/airflow/example_dags/example_branch_day_of_week_operator.py for tasks to queue
[2024-10-29T23:35:47.448+0000] {logging_mixin.py:188} INFO - [2024-10-29T23:35:47.448+0000] {dagbag.py:540} INFO - Filling up the DagBag from /home/airflow/.local/lib/python3.8/site-packages/airflow/example_dags/example_branch_day_of_week_operator.py
[2024-10-29T23:35:47.455+0000] {processor.py:840} INFO - DAG(s) 'example_weekday_branch_operator' retrieved from /home/airflow/.local/lib/python3.8/site-packages/airflow/example_dags/example_branch_day_of_week_operator.py
[2024-10-29T23:35:47.481+0000] {logging_mixin.py:188} INFO - [2024-10-29T23:35:47.481+0000] {dag.py:3047} INFO - Sync 1 DAGs
[2024-10-29T23:35:47.513+0000] {logging_mixin.py:188} INFO - [2024-10-29T23:35:47.512+0000] {dag.py:3834} INFO - Setting next_dagrun for example_weekday_branch_operator to 2024-10-28 00:00:00+00:00, run_after=2024-10-29 00:00:00+00:00
[2024-10-29T23:35:47.531+0000] {processor.py:183} INFO - Processing /home/airflow/.local/lib/python3.8/site-packages/airflow/example_dags/example_branch_day_of_week_operator.py took 0.088 seconds
[2024-10-29T23:36:17.788+0000] {processor.py:161} INFO - Started process (PID=264) to work on /home/airflow/.local/lib/python3.8/site-packages/airflow/example_dags/example_branch_day_of_week_operator.py
[2024-10-29T23:36:17.788+0000] {processor.py:830} INFO - Processing file /home/airflow/.local/lib/python3.8/site-packages/airflow/example_dags/example_branch_day_of_week_operator.py for tasks to queue
[2024-10-29T23:36:17.790+0000] {logging_mixin.py:188} INFO - [2024-10-29T23:36:17.790+0000] {dagbag.py:540} INFO - Filling up the DagBag from /home/airflow/.local/lib/python3.8/site-packages/airflow/example_dags/example_branch_day_of_week_operator.py
[2024-10-29T23:36:17.796+0000] {processor.py:840} INFO - DAG(s) 'example_weekday_branch_operator' retrieved from /home/airflow/.local/lib/python3.8/site-packages/airflow/example_dags/example_branch_day_of_week_operator.py
[2024-10-29T23:36:17.814+0000] {logging_mixin.py:188} INFO - [2024-10-29T23:36:17.813+0000] {dag.py:3047} INFO - Sync 1 DAGs
[2024-10-29T23:36:17.836+0000] {logging_mixin.py:188} INFO - [2024-10-29T23:36:17.835+0000] {dag.py:3834} INFO - Setting next_dagrun for example_weekday_branch_operator to 2024-10-28 00:00:00+00:00, run_after=2024-10-29 00:00:00+00:00
[2024-10-29T23:36:17.852+0000] {processor.py:183} INFO - Processing /home/airflow/.local/lib/python3.8/site-packages/airflow/example_dags/example_branch_day_of_week_operator.py took 0.067 seconds
[2024-10-29T23:36:48.340+0000] {processor.py:161} INFO - Started process (PID=320) to work on /home/airflow/.local/lib/python3.8/site-packages/airflow/example_dags/example_branch_day_of_week_operator.py
[2024-10-29T23:36:48.341+0000] {processor.py:830} INFO - Processing file /home/airflow/.local/lib/python3.8/site-packages/airflow/example_dags/example_branch_day_of_week_operator.py for tasks to queue
[2024-10-29T23:36:48.342+0000] {logging_mixin.py:188} INFO - [2024-10-29T23:36:48.342+0000] {dagbag.py:540} INFO - Filling up the DagBag from /home/airflow/.local/lib/python3.8/site-packages/airflow/example_dags/example_branch_day_of_week_operator.py
[2024-10-29T23:36:48.348+0000] {processor.py:840} INFO - DAG(s) 'example_weekday_branch_operator' retrieved from /home/airflow/.local/lib/python3.8/site-packages/airflow/example_dags/example_branch_day_of_week_operator.py
[2024-10-29T23:36:48.365+0000] {logging_mixin.py:188} INFO - [2024-10-29T23:36:48.365+0000] {dag.py:3047} INFO - Sync 1 DAGs
[2024-10-29T23:36:48.386+0000] {logging_mixin.py:188} INFO - [2024-10-29T23:36:48.385+0000] {dag.py:3834} INFO - Setting next_dagrun for example_weekday_branch_operator to 2024-10-28 00:00:00+00:00, run_after=2024-10-29 00:00:00+00:00
[2024-10-29T23:36:48.402+0000] {processor.py:183} INFO - Processing /home/airflow/.local/lib/python3.8/site-packages/airflow/example_dags/example_branch_day_of_week_operator.py took 0.065 seconds
[2024-10-29T23:37:18.613+0000] {processor.py:161} INFO - Started process (PID=376) to work on /home/airflow/.local/lib/python3.8/site-packages/airflow/example_dags/example_branch_day_of_week_operator.py
[2024-10-29T23:37:18.614+0000] {processor.py:830} INFO - Processing file /home/airflow/.local/lib/python3.8/site-packages/airflow/example_dags/example_branch_day_of_week_operator.py for tasks to queue
[2024-10-29T23:37:18.615+0000] {logging_mixin.py:188} INFO - [2024-10-29T23:37:18.615+0000] {dagbag.py:540} INFO - Filling up the DagBag from /home/airflow/.local/lib/python3.8/site-packages/airflow/example_dags/example_branch_day_of_week_operator.py
[2024-10-29T23:37:18.622+0000] {processor.py:840} INFO - DAG(s) 'example_weekday_branch_operator' retrieved from /home/airflow/.local/lib/python3.8/site-packages/airflow/example_dags/example_branch_day_of_week_operator.py
[2024-10-29T23:37:18.640+0000] {logging_mixin.py:188} INFO - [2024-10-29T23:37:18.640+0000] {dag.py:3047} INFO - Sync 1 DAGs
[2024-10-29T23:37:18.661+0000] {logging_mixin.py:188} INFO - [2024-10-29T23:37:18.661+0000] {dag.py:3834} INFO - Setting next_dagrun for example_weekday_branch_operator to 2024-10-28 00:00:00+00:00, run_after=2024-10-29 00:00:00+00:00
[2024-10-29T23:37:18.678+0000] {processor.py:183} INFO - Processing /home/airflow/.local/lib/python3.8/site-packages/airflow/example_dags/example_branch_day_of_week_operator.py took 0.068 seconds
[2024-10-29T23:37:49.307+0000] {processor.py:161} INFO - Started process (PID=432) to work on /home/airflow/.local/lib/python3.8/site-packages/airflow/example_dags/example_branch_day_of_week_operator.py
[2024-10-29T23:37:49.308+0000] {processor.py:830} INFO - Processing file /home/airflow/.local/lib/python3.8/site-packages/airflow/example_dags/example_branch_day_of_week_operator.py for tasks to queue
[2024-10-29T23:37:49.310+0000] {logging_mixin.py:188} INFO - [2024-10-29T23:37:49.309+0000] {dagbag.py:540} INFO - Filling up the DagBag from /home/airflow/.local/lib/python3.8/site-packages/airflow/example_dags/example_branch_day_of_week_operator.py
[2024-10-29T23:37:49.320+0000] {processor.py:840} INFO - DAG(s) 'example_weekday_branch_operator' retrieved from /home/airflow/.local/lib/python3.8/site-packages/airflow/example_dags/example_branch_day_of_week_operator.py
[2024-10-29T23:37:49.347+0000] {logging_mixin.py:188} INFO - [2024-10-29T23:37:49.347+0000] {dag.py:3047} INFO - Sync 1 DAGs
[2024-10-29T23:37:49.381+0000] {logging_mixin.py:188} INFO - [2024-10-29T23:37:49.380+0000] {dag.py:3834} INFO - Setting next_dagrun for example_weekday_branch_operator to 2024-10-28 00:00:00+00:00, run_after=2024-10-29 00:00:00+00:00
[2024-10-29T23:37:49.408+0000] {processor.py:183} INFO - Processing /home/airflow/.local/lib/python3.8/site-packages/airflow/example_dags/example_branch_day_of_week_operator.py took 0.105 seconds
[2024-10-29T23:38:19.746+0000] {processor.py:161} INFO - Started process (PID=488) to work on /home/airflow/.local/lib/python3.8/site-packages/airflow/example_dags/example_branch_day_of_week_operator.py
[2024-10-29T23:38:19.747+0000] {processor.py:830} INFO - Processing file /home/airflow/.local/lib/python3.8/site-packages/airflow/example_dags/example_branch_day_of_week_operator.py for tasks to queue
[2024-10-29T23:38:19.749+0000] {logging_mixin.py:188} INFO - [2024-10-29T23:38:19.748+0000] {dagbag.py:540} INFO - Filling up the DagBag from /home/airflow/.local/lib/python3.8/site-packages/airflow/example_dags/example_branch_day_of_week_operator.py
[2024-10-29T23:38:19.757+0000] {processor.py:840} INFO - DAG(s) 'example_weekday_branch_operator' retrieved from /home/airflow/.local/lib/python3.8/site-packages/airflow/example_dags/example_branch_day_of_week_operator.py
[2024-10-29T23:38:19.780+0000] {logging_mixin.py:188} INFO - [2024-10-29T23:38:19.780+0000] {dag.py:3047} INFO - Sync 1 DAGs
[2024-10-29T23:38:19.808+0000] {logging_mixin.py:188} INFO - [2024-10-29T23:38:19.807+0000] {dag.py:3834} INFO - Setting next_dagrun for example_weekday_branch_operator to 2024-10-28 00:00:00+00:00, run_after=2024-10-29 00:00:00+00:00
[2024-10-29T23:38:19.832+0000] {processor.py:183} INFO - Processing /home/airflow/.local/lib/python3.8/site-packages/airflow/example_dags/example_branch_day_of_week_operator.py took 0.089 seconds
[2024-10-29T23:38:50.108+0000] {processor.py:161} INFO - Started process (PID=544) to work on /home/airflow/.local/lib/python3.8/site-packages/airflow/example_dags/example_branch_day_of_week_operator.py
[2024-10-29T23:38:50.108+0000] {processor.py:830} INFO - Processing file /home/airflow/.local/lib/python3.8/site-packages/airflow/example_dags/example_branch_day_of_week_operator.py for tasks to queue
[2024-10-29T23:38:50.110+0000] {logging_mixin.py:188} INFO - [2024-10-29T23:38:50.110+0000] {dagbag.py:540} INFO - Filling up the DagBag from /home/airflow/.local/lib/python3.8/site-packages/airflow/example_dags/example_branch_day_of_week_operator.py
[2024-10-29T23:38:50.120+0000] {processor.py:840} INFO - DAG(s) 'example_weekday_branch_operator' retrieved from /home/airflow/.local/lib/python3.8/site-packages/airflow/example_dags/example_branch_day_of_week_operator.py
[2024-10-29T23:38:50.142+0000] {logging_mixin.py:188} INFO - [2024-10-29T23:38:50.142+0000] {dag.py:3047} INFO - Sync 1 DAGs
[2024-10-29T23:38:50.171+0000] {logging_mixin.py:188} INFO - [2024-10-29T23:38:50.171+0000] {dag.py:3834} INFO - Setting next_dagrun for example_weekday_branch_operator to 2024-10-28 00:00:00+00:00, run_after=2024-10-29 00:00:00+00:00
[2024-10-29T23:38:50.193+0000] {processor.py:183} INFO - Processing /home/airflow/.local/lib/python3.8/site-packages/airflow/example_dags/example_branch_day_of_week_operator.py took 0.089 seconds
[2024-10-29T23:39:20.503+0000] {processor.py:161} INFO - Started process (PID=600) to work on /home/airflow/.local/lib/python3.8/site-packages/airflow/example_dags/example_branch_day_of_week_operator.py
[2024-10-29T23:39:20.504+0000] {processor.py:830} INFO - Processing file /home/airflow/.local/lib/python3.8/site-packages/airflow/example_dags/example_branch_day_of_week_operator.py for tasks to queue
[2024-10-29T23:39:20.505+0000] {logging_mixin.py:188} INFO - [2024-10-29T23:39:20.505+0000] {dagbag.py:540} INFO - Filling up the DagBag from /home/airflow/.local/lib/python3.8/site-packages/airflow/example_dags/example_branch_day_of_week_operator.py
[2024-10-29T23:39:20.512+0000] {processor.py:840} INFO - DAG(s) 'example_weekday_branch_operator' retrieved from /home/airflow/.local/lib/python3.8/site-packages/airflow/example_dags/example_branch_day_of_week_operator.py
[2024-10-29T23:39:20.531+0000] {logging_mixin.py:188} INFO - [2024-10-29T23:39:20.531+0000] {dag.py:3047} INFO - Sync 1 DAGs
[2024-10-29T23:39:20.553+0000] {logging_mixin.py:188} INFO - [2024-10-29T23:39:20.553+0000] {dag.py:3834} INFO - Setting next_dagrun for example_weekday_branch_operator to 2024-10-28 00:00:00+00:00, run_after=2024-10-29 00:00:00+00:00
[2024-10-29T23:39:20.570+0000] {processor.py:183} INFO - Processing /home/airflow/.local/lib/python3.8/site-packages/airflow/example_dags/example_branch_day_of_week_operator.py took 0.069 seconds
[2024-10-29T23:39:50.940+0000] {processor.py:161} INFO - Started process (PID=656) to work on /home/airflow/.local/lib/python3.8/site-packages/airflow/example_dags/example_branch_day_of_week_operator.py
[2024-10-29T23:39:50.942+0000] {processor.py:830} INFO - Processing file /home/airflow/.local/lib/python3.8/site-packages/airflow/example_dags/example_branch_day_of_week_operator.py for tasks to queue
[2024-10-29T23:39:50.947+0000] {logging_mixin.py:188} INFO - [2024-10-29T23:39:50.946+0000] {dagbag.py:540} INFO - Filling up the DagBag from /home/airflow/.local/lib/python3.8/site-packages/airflow/example_dags/example_branch_day_of_week_operator.py
[2024-10-29T23:39:50.970+0000] {processor.py:840} INFO - DAG(s) 'example_weekday_branch_operator' retrieved from /home/airflow/.local/lib/python3.8/site-packages/airflow/example_dags/example_branch_day_of_week_operator.py
[2024-10-29T23:39:51.006+0000] {logging_mixin.py:188} INFO - [2024-10-29T23:39:51.006+0000] {dag.py:3047} INFO - Sync 1 DAGs
[2024-10-29T23:39:51.029+0000] {logging_mixin.py:188} INFO - [2024-10-29T23:39:51.029+0000] {dag.py:3834} INFO - Setting next_dagrun for example_weekday_branch_operator to 2024-10-28 00:00:00+00:00, run_after=2024-10-29 00:00:00+00:00
[2024-10-29T23:39:51.045+0000] {processor.py:183} INFO - Processing /home/airflow/.local/lib/python3.8/site-packages/airflow/example_dags/example_branch_day_of_week_operator.py took 0.114 seconds
[2024-10-29T23:40:21.527+0000] {processor.py:161} INFO - Started process (PID=712) to work on /home/airflow/.local/lib/python3.8/site-packages/airflow/example_dags/example_branch_day_of_week_operator.py
[2024-10-29T23:40:21.528+0000] {processor.py:830} INFO - Processing file /home/airflow/.local/lib/python3.8/site-packages/airflow/example_dags/example_branch_day_of_week_operator.py for tasks to queue
[2024-10-29T23:40:21.531+0000] {logging_mixin.py:188} INFO - [2024-10-29T23:40:21.530+0000] {dagbag.py:540} INFO - Filling up the DagBag from /home/airflow/.local/lib/python3.8/site-packages/airflow/example_dags/example_branch_day_of_week_operator.py
[2024-10-29T23:40:21.543+0000] {processor.py:840} INFO - DAG(s) 'example_weekday_branch_operator' retrieved from /home/airflow/.local/lib/python3.8/site-packages/airflow/example_dags/example_branch_day_of_week_operator.py
[2024-10-29T23:40:21.573+0000] {logging_mixin.py:188} INFO - [2024-10-29T23:40:21.572+0000] {dag.py:3047} INFO - Sync 1 DAGs
[2024-10-29T23:40:21.605+0000] {logging_mixin.py:188} INFO - [2024-10-29T23:40:21.605+0000] {dag.py:3834} INFO - Setting next_dagrun for example_weekday_branch_operator to 2024-10-28 00:00:00+00:00, run_after=2024-10-29 00:00:00+00:00
[2024-10-29T23:40:21.631+0000] {processor.py:183} INFO - Processing /home/airflow/.local/lib/python3.8/site-packages/airflow/example_dags/example_branch_day_of_week_operator.py took 0.109 seconds
[2024-10-29T23:40:52.102+0000] {processor.py:161} INFO - Started process (PID=767) to work on /home/airflow/.local/lib/python3.8/site-packages/airflow/example_dags/example_branch_day_of_week_operator.py
[2024-10-29T23:40:52.103+0000] {processor.py:830} INFO - Processing file /home/airflow/.local/lib/python3.8/site-packages/airflow/example_dags/example_branch_day_of_week_operator.py for tasks to queue
[2024-10-29T23:40:52.105+0000] {logging_mixin.py:188} INFO - [2024-10-29T23:40:52.104+0000] {dagbag.py:540} INFO - Filling up the DagBag from /home/airflow/.local/lib/python3.8/site-packages/airflow/example_dags/example_branch_day_of_week_operator.py
[2024-10-29T23:40:52.113+0000] {processor.py:840} INFO - DAG(s) 'example_weekday_branch_operator' retrieved from /home/airflow/.local/lib/python3.8/site-packages/airflow/example_dags/example_branch_day_of_week_operator.py
[2024-10-29T23:40:52.134+0000] {logging_mixin.py:188} INFO - [2024-10-29T23:40:52.134+0000] {dag.py:3047} INFO - Sync 1 DAGs
[2024-10-29T23:40:52.162+0000] {logging_mixin.py:188} INFO - [2024-10-29T23:40:52.162+0000] {dag.py:3834} INFO - Setting next_dagrun for example_weekday_branch_operator to 2024-10-28 00:00:00+00:00, run_after=2024-10-29 00:00:00+00:00
[2024-10-29T23:40:52.186+0000] {processor.py:183} INFO - Processing /home/airflow/.local/lib/python3.8/site-packages/airflow/example_dags/example_branch_day_of_week_operator.py took 0.088 seconds
[2024-10-29T23:41:22.619+0000] {processor.py:161} INFO - Started process (PID=823) to work on /home/airflow/.local/lib/python3.8/site-packages/airflow/example_dags/example_branch_day_of_week_operator.py
[2024-10-29T23:41:22.620+0000] {processor.py:830} INFO - Processing file /home/airflow/.local/lib/python3.8/site-packages/airflow/example_dags/example_branch_day_of_week_operator.py for tasks to queue
[2024-10-29T23:41:22.622+0000] {logging_mixin.py:188} INFO - [2024-10-29T23:41:22.622+0000] {dagbag.py:540} INFO - Filling up the DagBag from /home/airflow/.local/lib/python3.8/site-packages/airflow/example_dags/example_branch_day_of_week_operator.py
[2024-10-29T23:41:22.629+0000] {processor.py:840} INFO - DAG(s) 'example_weekday_branch_operator' retrieved from /home/airflow/.local/lib/python3.8/site-packages/airflow/example_dags/example_branch_day_of_week_operator.py
[2024-10-29T23:41:22.647+0000] {logging_mixin.py:188} INFO - [2024-10-29T23:41:22.647+0000] {dag.py:3047} INFO - Sync 1 DAGs
[2024-10-29T23:41:22.671+0000] {logging_mixin.py:188} INFO - [2024-10-29T23:41:22.670+0000] {dag.py:3834} INFO - Setting next_dagrun for example_weekday_branch_operator to 2024-10-28 00:00:00+00:00, run_after=2024-10-29 00:00:00+00:00
[2024-10-29T23:41:22.688+0000] {processor.py:183} INFO - Processing /home/airflow/.local/lib/python3.8/site-packages/airflow/example_dags/example_branch_day_of_week_operator.py took 0.071 seconds
[2024-10-29T23:41:52.909+0000] {processor.py:161} INFO - Started process (PID=879) to work on /home/airflow/.local/lib/python3.8/site-packages/airflow/example_dags/example_branch_day_of_week_operator.py
[2024-10-29T23:41:52.910+0000] {processor.py:830} INFO - Processing file /home/airflow/.local/lib/python3.8/site-packages/airflow/example_dags/example_branch_day_of_week_operator.py for tasks to queue
[2024-10-29T23:41:52.911+0000] {logging_mixin.py:188} INFO - [2024-10-29T23:41:52.911+0000] {dagbag.py:540} INFO - Filling up the DagBag from /home/airflow/.local/lib/python3.8/site-packages/airflow/example_dags/example_branch_day_of_week_operator.py
[2024-10-29T23:41:52.919+0000] {processor.py:840} INFO - DAG(s) 'example_weekday_branch_operator' retrieved from /home/airflow/.local/lib/python3.8/site-packages/airflow/example_dags/example_branch_day_of_week_operator.py
[2024-10-29T23:41:52.938+0000] {logging_mixin.py:188} INFO - [2024-10-29T23:41:52.938+0000] {dag.py:3047} INFO - Sync 1 DAGs
[2024-10-29T23:41:52.968+0000] {logging_mixin.py:188} INFO - [2024-10-29T23:41:52.967+0000] {dag.py:3834} INFO - Setting next_dagrun for example_weekday_branch_operator to 2024-10-28 00:00:00+00:00, run_after=2024-10-29 00:00:00+00:00
[2024-10-29T23:41:52.987+0000] {processor.py:183} INFO - Processing /home/airflow/.local/lib/python3.8/site-packages/airflow/example_dags/example_branch_day_of_week_operator.py took 0.081 seconds
[2024-10-29T23:42:23.347+0000] {processor.py:161} INFO - Started process (PID=935) to work on /home/airflow/.local/lib/python3.8/site-packages/airflow/example_dags/example_branch_day_of_week_operator.py
[2024-10-29T23:42:23.348+0000] {processor.py:830} INFO - Processing file /home/airflow/.local/lib/python3.8/site-packages/airflow/example_dags/example_branch_day_of_week_operator.py for tasks to queue
[2024-10-29T23:42:23.349+0000] {logging_mixin.py:188} INFO - [2024-10-29T23:42:23.349+0000] {dagbag.py:540} INFO - Filling up the DagBag from /home/airflow/.local/lib/python3.8/site-packages/airflow/example_dags/example_branch_day_of_week_operator.py
[2024-10-29T23:42:23.355+0000] {processor.py:840} INFO - DAG(s) 'example_weekday_branch_operator' retrieved from /home/airflow/.local/lib/python3.8/site-packages/airflow/example_dags/example_branch_day_of_week_operator.py
[2024-10-29T23:42:23.372+0000] {logging_mixin.py:188} INFO - [2024-10-29T23:42:23.371+0000] {dag.py:3047} INFO - Sync 1 DAGs
[2024-10-29T23:42:23.391+0000] {logging_mixin.py:188} INFO - [2024-10-29T23:42:23.391+0000] {dag.py:3834} INFO - Setting next_dagrun for example_weekday_branch_operator to 2024-10-28 00:00:00+00:00, run_after=2024-10-29 00:00:00+00:00
[2024-10-29T23:42:23.406+0000] {processor.py:183} INFO - Processing /home/airflow/.local/lib/python3.8/site-packages/airflow/example_dags/example_branch_day_of_week_operator.py took 0.061 seconds
[2024-10-29T23:42:53.792+0000] {processor.py:161} INFO - Started process (PID=991) to work on /home/airflow/.local/lib/python3.8/site-packages/airflow/example_dags/example_branch_day_of_week_operator.py
[2024-10-29T23:42:53.792+0000] {processor.py:830} INFO - Processing file /home/airflow/.local/lib/python3.8/site-packages/airflow/example_dags/example_branch_day_of_week_operator.py for tasks to queue
[2024-10-29T23:42:53.794+0000] {logging_mixin.py:188} INFO - [2024-10-29T23:42:53.793+0000] {dagbag.py:540} INFO - Filling up the DagBag from /home/airflow/.local/lib/python3.8/site-packages/airflow/example_dags/example_branch_day_of_week_operator.py
[2024-10-29T23:42:53.800+0000] {processor.py:840} INFO - DAG(s) 'example_weekday_branch_operator' retrieved from /home/airflow/.local/lib/python3.8/site-packages/airflow/example_dags/example_branch_day_of_week_operator.py
[2024-10-29T23:42:53.817+0000] {logging_mixin.py:188} INFO - [2024-10-29T23:42:53.817+0000] {dag.py:3047} INFO - Sync 1 DAGs
[2024-10-29T23:42:53.838+0000] {logging_mixin.py:188} INFO - [2024-10-29T23:42:53.837+0000] {dag.py:3834} INFO - Setting next_dagrun for example_weekday_branch_operator to 2024-10-28 00:00:00+00:00, run_after=2024-10-29 00:00:00+00:00
[2024-10-29T23:42:53.851+0000] {processor.py:183} INFO - Processing /home/airflow/.local/lib/python3.8/site-packages/airflow/example_dags/example_branch_day_of_week_operator.py took 0.062 seconds
[2024-10-29T23:43:24.067+0000] {processor.py:161} INFO - Started process (PID=1047) to work on /home/airflow/.local/lib/python3.8/site-packages/airflow/example_dags/example_branch_day_of_week_operator.py
[2024-10-29T23:43:24.068+0000] {processor.py:830} INFO - Processing file /home/airflow/.local/lib/python3.8/site-packages/airflow/example_dags/example_branch_day_of_week_operator.py for tasks to queue
[2024-10-29T23:43:24.070+0000] {logging_mixin.py:188} INFO - [2024-10-29T23:43:24.069+0000] {dagbag.py:540} INFO - Filling up the DagBag from /home/airflow/.local/lib/python3.8/site-packages/airflow/example_dags/example_branch_day_of_week_operator.py
[2024-10-29T23:43:24.077+0000] {processor.py:840} INFO - DAG(s) 'example_weekday_branch_operator' retrieved from /home/airflow/.local/lib/python3.8/site-packages/airflow/example_dags/example_branch_day_of_week_operator.py
[2024-10-29T23:43:24.097+0000] {logging_mixin.py:188} INFO - [2024-10-29T23:43:24.096+0000] {dag.py:3047} INFO - Sync 1 DAGs
[2024-10-29T23:43:24.118+0000] {logging_mixin.py:188} INFO - [2024-10-29T23:43:24.118+0000] {dag.py:3834} INFO - Setting next_dagrun for example_weekday_branch_operator to 2024-10-28 00:00:00+00:00, run_after=2024-10-29 00:00:00+00:00
[2024-10-29T23:43:24.134+0000] {processor.py:183} INFO - Processing /home/airflow/.local/lib/python3.8/site-packages/airflow/example_dags/example_branch_day_of_week_operator.py took 0.069 seconds
[2024-10-29T23:43:54.369+0000] {processor.py:161} INFO - Started process (PID=1103) to work on /home/airflow/.local/lib/python3.8/site-packages/airflow/example_dags/example_branch_day_of_week_operator.py
[2024-10-29T23:43:54.370+0000] {processor.py:830} INFO - Processing file /home/airflow/.local/lib/python3.8/site-packages/airflow/example_dags/example_branch_day_of_week_operator.py for tasks to queue
[2024-10-29T23:43:54.373+0000] {logging_mixin.py:188} INFO - [2024-10-29T23:43:54.372+0000] {dagbag.py:540} INFO - Filling up the DagBag from /home/airflow/.local/lib/python3.8/site-packages/airflow/example_dags/example_branch_day_of_week_operator.py
[2024-10-29T23:43:54.384+0000] {processor.py:840} INFO - DAG(s) 'example_weekday_branch_operator' retrieved from /home/airflow/.local/lib/python3.8/site-packages/airflow/example_dags/example_branch_day_of_week_operator.py
[2024-10-29T23:43:54.414+0000] {logging_mixin.py:188} INFO - [2024-10-29T23:43:54.414+0000] {dag.py:3047} INFO - Sync 1 DAGs
[2024-10-29T23:43:54.448+0000] {logging_mixin.py:188} INFO - [2024-10-29T23:43:54.447+0000] {dag.py:3834} INFO - Setting next_dagrun for example_weekday_branch_operator to 2024-10-28 00:00:00+00:00, run_after=2024-10-29 00:00:00+00:00
[2024-10-29T23:43:54.468+0000] {processor.py:183} INFO - Processing /home/airflow/.local/lib/python3.8/site-packages/airflow/example_dags/example_branch_day_of_week_operator.py took 0.103 seconds
[2024-10-29T23:44:24.588+0000] {processor.py:161} INFO - Started process (PID=1159) to work on /home/airflow/.local/lib/python3.8/site-packages/airflow/example_dags/example_branch_day_of_week_operator.py
[2024-10-29T23:44:24.589+0000] {processor.py:830} INFO - Processing file /home/airflow/.local/lib/python3.8/site-packages/airflow/example_dags/example_branch_day_of_week_operator.py for tasks to queue
[2024-10-29T23:44:24.590+0000] {logging_mixin.py:188} INFO - [2024-10-29T23:44:24.590+0000] {dagbag.py:540} INFO - Filling up the DagBag from /home/airflow/.local/lib/python3.8/site-packages/airflow/example_dags/example_branch_day_of_week_operator.py
[2024-10-29T23:44:24.597+0000] {processor.py:840} INFO - DAG(s) 'example_weekday_branch_operator' retrieved from /home/airflow/.local/lib/python3.8/site-packages/airflow/example_dags/example_branch_day_of_week_operator.py
[2024-10-29T23:44:24.616+0000] {logging_mixin.py:188} INFO - [2024-10-29T23:44:24.616+0000] {dag.py:3047} INFO - Sync 1 DAGs
[2024-10-29T23:44:24.641+0000] {logging_mixin.py:188} INFO - [2024-10-29T23:44:24.641+0000] {dag.py:3834} INFO - Setting next_dagrun for example_weekday_branch_operator to 2024-10-28 00:00:00+00:00, run_after=2024-10-29 00:00:00+00:00
[2024-10-29T23:44:24.659+0000] {processor.py:183} INFO - Processing /home/airflow/.local/lib/python3.8/site-packages/airflow/example_dags/example_branch_day_of_week_operator.py took 0.073 seconds
[2024-10-29T23:44:54.756+0000] {processor.py:161} INFO - Started process (PID=1215) to work on /home/airflow/.local/lib/python3.8/site-packages/airflow/example_dags/example_branch_day_of_week_operator.py
[2024-10-29T23:44:54.757+0000] {processor.py:830} INFO - Processing file /home/airflow/.local/lib/python3.8/site-packages/airflow/example_dags/example_branch_day_of_week_operator.py for tasks to queue
[2024-10-29T23:44:54.759+0000] {logging_mixin.py:188} INFO - [2024-10-29T23:44:54.758+0000] {dagbag.py:540} INFO - Filling up the DagBag from /home/airflow/.local/lib/python3.8/site-packages/airflow/example_dags/example_branch_day_of_week_operator.py
[2024-10-29T23:44:54.769+0000] {processor.py:840} INFO - DAG(s) 'example_weekday_branch_operator' retrieved from /home/airflow/.local/lib/python3.8/site-packages/airflow/example_dags/example_branch_day_of_week_operator.py
[2024-10-29T23:44:54.798+0000] {logging_mixin.py:188} INFO - [2024-10-29T23:44:54.797+0000] {dag.py:3047} INFO - Sync 1 DAGs
[2024-10-29T23:44:54.838+0000] {logging_mixin.py:188} INFO - [2024-10-29T23:44:54.837+0000] {dag.py:3834} INFO - Setting next_dagrun for example_weekday_branch_operator to 2024-10-28 00:00:00+00:00, run_after=2024-10-29 00:00:00+00:00
[2024-10-29T23:44:54.863+0000] {processor.py:183} INFO - Processing /home/airflow/.local/lib/python3.8/site-packages/airflow/example_dags/example_branch_day_of_week_operator.py took 0.110 seconds
[2024-10-29T23:45:25.124+0000] {processor.py:161} INFO - Started process (PID=1271) to work on /home/airflow/.local/lib/python3.8/site-packages/airflow/example_dags/example_branch_day_of_week_operator.py
[2024-10-29T23:45:25.125+0000] {processor.py:830} INFO - Processing file /home/airflow/.local/lib/python3.8/site-packages/airflow/example_dags/example_branch_day_of_week_operator.py for tasks to queue
[2024-10-29T23:45:25.127+0000] {logging_mixin.py:188} INFO - [2024-10-29T23:45:25.127+0000] {dagbag.py:540} INFO - Filling up the DagBag from /home/airflow/.local/lib/python3.8/site-packages/airflow/example_dags/example_branch_day_of_week_operator.py
[2024-10-29T23:45:25.136+0000] {processor.py:840} INFO - DAG(s) 'example_weekday_branch_operator' retrieved from /home/airflow/.local/lib/python3.8/site-packages/airflow/example_dags/example_branch_day_of_week_operator.py
[2024-10-29T23:45:25.156+0000] {logging_mixin.py:188} INFO - [2024-10-29T23:45:25.156+0000] {dag.py:3047} INFO - Sync 1 DAGs
[2024-10-29T23:45:25.180+0000] {logging_mixin.py:188} INFO - [2024-10-29T23:45:25.180+0000] {dag.py:3834} INFO - Setting next_dagrun for example_weekday_branch_operator to 2024-10-28 00:00:00+00:00, run_after=2024-10-29 00:00:00+00:00
[2024-10-29T23:45:25.197+0000] {processor.py:183} INFO - Processing /home/airflow/.local/lib/python3.8/site-packages/airflow/example_dags/example_branch_day_of_week_operator.py took 0.076 seconds
[2024-10-29T23:45:55.614+0000] {processor.py:161} INFO - Started process (PID=1327) to work on /home/airflow/.local/lib/python3.8/site-packages/airflow/example_dags/example_branch_day_of_week_operator.py
[2024-10-29T23:45:55.614+0000] {processor.py:830} INFO - Processing file /home/airflow/.local/lib/python3.8/site-packages/airflow/example_dags/example_branch_day_of_week_operator.py for tasks to queue
[2024-10-29T23:45:55.616+0000] {logging_mixin.py:188} INFO - [2024-10-29T23:45:55.616+0000] {dagbag.py:540} INFO - Filling up the DagBag from /home/airflow/.local/lib/python3.8/site-packages/airflow/example_dags/example_branch_day_of_week_operator.py
[2024-10-29T23:45:55.623+0000] {processor.py:840} INFO - DAG(s) 'example_weekday_branch_operator' retrieved from /home/airflow/.local/lib/python3.8/site-packages/airflow/example_dags/example_branch_day_of_week_operator.py
[2024-10-29T23:45:55.639+0000] {logging_mixin.py:188} INFO - [2024-10-29T23:45:55.639+0000] {dag.py:3047} INFO - Sync 1 DAGs
[2024-10-29T23:45:55.659+0000] {logging_mixin.py:188} INFO - [2024-10-29T23:45:55.659+0000] {dag.py:3834} INFO - Setting next_dagrun for example_weekday_branch_operator to 2024-10-28 00:00:00+00:00, run_after=2024-10-29 00:00:00+00:00
[2024-10-29T23:45:55.674+0000] {processor.py:183} INFO - Processing /home/airflow/.local/lib/python3.8/site-packages/airflow/example_dags/example_branch_day_of_week_operator.py took 0.063 seconds
[2024-10-29T23:46:25.909+0000] {processor.py:161} INFO - Started process (PID=1383) to work on /home/airflow/.local/lib/python3.8/site-packages/airflow/example_dags/example_branch_day_of_week_operator.py
[2024-10-29T23:46:25.911+0000] {processor.py:830} INFO - Processing file /home/airflow/.local/lib/python3.8/site-packages/airflow/example_dags/example_branch_day_of_week_operator.py for tasks to queue
[2024-10-29T23:46:25.917+0000] {logging_mixin.py:188} INFO - [2024-10-29T23:46:25.916+0000] {dagbag.py:540} INFO - Filling up the DagBag from /home/airflow/.local/lib/python3.8/site-packages/airflow/example_dags/example_branch_day_of_week_operator.py
[2024-10-29T23:46:25.945+0000] {processor.py:840} INFO - DAG(s) 'example_weekday_branch_operator' retrieved from /home/airflow/.local/lib/python3.8/site-packages/airflow/example_dags/example_branch_day_of_week_operator.py
[2024-10-29T23:46:26.002+0000] {logging_mixin.py:188} INFO - [2024-10-29T23:46:26.001+0000] {dag.py:3047} INFO - Sync 1 DAGs
[2024-10-29T23:46:26.032+0000] {logging_mixin.py:188} INFO - [2024-10-29T23:46:26.032+0000] {dag.py:3834} INFO - Setting next_dagrun for example_weekday_branch_operator to 2024-10-28 00:00:00+00:00, run_after=2024-10-29 00:00:00+00:00
[2024-10-29T23:46:26.053+0000] {processor.py:183} INFO - Processing /home/airflow/.local/lib/python3.8/site-packages/airflow/example_dags/example_branch_day_of_week_operator.py took 0.152 seconds
[2024-10-29T23:46:57.019+0000] {processor.py:161} INFO - Started process (PID=1439) to work on /home/airflow/.local/lib/python3.8/site-packages/airflow/example_dags/example_branch_day_of_week_operator.py
[2024-10-29T23:46:57.019+0000] {processor.py:830} INFO - Processing file /home/airflow/.local/lib/python3.8/site-packages/airflow/example_dags/example_branch_day_of_week_operator.py for tasks to queue
[2024-10-29T23:46:57.021+0000] {logging_mixin.py:188} INFO - [2024-10-29T23:46:57.021+0000] {dagbag.py:540} INFO - Filling up the DagBag from /home/airflow/.local/lib/python3.8/site-packages/airflow/example_dags/example_branch_day_of_week_operator.py
[2024-10-29T23:46:57.028+0000] {processor.py:840} INFO - DAG(s) 'example_weekday_branch_operator' retrieved from /home/airflow/.local/lib/python3.8/site-packages/airflow/example_dags/example_branch_day_of_week_operator.py
[2024-10-29T23:46:57.046+0000] {logging_mixin.py:188} INFO - [2024-10-29T23:46:57.046+0000] {dag.py:3047} INFO - Sync 1 DAGs
[2024-10-29T23:46:57.069+0000] {logging_mixin.py:188} INFO - [2024-10-29T23:46:57.068+0000] {dag.py:3834} INFO - Setting next_dagrun for example_weekday_branch_operator to 2024-10-28 00:00:00+00:00, run_after=2024-10-29 00:00:00+00:00
[2024-10-29T23:46:57.086+0000] {processor.py:183} INFO - Processing /home/airflow/.local/lib/python3.8/site-packages/airflow/example_dags/example_branch_day_of_week_operator.py took 0.070 seconds
[2024-10-29T23:47:27.134+0000] {processor.py:161} INFO - Started process (PID=1495) to work on /home/airflow/.local/lib/python3.8/site-packages/airflow/example_dags/example_branch_day_of_week_operator.py
[2024-10-29T23:47:27.140+0000] {processor.py:830} INFO - Processing file /home/airflow/.local/lib/python3.8/site-packages/airflow/example_dags/example_branch_day_of_week_operator.py for tasks to queue
[2024-10-29T23:47:27.142+0000] {logging_mixin.py:188} INFO - [2024-10-29T23:47:27.141+0000] {dagbag.py:540} INFO - Filling up the DagBag from /home/airflow/.local/lib/python3.8/site-packages/airflow/example_dags/example_branch_day_of_week_operator.py
[2024-10-29T23:47:27.148+0000] {processor.py:840} INFO - DAG(s) 'example_weekday_branch_operator' retrieved from /home/airflow/.local/lib/python3.8/site-packages/airflow/example_dags/example_branch_day_of_week_operator.py
[2024-10-29T23:47:27.165+0000] {logging_mixin.py:188} INFO - [2024-10-29T23:47:27.165+0000] {dag.py:3047} INFO - Sync 1 DAGs
[2024-10-29T23:47:27.184+0000] {logging_mixin.py:188} INFO - [2024-10-29T23:47:27.184+0000] {dag.py:3834} INFO - Setting next_dagrun for example_weekday_branch_operator to 2024-10-28 00:00:00+00:00, run_after=2024-10-29 00:00:00+00:00
[2024-10-29T23:47:27.198+0000] {processor.py:183} INFO - Processing /home/airflow/.local/lib/python3.8/site-packages/airflow/example_dags/example_branch_day_of_week_operator.py took 0.066 seconds
[2024-10-29T23:47:57.449+0000] {processor.py:161} INFO - Started process (PID=1551) to work on /home/airflow/.local/lib/python3.8/site-packages/airflow/example_dags/example_branch_day_of_week_operator.py
[2024-10-29T23:47:57.450+0000] {processor.py:830} INFO - Processing file /home/airflow/.local/lib/python3.8/site-packages/airflow/example_dags/example_branch_day_of_week_operator.py for tasks to queue
[2024-10-29T23:47:57.452+0000] {logging_mixin.py:188} INFO - [2024-10-29T23:47:57.451+0000] {dagbag.py:540} INFO - Filling up the DagBag from /home/airflow/.local/lib/python3.8/site-packages/airflow/example_dags/example_branch_day_of_week_operator.py
[2024-10-29T23:47:57.460+0000] {processor.py:840} INFO - DAG(s) 'example_weekday_branch_operator' retrieved from /home/airflow/.local/lib/python3.8/site-packages/airflow/example_dags/example_branch_day_of_week_operator.py
[2024-10-29T23:47:57.483+0000] {logging_mixin.py:188} INFO - [2024-10-29T23:47:57.482+0000] {dag.py:3047} INFO - Sync 1 DAGs
[2024-10-29T23:47:57.509+0000] {logging_mixin.py:188} INFO - [2024-10-29T23:47:57.509+0000] {dag.py:3834} INFO - Setting next_dagrun for example_weekday_branch_operator to 2024-10-28 00:00:00+00:00, run_after=2024-10-29 00:00:00+00:00
[2024-10-29T23:47:57.528+0000] {processor.py:183} INFO - Processing /home/airflow/.local/lib/python3.8/site-packages/airflow/example_dags/example_branch_day_of_week_operator.py took 0.082 seconds
[2024-10-29T23:48:27.762+0000] {processor.py:161} INFO - Started process (PID=1607) to work on /home/airflow/.local/lib/python3.8/site-packages/airflow/example_dags/example_branch_day_of_week_operator.py
[2024-10-29T23:48:27.768+0000] {processor.py:830} INFO - Processing file /home/airflow/.local/lib/python3.8/site-packages/airflow/example_dags/example_branch_day_of_week_operator.py for tasks to queue
[2024-10-29T23:48:27.769+0000] {logging_mixin.py:188} INFO - [2024-10-29T23:48:27.769+0000] {dagbag.py:540} INFO - Filling up the DagBag from /home/airflow/.local/lib/python3.8/site-packages/airflow/example_dags/example_branch_day_of_week_operator.py
[2024-10-29T23:48:27.776+0000] {processor.py:840} INFO - DAG(s) 'example_weekday_branch_operator' retrieved from /home/airflow/.local/lib/python3.8/site-packages/airflow/example_dags/example_branch_day_of_week_operator.py
[2024-10-29T23:48:27.793+0000] {logging_mixin.py:188} INFO - [2024-10-29T23:48:27.793+0000] {dag.py:3047} INFO - Sync 1 DAGs
[2024-10-29T23:48:27.815+0000] {logging_mixin.py:188} INFO - [2024-10-29T23:48:27.815+0000] {dag.py:3834} INFO - Setting next_dagrun for example_weekday_branch_operator to 2024-10-28 00:00:00+00:00, run_after=2024-10-29 00:00:00+00:00
[2024-10-29T23:48:27.830+0000] {processor.py:183} INFO - Processing /home/airflow/.local/lib/python3.8/site-packages/airflow/example_dags/example_branch_day_of_week_operator.py took 0.070 seconds
[2024-10-29T23:48:57.952+0000] {processor.py:161} INFO - Started process (PID=1663) to work on /home/airflow/.local/lib/python3.8/site-packages/airflow/example_dags/example_branch_day_of_week_operator.py
[2024-10-29T23:48:57.959+0000] {processor.py:830} INFO - Processing file /home/airflow/.local/lib/python3.8/site-packages/airflow/example_dags/example_branch_day_of_week_operator.py for tasks to queue
[2024-10-29T23:48:57.964+0000] {logging_mixin.py:188} INFO - [2024-10-29T23:48:57.963+0000] {dagbag.py:540} INFO - Filling up the DagBag from /home/airflow/.local/lib/python3.8/site-packages/airflow/example_dags/example_branch_day_of_week_operator.py
[2024-10-29T23:48:57.985+0000] {processor.py:840} INFO - DAG(s) 'example_weekday_branch_operator' retrieved from /home/airflow/.local/lib/python3.8/site-packages/airflow/example_dags/example_branch_day_of_week_operator.py
[2024-10-29T23:48:58.043+0000] {logging_mixin.py:188} INFO - [2024-10-29T23:48:58.043+0000] {dag.py:3047} INFO - Sync 1 DAGs
[2024-10-29T23:48:58.116+0000] {logging_mixin.py:188} INFO - [2024-10-29T23:48:58.115+0000] {dag.py:3834} INFO - Setting next_dagrun for example_weekday_branch_operator to 2024-10-28 00:00:00+00:00, run_after=2024-10-29 00:00:00+00:00
[2024-10-29T23:48:58.165+0000] {processor.py:183} INFO - Processing /home/airflow/.local/lib/python3.8/site-packages/airflow/example_dags/example_branch_day_of_week_operator.py took 0.221 seconds
[2024-10-29T23:49:28.285+0000] {processor.py:161} INFO - Started process (PID=1719) to work on /home/airflow/.local/lib/python3.8/site-packages/airflow/example_dags/example_branch_day_of_week_operator.py
[2024-10-29T23:49:28.286+0000] {processor.py:830} INFO - Processing file /home/airflow/.local/lib/python3.8/site-packages/airflow/example_dags/example_branch_day_of_week_operator.py for tasks to queue
[2024-10-29T23:49:28.288+0000] {logging_mixin.py:188} INFO - [2024-10-29T23:49:28.288+0000] {dagbag.py:540} INFO - Filling up the DagBag from /home/airflow/.local/lib/python3.8/site-packages/airflow/example_dags/example_branch_day_of_week_operator.py
[2024-10-29T23:49:28.299+0000] {processor.py:840} INFO - DAG(s) 'example_weekday_branch_operator' retrieved from /home/airflow/.local/lib/python3.8/site-packages/airflow/example_dags/example_branch_day_of_week_operator.py
[2024-10-29T23:49:28.332+0000] {logging_mixin.py:188} INFO - [2024-10-29T23:49:28.331+0000] {dag.py:3047} INFO - Sync 1 DAGs
[2024-10-29T23:49:28.374+0000] {logging_mixin.py:188} INFO - [2024-10-29T23:49:28.373+0000] {dag.py:3834} INFO - Setting next_dagrun for example_weekday_branch_operator to 2024-10-28 00:00:00+00:00, run_after=2024-10-29 00:00:00+00:00
[2024-10-29T23:49:28.407+0000] {processor.py:183} INFO - Processing /home/airflow/.local/lib/python3.8/site-packages/airflow/example_dags/example_branch_day_of_week_operator.py took 0.125 seconds
[2024-10-29T23:49:58.490+0000] {processor.py:161} INFO - Started process (PID=1775) to work on /home/airflow/.local/lib/python3.8/site-packages/airflow/example_dags/example_branch_day_of_week_operator.py
[2024-10-29T23:49:58.496+0000] {processor.py:830} INFO - Processing file /home/airflow/.local/lib/python3.8/site-packages/airflow/example_dags/example_branch_day_of_week_operator.py for tasks to queue
[2024-10-29T23:49:58.499+0000] {logging_mixin.py:188} INFO - [2024-10-29T23:49:58.498+0000] {dagbag.py:540} INFO - Filling up the DagBag from /home/airflow/.local/lib/python3.8/site-packages/airflow/example_dags/example_branch_day_of_week_operator.py
[2024-10-29T23:49:58.507+0000] {processor.py:840} INFO - DAG(s) 'example_weekday_branch_operator' retrieved from /home/airflow/.local/lib/python3.8/site-packages/airflow/example_dags/example_branch_day_of_week_operator.py
[2024-10-29T23:49:58.536+0000] {logging_mixin.py:188} INFO - [2024-10-29T23:49:58.535+0000] {dag.py:3047} INFO - Sync 1 DAGs
[2024-10-29T23:49:58.564+0000] {logging_mixin.py:188} INFO - [2024-10-29T23:49:58.564+0000] {dag.py:3834} INFO - Setting next_dagrun for example_weekday_branch_operator to 2024-10-28 00:00:00+00:00, run_after=2024-10-29 00:00:00+00:00
[2024-10-29T23:49:58.586+0000] {processor.py:183} INFO - Processing /home/airflow/.local/lib/python3.8/site-packages/airflow/example_dags/example_branch_day_of_week_operator.py took 0.099 seconds
[2024-10-29T23:50:28.661+0000] {processor.py:161} INFO - Started process (PID=1831) to work on /home/airflow/.local/lib/python3.8/site-packages/airflow/example_dags/example_branch_day_of_week_operator.py
[2024-10-29T23:50:28.663+0000] {processor.py:830} INFO - Processing file /home/airflow/.local/lib/python3.8/site-packages/airflow/example_dags/example_branch_day_of_week_operator.py for tasks to queue
[2024-10-29T23:50:28.667+0000] {logging_mixin.py:188} INFO - [2024-10-29T23:50:28.666+0000] {dagbag.py:540} INFO - Filling up the DagBag from /home/airflow/.local/lib/python3.8/site-packages/airflow/example_dags/example_branch_day_of_week_operator.py
[2024-10-29T23:50:28.705+0000] {processor.py:840} INFO - DAG(s) 'example_weekday_branch_operator' retrieved from /home/airflow/.local/lib/python3.8/site-packages/airflow/example_dags/example_branch_day_of_week_operator.py
[2024-10-29T23:50:28.746+0000] {logging_mixin.py:188} INFO - [2024-10-29T23:50:28.746+0000] {dag.py:3047} INFO - Sync 1 DAGs
[2024-10-29T23:50:28.821+0000] {logging_mixin.py:188} INFO - [2024-10-29T23:50:28.820+0000] {dag.py:3834} INFO - Setting next_dagrun for example_weekday_branch_operator to 2024-10-28 00:00:00+00:00, run_after=2024-10-29 00:00:00+00:00
[2024-10-29T23:50:28.898+0000] {processor.py:183} INFO - Processing /home/airflow/.local/lib/python3.8/site-packages/airflow/example_dags/example_branch_day_of_week_operator.py took 0.243 seconds
[2024-10-29T23:50:58.961+0000] {processor.py:161} INFO - Started process (PID=1887) to work on /home/airflow/.local/lib/python3.8/site-packages/airflow/example_dags/example_branch_day_of_week_operator.py
[2024-10-29T23:50:58.962+0000] {processor.py:830} INFO - Processing file /home/airflow/.local/lib/python3.8/site-packages/airflow/example_dags/example_branch_day_of_week_operator.py for tasks to queue
[2024-10-29T23:50:58.964+0000] {logging_mixin.py:188} INFO - [2024-10-29T23:50:58.963+0000] {dagbag.py:540} INFO - Filling up the DagBag from /home/airflow/.local/lib/python3.8/site-packages/airflow/example_dags/example_branch_day_of_week_operator.py
[2024-10-29T23:50:58.971+0000] {processor.py:840} INFO - DAG(s) 'example_weekday_branch_operator' retrieved from /home/airflow/.local/lib/python3.8/site-packages/airflow/example_dags/example_branch_day_of_week_operator.py
[2024-10-29T23:50:58.989+0000] {logging_mixin.py:188} INFO - [2024-10-29T23:50:58.988+0000] {dag.py:3047} INFO - Sync 1 DAGs
[2024-10-29T23:50:59.011+0000] {logging_mixin.py:188} INFO - [2024-10-29T23:50:59.011+0000] {dag.py:3834} INFO - Setting next_dagrun for example_weekday_branch_operator to 2024-10-28 00:00:00+00:00, run_after=2024-10-29 00:00:00+00:00
[2024-10-29T23:50:59.027+0000] {processor.py:183} INFO - Processing /home/airflow/.local/lib/python3.8/site-packages/airflow/example_dags/example_branch_day_of_week_operator.py took 0.069 seconds
[2024-10-29T23:51:29.250+0000] {processor.py:161} INFO - Started process (PID=1943) to work on /home/airflow/.local/lib/python3.8/site-packages/airflow/example_dags/example_branch_day_of_week_operator.py
[2024-10-29T23:51:29.251+0000] {processor.py:830} INFO - Processing file /home/airflow/.local/lib/python3.8/site-packages/airflow/example_dags/example_branch_day_of_week_operator.py for tasks to queue
[2024-10-29T23:51:29.253+0000] {logging_mixin.py:188} INFO - [2024-10-29T23:51:29.252+0000] {dagbag.py:540} INFO - Filling up the DagBag from /home/airflow/.local/lib/python3.8/site-packages/airflow/example_dags/example_branch_day_of_week_operator.py
[2024-10-29T23:51:29.261+0000] {processor.py:840} INFO - DAG(s) 'example_weekday_branch_operator' retrieved from /home/airflow/.local/lib/python3.8/site-packages/airflow/example_dags/example_branch_day_of_week_operator.py
[2024-10-29T23:51:29.280+0000] {logging_mixin.py:188} INFO - [2024-10-29T23:51:29.280+0000] {dag.py:3047} INFO - Sync 1 DAGs
[2024-10-29T23:51:29.303+0000] {logging_mixin.py:188} INFO - [2024-10-29T23:51:29.303+0000] {dag.py:3834} INFO - Setting next_dagrun for example_weekday_branch_operator to 2024-10-28 00:00:00+00:00, run_after=2024-10-29 00:00:00+00:00
[2024-10-29T23:51:29.320+0000] {processor.py:183} INFO - Processing /home/airflow/.local/lib/python3.8/site-packages/airflow/example_dags/example_branch_day_of_week_operator.py took 0.073 seconds
[2024-10-29T23:51:59.668+0000] {processor.py:161} INFO - Started process (PID=1998) to work on /home/airflow/.local/lib/python3.8/site-packages/airflow/example_dags/example_branch_day_of_week_operator.py
[2024-10-29T23:51:59.674+0000] {processor.py:830} INFO - Processing file /home/airflow/.local/lib/python3.8/site-packages/airflow/example_dags/example_branch_day_of_week_operator.py for tasks to queue
[2024-10-29T23:51:59.677+0000] {logging_mixin.py:188} INFO - [2024-10-29T23:51:59.676+0000] {dagbag.py:540} INFO - Filling up the DagBag from /home/airflow/.local/lib/python3.8/site-packages/airflow/example_dags/example_branch_day_of_week_operator.py
[2024-10-29T23:51:59.685+0000] {processor.py:840} INFO - DAG(s) 'example_weekday_branch_operator' retrieved from /home/airflow/.local/lib/python3.8/site-packages/airflow/example_dags/example_branch_day_of_week_operator.py
[2024-10-29T23:51:59.714+0000] {logging_mixin.py:188} INFO - [2024-10-29T23:51:59.714+0000] {dag.py:3047} INFO - Sync 1 DAGs
[2024-10-29T23:51:59.748+0000] {logging_mixin.py:188} INFO - [2024-10-29T23:51:59.748+0000] {dag.py:3834} INFO - Setting next_dagrun for example_weekday_branch_operator to 2024-10-28 00:00:00+00:00, run_after=2024-10-29 00:00:00+00:00
[2024-10-29T23:51:59.768+0000] {processor.py:183} INFO - Processing /home/airflow/.local/lib/python3.8/site-packages/airflow/example_dags/example_branch_day_of_week_operator.py took 0.103 seconds
[2024-10-29T23:52:30.315+0000] {processor.py:161} INFO - Started process (PID=2054) to work on /home/airflow/.local/lib/python3.8/site-packages/airflow/example_dags/example_branch_day_of_week_operator.py
[2024-10-29T23:52:30.322+0000] {processor.py:830} INFO - Processing file /home/airflow/.local/lib/python3.8/site-packages/airflow/example_dags/example_branch_day_of_week_operator.py for tasks to queue
[2024-10-29T23:52:30.327+0000] {logging_mixin.py:188} INFO - [2024-10-29T23:52:30.326+0000] {dagbag.py:540} INFO - Filling up the DagBag from /home/airflow/.local/lib/python3.8/site-packages/airflow/example_dags/example_branch_day_of_week_operator.py
[2024-10-29T23:52:30.349+0000] {processor.py:840} INFO - DAG(s) 'example_weekday_branch_operator' retrieved from /home/airflow/.local/lib/python3.8/site-packages/airflow/example_dags/example_branch_day_of_week_operator.py
[2024-10-29T23:52:30.408+0000] {logging_mixin.py:188} INFO - [2024-10-29T23:52:30.407+0000] {dag.py:3047} INFO - Sync 1 DAGs
[2024-10-29T23:52:30.480+0000] {logging_mixin.py:188} INFO - [2024-10-29T23:52:30.479+0000] {dag.py:3834} INFO - Setting next_dagrun for example_weekday_branch_operator to 2024-10-28 00:00:00+00:00, run_after=2024-10-29 00:00:00+00:00
[2024-10-29T23:52:30.537+0000] {processor.py:183} INFO - Processing /home/airflow/.local/lib/python3.8/site-packages/airflow/example_dags/example_branch_day_of_week_operator.py took 0.230 seconds
[2024-10-29T23:53:00.574+0000] {processor.py:161} INFO - Started process (PID=2110) to work on /home/airflow/.local/lib/python3.8/site-packages/airflow/example_dags/example_branch_day_of_week_operator.py
[2024-10-29T23:53:00.576+0000] {processor.py:830} INFO - Processing file /home/airflow/.local/lib/python3.8/site-packages/airflow/example_dags/example_branch_day_of_week_operator.py for tasks to queue
[2024-10-29T23:53:00.579+0000] {logging_mixin.py:188} INFO - [2024-10-29T23:53:00.579+0000] {dagbag.py:540} INFO - Filling up the DagBag from /home/airflow/.local/lib/python3.8/site-packages/airflow/example_dags/example_branch_day_of_week_operator.py
[2024-10-29T23:53:00.588+0000] {processor.py:840} INFO - DAG(s) 'example_weekday_branch_operator' retrieved from /home/airflow/.local/lib/python3.8/site-packages/airflow/example_dags/example_branch_day_of_week_operator.py
[2024-10-29T23:53:00.615+0000] {logging_mixin.py:188} INFO - [2024-10-29T23:53:00.615+0000] {dag.py:3047} INFO - Sync 1 DAGs
[2024-10-29T23:53:00.647+0000] {logging_mixin.py:188} INFO - [2024-10-29T23:53:00.647+0000] {dag.py:3834} INFO - Setting next_dagrun for example_weekday_branch_operator to 2024-10-28 00:00:00+00:00, run_after=2024-10-29 00:00:00+00:00
[2024-10-29T23:53:00.676+0000] {processor.py:183} INFO - Processing /home/airflow/.local/lib/python3.8/site-packages/airflow/example_dags/example_branch_day_of_week_operator.py took 0.107 seconds
[2024-10-29T23:53:31.141+0000] {processor.py:161} INFO - Started process (PID=2166) to work on /home/airflow/.local/lib/python3.8/site-packages/airflow/example_dags/example_branch_day_of_week_operator.py
[2024-10-29T23:53:31.147+0000] {processor.py:830} INFO - Processing file /home/airflow/.local/lib/python3.8/site-packages/airflow/example_dags/example_branch_day_of_week_operator.py for tasks to queue
[2024-10-29T23:53:31.149+0000] {logging_mixin.py:188} INFO - [2024-10-29T23:53:31.149+0000] {dagbag.py:540} INFO - Filling up the DagBag from /home/airflow/.local/lib/python3.8/site-packages/airflow/example_dags/example_branch_day_of_week_operator.py
[2024-10-29T23:53:31.160+0000] {processor.py:840} INFO - DAG(s) 'example_weekday_branch_operator' retrieved from /home/airflow/.local/lib/python3.8/site-packages/airflow/example_dags/example_branch_day_of_week_operator.py
[2024-10-29T23:53:31.187+0000] {logging_mixin.py:188} INFO - [2024-10-29T23:53:31.186+0000] {dag.py:3047} INFO - Sync 1 DAGs
[2024-10-29T23:53:31.358+0000] {logging_mixin.py:188} INFO - [2024-10-29T23:53:31.358+0000] {dag.py:3834} INFO - Setting next_dagrun for example_weekday_branch_operator to 2024-10-28 00:00:00+00:00, run_after=2024-10-29 00:00:00+00:00
[2024-10-29T23:53:31.388+0000] {processor.py:183} INFO - Processing /home/airflow/.local/lib/python3.8/site-packages/airflow/example_dags/example_branch_day_of_week_operator.py took 0.251 seconds
[2024-10-29T23:54:02.006+0000] {processor.py:161} INFO - Started process (PID=2220) to work on /home/airflow/.local/lib/python3.8/site-packages/airflow/example_dags/example_branch_day_of_week_operator.py
[2024-10-29T23:54:02.007+0000] {processor.py:830} INFO - Processing file /home/airflow/.local/lib/python3.8/site-packages/airflow/example_dags/example_branch_day_of_week_operator.py for tasks to queue
[2024-10-29T23:54:02.009+0000] {logging_mixin.py:188} INFO - [2024-10-29T23:54:02.008+0000] {dagbag.py:540} INFO - Filling up the DagBag from /home/airflow/.local/lib/python3.8/site-packages/airflow/example_dags/example_branch_day_of_week_operator.py
[2024-10-29T23:54:02.015+0000] {processor.py:840} INFO - DAG(s) 'example_weekday_branch_operator' retrieved from /home/airflow/.local/lib/python3.8/site-packages/airflow/example_dags/example_branch_day_of_week_operator.py
[2024-10-29T23:54:02.032+0000] {logging_mixin.py:188} INFO - [2024-10-29T23:54:02.031+0000] {dag.py:3047} INFO - Sync 1 DAGs
[2024-10-29T23:54:02.151+0000] {logging_mixin.py:188} INFO - [2024-10-29T23:54:02.150+0000] {dag.py:3834} INFO - Setting next_dagrun for example_weekday_branch_operator to 2024-10-28 00:00:00+00:00, run_after=2024-10-29 00:00:00+00:00
[2024-10-29T23:54:02.169+0000] {processor.py:183} INFO - Processing /home/airflow/.local/lib/python3.8/site-packages/airflow/example_dags/example_branch_day_of_week_operator.py took 0.165 seconds
[2024-10-29T23:54:32.932+0000] {processor.py:161} INFO - Started process (PID=2282) to work on /home/airflow/.local/lib/python3.8/site-packages/airflow/example_dags/example_branch_day_of_week_operator.py
[2024-10-29T23:54:32.933+0000] {processor.py:830} INFO - Processing file /home/airflow/.local/lib/python3.8/site-packages/airflow/example_dags/example_branch_day_of_week_operator.py for tasks to queue
[2024-10-29T23:54:32.934+0000] {logging_mixin.py:188} INFO - [2024-10-29T23:54:32.934+0000] {dagbag.py:540} INFO - Filling up the DagBag from /home/airflow/.local/lib/python3.8/site-packages/airflow/example_dags/example_branch_day_of_week_operator.py
[2024-10-29T23:54:32.940+0000] {processor.py:840} INFO - DAG(s) 'example_weekday_branch_operator' retrieved from /home/airflow/.local/lib/python3.8/site-packages/airflow/example_dags/example_branch_day_of_week_operator.py
[2024-10-29T23:54:32.956+0000] {logging_mixin.py:188} INFO - [2024-10-29T23:54:32.956+0000] {dag.py:3047} INFO - Sync 1 DAGs
[2024-10-29T23:54:32.977+0000] {logging_mixin.py:188} INFO - [2024-10-29T23:54:32.976+0000] {dag.py:3834} INFO - Setting next_dagrun for example_weekday_branch_operator to 2024-10-28 00:00:00+00:00, run_after=2024-10-29 00:00:00+00:00
[2024-10-29T23:54:32.993+0000] {processor.py:183} INFO - Processing /home/airflow/.local/lib/python3.8/site-packages/airflow/example_dags/example_branch_day_of_week_operator.py took 0.063 seconds
[2024-10-29T23:55:03.647+0000] {processor.py:161} INFO - Started process (PID=2338) to work on /home/airflow/.local/lib/python3.8/site-packages/airflow/example_dags/example_branch_day_of_week_operator.py
[2024-10-29T23:55:03.648+0000] {processor.py:830} INFO - Processing file /home/airflow/.local/lib/python3.8/site-packages/airflow/example_dags/example_branch_day_of_week_operator.py for tasks to queue
[2024-10-29T23:55:03.650+0000] {logging_mixin.py:188} INFO - [2024-10-29T23:55:03.650+0000] {dagbag.py:540} INFO - Filling up the DagBag from /home/airflow/.local/lib/python3.8/site-packages/airflow/example_dags/example_branch_day_of_week_operator.py
[2024-10-29T23:55:03.659+0000] {processor.py:840} INFO - DAG(s) 'example_weekday_branch_operator' retrieved from /home/airflow/.local/lib/python3.8/site-packages/airflow/example_dags/example_branch_day_of_week_operator.py
[2024-10-29T23:55:03.683+0000] {logging_mixin.py:188} INFO - [2024-10-29T23:55:03.683+0000] {dag.py:3047} INFO - Sync 1 DAGs
[2024-10-29T23:55:03.718+0000] {logging_mixin.py:188} INFO - [2024-10-29T23:55:03.717+0000] {dag.py:3834} INFO - Setting next_dagrun for example_weekday_branch_operator to 2024-10-28 00:00:00+00:00, run_after=2024-10-29 00:00:00+00:00
[2024-10-29T23:55:03.734+0000] {processor.py:183} INFO - Processing /home/airflow/.local/lib/python3.8/site-packages/airflow/example_dags/example_branch_day_of_week_operator.py took 0.091 seconds
[2024-10-29T23:55:34.249+0000] {processor.py:161} INFO - Started process (PID=2394) to work on /home/airflow/.local/lib/python3.8/site-packages/airflow/example_dags/example_branch_day_of_week_operator.py
[2024-10-29T23:55:34.250+0000] {processor.py:830} INFO - Processing file /home/airflow/.local/lib/python3.8/site-packages/airflow/example_dags/example_branch_day_of_week_operator.py for tasks to queue
[2024-10-29T23:55:34.251+0000] {logging_mixin.py:188} INFO - [2024-10-29T23:55:34.251+0000] {dagbag.py:540} INFO - Filling up the DagBag from /home/airflow/.local/lib/python3.8/site-packages/airflow/example_dags/example_branch_day_of_week_operator.py
[2024-10-29T23:55:34.260+0000] {processor.py:840} INFO - DAG(s) 'example_weekday_branch_operator' retrieved from /home/airflow/.local/lib/python3.8/site-packages/airflow/example_dags/example_branch_day_of_week_operator.py
[2024-10-29T23:55:34.282+0000] {logging_mixin.py:188} INFO - [2024-10-29T23:55:34.282+0000] {dag.py:3047} INFO - Sync 1 DAGs
[2024-10-29T23:55:34.310+0000] {logging_mixin.py:188} INFO - [2024-10-29T23:55:34.310+0000] {dag.py:3834} INFO - Setting next_dagrun for example_weekday_branch_operator to 2024-10-28 00:00:00+00:00, run_after=2024-10-29 00:00:00+00:00
[2024-10-29T23:55:34.331+0000] {processor.py:183} INFO - Processing /home/airflow/.local/lib/python3.8/site-packages/airflow/example_dags/example_branch_day_of_week_operator.py took 0.085 seconds
[2024-10-29T23:56:04.465+0000] {processor.py:161} INFO - Started process (PID=2450) to work on /home/airflow/.local/lib/python3.8/site-packages/airflow/example_dags/example_branch_day_of_week_operator.py
[2024-10-29T23:56:04.465+0000] {processor.py:830} INFO - Processing file /home/airflow/.local/lib/python3.8/site-packages/airflow/example_dags/example_branch_day_of_week_operator.py for tasks to queue
[2024-10-29T23:56:04.467+0000] {logging_mixin.py:188} INFO - [2024-10-29T23:56:04.467+0000] {dagbag.py:540} INFO - Filling up the DagBag from /home/airflow/.local/lib/python3.8/site-packages/airflow/example_dags/example_branch_day_of_week_operator.py
[2024-10-29T23:56:04.476+0000] {processor.py:840} INFO - DAG(s) 'example_weekday_branch_operator' retrieved from /home/airflow/.local/lib/python3.8/site-packages/airflow/example_dags/example_branch_day_of_week_operator.py
[2024-10-29T23:56:04.499+0000] {logging_mixin.py:188} INFO - [2024-10-29T23:56:04.499+0000] {dag.py:3047} INFO - Sync 1 DAGs
[2024-10-29T23:56:04.527+0000] {logging_mixin.py:188} INFO - [2024-10-29T23:56:04.527+0000] {dag.py:3834} INFO - Setting next_dagrun for example_weekday_branch_operator to 2024-10-28 00:00:00+00:00, run_after=2024-10-29 00:00:00+00:00
[2024-10-29T23:56:04.546+0000] {processor.py:183} INFO - Processing /home/airflow/.local/lib/python3.8/site-packages/airflow/example_dags/example_branch_day_of_week_operator.py took 0.084 seconds
[2024-10-29T23:56:35.267+0000] {processor.py:161} INFO - Started process (PID=2506) to work on /home/airflow/.local/lib/python3.8/site-packages/airflow/example_dags/example_branch_day_of_week_operator.py
[2024-10-29T23:56:35.267+0000] {processor.py:830} INFO - Processing file /home/airflow/.local/lib/python3.8/site-packages/airflow/example_dags/example_branch_day_of_week_operator.py for tasks to queue
[2024-10-29T23:56:35.269+0000] {logging_mixin.py:188} INFO - [2024-10-29T23:56:35.269+0000] {dagbag.py:540} INFO - Filling up the DagBag from /home/airflow/.local/lib/python3.8/site-packages/airflow/example_dags/example_branch_day_of_week_operator.py
[2024-10-29T23:56:35.278+0000] {processor.py:840} INFO - DAG(s) 'example_weekday_branch_operator' retrieved from /home/airflow/.local/lib/python3.8/site-packages/airflow/example_dags/example_branch_day_of_week_operator.py
[2024-10-29T23:56:35.298+0000] {logging_mixin.py:188} INFO - [2024-10-29T23:56:35.298+0000] {dag.py:3047} INFO - Sync 1 DAGs
[2024-10-29T23:56:35.318+0000] {logging_mixin.py:188} INFO - [2024-10-29T23:56:35.317+0000] {dag.py:3834} INFO - Setting next_dagrun for example_weekday_branch_operator to 2024-10-28 00:00:00+00:00, run_after=2024-10-29 00:00:00+00:00
[2024-10-29T23:56:35.370+0000] {processor.py:183} INFO - Processing /home/airflow/.local/lib/python3.8/site-packages/airflow/example_dags/example_branch_day_of_week_operator.py took 0.106 seconds
[2024-10-29T23:57:05.693+0000] {processor.py:161} INFO - Started process (PID=2562) to work on /home/airflow/.local/lib/python3.8/site-packages/airflow/example_dags/example_branch_day_of_week_operator.py
[2024-10-29T23:57:05.694+0000] {processor.py:830} INFO - Processing file /home/airflow/.local/lib/python3.8/site-packages/airflow/example_dags/example_branch_day_of_week_operator.py for tasks to queue
[2024-10-29T23:57:05.695+0000] {logging_mixin.py:188} INFO - [2024-10-29T23:57:05.695+0000] {dagbag.py:540} INFO - Filling up the DagBag from /home/airflow/.local/lib/python3.8/site-packages/airflow/example_dags/example_branch_day_of_week_operator.py
[2024-10-29T23:57:05.702+0000] {processor.py:840} INFO - DAG(s) 'example_weekday_branch_operator' retrieved from /home/airflow/.local/lib/python3.8/site-packages/airflow/example_dags/example_branch_day_of_week_operator.py
[2024-10-29T23:57:05.721+0000] {logging_mixin.py:188} INFO - [2024-10-29T23:57:05.720+0000] {dag.py:3047} INFO - Sync 1 DAGs
[2024-10-29T23:57:05.742+0000] {logging_mixin.py:188} INFO - [2024-10-29T23:57:05.742+0000] {dag.py:3834} INFO - Setting next_dagrun for example_weekday_branch_operator to 2024-10-28 00:00:00+00:00, run_after=2024-10-29 00:00:00+00:00
[2024-10-29T23:57:05.758+0000] {processor.py:183} INFO - Processing /home/airflow/.local/lib/python3.8/site-packages/airflow/example_dags/example_branch_day_of_week_operator.py took 0.068 seconds
[2024-10-29T23:57:36.380+0000] {processor.py:161} INFO - Started process (PID=2618) to work on /home/airflow/.local/lib/python3.8/site-packages/airflow/example_dags/example_branch_day_of_week_operator.py
[2024-10-29T23:57:36.381+0000] {processor.py:830} INFO - Processing file /home/airflow/.local/lib/python3.8/site-packages/airflow/example_dags/example_branch_day_of_week_operator.py for tasks to queue
[2024-10-29T23:57:36.383+0000] {logging_mixin.py:188} INFO - [2024-10-29T23:57:36.382+0000] {dagbag.py:540} INFO - Filling up the DagBag from /home/airflow/.local/lib/python3.8/site-packages/airflow/example_dags/example_branch_day_of_week_operator.py
[2024-10-29T23:57:36.392+0000] {processor.py:840} INFO - DAG(s) 'example_weekday_branch_operator' retrieved from /home/airflow/.local/lib/python3.8/site-packages/airflow/example_dags/example_branch_day_of_week_operator.py
[2024-10-29T23:57:36.412+0000] {logging_mixin.py:188} INFO - [2024-10-29T23:57:36.412+0000] {dag.py:3047} INFO - Sync 1 DAGs
[2024-10-29T23:57:36.438+0000] {logging_mixin.py:188} INFO - [2024-10-29T23:57:36.438+0000] {dag.py:3834} INFO - Setting next_dagrun for example_weekday_branch_operator to 2024-10-28 00:00:00+00:00, run_after=2024-10-29 00:00:00+00:00
[2024-10-29T23:57:36.458+0000] {processor.py:183} INFO - Processing /home/airflow/.local/lib/python3.8/site-packages/airflow/example_dags/example_branch_day_of_week_operator.py took 0.080 seconds
[2024-10-29T23:58:06.835+0000] {processor.py:161} INFO - Started process (PID=2674) to work on /home/airflow/.local/lib/python3.8/site-packages/airflow/example_dags/example_branch_day_of_week_operator.py
[2024-10-29T23:58:06.836+0000] {processor.py:830} INFO - Processing file /home/airflow/.local/lib/python3.8/site-packages/airflow/example_dags/example_branch_day_of_week_operator.py for tasks to queue
[2024-10-29T23:58:06.837+0000] {logging_mixin.py:188} INFO - [2024-10-29T23:58:06.837+0000] {dagbag.py:540} INFO - Filling up the DagBag from /home/airflow/.local/lib/python3.8/site-packages/airflow/example_dags/example_branch_day_of_week_operator.py
[2024-10-29T23:58:06.844+0000] {processor.py:840} INFO - DAG(s) 'example_weekday_branch_operator' retrieved from /home/airflow/.local/lib/python3.8/site-packages/airflow/example_dags/example_branch_day_of_week_operator.py
[2024-10-29T23:58:06.861+0000] {logging_mixin.py:188} INFO - [2024-10-29T23:58:06.861+0000] {dag.py:3047} INFO - Sync 1 DAGs
[2024-10-29T23:58:06.882+0000] {logging_mixin.py:188} INFO - [2024-10-29T23:58:06.882+0000] {dag.py:3834} INFO - Setting next_dagrun for example_weekday_branch_operator to 2024-10-28 00:00:00+00:00, run_after=2024-10-29 00:00:00+00:00
[2024-10-29T23:58:06.897+0000] {processor.py:183} INFO - Processing /home/airflow/.local/lib/python3.8/site-packages/airflow/example_dags/example_branch_day_of_week_operator.py took 0.065 seconds
[2024-10-29T23:58:37.457+0000] {processor.py:161} INFO - Started process (PID=2730) to work on /home/airflow/.local/lib/python3.8/site-packages/airflow/example_dags/example_branch_day_of_week_operator.py
[2024-10-29T23:58:37.458+0000] {processor.py:830} INFO - Processing file /home/airflow/.local/lib/python3.8/site-packages/airflow/example_dags/example_branch_day_of_week_operator.py for tasks to queue
[2024-10-29T23:58:37.459+0000] {logging_mixin.py:188} INFO - [2024-10-29T23:58:37.459+0000] {dagbag.py:540} INFO - Filling up the DagBag from /home/airflow/.local/lib/python3.8/site-packages/airflow/example_dags/example_branch_day_of_week_operator.py
[2024-10-29T23:58:37.466+0000] {processor.py:840} INFO - DAG(s) 'example_weekday_branch_operator' retrieved from /home/airflow/.local/lib/python3.8/site-packages/airflow/example_dags/example_branch_day_of_week_operator.py
[2024-10-29T23:58:37.486+0000] {logging_mixin.py:188} INFO - [2024-10-29T23:58:37.486+0000] {dag.py:3047} INFO - Sync 1 DAGs
[2024-10-29T23:58:37.509+0000] {logging_mixin.py:188} INFO - [2024-10-29T23:58:37.509+0000] {dag.py:3834} INFO - Setting next_dagrun for example_weekday_branch_operator to 2024-10-28 00:00:00+00:00, run_after=2024-10-29 00:00:00+00:00
[2024-10-29T23:58:37.525+0000] {processor.py:183} INFO - Processing /home/airflow/.local/lib/python3.8/site-packages/airflow/example_dags/example_branch_day_of_week_operator.py took 0.070 seconds
[2024-10-29T23:59:07.696+0000] {processor.py:161} INFO - Started process (PID=2786) to work on /home/airflow/.local/lib/python3.8/site-packages/airflow/example_dags/example_branch_day_of_week_operator.py
[2024-10-29T23:59:07.697+0000] {processor.py:830} INFO - Processing file /home/airflow/.local/lib/python3.8/site-packages/airflow/example_dags/example_branch_day_of_week_operator.py for tasks to queue
[2024-10-29T23:59:07.698+0000] {logging_mixin.py:188} INFO - [2024-10-29T23:59:07.698+0000] {dagbag.py:540} INFO - Filling up the DagBag from /home/airflow/.local/lib/python3.8/site-packages/airflow/example_dags/example_branch_day_of_week_operator.py
[2024-10-29T23:59:07.706+0000] {processor.py:840} INFO - DAG(s) 'example_weekday_branch_operator' retrieved from /home/airflow/.local/lib/python3.8/site-packages/airflow/example_dags/example_branch_day_of_week_operator.py
[2024-10-29T23:59:07.727+0000] {logging_mixin.py:188} INFO - [2024-10-29T23:59:07.726+0000] {dag.py:3047} INFO - Sync 1 DAGs
[2024-10-29T23:59:07.751+0000] {logging_mixin.py:188} INFO - [2024-10-29T23:59:07.751+0000] {dag.py:3834} INFO - Setting next_dagrun for example_weekday_branch_operator to 2024-10-28 00:00:00+00:00, run_after=2024-10-29 00:00:00+00:00
[2024-10-29T23:59:07.770+0000] {processor.py:183} INFO - Processing /home/airflow/.local/lib/python3.8/site-packages/airflow/example_dags/example_branch_day_of_week_operator.py took 0.077 seconds
[2024-10-29T23:59:37.918+0000] {processor.py:161} INFO - Started process (PID=2842) to work on /home/airflow/.local/lib/python3.8/site-packages/airflow/example_dags/example_branch_day_of_week_operator.py
[2024-10-29T23:59:37.919+0000] {processor.py:830} INFO - Processing file /home/airflow/.local/lib/python3.8/site-packages/airflow/example_dags/example_branch_day_of_week_operator.py for tasks to queue
[2024-10-29T23:59:37.920+0000] {logging_mixin.py:188} INFO - [2024-10-29T23:59:37.920+0000] {dagbag.py:540} INFO - Filling up the DagBag from /home/airflow/.local/lib/python3.8/site-packages/airflow/example_dags/example_branch_day_of_week_operator.py
[2024-10-29T23:59:37.928+0000] {processor.py:840} INFO - DAG(s) 'example_weekday_branch_operator' retrieved from /home/airflow/.local/lib/python3.8/site-packages/airflow/example_dags/example_branch_day_of_week_operator.py
[2024-10-29T23:59:37.958+0000] {logging_mixin.py:188} INFO - [2024-10-29T23:59:37.958+0000] {dag.py:3047} INFO - Sync 1 DAGs
[2024-10-29T23:59:37.999+0000] {logging_mixin.py:188} INFO - [2024-10-29T23:59:37.999+0000] {dag.py:3834} INFO - Setting next_dagrun for example_weekday_branch_operator to 2024-10-28 00:00:00+00:00, run_after=2024-10-29 00:00:00+00:00
[2024-10-29T23:59:38.029+0000] {processor.py:183} INFO - Processing /home/airflow/.local/lib/python3.8/site-packages/airflow/example_dags/example_branch_day_of_week_operator.py took 0.114 seconds
