[2024-10-29T23:27:23.379+0000] {processor.py:161} INFO - Started process (PID=16655) to work on /home/airflow/.local/lib/python3.8/site-packages/airflow/example_dags/example_task_group_decorator.py
[2024-10-29T23:27:23.380+0000] {processor.py:830} INFO - Processing file /home/airflow/.local/lib/python3.8/site-packages/airflow/example_dags/example_task_group_decorator.py for tasks to queue
[2024-10-29T23:27:23.381+0000] {logging_mixin.py:188} INFO - [2024-10-29T23:27:23.381+0000] {dagbag.py:540} INFO - Filling up the DagBag from /home/airflow/.local/lib/python3.8/site-packages/airflow/example_dags/example_task_group_decorator.py
[2024-10-29T23:27:23.396+0000] {processor.py:840} INFO - DAG(s) 'example_task_group_decorator' retrieved from /home/airflow/.local/lib/python3.8/site-packages/airflow/example_dags/example_task_group_decorator.py
[2024-10-29T23:27:23.414+0000] {logging_mixin.py:188} INFO - [2024-10-29T23:27:23.414+0000] {dag.py:3047} INFO - Sync 1 DAGs
[2024-10-29T23:27:23.470+0000] {logging_mixin.py:188} INFO - [2024-10-29T23:27:23.469+0000] {dag.py:3834} INFO - Setting next_dagrun for example_task_group_decorator to 2024-10-28 00:00:00+00:00, run_after=2024-10-29 00:00:00+00:00
[2024-10-29T23:27:23.499+0000] {processor.py:183} INFO - Processing /home/airflow/.local/lib/python3.8/site-packages/airflow/example_dags/example_task_group_decorator.py took 0.123 seconds
[2024-10-29T23:27:53.926+0000] {processor.py:161} INFO - Started process (PID=16711) to work on /home/airflow/.local/lib/python3.8/site-packages/airflow/example_dags/example_task_group_decorator.py
[2024-10-29T23:27:53.926+0000] {processor.py:830} INFO - Processing file /home/airflow/.local/lib/python3.8/site-packages/airflow/example_dags/example_task_group_decorator.py for tasks to queue
[2024-10-29T23:27:53.928+0000] {logging_mixin.py:188} INFO - [2024-10-29T23:27:53.927+0000] {dagbag.py:540} INFO - Filling up the DagBag from /home/airflow/.local/lib/python3.8/site-packages/airflow/example_dags/example_task_group_decorator.py
[2024-10-29T23:27:53.942+0000] {processor.py:840} INFO - DAG(s) 'example_task_group_decorator' retrieved from /home/airflow/.local/lib/python3.8/site-packages/airflow/example_dags/example_task_group_decorator.py
[2024-10-29T23:27:53.963+0000] {logging_mixin.py:188} INFO - [2024-10-29T23:27:53.963+0000] {dag.py:3047} INFO - Sync 1 DAGs
[2024-10-29T23:27:53.983+0000] {logging_mixin.py:188} INFO - [2024-10-29T23:27:53.983+0000] {dag.py:3834} INFO - Setting next_dagrun for example_task_group_decorator to 2024-10-28 00:00:00+00:00, run_after=2024-10-29 00:00:00+00:00
[2024-10-29T23:27:53.999+0000] {processor.py:183} INFO - Processing /home/airflow/.local/lib/python3.8/site-packages/airflow/example_dags/example_task_group_decorator.py took 0.076 seconds
[2024-10-29T23:28:24.712+0000] {processor.py:161} INFO - Started process (PID=16767) to work on /home/airflow/.local/lib/python3.8/site-packages/airflow/example_dags/example_task_group_decorator.py
[2024-10-29T23:28:24.713+0000] {processor.py:830} INFO - Processing file /home/airflow/.local/lib/python3.8/site-packages/airflow/example_dags/example_task_group_decorator.py for tasks to queue
[2024-10-29T23:28:24.714+0000] {logging_mixin.py:188} INFO - [2024-10-29T23:28:24.714+0000] {dagbag.py:540} INFO - Filling up the DagBag from /home/airflow/.local/lib/python3.8/site-packages/airflow/example_dags/example_task_group_decorator.py
[2024-10-29T23:28:24.731+0000] {processor.py:840} INFO - DAG(s) 'example_task_group_decorator' retrieved from /home/airflow/.local/lib/python3.8/site-packages/airflow/example_dags/example_task_group_decorator.py
[2024-10-29T23:28:24.767+0000] {logging_mixin.py:188} INFO - [2024-10-29T23:28:24.766+0000] {dag.py:3047} INFO - Sync 1 DAGs
[2024-10-29T23:28:24.803+0000] {logging_mixin.py:188} INFO - [2024-10-29T23:28:24.803+0000] {dag.py:3834} INFO - Setting next_dagrun for example_task_group_decorator to 2024-10-28 00:00:00+00:00, run_after=2024-10-29 00:00:00+00:00
[2024-10-29T23:28:24.829+0000] {processor.py:183} INFO - Processing /home/airflow/.local/lib/python3.8/site-packages/airflow/example_dags/example_task_group_decorator.py took 0.120 seconds
[2024-10-29T23:28:55.656+0000] {processor.py:161} INFO - Started process (PID=16823) to work on /home/airflow/.local/lib/python3.8/site-packages/airflow/example_dags/example_task_group_decorator.py
[2024-10-29T23:28:55.657+0000] {processor.py:830} INFO - Processing file /home/airflow/.local/lib/python3.8/site-packages/airflow/example_dags/example_task_group_decorator.py for tasks to queue
[2024-10-29T23:28:55.658+0000] {logging_mixin.py:188} INFO - [2024-10-29T23:28:55.658+0000] {dagbag.py:540} INFO - Filling up the DagBag from /home/airflow/.local/lib/python3.8/site-packages/airflow/example_dags/example_task_group_decorator.py
[2024-10-29T23:28:55.671+0000] {processor.py:840} INFO - DAG(s) 'example_task_group_decorator' retrieved from /home/airflow/.local/lib/python3.8/site-packages/airflow/example_dags/example_task_group_decorator.py
[2024-10-29T23:28:55.691+0000] {logging_mixin.py:188} INFO - [2024-10-29T23:28:55.690+0000] {dag.py:3047} INFO - Sync 1 DAGs
[2024-10-29T23:28:55.709+0000] {logging_mixin.py:188} INFO - [2024-10-29T23:28:55.709+0000] {dag.py:3834} INFO - Setting next_dagrun for example_task_group_decorator to 2024-10-28 00:00:00+00:00, run_after=2024-10-29 00:00:00+00:00
[2024-10-29T23:28:55.723+0000] {processor.py:183} INFO - Processing /home/airflow/.local/lib/python3.8/site-packages/airflow/example_dags/example_task_group_decorator.py took 0.069 seconds
[2024-10-29T23:29:26.794+0000] {processor.py:161} INFO - Started process (PID=16879) to work on /home/airflow/.local/lib/python3.8/site-packages/airflow/example_dags/example_task_group_decorator.py
[2024-10-29T23:29:26.795+0000] {processor.py:830} INFO - Processing file /home/airflow/.local/lib/python3.8/site-packages/airflow/example_dags/example_task_group_decorator.py for tasks to queue
[2024-10-29T23:29:26.797+0000] {logging_mixin.py:188} INFO - [2024-10-29T23:29:26.797+0000] {dagbag.py:540} INFO - Filling up the DagBag from /home/airflow/.local/lib/python3.8/site-packages/airflow/example_dags/example_task_group_decorator.py
[2024-10-29T23:29:26.817+0000] {processor.py:840} INFO - DAG(s) 'example_task_group_decorator' retrieved from /home/airflow/.local/lib/python3.8/site-packages/airflow/example_dags/example_task_group_decorator.py
[2024-10-29T23:29:26.849+0000] {logging_mixin.py:188} INFO - [2024-10-29T23:29:26.849+0000] {dag.py:3047} INFO - Sync 1 DAGs
[2024-10-29T23:29:26.879+0000] {logging_mixin.py:188} INFO - [2024-10-29T23:29:26.879+0000] {dag.py:3834} INFO - Setting next_dagrun for example_task_group_decorator to 2024-10-28 00:00:00+00:00, run_after=2024-10-29 00:00:00+00:00
[2024-10-29T23:29:26.901+0000] {processor.py:183} INFO - Processing /home/airflow/.local/lib/python3.8/site-packages/airflow/example_dags/example_task_group_decorator.py took 0.112 seconds
[2024-10-29T23:29:56.946+0000] {processor.py:161} INFO - Started process (PID=16935) to work on /home/airflow/.local/lib/python3.8/site-packages/airflow/example_dags/example_task_group_decorator.py
[2024-10-29T23:29:56.947+0000] {processor.py:830} INFO - Processing file /home/airflow/.local/lib/python3.8/site-packages/airflow/example_dags/example_task_group_decorator.py for tasks to queue
[2024-10-29T23:29:56.948+0000] {logging_mixin.py:188} INFO - [2024-10-29T23:29:56.948+0000] {dagbag.py:540} INFO - Filling up the DagBag from /home/airflow/.local/lib/python3.8/site-packages/airflow/example_dags/example_task_group_decorator.py
[2024-10-29T23:29:56.963+0000] {processor.py:840} INFO - DAG(s) 'example_task_group_decorator' retrieved from /home/airflow/.local/lib/python3.8/site-packages/airflow/example_dags/example_task_group_decorator.py
[2024-10-29T23:29:56.985+0000] {logging_mixin.py:188} INFO - [2024-10-29T23:29:56.984+0000] {dag.py:3047} INFO - Sync 1 DAGs
[2024-10-29T23:29:57.017+0000] {logging_mixin.py:188} INFO - [2024-10-29T23:29:57.017+0000] {dag.py:3834} INFO - Setting next_dagrun for example_task_group_decorator to 2024-10-28 00:00:00+00:00, run_after=2024-10-29 00:00:00+00:00
[2024-10-29T23:29:57.040+0000] {processor.py:183} INFO - Processing /home/airflow/.local/lib/python3.8/site-packages/airflow/example_dags/example_task_group_decorator.py took 0.097 seconds
[2024-10-29T23:30:27.521+0000] {processor.py:161} INFO - Started process (PID=16991) to work on /home/airflow/.local/lib/python3.8/site-packages/airflow/example_dags/example_task_group_decorator.py
[2024-10-29T23:30:27.522+0000] {processor.py:830} INFO - Processing file /home/airflow/.local/lib/python3.8/site-packages/airflow/example_dags/example_task_group_decorator.py for tasks to queue
[2024-10-29T23:30:27.524+0000] {logging_mixin.py:188} INFO - [2024-10-29T23:30:27.523+0000] {dagbag.py:540} INFO - Filling up the DagBag from /home/airflow/.local/lib/python3.8/site-packages/airflow/example_dags/example_task_group_decorator.py
[2024-10-29T23:30:27.538+0000] {processor.py:840} INFO - DAG(s) 'example_task_group_decorator' retrieved from /home/airflow/.local/lib/python3.8/site-packages/airflow/example_dags/example_task_group_decorator.py
[2024-10-29T23:30:27.560+0000] {logging_mixin.py:188} INFO - [2024-10-29T23:30:27.560+0000] {dag.py:3047} INFO - Sync 1 DAGs
[2024-10-29T23:30:27.582+0000] {logging_mixin.py:188} INFO - [2024-10-29T23:30:27.582+0000] {dag.py:3834} INFO - Setting next_dagrun for example_task_group_decorator to 2024-10-28 00:00:00+00:00, run_after=2024-10-29 00:00:00+00:00
[2024-10-29T23:30:27.598+0000] {processor.py:183} INFO - Processing /home/airflow/.local/lib/python3.8/site-packages/airflow/example_dags/example_task_group_decorator.py took 0.080 seconds
[2024-10-29T23:30:58.355+0000] {processor.py:161} INFO - Started process (PID=17046) to work on /home/airflow/.local/lib/python3.8/site-packages/airflow/example_dags/example_task_group_decorator.py
[2024-10-29T23:30:58.356+0000] {processor.py:830} INFO - Processing file /home/airflow/.local/lib/python3.8/site-packages/airflow/example_dags/example_task_group_decorator.py for tasks to queue
[2024-10-29T23:30:58.357+0000] {logging_mixin.py:188} INFO - [2024-10-29T23:30:58.357+0000] {dagbag.py:540} INFO - Filling up the DagBag from /home/airflow/.local/lib/python3.8/site-packages/airflow/example_dags/example_task_group_decorator.py
[2024-10-29T23:30:58.374+0000] {processor.py:840} INFO - DAG(s) 'example_task_group_decorator' retrieved from /home/airflow/.local/lib/python3.8/site-packages/airflow/example_dags/example_task_group_decorator.py
[2024-10-29T23:30:58.403+0000] {logging_mixin.py:188} INFO - [2024-10-29T23:30:58.403+0000] {dag.py:3047} INFO - Sync 1 DAGs
[2024-10-29T23:30:58.425+0000] {logging_mixin.py:188} INFO - [2024-10-29T23:30:58.425+0000] {dag.py:3834} INFO - Setting next_dagrun for example_task_group_decorator to 2024-10-28 00:00:00+00:00, run_after=2024-10-29 00:00:00+00:00
[2024-10-29T23:30:58.444+0000] {processor.py:183} INFO - Processing /home/airflow/.local/lib/python3.8/site-packages/airflow/example_dags/example_task_group_decorator.py took 0.092 seconds
[2024-10-29T23:31:29.108+0000] {processor.py:161} INFO - Started process (PID=17102) to work on /home/airflow/.local/lib/python3.8/site-packages/airflow/example_dags/example_task_group_decorator.py
[2024-10-29T23:31:29.109+0000] {processor.py:830} INFO - Processing file /home/airflow/.local/lib/python3.8/site-packages/airflow/example_dags/example_task_group_decorator.py for tasks to queue
[2024-10-29T23:31:29.112+0000] {logging_mixin.py:188} INFO - [2024-10-29T23:31:29.111+0000] {dagbag.py:540} INFO - Filling up the DagBag from /home/airflow/.local/lib/python3.8/site-packages/airflow/example_dags/example_task_group_decorator.py
[2024-10-29T23:31:29.137+0000] {processor.py:840} INFO - DAG(s) 'example_task_group_decorator' retrieved from /home/airflow/.local/lib/python3.8/site-packages/airflow/example_dags/example_task_group_decorator.py
[2024-10-29T23:31:29.174+0000] {logging_mixin.py:188} INFO - [2024-10-29T23:31:29.173+0000] {dag.py:3047} INFO - Sync 1 DAGs
[2024-10-29T23:31:29.357+0000] {logging_mixin.py:188} INFO - [2024-10-29T23:31:29.357+0000] {dag.py:3834} INFO - Setting next_dagrun for example_task_group_decorator to 2024-10-28 00:00:00+00:00, run_after=2024-10-29 00:00:00+00:00
[2024-10-29T23:31:29.375+0000] {processor.py:183} INFO - Processing /home/airflow/.local/lib/python3.8/site-packages/airflow/example_dags/example_task_group_decorator.py took 0.271 seconds
[2024-10-29T23:31:59.590+0000] {processor.py:161} INFO - Started process (PID=17158) to work on /home/airflow/.local/lib/python3.8/site-packages/airflow/example_dags/example_task_group_decorator.py
[2024-10-29T23:31:59.591+0000] {processor.py:830} INFO - Processing file /home/airflow/.local/lib/python3.8/site-packages/airflow/example_dags/example_task_group_decorator.py for tasks to queue
[2024-10-29T23:31:59.592+0000] {logging_mixin.py:188} INFO - [2024-10-29T23:31:59.592+0000] {dagbag.py:540} INFO - Filling up the DagBag from /home/airflow/.local/lib/python3.8/site-packages/airflow/example_dags/example_task_group_decorator.py
[2024-10-29T23:31:59.603+0000] {processor.py:840} INFO - DAG(s) 'example_task_group_decorator' retrieved from /home/airflow/.local/lib/python3.8/site-packages/airflow/example_dags/example_task_group_decorator.py
[2024-10-29T23:31:59.621+0000] {logging_mixin.py:188} INFO - [2024-10-29T23:31:59.621+0000] {dag.py:3047} INFO - Sync 1 DAGs
[2024-10-29T23:31:59.725+0000] {logging_mixin.py:188} INFO - [2024-10-29T23:31:59.725+0000] {dag.py:3834} INFO - Setting next_dagrun for example_task_group_decorator to 2024-10-28 00:00:00+00:00, run_after=2024-10-29 00:00:00+00:00
[2024-10-29T23:31:59.745+0000] {processor.py:183} INFO - Processing /home/airflow/.local/lib/python3.8/site-packages/airflow/example_dags/example_task_group_decorator.py took 0.157 seconds
[2024-10-29T23:32:31.462+0000] {processor.py:161} INFO - Started process (PID=17213) to work on /home/airflow/.local/lib/python3.8/site-packages/airflow/example_dags/example_task_group_decorator.py
[2024-10-29T23:32:31.463+0000] {processor.py:830} INFO - Processing file /home/airflow/.local/lib/python3.8/site-packages/airflow/example_dags/example_task_group_decorator.py for tasks to queue
[2024-10-29T23:32:31.465+0000] {logging_mixin.py:188} INFO - [2024-10-29T23:32:31.465+0000] {dagbag.py:540} INFO - Filling up the DagBag from /home/airflow/.local/lib/python3.8/site-packages/airflow/example_dags/example_task_group_decorator.py
[2024-10-29T23:32:31.483+0000] {processor.py:840} INFO - DAG(s) 'example_task_group_decorator' retrieved from /home/airflow/.local/lib/python3.8/site-packages/airflow/example_dags/example_task_group_decorator.py
[2024-10-29T23:32:31.509+0000] {logging_mixin.py:188} INFO - [2024-10-29T23:32:31.509+0000] {dag.py:3047} INFO - Sync 1 DAGs
[2024-10-29T23:32:31.679+0000] {logging_mixin.py:188} INFO - [2024-10-29T23:32:31.678+0000] {dag.py:3834} INFO - Setting next_dagrun for example_task_group_decorator to 2024-10-28 00:00:00+00:00, run_after=2024-10-29 00:00:00+00:00
[2024-10-29T23:32:31.706+0000] {processor.py:183} INFO - Processing /home/airflow/.local/lib/python3.8/site-packages/airflow/example_dags/example_task_group_decorator.py took 0.248 seconds
[2024-10-29T23:33:02.096+0000] {processor.py:161} INFO - Started process (PID=17269) to work on /home/airflow/.local/lib/python3.8/site-packages/airflow/example_dags/example_task_group_decorator.py
[2024-10-29T23:33:02.097+0000] {processor.py:830} INFO - Processing file /home/airflow/.local/lib/python3.8/site-packages/airflow/example_dags/example_task_group_decorator.py for tasks to queue
[2024-10-29T23:33:02.098+0000] {logging_mixin.py:188} INFO - [2024-10-29T23:33:02.098+0000] {dagbag.py:540} INFO - Filling up the DagBag from /home/airflow/.local/lib/python3.8/site-packages/airflow/example_dags/example_task_group_decorator.py
[2024-10-29T23:33:02.112+0000] {processor.py:840} INFO - DAG(s) 'example_task_group_decorator' retrieved from /home/airflow/.local/lib/python3.8/site-packages/airflow/example_dags/example_task_group_decorator.py
[2024-10-29T23:33:02.134+0000] {logging_mixin.py:188} INFO - [2024-10-29T23:33:02.133+0000] {dag.py:3047} INFO - Sync 1 DAGs
[2024-10-29T23:33:02.259+0000] {logging_mixin.py:188} INFO - [2024-10-29T23:33:02.259+0000] {dag.py:3834} INFO - Setting next_dagrun for example_task_group_decorator to 2024-10-28 00:00:00+00:00, run_after=2024-10-29 00:00:00+00:00
[2024-10-29T23:33:02.279+0000] {processor.py:183} INFO - Processing /home/airflow/.local/lib/python3.8/site-packages/airflow/example_dags/example_task_group_decorator.py took 0.186 seconds
[2024-10-29T23:34:18.552+0000] {processor.py:161} INFO - Started process (PID=68) to work on /home/airflow/.local/lib/python3.8/site-packages/airflow/example_dags/example_task_group_decorator.py
[2024-10-29T23:34:18.557+0000] {processor.py:830} INFO - Processing file /home/airflow/.local/lib/python3.8/site-packages/airflow/example_dags/example_task_group_decorator.py for tasks to queue
[2024-10-29T23:34:18.560+0000] {logging_mixin.py:188} INFO - [2024-10-29T23:34:18.559+0000] {dagbag.py:540} INFO - Filling up the DagBag from /home/airflow/.local/lib/python3.8/site-packages/airflow/example_dags/example_task_group_decorator.py
[2024-10-29T23:34:18.591+0000] {processor.py:840} INFO - DAG(s) 'example_task_group_decorator' retrieved from /home/airflow/.local/lib/python3.8/site-packages/airflow/example_dags/example_task_group_decorator.py
[2024-10-29T23:34:18.608+0000] {logging_mixin.py:188} INFO - [2024-10-29T23:34:18.608+0000] {dag.py:3047} INFO - Sync 1 DAGs
[2024-10-29T23:34:18.639+0000] {logging_mixin.py:188} INFO - [2024-10-29T23:34:18.639+0000] {dag.py:3834} INFO - Setting next_dagrun for example_task_group_decorator to 2024-10-28 00:00:00+00:00, run_after=2024-10-29 00:00:00+00:00
[2024-10-29T23:34:18.666+0000] {processor.py:183} INFO - Processing /home/airflow/.local/lib/python3.8/site-packages/airflow/example_dags/example_task_group_decorator.py took 0.119 seconds
[2024-10-29T23:34:50.926+0000] {processor.py:161} INFO - Started process (PID=124) to work on /home/airflow/.local/lib/python3.8/site-packages/airflow/example_dags/example_task_group_decorator.py
[2024-10-29T23:34:50.929+0000] {processor.py:830} INFO - Processing file /home/airflow/.local/lib/python3.8/site-packages/airflow/example_dags/example_task_group_decorator.py for tasks to queue
[2024-10-29T23:34:50.931+0000] {logging_mixin.py:188} INFO - [2024-10-29T23:34:50.931+0000] {dagbag.py:540} INFO - Filling up the DagBag from /home/airflow/.local/lib/python3.8/site-packages/airflow/example_dags/example_task_group_decorator.py
[2024-10-29T23:34:50.960+0000] {processor.py:840} INFO - DAG(s) 'example_task_group_decorator' retrieved from /home/airflow/.local/lib/python3.8/site-packages/airflow/example_dags/example_task_group_decorator.py
[2024-10-29T23:34:51.121+0000] {logging_mixin.py:188} INFO - [2024-10-29T23:34:51.120+0000] {dag.py:3047} INFO - Sync 1 DAGs
[2024-10-29T23:34:51.158+0000] {logging_mixin.py:188} INFO - [2024-10-29T23:34:51.158+0000] {dag.py:3834} INFO - Setting next_dagrun for example_task_group_decorator to 2024-10-28 00:00:00+00:00, run_after=2024-10-29 00:00:00+00:00
[2024-10-29T23:34:51.187+0000] {processor.py:183} INFO - Processing /home/airflow/.local/lib/python3.8/site-packages/airflow/example_dags/example_task_group_decorator.py took 0.265 seconds
[2024-10-29T23:35:21.849+0000] {processor.py:161} INFO - Started process (PID=180) to work on /home/airflow/.local/lib/python3.8/site-packages/airflow/example_dags/example_task_group_decorator.py
[2024-10-29T23:35:21.850+0000] {processor.py:830} INFO - Processing file /home/airflow/.local/lib/python3.8/site-packages/airflow/example_dags/example_task_group_decorator.py for tasks to queue
[2024-10-29T23:35:21.852+0000] {logging_mixin.py:188} INFO - [2024-10-29T23:35:21.852+0000] {dagbag.py:540} INFO - Filling up the DagBag from /home/airflow/.local/lib/python3.8/site-packages/airflow/example_dags/example_task_group_decorator.py
[2024-10-29T23:35:21.868+0000] {processor.py:840} INFO - DAG(s) 'example_task_group_decorator' retrieved from /home/airflow/.local/lib/python3.8/site-packages/airflow/example_dags/example_task_group_decorator.py
[2024-10-29T23:35:21.895+0000] {logging_mixin.py:188} INFO - [2024-10-29T23:35:21.895+0000] {dag.py:3047} INFO - Sync 1 DAGs
[2024-10-29T23:35:21.923+0000] {logging_mixin.py:188} INFO - [2024-10-29T23:35:21.923+0000] {dag.py:3834} INFO - Setting next_dagrun for example_task_group_decorator to 2024-10-28 00:00:00+00:00, run_after=2024-10-29 00:00:00+00:00
[2024-10-29T23:35:21.946+0000] {processor.py:183} INFO - Processing /home/airflow/.local/lib/python3.8/site-packages/airflow/example_dags/example_task_group_decorator.py took 0.099 seconds
[2024-10-29T23:35:52.135+0000] {processor.py:161} INFO - Started process (PID=236) to work on /home/airflow/.local/lib/python3.8/site-packages/airflow/example_dags/example_task_group_decorator.py
[2024-10-29T23:35:52.136+0000] {processor.py:830} INFO - Processing file /home/airflow/.local/lib/python3.8/site-packages/airflow/example_dags/example_task_group_decorator.py for tasks to queue
[2024-10-29T23:35:52.137+0000] {logging_mixin.py:188} INFO - [2024-10-29T23:35:52.137+0000] {dagbag.py:540} INFO - Filling up the DagBag from /home/airflow/.local/lib/python3.8/site-packages/airflow/example_dags/example_task_group_decorator.py
[2024-10-29T23:35:52.151+0000] {processor.py:840} INFO - DAG(s) 'example_task_group_decorator' retrieved from /home/airflow/.local/lib/python3.8/site-packages/airflow/example_dags/example_task_group_decorator.py
[2024-10-29T23:35:52.185+0000] {logging_mixin.py:188} INFO - [2024-10-29T23:35:52.184+0000] {dag.py:3047} INFO - Sync 1 DAGs
[2024-10-29T23:35:52.218+0000] {logging_mixin.py:188} INFO - [2024-10-29T23:35:52.218+0000] {dag.py:3834} INFO - Setting next_dagrun for example_task_group_decorator to 2024-10-28 00:00:00+00:00, run_after=2024-10-29 00:00:00+00:00
[2024-10-29T23:35:52.242+0000] {processor.py:183} INFO - Processing /home/airflow/.local/lib/python3.8/site-packages/airflow/example_dags/example_task_group_decorator.py took 0.109 seconds
[2024-10-29T23:36:23.140+0000] {processor.py:161} INFO - Started process (PID=292) to work on /home/airflow/.local/lib/python3.8/site-packages/airflow/example_dags/example_task_group_decorator.py
[2024-10-29T23:36:23.141+0000] {processor.py:830} INFO - Processing file /home/airflow/.local/lib/python3.8/site-packages/airflow/example_dags/example_task_group_decorator.py for tasks to queue
[2024-10-29T23:36:23.143+0000] {logging_mixin.py:188} INFO - [2024-10-29T23:36:23.143+0000] {dagbag.py:540} INFO - Filling up the DagBag from /home/airflow/.local/lib/python3.8/site-packages/airflow/example_dags/example_task_group_decorator.py
[2024-10-29T23:36:23.160+0000] {processor.py:840} INFO - DAG(s) 'example_task_group_decorator' retrieved from /home/airflow/.local/lib/python3.8/site-packages/airflow/example_dags/example_task_group_decorator.py
[2024-10-29T23:36:23.188+0000] {logging_mixin.py:188} INFO - [2024-10-29T23:36:23.188+0000] {dag.py:3047} INFO - Sync 1 DAGs
[2024-10-29T23:36:23.213+0000] {logging_mixin.py:188} INFO - [2024-10-29T23:36:23.212+0000] {dag.py:3834} INFO - Setting next_dagrun for example_task_group_decorator to 2024-10-28 00:00:00+00:00, run_after=2024-10-29 00:00:00+00:00
[2024-10-29T23:36:23.231+0000] {processor.py:183} INFO - Processing /home/airflow/.local/lib/python3.8/site-packages/airflow/example_dags/example_task_group_decorator.py took 0.095 seconds
[2024-10-29T23:36:53.918+0000] {processor.py:161} INFO - Started process (PID=348) to work on /home/airflow/.local/lib/python3.8/site-packages/airflow/example_dags/example_task_group_decorator.py
[2024-10-29T23:36:53.918+0000] {processor.py:830} INFO - Processing file /home/airflow/.local/lib/python3.8/site-packages/airflow/example_dags/example_task_group_decorator.py for tasks to queue
[2024-10-29T23:36:53.920+0000] {logging_mixin.py:188} INFO - [2024-10-29T23:36:53.920+0000] {dagbag.py:540} INFO - Filling up the DagBag from /home/airflow/.local/lib/python3.8/site-packages/airflow/example_dags/example_task_group_decorator.py
[2024-10-29T23:36:53.935+0000] {processor.py:840} INFO - DAG(s) 'example_task_group_decorator' retrieved from /home/airflow/.local/lib/python3.8/site-packages/airflow/example_dags/example_task_group_decorator.py
[2024-10-29T23:36:53.960+0000] {logging_mixin.py:188} INFO - [2024-10-29T23:36:53.959+0000] {dag.py:3047} INFO - Sync 1 DAGs
[2024-10-29T23:36:53.982+0000] {logging_mixin.py:188} INFO - [2024-10-29T23:36:53.982+0000] {dag.py:3834} INFO - Setting next_dagrun for example_task_group_decorator to 2024-10-28 00:00:00+00:00, run_after=2024-10-29 00:00:00+00:00
[2024-10-29T23:36:54.004+0000] {processor.py:183} INFO - Processing /home/airflow/.local/lib/python3.8/site-packages/airflow/example_dags/example_task_group_decorator.py took 0.089 seconds
[2024-10-29T23:37:24.232+0000] {processor.py:161} INFO - Started process (PID=404) to work on /home/airflow/.local/lib/python3.8/site-packages/airflow/example_dags/example_task_group_decorator.py
[2024-10-29T23:37:24.233+0000] {processor.py:830} INFO - Processing file /home/airflow/.local/lib/python3.8/site-packages/airflow/example_dags/example_task_group_decorator.py for tasks to queue
[2024-10-29T23:37:24.235+0000] {logging_mixin.py:188} INFO - [2024-10-29T23:37:24.234+0000] {dagbag.py:540} INFO - Filling up the DagBag from /home/airflow/.local/lib/python3.8/site-packages/airflow/example_dags/example_task_group_decorator.py
[2024-10-29T23:37:24.249+0000] {processor.py:840} INFO - DAG(s) 'example_task_group_decorator' retrieved from /home/airflow/.local/lib/python3.8/site-packages/airflow/example_dags/example_task_group_decorator.py
[2024-10-29T23:37:24.278+0000] {logging_mixin.py:188} INFO - [2024-10-29T23:37:24.277+0000] {dag.py:3047} INFO - Sync 1 DAGs
[2024-10-29T23:37:24.307+0000] {logging_mixin.py:188} INFO - [2024-10-29T23:37:24.306+0000] {dag.py:3834} INFO - Setting next_dagrun for example_task_group_decorator to 2024-10-28 00:00:00+00:00, run_after=2024-10-29 00:00:00+00:00
[2024-10-29T23:37:24.328+0000] {processor.py:183} INFO - Processing /home/airflow/.local/lib/python3.8/site-packages/airflow/example_dags/example_task_group_decorator.py took 0.099 seconds
[2024-10-29T23:37:55.070+0000] {processor.py:161} INFO - Started process (PID=460) to work on /home/airflow/.local/lib/python3.8/site-packages/airflow/example_dags/example_task_group_decorator.py
[2024-10-29T23:37:55.072+0000] {processor.py:830} INFO - Processing file /home/airflow/.local/lib/python3.8/site-packages/airflow/example_dags/example_task_group_decorator.py for tasks to queue
[2024-10-29T23:37:55.073+0000] {logging_mixin.py:188} INFO - [2024-10-29T23:37:55.073+0000] {dagbag.py:540} INFO - Filling up the DagBag from /home/airflow/.local/lib/python3.8/site-packages/airflow/example_dags/example_task_group_decorator.py
[2024-10-29T23:37:55.090+0000] {processor.py:840} INFO - DAG(s) 'example_task_group_decorator' retrieved from /home/airflow/.local/lib/python3.8/site-packages/airflow/example_dags/example_task_group_decorator.py
[2024-10-29T23:37:55.118+0000] {logging_mixin.py:188} INFO - [2024-10-29T23:37:55.117+0000] {dag.py:3047} INFO - Sync 1 DAGs
[2024-10-29T23:37:55.159+0000] {logging_mixin.py:188} INFO - [2024-10-29T23:37:55.159+0000] {dag.py:3834} INFO - Setting next_dagrun for example_task_group_decorator to 2024-10-28 00:00:00+00:00, run_after=2024-10-29 00:00:00+00:00
[2024-10-29T23:37:55.179+0000] {processor.py:183} INFO - Processing /home/airflow/.local/lib/python3.8/site-packages/airflow/example_dags/example_task_group_decorator.py took 0.112 seconds
[2024-10-29T23:38:25.647+0000] {processor.py:161} INFO - Started process (PID=516) to work on /home/airflow/.local/lib/python3.8/site-packages/airflow/example_dags/example_task_group_decorator.py
[2024-10-29T23:38:25.648+0000] {processor.py:830} INFO - Processing file /home/airflow/.local/lib/python3.8/site-packages/airflow/example_dags/example_task_group_decorator.py for tasks to queue
[2024-10-29T23:38:25.650+0000] {logging_mixin.py:188} INFO - [2024-10-29T23:38:25.649+0000] {dagbag.py:540} INFO - Filling up the DagBag from /home/airflow/.local/lib/python3.8/site-packages/airflow/example_dags/example_task_group_decorator.py
[2024-10-29T23:38:25.664+0000] {processor.py:840} INFO - DAG(s) 'example_task_group_decorator' retrieved from /home/airflow/.local/lib/python3.8/site-packages/airflow/example_dags/example_task_group_decorator.py
[2024-10-29T23:38:25.686+0000] {logging_mixin.py:188} INFO - [2024-10-29T23:38:25.686+0000] {dag.py:3047} INFO - Sync 1 DAGs
[2024-10-29T23:38:25.705+0000] {logging_mixin.py:188} INFO - [2024-10-29T23:38:25.705+0000] {dag.py:3834} INFO - Setting next_dagrun for example_task_group_decorator to 2024-10-28 00:00:00+00:00, run_after=2024-10-29 00:00:00+00:00
[2024-10-29T23:38:25.720+0000] {processor.py:183} INFO - Processing /home/airflow/.local/lib/python3.8/site-packages/airflow/example_dags/example_task_group_decorator.py took 0.076 seconds
[2024-10-29T23:38:56.243+0000] {processor.py:161} INFO - Started process (PID=572) to work on /home/airflow/.local/lib/python3.8/site-packages/airflow/example_dags/example_task_group_decorator.py
[2024-10-29T23:38:56.244+0000] {processor.py:830} INFO - Processing file /home/airflow/.local/lib/python3.8/site-packages/airflow/example_dags/example_task_group_decorator.py for tasks to queue
[2024-10-29T23:38:56.246+0000] {logging_mixin.py:188} INFO - [2024-10-29T23:38:56.246+0000] {dagbag.py:540} INFO - Filling up the DagBag from /home/airflow/.local/lib/python3.8/site-packages/airflow/example_dags/example_task_group_decorator.py
[2024-10-29T23:38:56.269+0000] {processor.py:840} INFO - DAG(s) 'example_task_group_decorator' retrieved from /home/airflow/.local/lib/python3.8/site-packages/airflow/example_dags/example_task_group_decorator.py
[2024-10-29T23:38:56.300+0000] {logging_mixin.py:188} INFO - [2024-10-29T23:38:56.299+0000] {dag.py:3047} INFO - Sync 1 DAGs
[2024-10-29T23:38:56.335+0000] {logging_mixin.py:188} INFO - [2024-10-29T23:38:56.335+0000] {dag.py:3834} INFO - Setting next_dagrun for example_task_group_decorator to 2024-10-28 00:00:00+00:00, run_after=2024-10-29 00:00:00+00:00
[2024-10-29T23:38:56.360+0000] {processor.py:183} INFO - Processing /home/airflow/.local/lib/python3.8/site-packages/airflow/example_dags/example_task_group_decorator.py took 0.120 seconds
[2024-10-29T23:39:27.410+0000] {processor.py:161} INFO - Started process (PID=628) to work on /home/airflow/.local/lib/python3.8/site-packages/airflow/example_dags/example_task_group_decorator.py
[2024-10-29T23:39:27.411+0000] {processor.py:830} INFO - Processing file /home/airflow/.local/lib/python3.8/site-packages/airflow/example_dags/example_task_group_decorator.py for tasks to queue
[2024-10-29T23:39:27.415+0000] {logging_mixin.py:188} INFO - [2024-10-29T23:39:27.415+0000] {dagbag.py:540} INFO - Filling up the DagBag from /home/airflow/.local/lib/python3.8/site-packages/airflow/example_dags/example_task_group_decorator.py
[2024-10-29T23:39:27.442+0000] {processor.py:840} INFO - DAG(s) 'example_task_group_decorator' retrieved from /home/airflow/.local/lib/python3.8/site-packages/airflow/example_dags/example_task_group_decorator.py
[2024-10-29T23:39:27.474+0000] {logging_mixin.py:188} INFO - [2024-10-29T23:39:27.474+0000] {dag.py:3047} INFO - Sync 1 DAGs
[2024-10-29T23:39:27.504+0000] {logging_mixin.py:188} INFO - [2024-10-29T23:39:27.504+0000] {dag.py:3834} INFO - Setting next_dagrun for example_task_group_decorator to 2024-10-28 00:00:00+00:00, run_after=2024-10-29 00:00:00+00:00
[2024-10-29T23:39:27.526+0000] {processor.py:183} INFO - Processing /home/airflow/.local/lib/python3.8/site-packages/airflow/example_dags/example_task_group_decorator.py took 0.121 seconds
[2024-10-29T23:39:57.986+0000] {processor.py:161} INFO - Started process (PID=684) to work on /home/airflow/.local/lib/python3.8/site-packages/airflow/example_dags/example_task_group_decorator.py
[2024-10-29T23:39:57.987+0000] {processor.py:830} INFO - Processing file /home/airflow/.local/lib/python3.8/site-packages/airflow/example_dags/example_task_group_decorator.py for tasks to queue
[2024-10-29T23:39:57.989+0000] {logging_mixin.py:188} INFO - [2024-10-29T23:39:57.989+0000] {dagbag.py:540} INFO - Filling up the DagBag from /home/airflow/.local/lib/python3.8/site-packages/airflow/example_dags/example_task_group_decorator.py
[2024-10-29T23:39:58.004+0000] {processor.py:840} INFO - DAG(s) 'example_task_group_decorator' retrieved from /home/airflow/.local/lib/python3.8/site-packages/airflow/example_dags/example_task_group_decorator.py
[2024-10-29T23:39:58.029+0000] {logging_mixin.py:188} INFO - [2024-10-29T23:39:58.029+0000] {dag.py:3047} INFO - Sync 1 DAGs
[2024-10-29T23:39:58.055+0000] {logging_mixin.py:188} INFO - [2024-10-29T23:39:58.054+0000] {dag.py:3834} INFO - Setting next_dagrun for example_task_group_decorator to 2024-10-28 00:00:00+00:00, run_after=2024-10-29 00:00:00+00:00
[2024-10-29T23:39:58.075+0000] {processor.py:183} INFO - Processing /home/airflow/.local/lib/python3.8/site-packages/airflow/example_dags/example_task_group_decorator.py took 0.092 seconds
[2024-10-29T23:40:28.340+0000] {processor.py:161} INFO - Started process (PID=740) to work on /home/airflow/.local/lib/python3.8/site-packages/airflow/example_dags/example_task_group_decorator.py
[2024-10-29T23:40:28.341+0000] {processor.py:830} INFO - Processing file /home/airflow/.local/lib/python3.8/site-packages/airflow/example_dags/example_task_group_decorator.py for tasks to queue
[2024-10-29T23:40:28.343+0000] {logging_mixin.py:188} INFO - [2024-10-29T23:40:28.343+0000] {dagbag.py:540} INFO - Filling up the DagBag from /home/airflow/.local/lib/python3.8/site-packages/airflow/example_dags/example_task_group_decorator.py
[2024-10-29T23:40:28.369+0000] {processor.py:840} INFO - DAG(s) 'example_task_group_decorator' retrieved from /home/airflow/.local/lib/python3.8/site-packages/airflow/example_dags/example_task_group_decorator.py
[2024-10-29T23:40:28.401+0000] {logging_mixin.py:188} INFO - [2024-10-29T23:40:28.401+0000] {dag.py:3047} INFO - Sync 1 DAGs
[2024-10-29T23:40:28.436+0000] {logging_mixin.py:188} INFO - [2024-10-29T23:40:28.435+0000] {dag.py:3834} INFO - Setting next_dagrun for example_task_group_decorator to 2024-10-28 00:00:00+00:00, run_after=2024-10-29 00:00:00+00:00
[2024-10-29T23:40:28.461+0000] {processor.py:183} INFO - Processing /home/airflow/.local/lib/python3.8/site-packages/airflow/example_dags/example_task_group_decorator.py took 0.126 seconds
[2024-10-29T23:40:58.805+0000] {processor.py:161} INFO - Started process (PID=795) to work on /home/airflow/.local/lib/python3.8/site-packages/airflow/example_dags/example_task_group_decorator.py
[2024-10-29T23:40:58.806+0000] {processor.py:830} INFO - Processing file /home/airflow/.local/lib/python3.8/site-packages/airflow/example_dags/example_task_group_decorator.py for tasks to queue
[2024-10-29T23:40:58.808+0000] {logging_mixin.py:188} INFO - [2024-10-29T23:40:58.808+0000] {dagbag.py:540} INFO - Filling up the DagBag from /home/airflow/.local/lib/python3.8/site-packages/airflow/example_dags/example_task_group_decorator.py
[2024-10-29T23:40:58.824+0000] {processor.py:840} INFO - DAG(s) 'example_task_group_decorator' retrieved from /home/airflow/.local/lib/python3.8/site-packages/airflow/example_dags/example_task_group_decorator.py
[2024-10-29T23:40:58.856+0000] {logging_mixin.py:188} INFO - [2024-10-29T23:40:58.855+0000] {dag.py:3047} INFO - Sync 1 DAGs
[2024-10-29T23:40:58.886+0000] {logging_mixin.py:188} INFO - [2024-10-29T23:40:58.885+0000] {dag.py:3834} INFO - Setting next_dagrun for example_task_group_decorator to 2024-10-28 00:00:00+00:00, run_after=2024-10-29 00:00:00+00:00
[2024-10-29T23:40:58.907+0000] {processor.py:183} INFO - Processing /home/airflow/.local/lib/python3.8/site-packages/airflow/example_dags/example_task_group_decorator.py took 0.105 seconds
[2024-10-29T23:41:29.796+0000] {processor.py:161} INFO - Started process (PID=851) to work on /home/airflow/.local/lib/python3.8/site-packages/airflow/example_dags/example_task_group_decorator.py
[2024-10-29T23:41:29.798+0000] {processor.py:830} INFO - Processing file /home/airflow/.local/lib/python3.8/site-packages/airflow/example_dags/example_task_group_decorator.py for tasks to queue
[2024-10-29T23:41:29.801+0000] {logging_mixin.py:188} INFO - [2024-10-29T23:41:29.801+0000] {dagbag.py:540} INFO - Filling up the DagBag from /home/airflow/.local/lib/python3.8/site-packages/airflow/example_dags/example_task_group_decorator.py
[2024-10-29T23:41:29.829+0000] {processor.py:840} INFO - DAG(s) 'example_task_group_decorator' retrieved from /home/airflow/.local/lib/python3.8/site-packages/airflow/example_dags/example_task_group_decorator.py
[2024-10-29T23:41:29.871+0000] {logging_mixin.py:188} INFO - [2024-10-29T23:41:29.870+0000] {dag.py:3047} INFO - Sync 1 DAGs
[2024-10-29T23:41:29.911+0000] {logging_mixin.py:188} INFO - [2024-10-29T23:41:29.910+0000] {dag.py:3834} INFO - Setting next_dagrun for example_task_group_decorator to 2024-10-28 00:00:00+00:00, run_after=2024-10-29 00:00:00+00:00
[2024-10-29T23:41:29.947+0000] {processor.py:183} INFO - Processing /home/airflow/.local/lib/python3.8/site-packages/airflow/example_dags/example_task_group_decorator.py took 0.155 seconds
[2024-10-29T23:42:00.575+0000] {processor.py:161} INFO - Started process (PID=913) to work on /home/airflow/.local/lib/python3.8/site-packages/airflow/example_dags/example_task_group_decorator.py
[2024-10-29T23:42:00.576+0000] {processor.py:830} INFO - Processing file /home/airflow/.local/lib/python3.8/site-packages/airflow/example_dags/example_task_group_decorator.py for tasks to queue
[2024-10-29T23:42:00.579+0000] {logging_mixin.py:188} INFO - [2024-10-29T23:42:00.578+0000] {dagbag.py:540} INFO - Filling up the DagBag from /home/airflow/.local/lib/python3.8/site-packages/airflow/example_dags/example_task_group_decorator.py
[2024-10-29T23:42:00.596+0000] {processor.py:840} INFO - DAG(s) 'example_task_group_decorator' retrieved from /home/airflow/.local/lib/python3.8/site-packages/airflow/example_dags/example_task_group_decorator.py
[2024-10-29T23:42:00.623+0000] {logging_mixin.py:188} INFO - [2024-10-29T23:42:00.622+0000] {dag.py:3047} INFO - Sync 1 DAGs
[2024-10-29T23:42:00.653+0000] {logging_mixin.py:188} INFO - [2024-10-29T23:42:00.653+0000] {dag.py:3834} INFO - Setting next_dagrun for example_task_group_decorator to 2024-10-28 00:00:00+00:00, run_after=2024-10-29 00:00:00+00:00
[2024-10-29T23:42:00.673+0000] {processor.py:183} INFO - Processing /home/airflow/.local/lib/python3.8/site-packages/airflow/example_dags/example_task_group_decorator.py took 0.102 seconds
[2024-10-29T23:42:31.322+0000] {processor.py:161} INFO - Started process (PID=969) to work on /home/airflow/.local/lib/python3.8/site-packages/airflow/example_dags/example_task_group_decorator.py
[2024-10-29T23:42:31.324+0000] {processor.py:830} INFO - Processing file /home/airflow/.local/lib/python3.8/site-packages/airflow/example_dags/example_task_group_decorator.py for tasks to queue
[2024-10-29T23:42:31.332+0000] {logging_mixin.py:188} INFO - [2024-10-29T23:42:31.331+0000] {dagbag.py:540} INFO - Filling up the DagBag from /home/airflow/.local/lib/python3.8/site-packages/airflow/example_dags/example_task_group_decorator.py
[2024-10-29T23:42:31.388+0000] {processor.py:840} INFO - DAG(s) 'example_task_group_decorator' retrieved from /home/airflow/.local/lib/python3.8/site-packages/airflow/example_dags/example_task_group_decorator.py
[2024-10-29T23:42:31.474+0000] {logging_mixin.py:188} INFO - [2024-10-29T23:42:31.473+0000] {dag.py:3047} INFO - Sync 1 DAGs
[2024-10-29T23:42:31.508+0000] {logging_mixin.py:188} INFO - [2024-10-29T23:42:31.507+0000] {dag.py:3834} INFO - Setting next_dagrun for example_task_group_decorator to 2024-10-28 00:00:00+00:00, run_after=2024-10-29 00:00:00+00:00
[2024-10-29T23:42:31.536+0000] {processor.py:183} INFO - Processing /home/airflow/.local/lib/python3.8/site-packages/airflow/example_dags/example_task_group_decorator.py took 0.223 seconds
[2024-10-29T23:43:02.341+0000] {processor.py:161} INFO - Started process (PID=1025) to work on /home/airflow/.local/lib/python3.8/site-packages/airflow/example_dags/example_task_group_decorator.py
[2024-10-29T23:43:02.342+0000] {processor.py:830} INFO - Processing file /home/airflow/.local/lib/python3.8/site-packages/airflow/example_dags/example_task_group_decorator.py for tasks to queue
[2024-10-29T23:43:02.344+0000] {logging_mixin.py:188} INFO - [2024-10-29T23:43:02.344+0000] {dagbag.py:540} INFO - Filling up the DagBag from /home/airflow/.local/lib/python3.8/site-packages/airflow/example_dags/example_task_group_decorator.py
[2024-10-29T23:43:02.359+0000] {processor.py:840} INFO - DAG(s) 'example_task_group_decorator' retrieved from /home/airflow/.local/lib/python3.8/site-packages/airflow/example_dags/example_task_group_decorator.py
[2024-10-29T23:43:02.383+0000] {logging_mixin.py:188} INFO - [2024-10-29T23:43:02.383+0000] {dag.py:3047} INFO - Sync 1 DAGs
[2024-10-29T23:43:02.405+0000] {logging_mixin.py:188} INFO - [2024-10-29T23:43:02.405+0000] {dag.py:3834} INFO - Setting next_dagrun for example_task_group_decorator to 2024-10-28 00:00:00+00:00, run_after=2024-10-29 00:00:00+00:00
[2024-10-29T23:43:02.424+0000] {processor.py:183} INFO - Processing /home/airflow/.local/lib/python3.8/site-packages/airflow/example_dags/example_task_group_decorator.py took 0.085 seconds
[2024-10-29T23:43:32.702+0000] {processor.py:161} INFO - Started process (PID=1081) to work on /home/airflow/.local/lib/python3.8/site-packages/airflow/example_dags/example_task_group_decorator.py
[2024-10-29T23:43:32.703+0000] {processor.py:830} INFO - Processing file /home/airflow/.local/lib/python3.8/site-packages/airflow/example_dags/example_task_group_decorator.py for tasks to queue
[2024-10-29T23:43:32.705+0000] {logging_mixin.py:188} INFO - [2024-10-29T23:43:32.705+0000] {dagbag.py:540} INFO - Filling up the DagBag from /home/airflow/.local/lib/python3.8/site-packages/airflow/example_dags/example_task_group_decorator.py
[2024-10-29T23:43:32.722+0000] {processor.py:840} INFO - DAG(s) 'example_task_group_decorator' retrieved from /home/airflow/.local/lib/python3.8/site-packages/airflow/example_dags/example_task_group_decorator.py
[2024-10-29T23:43:32.749+0000] {logging_mixin.py:188} INFO - [2024-10-29T23:43:32.749+0000] {dag.py:3047} INFO - Sync 1 DAGs
[2024-10-29T23:43:32.773+0000] {logging_mixin.py:188} INFO - [2024-10-29T23:43:32.773+0000] {dag.py:3834} INFO - Setting next_dagrun for example_task_group_decorator to 2024-10-28 00:00:00+00:00, run_after=2024-10-29 00:00:00+00:00
[2024-10-29T23:43:32.792+0000] {processor.py:183} INFO - Processing /home/airflow/.local/lib/python3.8/site-packages/airflow/example_dags/example_task_group_decorator.py took 0.093 seconds
[2024-10-29T23:44:03.134+0000] {processor.py:161} INFO - Started process (PID=1137) to work on /home/airflow/.local/lib/python3.8/site-packages/airflow/example_dags/example_task_group_decorator.py
[2024-10-29T23:44:03.135+0000] {processor.py:830} INFO - Processing file /home/airflow/.local/lib/python3.8/site-packages/airflow/example_dags/example_task_group_decorator.py for tasks to queue
[2024-10-29T23:44:03.138+0000] {logging_mixin.py:188} INFO - [2024-10-29T23:44:03.138+0000] {dagbag.py:540} INFO - Filling up the DagBag from /home/airflow/.local/lib/python3.8/site-packages/airflow/example_dags/example_task_group_decorator.py
[2024-10-29T23:44:03.157+0000] {processor.py:840} INFO - DAG(s) 'example_task_group_decorator' retrieved from /home/airflow/.local/lib/python3.8/site-packages/airflow/example_dags/example_task_group_decorator.py
[2024-10-29T23:44:03.188+0000] {logging_mixin.py:188} INFO - [2024-10-29T23:44:03.187+0000] {dag.py:3047} INFO - Sync 1 DAGs
[2024-10-29T23:44:03.220+0000] {logging_mixin.py:188} INFO - [2024-10-29T23:44:03.219+0000] {dag.py:3834} INFO - Setting next_dagrun for example_task_group_decorator to 2024-10-28 00:00:00+00:00, run_after=2024-10-29 00:00:00+00:00
[2024-10-29T23:44:03.247+0000] {processor.py:183} INFO - Processing /home/airflow/.local/lib/python3.8/site-packages/airflow/example_dags/example_task_group_decorator.py took 0.117 seconds
[2024-10-29T23:44:33.477+0000] {processor.py:161} INFO - Started process (PID=1193) to work on /home/airflow/.local/lib/python3.8/site-packages/airflow/example_dags/example_task_group_decorator.py
[2024-10-29T23:44:33.478+0000] {processor.py:830} INFO - Processing file /home/airflow/.local/lib/python3.8/site-packages/airflow/example_dags/example_task_group_decorator.py for tasks to queue
[2024-10-29T23:44:33.479+0000] {logging_mixin.py:188} INFO - [2024-10-29T23:44:33.479+0000] {dagbag.py:540} INFO - Filling up the DagBag from /home/airflow/.local/lib/python3.8/site-packages/airflow/example_dags/example_task_group_decorator.py
[2024-10-29T23:44:33.492+0000] {processor.py:840} INFO - DAG(s) 'example_task_group_decorator' retrieved from /home/airflow/.local/lib/python3.8/site-packages/airflow/example_dags/example_task_group_decorator.py
[2024-10-29T23:44:33.512+0000] {logging_mixin.py:188} INFO - [2024-10-29T23:44:33.511+0000] {dag.py:3047} INFO - Sync 1 DAGs
[2024-10-29T23:44:33.531+0000] {logging_mixin.py:188} INFO - [2024-10-29T23:44:33.531+0000] {dag.py:3834} INFO - Setting next_dagrun for example_task_group_decorator to 2024-10-28 00:00:00+00:00, run_after=2024-10-29 00:00:00+00:00
[2024-10-29T23:44:33.550+0000] {processor.py:183} INFO - Processing /home/airflow/.local/lib/python3.8/site-packages/airflow/example_dags/example_task_group_decorator.py took 0.076 seconds
[2024-10-29T23:45:03.669+0000] {processor.py:161} INFO - Started process (PID=1249) to work on /home/airflow/.local/lib/python3.8/site-packages/airflow/example_dags/example_task_group_decorator.py
[2024-10-29T23:45:03.670+0000] {processor.py:830} INFO - Processing file /home/airflow/.local/lib/python3.8/site-packages/airflow/example_dags/example_task_group_decorator.py for tasks to queue
[2024-10-29T23:45:03.672+0000] {logging_mixin.py:188} INFO - [2024-10-29T23:45:03.672+0000] {dagbag.py:540} INFO - Filling up the DagBag from /home/airflow/.local/lib/python3.8/site-packages/airflow/example_dags/example_task_group_decorator.py
[2024-10-29T23:45:03.691+0000] {processor.py:840} INFO - DAG(s) 'example_task_group_decorator' retrieved from /home/airflow/.local/lib/python3.8/site-packages/airflow/example_dags/example_task_group_decorator.py
[2024-10-29T23:45:03.720+0000] {logging_mixin.py:188} INFO - [2024-10-29T23:45:03.720+0000] {dag.py:3047} INFO - Sync 1 DAGs
[2024-10-29T23:45:03.750+0000] {logging_mixin.py:188} INFO - [2024-10-29T23:45:03.750+0000] {dag.py:3834} INFO - Setting next_dagrun for example_task_group_decorator to 2024-10-28 00:00:00+00:00, run_after=2024-10-29 00:00:00+00:00
[2024-10-29T23:45:03.771+0000] {processor.py:183} INFO - Processing /home/airflow/.local/lib/python3.8/site-packages/airflow/example_dags/example_task_group_decorator.py took 0.105 seconds
[2024-10-29T23:45:33.970+0000] {processor.py:161} INFO - Started process (PID=1305) to work on /home/airflow/.local/lib/python3.8/site-packages/airflow/example_dags/example_task_group_decorator.py
[2024-10-29T23:45:33.971+0000] {processor.py:830} INFO - Processing file /home/airflow/.local/lib/python3.8/site-packages/airflow/example_dags/example_task_group_decorator.py for tasks to queue
[2024-10-29T23:45:33.973+0000] {logging_mixin.py:188} INFO - [2024-10-29T23:45:33.973+0000] {dagbag.py:540} INFO - Filling up the DagBag from /home/airflow/.local/lib/python3.8/site-packages/airflow/example_dags/example_task_group_decorator.py
[2024-10-29T23:45:33.989+0000] {processor.py:840} INFO - DAG(s) 'example_task_group_decorator' retrieved from /home/airflow/.local/lib/python3.8/site-packages/airflow/example_dags/example_task_group_decorator.py
[2024-10-29T23:45:34.012+0000] {logging_mixin.py:188} INFO - [2024-10-29T23:45:34.012+0000] {dag.py:3047} INFO - Sync 1 DAGs
[2024-10-29T23:45:34.034+0000] {logging_mixin.py:188} INFO - [2024-10-29T23:45:34.033+0000] {dag.py:3834} INFO - Setting next_dagrun for example_task_group_decorator to 2024-10-28 00:00:00+00:00, run_after=2024-10-29 00:00:00+00:00
[2024-10-29T23:45:34.051+0000] {processor.py:183} INFO - Processing /home/airflow/.local/lib/python3.8/site-packages/airflow/example_dags/example_task_group_decorator.py took 0.084 seconds
[2024-10-29T23:46:04.313+0000] {processor.py:161} INFO - Started process (PID=1361) to work on /home/airflow/.local/lib/python3.8/site-packages/airflow/example_dags/example_task_group_decorator.py
[2024-10-29T23:46:04.314+0000] {processor.py:830} INFO - Processing file /home/airflow/.local/lib/python3.8/site-packages/airflow/example_dags/example_task_group_decorator.py for tasks to queue
[2024-10-29T23:46:04.316+0000] {logging_mixin.py:188} INFO - [2024-10-29T23:46:04.316+0000] {dagbag.py:540} INFO - Filling up the DagBag from /home/airflow/.local/lib/python3.8/site-packages/airflow/example_dags/example_task_group_decorator.py
[2024-10-29T23:46:04.333+0000] {processor.py:840} INFO - DAG(s) 'example_task_group_decorator' retrieved from /home/airflow/.local/lib/python3.8/site-packages/airflow/example_dags/example_task_group_decorator.py
[2024-10-29T23:46:04.362+0000] {logging_mixin.py:188} INFO - [2024-10-29T23:46:04.361+0000] {dag.py:3047} INFO - Sync 1 DAGs
[2024-10-29T23:46:04.390+0000] {logging_mixin.py:188} INFO - [2024-10-29T23:46:04.389+0000] {dag.py:3834} INFO - Setting next_dagrun for example_task_group_decorator to 2024-10-28 00:00:00+00:00, run_after=2024-10-29 00:00:00+00:00
[2024-10-29T23:46:04.412+0000] {processor.py:183} INFO - Processing /home/airflow/.local/lib/python3.8/site-packages/airflow/example_dags/example_task_group_decorator.py took 0.103 seconds
[2024-10-29T23:46:34.609+0000] {processor.py:161} INFO - Started process (PID=1417) to work on /home/airflow/.local/lib/python3.8/site-packages/airflow/example_dags/example_task_group_decorator.py
[2024-10-29T23:46:34.611+0000] {processor.py:830} INFO - Processing file /home/airflow/.local/lib/python3.8/site-packages/airflow/example_dags/example_task_group_decorator.py for tasks to queue
[2024-10-29T23:46:34.613+0000] {logging_mixin.py:188} INFO - [2024-10-29T23:46:34.613+0000] {dagbag.py:540} INFO - Filling up the DagBag from /home/airflow/.local/lib/python3.8/site-packages/airflow/example_dags/example_task_group_decorator.py
[2024-10-29T23:46:34.629+0000] {processor.py:840} INFO - DAG(s) 'example_task_group_decorator' retrieved from /home/airflow/.local/lib/python3.8/site-packages/airflow/example_dags/example_task_group_decorator.py
[2024-10-29T23:46:34.654+0000] {logging_mixin.py:188} INFO - [2024-10-29T23:46:34.653+0000] {dag.py:3047} INFO - Sync 1 DAGs
[2024-10-29T23:46:34.678+0000] {logging_mixin.py:188} INFO - [2024-10-29T23:46:34.678+0000] {dag.py:3834} INFO - Setting next_dagrun for example_task_group_decorator to 2024-10-28 00:00:00+00:00, run_after=2024-10-29 00:00:00+00:00
[2024-10-29T23:46:34.703+0000] {processor.py:183} INFO - Processing /home/airflow/.local/lib/python3.8/site-packages/airflow/example_dags/example_task_group_decorator.py took 0.097 seconds
[2024-10-29T23:47:04.883+0000] {processor.py:161} INFO - Started process (PID=1473) to work on /home/airflow/.local/lib/python3.8/site-packages/airflow/example_dags/example_task_group_decorator.py
[2024-10-29T23:47:04.884+0000] {processor.py:830} INFO - Processing file /home/airflow/.local/lib/python3.8/site-packages/airflow/example_dags/example_task_group_decorator.py for tasks to queue
[2024-10-29T23:47:04.886+0000] {logging_mixin.py:188} INFO - [2024-10-29T23:47:04.886+0000] {dagbag.py:540} INFO - Filling up the DagBag from /home/airflow/.local/lib/python3.8/site-packages/airflow/example_dags/example_task_group_decorator.py
[2024-10-29T23:47:04.902+0000] {processor.py:840} INFO - DAG(s) 'example_task_group_decorator' retrieved from /home/airflow/.local/lib/python3.8/site-packages/airflow/example_dags/example_task_group_decorator.py
[2024-10-29T23:47:04.926+0000] {logging_mixin.py:188} INFO - [2024-10-29T23:47:04.925+0000] {dag.py:3047} INFO - Sync 1 DAGs
[2024-10-29T23:47:04.965+0000] {logging_mixin.py:188} INFO - [2024-10-29T23:47:04.965+0000] {dag.py:3834} INFO - Setting next_dagrun for example_task_group_decorator to 2024-10-28 00:00:00+00:00, run_after=2024-10-29 00:00:00+00:00
[2024-10-29T23:47:04.994+0000] {processor.py:183} INFO - Processing /home/airflow/.local/lib/python3.8/site-packages/airflow/example_dags/example_task_group_decorator.py took 0.114 seconds
[2024-10-29T23:47:35.168+0000] {processor.py:161} INFO - Started process (PID=1529) to work on /home/airflow/.local/lib/python3.8/site-packages/airflow/example_dags/example_task_group_decorator.py
[2024-10-29T23:47:35.169+0000] {processor.py:830} INFO - Processing file /home/airflow/.local/lib/python3.8/site-packages/airflow/example_dags/example_task_group_decorator.py for tasks to queue
[2024-10-29T23:47:35.170+0000] {logging_mixin.py:188} INFO - [2024-10-29T23:47:35.170+0000] {dagbag.py:540} INFO - Filling up the DagBag from /home/airflow/.local/lib/python3.8/site-packages/airflow/example_dags/example_task_group_decorator.py
[2024-10-29T23:47:35.181+0000] {processor.py:840} INFO - DAG(s) 'example_task_group_decorator' retrieved from /home/airflow/.local/lib/python3.8/site-packages/airflow/example_dags/example_task_group_decorator.py
[2024-10-29T23:47:35.199+0000] {logging_mixin.py:188} INFO - [2024-10-29T23:47:35.199+0000] {dag.py:3047} INFO - Sync 1 DAGs
[2024-10-29T23:47:35.217+0000] {logging_mixin.py:188} INFO - [2024-10-29T23:47:35.216+0000] {dag.py:3834} INFO - Setting next_dagrun for example_task_group_decorator to 2024-10-28 00:00:00+00:00, run_after=2024-10-29 00:00:00+00:00
[2024-10-29T23:47:35.231+0000] {processor.py:183} INFO - Processing /home/airflow/.local/lib/python3.8/site-packages/airflow/example_dags/example_task_group_decorator.py took 0.065 seconds
[2024-10-29T23:48:06.392+0000] {processor.py:161} INFO - Started process (PID=1585) to work on /home/airflow/.local/lib/python3.8/site-packages/airflow/example_dags/example_task_group_decorator.py
[2024-10-29T23:48:06.393+0000] {processor.py:830} INFO - Processing file /home/airflow/.local/lib/python3.8/site-packages/airflow/example_dags/example_task_group_decorator.py for tasks to queue
[2024-10-29T23:48:06.395+0000] {logging_mixin.py:188} INFO - [2024-10-29T23:48:06.395+0000] {dagbag.py:540} INFO - Filling up the DagBag from /home/airflow/.local/lib/python3.8/site-packages/airflow/example_dags/example_task_group_decorator.py
[2024-10-29T23:48:06.417+0000] {processor.py:840} INFO - DAG(s) 'example_task_group_decorator' retrieved from /home/airflow/.local/lib/python3.8/site-packages/airflow/example_dags/example_task_group_decorator.py
[2024-10-29T23:48:06.452+0000] {logging_mixin.py:188} INFO - [2024-10-29T23:48:06.452+0000] {dag.py:3047} INFO - Sync 1 DAGs
[2024-10-29T23:48:06.488+0000] {logging_mixin.py:188} INFO - [2024-10-29T23:48:06.488+0000] {dag.py:3834} INFO - Setting next_dagrun for example_task_group_decorator to 2024-10-28 00:00:00+00:00, run_after=2024-10-29 00:00:00+00:00
[2024-10-29T23:48:06.511+0000] {processor.py:183} INFO - Processing /home/airflow/.local/lib/python3.8/site-packages/airflow/example_dags/example_task_group_decorator.py took 0.123 seconds
[2024-10-29T23:48:37.454+0000] {processor.py:161} INFO - Started process (PID=1641) to work on /home/airflow/.local/lib/python3.8/site-packages/airflow/example_dags/example_task_group_decorator.py
[2024-10-29T23:48:37.455+0000] {processor.py:830} INFO - Processing file /home/airflow/.local/lib/python3.8/site-packages/airflow/example_dags/example_task_group_decorator.py for tasks to queue
[2024-10-29T23:48:37.457+0000] {logging_mixin.py:188} INFO - [2024-10-29T23:48:37.456+0000] {dagbag.py:540} INFO - Filling up the DagBag from /home/airflow/.local/lib/python3.8/site-packages/airflow/example_dags/example_task_group_decorator.py
[2024-10-29T23:48:37.469+0000] {processor.py:840} INFO - DAG(s) 'example_task_group_decorator' retrieved from /home/airflow/.local/lib/python3.8/site-packages/airflow/example_dags/example_task_group_decorator.py
[2024-10-29T23:48:37.491+0000] {logging_mixin.py:188} INFO - [2024-10-29T23:48:37.491+0000] {dag.py:3047} INFO - Sync 1 DAGs
[2024-10-29T23:48:37.514+0000] {logging_mixin.py:188} INFO - [2024-10-29T23:48:37.513+0000] {dag.py:3834} INFO - Setting next_dagrun for example_task_group_decorator to 2024-10-28 00:00:00+00:00, run_after=2024-10-29 00:00:00+00:00
[2024-10-29T23:48:37.531+0000] {processor.py:183} INFO - Processing /home/airflow/.local/lib/python3.8/site-packages/airflow/example_dags/example_task_group_decorator.py took 0.078 seconds
[2024-10-29T23:49:07.908+0000] {processor.py:161} INFO - Started process (PID=1697) to work on /home/airflow/.local/lib/python3.8/site-packages/airflow/example_dags/example_task_group_decorator.py
[2024-10-29T23:49:07.909+0000] {processor.py:830} INFO - Processing file /home/airflow/.local/lib/python3.8/site-packages/airflow/example_dags/example_task_group_decorator.py for tasks to queue
[2024-10-29T23:49:07.911+0000] {logging_mixin.py:188} INFO - [2024-10-29T23:49:07.911+0000] {dagbag.py:540} INFO - Filling up the DagBag from /home/airflow/.local/lib/python3.8/site-packages/airflow/example_dags/example_task_group_decorator.py
[2024-10-29T23:49:07.932+0000] {processor.py:840} INFO - DAG(s) 'example_task_group_decorator' retrieved from /home/airflow/.local/lib/python3.8/site-packages/airflow/example_dags/example_task_group_decorator.py
[2024-10-29T23:49:07.965+0000] {logging_mixin.py:188} INFO - [2024-10-29T23:49:07.964+0000] {dag.py:3047} INFO - Sync 1 DAGs
[2024-10-29T23:49:07.996+0000] {logging_mixin.py:188} INFO - [2024-10-29T23:49:07.996+0000] {dag.py:3834} INFO - Setting next_dagrun for example_task_group_decorator to 2024-10-28 00:00:00+00:00, run_after=2024-10-29 00:00:00+00:00
[2024-10-29T23:49:08.028+0000] {processor.py:183} INFO - Processing /home/airflow/.local/lib/python3.8/site-packages/airflow/example_dags/example_task_group_decorator.py took 0.124 seconds
[2024-10-29T23:49:38.928+0000] {processor.py:161} INFO - Started process (PID=1753) to work on /home/airflow/.local/lib/python3.8/site-packages/airflow/example_dags/example_task_group_decorator.py
[2024-10-29T23:49:38.929+0000] {processor.py:830} INFO - Processing file /home/airflow/.local/lib/python3.8/site-packages/airflow/example_dags/example_task_group_decorator.py for tasks to queue
[2024-10-29T23:49:38.931+0000] {logging_mixin.py:188} INFO - [2024-10-29T23:49:38.931+0000] {dagbag.py:540} INFO - Filling up the DagBag from /home/airflow/.local/lib/python3.8/site-packages/airflow/example_dags/example_task_group_decorator.py
[2024-10-29T23:49:38.952+0000] {processor.py:840} INFO - DAG(s) 'example_task_group_decorator' retrieved from /home/airflow/.local/lib/python3.8/site-packages/airflow/example_dags/example_task_group_decorator.py
[2024-10-29T23:49:38.986+0000] {logging_mixin.py:188} INFO - [2024-10-29T23:49:38.986+0000] {dag.py:3047} INFO - Sync 1 DAGs
[2024-10-29T23:49:39.022+0000] {logging_mixin.py:188} INFO - [2024-10-29T23:49:39.022+0000] {dag.py:3834} INFO - Setting next_dagrun for example_task_group_decorator to 2024-10-28 00:00:00+00:00, run_after=2024-10-29 00:00:00+00:00
[2024-10-29T23:49:39.060+0000] {processor.py:183} INFO - Processing /home/airflow/.local/lib/python3.8/site-packages/airflow/example_dags/example_task_group_decorator.py took 0.137 seconds
[2024-10-29T23:50:09.429+0000] {processor.py:161} INFO - Started process (PID=1808) to work on /home/airflow/.local/lib/python3.8/site-packages/airflow/example_dags/example_task_group_decorator.py
[2024-10-29T23:50:09.435+0000] {processor.py:830} INFO - Processing file /home/airflow/.local/lib/python3.8/site-packages/airflow/example_dags/example_task_group_decorator.py for tasks to queue
[2024-10-29T23:50:09.438+0000] {logging_mixin.py:188} INFO - [2024-10-29T23:50:09.437+0000] {dagbag.py:540} INFO - Filling up the DagBag from /home/airflow/.local/lib/python3.8/site-packages/airflow/example_dags/example_task_group_decorator.py
[2024-10-29T23:50:09.454+0000] {processor.py:840} INFO - DAG(s) 'example_task_group_decorator' retrieved from /home/airflow/.local/lib/python3.8/site-packages/airflow/example_dags/example_task_group_decorator.py
[2024-10-29T23:50:09.480+0000] {logging_mixin.py:188} INFO - [2024-10-29T23:50:09.480+0000] {dag.py:3047} INFO - Sync 1 DAGs
[2024-10-29T23:50:09.505+0000] {logging_mixin.py:188} INFO - [2024-10-29T23:50:09.504+0000] {dag.py:3834} INFO - Setting next_dagrun for example_task_group_decorator to 2024-10-28 00:00:00+00:00, run_after=2024-10-29 00:00:00+00:00
[2024-10-29T23:50:09.526+0000] {processor.py:183} INFO - Processing /home/airflow/.local/lib/python3.8/site-packages/airflow/example_dags/example_task_group_decorator.py took 0.100 seconds
[2024-10-29T23:50:39.569+0000] {processor.py:161} INFO - Started process (PID=1864) to work on /home/airflow/.local/lib/python3.8/site-packages/airflow/example_dags/example_task_group_decorator.py
[2024-10-29T23:50:39.575+0000] {processor.py:830} INFO - Processing file /home/airflow/.local/lib/python3.8/site-packages/airflow/example_dags/example_task_group_decorator.py for tasks to queue
[2024-10-29T23:50:39.577+0000] {logging_mixin.py:188} INFO - [2024-10-29T23:50:39.577+0000] {dagbag.py:540} INFO - Filling up the DagBag from /home/airflow/.local/lib/python3.8/site-packages/airflow/example_dags/example_task_group_decorator.py
[2024-10-29T23:50:39.593+0000] {processor.py:840} INFO - DAG(s) 'example_task_group_decorator' retrieved from /home/airflow/.local/lib/python3.8/site-packages/airflow/example_dags/example_task_group_decorator.py
[2024-10-29T23:50:39.616+0000] {logging_mixin.py:188} INFO - [2024-10-29T23:50:39.616+0000] {dag.py:3047} INFO - Sync 1 DAGs
[2024-10-29T23:50:39.637+0000] {logging_mixin.py:188} INFO - [2024-10-29T23:50:39.636+0000] {dag.py:3834} INFO - Setting next_dagrun for example_task_group_decorator to 2024-10-28 00:00:00+00:00, run_after=2024-10-29 00:00:00+00:00
[2024-10-29T23:50:39.655+0000] {processor.py:183} INFO - Processing /home/airflow/.local/lib/python3.8/site-packages/airflow/example_dags/example_task_group_decorator.py took 0.090 seconds
[2024-10-29T23:51:10.403+0000] {processor.py:161} INFO - Started process (PID=1920) to work on /home/airflow/.local/lib/python3.8/site-packages/airflow/example_dags/example_task_group_decorator.py
[2024-10-29T23:51:10.411+0000] {processor.py:830} INFO - Processing file /home/airflow/.local/lib/python3.8/site-packages/airflow/example_dags/example_task_group_decorator.py for tasks to queue
[2024-10-29T23:51:10.419+0000] {logging_mixin.py:188} INFO - [2024-10-29T23:51:10.418+0000] {dagbag.py:540} INFO - Filling up the DagBag from /home/airflow/.local/lib/python3.8/site-packages/airflow/example_dags/example_task_group_decorator.py
[2024-10-29T23:51:10.456+0000] {processor.py:840} INFO - DAG(s) 'example_task_group_decorator' retrieved from /home/airflow/.local/lib/python3.8/site-packages/airflow/example_dags/example_task_group_decorator.py
[2024-10-29T23:51:10.481+0000] {logging_mixin.py:188} INFO - [2024-10-29T23:51:10.481+0000] {dag.py:3047} INFO - Sync 1 DAGs
[2024-10-29T23:51:10.505+0000] {logging_mixin.py:188} INFO - [2024-10-29T23:51:10.505+0000] {dag.py:3834} INFO - Setting next_dagrun for example_task_group_decorator to 2024-10-28 00:00:00+00:00, run_after=2024-10-29 00:00:00+00:00
[2024-10-29T23:51:10.524+0000] {processor.py:183} INFO - Processing /home/airflow/.local/lib/python3.8/site-packages/airflow/example_dags/example_task_group_decorator.py took 0.133 seconds
[2024-10-29T23:51:40.855+0000] {processor.py:161} INFO - Started process (PID=1975) to work on /home/airflow/.local/lib/python3.8/site-packages/airflow/example_dags/example_task_group_decorator.py
[2024-10-29T23:51:40.861+0000] {processor.py:830} INFO - Processing file /home/airflow/.local/lib/python3.8/site-packages/airflow/example_dags/example_task_group_decorator.py for tasks to queue
[2024-10-29T23:51:40.863+0000] {logging_mixin.py:188} INFO - [2024-10-29T23:51:40.863+0000] {dagbag.py:540} INFO - Filling up the DagBag from /home/airflow/.local/lib/python3.8/site-packages/airflow/example_dags/example_task_group_decorator.py
[2024-10-29T23:51:40.900+0000] {processor.py:840} INFO - DAG(s) 'example_task_group_decorator' retrieved from /home/airflow/.local/lib/python3.8/site-packages/airflow/example_dags/example_task_group_decorator.py
[2024-10-29T23:51:40.954+0000] {logging_mixin.py:188} INFO - [2024-10-29T23:51:40.953+0000] {dag.py:3047} INFO - Sync 1 DAGs
[2024-10-29T23:51:40.997+0000] {logging_mixin.py:188} INFO - [2024-10-29T23:51:40.997+0000] {dag.py:3834} INFO - Setting next_dagrun for example_task_group_decorator to 2024-10-28 00:00:00+00:00, run_after=2024-10-29 00:00:00+00:00
[2024-10-29T23:51:41.030+0000] {processor.py:183} INFO - Processing /home/airflow/.local/lib/python3.8/site-packages/airflow/example_dags/example_task_group_decorator.py took 0.179 seconds
[2024-10-29T23:52:11.094+0000] {processor.py:161} INFO - Started process (PID=2031) to work on /home/airflow/.local/lib/python3.8/site-packages/airflow/example_dags/example_task_group_decorator.py
[2024-10-29T23:52:11.100+0000] {processor.py:830} INFO - Processing file /home/airflow/.local/lib/python3.8/site-packages/airflow/example_dags/example_task_group_decorator.py for tasks to queue
[2024-10-29T23:52:11.102+0000] {logging_mixin.py:188} INFO - [2024-10-29T23:52:11.101+0000] {dagbag.py:540} INFO - Filling up the DagBag from /home/airflow/.local/lib/python3.8/site-packages/airflow/example_dags/example_task_group_decorator.py
[2024-10-29T23:52:11.116+0000] {processor.py:840} INFO - DAG(s) 'example_task_group_decorator' retrieved from /home/airflow/.local/lib/python3.8/site-packages/airflow/example_dags/example_task_group_decorator.py
[2024-10-29T23:52:11.138+0000] {logging_mixin.py:188} INFO - [2024-10-29T23:52:11.137+0000] {dag.py:3047} INFO - Sync 1 DAGs
[2024-10-29T23:52:11.159+0000] {logging_mixin.py:188} INFO - [2024-10-29T23:52:11.158+0000] {dag.py:3834} INFO - Setting next_dagrun for example_task_group_decorator to 2024-10-28 00:00:00+00:00, run_after=2024-10-29 00:00:00+00:00
[2024-10-29T23:52:11.176+0000] {processor.py:183} INFO - Processing /home/airflow/.local/lib/python3.8/site-packages/airflow/example_dags/example_task_group_decorator.py took 0.085 seconds
[2024-10-29T23:52:41.311+0000] {processor.py:161} INFO - Started process (PID=2087) to work on /home/airflow/.local/lib/python3.8/site-packages/airflow/example_dags/example_task_group_decorator.py
[2024-10-29T23:52:41.317+0000] {processor.py:830} INFO - Processing file /home/airflow/.local/lib/python3.8/site-packages/airflow/example_dags/example_task_group_decorator.py for tasks to queue
[2024-10-29T23:52:41.318+0000] {logging_mixin.py:188} INFO - [2024-10-29T23:52:41.318+0000] {dagbag.py:540} INFO - Filling up the DagBag from /home/airflow/.local/lib/python3.8/site-packages/airflow/example_dags/example_task_group_decorator.py
[2024-10-29T23:52:41.332+0000] {processor.py:840} INFO - DAG(s) 'example_task_group_decorator' retrieved from /home/airflow/.local/lib/python3.8/site-packages/airflow/example_dags/example_task_group_decorator.py
[2024-10-29T23:52:41.354+0000] {logging_mixin.py:188} INFO - [2024-10-29T23:52:41.354+0000] {dag.py:3047} INFO - Sync 1 DAGs
[2024-10-29T23:52:41.376+0000] {logging_mixin.py:188} INFO - [2024-10-29T23:52:41.375+0000] {dag.py:3834} INFO - Setting next_dagrun for example_task_group_decorator to 2024-10-28 00:00:00+00:00, run_after=2024-10-29 00:00:00+00:00
[2024-10-29T23:52:41.392+0000] {processor.py:183} INFO - Processing /home/airflow/.local/lib/python3.8/site-packages/airflow/example_dags/example_task_group_decorator.py took 0.084 seconds
[2024-10-29T23:53:12.044+0000] {processor.py:161} INFO - Started process (PID=2143) to work on /home/airflow/.local/lib/python3.8/site-packages/airflow/example_dags/example_task_group_decorator.py
[2024-10-29T23:53:12.050+0000] {processor.py:830} INFO - Processing file /home/airflow/.local/lib/python3.8/site-packages/airflow/example_dags/example_task_group_decorator.py for tasks to queue
[2024-10-29T23:53:12.053+0000] {logging_mixin.py:188} INFO - [2024-10-29T23:53:12.052+0000] {dagbag.py:540} INFO - Filling up the DagBag from /home/airflow/.local/lib/python3.8/site-packages/airflow/example_dags/example_task_group_decorator.py
[2024-10-29T23:53:12.073+0000] {processor.py:840} INFO - DAG(s) 'example_task_group_decorator' retrieved from /home/airflow/.local/lib/python3.8/site-packages/airflow/example_dags/example_task_group_decorator.py
[2024-10-29T23:53:12.102+0000] {logging_mixin.py:188} INFO - [2024-10-29T23:53:12.102+0000] {dag.py:3047} INFO - Sync 1 DAGs
[2024-10-29T23:53:12.125+0000] {logging_mixin.py:188} INFO - [2024-10-29T23:53:12.124+0000] {dag.py:3834} INFO - Setting next_dagrun for example_task_group_decorator to 2024-10-28 00:00:00+00:00, run_after=2024-10-29 00:00:00+00:00
[2024-10-29T23:53:12.143+0000] {processor.py:183} INFO - Processing /home/airflow/.local/lib/python3.8/site-packages/airflow/example_dags/example_task_group_decorator.py took 0.103 seconds
[2024-10-29T23:53:42.171+0000] {processor.py:161} INFO - Started process (PID=2199) to work on /home/airflow/.local/lib/python3.8/site-packages/airflow/example_dags/example_task_group_decorator.py
[2024-10-29T23:53:42.177+0000] {processor.py:830} INFO - Processing file /home/airflow/.local/lib/python3.8/site-packages/airflow/example_dags/example_task_group_decorator.py for tasks to queue
[2024-10-29T23:53:42.179+0000] {logging_mixin.py:188} INFO - [2024-10-29T23:53:42.179+0000] {dagbag.py:540} INFO - Filling up the DagBag from /home/airflow/.local/lib/python3.8/site-packages/airflow/example_dags/example_task_group_decorator.py
[2024-10-29T23:53:42.194+0000] {processor.py:840} INFO - DAG(s) 'example_task_group_decorator' retrieved from /home/airflow/.local/lib/python3.8/site-packages/airflow/example_dags/example_task_group_decorator.py
[2024-10-29T23:53:42.216+0000] {logging_mixin.py:188} INFO - [2024-10-29T23:53:42.216+0000] {dag.py:3047} INFO - Sync 1 DAGs
[2024-10-29T23:53:42.236+0000] {logging_mixin.py:188} INFO - [2024-10-29T23:53:42.236+0000] {dag.py:3834} INFO - Setting next_dagrun for example_task_group_decorator to 2024-10-28 00:00:00+00:00, run_after=2024-10-29 00:00:00+00:00
[2024-10-29T23:53:42.253+0000] {processor.py:183} INFO - Processing /home/airflow/.local/lib/python3.8/site-packages/airflow/example_dags/example_task_group_decorator.py took 0.085 seconds
[2024-10-29T23:54:12.599+0000] {processor.py:161} INFO - Started process (PID=2255) to work on /home/airflow/.local/lib/python3.8/site-packages/airflow/example_dags/example_task_group_decorator.py
[2024-10-29T23:54:12.605+0000] {processor.py:830} INFO - Processing file /home/airflow/.local/lib/python3.8/site-packages/airflow/example_dags/example_task_group_decorator.py for tasks to queue
[2024-10-29T23:54:12.608+0000] {logging_mixin.py:188} INFO - [2024-10-29T23:54:12.607+0000] {dagbag.py:540} INFO - Filling up the DagBag from /home/airflow/.local/lib/python3.8/site-packages/airflow/example_dags/example_task_group_decorator.py
[2024-10-29T23:54:12.629+0000] {processor.py:840} INFO - DAG(s) 'example_task_group_decorator' retrieved from /home/airflow/.local/lib/python3.8/site-packages/airflow/example_dags/example_task_group_decorator.py
[2024-10-29T23:54:12.662+0000] {logging_mixin.py:188} INFO - [2024-10-29T23:54:12.662+0000] {dag.py:3047} INFO - Sync 1 DAGs
[2024-10-29T23:54:12.696+0000] {logging_mixin.py:188} INFO - [2024-10-29T23:54:12.696+0000] {dag.py:3834} INFO - Setting next_dagrun for example_task_group_decorator to 2024-10-28 00:00:00+00:00, run_after=2024-10-29 00:00:00+00:00
[2024-10-29T23:54:12.725+0000] {processor.py:183} INFO - Processing /home/airflow/.local/lib/python3.8/site-packages/airflow/example_dags/example_task_group_decorator.py took 0.128 seconds
[2024-10-29T23:54:43.303+0000] {processor.py:161} INFO - Started process (PID=2311) to work on /home/airflow/.local/lib/python3.8/site-packages/airflow/example_dags/example_task_group_decorator.py
[2024-10-29T23:54:43.304+0000] {processor.py:830} INFO - Processing file /home/airflow/.local/lib/python3.8/site-packages/airflow/example_dags/example_task_group_decorator.py for tasks to queue
[2024-10-29T23:54:43.307+0000] {logging_mixin.py:188} INFO - [2024-10-29T23:54:43.307+0000] {dagbag.py:540} INFO - Filling up the DagBag from /home/airflow/.local/lib/python3.8/site-packages/airflow/example_dags/example_task_group_decorator.py
[2024-10-29T23:54:43.325+0000] {processor.py:840} INFO - DAG(s) 'example_task_group_decorator' retrieved from /home/airflow/.local/lib/python3.8/site-packages/airflow/example_dags/example_task_group_decorator.py
[2024-10-29T23:54:43.350+0000] {logging_mixin.py:188} INFO - [2024-10-29T23:54:43.350+0000] {dag.py:3047} INFO - Sync 1 DAGs
[2024-10-29T23:54:43.376+0000] {logging_mixin.py:188} INFO - [2024-10-29T23:54:43.375+0000] {dag.py:3834} INFO - Setting next_dagrun for example_task_group_decorator to 2024-10-28 00:00:00+00:00, run_after=2024-10-29 00:00:00+00:00
[2024-10-29T23:54:43.396+0000] {processor.py:183} INFO - Processing /home/airflow/.local/lib/python3.8/site-packages/airflow/example_dags/example_task_group_decorator.py took 0.096 seconds
[2024-10-29T23:55:13.809+0000] {processor.py:161} INFO - Started process (PID=2367) to work on /home/airflow/.local/lib/python3.8/site-packages/airflow/example_dags/example_task_group_decorator.py
[2024-10-29T23:55:13.815+0000] {processor.py:830} INFO - Processing file /home/airflow/.local/lib/python3.8/site-packages/airflow/example_dags/example_task_group_decorator.py for tasks to queue
[2024-10-29T23:55:13.817+0000] {logging_mixin.py:188} INFO - [2024-10-29T23:55:13.816+0000] {dagbag.py:540} INFO - Filling up the DagBag from /home/airflow/.local/lib/python3.8/site-packages/airflow/example_dags/example_task_group_decorator.py
[2024-10-29T23:55:13.831+0000] {processor.py:840} INFO - DAG(s) 'example_task_group_decorator' retrieved from /home/airflow/.local/lib/python3.8/site-packages/airflow/example_dags/example_task_group_decorator.py
[2024-10-29T23:55:13.850+0000] {logging_mixin.py:188} INFO - [2024-10-29T23:55:13.850+0000] {dag.py:3047} INFO - Sync 1 DAGs
[2024-10-29T23:55:13.869+0000] {logging_mixin.py:188} INFO - [2024-10-29T23:55:13.869+0000] {dag.py:3834} INFO - Setting next_dagrun for example_task_group_decorator to 2024-10-28 00:00:00+00:00, run_after=2024-10-29 00:00:00+00:00
[2024-10-29T23:55:13.886+0000] {processor.py:183} INFO - Processing /home/airflow/.local/lib/python3.8/site-packages/airflow/example_dags/example_task_group_decorator.py took 0.079 seconds
[2024-10-29T23:55:44.058+0000] {processor.py:161} INFO - Started process (PID=2423) to work on /home/airflow/.local/lib/python3.8/site-packages/airflow/example_dags/example_task_group_decorator.py
[2024-10-29T23:55:44.059+0000] {processor.py:830} INFO - Processing file /home/airflow/.local/lib/python3.8/site-packages/airflow/example_dags/example_task_group_decorator.py for tasks to queue
[2024-10-29T23:55:44.061+0000] {logging_mixin.py:188} INFO - [2024-10-29T23:55:44.060+0000] {dagbag.py:540} INFO - Filling up the DagBag from /home/airflow/.local/lib/python3.8/site-packages/airflow/example_dags/example_task_group_decorator.py
[2024-10-29T23:55:44.075+0000] {processor.py:840} INFO - DAG(s) 'example_task_group_decorator' retrieved from /home/airflow/.local/lib/python3.8/site-packages/airflow/example_dags/example_task_group_decorator.py
[2024-10-29T23:55:44.095+0000] {logging_mixin.py:188} INFO - [2024-10-29T23:55:44.095+0000] {dag.py:3047} INFO - Sync 1 DAGs
[2024-10-29T23:55:44.115+0000] {logging_mixin.py:188} INFO - [2024-10-29T23:55:44.114+0000] {dag.py:3834} INFO - Setting next_dagrun for example_task_group_decorator to 2024-10-28 00:00:00+00:00, run_after=2024-10-29 00:00:00+00:00
[2024-10-29T23:55:44.129+0000] {processor.py:183} INFO - Processing /home/airflow/.local/lib/python3.8/site-packages/airflow/example_dags/example_task_group_decorator.py took 0.074 seconds
[2024-10-29T23:56:15.027+0000] {processor.py:161} INFO - Started process (PID=2479) to work on /home/airflow/.local/lib/python3.8/site-packages/airflow/example_dags/example_task_group_decorator.py
[2024-10-29T23:56:15.028+0000] {processor.py:830} INFO - Processing file /home/airflow/.local/lib/python3.8/site-packages/airflow/example_dags/example_task_group_decorator.py for tasks to queue
[2024-10-29T23:56:15.030+0000] {logging_mixin.py:188} INFO - [2024-10-29T23:56:15.030+0000] {dagbag.py:540} INFO - Filling up the DagBag from /home/airflow/.local/lib/python3.8/site-packages/airflow/example_dags/example_task_group_decorator.py
[2024-10-29T23:56:15.045+0000] {processor.py:840} INFO - DAG(s) 'example_task_group_decorator' retrieved from /home/airflow/.local/lib/python3.8/site-packages/airflow/example_dags/example_task_group_decorator.py
[2024-10-29T23:56:15.085+0000] {logging_mixin.py:188} INFO - [2024-10-29T23:56:15.085+0000] {dag.py:3047} INFO - Sync 1 DAGs
[2024-10-29T23:56:15.118+0000] {logging_mixin.py:188} INFO - [2024-10-29T23:56:15.118+0000] {dag.py:3834} INFO - Setting next_dagrun for example_task_group_decorator to 2024-10-28 00:00:00+00:00, run_after=2024-10-29 00:00:00+00:00
[2024-10-29T23:56:15.138+0000] {processor.py:183} INFO - Processing /home/airflow/.local/lib/python3.8/site-packages/airflow/example_dags/example_task_group_decorator.py took 0.113 seconds
[2024-10-29T23:56:45.448+0000] {processor.py:161} INFO - Started process (PID=2535) to work on /home/airflow/.local/lib/python3.8/site-packages/airflow/example_dags/example_task_group_decorator.py
[2024-10-29T23:56:45.448+0000] {processor.py:830} INFO - Processing file /home/airflow/.local/lib/python3.8/site-packages/airflow/example_dags/example_task_group_decorator.py for tasks to queue
[2024-10-29T23:56:45.450+0000] {logging_mixin.py:188} INFO - [2024-10-29T23:56:45.450+0000] {dagbag.py:540} INFO - Filling up the DagBag from /home/airflow/.local/lib/python3.8/site-packages/airflow/example_dags/example_task_group_decorator.py
[2024-10-29T23:56:45.467+0000] {processor.py:840} INFO - DAG(s) 'example_task_group_decorator' retrieved from /home/airflow/.local/lib/python3.8/site-packages/airflow/example_dags/example_task_group_decorator.py
[2024-10-29T23:56:45.506+0000] {logging_mixin.py:188} INFO - [2024-10-29T23:56:45.506+0000] {dag.py:3047} INFO - Sync 1 DAGs
[2024-10-29T23:56:45.536+0000] {logging_mixin.py:188} INFO - [2024-10-29T23:56:45.536+0000] {dag.py:3834} INFO - Setting next_dagrun for example_task_group_decorator to 2024-10-28 00:00:00+00:00, run_after=2024-10-29 00:00:00+00:00
[2024-10-29T23:56:45.561+0000] {processor.py:183} INFO - Processing /home/airflow/.local/lib/python3.8/site-packages/airflow/example_dags/example_task_group_decorator.py took 0.116 seconds
[2024-10-29T23:57:16.056+0000] {processor.py:161} INFO - Started process (PID=2591) to work on /home/airflow/.local/lib/python3.8/site-packages/airflow/example_dags/example_task_group_decorator.py
[2024-10-29T23:57:16.063+0000] {processor.py:830} INFO - Processing file /home/airflow/.local/lib/python3.8/site-packages/airflow/example_dags/example_task_group_decorator.py for tasks to queue
[2024-10-29T23:57:16.064+0000] {logging_mixin.py:188} INFO - [2024-10-29T23:57:16.064+0000] {dagbag.py:540} INFO - Filling up the DagBag from /home/airflow/.local/lib/python3.8/site-packages/airflow/example_dags/example_task_group_decorator.py
[2024-10-29T23:57:16.088+0000] {processor.py:840} INFO - DAG(s) 'example_task_group_decorator' retrieved from /home/airflow/.local/lib/python3.8/site-packages/airflow/example_dags/example_task_group_decorator.py
[2024-10-29T23:57:16.126+0000] {logging_mixin.py:188} INFO - [2024-10-29T23:57:16.126+0000] {dag.py:3047} INFO - Sync 1 DAGs
[2024-10-29T23:57:16.157+0000] {logging_mixin.py:188} INFO - [2024-10-29T23:57:16.157+0000] {dag.py:3834} INFO - Setting next_dagrun for example_task_group_decorator to 2024-10-28 00:00:00+00:00, run_after=2024-10-29 00:00:00+00:00
[2024-10-29T23:57:16.181+0000] {processor.py:183} INFO - Processing /home/airflow/.local/lib/python3.8/site-packages/airflow/example_dags/example_task_group_decorator.py took 0.131 seconds
[2024-10-29T23:57:46.283+0000] {processor.py:161} INFO - Started process (PID=2647) to work on /home/airflow/.local/lib/python3.8/site-packages/airflow/example_dags/example_task_group_decorator.py
[2024-10-29T23:57:46.285+0000] {processor.py:830} INFO - Processing file /home/airflow/.local/lib/python3.8/site-packages/airflow/example_dags/example_task_group_decorator.py for tasks to queue
[2024-10-29T23:57:46.291+0000] {logging_mixin.py:188} INFO - [2024-10-29T23:57:46.290+0000] {dagbag.py:540} INFO - Filling up the DagBag from /home/airflow/.local/lib/python3.8/site-packages/airflow/example_dags/example_task_group_decorator.py
[2024-10-29T23:57:46.342+0000] {processor.py:840} INFO - DAG(s) 'example_task_group_decorator' retrieved from /home/airflow/.local/lib/python3.8/site-packages/airflow/example_dags/example_task_group_decorator.py
[2024-10-29T23:57:46.430+0000] {logging_mixin.py:188} INFO - [2024-10-29T23:57:46.429+0000] {dag.py:3047} INFO - Sync 1 DAGs
[2024-10-29T23:57:46.489+0000] {logging_mixin.py:188} INFO - [2024-10-29T23:57:46.488+0000] {dag.py:3834} INFO - Setting next_dagrun for example_task_group_decorator to 2024-10-28 00:00:00+00:00, run_after=2024-10-29 00:00:00+00:00
[2024-10-29T23:57:46.512+0000] {processor.py:183} INFO - Processing /home/airflow/.local/lib/python3.8/site-packages/airflow/example_dags/example_task_group_decorator.py took 0.237 seconds
[2024-10-29T23:58:17.159+0000] {processor.py:161} INFO - Started process (PID=2703) to work on /home/airflow/.local/lib/python3.8/site-packages/airflow/example_dags/example_task_group_decorator.py
[2024-10-29T23:58:17.166+0000] {processor.py:830} INFO - Processing file /home/airflow/.local/lib/python3.8/site-packages/airflow/example_dags/example_task_group_decorator.py for tasks to queue
[2024-10-29T23:58:17.172+0000] {logging_mixin.py:188} INFO - [2024-10-29T23:58:17.171+0000] {dagbag.py:540} INFO - Filling up the DagBag from /home/airflow/.local/lib/python3.8/site-packages/airflow/example_dags/example_task_group_decorator.py
[2024-10-29T23:58:17.218+0000] {processor.py:840} INFO - DAG(s) 'example_task_group_decorator' retrieved from /home/airflow/.local/lib/python3.8/site-packages/airflow/example_dags/example_task_group_decorator.py
[2024-10-29T23:58:17.288+0000] {logging_mixin.py:188} INFO - [2024-10-29T23:58:17.287+0000] {dag.py:3047} INFO - Sync 1 DAGs
[2024-10-29T23:58:17.337+0000] {logging_mixin.py:188} INFO - [2024-10-29T23:58:17.337+0000] {dag.py:3834} INFO - Setting next_dagrun for example_task_group_decorator to 2024-10-28 00:00:00+00:00, run_after=2024-10-29 00:00:00+00:00
[2024-10-29T23:58:17.357+0000] {processor.py:183} INFO - Processing /home/airflow/.local/lib/python3.8/site-packages/airflow/example_dags/example_task_group_decorator.py took 0.206 seconds
[2024-10-29T23:58:48.330+0000] {processor.py:161} INFO - Started process (PID=2759) to work on /home/airflow/.local/lib/python3.8/site-packages/airflow/example_dags/example_task_group_decorator.py
[2024-10-29T23:58:48.335+0000] {processor.py:830} INFO - Processing file /home/airflow/.local/lib/python3.8/site-packages/airflow/example_dags/example_task_group_decorator.py for tasks to queue
[2024-10-29T23:58:48.337+0000] {logging_mixin.py:188} INFO - [2024-10-29T23:58:48.337+0000] {dagbag.py:540} INFO - Filling up the DagBag from /home/airflow/.local/lib/python3.8/site-packages/airflow/example_dags/example_task_group_decorator.py
[2024-10-29T23:58:48.350+0000] {processor.py:840} INFO - DAG(s) 'example_task_group_decorator' retrieved from /home/airflow/.local/lib/python3.8/site-packages/airflow/example_dags/example_task_group_decorator.py
[2024-10-29T23:58:48.372+0000] {logging_mixin.py:188} INFO - [2024-10-29T23:58:48.372+0000] {dag.py:3047} INFO - Sync 1 DAGs
[2024-10-29T23:58:48.392+0000] {logging_mixin.py:188} INFO - [2024-10-29T23:58:48.392+0000] {dag.py:3834} INFO - Setting next_dagrun for example_task_group_decorator to 2024-10-28 00:00:00+00:00, run_after=2024-10-29 00:00:00+00:00
[2024-10-29T23:58:48.409+0000] {processor.py:183} INFO - Processing /home/airflow/.local/lib/python3.8/site-packages/airflow/example_dags/example_task_group_decorator.py took 0.082 seconds
[2024-10-29T23:59:18.720+0000] {processor.py:161} INFO - Started process (PID=2815) to work on /home/airflow/.local/lib/python3.8/site-packages/airflow/example_dags/example_task_group_decorator.py
[2024-10-29T23:59:18.726+0000] {processor.py:830} INFO - Processing file /home/airflow/.local/lib/python3.8/site-packages/airflow/example_dags/example_task_group_decorator.py for tasks to queue
[2024-10-29T23:59:18.728+0000] {logging_mixin.py:188} INFO - [2024-10-29T23:59:18.728+0000] {dagbag.py:540} INFO - Filling up the DagBag from /home/airflow/.local/lib/python3.8/site-packages/airflow/example_dags/example_task_group_decorator.py
[2024-10-29T23:59:18.746+0000] {processor.py:840} INFO - DAG(s) 'example_task_group_decorator' retrieved from /home/airflow/.local/lib/python3.8/site-packages/airflow/example_dags/example_task_group_decorator.py
[2024-10-29T23:59:18.785+0000] {logging_mixin.py:188} INFO - [2024-10-29T23:59:18.785+0000] {dag.py:3047} INFO - Sync 1 DAGs
[2024-10-29T23:59:18.826+0000] {logging_mixin.py:188} INFO - [2024-10-29T23:59:18.825+0000] {dag.py:3834} INFO - Setting next_dagrun for example_task_group_decorator to 2024-10-28 00:00:00+00:00, run_after=2024-10-29 00:00:00+00:00
[2024-10-29T23:59:18.858+0000] {processor.py:183} INFO - Processing /home/airflow/.local/lib/python3.8/site-packages/airflow/example_dags/example_task_group_decorator.py took 0.141 seconds
[2024-10-29T23:59:48.948+0000] {processor.py:161} INFO - Started process (PID=2871) to work on /home/airflow/.local/lib/python3.8/site-packages/airflow/example_dags/example_task_group_decorator.py
[2024-10-29T23:59:48.954+0000] {processor.py:830} INFO - Processing file /home/airflow/.local/lib/python3.8/site-packages/airflow/example_dags/example_task_group_decorator.py for tasks to queue
[2024-10-29T23:59:48.956+0000] {logging_mixin.py:188} INFO - [2024-10-29T23:59:48.956+0000] {dagbag.py:540} INFO - Filling up the DagBag from /home/airflow/.local/lib/python3.8/site-packages/airflow/example_dags/example_task_group_decorator.py
[2024-10-29T23:59:48.971+0000] {processor.py:840} INFO - DAG(s) 'example_task_group_decorator' retrieved from /home/airflow/.local/lib/python3.8/site-packages/airflow/example_dags/example_task_group_decorator.py
[2024-10-29T23:59:48.994+0000] {logging_mixin.py:188} INFO - [2024-10-29T23:59:48.993+0000] {dag.py:3047} INFO - Sync 1 DAGs
[2024-10-29T23:59:49.016+0000] {logging_mixin.py:188} INFO - [2024-10-29T23:59:49.015+0000] {dag.py:3834} INFO - Setting next_dagrun for example_task_group_decorator to 2024-10-28 00:00:00+00:00, run_after=2024-10-29 00:00:00+00:00
[2024-10-29T23:59:49.037+0000] {processor.py:183} INFO - Processing /home/airflow/.local/lib/python3.8/site-packages/airflow/example_dags/example_task_group_decorator.py took 0.091 seconds
