[2024-10-29T23:27:21.201+0000] {processor.py:161} INFO - Started process (PID=16628) to work on /home/airflow/.local/lib/python3.8/site-packages/airflow/example_dags/example_skip_dag.py
[2024-10-29T23:27:21.202+0000] {processor.py:830} INFO - Processing file /home/airflow/.local/lib/python3.8/site-packages/airflow/example_dags/example_skip_dag.py for tasks to queue
[2024-10-29T23:27:21.205+0000] {logging_mixin.py:188} INFO - [2024-10-29T23:27:21.205+0000] {dagbag.py:540} INFO - Filling up the DagBag from /home/airflow/.local/lib/python3.8/site-packages/airflow/example_dags/example_skip_dag.py
[2024-10-29T23:27:21.222+0000] {processor.py:840} INFO - DAG(s) 'example_skip_dag' retrieved from /home/airflow/.local/lib/python3.8/site-packages/airflow/example_dags/example_skip_dag.py
[2024-10-29T23:27:21.266+0000] {logging_mixin.py:188} INFO - [2024-10-29T23:27:21.265+0000] {dag.py:3047} INFO - Sync 1 DAGs
[2024-10-29T23:27:21.327+0000] {logging_mixin.py:188} INFO - [2024-10-29T23:27:21.327+0000] {dag.py:3834} INFO - Setting next_dagrun for example_skip_dag to 2024-10-28 00:00:00+00:00, run_after=2024-10-29 00:00:00+00:00
[2024-10-29T23:27:21.354+0000] {processor.py:183} INFO - Processing /home/airflow/.local/lib/python3.8/site-packages/airflow/example_dags/example_skip_dag.py took 0.156 seconds
[2024-10-29T23:27:51.559+0000] {processor.py:161} INFO - Started process (PID=16684) to work on /home/airflow/.local/lib/python3.8/site-packages/airflow/example_dags/example_skip_dag.py
[2024-10-29T23:27:51.560+0000] {processor.py:830} INFO - Processing file /home/airflow/.local/lib/python3.8/site-packages/airflow/example_dags/example_skip_dag.py for tasks to queue
[2024-10-29T23:27:51.561+0000] {logging_mixin.py:188} INFO - [2024-10-29T23:27:51.561+0000] {dagbag.py:540} INFO - Filling up the DagBag from /home/airflow/.local/lib/python3.8/site-packages/airflow/example_dags/example_skip_dag.py
[2024-10-29T23:27:51.568+0000] {processor.py:840} INFO - DAG(s) 'example_skip_dag' retrieved from /home/airflow/.local/lib/python3.8/site-packages/airflow/example_dags/example_skip_dag.py
[2024-10-29T23:27:51.587+0000] {logging_mixin.py:188} INFO - [2024-10-29T23:27:51.587+0000] {dag.py:3047} INFO - Sync 1 DAGs
[2024-10-29T23:27:51.610+0000] {logging_mixin.py:188} INFO - [2024-10-29T23:27:51.610+0000] {dag.py:3834} INFO - Setting next_dagrun for example_skip_dag to 2024-10-28 00:00:00+00:00, run_after=2024-10-29 00:00:00+00:00
[2024-10-29T23:27:51.627+0000] {processor.py:183} INFO - Processing /home/airflow/.local/lib/python3.8/site-packages/airflow/example_dags/example_skip_dag.py took 0.071 seconds
[2024-10-29T23:28:22.155+0000] {processor.py:161} INFO - Started process (PID=16740) to work on /home/airflow/.local/lib/python3.8/site-packages/airflow/example_dags/example_skip_dag.py
[2024-10-29T23:28:22.156+0000] {processor.py:830} INFO - Processing file /home/airflow/.local/lib/python3.8/site-packages/airflow/example_dags/example_skip_dag.py for tasks to queue
[2024-10-29T23:28:22.158+0000] {logging_mixin.py:188} INFO - [2024-10-29T23:28:22.158+0000] {dagbag.py:540} INFO - Filling up the DagBag from /home/airflow/.local/lib/python3.8/site-packages/airflow/example_dags/example_skip_dag.py
[2024-10-29T23:28:22.164+0000] {processor.py:840} INFO - DAG(s) 'example_skip_dag' retrieved from /home/airflow/.local/lib/python3.8/site-packages/airflow/example_dags/example_skip_dag.py
[2024-10-29T23:28:22.184+0000] {logging_mixin.py:188} INFO - [2024-10-29T23:28:22.184+0000] {dag.py:3047} INFO - Sync 1 DAGs
[2024-10-29T23:28:22.212+0000] {logging_mixin.py:188} INFO - [2024-10-29T23:28:22.211+0000] {dag.py:3834} INFO - Setting next_dagrun for example_skip_dag to 2024-10-28 00:00:00+00:00, run_after=2024-10-29 00:00:00+00:00
[2024-10-29T23:28:22.233+0000] {processor.py:183} INFO - Processing /home/airflow/.local/lib/python3.8/site-packages/airflow/example_dags/example_skip_dag.py took 0.080 seconds
[2024-10-29T23:28:52.974+0000] {processor.py:161} INFO - Started process (PID=16796) to work on /home/airflow/.local/lib/python3.8/site-packages/airflow/example_dags/example_skip_dag.py
[2024-10-29T23:28:52.975+0000] {processor.py:830} INFO - Processing file /home/airflow/.local/lib/python3.8/site-packages/airflow/example_dags/example_skip_dag.py for tasks to queue
[2024-10-29T23:28:52.976+0000] {logging_mixin.py:188} INFO - [2024-10-29T23:28:52.976+0000] {dagbag.py:540} INFO - Filling up the DagBag from /home/airflow/.local/lib/python3.8/site-packages/airflow/example_dags/example_skip_dag.py
[2024-10-29T23:28:52.982+0000] {processor.py:840} INFO - DAG(s) 'example_skip_dag' retrieved from /home/airflow/.local/lib/python3.8/site-packages/airflow/example_dags/example_skip_dag.py
[2024-10-29T23:28:53.001+0000] {logging_mixin.py:188} INFO - [2024-10-29T23:28:53.001+0000] {dag.py:3047} INFO - Sync 1 DAGs
[2024-10-29T23:28:53.022+0000] {logging_mixin.py:188} INFO - [2024-10-29T23:28:53.022+0000] {dag.py:3834} INFO - Setting next_dagrun for example_skip_dag to 2024-10-28 00:00:00+00:00, run_after=2024-10-29 00:00:00+00:00
[2024-10-29T23:28:53.039+0000] {processor.py:183} INFO - Processing /home/airflow/.local/lib/python3.8/site-packages/airflow/example_dags/example_skip_dag.py took 0.067 seconds
[2024-10-29T23:29:23.154+0000] {processor.py:161} INFO - Started process (PID=16852) to work on /home/airflow/.local/lib/python3.8/site-packages/airflow/example_dags/example_skip_dag.py
[2024-10-29T23:29:23.155+0000] {processor.py:830} INFO - Processing file /home/airflow/.local/lib/python3.8/site-packages/airflow/example_dags/example_skip_dag.py for tasks to queue
[2024-10-29T23:29:23.157+0000] {logging_mixin.py:188} INFO - [2024-10-29T23:29:23.157+0000] {dagbag.py:540} INFO - Filling up the DagBag from /home/airflow/.local/lib/python3.8/site-packages/airflow/example_dags/example_skip_dag.py
[2024-10-29T23:29:23.165+0000] {processor.py:840} INFO - DAG(s) 'example_skip_dag' retrieved from /home/airflow/.local/lib/python3.8/site-packages/airflow/example_dags/example_skip_dag.py
[2024-10-29T23:29:23.194+0000] {logging_mixin.py:188} INFO - [2024-10-29T23:29:23.194+0000] {dag.py:3047} INFO - Sync 1 DAGs
[2024-10-29T23:29:23.231+0000] {logging_mixin.py:188} INFO - [2024-10-29T23:29:23.231+0000] {dag.py:3834} INFO - Setting next_dagrun for example_skip_dag to 2024-10-28 00:00:00+00:00, run_after=2024-10-29 00:00:00+00:00
[2024-10-29T23:29:23.259+0000] {processor.py:183} INFO - Processing /home/airflow/.local/lib/python3.8/site-packages/airflow/example_dags/example_skip_dag.py took 0.108 seconds
[2024-10-29T23:29:53.553+0000] {processor.py:161} INFO - Started process (PID=16908) to work on /home/airflow/.local/lib/python3.8/site-packages/airflow/example_dags/example_skip_dag.py
[2024-10-29T23:29:53.554+0000] {processor.py:830} INFO - Processing file /home/airflow/.local/lib/python3.8/site-packages/airflow/example_dags/example_skip_dag.py for tasks to queue
[2024-10-29T23:29:53.556+0000] {logging_mixin.py:188} INFO - [2024-10-29T23:29:53.555+0000] {dagbag.py:540} INFO - Filling up the DagBag from /home/airflow/.local/lib/python3.8/site-packages/airflow/example_dags/example_skip_dag.py
[2024-10-29T23:29:53.562+0000] {processor.py:840} INFO - DAG(s) 'example_skip_dag' retrieved from /home/airflow/.local/lib/python3.8/site-packages/airflow/example_dags/example_skip_dag.py
[2024-10-29T23:29:53.593+0000] {logging_mixin.py:188} INFO - [2024-10-29T23:29:53.592+0000] {dag.py:3047} INFO - Sync 1 DAGs
[2024-10-29T23:29:53.628+0000] {logging_mixin.py:188} INFO - [2024-10-29T23:29:53.628+0000] {dag.py:3834} INFO - Setting next_dagrun for example_skip_dag to 2024-10-28 00:00:00+00:00, run_after=2024-10-29 00:00:00+00:00
[2024-10-29T23:29:53.651+0000] {processor.py:183} INFO - Processing /home/airflow/.local/lib/python3.8/site-packages/airflow/example_dags/example_skip_dag.py took 0.101 seconds
[2024-10-29T23:30:24.019+0000] {processor.py:161} INFO - Started process (PID=16964) to work on /home/airflow/.local/lib/python3.8/site-packages/airflow/example_dags/example_skip_dag.py
[2024-10-29T23:30:24.020+0000] {processor.py:830} INFO - Processing file /home/airflow/.local/lib/python3.8/site-packages/airflow/example_dags/example_skip_dag.py for tasks to queue
[2024-10-29T23:30:24.023+0000] {logging_mixin.py:188} INFO - [2024-10-29T23:30:24.022+0000] {dagbag.py:540} INFO - Filling up the DagBag from /home/airflow/.local/lib/python3.8/site-packages/airflow/example_dags/example_skip_dag.py
[2024-10-29T23:30:24.032+0000] {processor.py:840} INFO - DAG(s) 'example_skip_dag' retrieved from /home/airflow/.local/lib/python3.8/site-packages/airflow/example_dags/example_skip_dag.py
[2024-10-29T23:30:24.058+0000] {logging_mixin.py:188} INFO - [2024-10-29T23:30:24.058+0000] {dag.py:3047} INFO - Sync 1 DAGs
[2024-10-29T23:30:24.090+0000] {logging_mixin.py:188} INFO - [2024-10-29T23:30:24.089+0000] {dag.py:3834} INFO - Setting next_dagrun for example_skip_dag to 2024-10-28 00:00:00+00:00, run_after=2024-10-29 00:00:00+00:00
[2024-10-29T23:30:24.114+0000] {processor.py:183} INFO - Processing /home/airflow/.local/lib/python3.8/site-packages/airflow/example_dags/example_skip_dag.py took 0.099 seconds
[2024-10-29T23:30:54.601+0000] {processor.py:161} INFO - Started process (PID=17019) to work on /home/airflow/.local/lib/python3.8/site-packages/airflow/example_dags/example_skip_dag.py
[2024-10-29T23:30:54.601+0000] {processor.py:830} INFO - Processing file /home/airflow/.local/lib/python3.8/site-packages/airflow/example_dags/example_skip_dag.py for tasks to queue
[2024-10-29T23:30:54.603+0000] {logging_mixin.py:188} INFO - [2024-10-29T23:30:54.602+0000] {dagbag.py:540} INFO - Filling up the DagBag from /home/airflow/.local/lib/python3.8/site-packages/airflow/example_dags/example_skip_dag.py
[2024-10-29T23:30:54.608+0000] {processor.py:840} INFO - DAG(s) 'example_skip_dag' retrieved from /home/airflow/.local/lib/python3.8/site-packages/airflow/example_dags/example_skip_dag.py
[2024-10-29T23:30:54.625+0000] {logging_mixin.py:188} INFO - [2024-10-29T23:30:54.624+0000] {dag.py:3047} INFO - Sync 1 DAGs
[2024-10-29T23:30:54.643+0000] {logging_mixin.py:188} INFO - [2024-10-29T23:30:54.643+0000] {dag.py:3834} INFO - Setting next_dagrun for example_skip_dag to 2024-10-28 00:00:00+00:00, run_after=2024-10-29 00:00:00+00:00
[2024-10-29T23:30:54.657+0000] {processor.py:183} INFO - Processing /home/airflow/.local/lib/python3.8/site-packages/airflow/example_dags/example_skip_dag.py took 0.058 seconds
[2024-10-29T23:31:25.085+0000] {processor.py:161} INFO - Started process (PID=17075) to work on /home/airflow/.local/lib/python3.8/site-packages/airflow/example_dags/example_skip_dag.py
[2024-10-29T23:31:25.086+0000] {processor.py:830} INFO - Processing file /home/airflow/.local/lib/python3.8/site-packages/airflow/example_dags/example_skip_dag.py for tasks to queue
[2024-10-29T23:31:25.087+0000] {logging_mixin.py:188} INFO - [2024-10-29T23:31:25.087+0000] {dagbag.py:540} INFO - Filling up the DagBag from /home/airflow/.local/lib/python3.8/site-packages/airflow/example_dags/example_skip_dag.py
[2024-10-29T23:31:25.093+0000] {processor.py:840} INFO - DAG(s) 'example_skip_dag' retrieved from /home/airflow/.local/lib/python3.8/site-packages/airflow/example_dags/example_skip_dag.py
[2024-10-29T23:31:25.113+0000] {logging_mixin.py:188} INFO - [2024-10-29T23:31:25.112+0000] {dag.py:3047} INFO - Sync 1 DAGs
[2024-10-29T23:31:25.136+0000] {logging_mixin.py:188} INFO - [2024-10-29T23:31:25.136+0000] {dag.py:3834} INFO - Setting next_dagrun for example_skip_dag to 2024-10-28 00:00:00+00:00, run_after=2024-10-29 00:00:00+00:00
[2024-10-29T23:31:25.156+0000] {processor.py:183} INFO - Processing /home/airflow/.local/lib/python3.8/site-packages/airflow/example_dags/example_skip_dag.py took 0.074 seconds
[2024-10-29T23:31:55.888+0000] {processor.py:161} INFO - Started process (PID=17131) to work on /home/airflow/.local/lib/python3.8/site-packages/airflow/example_dags/example_skip_dag.py
[2024-10-29T23:31:55.888+0000] {processor.py:830} INFO - Processing file /home/airflow/.local/lib/python3.8/site-packages/airflow/example_dags/example_skip_dag.py for tasks to queue
[2024-10-29T23:31:55.890+0000] {logging_mixin.py:188} INFO - [2024-10-29T23:31:55.889+0000] {dagbag.py:540} INFO - Filling up the DagBag from /home/airflow/.local/lib/python3.8/site-packages/airflow/example_dags/example_skip_dag.py
[2024-10-29T23:31:55.894+0000] {processor.py:840} INFO - DAG(s) 'example_skip_dag' retrieved from /home/airflow/.local/lib/python3.8/site-packages/airflow/example_dags/example_skip_dag.py
[2024-10-29T23:31:55.913+0000] {logging_mixin.py:188} INFO - [2024-10-29T23:31:55.913+0000] {dag.py:3047} INFO - Sync 1 DAGs
[2024-10-29T23:31:55.932+0000] {logging_mixin.py:188} INFO - [2024-10-29T23:31:55.932+0000] {dag.py:3834} INFO - Setting next_dagrun for example_skip_dag to 2024-10-28 00:00:00+00:00, run_after=2024-10-29 00:00:00+00:00
[2024-10-29T23:31:55.947+0000] {processor.py:183} INFO - Processing /home/airflow/.local/lib/python3.8/site-packages/airflow/example_dags/example_skip_dag.py took 0.062 seconds
[2024-10-29T23:32:26.564+0000] {processor.py:161} INFO - Started process (PID=17186) to work on /home/airflow/.local/lib/python3.8/site-packages/airflow/example_dags/example_skip_dag.py
[2024-10-29T23:32:26.565+0000] {processor.py:830} INFO - Processing file /home/airflow/.local/lib/python3.8/site-packages/airflow/example_dags/example_skip_dag.py for tasks to queue
[2024-10-29T23:32:26.567+0000] {logging_mixin.py:188} INFO - [2024-10-29T23:32:26.566+0000] {dagbag.py:540} INFO - Filling up the DagBag from /home/airflow/.local/lib/python3.8/site-packages/airflow/example_dags/example_skip_dag.py
[2024-10-29T23:32:26.573+0000] {processor.py:840} INFO - DAG(s) 'example_skip_dag' retrieved from /home/airflow/.local/lib/python3.8/site-packages/airflow/example_dags/example_skip_dag.py
[2024-10-29T23:32:26.596+0000] {logging_mixin.py:188} INFO - [2024-10-29T23:32:26.595+0000] {dag.py:3047} INFO - Sync 1 DAGs
[2024-10-29T23:32:26.625+0000] {logging_mixin.py:188} INFO - [2024-10-29T23:32:26.624+0000] {dag.py:3834} INFO - Setting next_dagrun for example_skip_dag to 2024-10-28 00:00:00+00:00, run_after=2024-10-29 00:00:00+00:00
[2024-10-29T23:32:26.653+0000] {processor.py:183} INFO - Processing /home/airflow/.local/lib/python3.8/site-packages/airflow/example_dags/example_skip_dag.py took 0.092 seconds
[2024-10-29T23:32:56.977+0000] {processor.py:161} INFO - Started process (PID=17242) to work on /home/airflow/.local/lib/python3.8/site-packages/airflow/example_dags/example_skip_dag.py
[2024-10-29T23:32:56.978+0000] {processor.py:830} INFO - Processing file /home/airflow/.local/lib/python3.8/site-packages/airflow/example_dags/example_skip_dag.py for tasks to queue
[2024-10-29T23:32:56.980+0000] {logging_mixin.py:188} INFO - [2024-10-29T23:32:56.980+0000] {dagbag.py:540} INFO - Filling up the DagBag from /home/airflow/.local/lib/python3.8/site-packages/airflow/example_dags/example_skip_dag.py
[2024-10-29T23:32:56.987+0000] {processor.py:840} INFO - DAG(s) 'example_skip_dag' retrieved from /home/airflow/.local/lib/python3.8/site-packages/airflow/example_dags/example_skip_dag.py
[2024-10-29T23:32:57.017+0000] {logging_mixin.py:188} INFO - [2024-10-29T23:32:57.016+0000] {dag.py:3047} INFO - Sync 1 DAGs
[2024-10-29T23:32:57.054+0000] {logging_mixin.py:188} INFO - [2024-10-29T23:32:57.054+0000] {dag.py:3834} INFO - Setting next_dagrun for example_skip_dag to 2024-10-28 00:00:00+00:00, run_after=2024-10-29 00:00:00+00:00
[2024-10-29T23:32:57.082+0000] {processor.py:183} INFO - Processing /home/airflow/.local/lib/python3.8/site-packages/airflow/example_dags/example_skip_dag.py took 0.109 seconds
[2024-10-29T23:34:16.363+0000] {processor.py:161} INFO - Started process (PID=41) to work on /home/airflow/.local/lib/python3.8/site-packages/airflow/example_dags/example_skip_dag.py
[2024-10-29T23:34:16.364+0000] {processor.py:830} INFO - Processing file /home/airflow/.local/lib/python3.8/site-packages/airflow/example_dags/example_skip_dag.py for tasks to queue
[2024-10-29T23:34:16.366+0000] {logging_mixin.py:188} INFO - [2024-10-29T23:34:16.365+0000] {dagbag.py:540} INFO - Filling up the DagBag from /home/airflow/.local/lib/python3.8/site-packages/airflow/example_dags/example_skip_dag.py
[2024-10-29T23:34:16.376+0000] {processor.py:840} INFO - DAG(s) 'example_skip_dag' retrieved from /home/airflow/.local/lib/python3.8/site-packages/airflow/example_dags/example_skip_dag.py
[2024-10-29T23:34:16.391+0000] {logging_mixin.py:188} INFO - [2024-10-29T23:34:16.390+0000] {dag.py:3047} INFO - Sync 1 DAGs
[2024-10-29T23:34:16.427+0000] {logging_mixin.py:188} INFO - [2024-10-29T23:34:16.427+0000] {dag.py:3834} INFO - Setting next_dagrun for example_skip_dag to 2024-10-28 00:00:00+00:00, run_after=2024-10-29 00:00:00+00:00
[2024-10-29T23:34:16.458+0000] {processor.py:183} INFO - Processing /home/airflow/.local/lib/python3.8/site-packages/airflow/example_dags/example_skip_dag.py took 0.098 seconds
[2024-10-29T23:34:47.214+0000] {processor.py:161} INFO - Started process (PID=97) to work on /home/airflow/.local/lib/python3.8/site-packages/airflow/example_dags/example_skip_dag.py
[2024-10-29T23:34:47.216+0000] {processor.py:830} INFO - Processing file /home/airflow/.local/lib/python3.8/site-packages/airflow/example_dags/example_skip_dag.py for tasks to queue
[2024-10-29T23:34:47.218+0000] {logging_mixin.py:188} INFO - [2024-10-29T23:34:47.218+0000] {dagbag.py:540} INFO - Filling up the DagBag from /home/airflow/.local/lib/python3.8/site-packages/airflow/example_dags/example_skip_dag.py
[2024-10-29T23:34:47.229+0000] {processor.py:840} INFO - DAG(s) 'example_skip_dag' retrieved from /home/airflow/.local/lib/python3.8/site-packages/airflow/example_dags/example_skip_dag.py
[2024-10-29T23:34:47.418+0000] {logging_mixin.py:188} INFO - [2024-10-29T23:34:47.417+0000] {dag.py:3047} INFO - Sync 1 DAGs
[2024-10-29T23:34:47.454+0000] {logging_mixin.py:188} INFO - [2024-10-29T23:34:47.453+0000] {dag.py:3834} INFO - Setting next_dagrun for example_skip_dag to 2024-10-28 00:00:00+00:00, run_after=2024-10-29 00:00:00+00:00
[2024-10-29T23:34:47.490+0000] {processor.py:183} INFO - Processing /home/airflow/.local/lib/python3.8/site-packages/airflow/example_dags/example_skip_dag.py took 0.280 seconds
[2024-10-29T23:35:18.328+0000] {processor.py:161} INFO - Started process (PID=153) to work on /home/airflow/.local/lib/python3.8/site-packages/airflow/example_dags/example_skip_dag.py
[2024-10-29T23:35:18.334+0000] {processor.py:830} INFO - Processing file /home/airflow/.local/lib/python3.8/site-packages/airflow/example_dags/example_skip_dag.py for tasks to queue
[2024-10-29T23:35:18.336+0000] {logging_mixin.py:188} INFO - [2024-10-29T23:35:18.336+0000] {dagbag.py:540} INFO - Filling up the DagBag from /home/airflow/.local/lib/python3.8/site-packages/airflow/example_dags/example_skip_dag.py
[2024-10-29T23:35:18.343+0000] {processor.py:840} INFO - DAG(s) 'example_skip_dag' retrieved from /home/airflow/.local/lib/python3.8/site-packages/airflow/example_dags/example_skip_dag.py
[2024-10-29T23:35:18.371+0000] {logging_mixin.py:188} INFO - [2024-10-29T23:35:18.371+0000] {dag.py:3047} INFO - Sync 1 DAGs
[2024-10-29T23:35:18.406+0000] {logging_mixin.py:188} INFO - [2024-10-29T23:35:18.405+0000] {dag.py:3834} INFO - Setting next_dagrun for example_skip_dag to 2024-10-28 00:00:00+00:00, run_after=2024-10-29 00:00:00+00:00
[2024-10-29T23:35:18.433+0000] {processor.py:183} INFO - Processing /home/airflow/.local/lib/python3.8/site-packages/airflow/example_dags/example_skip_dag.py took 0.108 seconds
[2024-10-29T23:35:48.454+0000] {processor.py:161} INFO - Started process (PID=209) to work on /home/airflow/.local/lib/python3.8/site-packages/airflow/example_dags/example_skip_dag.py
[2024-10-29T23:35:48.455+0000] {processor.py:830} INFO - Processing file /home/airflow/.local/lib/python3.8/site-packages/airflow/example_dags/example_skip_dag.py for tasks to queue
[2024-10-29T23:35:48.457+0000] {logging_mixin.py:188} INFO - [2024-10-29T23:35:48.456+0000] {dagbag.py:540} INFO - Filling up the DagBag from /home/airflow/.local/lib/python3.8/site-packages/airflow/example_dags/example_skip_dag.py
[2024-10-29T23:35:48.462+0000] {processor.py:840} INFO - DAG(s) 'example_skip_dag' retrieved from /home/airflow/.local/lib/python3.8/site-packages/airflow/example_dags/example_skip_dag.py
[2024-10-29T23:35:48.483+0000] {logging_mixin.py:188} INFO - [2024-10-29T23:35:48.483+0000] {dag.py:3047} INFO - Sync 1 DAGs
[2024-10-29T23:35:48.506+0000] {logging_mixin.py:188} INFO - [2024-10-29T23:35:48.505+0000] {dag.py:3834} INFO - Setting next_dagrun for example_skip_dag to 2024-10-28 00:00:00+00:00, run_after=2024-10-29 00:00:00+00:00
[2024-10-29T23:35:48.523+0000] {processor.py:183} INFO - Processing /home/airflow/.local/lib/python3.8/site-packages/airflow/example_dags/example_skip_dag.py took 0.071 seconds
[2024-10-29T23:36:18.797+0000] {processor.py:161} INFO - Started process (PID=265) to work on /home/airflow/.local/lib/python3.8/site-packages/airflow/example_dags/example_skip_dag.py
[2024-10-29T23:36:18.803+0000] {processor.py:830} INFO - Processing file /home/airflow/.local/lib/python3.8/site-packages/airflow/example_dags/example_skip_dag.py for tasks to queue
[2024-10-29T23:36:18.804+0000] {logging_mixin.py:188} INFO - [2024-10-29T23:36:18.804+0000] {dagbag.py:540} INFO - Filling up the DagBag from /home/airflow/.local/lib/python3.8/site-packages/airflow/example_dags/example_skip_dag.py
[2024-10-29T23:36:18.811+0000] {processor.py:840} INFO - DAG(s) 'example_skip_dag' retrieved from /home/airflow/.local/lib/python3.8/site-packages/airflow/example_dags/example_skip_dag.py
[2024-10-29T23:36:18.831+0000] {logging_mixin.py:188} INFO - [2024-10-29T23:36:18.830+0000] {dag.py:3047} INFO - Sync 1 DAGs
[2024-10-29T23:36:18.854+0000] {logging_mixin.py:188} INFO - [2024-10-29T23:36:18.853+0000] {dag.py:3834} INFO - Setting next_dagrun for example_skip_dag to 2024-10-28 00:00:00+00:00, run_after=2024-10-29 00:00:00+00:00
[2024-10-29T23:36:18.872+0000] {processor.py:183} INFO - Processing /home/airflow/.local/lib/python3.8/site-packages/airflow/example_dags/example_skip_dag.py took 0.078 seconds
[2024-10-29T23:36:49.351+0000] {processor.py:161} INFO - Started process (PID=321) to work on /home/airflow/.local/lib/python3.8/site-packages/airflow/example_dags/example_skip_dag.py
[2024-10-29T23:36:49.357+0000] {processor.py:830} INFO - Processing file /home/airflow/.local/lib/python3.8/site-packages/airflow/example_dags/example_skip_dag.py for tasks to queue
[2024-10-29T23:36:49.359+0000] {logging_mixin.py:188} INFO - [2024-10-29T23:36:49.359+0000] {dagbag.py:540} INFO - Filling up the DagBag from /home/airflow/.local/lib/python3.8/site-packages/airflow/example_dags/example_skip_dag.py
[2024-10-29T23:36:49.368+0000] {processor.py:840} INFO - DAG(s) 'example_skip_dag' retrieved from /home/airflow/.local/lib/python3.8/site-packages/airflow/example_dags/example_skip_dag.py
[2024-10-29T23:36:49.395+0000] {logging_mixin.py:188} INFO - [2024-10-29T23:36:49.394+0000] {dag.py:3047} INFO - Sync 1 DAGs
[2024-10-29T23:36:49.425+0000] {logging_mixin.py:188} INFO - [2024-10-29T23:36:49.425+0000] {dag.py:3834} INFO - Setting next_dagrun for example_skip_dag to 2024-10-28 00:00:00+00:00, run_after=2024-10-29 00:00:00+00:00
[2024-10-29T23:36:49.445+0000] {processor.py:183} INFO - Processing /home/airflow/.local/lib/python3.8/site-packages/airflow/example_dags/example_skip_dag.py took 0.098 seconds
[2024-10-29T23:37:19.626+0000] {processor.py:161} INFO - Started process (PID=377) to work on /home/airflow/.local/lib/python3.8/site-packages/airflow/example_dags/example_skip_dag.py
[2024-10-29T23:37:19.626+0000] {processor.py:830} INFO - Processing file /home/airflow/.local/lib/python3.8/site-packages/airflow/example_dags/example_skip_dag.py for tasks to queue
[2024-10-29T23:37:19.629+0000] {logging_mixin.py:188} INFO - [2024-10-29T23:37:19.628+0000] {dagbag.py:540} INFO - Filling up the DagBag from /home/airflow/.local/lib/python3.8/site-packages/airflow/example_dags/example_skip_dag.py
[2024-10-29T23:37:19.635+0000] {processor.py:840} INFO - DAG(s) 'example_skip_dag' retrieved from /home/airflow/.local/lib/python3.8/site-packages/airflow/example_dags/example_skip_dag.py
[2024-10-29T23:37:19.661+0000] {logging_mixin.py:188} INFO - [2024-10-29T23:37:19.660+0000] {dag.py:3047} INFO - Sync 1 DAGs
[2024-10-29T23:37:19.686+0000] {logging_mixin.py:188} INFO - [2024-10-29T23:37:19.686+0000] {dag.py:3834} INFO - Setting next_dagrun for example_skip_dag to 2024-10-28 00:00:00+00:00, run_after=2024-10-29 00:00:00+00:00
[2024-10-29T23:37:19.707+0000] {processor.py:183} INFO - Processing /home/airflow/.local/lib/python3.8/site-packages/airflow/example_dags/example_skip_dag.py took 0.084 seconds
[2024-10-29T23:37:50.325+0000] {processor.py:161} INFO - Started process (PID=433) to work on /home/airflow/.local/lib/python3.8/site-packages/airflow/example_dags/example_skip_dag.py
[2024-10-29T23:37:50.327+0000] {processor.py:830} INFO - Processing file /home/airflow/.local/lib/python3.8/site-packages/airflow/example_dags/example_skip_dag.py for tasks to queue
[2024-10-29T23:37:50.329+0000] {logging_mixin.py:188} INFO - [2024-10-29T23:37:50.329+0000] {dagbag.py:540} INFO - Filling up the DagBag from /home/airflow/.local/lib/python3.8/site-packages/airflow/example_dags/example_skip_dag.py
[2024-10-29T23:37:50.337+0000] {processor.py:840} INFO - DAG(s) 'example_skip_dag' retrieved from /home/airflow/.local/lib/python3.8/site-packages/airflow/example_dags/example_skip_dag.py
[2024-10-29T23:37:50.368+0000] {logging_mixin.py:188} INFO - [2024-10-29T23:37:50.368+0000] {dag.py:3047} INFO - Sync 1 DAGs
[2024-10-29T23:37:50.407+0000] {logging_mixin.py:188} INFO - [2024-10-29T23:37:50.406+0000] {dag.py:3834} INFO - Setting next_dagrun for example_skip_dag to 2024-10-28 00:00:00+00:00, run_after=2024-10-29 00:00:00+00:00
[2024-10-29T23:37:50.436+0000] {processor.py:183} INFO - Processing /home/airflow/.local/lib/python3.8/site-packages/airflow/example_dags/example_skip_dag.py took 0.114 seconds
[2024-10-29T23:38:20.760+0000] {processor.py:161} INFO - Started process (PID=489) to work on /home/airflow/.local/lib/python3.8/site-packages/airflow/example_dags/example_skip_dag.py
[2024-10-29T23:38:20.766+0000] {processor.py:830} INFO - Processing file /home/airflow/.local/lib/python3.8/site-packages/airflow/example_dags/example_skip_dag.py for tasks to queue
[2024-10-29T23:38:20.769+0000] {logging_mixin.py:188} INFO - [2024-10-29T23:38:20.768+0000] {dagbag.py:540} INFO - Filling up the DagBag from /home/airflow/.local/lib/python3.8/site-packages/airflow/example_dags/example_skip_dag.py
[2024-10-29T23:38:20.778+0000] {processor.py:840} INFO - DAG(s) 'example_skip_dag' retrieved from /home/airflow/.local/lib/python3.8/site-packages/airflow/example_dags/example_skip_dag.py
[2024-10-29T23:38:20.810+0000] {logging_mixin.py:188} INFO - [2024-10-29T23:38:20.810+0000] {dag.py:3047} INFO - Sync 1 DAGs
[2024-10-29T23:38:20.848+0000] {logging_mixin.py:188} INFO - [2024-10-29T23:38:20.848+0000] {dag.py:3834} INFO - Setting next_dagrun for example_skip_dag to 2024-10-28 00:00:00+00:00, run_after=2024-10-29 00:00:00+00:00
[2024-10-29T23:38:20.875+0000] {processor.py:183} INFO - Processing /home/airflow/.local/lib/python3.8/site-packages/airflow/example_dags/example_skip_dag.py took 0.119 seconds
[2024-10-29T23:38:51.117+0000] {processor.py:161} INFO - Started process (PID=545) to work on /home/airflow/.local/lib/python3.8/site-packages/airflow/example_dags/example_skip_dag.py
[2024-10-29T23:38:51.123+0000] {processor.py:830} INFO - Processing file /home/airflow/.local/lib/python3.8/site-packages/airflow/example_dags/example_skip_dag.py for tasks to queue
[2024-10-29T23:38:51.125+0000] {logging_mixin.py:188} INFO - [2024-10-29T23:38:51.125+0000] {dagbag.py:540} INFO - Filling up the DagBag from /home/airflow/.local/lib/python3.8/site-packages/airflow/example_dags/example_skip_dag.py
[2024-10-29T23:38:51.135+0000] {processor.py:840} INFO - DAG(s) 'example_skip_dag' retrieved from /home/airflow/.local/lib/python3.8/site-packages/airflow/example_dags/example_skip_dag.py
[2024-10-29T23:38:51.161+0000] {logging_mixin.py:188} INFO - [2024-10-29T23:38:51.160+0000] {dag.py:3047} INFO - Sync 1 DAGs
[2024-10-29T23:38:51.186+0000] {logging_mixin.py:188} INFO - [2024-10-29T23:38:51.186+0000] {dag.py:3834} INFO - Setting next_dagrun for example_skip_dag to 2024-10-28 00:00:00+00:00, run_after=2024-10-29 00:00:00+00:00
[2024-10-29T23:38:51.207+0000] {processor.py:183} INFO - Processing /home/airflow/.local/lib/python3.8/site-packages/airflow/example_dags/example_skip_dag.py took 0.092 seconds
[2024-10-29T23:39:21.515+0000] {processor.py:161} INFO - Started process (PID=601) to work on /home/airflow/.local/lib/python3.8/site-packages/airflow/example_dags/example_skip_dag.py
[2024-10-29T23:39:21.516+0000] {processor.py:830} INFO - Processing file /home/airflow/.local/lib/python3.8/site-packages/airflow/example_dags/example_skip_dag.py for tasks to queue
[2024-10-29T23:39:21.518+0000] {logging_mixin.py:188} INFO - [2024-10-29T23:39:21.518+0000] {dagbag.py:540} INFO - Filling up the DagBag from /home/airflow/.local/lib/python3.8/site-packages/airflow/example_dags/example_skip_dag.py
[2024-10-29T23:39:21.526+0000] {processor.py:840} INFO - DAG(s) 'example_skip_dag' retrieved from /home/airflow/.local/lib/python3.8/site-packages/airflow/example_dags/example_skip_dag.py
[2024-10-29T23:39:21.555+0000] {logging_mixin.py:188} INFO - [2024-10-29T23:39:21.555+0000] {dag.py:3047} INFO - Sync 1 DAGs
[2024-10-29T23:39:21.593+0000] {logging_mixin.py:188} INFO - [2024-10-29T23:39:21.593+0000] {dag.py:3834} INFO - Setting next_dagrun for example_skip_dag to 2024-10-28 00:00:00+00:00, run_after=2024-10-29 00:00:00+00:00
[2024-10-29T23:39:21.622+0000] {processor.py:183} INFO - Processing /home/airflow/.local/lib/python3.8/site-packages/airflow/example_dags/example_skip_dag.py took 0.111 seconds
[2024-10-29T23:39:51.961+0000] {processor.py:161} INFO - Started process (PID=657) to work on /home/airflow/.local/lib/python3.8/site-packages/airflow/example_dags/example_skip_dag.py
[2024-10-29T23:39:51.964+0000] {processor.py:830} INFO - Processing file /home/airflow/.local/lib/python3.8/site-packages/airflow/example_dags/example_skip_dag.py for tasks to queue
[2024-10-29T23:39:51.968+0000] {logging_mixin.py:188} INFO - [2024-10-29T23:39:51.967+0000] {dagbag.py:540} INFO - Filling up the DagBag from /home/airflow/.local/lib/python3.8/site-packages/airflow/example_dags/example_skip_dag.py
[2024-10-29T23:39:51.986+0000] {processor.py:840} INFO - DAG(s) 'example_skip_dag' retrieved from /home/airflow/.local/lib/python3.8/site-packages/airflow/example_dags/example_skip_dag.py
[2024-10-29T23:39:52.048+0000] {logging_mixin.py:188} INFO - [2024-10-29T23:39:52.047+0000] {dag.py:3047} INFO - Sync 1 DAGs
[2024-10-29T23:39:52.119+0000] {logging_mixin.py:188} INFO - [2024-10-29T23:39:52.118+0000] {dag.py:3834} INFO - Setting next_dagrun for example_skip_dag to 2024-10-28 00:00:00+00:00, run_after=2024-10-29 00:00:00+00:00
[2024-10-29T23:39:52.175+0000] {processor.py:183} INFO - Processing /home/airflow/.local/lib/python3.8/site-packages/airflow/example_dags/example_skip_dag.py took 0.222 seconds
[2024-10-29T23:40:22.577+0000] {processor.py:161} INFO - Started process (PID=713) to work on /home/airflow/.local/lib/python3.8/site-packages/airflow/example_dags/example_skip_dag.py
[2024-10-29T23:40:22.578+0000] {processor.py:830} INFO - Processing file /home/airflow/.local/lib/python3.8/site-packages/airflow/example_dags/example_skip_dag.py for tasks to queue
[2024-10-29T23:40:22.581+0000] {logging_mixin.py:188} INFO - [2024-10-29T23:40:22.580+0000] {dagbag.py:540} INFO - Filling up the DagBag from /home/airflow/.local/lib/python3.8/site-packages/airflow/example_dags/example_skip_dag.py
[2024-10-29T23:40:22.589+0000] {processor.py:840} INFO - DAG(s) 'example_skip_dag' retrieved from /home/airflow/.local/lib/python3.8/site-packages/airflow/example_dags/example_skip_dag.py
[2024-10-29T23:40:22.621+0000] {logging_mixin.py:188} INFO - [2024-10-29T23:40:22.621+0000] {dag.py:3047} INFO - Sync 1 DAGs
[2024-10-29T23:40:22.656+0000] {logging_mixin.py:188} INFO - [2024-10-29T23:40:22.656+0000] {dag.py:3834} INFO - Setting next_dagrun for example_skip_dag to 2024-10-28 00:00:00+00:00, run_after=2024-10-29 00:00:00+00:00
[2024-10-29T23:40:22.680+0000] {processor.py:183} INFO - Processing /home/airflow/.local/lib/python3.8/site-packages/airflow/example_dags/example_skip_dag.py took 0.106 seconds
[2024-10-29T23:40:53.130+0000] {processor.py:161} INFO - Started process (PID=768) to work on /home/airflow/.local/lib/python3.8/site-packages/airflow/example_dags/example_skip_dag.py
[2024-10-29T23:40:53.131+0000] {processor.py:830} INFO - Processing file /home/airflow/.local/lib/python3.8/site-packages/airflow/example_dags/example_skip_dag.py for tasks to queue
[2024-10-29T23:40:53.134+0000] {logging_mixin.py:188} INFO - [2024-10-29T23:40:53.134+0000] {dagbag.py:540} INFO - Filling up the DagBag from /home/airflow/.local/lib/python3.8/site-packages/airflow/example_dags/example_skip_dag.py
[2024-10-29T23:40:53.147+0000] {processor.py:840} INFO - DAG(s) 'example_skip_dag' retrieved from /home/airflow/.local/lib/python3.8/site-packages/airflow/example_dags/example_skip_dag.py
[2024-10-29T23:40:53.182+0000] {logging_mixin.py:188} INFO - [2024-10-29T23:40:53.181+0000] {dag.py:3047} INFO - Sync 1 DAGs
[2024-10-29T23:40:53.223+0000] {logging_mixin.py:188} INFO - [2024-10-29T23:40:53.222+0000] {dag.py:3834} INFO - Setting next_dagrun for example_skip_dag to 2024-10-28 00:00:00+00:00, run_after=2024-10-29 00:00:00+00:00
[2024-10-29T23:40:53.256+0000] {processor.py:183} INFO - Processing /home/airflow/.local/lib/python3.8/site-packages/airflow/example_dags/example_skip_dag.py took 0.131 seconds
[2024-10-29T23:41:23.633+0000] {processor.py:161} INFO - Started process (PID=824) to work on /home/airflow/.local/lib/python3.8/site-packages/airflow/example_dags/example_skip_dag.py
[2024-10-29T23:41:23.634+0000] {processor.py:830} INFO - Processing file /home/airflow/.local/lib/python3.8/site-packages/airflow/example_dags/example_skip_dag.py for tasks to queue
[2024-10-29T23:41:23.637+0000] {logging_mixin.py:188} INFO - [2024-10-29T23:41:23.636+0000] {dagbag.py:540} INFO - Filling up the DagBag from /home/airflow/.local/lib/python3.8/site-packages/airflow/example_dags/example_skip_dag.py
[2024-10-29T23:41:23.648+0000] {processor.py:840} INFO - DAG(s) 'example_skip_dag' retrieved from /home/airflow/.local/lib/python3.8/site-packages/airflow/example_dags/example_skip_dag.py
[2024-10-29T23:41:23.681+0000] {logging_mixin.py:188} INFO - [2024-10-29T23:41:23.681+0000] {dag.py:3047} INFO - Sync 1 DAGs
[2024-10-29T23:41:23.721+0000] {logging_mixin.py:188} INFO - [2024-10-29T23:41:23.720+0000] {dag.py:3834} INFO - Setting next_dagrun for example_skip_dag to 2024-10-28 00:00:00+00:00, run_after=2024-10-29 00:00:00+00:00
[2024-10-29T23:41:23.752+0000] {processor.py:183} INFO - Processing /home/airflow/.local/lib/python3.8/site-packages/airflow/example_dags/example_skip_dag.py took 0.123 seconds
[2024-10-29T23:41:53.940+0000] {processor.py:161} INFO - Started process (PID=880) to work on /home/airflow/.local/lib/python3.8/site-packages/airflow/example_dags/example_skip_dag.py
[2024-10-29T23:41:53.946+0000] {processor.py:830} INFO - Processing file /home/airflow/.local/lib/python3.8/site-packages/airflow/example_dags/example_skip_dag.py for tasks to queue
[2024-10-29T23:41:53.948+0000] {logging_mixin.py:188} INFO - [2024-10-29T23:41:53.947+0000] {dagbag.py:540} INFO - Filling up the DagBag from /home/airflow/.local/lib/python3.8/site-packages/airflow/example_dags/example_skip_dag.py
[2024-10-29T23:41:53.955+0000] {processor.py:840} INFO - DAG(s) 'example_skip_dag' retrieved from /home/airflow/.local/lib/python3.8/site-packages/airflow/example_dags/example_skip_dag.py
[2024-10-29T23:41:53.979+0000] {logging_mixin.py:188} INFO - [2024-10-29T23:41:53.979+0000] {dag.py:3047} INFO - Sync 1 DAGs
[2024-10-29T23:41:54.008+0000] {logging_mixin.py:188} INFO - [2024-10-29T23:41:54.008+0000] {dag.py:3834} INFO - Setting next_dagrun for example_skip_dag to 2024-10-28 00:00:00+00:00, run_after=2024-10-29 00:00:00+00:00
[2024-10-29T23:41:54.032+0000] {processor.py:183} INFO - Processing /home/airflow/.local/lib/python3.8/site-packages/airflow/example_dags/example_skip_dag.py took 0.094 seconds
[2024-10-29T23:42:24.357+0000] {processor.py:161} INFO - Started process (PID=936) to work on /home/airflow/.local/lib/python3.8/site-packages/airflow/example_dags/example_skip_dag.py
[2024-10-29T23:42:24.363+0000] {processor.py:830} INFO - Processing file /home/airflow/.local/lib/python3.8/site-packages/airflow/example_dags/example_skip_dag.py for tasks to queue
[2024-10-29T23:42:24.365+0000] {logging_mixin.py:188} INFO - [2024-10-29T23:42:24.364+0000] {dagbag.py:540} INFO - Filling up the DagBag from /home/airflow/.local/lib/python3.8/site-packages/airflow/example_dags/example_skip_dag.py
[2024-10-29T23:42:24.371+0000] {processor.py:840} INFO - DAG(s) 'example_skip_dag' retrieved from /home/airflow/.local/lib/python3.8/site-packages/airflow/example_dags/example_skip_dag.py
[2024-10-29T23:42:24.394+0000] {logging_mixin.py:188} INFO - [2024-10-29T23:42:24.394+0000] {dag.py:3047} INFO - Sync 1 DAGs
[2024-10-29T23:42:24.422+0000] {logging_mixin.py:188} INFO - [2024-10-29T23:42:24.422+0000] {dag.py:3834} INFO - Setting next_dagrun for example_skip_dag to 2024-10-28 00:00:00+00:00, run_after=2024-10-29 00:00:00+00:00
[2024-10-29T23:42:24.445+0000] {processor.py:183} INFO - Processing /home/airflow/.local/lib/python3.8/site-packages/airflow/example_dags/example_skip_dag.py took 0.091 seconds
[2024-10-29T23:42:54.802+0000] {processor.py:161} INFO - Started process (PID=992) to work on /home/airflow/.local/lib/python3.8/site-packages/airflow/example_dags/example_skip_dag.py
[2024-10-29T23:42:54.808+0000] {processor.py:830} INFO - Processing file /home/airflow/.local/lib/python3.8/site-packages/airflow/example_dags/example_skip_dag.py for tasks to queue
[2024-10-29T23:42:54.810+0000] {logging_mixin.py:188} INFO - [2024-10-29T23:42:54.809+0000] {dagbag.py:540} INFO - Filling up the DagBag from /home/airflow/.local/lib/python3.8/site-packages/airflow/example_dags/example_skip_dag.py
[2024-10-29T23:42:54.816+0000] {processor.py:840} INFO - DAG(s) 'example_skip_dag' retrieved from /home/airflow/.local/lib/python3.8/site-packages/airflow/example_dags/example_skip_dag.py
[2024-10-29T23:42:54.836+0000] {logging_mixin.py:188} INFO - [2024-10-29T23:42:54.836+0000] {dag.py:3047} INFO - Sync 1 DAGs
[2024-10-29T23:42:54.859+0000] {logging_mixin.py:188} INFO - [2024-10-29T23:42:54.858+0000] {dag.py:3834} INFO - Setting next_dagrun for example_skip_dag to 2024-10-28 00:00:00+00:00, run_after=2024-10-29 00:00:00+00:00
[2024-10-29T23:42:54.876+0000] {processor.py:183} INFO - Processing /home/airflow/.local/lib/python3.8/site-packages/airflow/example_dags/example_skip_dag.py took 0.077 seconds
[2024-10-29T23:43:25.075+0000] {processor.py:161} INFO - Started process (PID=1048) to work on /home/airflow/.local/lib/python3.8/site-packages/airflow/example_dags/example_skip_dag.py
[2024-10-29T23:43:25.077+0000] {processor.py:830} INFO - Processing file /home/airflow/.local/lib/python3.8/site-packages/airflow/example_dags/example_skip_dag.py for tasks to queue
[2024-10-29T23:43:25.079+0000] {logging_mixin.py:188} INFO - [2024-10-29T23:43:25.079+0000] {dagbag.py:540} INFO - Filling up the DagBag from /home/airflow/.local/lib/python3.8/site-packages/airflow/example_dags/example_skip_dag.py
[2024-10-29T23:43:25.086+0000] {processor.py:840} INFO - DAG(s) 'example_skip_dag' retrieved from /home/airflow/.local/lib/python3.8/site-packages/airflow/example_dags/example_skip_dag.py
[2024-10-29T23:43:25.110+0000] {logging_mixin.py:188} INFO - [2024-10-29T23:43:25.109+0000] {dag.py:3047} INFO - Sync 1 DAGs
[2024-10-29T23:43:25.135+0000] {logging_mixin.py:188} INFO - [2024-10-29T23:43:25.135+0000] {dag.py:3834} INFO - Setting next_dagrun for example_skip_dag to 2024-10-28 00:00:00+00:00, run_after=2024-10-29 00:00:00+00:00
[2024-10-29T23:43:25.155+0000] {processor.py:183} INFO - Processing /home/airflow/.local/lib/python3.8/site-packages/airflow/example_dags/example_skip_dag.py took 0.082 seconds
[2024-10-29T23:43:55.388+0000] {processor.py:161} INFO - Started process (PID=1104) to work on /home/airflow/.local/lib/python3.8/site-packages/airflow/example_dags/example_skip_dag.py
[2024-10-29T23:43:55.388+0000] {processor.py:830} INFO - Processing file /home/airflow/.local/lib/python3.8/site-packages/airflow/example_dags/example_skip_dag.py for tasks to queue
[2024-10-29T23:43:55.390+0000] {logging_mixin.py:188} INFO - [2024-10-29T23:43:55.390+0000] {dagbag.py:540} INFO - Filling up the DagBag from /home/airflow/.local/lib/python3.8/site-packages/airflow/example_dags/example_skip_dag.py
[2024-10-29T23:43:55.395+0000] {processor.py:840} INFO - DAG(s) 'example_skip_dag' retrieved from /home/airflow/.local/lib/python3.8/site-packages/airflow/example_dags/example_skip_dag.py
[2024-10-29T23:43:55.415+0000] {logging_mixin.py:188} INFO - [2024-10-29T23:43:55.415+0000] {dag.py:3047} INFO - Sync 1 DAGs
[2024-10-29T23:43:55.437+0000] {logging_mixin.py:188} INFO - [2024-10-29T23:43:55.437+0000] {dag.py:3834} INFO - Setting next_dagrun for example_skip_dag to 2024-10-28 00:00:00+00:00, run_after=2024-10-29 00:00:00+00:00
[2024-10-29T23:43:55.454+0000] {processor.py:183} INFO - Processing /home/airflow/.local/lib/python3.8/site-packages/airflow/example_dags/example_skip_dag.py took 0.068 seconds
[2024-10-29T23:44:25.617+0000] {processor.py:161} INFO - Started process (PID=1160) to work on /home/airflow/.local/lib/python3.8/site-packages/airflow/example_dags/example_skip_dag.py
[2024-10-29T23:44:25.624+0000] {processor.py:830} INFO - Processing file /home/airflow/.local/lib/python3.8/site-packages/airflow/example_dags/example_skip_dag.py for tasks to queue
[2024-10-29T23:44:25.629+0000] {logging_mixin.py:188} INFO - [2024-10-29T23:44:25.628+0000] {dagbag.py:540} INFO - Filling up the DagBag from /home/airflow/.local/lib/python3.8/site-packages/airflow/example_dags/example_skip_dag.py
[2024-10-29T23:44:25.646+0000] {processor.py:840} INFO - DAG(s) 'example_skip_dag' retrieved from /home/airflow/.local/lib/python3.8/site-packages/airflow/example_dags/example_skip_dag.py
[2024-10-29T23:44:25.703+0000] {logging_mixin.py:188} INFO - [2024-10-29T23:44:25.702+0000] {dag.py:3047} INFO - Sync 1 DAGs
[2024-10-29T23:44:25.768+0000] {logging_mixin.py:188} INFO - [2024-10-29T23:44:25.768+0000] {dag.py:3834} INFO - Setting next_dagrun for example_skip_dag to 2024-10-28 00:00:00+00:00, run_after=2024-10-29 00:00:00+00:00
[2024-10-29T23:44:25.804+0000] {processor.py:183} INFO - Processing /home/airflow/.local/lib/python3.8/site-packages/airflow/example_dags/example_skip_dag.py took 0.194 seconds
[2024-10-29T23:44:55.892+0000] {processor.py:161} INFO - Started process (PID=1216) to work on /home/airflow/.local/lib/python3.8/site-packages/airflow/example_dags/example_skip_dag.py
[2024-10-29T23:44:55.898+0000] {processor.py:830} INFO - Processing file /home/airflow/.local/lib/python3.8/site-packages/airflow/example_dags/example_skip_dag.py for tasks to queue
[2024-10-29T23:44:55.901+0000] {logging_mixin.py:188} INFO - [2024-10-29T23:44:55.901+0000] {dagbag.py:540} INFO - Filling up the DagBag from /home/airflow/.local/lib/python3.8/site-packages/airflow/example_dags/example_skip_dag.py
[2024-10-29T23:44:55.911+0000] {processor.py:840} INFO - DAG(s) 'example_skip_dag' retrieved from /home/airflow/.local/lib/python3.8/site-packages/airflow/example_dags/example_skip_dag.py
[2024-10-29T23:44:55.945+0000] {logging_mixin.py:188} INFO - [2024-10-29T23:44:55.944+0000] {dag.py:3047} INFO - Sync 1 DAGs
[2024-10-29T23:44:55.981+0000] {logging_mixin.py:188} INFO - [2024-10-29T23:44:55.980+0000] {dag.py:3834} INFO - Setting next_dagrun for example_skip_dag to 2024-10-28 00:00:00+00:00, run_after=2024-10-29 00:00:00+00:00
[2024-10-29T23:44:56.010+0000] {processor.py:183} INFO - Processing /home/airflow/.local/lib/python3.8/site-packages/airflow/example_dags/example_skip_dag.py took 0.122 seconds
[2024-10-29T23:45:26.150+0000] {processor.py:161} INFO - Started process (PID=1272) to work on /home/airflow/.local/lib/python3.8/site-packages/airflow/example_dags/example_skip_dag.py
[2024-10-29T23:45:26.156+0000] {processor.py:830} INFO - Processing file /home/airflow/.local/lib/python3.8/site-packages/airflow/example_dags/example_skip_dag.py for tasks to queue
[2024-10-29T23:45:26.158+0000] {logging_mixin.py:188} INFO - [2024-10-29T23:45:26.157+0000] {dagbag.py:540} INFO - Filling up the DagBag from /home/airflow/.local/lib/python3.8/site-packages/airflow/example_dags/example_skip_dag.py
[2024-10-29T23:45:26.163+0000] {processor.py:840} INFO - DAG(s) 'example_skip_dag' retrieved from /home/airflow/.local/lib/python3.8/site-packages/airflow/example_dags/example_skip_dag.py
[2024-10-29T23:45:26.184+0000] {logging_mixin.py:188} INFO - [2024-10-29T23:45:26.184+0000] {dag.py:3047} INFO - Sync 1 DAGs
[2024-10-29T23:45:26.211+0000] {logging_mixin.py:188} INFO - [2024-10-29T23:45:26.211+0000] {dag.py:3834} INFO - Setting next_dagrun for example_skip_dag to 2024-10-28 00:00:00+00:00, run_after=2024-10-29 00:00:00+00:00
[2024-10-29T23:45:26.228+0000] {processor.py:183} INFO - Processing /home/airflow/.local/lib/python3.8/site-packages/airflow/example_dags/example_skip_dag.py took 0.081 seconds
[2024-10-29T23:45:56.627+0000] {processor.py:161} INFO - Started process (PID=1328) to work on /home/airflow/.local/lib/python3.8/site-packages/airflow/example_dags/example_skip_dag.py
[2024-10-29T23:45:56.628+0000] {processor.py:830} INFO - Processing file /home/airflow/.local/lib/python3.8/site-packages/airflow/example_dags/example_skip_dag.py for tasks to queue
[2024-10-29T23:45:56.630+0000] {logging_mixin.py:188} INFO - [2024-10-29T23:45:56.630+0000] {dagbag.py:540} INFO - Filling up the DagBag from /home/airflow/.local/lib/python3.8/site-packages/airflow/example_dags/example_skip_dag.py
[2024-10-29T23:45:56.638+0000] {processor.py:840} INFO - DAG(s) 'example_skip_dag' retrieved from /home/airflow/.local/lib/python3.8/site-packages/airflow/example_dags/example_skip_dag.py
[2024-10-29T23:45:56.672+0000] {logging_mixin.py:188} INFO - [2024-10-29T23:45:56.672+0000] {dag.py:3047} INFO - Sync 1 DAGs
[2024-10-29T23:45:56.710+0000] {logging_mixin.py:188} INFO - [2024-10-29T23:45:56.710+0000] {dag.py:3834} INFO - Setting next_dagrun for example_skip_dag to 2024-10-28 00:00:00+00:00, run_after=2024-10-29 00:00:00+00:00
[2024-10-29T23:45:56.732+0000] {processor.py:183} INFO - Processing /home/airflow/.local/lib/python3.8/site-packages/airflow/example_dags/example_skip_dag.py took 0.109 seconds
[2024-10-29T23:46:26.931+0000] {processor.py:161} INFO - Started process (PID=1384) to work on /home/airflow/.local/lib/python3.8/site-packages/airflow/example_dags/example_skip_dag.py
[2024-10-29T23:46:26.933+0000] {processor.py:830} INFO - Processing file /home/airflow/.local/lib/python3.8/site-packages/airflow/example_dags/example_skip_dag.py for tasks to queue
[2024-10-29T23:46:26.937+0000] {logging_mixin.py:188} INFO - [2024-10-29T23:46:26.936+0000] {dagbag.py:540} INFO - Filling up the DagBag from /home/airflow/.local/lib/python3.8/site-packages/airflow/example_dags/example_skip_dag.py
[2024-10-29T23:46:26.955+0000] {processor.py:840} INFO - DAG(s) 'example_skip_dag' retrieved from /home/airflow/.local/lib/python3.8/site-packages/airflow/example_dags/example_skip_dag.py
[2024-10-29T23:46:27.017+0000] {logging_mixin.py:188} INFO - [2024-10-29T23:46:27.016+0000] {dag.py:3047} INFO - Sync 1 DAGs
[2024-10-29T23:46:27.066+0000] {logging_mixin.py:188} INFO - [2024-10-29T23:46:27.066+0000] {dag.py:3834} INFO - Setting next_dagrun for example_skip_dag to 2024-10-28 00:00:00+00:00, run_after=2024-10-29 00:00:00+00:00
[2024-10-29T23:46:27.089+0000] {processor.py:183} INFO - Processing /home/airflow/.local/lib/python3.8/site-packages/airflow/example_dags/example_skip_dag.py took 0.167 seconds
[2024-10-29T23:46:57.106+0000] {processor.py:161} INFO - Started process (PID=1440) to work on /home/airflow/.local/lib/python3.8/site-packages/airflow/example_dags/example_skip_dag.py
[2024-10-29T23:46:57.107+0000] {processor.py:830} INFO - Processing file /home/airflow/.local/lib/python3.8/site-packages/airflow/example_dags/example_skip_dag.py for tasks to queue
[2024-10-29T23:46:57.109+0000] {logging_mixin.py:188} INFO - [2024-10-29T23:46:57.109+0000] {dagbag.py:540} INFO - Filling up the DagBag from /home/airflow/.local/lib/python3.8/site-packages/airflow/example_dags/example_skip_dag.py
[2024-10-29T23:46:57.115+0000] {processor.py:840} INFO - DAG(s) 'example_skip_dag' retrieved from /home/airflow/.local/lib/python3.8/site-packages/airflow/example_dags/example_skip_dag.py
[2024-10-29T23:46:57.137+0000] {logging_mixin.py:188} INFO - [2024-10-29T23:46:57.137+0000] {dag.py:3047} INFO - Sync 1 DAGs
[2024-10-29T23:46:57.168+0000] {logging_mixin.py:188} INFO - [2024-10-29T23:46:57.168+0000] {dag.py:3834} INFO - Setting next_dagrun for example_skip_dag to 2024-10-28 00:00:00+00:00, run_after=2024-10-29 00:00:00+00:00
[2024-10-29T23:46:57.191+0000] {processor.py:183} INFO - Processing /home/airflow/.local/lib/python3.8/site-packages/airflow/example_dags/example_skip_dag.py took 0.088 seconds
[2024-10-29T23:47:27.216+0000] {processor.py:161} INFO - Started process (PID=1496) to work on /home/airflow/.local/lib/python3.8/site-packages/airflow/example_dags/example_skip_dag.py
[2024-10-29T23:47:27.217+0000] {processor.py:830} INFO - Processing file /home/airflow/.local/lib/python3.8/site-packages/airflow/example_dags/example_skip_dag.py for tasks to queue
[2024-10-29T23:47:27.219+0000] {logging_mixin.py:188} INFO - [2024-10-29T23:47:27.219+0000] {dagbag.py:540} INFO - Filling up the DagBag from /home/airflow/.local/lib/python3.8/site-packages/airflow/example_dags/example_skip_dag.py
[2024-10-29T23:47:27.226+0000] {processor.py:840} INFO - DAG(s) 'example_skip_dag' retrieved from /home/airflow/.local/lib/python3.8/site-packages/airflow/example_dags/example_skip_dag.py
[2024-10-29T23:47:27.244+0000] {logging_mixin.py:188} INFO - [2024-10-29T23:47:27.244+0000] {dag.py:3047} INFO - Sync 1 DAGs
[2024-10-29T23:47:27.265+0000] {logging_mixin.py:188} INFO - [2024-10-29T23:47:27.265+0000] {dag.py:3834} INFO - Setting next_dagrun for example_skip_dag to 2024-10-28 00:00:00+00:00, run_after=2024-10-29 00:00:00+00:00
[2024-10-29T23:47:27.282+0000] {processor.py:183} INFO - Processing /home/airflow/.local/lib/python3.8/site-packages/airflow/example_dags/example_skip_dag.py took 0.069 seconds
[2024-10-29T23:47:57.456+0000] {processor.py:161} INFO - Started process (PID=1552) to work on /home/airflow/.local/lib/python3.8/site-packages/airflow/example_dags/example_skip_dag.py
[2024-10-29T23:47:57.456+0000] {processor.py:830} INFO - Processing file /home/airflow/.local/lib/python3.8/site-packages/airflow/example_dags/example_skip_dag.py for tasks to queue
[2024-10-29T23:47:57.458+0000] {logging_mixin.py:188} INFO - [2024-10-29T23:47:57.458+0000] {dagbag.py:540} INFO - Filling up the DagBag from /home/airflow/.local/lib/python3.8/site-packages/airflow/example_dags/example_skip_dag.py
[2024-10-29T23:47:57.465+0000] {processor.py:840} INFO - DAG(s) 'example_skip_dag' retrieved from /home/airflow/.local/lib/python3.8/site-packages/airflow/example_dags/example_skip_dag.py
[2024-10-29T23:47:57.486+0000] {logging_mixin.py:188} INFO - [2024-10-29T23:47:57.486+0000] {dag.py:3047} INFO - Sync 1 DAGs
[2024-10-29T23:47:57.512+0000] {logging_mixin.py:188} INFO - [2024-10-29T23:47:57.512+0000] {dag.py:3834} INFO - Setting next_dagrun for example_skip_dag to 2024-10-28 00:00:00+00:00, run_after=2024-10-29 00:00:00+00:00
[2024-10-29T23:47:57.532+0000] {processor.py:183} INFO - Processing /home/airflow/.local/lib/python3.8/site-packages/airflow/example_dags/example_skip_dag.py took 0.079 seconds
[2024-10-29T23:48:27.767+0000] {processor.py:161} INFO - Started process (PID=1608) to work on /home/airflow/.local/lib/python3.8/site-packages/airflow/example_dags/example_skip_dag.py
[2024-10-29T23:48:27.768+0000] {processor.py:830} INFO - Processing file /home/airflow/.local/lib/python3.8/site-packages/airflow/example_dags/example_skip_dag.py for tasks to queue
[2024-10-29T23:48:27.769+0000] {logging_mixin.py:188} INFO - [2024-10-29T23:48:27.769+0000] {dagbag.py:540} INFO - Filling up the DagBag from /home/airflow/.local/lib/python3.8/site-packages/airflow/example_dags/example_skip_dag.py
[2024-10-29T23:48:27.775+0000] {processor.py:840} INFO - DAG(s) 'example_skip_dag' retrieved from /home/airflow/.local/lib/python3.8/site-packages/airflow/example_dags/example_skip_dag.py
[2024-10-29T23:48:27.794+0000] {logging_mixin.py:188} INFO - [2024-10-29T23:48:27.793+0000] {dag.py:3047} INFO - Sync 1 DAGs
[2024-10-29T23:48:27.814+0000] {logging_mixin.py:188} INFO - [2024-10-29T23:48:27.813+0000] {dag.py:3834} INFO - Setting next_dagrun for example_skip_dag to 2024-10-28 00:00:00+00:00, run_after=2024-10-29 00:00:00+00:00
[2024-10-29T23:48:27.830+0000] {processor.py:183} INFO - Processing /home/airflow/.local/lib/python3.8/site-packages/airflow/example_dags/example_skip_dag.py took 0.065 seconds
[2024-10-29T23:48:57.968+0000] {processor.py:161} INFO - Started process (PID=1664) to work on /home/airflow/.local/lib/python3.8/site-packages/airflow/example_dags/example_skip_dag.py
[2024-10-29T23:48:57.970+0000] {processor.py:830} INFO - Processing file /home/airflow/.local/lib/python3.8/site-packages/airflow/example_dags/example_skip_dag.py for tasks to queue
[2024-10-29T23:48:57.975+0000] {logging_mixin.py:188} INFO - [2024-10-29T23:48:57.974+0000] {dagbag.py:540} INFO - Filling up the DagBag from /home/airflow/.local/lib/python3.8/site-packages/airflow/example_dags/example_skip_dag.py
[2024-10-29T23:48:57.994+0000] {processor.py:840} INFO - DAG(s) 'example_skip_dag' retrieved from /home/airflow/.local/lib/python3.8/site-packages/airflow/example_dags/example_skip_dag.py
[2024-10-29T23:48:58.053+0000] {logging_mixin.py:188} INFO - [2024-10-29T23:48:58.052+0000] {dag.py:3047} INFO - Sync 1 DAGs
[2024-10-29T23:48:58.125+0000] {logging_mixin.py:188} INFO - [2024-10-29T23:48:58.125+0000] {dag.py:3834} INFO - Setting next_dagrun for example_skip_dag to 2024-10-28 00:00:00+00:00, run_after=2024-10-29 00:00:00+00:00
[2024-10-29T23:48:58.166+0000] {processor.py:183} INFO - Processing /home/airflow/.local/lib/python3.8/site-packages/airflow/example_dags/example_skip_dag.py took 0.206 seconds
[2024-10-29T23:49:28.296+0000] {processor.py:161} INFO - Started process (PID=1720) to work on /home/airflow/.local/lib/python3.8/site-packages/airflow/example_dags/example_skip_dag.py
[2024-10-29T23:49:28.297+0000] {processor.py:830} INFO - Processing file /home/airflow/.local/lib/python3.8/site-packages/airflow/example_dags/example_skip_dag.py for tasks to queue
[2024-10-29T23:49:28.298+0000] {logging_mixin.py:188} INFO - [2024-10-29T23:49:28.298+0000] {dagbag.py:540} INFO - Filling up the DagBag from /home/airflow/.local/lib/python3.8/site-packages/airflow/example_dags/example_skip_dag.py
[2024-10-29T23:49:28.307+0000] {processor.py:840} INFO - DAG(s) 'example_skip_dag' retrieved from /home/airflow/.local/lib/python3.8/site-packages/airflow/example_dags/example_skip_dag.py
[2024-10-29T23:49:28.342+0000] {logging_mixin.py:188} INFO - [2024-10-29T23:49:28.342+0000] {dag.py:3047} INFO - Sync 1 DAGs
[2024-10-29T23:49:28.384+0000] {logging_mixin.py:188} INFO - [2024-10-29T23:49:28.383+0000] {dag.py:3834} INFO - Setting next_dagrun for example_skip_dag to 2024-10-28 00:00:00+00:00, run_after=2024-10-29 00:00:00+00:00
[2024-10-29T23:49:28.417+0000] {processor.py:183} INFO - Processing /home/airflow/.local/lib/python3.8/site-packages/airflow/example_dags/example_skip_dag.py took 0.126 seconds
[2024-10-29T23:49:58.500+0000] {processor.py:161} INFO - Started process (PID=1776) to work on /home/airflow/.local/lib/python3.8/site-packages/airflow/example_dags/example_skip_dag.py
[2024-10-29T23:49:58.501+0000] {processor.py:830} INFO - Processing file /home/airflow/.local/lib/python3.8/site-packages/airflow/example_dags/example_skip_dag.py for tasks to queue
[2024-10-29T23:49:58.502+0000] {logging_mixin.py:188} INFO - [2024-10-29T23:49:58.502+0000] {dagbag.py:540} INFO - Filling up the DagBag from /home/airflow/.local/lib/python3.8/site-packages/airflow/example_dags/example_skip_dag.py
[2024-10-29T23:49:58.510+0000] {processor.py:840} INFO - DAG(s) 'example_skip_dag' retrieved from /home/airflow/.local/lib/python3.8/site-packages/airflow/example_dags/example_skip_dag.py
[2024-10-29T23:49:58.536+0000] {logging_mixin.py:188} INFO - [2024-10-29T23:49:58.535+0000] {dag.py:3047} INFO - Sync 1 DAGs
[2024-10-29T23:49:58.563+0000] {logging_mixin.py:188} INFO - [2024-10-29T23:49:58.563+0000] {dag.py:3834} INFO - Setting next_dagrun for example_skip_dag to 2024-10-28 00:00:00+00:00, run_after=2024-10-29 00:00:00+00:00
[2024-10-29T23:49:58.585+0000] {processor.py:183} INFO - Processing /home/airflow/.local/lib/python3.8/site-packages/airflow/example_dags/example_skip_dag.py took 0.089 seconds
[2024-10-29T23:50:28.680+0000] {processor.py:161} INFO - Started process (PID=1832) to work on /home/airflow/.local/lib/python3.8/site-packages/airflow/example_dags/example_skip_dag.py
[2024-10-29T23:50:28.682+0000] {processor.py:830} INFO - Processing file /home/airflow/.local/lib/python3.8/site-packages/airflow/example_dags/example_skip_dag.py for tasks to queue
[2024-10-29T23:50:28.694+0000] {logging_mixin.py:188} INFO - [2024-10-29T23:50:28.692+0000] {dagbag.py:540} INFO - Filling up the DagBag from /home/airflow/.local/lib/python3.8/site-packages/airflow/example_dags/example_skip_dag.py
[2024-10-29T23:50:28.715+0000] {processor.py:840} INFO - DAG(s) 'example_skip_dag' retrieved from /home/airflow/.local/lib/python3.8/site-packages/airflow/example_dags/example_skip_dag.py
[2024-10-29T23:50:28.778+0000] {logging_mixin.py:188} INFO - [2024-10-29T23:50:28.772+0000] {dag.py:3047} INFO - Sync 1 DAGs
[2024-10-29T23:50:28.831+0000] {logging_mixin.py:188} INFO - [2024-10-29T23:50:28.831+0000] {dag.py:3834} INFO - Setting next_dagrun for example_skip_dag to 2024-10-28 00:00:00+00:00, run_after=2024-10-29 00:00:00+00:00
[2024-10-29T23:50:28.888+0000] {processor.py:183} INFO - Processing /home/airflow/.local/lib/python3.8/site-packages/airflow/example_dags/example_skip_dag.py took 0.215 seconds
[2024-10-29T23:50:58.967+0000] {processor.py:161} INFO - Started process (PID=1888) to work on /home/airflow/.local/lib/python3.8/site-packages/airflow/example_dags/example_skip_dag.py
[2024-10-29T23:50:58.968+0000] {processor.py:830} INFO - Processing file /home/airflow/.local/lib/python3.8/site-packages/airflow/example_dags/example_skip_dag.py for tasks to queue
[2024-10-29T23:50:58.969+0000] {logging_mixin.py:188} INFO - [2024-10-29T23:50:58.969+0000] {dagbag.py:540} INFO - Filling up the DagBag from /home/airflow/.local/lib/python3.8/site-packages/airflow/example_dags/example_skip_dag.py
[2024-10-29T23:50:58.975+0000] {processor.py:840} INFO - DAG(s) 'example_skip_dag' retrieved from /home/airflow/.local/lib/python3.8/site-packages/airflow/example_dags/example_skip_dag.py
[2024-10-29T23:50:58.994+0000] {logging_mixin.py:188} INFO - [2024-10-29T23:50:58.994+0000] {dag.py:3047} INFO - Sync 1 DAGs
[2024-10-29T23:50:59.015+0000] {logging_mixin.py:188} INFO - [2024-10-29T23:50:59.015+0000] {dag.py:3834} INFO - Setting next_dagrun for example_skip_dag to 2024-10-28 00:00:00+00:00, run_after=2024-10-29 00:00:00+00:00
[2024-10-29T23:50:59.031+0000] {processor.py:183} INFO - Processing /home/airflow/.local/lib/python3.8/site-packages/airflow/example_dags/example_skip_dag.py took 0.067 seconds
[2024-10-29T23:51:29.256+0000] {processor.py:161} INFO - Started process (PID=1944) to work on /home/airflow/.local/lib/python3.8/site-packages/airflow/example_dags/example_skip_dag.py
[2024-10-29T23:51:29.257+0000] {processor.py:830} INFO - Processing file /home/airflow/.local/lib/python3.8/site-packages/airflow/example_dags/example_skip_dag.py for tasks to queue
[2024-10-29T23:51:29.259+0000] {logging_mixin.py:188} INFO - [2024-10-29T23:51:29.258+0000] {dagbag.py:540} INFO - Filling up the DagBag from /home/airflow/.local/lib/python3.8/site-packages/airflow/example_dags/example_skip_dag.py
[2024-10-29T23:51:29.265+0000] {processor.py:840} INFO - DAG(s) 'example_skip_dag' retrieved from /home/airflow/.local/lib/python3.8/site-packages/airflow/example_dags/example_skip_dag.py
[2024-10-29T23:51:29.284+0000] {logging_mixin.py:188} INFO - [2024-10-29T23:51:29.284+0000] {dag.py:3047} INFO - Sync 1 DAGs
[2024-10-29T23:51:29.306+0000] {logging_mixin.py:188} INFO - [2024-10-29T23:51:29.306+0000] {dag.py:3834} INFO - Setting next_dagrun for example_skip_dag to 2024-10-28 00:00:00+00:00, run_after=2024-10-29 00:00:00+00:00
[2024-10-29T23:51:29.323+0000] {processor.py:183} INFO - Processing /home/airflow/.local/lib/python3.8/site-packages/airflow/example_dags/example_skip_dag.py took 0.070 seconds
[2024-10-29T23:51:59.678+0000] {processor.py:161} INFO - Started process (PID=1999) to work on /home/airflow/.local/lib/python3.8/site-packages/airflow/example_dags/example_skip_dag.py
[2024-10-29T23:51:59.679+0000] {processor.py:830} INFO - Processing file /home/airflow/.local/lib/python3.8/site-packages/airflow/example_dags/example_skip_dag.py for tasks to queue
[2024-10-29T23:51:59.681+0000] {logging_mixin.py:188} INFO - [2024-10-29T23:51:59.680+0000] {dagbag.py:540} INFO - Filling up the DagBag from /home/airflow/.local/lib/python3.8/site-packages/airflow/example_dags/example_skip_dag.py
[2024-10-29T23:51:59.687+0000] {processor.py:840} INFO - DAG(s) 'example_skip_dag' retrieved from /home/airflow/.local/lib/python3.8/site-packages/airflow/example_dags/example_skip_dag.py
[2024-10-29T23:51:59.710+0000] {logging_mixin.py:188} INFO - [2024-10-29T23:51:59.710+0000] {dag.py:3047} INFO - Sync 1 DAGs
[2024-10-29T23:51:59.735+0000] {logging_mixin.py:188} INFO - [2024-10-29T23:51:59.735+0000] {dag.py:3834} INFO - Setting next_dagrun for example_skip_dag to 2024-10-28 00:00:00+00:00, run_after=2024-10-29 00:00:00+00:00
[2024-10-29T23:51:59.757+0000] {processor.py:183} INFO - Processing /home/airflow/.local/lib/python3.8/site-packages/airflow/example_dags/example_skip_dag.py took 0.084 seconds
[2024-10-29T23:52:30.331+0000] {processor.py:161} INFO - Started process (PID=2055) to work on /home/airflow/.local/lib/python3.8/site-packages/airflow/example_dags/example_skip_dag.py
[2024-10-29T23:52:30.333+0000] {processor.py:830} INFO - Processing file /home/airflow/.local/lib/python3.8/site-packages/airflow/example_dags/example_skip_dag.py for tasks to queue
[2024-10-29T23:52:30.338+0000] {logging_mixin.py:188} INFO - [2024-10-29T23:52:30.337+0000] {dagbag.py:540} INFO - Filling up the DagBag from /home/airflow/.local/lib/python3.8/site-packages/airflow/example_dags/example_skip_dag.py
[2024-10-29T23:52:30.357+0000] {processor.py:840} INFO - DAG(s) 'example_skip_dag' retrieved from /home/airflow/.local/lib/python3.8/site-packages/airflow/example_dags/example_skip_dag.py
[2024-10-29T23:52:30.418+0000] {logging_mixin.py:188} INFO - [2024-10-29T23:52:30.417+0000] {dag.py:3047} INFO - Sync 1 DAGs
[2024-10-29T23:52:30.488+0000] {logging_mixin.py:188} INFO - [2024-10-29T23:52:30.487+0000] {dag.py:3834} INFO - Setting next_dagrun for example_skip_dag to 2024-10-28 00:00:00+00:00, run_after=2024-10-29 00:00:00+00:00
[2024-10-29T23:52:30.541+0000] {processor.py:183} INFO - Processing /home/airflow/.local/lib/python3.8/site-packages/airflow/example_dags/example_skip_dag.py took 0.218 seconds
[2024-10-29T23:53:00.584+0000] {processor.py:161} INFO - Started process (PID=2111) to work on /home/airflow/.local/lib/python3.8/site-packages/airflow/example_dags/example_skip_dag.py
[2024-10-29T23:53:00.585+0000] {processor.py:830} INFO - Processing file /home/airflow/.local/lib/python3.8/site-packages/airflow/example_dags/example_skip_dag.py for tasks to queue
[2024-10-29T23:53:00.587+0000] {logging_mixin.py:188} INFO - [2024-10-29T23:53:00.587+0000] {dagbag.py:540} INFO - Filling up the DagBag from /home/airflow/.local/lib/python3.8/site-packages/airflow/example_dags/example_skip_dag.py
[2024-10-29T23:53:00.596+0000] {processor.py:840} INFO - DAG(s) 'example_skip_dag' retrieved from /home/airflow/.local/lib/python3.8/site-packages/airflow/example_dags/example_skip_dag.py
[2024-10-29T23:53:00.630+0000] {logging_mixin.py:188} INFO - [2024-10-29T23:53:00.629+0000] {dag.py:3047} INFO - Sync 1 DAGs
[2024-10-29T23:53:00.660+0000] {logging_mixin.py:188} INFO - [2024-10-29T23:53:00.659+0000] {dag.py:3834} INFO - Setting next_dagrun for example_skip_dag to 2024-10-28 00:00:00+00:00, run_after=2024-10-29 00:00:00+00:00
[2024-10-29T23:53:00.680+0000] {processor.py:183} INFO - Processing /home/airflow/.local/lib/python3.8/site-packages/airflow/example_dags/example_skip_dag.py took 0.099 seconds
[2024-10-29T23:53:31.149+0000] {processor.py:161} INFO - Started process (PID=2167) to work on /home/airflow/.local/lib/python3.8/site-packages/airflow/example_dags/example_skip_dag.py
[2024-10-29T23:53:31.150+0000] {processor.py:830} INFO - Processing file /home/airflow/.local/lib/python3.8/site-packages/airflow/example_dags/example_skip_dag.py for tasks to queue
[2024-10-29T23:53:31.153+0000] {logging_mixin.py:188} INFO - [2024-10-29T23:53:31.152+0000] {dagbag.py:540} INFO - Filling up the DagBag from /home/airflow/.local/lib/python3.8/site-packages/airflow/example_dags/example_skip_dag.py
[2024-10-29T23:53:31.161+0000] {processor.py:840} INFO - DAG(s) 'example_skip_dag' retrieved from /home/airflow/.local/lib/python3.8/site-packages/airflow/example_dags/example_skip_dag.py
[2024-10-29T23:53:31.189+0000] {logging_mixin.py:188} INFO - [2024-10-29T23:53:31.188+0000] {dag.py:3047} INFO - Sync 1 DAGs
[2024-10-29T23:53:31.361+0000] {logging_mixin.py:188} INFO - [2024-10-29T23:53:31.361+0000] {dag.py:3834} INFO - Setting next_dagrun for example_skip_dag to 2024-10-28 00:00:00+00:00, run_after=2024-10-29 00:00:00+00:00
[2024-10-29T23:53:31.388+0000] {processor.py:183} INFO - Processing /home/airflow/.local/lib/python3.8/site-packages/airflow/example_dags/example_skip_dag.py took 0.243 seconds
[2024-10-29T23:54:02.012+0000] {processor.py:161} INFO - Started process (PID=2221) to work on /home/airflow/.local/lib/python3.8/site-packages/airflow/example_dags/example_skip_dag.py
[2024-10-29T23:54:02.012+0000] {processor.py:830} INFO - Processing file /home/airflow/.local/lib/python3.8/site-packages/airflow/example_dags/example_skip_dag.py for tasks to queue
[2024-10-29T23:54:02.014+0000] {logging_mixin.py:188} INFO - [2024-10-29T23:54:02.013+0000] {dagbag.py:540} INFO - Filling up the DagBag from /home/airflow/.local/lib/python3.8/site-packages/airflow/example_dags/example_skip_dag.py
[2024-10-29T23:54:02.018+0000] {processor.py:840} INFO - DAG(s) 'example_skip_dag' retrieved from /home/airflow/.local/lib/python3.8/site-packages/airflow/example_dags/example_skip_dag.py
[2024-10-29T23:54:02.035+0000] {logging_mixin.py:188} INFO - [2024-10-29T23:54:02.035+0000] {dag.py:3047} INFO - Sync 1 DAGs
[2024-10-29T23:54:02.150+0000] {logging_mixin.py:188} INFO - [2024-10-29T23:54:02.150+0000] {dag.py:3834} INFO - Setting next_dagrun for example_skip_dag to 2024-10-28 00:00:00+00:00, run_after=2024-10-29 00:00:00+00:00
[2024-10-29T23:54:02.168+0000] {processor.py:183} INFO - Processing /home/airflow/.local/lib/python3.8/site-packages/airflow/example_dags/example_skip_dag.py took 0.159 seconds
[2024-10-29T23:54:33.015+0000] {processor.py:161} INFO - Started process (PID=2283) to work on /home/airflow/.local/lib/python3.8/site-packages/airflow/example_dags/example_skip_dag.py
[2024-10-29T23:54:33.016+0000] {processor.py:830} INFO - Processing file /home/airflow/.local/lib/python3.8/site-packages/airflow/example_dags/example_skip_dag.py for tasks to queue
[2024-10-29T23:54:33.017+0000] {logging_mixin.py:188} INFO - [2024-10-29T23:54:33.017+0000] {dagbag.py:540} INFO - Filling up the DagBag from /home/airflow/.local/lib/python3.8/site-packages/airflow/example_dags/example_skip_dag.py
[2024-10-29T23:54:33.027+0000] {processor.py:840} INFO - DAG(s) 'example_skip_dag' retrieved from /home/airflow/.local/lib/python3.8/site-packages/airflow/example_dags/example_skip_dag.py
[2024-10-29T23:54:33.053+0000] {logging_mixin.py:188} INFO - [2024-10-29T23:54:33.052+0000] {dag.py:3047} INFO - Sync 1 DAGs
[2024-10-29T23:54:33.079+0000] {logging_mixin.py:188} INFO - [2024-10-29T23:54:33.079+0000] {dag.py:3834} INFO - Setting next_dagrun for example_skip_dag to 2024-10-28 00:00:00+00:00, run_after=2024-10-29 00:00:00+00:00
[2024-10-29T23:54:33.097+0000] {processor.py:183} INFO - Processing /home/airflow/.local/lib/python3.8/site-packages/airflow/example_dags/example_skip_dag.py took 0.085 seconds
[2024-10-29T23:55:03.666+0000] {processor.py:161} INFO - Started process (PID=2339) to work on /home/airflow/.local/lib/python3.8/site-packages/airflow/example_dags/example_skip_dag.py
[2024-10-29T23:55:03.667+0000] {processor.py:830} INFO - Processing file /home/airflow/.local/lib/python3.8/site-packages/airflow/example_dags/example_skip_dag.py for tasks to queue
[2024-10-29T23:55:03.669+0000] {logging_mixin.py:188} INFO - [2024-10-29T23:55:03.668+0000] {dagbag.py:540} INFO - Filling up the DagBag from /home/airflow/.local/lib/python3.8/site-packages/airflow/example_dags/example_skip_dag.py
[2024-10-29T23:55:03.676+0000] {processor.py:840} INFO - DAG(s) 'example_skip_dag' retrieved from /home/airflow/.local/lib/python3.8/site-packages/airflow/example_dags/example_skip_dag.py
[2024-10-29T23:55:03.706+0000] {logging_mixin.py:188} INFO - [2024-10-29T23:55:03.705+0000] {dag.py:3047} INFO - Sync 1 DAGs
[2024-10-29T23:55:03.735+0000] {logging_mixin.py:188} INFO - [2024-10-29T23:55:03.735+0000] {dag.py:3834} INFO - Setting next_dagrun for example_skip_dag to 2024-10-28 00:00:00+00:00, run_after=2024-10-29 00:00:00+00:00
[2024-10-29T23:55:03.752+0000] {processor.py:183} INFO - Processing /home/airflow/.local/lib/python3.8/site-packages/airflow/example_dags/example_skip_dag.py took 0.089 seconds
[2024-10-29T23:55:34.354+0000] {processor.py:161} INFO - Started process (PID=2395) to work on /home/airflow/.local/lib/python3.8/site-packages/airflow/example_dags/example_skip_dag.py
[2024-10-29T23:55:34.356+0000] {processor.py:830} INFO - Processing file /home/airflow/.local/lib/python3.8/site-packages/airflow/example_dags/example_skip_dag.py for tasks to queue
[2024-10-29T23:55:34.358+0000] {logging_mixin.py:188} INFO - [2024-10-29T23:55:34.358+0000] {dagbag.py:540} INFO - Filling up the DagBag from /home/airflow/.local/lib/python3.8/site-packages/airflow/example_dags/example_skip_dag.py
[2024-10-29T23:55:34.366+0000] {processor.py:840} INFO - DAG(s) 'example_skip_dag' retrieved from /home/airflow/.local/lib/python3.8/site-packages/airflow/example_dags/example_skip_dag.py
[2024-10-29T23:55:34.399+0000] {logging_mixin.py:188} INFO - [2024-10-29T23:55:34.398+0000] {dag.py:3047} INFO - Sync 1 DAGs
[2024-10-29T23:55:34.437+0000] {logging_mixin.py:188} INFO - [2024-10-29T23:55:34.436+0000] {dag.py:3834} INFO - Setting next_dagrun for example_skip_dag to 2024-10-28 00:00:00+00:00, run_after=2024-10-29 00:00:00+00:00
[2024-10-29T23:55:34.466+0000] {processor.py:183} INFO - Processing /home/airflow/.local/lib/python3.8/site-packages/airflow/example_dags/example_skip_dag.py took 0.116 seconds
[2024-10-29T23:56:04.565+0000] {processor.py:161} INFO - Started process (PID=2451) to work on /home/airflow/.local/lib/python3.8/site-packages/airflow/example_dags/example_skip_dag.py
[2024-10-29T23:56:04.566+0000] {processor.py:830} INFO - Processing file /home/airflow/.local/lib/python3.8/site-packages/airflow/example_dags/example_skip_dag.py for tasks to queue
[2024-10-29T23:56:04.568+0000] {logging_mixin.py:188} INFO - [2024-10-29T23:56:04.567+0000] {dagbag.py:540} INFO - Filling up the DagBag from /home/airflow/.local/lib/python3.8/site-packages/airflow/example_dags/example_skip_dag.py
[2024-10-29T23:56:04.575+0000] {processor.py:840} INFO - DAG(s) 'example_skip_dag' retrieved from /home/airflow/.local/lib/python3.8/site-packages/airflow/example_dags/example_skip_dag.py
[2024-10-29T23:56:04.599+0000] {logging_mixin.py:188} INFO - [2024-10-29T23:56:04.599+0000] {dag.py:3047} INFO - Sync 1 DAGs
[2024-10-29T23:56:04.628+0000] {logging_mixin.py:188} INFO - [2024-10-29T23:56:04.627+0000] {dag.py:3834} INFO - Setting next_dagrun for example_skip_dag to 2024-10-28 00:00:00+00:00, run_after=2024-10-29 00:00:00+00:00
[2024-10-29T23:56:04.648+0000] {processor.py:183} INFO - Processing /home/airflow/.local/lib/python3.8/site-packages/airflow/example_dags/example_skip_dag.py took 0.085 seconds
[2024-10-29T23:56:35.422+0000] {processor.py:161} INFO - Started process (PID=2507) to work on /home/airflow/.local/lib/python3.8/site-packages/airflow/example_dags/example_skip_dag.py
[2024-10-29T23:56:35.424+0000] {processor.py:830} INFO - Processing file /home/airflow/.local/lib/python3.8/site-packages/airflow/example_dags/example_skip_dag.py for tasks to queue
[2024-10-29T23:56:35.429+0000] {logging_mixin.py:188} INFO - [2024-10-29T23:56:35.428+0000] {dagbag.py:540} INFO - Filling up the DagBag from /home/airflow/.local/lib/python3.8/site-packages/airflow/example_dags/example_skip_dag.py
[2024-10-29T23:56:35.447+0000] {processor.py:840} INFO - DAG(s) 'example_skip_dag' retrieved from /home/airflow/.local/lib/python3.8/site-packages/airflow/example_dags/example_skip_dag.py
[2024-10-29T23:56:35.505+0000] {logging_mixin.py:188} INFO - [2024-10-29T23:56:35.504+0000] {dag.py:3047} INFO - Sync 1 DAGs
[2024-10-29T23:56:35.578+0000] {logging_mixin.py:188} INFO - [2024-10-29T23:56:35.577+0000] {dag.py:3834} INFO - Setting next_dagrun for example_skip_dag to 2024-10-28 00:00:00+00:00, run_after=2024-10-29 00:00:00+00:00
[2024-10-29T23:56:35.618+0000] {processor.py:183} INFO - Processing /home/airflow/.local/lib/python3.8/site-packages/airflow/example_dags/example_skip_dag.py took 0.205 seconds
[2024-10-29T23:57:05.776+0000] {processor.py:161} INFO - Started process (PID=2563) to work on /home/airflow/.local/lib/python3.8/site-packages/airflow/example_dags/example_skip_dag.py
[2024-10-29T23:57:05.777+0000] {processor.py:830} INFO - Processing file /home/airflow/.local/lib/python3.8/site-packages/airflow/example_dags/example_skip_dag.py for tasks to queue
[2024-10-29T23:57:05.779+0000] {logging_mixin.py:188} INFO - [2024-10-29T23:57:05.778+0000] {dagbag.py:540} INFO - Filling up the DagBag from /home/airflow/.local/lib/python3.8/site-packages/airflow/example_dags/example_skip_dag.py
[2024-10-29T23:57:05.785+0000] {processor.py:840} INFO - DAG(s) 'example_skip_dag' retrieved from /home/airflow/.local/lib/python3.8/site-packages/airflow/example_dags/example_skip_dag.py
[2024-10-29T23:57:05.805+0000] {logging_mixin.py:188} INFO - [2024-10-29T23:57:05.805+0000] {dag.py:3047} INFO - Sync 1 DAGs
[2024-10-29T23:57:05.828+0000] {logging_mixin.py:188} INFO - [2024-10-29T23:57:05.828+0000] {dag.py:3834} INFO - Setting next_dagrun for example_skip_dag to 2024-10-28 00:00:00+00:00, run_after=2024-10-29 00:00:00+00:00
[2024-10-29T23:57:05.846+0000] {processor.py:183} INFO - Processing /home/airflow/.local/lib/python3.8/site-packages/airflow/example_dags/example_skip_dag.py took 0.072 seconds
[2024-10-29T23:57:36.411+0000] {processor.py:161} INFO - Started process (PID=2619) to work on /home/airflow/.local/lib/python3.8/site-packages/airflow/example_dags/example_skip_dag.py
[2024-10-29T23:57:36.411+0000] {processor.py:830} INFO - Processing file /home/airflow/.local/lib/python3.8/site-packages/airflow/example_dags/example_skip_dag.py for tasks to queue
[2024-10-29T23:57:36.413+0000] {logging_mixin.py:188} INFO - [2024-10-29T23:57:36.413+0000] {dagbag.py:540} INFO - Filling up the DagBag from /home/airflow/.local/lib/python3.8/site-packages/airflow/example_dags/example_skip_dag.py
[2024-10-29T23:57:36.420+0000] {processor.py:840} INFO - DAG(s) 'example_skip_dag' retrieved from /home/airflow/.local/lib/python3.8/site-packages/airflow/example_dags/example_skip_dag.py
[2024-10-29T23:57:36.448+0000] {logging_mixin.py:188} INFO - [2024-10-29T23:57:36.448+0000] {dag.py:3047} INFO - Sync 1 DAGs
[2024-10-29T23:57:36.476+0000] {logging_mixin.py:188} INFO - [2024-10-29T23:57:36.476+0000] {dag.py:3834} INFO - Setting next_dagrun for example_skip_dag to 2024-10-28 00:00:00+00:00, run_after=2024-10-29 00:00:00+00:00
[2024-10-29T23:57:36.496+0000] {processor.py:183} INFO - Processing /home/airflow/.local/lib/python3.8/site-packages/airflow/example_dags/example_skip_dag.py took 0.089 seconds
[2024-10-29T23:58:06.914+0000] {processor.py:161} INFO - Started process (PID=2675) to work on /home/airflow/.local/lib/python3.8/site-packages/airflow/example_dags/example_skip_dag.py
[2024-10-29T23:58:06.914+0000] {processor.py:830} INFO - Processing file /home/airflow/.local/lib/python3.8/site-packages/airflow/example_dags/example_skip_dag.py for tasks to queue
[2024-10-29T23:58:06.916+0000] {logging_mixin.py:188} INFO - [2024-10-29T23:58:06.916+0000] {dagbag.py:540} INFO - Filling up the DagBag from /home/airflow/.local/lib/python3.8/site-packages/airflow/example_dags/example_skip_dag.py
[2024-10-29T23:58:06.922+0000] {processor.py:840} INFO - DAG(s) 'example_skip_dag' retrieved from /home/airflow/.local/lib/python3.8/site-packages/airflow/example_dags/example_skip_dag.py
[2024-10-29T23:58:06.941+0000] {logging_mixin.py:188} INFO - [2024-10-29T23:58:06.941+0000] {dag.py:3047} INFO - Sync 1 DAGs
[2024-10-29T23:58:06.962+0000] {logging_mixin.py:188} INFO - [2024-10-29T23:58:06.962+0000] {dag.py:3834} INFO - Setting next_dagrun for example_skip_dag to 2024-10-28 00:00:00+00:00, run_after=2024-10-29 00:00:00+00:00
[2024-10-29T23:58:06.978+0000] {processor.py:183} INFO - Processing /home/airflow/.local/lib/python3.8/site-packages/airflow/example_dags/example_skip_dag.py took 0.066 seconds
[2024-10-29T23:58:37.544+0000] {processor.py:161} INFO - Started process (PID=2731) to work on /home/airflow/.local/lib/python3.8/site-packages/airflow/example_dags/example_skip_dag.py
[2024-10-29T23:58:37.545+0000] {processor.py:830} INFO - Processing file /home/airflow/.local/lib/python3.8/site-packages/airflow/example_dags/example_skip_dag.py for tasks to queue
[2024-10-29T23:58:37.546+0000] {logging_mixin.py:188} INFO - [2024-10-29T23:58:37.546+0000] {dagbag.py:540} INFO - Filling up the DagBag from /home/airflow/.local/lib/python3.8/site-packages/airflow/example_dags/example_skip_dag.py
[2024-10-29T23:58:37.553+0000] {processor.py:840} INFO - DAG(s) 'example_skip_dag' retrieved from /home/airflow/.local/lib/python3.8/site-packages/airflow/example_dags/example_skip_dag.py
[2024-10-29T23:58:37.573+0000] {logging_mixin.py:188} INFO - [2024-10-29T23:58:37.573+0000] {dag.py:3047} INFO - Sync 1 DAGs
[2024-10-29T23:58:37.596+0000] {logging_mixin.py:188} INFO - [2024-10-29T23:58:37.595+0000] {dag.py:3834} INFO - Setting next_dagrun for example_skip_dag to 2024-10-28 00:00:00+00:00, run_after=2024-10-29 00:00:00+00:00
[2024-10-29T23:58:37.614+0000] {processor.py:183} INFO - Processing /home/airflow/.local/lib/python3.8/site-packages/airflow/example_dags/example_skip_dag.py took 0.072 seconds
[2024-10-29T23:59:07.790+0000] {processor.py:161} INFO - Started process (PID=2787) to work on /home/airflow/.local/lib/python3.8/site-packages/airflow/example_dags/example_skip_dag.py
[2024-10-29T23:59:07.791+0000] {processor.py:830} INFO - Processing file /home/airflow/.local/lib/python3.8/site-packages/airflow/example_dags/example_skip_dag.py for tasks to queue
[2024-10-29T23:59:07.792+0000] {logging_mixin.py:188} INFO - [2024-10-29T23:59:07.792+0000] {dagbag.py:540} INFO - Filling up the DagBag from /home/airflow/.local/lib/python3.8/site-packages/airflow/example_dags/example_skip_dag.py
[2024-10-29T23:59:07.799+0000] {processor.py:840} INFO - DAG(s) 'example_skip_dag' retrieved from /home/airflow/.local/lib/python3.8/site-packages/airflow/example_dags/example_skip_dag.py
[2024-10-29T23:59:07.822+0000] {logging_mixin.py:188} INFO - [2024-10-29T23:59:07.822+0000] {dag.py:3047} INFO - Sync 1 DAGs
[2024-10-29T23:59:07.848+0000] {logging_mixin.py:188} INFO - [2024-10-29T23:59:07.848+0000] {dag.py:3834} INFO - Setting next_dagrun for example_skip_dag to 2024-10-28 00:00:00+00:00, run_after=2024-10-29 00:00:00+00:00
[2024-10-29T23:59:07.870+0000] {processor.py:183} INFO - Processing /home/airflow/.local/lib/python3.8/site-packages/airflow/example_dags/example_skip_dag.py took 0.083 seconds
[2024-10-29T23:59:38.058+0000] {processor.py:161} INFO - Started process (PID=2843) to work on /home/airflow/.local/lib/python3.8/site-packages/airflow/example_dags/example_skip_dag.py
[2024-10-29T23:59:38.059+0000] {processor.py:830} INFO - Processing file /home/airflow/.local/lib/python3.8/site-packages/airflow/example_dags/example_skip_dag.py for tasks to queue
[2024-10-29T23:59:38.061+0000] {logging_mixin.py:188} INFO - [2024-10-29T23:59:38.060+0000] {dagbag.py:540} INFO - Filling up the DagBag from /home/airflow/.local/lib/python3.8/site-packages/airflow/example_dags/example_skip_dag.py
[2024-10-29T23:59:38.069+0000] {processor.py:840} INFO - DAG(s) 'example_skip_dag' retrieved from /home/airflow/.local/lib/python3.8/site-packages/airflow/example_dags/example_skip_dag.py
[2024-10-29T23:59:38.100+0000] {logging_mixin.py:188} INFO - [2024-10-29T23:59:38.099+0000] {dag.py:3047} INFO - Sync 1 DAGs
[2024-10-29T23:59:38.143+0000] {logging_mixin.py:188} INFO - [2024-10-29T23:59:38.143+0000] {dag.py:3834} INFO - Setting next_dagrun for example_skip_dag to 2024-10-28 00:00:00+00:00, run_after=2024-10-29 00:00:00+00:00
[2024-10-29T23:59:38.169+0000] {processor.py:183} INFO - Processing /home/airflow/.local/lib/python3.8/site-packages/airflow/example_dags/example_skip_dag.py took 0.114 seconds
