[2024-10-29T23:27:21.499+0000] {processor.py:161} INFO - Started process (PID=16631) to work on /home/airflow/.local/lib/python3.8/site-packages/airflow/example_dags/example_latest_only.py
[2024-10-29T23:27:21.500+0000] {processor.py:830} INFO - Processing file /home/airflow/.local/lib/python3.8/site-packages/airflow/example_dags/example_latest_only.py for tasks to queue
[2024-10-29T23:27:21.507+0000] {logging_mixin.py:188} INFO - [2024-10-29T23:27:21.506+0000] {dagbag.py:540} INFO - Filling up the DagBag from /home/airflow/.local/lib/python3.8/site-packages/airflow/example_dags/example_latest_only.py
[2024-10-29T23:27:21.521+0000] {processor.py:840} INFO - DAG(s) 'latest_only' retrieved from /home/airflow/.local/lib/python3.8/site-packages/airflow/example_dags/example_latest_only.py
[2024-10-29T23:27:21.554+0000] {logging_mixin.py:188} INFO - [2024-10-29T23:27:21.554+0000] {dag.py:3047} INFO - Sync 1 DAGs
[2024-10-29T23:27:21.601+0000] {logging_mixin.py:188} INFO - [2024-10-29T23:27:21.601+0000] {dag.py:3834} INFO - Setting next_dagrun for latest_only to 2024-10-29 16:00:00+00:00, run_after=2024-10-29 20:00:00+00:00
[2024-10-29T23:27:21.637+0000] {processor.py:183} INFO - Processing /home/airflow/.local/lib/python3.8/site-packages/airflow/example_dags/example_latest_only.py took 0.142 seconds
[2024-10-29T23:27:51.722+0000] {processor.py:161} INFO - Started process (PID=16687) to work on /home/airflow/.local/lib/python3.8/site-packages/airflow/example_dags/example_latest_only.py
[2024-10-29T23:27:51.723+0000] {processor.py:830} INFO - Processing file /home/airflow/.local/lib/python3.8/site-packages/airflow/example_dags/example_latest_only.py for tasks to queue
[2024-10-29T23:27:51.724+0000] {logging_mixin.py:188} INFO - [2024-10-29T23:27:51.724+0000] {dagbag.py:540} INFO - Filling up the DagBag from /home/airflow/.local/lib/python3.8/site-packages/airflow/example_dags/example_latest_only.py
[2024-10-29T23:27:51.727+0000] {processor.py:840} INFO - DAG(s) 'latest_only' retrieved from /home/airflow/.local/lib/python3.8/site-packages/airflow/example_dags/example_latest_only.py
[2024-10-29T23:27:51.742+0000] {logging_mixin.py:188} INFO - [2024-10-29T23:27:51.741+0000] {dag.py:3047} INFO - Sync 1 DAGs
[2024-10-29T23:27:51.761+0000] {logging_mixin.py:188} INFO - [2024-10-29T23:27:51.760+0000] {dag.py:3834} INFO - Setting next_dagrun for latest_only to 2024-10-29 16:00:00+00:00, run_after=2024-10-29 20:00:00+00:00
[2024-10-29T23:27:51.775+0000] {processor.py:183} INFO - Processing /home/airflow/.local/lib/python3.8/site-packages/airflow/example_dags/example_latest_only.py took 0.055 seconds
[2024-10-29T23:28:22.357+0000] {processor.py:161} INFO - Started process (PID=16743) to work on /home/airflow/.local/lib/python3.8/site-packages/airflow/example_dags/example_latest_only.py
[2024-10-29T23:28:22.358+0000] {processor.py:830} INFO - Processing file /home/airflow/.local/lib/python3.8/site-packages/airflow/example_dags/example_latest_only.py for tasks to queue
[2024-10-29T23:28:22.360+0000] {logging_mixin.py:188} INFO - [2024-10-29T23:28:22.360+0000] {dagbag.py:540} INFO - Filling up the DagBag from /home/airflow/.local/lib/python3.8/site-packages/airflow/example_dags/example_latest_only.py
[2024-10-29T23:28:22.364+0000] {processor.py:840} INFO - DAG(s) 'latest_only' retrieved from /home/airflow/.local/lib/python3.8/site-packages/airflow/example_dags/example_latest_only.py
[2024-10-29T23:28:22.378+0000] {logging_mixin.py:188} INFO - [2024-10-29T23:28:22.378+0000] {dag.py:3047} INFO - Sync 1 DAGs
[2024-10-29T23:28:22.394+0000] {logging_mixin.py:188} INFO - [2024-10-29T23:28:22.394+0000] {dag.py:3834} INFO - Setting next_dagrun for latest_only to 2024-10-29 16:00:00+00:00, run_after=2024-10-29 20:00:00+00:00
[2024-10-29T23:28:22.408+0000] {processor.py:183} INFO - Processing /home/airflow/.local/lib/python3.8/site-packages/airflow/example_dags/example_latest_only.py took 0.054 seconds
[2024-10-29T23:28:53.128+0000] {processor.py:161} INFO - Started process (PID=16799) to work on /home/airflow/.local/lib/python3.8/site-packages/airflow/example_dags/example_latest_only.py
[2024-10-29T23:28:53.129+0000] {processor.py:830} INFO - Processing file /home/airflow/.local/lib/python3.8/site-packages/airflow/example_dags/example_latest_only.py for tasks to queue
[2024-10-29T23:28:53.131+0000] {logging_mixin.py:188} INFO - [2024-10-29T23:28:53.130+0000] {dagbag.py:540} INFO - Filling up the DagBag from /home/airflow/.local/lib/python3.8/site-packages/airflow/example_dags/example_latest_only.py
[2024-10-29T23:28:53.135+0000] {processor.py:840} INFO - DAG(s) 'latest_only' retrieved from /home/airflow/.local/lib/python3.8/site-packages/airflow/example_dags/example_latest_only.py
[2024-10-29T23:28:53.163+0000] {logging_mixin.py:188} INFO - [2024-10-29T23:28:53.163+0000] {dag.py:3047} INFO - Sync 1 DAGs
[2024-10-29T23:28:53.199+0000] {logging_mixin.py:188} INFO - [2024-10-29T23:28:53.199+0000] {dag.py:3834} INFO - Setting next_dagrun for latest_only to 2024-10-29 16:00:00+00:00, run_after=2024-10-29 20:00:00+00:00
[2024-10-29T23:28:53.219+0000] {processor.py:183} INFO - Processing /home/airflow/.local/lib/python3.8/site-packages/airflow/example_dags/example_latest_only.py took 0.093 seconds
[2024-10-29T23:29:23.286+0000] {processor.py:161} INFO - Started process (PID=16855) to work on /home/airflow/.local/lib/python3.8/site-packages/airflow/example_dags/example_latest_only.py
[2024-10-29T23:29:23.287+0000] {processor.py:830} INFO - Processing file /home/airflow/.local/lib/python3.8/site-packages/airflow/example_dags/example_latest_only.py for tasks to queue
[2024-10-29T23:29:23.288+0000] {logging_mixin.py:188} INFO - [2024-10-29T23:29:23.288+0000] {dagbag.py:540} INFO - Filling up the DagBag from /home/airflow/.local/lib/python3.8/site-packages/airflow/example_dags/example_latest_only.py
[2024-10-29T23:29:23.293+0000] {processor.py:840} INFO - DAG(s) 'latest_only' retrieved from /home/airflow/.local/lib/python3.8/site-packages/airflow/example_dags/example_latest_only.py
[2024-10-29T23:29:23.317+0000] {logging_mixin.py:188} INFO - [2024-10-29T23:29:23.316+0000] {dag.py:3047} INFO - Sync 1 DAGs
[2024-10-29T23:29:23.344+0000] {logging_mixin.py:188} INFO - [2024-10-29T23:29:23.344+0000] {dag.py:3834} INFO - Setting next_dagrun for latest_only to 2024-10-29 16:00:00+00:00, run_after=2024-10-29 20:00:00+00:00
[2024-10-29T23:29:23.367+0000] {processor.py:183} INFO - Processing /home/airflow/.local/lib/python3.8/site-packages/airflow/example_dags/example_latest_only.py took 0.084 seconds
[2024-10-29T23:29:53.677+0000] {processor.py:161} INFO - Started process (PID=16911) to work on /home/airflow/.local/lib/python3.8/site-packages/airflow/example_dags/example_latest_only.py
[2024-10-29T23:29:53.678+0000] {processor.py:830} INFO - Processing file /home/airflow/.local/lib/python3.8/site-packages/airflow/example_dags/example_latest_only.py for tasks to queue
[2024-10-29T23:29:53.679+0000] {logging_mixin.py:188} INFO - [2024-10-29T23:29:53.679+0000] {dagbag.py:540} INFO - Filling up the DagBag from /home/airflow/.local/lib/python3.8/site-packages/airflow/example_dags/example_latest_only.py
[2024-10-29T23:29:53.685+0000] {processor.py:840} INFO - DAG(s) 'latest_only' retrieved from /home/airflow/.local/lib/python3.8/site-packages/airflow/example_dags/example_latest_only.py
[2024-10-29T23:29:53.708+0000] {logging_mixin.py:188} INFO - [2024-10-29T23:29:53.707+0000] {dag.py:3047} INFO - Sync 1 DAGs
[2024-10-29T23:29:53.736+0000] {logging_mixin.py:188} INFO - [2024-10-29T23:29:53.736+0000] {dag.py:3834} INFO - Setting next_dagrun for latest_only to 2024-10-29 16:00:00+00:00, run_after=2024-10-29 20:00:00+00:00
[2024-10-29T23:29:53.757+0000] {processor.py:183} INFO - Processing /home/airflow/.local/lib/python3.8/site-packages/airflow/example_dags/example_latest_only.py took 0.084 seconds
[2024-10-29T23:30:24.139+0000] {processor.py:161} INFO - Started process (PID=16967) to work on /home/airflow/.local/lib/python3.8/site-packages/airflow/example_dags/example_latest_only.py
[2024-10-29T23:30:24.140+0000] {processor.py:830} INFO - Processing file /home/airflow/.local/lib/python3.8/site-packages/airflow/example_dags/example_latest_only.py for tasks to queue
[2024-10-29T23:30:24.141+0000] {logging_mixin.py:188} INFO - [2024-10-29T23:30:24.141+0000] {dagbag.py:540} INFO - Filling up the DagBag from /home/airflow/.local/lib/python3.8/site-packages/airflow/example_dags/example_latest_only.py
[2024-10-29T23:30:24.146+0000] {processor.py:840} INFO - DAG(s) 'latest_only' retrieved from /home/airflow/.local/lib/python3.8/site-packages/airflow/example_dags/example_latest_only.py
[2024-10-29T23:30:24.165+0000] {logging_mixin.py:188} INFO - [2024-10-29T23:30:24.165+0000] {dag.py:3047} INFO - Sync 1 DAGs
[2024-10-29T23:30:24.188+0000] {logging_mixin.py:188} INFO - [2024-10-29T23:30:24.188+0000] {dag.py:3834} INFO - Setting next_dagrun for latest_only to 2024-10-29 16:00:00+00:00, run_after=2024-10-29 20:00:00+00:00
[2024-10-29T23:30:24.209+0000] {processor.py:183} INFO - Processing /home/airflow/.local/lib/python3.8/site-packages/airflow/example_dags/example_latest_only.py took 0.073 seconds
[2024-10-29T23:30:54.736+0000] {processor.py:161} INFO - Started process (PID=17022) to work on /home/airflow/.local/lib/python3.8/site-packages/airflow/example_dags/example_latest_only.py
[2024-10-29T23:30:54.737+0000] {processor.py:830} INFO - Processing file /home/airflow/.local/lib/python3.8/site-packages/airflow/example_dags/example_latest_only.py for tasks to queue
[2024-10-29T23:30:54.738+0000] {logging_mixin.py:188} INFO - [2024-10-29T23:30:54.738+0000] {dagbag.py:540} INFO - Filling up the DagBag from /home/airflow/.local/lib/python3.8/site-packages/airflow/example_dags/example_latest_only.py
[2024-10-29T23:30:54.742+0000] {processor.py:840} INFO - DAG(s) 'latest_only' retrieved from /home/airflow/.local/lib/python3.8/site-packages/airflow/example_dags/example_latest_only.py
[2024-10-29T23:30:54.758+0000] {logging_mixin.py:188} INFO - [2024-10-29T23:30:54.757+0000] {dag.py:3047} INFO - Sync 1 DAGs
[2024-10-29T23:30:54.776+0000] {logging_mixin.py:188} INFO - [2024-10-29T23:30:54.776+0000] {dag.py:3834} INFO - Setting next_dagrun for latest_only to 2024-10-29 16:00:00+00:00, run_after=2024-10-29 20:00:00+00:00
[2024-10-29T23:30:54.791+0000] {processor.py:183} INFO - Processing /home/airflow/.local/lib/python3.8/site-packages/airflow/example_dags/example_latest_only.py took 0.057 seconds
[2024-10-29T23:31:25.257+0000] {processor.py:161} INFO - Started process (PID=17078) to work on /home/airflow/.local/lib/python3.8/site-packages/airflow/example_dags/example_latest_only.py
[2024-10-29T23:31:25.258+0000] {processor.py:830} INFO - Processing file /home/airflow/.local/lib/python3.8/site-packages/airflow/example_dags/example_latest_only.py for tasks to queue
[2024-10-29T23:31:25.260+0000] {logging_mixin.py:188} INFO - [2024-10-29T23:31:25.260+0000] {dagbag.py:540} INFO - Filling up the DagBag from /home/airflow/.local/lib/python3.8/site-packages/airflow/example_dags/example_latest_only.py
[2024-10-29T23:31:25.266+0000] {processor.py:840} INFO - DAG(s) 'latest_only' retrieved from /home/airflow/.local/lib/python3.8/site-packages/airflow/example_dags/example_latest_only.py
[2024-10-29T23:31:25.283+0000] {logging_mixin.py:188} INFO - [2024-10-29T23:31:25.283+0000] {dag.py:3047} INFO - Sync 1 DAGs
[2024-10-29T23:31:25.304+0000] {logging_mixin.py:188} INFO - [2024-10-29T23:31:25.304+0000] {dag.py:3834} INFO - Setting next_dagrun for latest_only to 2024-10-29 16:00:00+00:00, run_after=2024-10-29 20:00:00+00:00
[2024-10-29T23:31:25.321+0000] {processor.py:183} INFO - Processing /home/airflow/.local/lib/python3.8/site-packages/airflow/example_dags/example_latest_only.py took 0.066 seconds
[2024-10-29T23:31:56.028+0000] {processor.py:161} INFO - Started process (PID=17134) to work on /home/airflow/.local/lib/python3.8/site-packages/airflow/example_dags/example_latest_only.py
[2024-10-29T23:31:56.029+0000] {processor.py:830} INFO - Processing file /home/airflow/.local/lib/python3.8/site-packages/airflow/example_dags/example_latest_only.py for tasks to queue
[2024-10-29T23:31:56.030+0000] {logging_mixin.py:188} INFO - [2024-10-29T23:31:56.030+0000] {dagbag.py:540} INFO - Filling up the DagBag from /home/airflow/.local/lib/python3.8/site-packages/airflow/example_dags/example_latest_only.py
[2024-10-29T23:31:56.033+0000] {processor.py:840} INFO - DAG(s) 'latest_only' retrieved from /home/airflow/.local/lib/python3.8/site-packages/airflow/example_dags/example_latest_only.py
[2024-10-29T23:31:56.049+0000] {logging_mixin.py:188} INFO - [2024-10-29T23:31:56.048+0000] {dag.py:3047} INFO - Sync 1 DAGs
[2024-10-29T23:31:56.067+0000] {logging_mixin.py:188} INFO - [2024-10-29T23:31:56.067+0000] {dag.py:3834} INFO - Setting next_dagrun for latest_only to 2024-10-29 16:00:00+00:00, run_after=2024-10-29 20:00:00+00:00
[2024-10-29T23:31:56.082+0000] {processor.py:183} INFO - Processing /home/airflow/.local/lib/python3.8/site-packages/airflow/example_dags/example_latest_only.py took 0.056 seconds
[2024-10-29T23:32:26.779+0000] {processor.py:161} INFO - Started process (PID=17189) to work on /home/airflow/.local/lib/python3.8/site-packages/airflow/example_dags/example_latest_only.py
[2024-10-29T23:32:26.780+0000] {processor.py:830} INFO - Processing file /home/airflow/.local/lib/python3.8/site-packages/airflow/example_dags/example_latest_only.py for tasks to queue
[2024-10-29T23:32:26.782+0000] {logging_mixin.py:188} INFO - [2024-10-29T23:32:26.782+0000] {dagbag.py:540} INFO - Filling up the DagBag from /home/airflow/.local/lib/python3.8/site-packages/airflow/example_dags/example_latest_only.py
[2024-10-29T23:32:26.787+0000] {processor.py:840} INFO - DAG(s) 'latest_only' retrieved from /home/airflow/.local/lib/python3.8/site-packages/airflow/example_dags/example_latest_only.py
[2024-10-29T23:32:26.810+0000] {logging_mixin.py:188} INFO - [2024-10-29T23:32:26.810+0000] {dag.py:3047} INFO - Sync 1 DAGs
[2024-10-29T23:32:26.842+0000] {logging_mixin.py:188} INFO - [2024-10-29T23:32:26.841+0000] {dag.py:3834} INFO - Setting next_dagrun for latest_only to 2024-10-29 16:00:00+00:00, run_after=2024-10-29 20:00:00+00:00
[2024-10-29T23:32:26.865+0000] {processor.py:183} INFO - Processing /home/airflow/.local/lib/python3.8/site-packages/airflow/example_dags/example_latest_only.py took 0.091 seconds
[2024-10-29T23:32:57.188+0000] {processor.py:161} INFO - Started process (PID=17245) to work on /home/airflow/.local/lib/python3.8/site-packages/airflow/example_dags/example_latest_only.py
[2024-10-29T23:32:57.189+0000] {processor.py:830} INFO - Processing file /home/airflow/.local/lib/python3.8/site-packages/airflow/example_dags/example_latest_only.py for tasks to queue
[2024-10-29T23:32:57.191+0000] {logging_mixin.py:188} INFO - [2024-10-29T23:32:57.190+0000] {dagbag.py:540} INFO - Filling up the DagBag from /home/airflow/.local/lib/python3.8/site-packages/airflow/example_dags/example_latest_only.py
[2024-10-29T23:32:57.196+0000] {processor.py:840} INFO - DAG(s) 'latest_only' retrieved from /home/airflow/.local/lib/python3.8/site-packages/airflow/example_dags/example_latest_only.py
[2024-10-29T23:32:57.218+0000] {logging_mixin.py:188} INFO - [2024-10-29T23:32:57.217+0000] {dag.py:3047} INFO - Sync 1 DAGs
[2024-10-29T23:32:57.245+0000] {logging_mixin.py:188} INFO - [2024-10-29T23:32:57.245+0000] {dag.py:3834} INFO - Setting next_dagrun for latest_only to 2024-10-29 16:00:00+00:00, run_after=2024-10-29 20:00:00+00:00
[2024-10-29T23:32:57.271+0000] {processor.py:183} INFO - Processing /home/airflow/.local/lib/python3.8/site-packages/airflow/example_dags/example_latest_only.py took 0.086 seconds
[2024-10-29T23:34:16.592+0000] {processor.py:161} INFO - Started process (PID=44) to work on /home/airflow/.local/lib/python3.8/site-packages/airflow/example_dags/example_latest_only.py
[2024-10-29T23:34:16.593+0000] {processor.py:830} INFO - Processing file /home/airflow/.local/lib/python3.8/site-packages/airflow/example_dags/example_latest_only.py for tasks to queue
[2024-10-29T23:34:16.595+0000] {logging_mixin.py:188} INFO - [2024-10-29T23:34:16.595+0000] {dagbag.py:540} INFO - Filling up the DagBag from /home/airflow/.local/lib/python3.8/site-packages/airflow/example_dags/example_latest_only.py
[2024-10-29T23:34:16.607+0000] {processor.py:840} INFO - DAG(s) 'latest_only' retrieved from /home/airflow/.local/lib/python3.8/site-packages/airflow/example_dags/example_latest_only.py
[2024-10-29T23:34:16.622+0000] {logging_mixin.py:188} INFO - [2024-10-29T23:34:16.622+0000] {dag.py:3047} INFO - Sync 1 DAGs
[2024-10-29T23:34:16.661+0000] {logging_mixin.py:188} INFO - [2024-10-29T23:34:16.660+0000] {dag.py:3834} INFO - Setting next_dagrun for latest_only to 2024-10-29 16:00:00+00:00, run_after=2024-10-29 20:00:00+00:00
[2024-10-29T23:34:16.680+0000] {processor.py:183} INFO - Processing /home/airflow/.local/lib/python3.8/site-packages/airflow/example_dags/example_latest_only.py took 0.093 seconds
[2024-10-29T23:34:47.580+0000] {processor.py:161} INFO - Started process (PID=100) to work on /home/airflow/.local/lib/python3.8/site-packages/airflow/example_dags/example_latest_only.py
[2024-10-29T23:34:47.581+0000] {processor.py:830} INFO - Processing file /home/airflow/.local/lib/python3.8/site-packages/airflow/example_dags/example_latest_only.py for tasks to queue
[2024-10-29T23:34:47.583+0000] {logging_mixin.py:188} INFO - [2024-10-29T23:34:47.582+0000] {dagbag.py:540} INFO - Filling up the DagBag from /home/airflow/.local/lib/python3.8/site-packages/airflow/example_dags/example_latest_only.py
[2024-10-29T23:34:47.588+0000] {processor.py:840} INFO - DAG(s) 'latest_only' retrieved from /home/airflow/.local/lib/python3.8/site-packages/airflow/example_dags/example_latest_only.py
[2024-10-29T23:34:47.704+0000] {logging_mixin.py:188} INFO - [2024-10-29T23:34:47.703+0000] {dag.py:3047} INFO - Sync 1 DAGs
[2024-10-29T23:34:47.725+0000] {logging_mixin.py:188} INFO - [2024-10-29T23:34:47.725+0000] {dag.py:3834} INFO - Setting next_dagrun for latest_only to 2024-10-29 16:00:00+00:00, run_after=2024-10-29 20:00:00+00:00
[2024-10-29T23:34:47.743+0000] {processor.py:183} INFO - Processing /home/airflow/.local/lib/python3.8/site-packages/airflow/example_dags/example_latest_only.py took 0.167 seconds
[2024-10-29T23:35:18.460+0000] {processor.py:161} INFO - Started process (PID=156) to work on /home/airflow/.local/lib/python3.8/site-packages/airflow/example_dags/example_latest_only.py
[2024-10-29T23:35:18.460+0000] {processor.py:830} INFO - Processing file /home/airflow/.local/lib/python3.8/site-packages/airflow/example_dags/example_latest_only.py for tasks to queue
[2024-10-29T23:35:18.462+0000] {logging_mixin.py:188} INFO - [2024-10-29T23:35:18.462+0000] {dagbag.py:540} INFO - Filling up the DagBag from /home/airflow/.local/lib/python3.8/site-packages/airflow/example_dags/example_latest_only.py
[2024-10-29T23:35:18.467+0000] {processor.py:840} INFO - DAG(s) 'latest_only' retrieved from /home/airflow/.local/lib/python3.8/site-packages/airflow/example_dags/example_latest_only.py
[2024-10-29T23:35:18.491+0000] {logging_mixin.py:188} INFO - [2024-10-29T23:35:18.491+0000] {dag.py:3047} INFO - Sync 1 DAGs
[2024-10-29T23:35:18.526+0000] {logging_mixin.py:188} INFO - [2024-10-29T23:35:18.525+0000] {dag.py:3834} INFO - Setting next_dagrun for latest_only to 2024-10-29 16:00:00+00:00, run_after=2024-10-29 20:00:00+00:00
[2024-10-29T23:35:18.550+0000] {processor.py:183} INFO - Processing /home/airflow/.local/lib/python3.8/site-packages/airflow/example_dags/example_latest_only.py took 0.093 seconds
[2024-10-29T23:35:48.620+0000] {processor.py:161} INFO - Started process (PID=212) to work on /home/airflow/.local/lib/python3.8/site-packages/airflow/example_dags/example_latest_only.py
[2024-10-29T23:35:48.621+0000] {processor.py:830} INFO - Processing file /home/airflow/.local/lib/python3.8/site-packages/airflow/example_dags/example_latest_only.py for tasks to queue
[2024-10-29T23:35:48.623+0000] {logging_mixin.py:188} INFO - [2024-10-29T23:35:48.622+0000] {dagbag.py:540} INFO - Filling up the DagBag from /home/airflow/.local/lib/python3.8/site-packages/airflow/example_dags/example_latest_only.py
[2024-10-29T23:35:48.627+0000] {processor.py:840} INFO - DAG(s) 'latest_only' retrieved from /home/airflow/.local/lib/python3.8/site-packages/airflow/example_dags/example_latest_only.py
[2024-10-29T23:35:48.644+0000] {logging_mixin.py:188} INFO - [2024-10-29T23:35:48.643+0000] {dag.py:3047} INFO - Sync 1 DAGs
[2024-10-29T23:35:48.663+0000] {logging_mixin.py:188} INFO - [2024-10-29T23:35:48.663+0000] {dag.py:3834} INFO - Setting next_dagrun for latest_only to 2024-10-29 16:00:00+00:00, run_after=2024-10-29 20:00:00+00:00
[2024-10-29T23:35:48.679+0000] {processor.py:183} INFO - Processing /home/airflow/.local/lib/python3.8/site-packages/airflow/example_dags/example_latest_only.py took 0.061 seconds
[2024-10-29T23:36:18.963+0000] {processor.py:161} INFO - Started process (PID=268) to work on /home/airflow/.local/lib/python3.8/site-packages/airflow/example_dags/example_latest_only.py
[2024-10-29T23:36:18.964+0000] {processor.py:830} INFO - Processing file /home/airflow/.local/lib/python3.8/site-packages/airflow/example_dags/example_latest_only.py for tasks to queue
[2024-10-29T23:36:18.966+0000] {logging_mixin.py:188} INFO - [2024-10-29T23:36:18.965+0000] {dagbag.py:540} INFO - Filling up the DagBag from /home/airflow/.local/lib/python3.8/site-packages/airflow/example_dags/example_latest_only.py
[2024-10-29T23:36:18.970+0000] {processor.py:840} INFO - DAG(s) 'latest_only' retrieved from /home/airflow/.local/lib/python3.8/site-packages/airflow/example_dags/example_latest_only.py
[2024-10-29T23:36:18.988+0000] {logging_mixin.py:188} INFO - [2024-10-29T23:36:18.988+0000] {dag.py:3047} INFO - Sync 1 DAGs
[2024-10-29T23:36:19.011+0000] {logging_mixin.py:188} INFO - [2024-10-29T23:36:19.010+0000] {dag.py:3834} INFO - Setting next_dagrun for latest_only to 2024-10-29 16:00:00+00:00, run_after=2024-10-29 20:00:00+00:00
[2024-10-29T23:36:19.028+0000] {processor.py:183} INFO - Processing /home/airflow/.local/lib/python3.8/site-packages/airflow/example_dags/example_latest_only.py took 0.067 seconds
[2024-10-29T23:36:49.534+0000] {processor.py:161} INFO - Started process (PID=324) to work on /home/airflow/.local/lib/python3.8/site-packages/airflow/example_dags/example_latest_only.py
[2024-10-29T23:36:49.535+0000] {processor.py:830} INFO - Processing file /home/airflow/.local/lib/python3.8/site-packages/airflow/example_dags/example_latest_only.py for tasks to queue
[2024-10-29T23:36:49.537+0000] {logging_mixin.py:188} INFO - [2024-10-29T23:36:49.536+0000] {dagbag.py:540} INFO - Filling up the DagBag from /home/airflow/.local/lib/python3.8/site-packages/airflow/example_dags/example_latest_only.py
[2024-10-29T23:36:49.541+0000] {processor.py:840} INFO - DAG(s) 'latest_only' retrieved from /home/airflow/.local/lib/python3.8/site-packages/airflow/example_dags/example_latest_only.py
[2024-10-29T23:36:49.558+0000] {logging_mixin.py:188} INFO - [2024-10-29T23:36:49.558+0000] {dag.py:3047} INFO - Sync 1 DAGs
[2024-10-29T23:36:49.580+0000] {logging_mixin.py:188} INFO - [2024-10-29T23:36:49.580+0000] {dag.py:3834} INFO - Setting next_dagrun for latest_only to 2024-10-29 16:00:00+00:00, run_after=2024-10-29 20:00:00+00:00
[2024-10-29T23:36:49.597+0000] {processor.py:183} INFO - Processing /home/airflow/.local/lib/python3.8/site-packages/airflow/example_dags/example_latest_only.py took 0.065 seconds
[2024-10-29T23:37:19.759+0000] {processor.py:161} INFO - Started process (PID=380) to work on /home/airflow/.local/lib/python3.8/site-packages/airflow/example_dags/example_latest_only.py
[2024-10-29T23:37:19.760+0000] {processor.py:830} INFO - Processing file /home/airflow/.local/lib/python3.8/site-packages/airflow/example_dags/example_latest_only.py for tasks to queue
[2024-10-29T23:37:19.761+0000] {logging_mixin.py:188} INFO - [2024-10-29T23:37:19.761+0000] {dagbag.py:540} INFO - Filling up the DagBag from /home/airflow/.local/lib/python3.8/site-packages/airflow/example_dags/example_latest_only.py
[2024-10-29T23:37:19.766+0000] {processor.py:840} INFO - DAG(s) 'latest_only' retrieved from /home/airflow/.local/lib/python3.8/site-packages/airflow/example_dags/example_latest_only.py
[2024-10-29T23:37:19.788+0000] {logging_mixin.py:188} INFO - [2024-10-29T23:37:19.787+0000] {dag.py:3047} INFO - Sync 1 DAGs
[2024-10-29T23:37:19.813+0000] {logging_mixin.py:188} INFO - [2024-10-29T23:37:19.813+0000] {dag.py:3834} INFO - Setting next_dagrun for latest_only to 2024-10-29 16:00:00+00:00, run_after=2024-10-29 20:00:00+00:00
[2024-10-29T23:37:19.839+0000] {processor.py:183} INFO - Processing /home/airflow/.local/lib/python3.8/site-packages/airflow/example_dags/example_latest_only.py took 0.083 seconds
[2024-10-29T23:37:50.462+0000] {processor.py:161} INFO - Started process (PID=436) to work on /home/airflow/.local/lib/python3.8/site-packages/airflow/example_dags/example_latest_only.py
[2024-10-29T23:37:50.463+0000] {processor.py:830} INFO - Processing file /home/airflow/.local/lib/python3.8/site-packages/airflow/example_dags/example_latest_only.py for tasks to queue
[2024-10-29T23:37:50.465+0000] {logging_mixin.py:188} INFO - [2024-10-29T23:37:50.465+0000] {dagbag.py:540} INFO - Filling up the DagBag from /home/airflow/.local/lib/python3.8/site-packages/airflow/example_dags/example_latest_only.py
[2024-10-29T23:37:50.471+0000] {processor.py:840} INFO - DAG(s) 'latest_only' retrieved from /home/airflow/.local/lib/python3.8/site-packages/airflow/example_dags/example_latest_only.py
[2024-10-29T23:37:50.493+0000] {logging_mixin.py:188} INFO - [2024-10-29T23:37:50.493+0000] {dag.py:3047} INFO - Sync 1 DAGs
[2024-10-29T23:37:50.527+0000] {logging_mixin.py:188} INFO - [2024-10-29T23:37:50.527+0000] {dag.py:3834} INFO - Setting next_dagrun for latest_only to 2024-10-29 16:00:00+00:00, run_after=2024-10-29 20:00:00+00:00
[2024-10-29T23:37:50.557+0000] {processor.py:183} INFO - Processing /home/airflow/.local/lib/python3.8/site-packages/airflow/example_dags/example_latest_only.py took 0.098 seconds
[2024-10-29T23:38:21.035+0000] {processor.py:161} INFO - Started process (PID=492) to work on /home/airflow/.local/lib/python3.8/site-packages/airflow/example_dags/example_latest_only.py
[2024-10-29T23:38:21.039+0000] {processor.py:830} INFO - Processing file /home/airflow/.local/lib/python3.8/site-packages/airflow/example_dags/example_latest_only.py for tasks to queue
[2024-10-29T23:38:21.042+0000] {logging_mixin.py:188} INFO - [2024-10-29T23:38:21.041+0000] {dagbag.py:540} INFO - Filling up the DagBag from /home/airflow/.local/lib/python3.8/site-packages/airflow/example_dags/example_latest_only.py
[2024-10-29T23:38:21.050+0000] {processor.py:840} INFO - DAG(s) 'latest_only' retrieved from /home/airflow/.local/lib/python3.8/site-packages/airflow/example_dags/example_latest_only.py
[2024-10-29T23:38:21.081+0000] {logging_mixin.py:188} INFO - [2024-10-29T23:38:21.081+0000] {dag.py:3047} INFO - Sync 1 DAGs
[2024-10-29T23:38:21.121+0000] {logging_mixin.py:188} INFO - [2024-10-29T23:38:21.120+0000] {dag.py:3834} INFO - Setting next_dagrun for latest_only to 2024-10-29 16:00:00+00:00, run_after=2024-10-29 20:00:00+00:00
[2024-10-29T23:38:21.150+0000] {processor.py:183} INFO - Processing /home/airflow/.local/lib/python3.8/site-packages/airflow/example_dags/example_latest_only.py took 0.120 seconds
[2024-10-29T23:38:51.259+0000] {processor.py:161} INFO - Started process (PID=548) to work on /home/airflow/.local/lib/python3.8/site-packages/airflow/example_dags/example_latest_only.py
[2024-10-29T23:38:51.260+0000] {processor.py:830} INFO - Processing file /home/airflow/.local/lib/python3.8/site-packages/airflow/example_dags/example_latest_only.py for tasks to queue
[2024-10-29T23:38:51.262+0000] {logging_mixin.py:188} INFO - [2024-10-29T23:38:51.261+0000] {dagbag.py:540} INFO - Filling up the DagBag from /home/airflow/.local/lib/python3.8/site-packages/airflow/example_dags/example_latest_only.py
[2024-10-29T23:38:51.268+0000] {processor.py:840} INFO - DAG(s) 'latest_only' retrieved from /home/airflow/.local/lib/python3.8/site-packages/airflow/example_dags/example_latest_only.py
[2024-10-29T23:38:51.299+0000] {logging_mixin.py:188} INFO - [2024-10-29T23:38:51.298+0000] {dag.py:3047} INFO - Sync 1 DAGs
[2024-10-29T23:38:51.333+0000] {logging_mixin.py:188} INFO - [2024-10-29T23:38:51.333+0000] {dag.py:3834} INFO - Setting next_dagrun for latest_only to 2024-10-29 16:00:00+00:00, run_after=2024-10-29 20:00:00+00:00
[2024-10-29T23:38:51.356+0000] {processor.py:183} INFO - Processing /home/airflow/.local/lib/python3.8/site-packages/airflow/example_dags/example_latest_only.py took 0.101 seconds
[2024-10-29T23:39:21.760+0000] {processor.py:161} INFO - Started process (PID=604) to work on /home/airflow/.local/lib/python3.8/site-packages/airflow/example_dags/example_latest_only.py
[2024-10-29T23:39:21.762+0000] {processor.py:830} INFO - Processing file /home/airflow/.local/lib/python3.8/site-packages/airflow/example_dags/example_latest_only.py for tasks to queue
[2024-10-29T23:39:21.764+0000] {logging_mixin.py:188} INFO - [2024-10-29T23:39:21.764+0000] {dagbag.py:540} INFO - Filling up the DagBag from /home/airflow/.local/lib/python3.8/site-packages/airflow/example_dags/example_latest_only.py
[2024-10-29T23:39:21.770+0000] {processor.py:840} INFO - DAG(s) 'latest_only' retrieved from /home/airflow/.local/lib/python3.8/site-packages/airflow/example_dags/example_latest_only.py
[2024-10-29T23:39:21.794+0000] {logging_mixin.py:188} INFO - [2024-10-29T23:39:21.794+0000] {dag.py:3047} INFO - Sync 1 DAGs
[2024-10-29T23:39:21.826+0000] {logging_mixin.py:188} INFO - [2024-10-29T23:39:21.826+0000] {dag.py:3834} INFO - Setting next_dagrun for latest_only to 2024-10-29 16:00:00+00:00, run_after=2024-10-29 20:00:00+00:00
[2024-10-29T23:39:21.854+0000] {processor.py:183} INFO - Processing /home/airflow/.local/lib/python3.8/site-packages/airflow/example_dags/example_latest_only.py took 0.098 seconds
[2024-10-29T23:39:52.471+0000] {processor.py:161} INFO - Started process (PID=660) to work on /home/airflow/.local/lib/python3.8/site-packages/airflow/example_dags/example_latest_only.py
[2024-10-29T23:39:52.473+0000] {processor.py:830} INFO - Processing file /home/airflow/.local/lib/python3.8/site-packages/airflow/example_dags/example_latest_only.py for tasks to queue
[2024-10-29T23:39:52.475+0000] {logging_mixin.py:188} INFO - [2024-10-29T23:39:52.475+0000] {dagbag.py:540} INFO - Filling up the DagBag from /home/airflow/.local/lib/python3.8/site-packages/airflow/example_dags/example_latest_only.py
[2024-10-29T23:39:52.482+0000] {processor.py:840} INFO - DAG(s) 'latest_only' retrieved from /home/airflow/.local/lib/python3.8/site-packages/airflow/example_dags/example_latest_only.py
[2024-10-29T23:39:52.509+0000] {logging_mixin.py:188} INFO - [2024-10-29T23:39:52.509+0000] {dag.py:3047} INFO - Sync 1 DAGs
[2024-10-29T23:39:52.541+0000] {logging_mixin.py:188} INFO - [2024-10-29T23:39:52.540+0000] {dag.py:3834} INFO - Setting next_dagrun for latest_only to 2024-10-29 16:00:00+00:00, run_after=2024-10-29 20:00:00+00:00
[2024-10-29T23:39:52.564+0000] {processor.py:183} INFO - Processing /home/airflow/.local/lib/python3.8/site-packages/airflow/example_dags/example_latest_only.py took 0.099 seconds
[2024-10-29T23:40:22.914+0000] {processor.py:161} INFO - Started process (PID=717) to work on /home/airflow/.local/lib/python3.8/site-packages/airflow/example_dags/example_latest_only.py
[2024-10-29T23:40:22.915+0000] {processor.py:830} INFO - Processing file /home/airflow/.local/lib/python3.8/site-packages/airflow/example_dags/example_latest_only.py for tasks to queue
[2024-10-29T23:40:22.917+0000] {logging_mixin.py:188} INFO - [2024-10-29T23:40:22.917+0000] {dagbag.py:540} INFO - Filling up the DagBag from /home/airflow/.local/lib/python3.8/site-packages/airflow/example_dags/example_latest_only.py
[2024-10-29T23:40:22.923+0000] {processor.py:840} INFO - DAG(s) 'latest_only' retrieved from /home/airflow/.local/lib/python3.8/site-packages/airflow/example_dags/example_latest_only.py
[2024-10-29T23:40:22.944+0000] {logging_mixin.py:188} INFO - [2024-10-29T23:40:22.944+0000] {dag.py:3047} INFO - Sync 1 DAGs
[2024-10-29T23:40:22.974+0000] {logging_mixin.py:188} INFO - [2024-10-29T23:40:22.973+0000] {dag.py:3834} INFO - Setting next_dagrun for latest_only to 2024-10-29 16:00:00+00:00, run_after=2024-10-29 20:00:00+00:00
[2024-10-29T23:40:22.999+0000] {processor.py:183} INFO - Processing /home/airflow/.local/lib/python3.8/site-packages/airflow/example_dags/example_latest_only.py took 0.088 seconds
[2024-10-29T23:40:53.296+0000] {processor.py:161} INFO - Started process (PID=771) to work on /home/airflow/.local/lib/python3.8/site-packages/airflow/example_dags/example_latest_only.py
[2024-10-29T23:40:53.298+0000] {processor.py:830} INFO - Processing file /home/airflow/.local/lib/python3.8/site-packages/airflow/example_dags/example_latest_only.py for tasks to queue
[2024-10-29T23:40:53.300+0000] {logging_mixin.py:188} INFO - [2024-10-29T23:40:53.300+0000] {dagbag.py:540} INFO - Filling up the DagBag from /home/airflow/.local/lib/python3.8/site-packages/airflow/example_dags/example_latest_only.py
[2024-10-29T23:40:53.307+0000] {processor.py:840} INFO - DAG(s) 'latest_only' retrieved from /home/airflow/.local/lib/python3.8/site-packages/airflow/example_dags/example_latest_only.py
[2024-10-29T23:40:53.335+0000] {logging_mixin.py:188} INFO - [2024-10-29T23:40:53.335+0000] {dag.py:3047} INFO - Sync 1 DAGs
[2024-10-29T23:40:53.365+0000] {logging_mixin.py:188} INFO - [2024-10-29T23:40:53.365+0000] {dag.py:3834} INFO - Setting next_dagrun for latest_only to 2024-10-29 16:00:00+00:00, run_after=2024-10-29 20:00:00+00:00
[2024-10-29T23:40:53.391+0000] {processor.py:183} INFO - Processing /home/airflow/.local/lib/python3.8/site-packages/airflow/example_dags/example_latest_only.py took 0.099 seconds
[2024-10-29T23:41:23.873+0000] {processor.py:161} INFO - Started process (PID=827) to work on /home/airflow/.local/lib/python3.8/site-packages/airflow/example_dags/example_latest_only.py
[2024-10-29T23:41:23.874+0000] {processor.py:830} INFO - Processing file /home/airflow/.local/lib/python3.8/site-packages/airflow/example_dags/example_latest_only.py for tasks to queue
[2024-10-29T23:41:23.876+0000] {logging_mixin.py:188} INFO - [2024-10-29T23:41:23.876+0000] {dagbag.py:540} INFO - Filling up the DagBag from /home/airflow/.local/lib/python3.8/site-packages/airflow/example_dags/example_latest_only.py
[2024-10-29T23:41:23.881+0000] {processor.py:840} INFO - DAG(s) 'latest_only' retrieved from /home/airflow/.local/lib/python3.8/site-packages/airflow/example_dags/example_latest_only.py
[2024-10-29T23:41:23.910+0000] {logging_mixin.py:188} INFO - [2024-10-29T23:41:23.909+0000] {dag.py:3047} INFO - Sync 1 DAGs
[2024-10-29T23:41:23.951+0000] {logging_mixin.py:188} INFO - [2024-10-29T23:41:23.950+0000] {dag.py:3834} INFO - Setting next_dagrun for latest_only to 2024-10-29 16:00:00+00:00, run_after=2024-10-29 20:00:00+00:00
[2024-10-29T23:41:23.980+0000] {processor.py:183} INFO - Processing /home/airflow/.local/lib/python3.8/site-packages/airflow/example_dags/example_latest_only.py took 0.110 seconds
[2024-10-29T23:41:54.165+0000] {processor.py:161} INFO - Started process (PID=883) to work on /home/airflow/.local/lib/python3.8/site-packages/airflow/example_dags/example_latest_only.py
[2024-10-29T23:41:54.166+0000] {processor.py:830} INFO - Processing file /home/airflow/.local/lib/python3.8/site-packages/airflow/example_dags/example_latest_only.py for tasks to queue
[2024-10-29T23:41:54.168+0000] {logging_mixin.py:188} INFO - [2024-10-29T23:41:54.167+0000] {dagbag.py:540} INFO - Filling up the DagBag from /home/airflow/.local/lib/python3.8/site-packages/airflow/example_dags/example_latest_only.py
[2024-10-29T23:41:54.173+0000] {processor.py:840} INFO - DAG(s) 'latest_only' retrieved from /home/airflow/.local/lib/python3.8/site-packages/airflow/example_dags/example_latest_only.py
[2024-10-29T23:41:54.197+0000] {logging_mixin.py:188} INFO - [2024-10-29T23:41:54.197+0000] {dag.py:3047} INFO - Sync 1 DAGs
[2024-10-29T23:41:54.229+0000] {logging_mixin.py:188} INFO - [2024-10-29T23:41:54.229+0000] {dag.py:3834} INFO - Setting next_dagrun for latest_only to 2024-10-29 16:00:00+00:00, run_after=2024-10-29 20:00:00+00:00
[2024-10-29T23:41:54.252+0000] {processor.py:183} INFO - Processing /home/airflow/.local/lib/python3.8/site-packages/airflow/example_dags/example_latest_only.py took 0.091 seconds
[2024-10-29T23:42:24.468+0000] {processor.py:161} INFO - Started process (PID=939) to work on /home/airflow/.local/lib/python3.8/site-packages/airflow/example_dags/example_latest_only.py
[2024-10-29T23:42:24.469+0000] {processor.py:830} INFO - Processing file /home/airflow/.local/lib/python3.8/site-packages/airflow/example_dags/example_latest_only.py for tasks to queue
[2024-10-29T23:42:24.470+0000] {logging_mixin.py:188} INFO - [2024-10-29T23:42:24.470+0000] {dagbag.py:540} INFO - Filling up the DagBag from /home/airflow/.local/lib/python3.8/site-packages/airflow/example_dags/example_latest_only.py
[2024-10-29T23:42:24.475+0000] {processor.py:840} INFO - DAG(s) 'latest_only' retrieved from /home/airflow/.local/lib/python3.8/site-packages/airflow/example_dags/example_latest_only.py
[2024-10-29T23:42:24.493+0000] {logging_mixin.py:188} INFO - [2024-10-29T23:42:24.493+0000] {dag.py:3047} INFO - Sync 1 DAGs
[2024-10-29T23:42:24.516+0000] {logging_mixin.py:188} INFO - [2024-10-29T23:42:24.516+0000] {dag.py:3834} INFO - Setting next_dagrun for latest_only to 2024-10-29 16:00:00+00:00, run_after=2024-10-29 20:00:00+00:00
[2024-10-29T23:42:24.535+0000] {processor.py:183} INFO - Processing /home/airflow/.local/lib/python3.8/site-packages/airflow/example_dags/example_latest_only.py took 0.070 seconds
[2024-10-29T23:42:54.974+0000] {processor.py:161} INFO - Started process (PID=995) to work on /home/airflow/.local/lib/python3.8/site-packages/airflow/example_dags/example_latest_only.py
[2024-10-29T23:42:54.975+0000] {processor.py:830} INFO - Processing file /home/airflow/.local/lib/python3.8/site-packages/airflow/example_dags/example_latest_only.py for tasks to queue
[2024-10-29T23:42:54.977+0000] {logging_mixin.py:188} INFO - [2024-10-29T23:42:54.976+0000] {dagbag.py:540} INFO - Filling up the DagBag from /home/airflow/.local/lib/python3.8/site-packages/airflow/example_dags/example_latest_only.py
[2024-10-29T23:42:54.981+0000] {processor.py:840} INFO - DAG(s) 'latest_only' retrieved from /home/airflow/.local/lib/python3.8/site-packages/airflow/example_dags/example_latest_only.py
[2024-10-29T23:42:55.002+0000] {logging_mixin.py:188} INFO - [2024-10-29T23:42:55.002+0000] {dag.py:3047} INFO - Sync 1 DAGs
[2024-10-29T23:42:55.035+0000] {logging_mixin.py:188} INFO - [2024-10-29T23:42:55.034+0000] {dag.py:3834} INFO - Setting next_dagrun for latest_only to 2024-10-29 16:00:00+00:00, run_after=2024-10-29 20:00:00+00:00
[2024-10-29T23:42:55.060+0000] {processor.py:183} INFO - Processing /home/airflow/.local/lib/python3.8/site-packages/airflow/example_dags/example_latest_only.py took 0.089 seconds
[2024-10-29T23:43:25.256+0000] {processor.py:161} INFO - Started process (PID=1051) to work on /home/airflow/.local/lib/python3.8/site-packages/airflow/example_dags/example_latest_only.py
[2024-10-29T23:43:25.257+0000] {processor.py:830} INFO - Processing file /home/airflow/.local/lib/python3.8/site-packages/airflow/example_dags/example_latest_only.py for tasks to queue
[2024-10-29T23:43:25.258+0000] {logging_mixin.py:188} INFO - [2024-10-29T23:43:25.258+0000] {dagbag.py:540} INFO - Filling up the DagBag from /home/airflow/.local/lib/python3.8/site-packages/airflow/example_dags/example_latest_only.py
[2024-10-29T23:43:25.263+0000] {processor.py:840} INFO - DAG(s) 'latest_only' retrieved from /home/airflow/.local/lib/python3.8/site-packages/airflow/example_dags/example_latest_only.py
[2024-10-29T23:43:25.283+0000] {logging_mixin.py:188} INFO - [2024-10-29T23:43:25.283+0000] {dag.py:3047} INFO - Sync 1 DAGs
[2024-10-29T23:43:25.312+0000] {logging_mixin.py:188} INFO - [2024-10-29T23:43:25.311+0000] {dag.py:3834} INFO - Setting next_dagrun for latest_only to 2024-10-29 16:00:00+00:00, run_after=2024-10-29 20:00:00+00:00
[2024-10-29T23:43:25.335+0000] {processor.py:183} INFO - Processing /home/airflow/.local/lib/python3.8/site-packages/airflow/example_dags/example_latest_only.py took 0.081 seconds
[2024-10-29T23:43:55.543+0000] {processor.py:161} INFO - Started process (PID=1107) to work on /home/airflow/.local/lib/python3.8/site-packages/airflow/example_dags/example_latest_only.py
[2024-10-29T23:43:55.544+0000] {processor.py:830} INFO - Processing file /home/airflow/.local/lib/python3.8/site-packages/airflow/example_dags/example_latest_only.py for tasks to queue
[2024-10-29T23:43:55.546+0000] {logging_mixin.py:188} INFO - [2024-10-29T23:43:55.546+0000] {dagbag.py:540} INFO - Filling up the DagBag from /home/airflow/.local/lib/python3.8/site-packages/airflow/example_dags/example_latest_only.py
[2024-10-29T23:43:55.551+0000] {processor.py:840} INFO - DAG(s) 'latest_only' retrieved from /home/airflow/.local/lib/python3.8/site-packages/airflow/example_dags/example_latest_only.py
[2024-10-29T23:43:55.574+0000] {logging_mixin.py:188} INFO - [2024-10-29T23:43:55.573+0000] {dag.py:3047} INFO - Sync 1 DAGs
[2024-10-29T23:43:55.600+0000] {logging_mixin.py:188} INFO - [2024-10-29T23:43:55.600+0000] {dag.py:3834} INFO - Setting next_dagrun for latest_only to 2024-10-29 16:00:00+00:00, run_after=2024-10-29 20:00:00+00:00
[2024-10-29T23:43:55.621+0000] {processor.py:183} INFO - Processing /home/airflow/.local/lib/python3.8/site-packages/airflow/example_dags/example_latest_only.py took 0.081 seconds
[2024-10-29T23:44:25.941+0000] {processor.py:161} INFO - Started process (PID=1163) to work on /home/airflow/.local/lib/python3.8/site-packages/airflow/example_dags/example_latest_only.py
[2024-10-29T23:44:25.942+0000] {processor.py:830} INFO - Processing file /home/airflow/.local/lib/python3.8/site-packages/airflow/example_dags/example_latest_only.py for tasks to queue
[2024-10-29T23:44:25.944+0000] {logging_mixin.py:188} INFO - [2024-10-29T23:44:25.944+0000] {dagbag.py:540} INFO - Filling up the DagBag from /home/airflow/.local/lib/python3.8/site-packages/airflow/example_dags/example_latest_only.py
[2024-10-29T23:44:25.949+0000] {processor.py:840} INFO - DAG(s) 'latest_only' retrieved from /home/airflow/.local/lib/python3.8/site-packages/airflow/example_dags/example_latest_only.py
[2024-10-29T23:44:25.972+0000] {logging_mixin.py:188} INFO - [2024-10-29T23:44:25.972+0000] {dag.py:3047} INFO - Sync 1 DAGs
[2024-10-29T23:44:25.998+0000] {logging_mixin.py:188} INFO - [2024-10-29T23:44:25.998+0000] {dag.py:3834} INFO - Setting next_dagrun for latest_only to 2024-10-29 16:00:00+00:00, run_after=2024-10-29 20:00:00+00:00
[2024-10-29T23:44:26.022+0000] {processor.py:183} INFO - Processing /home/airflow/.local/lib/python3.8/site-packages/airflow/example_dags/example_latest_only.py took 0.084 seconds
[2024-10-29T23:44:56.146+0000] {processor.py:161} INFO - Started process (PID=1219) to work on /home/airflow/.local/lib/python3.8/site-packages/airflow/example_dags/example_latest_only.py
[2024-10-29T23:44:56.148+0000] {processor.py:830} INFO - Processing file /home/airflow/.local/lib/python3.8/site-packages/airflow/example_dags/example_latest_only.py for tasks to queue
[2024-10-29T23:44:56.150+0000] {logging_mixin.py:188} INFO - [2024-10-29T23:44:56.150+0000] {dagbag.py:540} INFO - Filling up the DagBag from /home/airflow/.local/lib/python3.8/site-packages/airflow/example_dags/example_latest_only.py
[2024-10-29T23:44:56.158+0000] {processor.py:840} INFO - DAG(s) 'latest_only' retrieved from /home/airflow/.local/lib/python3.8/site-packages/airflow/example_dags/example_latest_only.py
[2024-10-29T23:44:56.185+0000] {logging_mixin.py:188} INFO - [2024-10-29T23:44:56.185+0000] {dag.py:3047} INFO - Sync 1 DAGs
[2024-10-29T23:44:56.218+0000] {logging_mixin.py:188} INFO - [2024-10-29T23:44:56.217+0000] {dag.py:3834} INFO - Setting next_dagrun for latest_only to 2024-10-29 16:00:00+00:00, run_after=2024-10-29 20:00:00+00:00
[2024-10-29T23:44:56.250+0000] {processor.py:183} INFO - Processing /home/airflow/.local/lib/python3.8/site-packages/airflow/example_dags/example_latest_only.py took 0.107 seconds
[2024-10-29T23:45:26.319+0000] {processor.py:161} INFO - Started process (PID=1275) to work on /home/airflow/.local/lib/python3.8/site-packages/airflow/example_dags/example_latest_only.py
[2024-10-29T23:45:26.320+0000] {processor.py:830} INFO - Processing file /home/airflow/.local/lib/python3.8/site-packages/airflow/example_dags/example_latest_only.py for tasks to queue
[2024-10-29T23:45:26.321+0000] {logging_mixin.py:188} INFO - [2024-10-29T23:45:26.321+0000] {dagbag.py:540} INFO - Filling up the DagBag from /home/airflow/.local/lib/python3.8/site-packages/airflow/example_dags/example_latest_only.py
[2024-10-29T23:45:26.325+0000] {processor.py:840} INFO - DAG(s) 'latest_only' retrieved from /home/airflow/.local/lib/python3.8/site-packages/airflow/example_dags/example_latest_only.py
[2024-10-29T23:45:26.343+0000] {logging_mixin.py:188} INFO - [2024-10-29T23:45:26.343+0000] {dag.py:3047} INFO - Sync 1 DAGs
[2024-10-29T23:45:26.364+0000] {logging_mixin.py:188} INFO - [2024-10-29T23:45:26.364+0000] {dag.py:3834} INFO - Setting next_dagrun for latest_only to 2024-10-29 16:00:00+00:00, run_after=2024-10-29 20:00:00+00:00
[2024-10-29T23:45:26.381+0000] {processor.py:183} INFO - Processing /home/airflow/.local/lib/python3.8/site-packages/airflow/example_dags/example_latest_only.py took 0.064 seconds
[2024-10-29T23:45:56.776+0000] {processor.py:161} INFO - Started process (PID=1331) to work on /home/airflow/.local/lib/python3.8/site-packages/airflow/example_dags/example_latest_only.py
[2024-10-29T23:45:56.778+0000] {processor.py:830} INFO - Processing file /home/airflow/.local/lib/python3.8/site-packages/airflow/example_dags/example_latest_only.py for tasks to queue
[2024-10-29T23:45:56.779+0000] {logging_mixin.py:188} INFO - [2024-10-29T23:45:56.779+0000] {dagbag.py:540} INFO - Filling up the DagBag from /home/airflow/.local/lib/python3.8/site-packages/airflow/example_dags/example_latest_only.py
[2024-10-29T23:45:56.785+0000] {processor.py:840} INFO - DAG(s) 'latest_only' retrieved from /home/airflow/.local/lib/python3.8/site-packages/airflow/example_dags/example_latest_only.py
[2024-10-29T23:45:56.814+0000] {logging_mixin.py:188} INFO - [2024-10-29T23:45:56.814+0000] {dag.py:3047} INFO - Sync 1 DAGs
[2024-10-29T23:45:56.855+0000] {logging_mixin.py:188} INFO - [2024-10-29T23:45:56.855+0000] {dag.py:3834} INFO - Setting next_dagrun for latest_only to 2024-10-29 16:00:00+00:00, run_after=2024-10-29 20:00:00+00:00
[2024-10-29T23:45:56.886+0000] {processor.py:183} INFO - Processing /home/airflow/.local/lib/python3.8/site-packages/airflow/example_dags/example_latest_only.py took 0.114 seconds
[2024-10-29T23:46:27.177+0000] {processor.py:161} INFO - Started process (PID=1387) to work on /home/airflow/.local/lib/python3.8/site-packages/airflow/example_dags/example_latest_only.py
[2024-10-29T23:46:27.178+0000] {processor.py:830} INFO - Processing file /home/airflow/.local/lib/python3.8/site-packages/airflow/example_dags/example_latest_only.py for tasks to queue
[2024-10-29T23:46:27.179+0000] {logging_mixin.py:188} INFO - [2024-10-29T23:46:27.179+0000] {dagbag.py:540} INFO - Filling up the DagBag from /home/airflow/.local/lib/python3.8/site-packages/airflow/example_dags/example_latest_only.py
[2024-10-29T23:46:27.183+0000] {processor.py:840} INFO - DAG(s) 'latest_only' retrieved from /home/airflow/.local/lib/python3.8/site-packages/airflow/example_dags/example_latest_only.py
[2024-10-29T23:46:27.199+0000] {logging_mixin.py:188} INFO - [2024-10-29T23:46:27.199+0000] {dag.py:3047} INFO - Sync 1 DAGs
[2024-10-29T23:46:27.222+0000] {logging_mixin.py:188} INFO - [2024-10-29T23:46:27.221+0000] {dag.py:3834} INFO - Setting next_dagrun for latest_only to 2024-10-29 16:00:00+00:00, run_after=2024-10-29 20:00:00+00:00
[2024-10-29T23:46:27.237+0000] {processor.py:183} INFO - Processing /home/airflow/.local/lib/python3.8/site-packages/airflow/example_dags/example_latest_only.py took 0.062 seconds
[2024-10-29T23:46:57.330+0000] {processor.py:161} INFO - Started process (PID=1443) to work on /home/airflow/.local/lib/python3.8/site-packages/airflow/example_dags/example_latest_only.py
[2024-10-29T23:46:57.331+0000] {processor.py:830} INFO - Processing file /home/airflow/.local/lib/python3.8/site-packages/airflow/example_dags/example_latest_only.py for tasks to queue
[2024-10-29T23:46:57.333+0000] {logging_mixin.py:188} INFO - [2024-10-29T23:46:57.333+0000] {dagbag.py:540} INFO - Filling up the DagBag from /home/airflow/.local/lib/python3.8/site-packages/airflow/example_dags/example_latest_only.py
[2024-10-29T23:46:57.338+0000] {processor.py:840} INFO - DAG(s) 'latest_only' retrieved from /home/airflow/.local/lib/python3.8/site-packages/airflow/example_dags/example_latest_only.py
[2024-10-29T23:46:57.358+0000] {logging_mixin.py:188} INFO - [2024-10-29T23:46:57.357+0000] {dag.py:3047} INFO - Sync 1 DAGs
[2024-10-29T23:46:57.380+0000] {logging_mixin.py:188} INFO - [2024-10-29T23:46:57.380+0000] {dag.py:3834} INFO - Setting next_dagrun for latest_only to 2024-10-29 16:00:00+00:00, run_after=2024-10-29 20:00:00+00:00
[2024-10-29T23:46:57.398+0000] {processor.py:183} INFO - Processing /home/airflow/.local/lib/python3.8/site-packages/airflow/example_dags/example_latest_only.py took 0.071 seconds
[2024-10-29T23:47:28.522+0000] {processor.py:161} INFO - Started process (PID=1499) to work on /home/airflow/.local/lib/python3.8/site-packages/airflow/example_dags/example_latest_only.py
[2024-10-29T23:47:28.524+0000] {processor.py:830} INFO - Processing file /home/airflow/.local/lib/python3.8/site-packages/airflow/example_dags/example_latest_only.py for tasks to queue
[2024-10-29T23:47:28.526+0000] {logging_mixin.py:188} INFO - [2024-10-29T23:47:28.526+0000] {dagbag.py:540} INFO - Filling up the DagBag from /home/airflow/.local/lib/python3.8/site-packages/airflow/example_dags/example_latest_only.py
[2024-10-29T23:47:28.531+0000] {processor.py:840} INFO - DAG(s) 'latest_only' retrieved from /home/airflow/.local/lib/python3.8/site-packages/airflow/example_dags/example_latest_only.py
[2024-10-29T23:47:28.550+0000] {logging_mixin.py:188} INFO - [2024-10-29T23:47:28.550+0000] {dag.py:3047} INFO - Sync 1 DAGs
[2024-10-29T23:47:28.569+0000] {logging_mixin.py:188} INFO - [2024-10-29T23:47:28.569+0000] {dag.py:3834} INFO - Setting next_dagrun for latest_only to 2024-10-29 16:00:00+00:00, run_after=2024-10-29 20:00:00+00:00
[2024-10-29T23:47:28.583+0000] {processor.py:183} INFO - Processing /home/airflow/.local/lib/python3.8/site-packages/airflow/example_dags/example_latest_only.py took 0.064 seconds
[2024-10-29T23:47:58.654+0000] {processor.py:161} INFO - Started process (PID=1555) to work on /home/airflow/.local/lib/python3.8/site-packages/airflow/example_dags/example_latest_only.py
[2024-10-29T23:47:58.655+0000] {processor.py:830} INFO - Processing file /home/airflow/.local/lib/python3.8/site-packages/airflow/example_dags/example_latest_only.py for tasks to queue
[2024-10-29T23:47:58.657+0000] {logging_mixin.py:188} INFO - [2024-10-29T23:47:58.656+0000] {dagbag.py:540} INFO - Filling up the DagBag from /home/airflow/.local/lib/python3.8/site-packages/airflow/example_dags/example_latest_only.py
[2024-10-29T23:47:58.661+0000] {processor.py:840} INFO - DAG(s) 'latest_only' retrieved from /home/airflow/.local/lib/python3.8/site-packages/airflow/example_dags/example_latest_only.py
[2024-10-29T23:47:58.678+0000] {logging_mixin.py:188} INFO - [2024-10-29T23:47:58.678+0000] {dag.py:3047} INFO - Sync 1 DAGs
[2024-10-29T23:47:58.698+0000] {logging_mixin.py:188} INFO - [2024-10-29T23:47:58.698+0000] {dag.py:3834} INFO - Setting next_dagrun for latest_only to 2024-10-29 16:00:00+00:00, run_after=2024-10-29 20:00:00+00:00
[2024-10-29T23:47:58.719+0000] {processor.py:183} INFO - Processing /home/airflow/.local/lib/python3.8/site-packages/airflow/example_dags/example_latest_only.py took 0.067 seconds
[2024-10-29T23:48:28.858+0000] {processor.py:161} INFO - Started process (PID=1611) to work on /home/airflow/.local/lib/python3.8/site-packages/airflow/example_dags/example_latest_only.py
[2024-10-29T23:48:28.859+0000] {processor.py:830} INFO - Processing file /home/airflow/.local/lib/python3.8/site-packages/airflow/example_dags/example_latest_only.py for tasks to queue
[2024-10-29T23:48:28.860+0000] {logging_mixin.py:188} INFO - [2024-10-29T23:48:28.860+0000] {dagbag.py:540} INFO - Filling up the DagBag from /home/airflow/.local/lib/python3.8/site-packages/airflow/example_dags/example_latest_only.py
[2024-10-29T23:48:28.864+0000] {processor.py:840} INFO - DAG(s) 'latest_only' retrieved from /home/airflow/.local/lib/python3.8/site-packages/airflow/example_dags/example_latest_only.py
[2024-10-29T23:48:28.879+0000] {logging_mixin.py:188} INFO - [2024-10-29T23:48:28.879+0000] {dag.py:3047} INFO - Sync 1 DAGs
[2024-10-29T23:48:28.898+0000] {logging_mixin.py:188} INFO - [2024-10-29T23:48:28.897+0000] {dag.py:3834} INFO - Setting next_dagrun for latest_only to 2024-10-29 16:00:00+00:00, run_after=2024-10-29 20:00:00+00:00
[2024-10-29T23:48:28.912+0000] {processor.py:183} INFO - Processing /home/airflow/.local/lib/python3.8/site-packages/airflow/example_dags/example_latest_only.py took 0.057 seconds
[2024-10-29T23:48:59.149+0000] {processor.py:161} INFO - Started process (PID=1667) to work on /home/airflow/.local/lib/python3.8/site-packages/airflow/example_dags/example_latest_only.py
[2024-10-29T23:48:59.150+0000] {processor.py:830} INFO - Processing file /home/airflow/.local/lib/python3.8/site-packages/airflow/example_dags/example_latest_only.py for tasks to queue
[2024-10-29T23:48:59.153+0000] {logging_mixin.py:188} INFO - [2024-10-29T23:48:59.153+0000] {dagbag.py:540} INFO - Filling up the DagBag from /home/airflow/.local/lib/python3.8/site-packages/airflow/example_dags/example_latest_only.py
[2024-10-29T23:48:59.161+0000] {processor.py:840} INFO - DAG(s) 'latest_only' retrieved from /home/airflow/.local/lib/python3.8/site-packages/airflow/example_dags/example_latest_only.py
[2024-10-29T23:48:59.192+0000] {logging_mixin.py:188} INFO - [2024-10-29T23:48:59.191+0000] {dag.py:3047} INFO - Sync 1 DAGs
[2024-10-29T23:48:59.230+0000] {logging_mixin.py:188} INFO - [2024-10-29T23:48:59.230+0000] {dag.py:3834} INFO - Setting next_dagrun for latest_only to 2024-10-29 16:00:00+00:00, run_after=2024-10-29 20:00:00+00:00
[2024-10-29T23:48:59.255+0000] {processor.py:183} INFO - Processing /home/airflow/.local/lib/python3.8/site-packages/airflow/example_dags/example_latest_only.py took 0.111 seconds
[2024-10-29T23:49:29.563+0000] {processor.py:161} INFO - Started process (PID=1723) to work on /home/airflow/.local/lib/python3.8/site-packages/airflow/example_dags/example_latest_only.py
[2024-10-29T23:49:29.564+0000] {processor.py:830} INFO - Processing file /home/airflow/.local/lib/python3.8/site-packages/airflow/example_dags/example_latest_only.py for tasks to queue
[2024-10-29T23:49:29.567+0000] {logging_mixin.py:188} INFO - [2024-10-29T23:49:29.566+0000] {dagbag.py:540} INFO - Filling up the DagBag from /home/airflow/.local/lib/python3.8/site-packages/airflow/example_dags/example_latest_only.py
[2024-10-29T23:49:29.573+0000] {processor.py:840} INFO - DAG(s) 'latest_only' retrieved from /home/airflow/.local/lib/python3.8/site-packages/airflow/example_dags/example_latest_only.py
[2024-10-29T23:49:29.608+0000] {logging_mixin.py:188} INFO - [2024-10-29T23:49:29.608+0000] {dag.py:3047} INFO - Sync 1 DAGs
[2024-10-29T23:49:29.654+0000] {logging_mixin.py:188} INFO - [2024-10-29T23:49:29.654+0000] {dag.py:3834} INFO - Setting next_dagrun for latest_only to 2024-10-29 16:00:00+00:00, run_after=2024-10-29 20:00:00+00:00
[2024-10-29T23:49:29.691+0000] {processor.py:183} INFO - Processing /home/airflow/.local/lib/python3.8/site-packages/airflow/example_dags/example_latest_only.py took 0.134 seconds
[2024-10-29T23:49:59.720+0000] {processor.py:161} INFO - Started process (PID=1779) to work on /home/airflow/.local/lib/python3.8/site-packages/airflow/example_dags/example_latest_only.py
[2024-10-29T23:49:59.721+0000] {processor.py:830} INFO - Processing file /home/airflow/.local/lib/python3.8/site-packages/airflow/example_dags/example_latest_only.py for tasks to queue
[2024-10-29T23:49:59.723+0000] {logging_mixin.py:188} INFO - [2024-10-29T23:49:59.723+0000] {dagbag.py:540} INFO - Filling up the DagBag from /home/airflow/.local/lib/python3.8/site-packages/airflow/example_dags/example_latest_only.py
[2024-10-29T23:49:59.727+0000] {processor.py:840} INFO - DAG(s) 'latest_only' retrieved from /home/airflow/.local/lib/python3.8/site-packages/airflow/example_dags/example_latest_only.py
[2024-10-29T23:49:59.745+0000] {logging_mixin.py:188} INFO - [2024-10-29T23:49:59.744+0000] {dag.py:3047} INFO - Sync 1 DAGs
[2024-10-29T23:49:59.766+0000] {logging_mixin.py:188} INFO - [2024-10-29T23:49:59.766+0000] {dag.py:3834} INFO - Setting next_dagrun for latest_only to 2024-10-29 16:00:00+00:00, run_after=2024-10-29 20:00:00+00:00
[2024-10-29T23:49:59.782+0000] {processor.py:183} INFO - Processing /home/airflow/.local/lib/python3.8/site-packages/airflow/example_dags/example_latest_only.py took 0.064 seconds
[2024-10-29T23:50:30.046+0000] {processor.py:161} INFO - Started process (PID=1835) to work on /home/airflow/.local/lib/python3.8/site-packages/airflow/example_dags/example_latest_only.py
[2024-10-29T23:50:30.047+0000] {processor.py:830} INFO - Processing file /home/airflow/.local/lib/python3.8/site-packages/airflow/example_dags/example_latest_only.py for tasks to queue
[2024-10-29T23:50:30.049+0000] {logging_mixin.py:188} INFO - [2024-10-29T23:50:30.048+0000] {dagbag.py:540} INFO - Filling up the DagBag from /home/airflow/.local/lib/python3.8/site-packages/airflow/example_dags/example_latest_only.py
[2024-10-29T23:50:30.053+0000] {processor.py:840} INFO - DAG(s) 'latest_only' retrieved from /home/airflow/.local/lib/python3.8/site-packages/airflow/example_dags/example_latest_only.py
[2024-10-29T23:50:30.072+0000] {logging_mixin.py:188} INFO - [2024-10-29T23:50:30.071+0000] {dag.py:3047} INFO - Sync 1 DAGs
[2024-10-29T23:50:30.102+0000] {logging_mixin.py:188} INFO - [2024-10-29T23:50:30.102+0000] {dag.py:3834} INFO - Setting next_dagrun for latest_only to 2024-10-29 16:00:00+00:00, run_after=2024-10-29 20:00:00+00:00
[2024-10-29T23:50:30.126+0000] {processor.py:183} INFO - Processing /home/airflow/.local/lib/python3.8/site-packages/airflow/example_dags/example_latest_only.py took 0.084 seconds
[2024-10-29T23:51:00.256+0000] {processor.py:161} INFO - Started process (PID=1891) to work on /home/airflow/.local/lib/python3.8/site-packages/airflow/example_dags/example_latest_only.py
[2024-10-29T23:51:00.257+0000] {processor.py:830} INFO - Processing file /home/airflow/.local/lib/python3.8/site-packages/airflow/example_dags/example_latest_only.py for tasks to queue
[2024-10-29T23:51:00.259+0000] {logging_mixin.py:188} INFO - [2024-10-29T23:51:00.259+0000] {dagbag.py:540} INFO - Filling up the DagBag from /home/airflow/.local/lib/python3.8/site-packages/airflow/example_dags/example_latest_only.py
[2024-10-29T23:51:00.265+0000] {processor.py:840} INFO - DAG(s) 'latest_only' retrieved from /home/airflow/.local/lib/python3.8/site-packages/airflow/example_dags/example_latest_only.py
[2024-10-29T23:51:00.296+0000] {logging_mixin.py:188} INFO - [2024-10-29T23:51:00.295+0000] {dag.py:3047} INFO - Sync 1 DAGs
[2024-10-29T23:51:00.328+0000] {logging_mixin.py:188} INFO - [2024-10-29T23:51:00.328+0000] {dag.py:3834} INFO - Setting next_dagrun for latest_only to 2024-10-29 16:00:00+00:00, run_after=2024-10-29 20:00:00+00:00
[2024-10-29T23:51:00.348+0000] {processor.py:183} INFO - Processing /home/airflow/.local/lib/python3.8/site-packages/airflow/example_dags/example_latest_only.py took 0.096 seconds
[2024-10-29T23:51:30.368+0000] {processor.py:161} INFO - Started process (PID=1947) to work on /home/airflow/.local/lib/python3.8/site-packages/airflow/example_dags/example_latest_only.py
[2024-10-29T23:51:30.369+0000] {processor.py:830} INFO - Processing file /home/airflow/.local/lib/python3.8/site-packages/airflow/example_dags/example_latest_only.py for tasks to queue
[2024-10-29T23:51:30.370+0000] {logging_mixin.py:188} INFO - [2024-10-29T23:51:30.370+0000] {dagbag.py:540} INFO - Filling up the DagBag from /home/airflow/.local/lib/python3.8/site-packages/airflow/example_dags/example_latest_only.py
[2024-10-29T23:51:30.374+0000] {processor.py:840} INFO - DAG(s) 'latest_only' retrieved from /home/airflow/.local/lib/python3.8/site-packages/airflow/example_dags/example_latest_only.py
[2024-10-29T23:51:30.390+0000] {logging_mixin.py:188} INFO - [2024-10-29T23:51:30.390+0000] {dag.py:3047} INFO - Sync 1 DAGs
[2024-10-29T23:51:30.409+0000] {logging_mixin.py:188} INFO - [2024-10-29T23:51:30.409+0000] {dag.py:3834} INFO - Setting next_dagrun for latest_only to 2024-10-29 16:00:00+00:00, run_after=2024-10-29 20:00:00+00:00
[2024-10-29T23:51:30.423+0000] {processor.py:183} INFO - Processing /home/airflow/.local/lib/python3.8/site-packages/airflow/example_dags/example_latest_only.py took 0.058 seconds
[2024-10-29T23:52:00.875+0000] {processor.py:161} INFO - Started process (PID=2002) to work on /home/airflow/.local/lib/python3.8/site-packages/airflow/example_dags/example_latest_only.py
[2024-10-29T23:52:00.875+0000] {processor.py:830} INFO - Processing file /home/airflow/.local/lib/python3.8/site-packages/airflow/example_dags/example_latest_only.py for tasks to queue
[2024-10-29T23:52:00.877+0000] {logging_mixin.py:188} INFO - [2024-10-29T23:52:00.877+0000] {dagbag.py:540} INFO - Filling up the DagBag from /home/airflow/.local/lib/python3.8/site-packages/airflow/example_dags/example_latest_only.py
[2024-10-29T23:52:00.881+0000] {processor.py:840} INFO - DAG(s) 'latest_only' retrieved from /home/airflow/.local/lib/python3.8/site-packages/airflow/example_dags/example_latest_only.py
[2024-10-29T23:52:00.901+0000] {logging_mixin.py:188} INFO - [2024-10-29T23:52:00.900+0000] {dag.py:3047} INFO - Sync 1 DAGs
[2024-10-29T23:52:00.925+0000] {logging_mixin.py:188} INFO - [2024-10-29T23:52:00.925+0000] {dag.py:3834} INFO - Setting next_dagrun for latest_only to 2024-10-29 16:00:00+00:00, run_after=2024-10-29 20:00:00+00:00
[2024-10-29T23:52:00.946+0000] {processor.py:183} INFO - Processing /home/airflow/.local/lib/python3.8/site-packages/airflow/example_dags/example_latest_only.py took 0.074 seconds
[2024-10-29T23:52:31.669+0000] {processor.py:161} INFO - Started process (PID=2058) to work on /home/airflow/.local/lib/python3.8/site-packages/airflow/example_dags/example_latest_only.py
[2024-10-29T23:52:31.671+0000] {processor.py:830} INFO - Processing file /home/airflow/.local/lib/python3.8/site-packages/airflow/example_dags/example_latest_only.py for tasks to queue
[2024-10-29T23:52:31.673+0000] {logging_mixin.py:188} INFO - [2024-10-29T23:52:31.673+0000] {dagbag.py:540} INFO - Filling up the DagBag from /home/airflow/.local/lib/python3.8/site-packages/airflow/example_dags/example_latest_only.py
[2024-10-29T23:52:31.681+0000] {processor.py:840} INFO - DAG(s) 'latest_only' retrieved from /home/airflow/.local/lib/python3.8/site-packages/airflow/example_dags/example_latest_only.py
[2024-10-29T23:52:31.712+0000] {logging_mixin.py:188} INFO - [2024-10-29T23:52:31.712+0000] {dag.py:3047} INFO - Sync 1 DAGs
[2024-10-29T23:52:31.751+0000] {logging_mixin.py:188} INFO - [2024-10-29T23:52:31.751+0000] {dag.py:3834} INFO - Setting next_dagrun for latest_only to 2024-10-29 16:00:00+00:00, run_after=2024-10-29 20:00:00+00:00
[2024-10-29T23:52:31.777+0000] {processor.py:183} INFO - Processing /home/airflow/.local/lib/python3.8/site-packages/airflow/example_dags/example_latest_only.py took 0.112 seconds
[2024-10-29T23:53:01.797+0000] {processor.py:161} INFO - Started process (PID=2114) to work on /home/airflow/.local/lib/python3.8/site-packages/airflow/example_dags/example_latest_only.py
[2024-10-29T23:53:01.798+0000] {processor.py:830} INFO - Processing file /home/airflow/.local/lib/python3.8/site-packages/airflow/example_dags/example_latest_only.py for tasks to queue
[2024-10-29T23:53:01.799+0000] {logging_mixin.py:188} INFO - [2024-10-29T23:53:01.799+0000] {dagbag.py:540} INFO - Filling up the DagBag from /home/airflow/.local/lib/python3.8/site-packages/airflow/example_dags/example_latest_only.py
[2024-10-29T23:53:01.803+0000] {processor.py:840} INFO - DAG(s) 'latest_only' retrieved from /home/airflow/.local/lib/python3.8/site-packages/airflow/example_dags/example_latest_only.py
[2024-10-29T23:53:01.818+0000] {logging_mixin.py:188} INFO - [2024-10-29T23:53:01.818+0000] {dag.py:3047} INFO - Sync 1 DAGs
[2024-10-29T23:53:01.836+0000] {logging_mixin.py:188} INFO - [2024-10-29T23:53:01.836+0000] {dag.py:3834} INFO - Setting next_dagrun for latest_only to 2024-10-29 16:00:00+00:00, run_after=2024-10-29 20:00:00+00:00
[2024-10-29T23:53:01.850+0000] {processor.py:183} INFO - Processing /home/airflow/.local/lib/python3.8/site-packages/airflow/example_dags/example_latest_only.py took 0.055 seconds
[2024-10-29T23:53:32.455+0000] {processor.py:161} INFO - Started process (PID=2176) to work on /home/airflow/.local/lib/python3.8/site-packages/airflow/example_dags/example_latest_only.py
[2024-10-29T23:53:32.456+0000] {processor.py:830} INFO - Processing file /home/airflow/.local/lib/python3.8/site-packages/airflow/example_dags/example_latest_only.py for tasks to queue
[2024-10-29T23:53:32.457+0000] {logging_mixin.py:188} INFO - [2024-10-29T23:53:32.457+0000] {dagbag.py:540} INFO - Filling up the DagBag from /home/airflow/.local/lib/python3.8/site-packages/airflow/example_dags/example_latest_only.py
[2024-10-29T23:53:32.460+0000] {processor.py:840} INFO - DAG(s) 'latest_only' retrieved from /home/airflow/.local/lib/python3.8/site-packages/airflow/example_dags/example_latest_only.py
[2024-10-29T23:53:32.474+0000] {logging_mixin.py:188} INFO - [2024-10-29T23:53:32.473+0000] {dag.py:3047} INFO - Sync 1 DAGs
[2024-10-29T23:53:32.587+0000] {logging_mixin.py:188} INFO - [2024-10-29T23:53:32.587+0000] {dag.py:3834} INFO - Setting next_dagrun for latest_only to 2024-10-29 16:00:00+00:00, run_after=2024-10-29 20:00:00+00:00
[2024-10-29T23:53:32.600+0000] {processor.py:183} INFO - Processing /home/airflow/.local/lib/python3.8/site-packages/airflow/example_dags/example_latest_only.py took 0.147 seconds
[2024-10-29T23:54:02.762+0000] {processor.py:161} INFO - Started process (PID=2232) to work on /home/airflow/.local/lib/python3.8/site-packages/airflow/example_dags/example_latest_only.py
[2024-10-29T23:54:02.763+0000] {processor.py:830} INFO - Processing file /home/airflow/.local/lib/python3.8/site-packages/airflow/example_dags/example_latest_only.py for tasks to queue
[2024-10-29T23:54:02.764+0000] {logging_mixin.py:188} INFO - [2024-10-29T23:54:02.764+0000] {dagbag.py:540} INFO - Filling up the DagBag from /home/airflow/.local/lib/python3.8/site-packages/airflow/example_dags/example_latest_only.py
[2024-10-29T23:54:02.768+0000] {processor.py:840} INFO - DAG(s) 'latest_only' retrieved from /home/airflow/.local/lib/python3.8/site-packages/airflow/example_dags/example_latest_only.py
[2024-10-29T23:54:02.784+0000] {logging_mixin.py:188} INFO - [2024-10-29T23:54:02.784+0000] {dag.py:3047} INFO - Sync 1 DAGs
[2024-10-29T23:54:02.921+0000] {logging_mixin.py:188} INFO - [2024-10-29T23:54:02.921+0000] {dag.py:3834} INFO - Setting next_dagrun for latest_only to 2024-10-29 16:00:00+00:00, run_after=2024-10-29 20:00:00+00:00
[2024-10-29T23:54:02.947+0000] {processor.py:183} INFO - Processing /home/airflow/.local/lib/python3.8/site-packages/airflow/example_dags/example_latest_only.py took 0.188 seconds
[2024-10-29T23:54:33.508+0000] {processor.py:161} INFO - Started process (PID=2288) to work on /home/airflow/.local/lib/python3.8/site-packages/airflow/example_dags/example_latest_only.py
[2024-10-29T23:54:33.509+0000] {processor.py:830} INFO - Processing file /home/airflow/.local/lib/python3.8/site-packages/airflow/example_dags/example_latest_only.py for tasks to queue
[2024-10-29T23:54:33.510+0000] {logging_mixin.py:188} INFO - [2024-10-29T23:54:33.510+0000] {dagbag.py:540} INFO - Filling up the DagBag from /home/airflow/.local/lib/python3.8/site-packages/airflow/example_dags/example_latest_only.py
[2024-10-29T23:54:33.514+0000] {processor.py:840} INFO - DAG(s) 'latest_only' retrieved from /home/airflow/.local/lib/python3.8/site-packages/airflow/example_dags/example_latest_only.py
[2024-10-29T23:54:33.533+0000] {logging_mixin.py:188} INFO - [2024-10-29T23:54:33.533+0000] {dag.py:3047} INFO - Sync 1 DAGs
[2024-10-29T23:54:33.556+0000] {logging_mixin.py:188} INFO - [2024-10-29T23:54:33.556+0000] {dag.py:3834} INFO - Setting next_dagrun for latest_only to 2024-10-29 16:00:00+00:00, run_after=2024-10-29 20:00:00+00:00
[2024-10-29T23:54:33.574+0000] {processor.py:183} INFO - Processing /home/airflow/.local/lib/python3.8/site-packages/airflow/example_dags/example_latest_only.py took 0.070 seconds
[2024-10-29T23:55:03.882+0000] {processor.py:161} INFO - Started process (PID=2343) to work on /home/airflow/.local/lib/python3.8/site-packages/airflow/example_dags/example_latest_only.py
[2024-10-29T23:55:03.883+0000] {processor.py:830} INFO - Processing file /home/airflow/.local/lib/python3.8/site-packages/airflow/example_dags/example_latest_only.py for tasks to queue
[2024-10-29T23:55:03.885+0000] {logging_mixin.py:188} INFO - [2024-10-29T23:55:03.884+0000] {dagbag.py:540} INFO - Filling up the DagBag from /home/airflow/.local/lib/python3.8/site-packages/airflow/example_dags/example_latest_only.py
[2024-10-29T23:55:03.890+0000] {processor.py:840} INFO - DAG(s) 'latest_only' retrieved from /home/airflow/.local/lib/python3.8/site-packages/airflow/example_dags/example_latest_only.py
[2024-10-29T23:55:03.909+0000] {logging_mixin.py:188} INFO - [2024-10-29T23:55:03.908+0000] {dag.py:3047} INFO - Sync 1 DAGs
[2024-10-29T23:55:03.936+0000] {logging_mixin.py:188} INFO - [2024-10-29T23:55:03.936+0000] {dag.py:3834} INFO - Setting next_dagrun for latest_only to 2024-10-29 16:00:00+00:00, run_after=2024-10-29 20:00:00+00:00
[2024-10-29T23:55:03.955+0000] {processor.py:183} INFO - Processing /home/airflow/.local/lib/python3.8/site-packages/airflow/example_dags/example_latest_only.py took 0.076 seconds
[2024-10-29T23:55:34.491+0000] {processor.py:161} INFO - Started process (PID=2398) to work on /home/airflow/.local/lib/python3.8/site-packages/airflow/example_dags/example_latest_only.py
[2024-10-29T23:55:34.492+0000] {processor.py:830} INFO - Processing file /home/airflow/.local/lib/python3.8/site-packages/airflow/example_dags/example_latest_only.py for tasks to queue
[2024-10-29T23:55:34.493+0000] {logging_mixin.py:188} INFO - [2024-10-29T23:55:34.493+0000] {dagbag.py:540} INFO - Filling up the DagBag from /home/airflow/.local/lib/python3.8/site-packages/airflow/example_dags/example_latest_only.py
[2024-10-29T23:55:34.497+0000] {processor.py:840} INFO - DAG(s) 'latest_only' retrieved from /home/airflow/.local/lib/python3.8/site-packages/airflow/example_dags/example_latest_only.py
[2024-10-29T23:55:34.515+0000] {logging_mixin.py:188} INFO - [2024-10-29T23:55:34.515+0000] {dag.py:3047} INFO - Sync 1 DAGs
[2024-10-29T23:55:34.541+0000] {logging_mixin.py:188} INFO - [2024-10-29T23:55:34.541+0000] {dag.py:3834} INFO - Setting next_dagrun for latest_only to 2024-10-29 16:00:00+00:00, run_after=2024-10-29 20:00:00+00:00
[2024-10-29T23:55:34.565+0000] {processor.py:183} INFO - Processing /home/airflow/.local/lib/python3.8/site-packages/airflow/example_dags/example_latest_only.py took 0.077 seconds
[2024-10-29T23:56:04.749+0000] {processor.py:161} INFO - Started process (PID=2454) to work on /home/airflow/.local/lib/python3.8/site-packages/airflow/example_dags/example_latest_only.py
[2024-10-29T23:56:04.750+0000] {processor.py:830} INFO - Processing file /home/airflow/.local/lib/python3.8/site-packages/airflow/example_dags/example_latest_only.py for tasks to queue
[2024-10-29T23:56:04.752+0000] {logging_mixin.py:188} INFO - [2024-10-29T23:56:04.751+0000] {dagbag.py:540} INFO - Filling up the DagBag from /home/airflow/.local/lib/python3.8/site-packages/airflow/example_dags/example_latest_only.py
[2024-10-29T23:56:04.757+0000] {processor.py:840} INFO - DAG(s) 'latest_only' retrieved from /home/airflow/.local/lib/python3.8/site-packages/airflow/example_dags/example_latest_only.py
[2024-10-29T23:56:04.775+0000] {logging_mixin.py:188} INFO - [2024-10-29T23:56:04.775+0000] {dag.py:3047} INFO - Sync 1 DAGs
[2024-10-29T23:56:04.797+0000] {logging_mixin.py:188} INFO - [2024-10-29T23:56:04.796+0000] {dag.py:3834} INFO - Setting next_dagrun for latest_only to 2024-10-29 16:00:00+00:00, run_after=2024-10-29 20:00:00+00:00
[2024-10-29T23:56:04.815+0000] {processor.py:183} INFO - Processing /home/airflow/.local/lib/python3.8/site-packages/airflow/example_dags/example_latest_only.py took 0.068 seconds
[2024-10-29T23:56:35.651+0000] {processor.py:161} INFO - Started process (PID=2510) to work on /home/airflow/.local/lib/python3.8/site-packages/airflow/example_dags/example_latest_only.py
[2024-10-29T23:56:35.652+0000] {processor.py:830} INFO - Processing file /home/airflow/.local/lib/python3.8/site-packages/airflow/example_dags/example_latest_only.py for tasks to queue
[2024-10-29T23:56:35.654+0000] {logging_mixin.py:188} INFO - [2024-10-29T23:56:35.653+0000] {dagbag.py:540} INFO - Filling up the DagBag from /home/airflow/.local/lib/python3.8/site-packages/airflow/example_dags/example_latest_only.py
[2024-10-29T23:56:35.660+0000] {processor.py:840} INFO - DAG(s) 'latest_only' retrieved from /home/airflow/.local/lib/python3.8/site-packages/airflow/example_dags/example_latest_only.py
[2024-10-29T23:56:35.685+0000] {logging_mixin.py:188} INFO - [2024-10-29T23:56:35.684+0000] {dag.py:3047} INFO - Sync 1 DAGs
[2024-10-29T23:56:35.717+0000] {logging_mixin.py:188} INFO - [2024-10-29T23:56:35.717+0000] {dag.py:3834} INFO - Setting next_dagrun for latest_only to 2024-10-29 16:00:00+00:00, run_after=2024-10-29 20:00:00+00:00
[2024-10-29T23:56:35.751+0000] {processor.py:183} INFO - Processing /home/airflow/.local/lib/python3.8/site-packages/airflow/example_dags/example_latest_only.py took 0.104 seconds
[2024-10-29T23:57:05.946+0000] {processor.py:161} INFO - Started process (PID=2566) to work on /home/airflow/.local/lib/python3.8/site-packages/airflow/example_dags/example_latest_only.py
[2024-10-29T23:57:05.947+0000] {processor.py:830} INFO - Processing file /home/airflow/.local/lib/python3.8/site-packages/airflow/example_dags/example_latest_only.py for tasks to queue
[2024-10-29T23:57:05.948+0000] {logging_mixin.py:188} INFO - [2024-10-29T23:57:05.948+0000] {dagbag.py:540} INFO - Filling up the DagBag from /home/airflow/.local/lib/python3.8/site-packages/airflow/example_dags/example_latest_only.py
[2024-10-29T23:57:05.952+0000] {processor.py:840} INFO - DAG(s) 'latest_only' retrieved from /home/airflow/.local/lib/python3.8/site-packages/airflow/example_dags/example_latest_only.py
[2024-10-29T23:57:05.968+0000] {logging_mixin.py:188} INFO - [2024-10-29T23:57:05.967+0000] {dag.py:3047} INFO - Sync 1 DAGs
[2024-10-29T23:57:06.007+0000] {logging_mixin.py:188} INFO - [2024-10-29T23:57:06.006+0000] {dag.py:3834} INFO - Setting next_dagrun for latest_only to 2024-10-29 16:00:00+00:00, run_after=2024-10-29 20:00:00+00:00
[2024-10-29T23:57:06.061+0000] {processor.py:183} INFO - Processing /home/airflow/.local/lib/python3.8/site-packages/airflow/example_dags/example_latest_only.py took 0.116 seconds
[2024-10-29T23:57:36.602+0000] {processor.py:161} INFO - Started process (PID=2622) to work on /home/airflow/.local/lib/python3.8/site-packages/airflow/example_dags/example_latest_only.py
[2024-10-29T23:57:36.603+0000] {processor.py:830} INFO - Processing file /home/airflow/.local/lib/python3.8/site-packages/airflow/example_dags/example_latest_only.py for tasks to queue
[2024-10-29T23:57:36.604+0000] {logging_mixin.py:188} INFO - [2024-10-29T23:57:36.604+0000] {dagbag.py:540} INFO - Filling up the DagBag from /home/airflow/.local/lib/python3.8/site-packages/airflow/example_dags/example_latest_only.py
[2024-10-29T23:57:36.609+0000] {processor.py:840} INFO - DAG(s) 'latest_only' retrieved from /home/airflow/.local/lib/python3.8/site-packages/airflow/example_dags/example_latest_only.py
[2024-10-29T23:57:36.626+0000] {logging_mixin.py:188} INFO - [2024-10-29T23:57:36.625+0000] {dag.py:3047} INFO - Sync 1 DAGs
[2024-10-29T23:57:36.649+0000] {logging_mixin.py:188} INFO - [2024-10-29T23:57:36.649+0000] {dag.py:3834} INFO - Setting next_dagrun for latest_only to 2024-10-29 16:00:00+00:00, run_after=2024-10-29 20:00:00+00:00
[2024-10-29T23:57:36.673+0000] {processor.py:183} INFO - Processing /home/airflow/.local/lib/python3.8/site-packages/airflow/example_dags/example_latest_only.py took 0.074 seconds
[2024-10-29T23:58:07.088+0000] {processor.py:161} INFO - Started process (PID=2678) to work on /home/airflow/.local/lib/python3.8/site-packages/airflow/example_dags/example_latest_only.py
[2024-10-29T23:58:07.090+0000] {processor.py:830} INFO - Processing file /home/airflow/.local/lib/python3.8/site-packages/airflow/example_dags/example_latest_only.py for tasks to queue
[2024-10-29T23:58:07.094+0000] {logging_mixin.py:188} INFO - [2024-10-29T23:58:07.093+0000] {dagbag.py:540} INFO - Filling up the DagBag from /home/airflow/.local/lib/python3.8/site-packages/airflow/example_dags/example_latest_only.py
[2024-10-29T23:58:07.106+0000] {processor.py:840} INFO - DAG(s) 'latest_only' retrieved from /home/airflow/.local/lib/python3.8/site-packages/airflow/example_dags/example_latest_only.py
[2024-10-29T23:58:07.154+0000] {logging_mixin.py:188} INFO - [2024-10-29T23:58:07.154+0000] {dag.py:3047} INFO - Sync 1 DAGs
[2024-10-29T23:58:07.216+0000] {logging_mixin.py:188} INFO - [2024-10-29T23:58:07.215+0000] {dag.py:3834} INFO - Setting next_dagrun for latest_only to 2024-10-29 16:00:00+00:00, run_after=2024-10-29 20:00:00+00:00
[2024-10-29T23:58:07.264+0000] {processor.py:183} INFO - Processing /home/airflow/.local/lib/python3.8/site-packages/airflow/example_dags/example_latest_only.py took 0.183 seconds
[2024-10-29T23:58:37.709+0000] {processor.py:161} INFO - Started process (PID=2734) to work on /home/airflow/.local/lib/python3.8/site-packages/airflow/example_dags/example_latest_only.py
[2024-10-29T23:58:37.709+0000] {processor.py:830} INFO - Processing file /home/airflow/.local/lib/python3.8/site-packages/airflow/example_dags/example_latest_only.py for tasks to queue
[2024-10-29T23:58:37.711+0000] {logging_mixin.py:188} INFO - [2024-10-29T23:58:37.710+0000] {dagbag.py:540} INFO - Filling up the DagBag from /home/airflow/.local/lib/python3.8/site-packages/airflow/example_dags/example_latest_only.py
[2024-10-29T23:58:37.714+0000] {processor.py:840} INFO - DAG(s) 'latest_only' retrieved from /home/airflow/.local/lib/python3.8/site-packages/airflow/example_dags/example_latest_only.py
[2024-10-29T23:58:37.733+0000] {logging_mixin.py:188} INFO - [2024-10-29T23:58:37.733+0000] {dag.py:3047} INFO - Sync 1 DAGs
[2024-10-29T23:58:37.758+0000] {logging_mixin.py:188} INFO - [2024-10-29T23:58:37.758+0000] {dag.py:3834} INFO - Setting next_dagrun for latest_only to 2024-10-29 16:00:00+00:00, run_after=2024-10-29 20:00:00+00:00
[2024-10-29T23:58:37.774+0000] {processor.py:183} INFO - Processing /home/airflow/.local/lib/python3.8/site-packages/airflow/example_dags/example_latest_only.py took 0.068 seconds
[2024-10-29T23:59:07.977+0000] {processor.py:161} INFO - Started process (PID=2790) to work on /home/airflow/.local/lib/python3.8/site-packages/airflow/example_dags/example_latest_only.py
[2024-10-29T23:59:07.978+0000] {processor.py:830} INFO - Processing file /home/airflow/.local/lib/python3.8/site-packages/airflow/example_dags/example_latest_only.py for tasks to queue
[2024-10-29T23:59:07.979+0000] {logging_mixin.py:188} INFO - [2024-10-29T23:59:07.979+0000] {dagbag.py:540} INFO - Filling up the DagBag from /home/airflow/.local/lib/python3.8/site-packages/airflow/example_dags/example_latest_only.py
[2024-10-29T23:59:07.984+0000] {processor.py:840} INFO - DAG(s) 'latest_only' retrieved from /home/airflow/.local/lib/python3.8/site-packages/airflow/example_dags/example_latest_only.py
[2024-10-29T23:59:08.000+0000] {logging_mixin.py:188} INFO - [2024-10-29T23:59:08.000+0000] {dag.py:3047} INFO - Sync 1 DAGs
[2024-10-29T23:59:08.022+0000] {logging_mixin.py:188} INFO - [2024-10-29T23:59:08.022+0000] {dag.py:3834} INFO - Setting next_dagrun for latest_only to 2024-10-29 16:00:00+00:00, run_after=2024-10-29 20:00:00+00:00
[2024-10-29T23:59:08.037+0000] {processor.py:183} INFO - Processing /home/airflow/.local/lib/python3.8/site-packages/airflow/example_dags/example_latest_only.py took 0.063 seconds
[2024-10-29T23:59:38.309+0000] {processor.py:161} INFO - Started process (PID=2846) to work on /home/airflow/.local/lib/python3.8/site-packages/airflow/example_dags/example_latest_only.py
[2024-10-29T23:59:38.310+0000] {processor.py:830} INFO - Processing file /home/airflow/.local/lib/python3.8/site-packages/airflow/example_dags/example_latest_only.py for tasks to queue
[2024-10-29T23:59:38.312+0000] {logging_mixin.py:188} INFO - [2024-10-29T23:59:38.312+0000] {dagbag.py:540} INFO - Filling up the DagBag from /home/airflow/.local/lib/python3.8/site-packages/airflow/example_dags/example_latest_only.py
[2024-10-29T23:59:38.317+0000] {processor.py:840} INFO - DAG(s) 'latest_only' retrieved from /home/airflow/.local/lib/python3.8/site-packages/airflow/example_dags/example_latest_only.py
[2024-10-29T23:59:38.343+0000] {logging_mixin.py:188} INFO - [2024-10-29T23:59:38.343+0000] {dag.py:3047} INFO - Sync 1 DAGs
[2024-10-29T23:59:38.380+0000] {logging_mixin.py:188} INFO - [2024-10-29T23:59:38.379+0000] {dag.py:3834} INFO - Setting next_dagrun for latest_only to 2024-10-29 16:00:00+00:00, run_after=2024-10-29 20:00:00+00:00
[2024-10-29T23:59:38.402+0000] {processor.py:183} INFO - Processing /home/airflow/.local/lib/python3.8/site-packages/airflow/example_dags/example_latest_only.py took 0.096 seconds
