[2024-10-29T23:27:24.519+0000] {processor.py:161} INFO - Started process (PID=16667) to work on /home/airflow/.local/lib/python3.8/site-packages/airflow/example_dags/example_xcom.py
[2024-10-29T23:27:24.520+0000] {processor.py:830} INFO - Processing file /home/airflow/.local/lib/python3.8/site-packages/airflow/example_dags/example_xcom.py for tasks to queue
[2024-10-29T23:27:24.523+0000] {logging_mixin.py:188} INFO - [2024-10-29T23:27:24.522+0000] {dagbag.py:540} INFO - Filling up the DagBag from /home/airflow/.local/lib/python3.8/site-packages/airflow/example_dags/example_xcom.py
[2024-10-29T23:27:24.533+0000] {processor.py:840} INFO - DAG(s) 'example_xcom' retrieved from /home/airflow/.local/lib/python3.8/site-packages/airflow/example_dags/example_xcom.py
[2024-10-29T23:27:24.558+0000] {logging_mixin.py:188} INFO - [2024-10-29T23:27:24.558+0000] {dag.py:3047} INFO - Sync 1 DAGs
[2024-10-29T23:27:24.594+0000] {logging_mixin.py:188} INFO - [2024-10-29T23:27:24.594+0000] {dag.py:3834} INFO - Setting next_dagrun for example_xcom to 2021-01-01 00:00:00+00:00, run_after=2021-01-01 00:00:00+00:00
[2024-10-29T23:27:24.624+0000] {processor.py:183} INFO - Processing /home/airflow/.local/lib/python3.8/site-packages/airflow/example_dags/example_xcom.py took 0.109 seconds
[2024-10-29T23:27:54.686+0000] {processor.py:161} INFO - Started process (PID=16723) to work on /home/airflow/.local/lib/python3.8/site-packages/airflow/example_dags/example_xcom.py
[2024-10-29T23:27:54.687+0000] {processor.py:830} INFO - Processing file /home/airflow/.local/lib/python3.8/site-packages/airflow/example_dags/example_xcom.py for tasks to queue
[2024-10-29T23:27:54.688+0000] {logging_mixin.py:188} INFO - [2024-10-29T23:27:54.688+0000] {dagbag.py:540} INFO - Filling up the DagBag from /home/airflow/.local/lib/python3.8/site-packages/airflow/example_dags/example_xcom.py
[2024-10-29T23:27:54.696+0000] {processor.py:840} INFO - DAG(s) 'example_xcom' retrieved from /home/airflow/.local/lib/python3.8/site-packages/airflow/example_dags/example_xcom.py
[2024-10-29T23:27:54.719+0000] {logging_mixin.py:188} INFO - [2024-10-29T23:27:54.719+0000] {dag.py:3047} INFO - Sync 1 DAGs
[2024-10-29T23:27:54.746+0000] {logging_mixin.py:188} INFO - [2024-10-29T23:27:54.746+0000] {dag.py:3834} INFO - Setting next_dagrun for example_xcom to 2021-01-01 00:00:00+00:00, run_after=2021-01-01 00:00:00+00:00
[2024-10-29T23:27:54.770+0000] {processor.py:183} INFO - Processing /home/airflow/.local/lib/python3.8/site-packages/airflow/example_dags/example_xcom.py took 0.088 seconds
[2024-10-29T23:28:25.468+0000] {processor.py:161} INFO - Started process (PID=16779) to work on /home/airflow/.local/lib/python3.8/site-packages/airflow/example_dags/example_xcom.py
[2024-10-29T23:28:25.469+0000] {processor.py:830} INFO - Processing file /home/airflow/.local/lib/python3.8/site-packages/airflow/example_dags/example_xcom.py for tasks to queue
[2024-10-29T23:28:25.470+0000] {logging_mixin.py:188} INFO - [2024-10-29T23:28:25.470+0000] {dagbag.py:540} INFO - Filling up the DagBag from /home/airflow/.local/lib/python3.8/site-packages/airflow/example_dags/example_xcom.py
[2024-10-29T23:28:25.477+0000] {processor.py:840} INFO - DAG(s) 'example_xcom' retrieved from /home/airflow/.local/lib/python3.8/site-packages/airflow/example_dags/example_xcom.py
[2024-10-29T23:28:25.493+0000] {logging_mixin.py:188} INFO - [2024-10-29T23:28:25.493+0000] {dag.py:3047} INFO - Sync 1 DAGs
[2024-10-29T23:28:25.511+0000] {logging_mixin.py:188} INFO - [2024-10-29T23:28:25.511+0000] {dag.py:3834} INFO - Setting next_dagrun for example_xcom to 2021-01-01 00:00:00+00:00, run_after=2021-01-01 00:00:00+00:00
[2024-10-29T23:28:25.527+0000] {processor.py:183} INFO - Processing /home/airflow/.local/lib/python3.8/site-packages/airflow/example_dags/example_xcom.py took 0.061 seconds
[2024-10-29T23:28:56.267+0000] {processor.py:161} INFO - Started process (PID=16835) to work on /home/airflow/.local/lib/python3.8/site-packages/airflow/example_dags/example_xcom.py
[2024-10-29T23:28:56.269+0000] {processor.py:830} INFO - Processing file /home/airflow/.local/lib/python3.8/site-packages/airflow/example_dags/example_xcom.py for tasks to queue
[2024-10-29T23:28:56.270+0000] {logging_mixin.py:188} INFO - [2024-10-29T23:28:56.270+0000] {dagbag.py:540} INFO - Filling up the DagBag from /home/airflow/.local/lib/python3.8/site-packages/airflow/example_dags/example_xcom.py
[2024-10-29T23:28:56.276+0000] {processor.py:840} INFO - DAG(s) 'example_xcom' retrieved from /home/airflow/.local/lib/python3.8/site-packages/airflow/example_dags/example_xcom.py
[2024-10-29T23:28:56.294+0000] {logging_mixin.py:188} INFO - [2024-10-29T23:28:56.294+0000] {dag.py:3047} INFO - Sync 1 DAGs
[2024-10-29T23:28:56.316+0000] {logging_mixin.py:188} INFO - [2024-10-29T23:28:56.316+0000] {dag.py:3834} INFO - Setting next_dagrun for example_xcom to 2021-01-01 00:00:00+00:00, run_after=2021-01-01 00:00:00+00:00
[2024-10-29T23:28:56.332+0000] {processor.py:183} INFO - Processing /home/airflow/.local/lib/python3.8/site-packages/airflow/example_dags/example_xcom.py took 0.068 seconds
[2024-10-29T23:29:27.592+0000] {processor.py:161} INFO - Started process (PID=16891) to work on /home/airflow/.local/lib/python3.8/site-packages/airflow/example_dags/example_xcom.py
[2024-10-29T23:29:27.592+0000] {processor.py:830} INFO - Processing file /home/airflow/.local/lib/python3.8/site-packages/airflow/example_dags/example_xcom.py for tasks to queue
[2024-10-29T23:29:27.594+0000] {logging_mixin.py:188} INFO - [2024-10-29T23:29:27.593+0000] {dagbag.py:540} INFO - Filling up the DagBag from /home/airflow/.local/lib/python3.8/site-packages/airflow/example_dags/example_xcom.py
[2024-10-29T23:29:27.600+0000] {processor.py:840} INFO - DAG(s) 'example_xcom' retrieved from /home/airflow/.local/lib/python3.8/site-packages/airflow/example_dags/example_xcom.py
[2024-10-29T23:29:27.619+0000] {logging_mixin.py:188} INFO - [2024-10-29T23:29:27.619+0000] {dag.py:3047} INFO - Sync 1 DAGs
[2024-10-29T23:29:27.642+0000] {logging_mixin.py:188} INFO - [2024-10-29T23:29:27.641+0000] {dag.py:3834} INFO - Setting next_dagrun for example_xcom to 2021-01-01 00:00:00+00:00, run_after=2021-01-01 00:00:00+00:00
[2024-10-29T23:29:27.660+0000] {processor.py:183} INFO - Processing /home/airflow/.local/lib/python3.8/site-packages/airflow/example_dags/example_xcom.py took 0.071 seconds
[2024-10-29T23:29:57.835+0000] {processor.py:161} INFO - Started process (PID=16947) to work on /home/airflow/.local/lib/python3.8/site-packages/airflow/example_dags/example_xcom.py
[2024-10-29T23:29:57.836+0000] {processor.py:830} INFO - Processing file /home/airflow/.local/lib/python3.8/site-packages/airflow/example_dags/example_xcom.py for tasks to queue
[2024-10-29T23:29:57.838+0000] {logging_mixin.py:188} INFO - [2024-10-29T23:29:57.837+0000] {dagbag.py:540} INFO - Filling up the DagBag from /home/airflow/.local/lib/python3.8/site-packages/airflow/example_dags/example_xcom.py
[2024-10-29T23:29:57.847+0000] {processor.py:840} INFO - DAG(s) 'example_xcom' retrieved from /home/airflow/.local/lib/python3.8/site-packages/airflow/example_dags/example_xcom.py
[2024-10-29T23:29:57.871+0000] {logging_mixin.py:188} INFO - [2024-10-29T23:29:57.870+0000] {dag.py:3047} INFO - Sync 1 DAGs
[2024-10-29T23:29:57.900+0000] {logging_mixin.py:188} INFO - [2024-10-29T23:29:57.899+0000] {dag.py:3834} INFO - Setting next_dagrun for example_xcom to 2021-01-01 00:00:00+00:00, run_after=2021-01-01 00:00:00+00:00
[2024-10-29T23:29:57.938+0000] {processor.py:183} INFO - Processing /home/airflow/.local/lib/python3.8/site-packages/airflow/example_dags/example_xcom.py took 0.106 seconds
[2024-10-29T23:30:28.149+0000] {processor.py:161} INFO - Started process (PID=17003) to work on /home/airflow/.local/lib/python3.8/site-packages/airflow/example_dags/example_xcom.py
[2024-10-29T23:30:28.150+0000] {processor.py:830} INFO - Processing file /home/airflow/.local/lib/python3.8/site-packages/airflow/example_dags/example_xcom.py for tasks to queue
[2024-10-29T23:30:28.151+0000] {logging_mixin.py:188} INFO - [2024-10-29T23:30:28.151+0000] {dagbag.py:540} INFO - Filling up the DagBag from /home/airflow/.local/lib/python3.8/site-packages/airflow/example_dags/example_xcom.py
[2024-10-29T23:30:28.157+0000] {processor.py:840} INFO - DAG(s) 'example_xcom' retrieved from /home/airflow/.local/lib/python3.8/site-packages/airflow/example_dags/example_xcom.py
[2024-10-29T23:30:28.174+0000] {logging_mixin.py:188} INFO - [2024-10-29T23:30:28.174+0000] {dag.py:3047} INFO - Sync 1 DAGs
[2024-10-29T23:30:28.195+0000] {logging_mixin.py:188} INFO - [2024-10-29T23:30:28.194+0000] {dag.py:3834} INFO - Setting next_dagrun for example_xcom to 2021-01-01 00:00:00+00:00, run_after=2021-01-01 00:00:00+00:00
[2024-10-29T23:30:28.210+0000] {processor.py:183} INFO - Processing /home/airflow/.local/lib/python3.8/site-packages/airflow/example_dags/example_xcom.py took 0.063 seconds
[2024-10-29T23:30:59.183+0000] {processor.py:161} INFO - Started process (PID=17058) to work on /home/airflow/.local/lib/python3.8/site-packages/airflow/example_dags/example_xcom.py
[2024-10-29T23:30:59.183+0000] {processor.py:830} INFO - Processing file /home/airflow/.local/lib/python3.8/site-packages/airflow/example_dags/example_xcom.py for tasks to queue
[2024-10-29T23:30:59.185+0000] {logging_mixin.py:188} INFO - [2024-10-29T23:30:59.185+0000] {dagbag.py:540} INFO - Filling up the DagBag from /home/airflow/.local/lib/python3.8/site-packages/airflow/example_dags/example_xcom.py
[2024-10-29T23:30:59.191+0000] {processor.py:840} INFO - DAG(s) 'example_xcom' retrieved from /home/airflow/.local/lib/python3.8/site-packages/airflow/example_dags/example_xcom.py
[2024-10-29T23:30:59.210+0000] {logging_mixin.py:188} INFO - [2024-10-29T23:30:59.209+0000] {dag.py:3047} INFO - Sync 1 DAGs
[2024-10-29T23:30:59.232+0000] {logging_mixin.py:188} INFO - [2024-10-29T23:30:59.231+0000] {dag.py:3834} INFO - Setting next_dagrun for example_xcom to 2021-01-01 00:00:00+00:00, run_after=2021-01-01 00:00:00+00:00
[2024-10-29T23:30:59.250+0000] {processor.py:183} INFO - Processing /home/airflow/.local/lib/python3.8/site-packages/airflow/example_dags/example_xcom.py took 0.070 seconds
[2024-10-29T23:31:30.337+0000] {processor.py:161} INFO - Started process (PID=17114) to work on /home/airflow/.local/lib/python3.8/site-packages/airflow/example_dags/example_xcom.py
[2024-10-29T23:31:30.338+0000] {processor.py:830} INFO - Processing file /home/airflow/.local/lib/python3.8/site-packages/airflow/example_dags/example_xcom.py for tasks to queue
[2024-10-29T23:31:30.339+0000] {logging_mixin.py:188} INFO - [2024-10-29T23:31:30.339+0000] {dagbag.py:540} INFO - Filling up the DagBag from /home/airflow/.local/lib/python3.8/site-packages/airflow/example_dags/example_xcom.py
[2024-10-29T23:31:30.349+0000] {processor.py:840} INFO - DAG(s) 'example_xcom' retrieved from /home/airflow/.local/lib/python3.8/site-packages/airflow/example_dags/example_xcom.py
[2024-10-29T23:31:30.373+0000] {logging_mixin.py:188} INFO - [2024-10-29T23:31:30.373+0000] {dag.py:3047} INFO - Sync 1 DAGs
[2024-10-29T23:31:30.399+0000] {logging_mixin.py:188} INFO - [2024-10-29T23:31:30.399+0000] {dag.py:3834} INFO - Setting next_dagrun for example_xcom to 2021-01-01 00:00:00+00:00, run_after=2021-01-01 00:00:00+00:00
[2024-10-29T23:31:30.421+0000] {processor.py:183} INFO - Processing /home/airflow/.local/lib/python3.8/site-packages/airflow/example_dags/example_xcom.py took 0.087 seconds
[2024-10-29T23:32:00.798+0000] {processor.py:161} INFO - Started process (PID=17170) to work on /home/airflow/.local/lib/python3.8/site-packages/airflow/example_dags/example_xcom.py
[2024-10-29T23:32:00.799+0000] {processor.py:830} INFO - Processing file /home/airflow/.local/lib/python3.8/site-packages/airflow/example_dags/example_xcom.py for tasks to queue
[2024-10-29T23:32:00.800+0000] {logging_mixin.py:188} INFO - [2024-10-29T23:32:00.800+0000] {dagbag.py:540} INFO - Filling up the DagBag from /home/airflow/.local/lib/python3.8/site-packages/airflow/example_dags/example_xcom.py
[2024-10-29T23:32:00.808+0000] {processor.py:840} INFO - DAG(s) 'example_xcom' retrieved from /home/airflow/.local/lib/python3.8/site-packages/airflow/example_dags/example_xcom.py
[2024-10-29T23:32:00.825+0000] {logging_mixin.py:188} INFO - [2024-10-29T23:32:00.825+0000] {dag.py:3047} INFO - Sync 1 DAGs
[2024-10-29T23:32:00.950+0000] {logging_mixin.py:188} INFO - [2024-10-29T23:32:00.950+0000] {dag.py:3834} INFO - Setting next_dagrun for example_xcom to 2021-01-01 00:00:00+00:00, run_after=2021-01-01 00:00:00+00:00
[2024-10-29T23:32:00.970+0000] {processor.py:183} INFO - Processing /home/airflow/.local/lib/python3.8/site-packages/airflow/example_dags/example_xcom.py took 0.175 seconds
[2024-10-29T23:32:32.899+0000] {processor.py:161} INFO - Started process (PID=17225) to work on /home/airflow/.local/lib/python3.8/site-packages/airflow/example_dags/example_xcom.py
[2024-10-29T23:32:32.900+0000] {processor.py:830} INFO - Processing file /home/airflow/.local/lib/python3.8/site-packages/airflow/example_dags/example_xcom.py for tasks to queue
[2024-10-29T23:32:32.902+0000] {logging_mixin.py:188} INFO - [2024-10-29T23:32:32.901+0000] {dagbag.py:540} INFO - Filling up the DagBag from /home/airflow/.local/lib/python3.8/site-packages/airflow/example_dags/example_xcom.py
[2024-10-29T23:32:32.909+0000] {processor.py:840} INFO - DAG(s) 'example_xcom' retrieved from /home/airflow/.local/lib/python3.8/site-packages/airflow/example_dags/example_xcom.py
[2024-10-29T23:32:32.932+0000] {logging_mixin.py:188} INFO - [2024-10-29T23:32:32.932+0000] {dag.py:3047} INFO - Sync 1 DAGs
[2024-10-29T23:32:33.078+0000] {logging_mixin.py:188} INFO - [2024-10-29T23:32:33.077+0000] {dag.py:3834} INFO - Setting next_dagrun for example_xcom to 2021-01-01 00:00:00+00:00, run_after=2021-01-01 00:00:00+00:00
[2024-10-29T23:32:33.096+0000] {processor.py:183} INFO - Processing /home/airflow/.local/lib/python3.8/site-packages/airflow/example_dags/example_xcom.py took 0.200 seconds
[2024-10-29T23:33:03.517+0000] {processor.py:161} INFO - Started process (PID=17281) to work on /home/airflow/.local/lib/python3.8/site-packages/airflow/example_dags/example_xcom.py
[2024-10-29T23:33:03.518+0000] {processor.py:830} INFO - Processing file /home/airflow/.local/lib/python3.8/site-packages/airflow/example_dags/example_xcom.py for tasks to queue
[2024-10-29T23:33:03.519+0000] {logging_mixin.py:188} INFO - [2024-10-29T23:33:03.519+0000] {dagbag.py:540} INFO - Filling up the DagBag from /home/airflow/.local/lib/python3.8/site-packages/airflow/example_dags/example_xcom.py
[2024-10-29T23:33:03.526+0000] {processor.py:840} INFO - DAG(s) 'example_xcom' retrieved from /home/airflow/.local/lib/python3.8/site-packages/airflow/example_dags/example_xcom.py
[2024-10-29T23:33:03.550+0000] {logging_mixin.py:188} INFO - [2024-10-29T23:33:03.549+0000] {dag.py:3047} INFO - Sync 1 DAGs
[2024-10-29T23:33:03.690+0000] {logging_mixin.py:188} INFO - [2024-10-29T23:33:03.690+0000] {dag.py:3834} INFO - Setting next_dagrun for example_xcom to 2021-01-01 00:00:00+00:00, run_after=2021-01-01 00:00:00+00:00
[2024-10-29T23:33:03.705+0000] {processor.py:183} INFO - Processing /home/airflow/.local/lib/python3.8/site-packages/airflow/example_dags/example_xcom.py took 0.191 seconds
[2024-10-29T23:34:19.472+0000] {processor.py:161} INFO - Started process (PID=80) to work on /home/airflow/.local/lib/python3.8/site-packages/airflow/example_dags/example_xcom.py
[2024-10-29T23:34:19.474+0000] {processor.py:830} INFO - Processing file /home/airflow/.local/lib/python3.8/site-packages/airflow/example_dags/example_xcom.py for tasks to queue
[2024-10-29T23:34:19.477+0000] {logging_mixin.py:188} INFO - [2024-10-29T23:34:19.476+0000] {dagbag.py:540} INFO - Filling up the DagBag from /home/airflow/.local/lib/python3.8/site-packages/airflow/example_dags/example_xcom.py
[2024-10-29T23:34:19.490+0000] {processor.py:840} INFO - DAG(s) 'example_xcom' retrieved from /home/airflow/.local/lib/python3.8/site-packages/airflow/example_dags/example_xcom.py
[2024-10-29T23:34:19.509+0000] {logging_mixin.py:188} INFO - [2024-10-29T23:34:19.508+0000] {dag.py:3047} INFO - Sync 1 DAGs
[2024-10-29T23:34:19.553+0000] {logging_mixin.py:188} INFO - [2024-10-29T23:34:19.552+0000] {dag.py:3834} INFO - Setting next_dagrun for example_xcom to 2021-01-01 00:00:00+00:00, run_after=2021-01-01 00:00:00+00:00
[2024-10-29T23:34:19.599+0000] {processor.py:183} INFO - Processing /home/airflow/.local/lib/python3.8/site-packages/airflow/example_dags/example_xcom.py took 0.131 seconds
[2024-10-29T23:34:52.670+0000] {processor.py:161} INFO - Started process (PID=136) to work on /home/airflow/.local/lib/python3.8/site-packages/airflow/example_dags/example_xcom.py
[2024-10-29T23:34:52.672+0000] {processor.py:830} INFO - Processing file /home/airflow/.local/lib/python3.8/site-packages/airflow/example_dags/example_xcom.py for tasks to queue
[2024-10-29T23:34:52.674+0000] {logging_mixin.py:188} INFO - [2024-10-29T23:34:52.673+0000] {dagbag.py:540} INFO - Filling up the DagBag from /home/airflow/.local/lib/python3.8/site-packages/airflow/example_dags/example_xcom.py
[2024-10-29T23:34:52.682+0000] {processor.py:840} INFO - DAG(s) 'example_xcom' retrieved from /home/airflow/.local/lib/python3.8/site-packages/airflow/example_dags/example_xcom.py
[2024-10-29T23:34:52.809+0000] {logging_mixin.py:188} INFO - [2024-10-29T23:34:52.809+0000] {dag.py:3047} INFO - Sync 1 DAGs
[2024-10-29T23:34:52.832+0000] {logging_mixin.py:188} INFO - [2024-10-29T23:34:52.832+0000] {dag.py:3834} INFO - Setting next_dagrun for example_xcom to 2021-01-01 00:00:00+00:00, run_after=2021-01-01 00:00:00+00:00
[2024-10-29T23:34:52.853+0000] {processor.py:183} INFO - Processing /home/airflow/.local/lib/python3.8/site-packages/airflow/example_dags/example_xcom.py took 0.187 seconds
[2024-10-29T23:35:22.935+0000] {processor.py:161} INFO - Started process (PID=192) to work on /home/airflow/.local/lib/python3.8/site-packages/airflow/example_dags/example_xcom.py
[2024-10-29T23:35:22.936+0000] {processor.py:830} INFO - Processing file /home/airflow/.local/lib/python3.8/site-packages/airflow/example_dags/example_xcom.py for tasks to queue
[2024-10-29T23:35:22.938+0000] {logging_mixin.py:188} INFO - [2024-10-29T23:35:22.937+0000] {dagbag.py:540} INFO - Filling up the DagBag from /home/airflow/.local/lib/python3.8/site-packages/airflow/example_dags/example_xcom.py
[2024-10-29T23:35:22.945+0000] {processor.py:840} INFO - DAG(s) 'example_xcom' retrieved from /home/airflow/.local/lib/python3.8/site-packages/airflow/example_dags/example_xcom.py
[2024-10-29T23:35:22.968+0000] {logging_mixin.py:188} INFO - [2024-10-29T23:35:22.967+0000] {dag.py:3047} INFO - Sync 1 DAGs
[2024-10-29T23:35:22.993+0000] {logging_mixin.py:188} INFO - [2024-10-29T23:35:22.993+0000] {dag.py:3834} INFO - Setting next_dagrun for example_xcom to 2021-01-01 00:00:00+00:00, run_after=2021-01-01 00:00:00+00:00
[2024-10-29T23:35:23.014+0000] {processor.py:183} INFO - Processing /home/airflow/.local/lib/python3.8/site-packages/airflow/example_dags/example_xcom.py took 0.082 seconds
[2024-10-29T23:35:53.905+0000] {processor.py:161} INFO - Started process (PID=248) to work on /home/airflow/.local/lib/python3.8/site-packages/airflow/example_dags/example_xcom.py
[2024-10-29T23:35:53.907+0000] {processor.py:830} INFO - Processing file /home/airflow/.local/lib/python3.8/site-packages/airflow/example_dags/example_xcom.py for tasks to queue
[2024-10-29T23:35:53.909+0000] {logging_mixin.py:188} INFO - [2024-10-29T23:35:53.909+0000] {dagbag.py:540} INFO - Filling up the DagBag from /home/airflow/.local/lib/python3.8/site-packages/airflow/example_dags/example_xcom.py
[2024-10-29T23:35:53.921+0000] {processor.py:840} INFO - DAG(s) 'example_xcom' retrieved from /home/airflow/.local/lib/python3.8/site-packages/airflow/example_dags/example_xcom.py
[2024-10-29T23:35:53.949+0000] {logging_mixin.py:188} INFO - [2024-10-29T23:35:53.949+0000] {dag.py:3047} INFO - Sync 1 DAGs
[2024-10-29T23:35:53.984+0000] {logging_mixin.py:188} INFO - [2024-10-29T23:35:53.984+0000] {dag.py:3834} INFO - Setting next_dagrun for example_xcom to 2021-01-01 00:00:00+00:00, run_after=2021-01-01 00:00:00+00:00
[2024-10-29T23:35:54.015+0000] {processor.py:183} INFO - Processing /home/airflow/.local/lib/python3.8/site-packages/airflow/example_dags/example_xcom.py took 0.114 seconds
[2024-10-29T23:36:24.847+0000] {processor.py:161} INFO - Started process (PID=304) to work on /home/airflow/.local/lib/python3.8/site-packages/airflow/example_dags/example_xcom.py
[2024-10-29T23:36:24.848+0000] {processor.py:830} INFO - Processing file /home/airflow/.local/lib/python3.8/site-packages/airflow/example_dags/example_xcom.py for tasks to queue
[2024-10-29T23:36:24.850+0000] {logging_mixin.py:188} INFO - [2024-10-29T23:36:24.850+0000] {dagbag.py:540} INFO - Filling up the DagBag from /home/airflow/.local/lib/python3.8/site-packages/airflow/example_dags/example_xcom.py
[2024-10-29T23:36:24.857+0000] {processor.py:840} INFO - DAG(s) 'example_xcom' retrieved from /home/airflow/.local/lib/python3.8/site-packages/airflow/example_dags/example_xcom.py
[2024-10-29T23:36:24.876+0000] {logging_mixin.py:188} INFO - [2024-10-29T23:36:24.876+0000] {dag.py:3047} INFO - Sync 1 DAGs
[2024-10-29T23:36:24.900+0000] {logging_mixin.py:188} INFO - [2024-10-29T23:36:24.899+0000] {dag.py:3834} INFO - Setting next_dagrun for example_xcom to 2021-01-01 00:00:00+00:00, run_after=2021-01-01 00:00:00+00:00
[2024-10-29T23:36:24.920+0000] {processor.py:183} INFO - Processing /home/airflow/.local/lib/python3.8/site-packages/airflow/example_dags/example_xcom.py took 0.076 seconds
[2024-10-29T23:36:55.679+0000] {processor.py:161} INFO - Started process (PID=360) to work on /home/airflow/.local/lib/python3.8/site-packages/airflow/example_dags/example_xcom.py
[2024-10-29T23:36:55.680+0000] {processor.py:830} INFO - Processing file /home/airflow/.local/lib/python3.8/site-packages/airflow/example_dags/example_xcom.py for tasks to queue
[2024-10-29T23:36:55.681+0000] {logging_mixin.py:188} INFO - [2024-10-29T23:36:55.681+0000] {dagbag.py:540} INFO - Filling up the DagBag from /home/airflow/.local/lib/python3.8/site-packages/airflow/example_dags/example_xcom.py
[2024-10-29T23:36:55.689+0000] {processor.py:840} INFO - DAG(s) 'example_xcom' retrieved from /home/airflow/.local/lib/python3.8/site-packages/airflow/example_dags/example_xcom.py
[2024-10-29T23:36:55.710+0000] {logging_mixin.py:188} INFO - [2024-10-29T23:36:55.710+0000] {dag.py:3047} INFO - Sync 1 DAGs
[2024-10-29T23:36:55.734+0000] {logging_mixin.py:188} INFO - [2024-10-29T23:36:55.734+0000] {dag.py:3834} INFO - Setting next_dagrun for example_xcom to 2021-01-01 00:00:00+00:00, run_after=2021-01-01 00:00:00+00:00
[2024-10-29T23:36:55.753+0000] {processor.py:183} INFO - Processing /home/airflow/.local/lib/python3.8/site-packages/airflow/example_dags/example_xcom.py took 0.077 seconds
[2024-10-29T23:37:25.849+0000] {processor.py:161} INFO - Started process (PID=416) to work on /home/airflow/.local/lib/python3.8/site-packages/airflow/example_dags/example_xcom.py
[2024-10-29T23:37:25.850+0000] {processor.py:830} INFO - Processing file /home/airflow/.local/lib/python3.8/site-packages/airflow/example_dags/example_xcom.py for tasks to queue
[2024-10-29T23:37:25.852+0000] {logging_mixin.py:188} INFO - [2024-10-29T23:37:25.852+0000] {dagbag.py:540} INFO - Filling up the DagBag from /home/airflow/.local/lib/python3.8/site-packages/airflow/example_dags/example_xcom.py
[2024-10-29T23:37:25.858+0000] {processor.py:840} INFO - DAG(s) 'example_xcom' retrieved from /home/airflow/.local/lib/python3.8/site-packages/airflow/example_dags/example_xcom.py
[2024-10-29T23:37:25.878+0000] {logging_mixin.py:188} INFO - [2024-10-29T23:37:25.878+0000] {dag.py:3047} INFO - Sync 1 DAGs
[2024-10-29T23:37:25.901+0000] {logging_mixin.py:188} INFO - [2024-10-29T23:37:25.901+0000] {dag.py:3834} INFO - Setting next_dagrun for example_xcom to 2021-01-01 00:00:00+00:00, run_after=2021-01-01 00:00:00+00:00
[2024-10-29T23:37:25.919+0000] {processor.py:183} INFO - Processing /home/airflow/.local/lib/python3.8/site-packages/airflow/example_dags/example_xcom.py took 0.072 seconds
[2024-10-29T23:37:56.782+0000] {processor.py:161} INFO - Started process (PID=472) to work on /home/airflow/.local/lib/python3.8/site-packages/airflow/example_dags/example_xcom.py
[2024-10-29T23:37:56.783+0000] {processor.py:830} INFO - Processing file /home/airflow/.local/lib/python3.8/site-packages/airflow/example_dags/example_xcom.py for tasks to queue
[2024-10-29T23:37:56.784+0000] {logging_mixin.py:188} INFO - [2024-10-29T23:37:56.784+0000] {dagbag.py:540} INFO - Filling up the DagBag from /home/airflow/.local/lib/python3.8/site-packages/airflow/example_dags/example_xcom.py
[2024-10-29T23:37:56.792+0000] {processor.py:840} INFO - DAG(s) 'example_xcom' retrieved from /home/airflow/.local/lib/python3.8/site-packages/airflow/example_dags/example_xcom.py
[2024-10-29T23:37:56.815+0000] {logging_mixin.py:188} INFO - [2024-10-29T23:37:56.815+0000] {dag.py:3047} INFO - Sync 1 DAGs
[2024-10-29T23:37:56.837+0000] {logging_mixin.py:188} INFO - [2024-10-29T23:37:56.837+0000] {dag.py:3834} INFO - Setting next_dagrun for example_xcom to 2021-01-01 00:00:00+00:00, run_after=2021-01-01 00:00:00+00:00
[2024-10-29T23:37:56.858+0000] {processor.py:183} INFO - Processing /home/airflow/.local/lib/python3.8/site-packages/airflow/example_dags/example_xcom.py took 0.079 seconds
[2024-10-29T23:38:27.291+0000] {processor.py:161} INFO - Started process (PID=528) to work on /home/airflow/.local/lib/python3.8/site-packages/airflow/example_dags/example_xcom.py
[2024-10-29T23:38:27.292+0000] {processor.py:830} INFO - Processing file /home/airflow/.local/lib/python3.8/site-packages/airflow/example_dags/example_xcom.py for tasks to queue
[2024-10-29T23:38:27.293+0000] {logging_mixin.py:188} INFO - [2024-10-29T23:38:27.293+0000] {dagbag.py:540} INFO - Filling up the DagBag from /home/airflow/.local/lib/python3.8/site-packages/airflow/example_dags/example_xcom.py
[2024-10-29T23:38:27.301+0000] {processor.py:840} INFO - DAG(s) 'example_xcom' retrieved from /home/airflow/.local/lib/python3.8/site-packages/airflow/example_dags/example_xcom.py
[2024-10-29T23:38:27.321+0000] {logging_mixin.py:188} INFO - [2024-10-29T23:38:27.321+0000] {dag.py:3047} INFO - Sync 1 DAGs
[2024-10-29T23:38:27.343+0000] {logging_mixin.py:188} INFO - [2024-10-29T23:38:27.343+0000] {dag.py:3834} INFO - Setting next_dagrun for example_xcom to 2021-01-01 00:00:00+00:00, run_after=2021-01-01 00:00:00+00:00
[2024-10-29T23:38:27.364+0000] {processor.py:183} INFO - Processing /home/airflow/.local/lib/python3.8/site-packages/airflow/example_dags/example_xcom.py took 0.076 seconds
[2024-10-29T23:38:58.036+0000] {processor.py:161} INFO - Started process (PID=584) to work on /home/airflow/.local/lib/python3.8/site-packages/airflow/example_dags/example_xcom.py
[2024-10-29T23:38:58.037+0000] {processor.py:830} INFO - Processing file /home/airflow/.local/lib/python3.8/site-packages/airflow/example_dags/example_xcom.py for tasks to queue
[2024-10-29T23:38:58.039+0000] {logging_mixin.py:188} INFO - [2024-10-29T23:38:58.039+0000] {dagbag.py:540} INFO - Filling up the DagBag from /home/airflow/.local/lib/python3.8/site-packages/airflow/example_dags/example_xcom.py
[2024-10-29T23:38:58.047+0000] {processor.py:840} INFO - DAG(s) 'example_xcom' retrieved from /home/airflow/.local/lib/python3.8/site-packages/airflow/example_dags/example_xcom.py
[2024-10-29T23:38:58.068+0000] {logging_mixin.py:188} INFO - [2024-10-29T23:38:58.068+0000] {dag.py:3047} INFO - Sync 1 DAGs
[2024-10-29T23:38:58.095+0000] {logging_mixin.py:188} INFO - [2024-10-29T23:38:58.094+0000] {dag.py:3834} INFO - Setting next_dagrun for example_xcom to 2021-01-01 00:00:00+00:00, run_after=2021-01-01 00:00:00+00:00
[2024-10-29T23:38:58.116+0000] {processor.py:183} INFO - Processing /home/airflow/.local/lib/python3.8/site-packages/airflow/example_dags/example_xcom.py took 0.082 seconds
[2024-10-29T23:39:28.240+0000] {processor.py:161} INFO - Started process (PID=640) to work on /home/airflow/.local/lib/python3.8/site-packages/airflow/example_dags/example_xcom.py
[2024-10-29T23:39:28.241+0000] {processor.py:830} INFO - Processing file /home/airflow/.local/lib/python3.8/site-packages/airflow/example_dags/example_xcom.py for tasks to queue
[2024-10-29T23:39:28.243+0000] {logging_mixin.py:188} INFO - [2024-10-29T23:39:28.242+0000] {dagbag.py:540} INFO - Filling up the DagBag from /home/airflow/.local/lib/python3.8/site-packages/airflow/example_dags/example_xcom.py
[2024-10-29T23:39:28.252+0000] {processor.py:840} INFO - DAG(s) 'example_xcom' retrieved from /home/airflow/.local/lib/python3.8/site-packages/airflow/example_dags/example_xcom.py
[2024-10-29T23:39:28.276+0000] {logging_mixin.py:188} INFO - [2024-10-29T23:39:28.275+0000] {dag.py:3047} INFO - Sync 1 DAGs
[2024-10-29T23:39:28.306+0000] {logging_mixin.py:188} INFO - [2024-10-29T23:39:28.306+0000] {dag.py:3834} INFO - Setting next_dagrun for example_xcom to 2021-01-01 00:00:00+00:00, run_after=2021-01-01 00:00:00+00:00
[2024-10-29T23:39:28.333+0000] {processor.py:183} INFO - Processing /home/airflow/.local/lib/python3.8/site-packages/airflow/example_dags/example_xcom.py took 0.096 seconds
[2024-10-29T23:39:58.996+0000] {processor.py:161} INFO - Started process (PID=696) to work on /home/airflow/.local/lib/python3.8/site-packages/airflow/example_dags/example_xcom.py
[2024-10-29T23:39:58.997+0000] {processor.py:830} INFO - Processing file /home/airflow/.local/lib/python3.8/site-packages/airflow/example_dags/example_xcom.py for tasks to queue
[2024-10-29T23:39:58.999+0000] {logging_mixin.py:188} INFO - [2024-10-29T23:39:58.999+0000] {dagbag.py:540} INFO - Filling up the DagBag from /home/airflow/.local/lib/python3.8/site-packages/airflow/example_dags/example_xcom.py
[2024-10-29T23:39:59.009+0000] {processor.py:840} INFO - DAG(s) 'example_xcom' retrieved from /home/airflow/.local/lib/python3.8/site-packages/airflow/example_dags/example_xcom.py
[2024-10-29T23:39:59.034+0000] {logging_mixin.py:188} INFO - [2024-10-29T23:39:59.034+0000] {dag.py:3047} INFO - Sync 1 DAGs
[2024-10-29T23:39:59.061+0000] {logging_mixin.py:188} INFO - [2024-10-29T23:39:59.061+0000] {dag.py:3834} INFO - Setting next_dagrun for example_xcom to 2021-01-01 00:00:00+00:00, run_after=2021-01-01 00:00:00+00:00
[2024-10-29T23:39:59.084+0000] {processor.py:183} INFO - Processing /home/airflow/.local/lib/python3.8/site-packages/airflow/example_dags/example_xcom.py took 0.093 seconds
[2024-10-29T23:40:29.484+0000] {processor.py:161} INFO - Started process (PID=752) to work on /home/airflow/.local/lib/python3.8/site-packages/airflow/example_dags/example_xcom.py
[2024-10-29T23:40:29.486+0000] {processor.py:830} INFO - Processing file /home/airflow/.local/lib/python3.8/site-packages/airflow/example_dags/example_xcom.py for tasks to queue
[2024-10-29T23:40:29.490+0000] {logging_mixin.py:188} INFO - [2024-10-29T23:40:29.489+0000] {dagbag.py:540} INFO - Filling up the DagBag from /home/airflow/.local/lib/python3.8/site-packages/airflow/example_dags/example_xcom.py
[2024-10-29T23:40:29.504+0000] {processor.py:840} INFO - DAG(s) 'example_xcom' retrieved from /home/airflow/.local/lib/python3.8/site-packages/airflow/example_dags/example_xcom.py
[2024-10-29T23:40:29.542+0000] {logging_mixin.py:188} INFO - [2024-10-29T23:40:29.542+0000] {dag.py:3047} INFO - Sync 1 DAGs
[2024-10-29T23:40:29.583+0000] {logging_mixin.py:188} INFO - [2024-10-29T23:40:29.582+0000] {dag.py:3834} INFO - Setting next_dagrun for example_xcom to 2021-01-01 00:00:00+00:00, run_after=2021-01-01 00:00:00+00:00
[2024-10-29T23:40:29.619+0000] {processor.py:183} INFO - Processing /home/airflow/.local/lib/python3.8/site-packages/airflow/example_dags/example_xcom.py took 0.140 seconds
[2024-10-29T23:40:59.676+0000] {processor.py:161} INFO - Started process (PID=807) to work on /home/airflow/.local/lib/python3.8/site-packages/airflow/example_dags/example_xcom.py
[2024-10-29T23:40:59.676+0000] {processor.py:830} INFO - Processing file /home/airflow/.local/lib/python3.8/site-packages/airflow/example_dags/example_xcom.py for tasks to queue
[2024-10-29T23:40:59.678+0000] {logging_mixin.py:188} INFO - [2024-10-29T23:40:59.678+0000] {dagbag.py:540} INFO - Filling up the DagBag from /home/airflow/.local/lib/python3.8/site-packages/airflow/example_dags/example_xcom.py
[2024-10-29T23:40:59.685+0000] {processor.py:840} INFO - DAG(s) 'example_xcom' retrieved from /home/airflow/.local/lib/python3.8/site-packages/airflow/example_dags/example_xcom.py
[2024-10-29T23:40:59.704+0000] {logging_mixin.py:188} INFO - [2024-10-29T23:40:59.703+0000] {dag.py:3047} INFO - Sync 1 DAGs
[2024-10-29T23:40:59.725+0000] {logging_mixin.py:188} INFO - [2024-10-29T23:40:59.725+0000] {dag.py:3834} INFO - Setting next_dagrun for example_xcom to 2021-01-01 00:00:00+00:00, run_after=2021-01-01 00:00:00+00:00
[2024-10-29T23:40:59.744+0000] {processor.py:183} INFO - Processing /home/airflow/.local/lib/python3.8/site-packages/airflow/example_dags/example_xcom.py took 0.071 seconds
[2024-10-29T23:41:30.805+0000] {processor.py:161} INFO - Started process (PID=869) to work on /home/airflow/.local/lib/python3.8/site-packages/airflow/example_dags/example_xcom.py
[2024-10-29T23:41:30.806+0000] {processor.py:830} INFO - Processing file /home/airflow/.local/lib/python3.8/site-packages/airflow/example_dags/example_xcom.py for tasks to queue
[2024-10-29T23:41:30.808+0000] {logging_mixin.py:188} INFO - [2024-10-29T23:41:30.807+0000] {dagbag.py:540} INFO - Filling up the DagBag from /home/airflow/.local/lib/python3.8/site-packages/airflow/example_dags/example_xcom.py
[2024-10-29T23:41:30.815+0000] {processor.py:840} INFO - DAG(s) 'example_xcom' retrieved from /home/airflow/.local/lib/python3.8/site-packages/airflow/example_dags/example_xcom.py
[2024-10-29T23:41:30.837+0000] {logging_mixin.py:188} INFO - [2024-10-29T23:41:30.837+0000] {dag.py:3047} INFO - Sync 1 DAGs
[2024-10-29T23:41:30.867+0000] {logging_mixin.py:188} INFO - [2024-10-29T23:41:30.866+0000] {dag.py:3834} INFO - Setting next_dagrun for example_xcom to 2021-01-01 00:00:00+00:00, run_after=2021-01-01 00:00:00+00:00
[2024-10-29T23:41:30.890+0000] {processor.py:183} INFO - Processing /home/airflow/.local/lib/python3.8/site-packages/airflow/example_dags/example_xcom.py took 0.088 seconds
[2024-10-29T23:42:01.261+0000] {processor.py:161} INFO - Started process (PID=925) to work on /home/airflow/.local/lib/python3.8/site-packages/airflow/example_dags/example_xcom.py
[2024-10-29T23:42:01.262+0000] {processor.py:830} INFO - Processing file /home/airflow/.local/lib/python3.8/site-packages/airflow/example_dags/example_xcom.py for tasks to queue
[2024-10-29T23:42:01.264+0000] {logging_mixin.py:188} INFO - [2024-10-29T23:42:01.263+0000] {dagbag.py:540} INFO - Filling up the DagBag from /home/airflow/.local/lib/python3.8/site-packages/airflow/example_dags/example_xcom.py
[2024-10-29T23:42:01.271+0000] {processor.py:840} INFO - DAG(s) 'example_xcom' retrieved from /home/airflow/.local/lib/python3.8/site-packages/airflow/example_dags/example_xcom.py
[2024-10-29T23:42:01.290+0000] {logging_mixin.py:188} INFO - [2024-10-29T23:42:01.290+0000] {dag.py:3047} INFO - Sync 1 DAGs
[2024-10-29T23:42:01.317+0000] {logging_mixin.py:188} INFO - [2024-10-29T23:42:01.317+0000] {dag.py:3834} INFO - Setting next_dagrun for example_xcom to 2021-01-01 00:00:00+00:00, run_after=2021-01-01 00:00:00+00:00
[2024-10-29T23:42:01.338+0000] {processor.py:183} INFO - Processing /home/airflow/.local/lib/python3.8/site-packages/airflow/example_dags/example_xcom.py took 0.079 seconds
[2024-10-29T23:42:32.314+0000] {processor.py:161} INFO - Started process (PID=981) to work on /home/airflow/.local/lib/python3.8/site-packages/airflow/example_dags/example_xcom.py
[2024-10-29T23:42:32.315+0000] {processor.py:830} INFO - Processing file /home/airflow/.local/lib/python3.8/site-packages/airflow/example_dags/example_xcom.py for tasks to queue
[2024-10-29T23:42:32.317+0000] {logging_mixin.py:188} INFO - [2024-10-29T23:42:32.317+0000] {dagbag.py:540} INFO - Filling up the DagBag from /home/airflow/.local/lib/python3.8/site-packages/airflow/example_dags/example_xcom.py
[2024-10-29T23:42:32.324+0000] {processor.py:840} INFO - DAG(s) 'example_xcom' retrieved from /home/airflow/.local/lib/python3.8/site-packages/airflow/example_dags/example_xcom.py
[2024-10-29T23:42:32.345+0000] {logging_mixin.py:188} INFO - [2024-10-29T23:42:32.344+0000] {dag.py:3047} INFO - Sync 1 DAGs
[2024-10-29T23:42:32.369+0000] {logging_mixin.py:188} INFO - [2024-10-29T23:42:32.369+0000] {dag.py:3834} INFO - Setting next_dagrun for example_xcom to 2021-01-01 00:00:00+00:00, run_after=2021-01-01 00:00:00+00:00
[2024-10-29T23:42:32.390+0000] {processor.py:183} INFO - Processing /home/airflow/.local/lib/python3.8/site-packages/airflow/example_dags/example_xcom.py took 0.079 seconds
[2024-10-29T23:43:03.111+0000] {processor.py:161} INFO - Started process (PID=1037) to work on /home/airflow/.local/lib/python3.8/site-packages/airflow/example_dags/example_xcom.py
[2024-10-29T23:43:03.111+0000] {processor.py:830} INFO - Processing file /home/airflow/.local/lib/python3.8/site-packages/airflow/example_dags/example_xcom.py for tasks to queue
[2024-10-29T23:43:03.113+0000] {logging_mixin.py:188} INFO - [2024-10-29T23:43:03.113+0000] {dagbag.py:540} INFO - Filling up the DagBag from /home/airflow/.local/lib/python3.8/site-packages/airflow/example_dags/example_xcom.py
[2024-10-29T23:43:03.120+0000] {processor.py:840} INFO - DAG(s) 'example_xcom' retrieved from /home/airflow/.local/lib/python3.8/site-packages/airflow/example_dags/example_xcom.py
[2024-10-29T23:43:03.139+0000] {logging_mixin.py:188} INFO - [2024-10-29T23:43:03.139+0000] {dag.py:3047} INFO - Sync 1 DAGs
[2024-10-29T23:43:03.164+0000] {logging_mixin.py:188} INFO - [2024-10-29T23:43:03.163+0000] {dag.py:3834} INFO - Setting next_dagrun for example_xcom to 2021-01-01 00:00:00+00:00, run_after=2021-01-01 00:00:00+00:00
[2024-10-29T23:43:03.192+0000] {processor.py:183} INFO - Processing /home/airflow/.local/lib/python3.8/site-packages/airflow/example_dags/example_xcom.py took 0.084 seconds
[2024-10-29T23:43:33.464+0000] {processor.py:161} INFO - Started process (PID=1093) to work on /home/airflow/.local/lib/python3.8/site-packages/airflow/example_dags/example_xcom.py
[2024-10-29T23:43:33.465+0000] {processor.py:830} INFO - Processing file /home/airflow/.local/lib/python3.8/site-packages/airflow/example_dags/example_xcom.py for tasks to queue
[2024-10-29T23:43:33.466+0000] {logging_mixin.py:188} INFO - [2024-10-29T23:43:33.466+0000] {dagbag.py:540} INFO - Filling up the DagBag from /home/airflow/.local/lib/python3.8/site-packages/airflow/example_dags/example_xcom.py
[2024-10-29T23:43:33.473+0000] {processor.py:840} INFO - DAG(s) 'example_xcom' retrieved from /home/airflow/.local/lib/python3.8/site-packages/airflow/example_dags/example_xcom.py
[2024-10-29T23:43:33.491+0000] {logging_mixin.py:188} INFO - [2024-10-29T23:43:33.491+0000] {dag.py:3047} INFO - Sync 1 DAGs
[2024-10-29T23:43:33.513+0000] {logging_mixin.py:188} INFO - [2024-10-29T23:43:33.513+0000] {dag.py:3834} INFO - Setting next_dagrun for example_xcom to 2021-01-01 00:00:00+00:00, run_after=2021-01-01 00:00:00+00:00
[2024-10-29T23:43:33.531+0000] {processor.py:183} INFO - Processing /home/airflow/.local/lib/python3.8/site-packages/airflow/example_dags/example_xcom.py took 0.070 seconds
[2024-10-29T23:44:04.039+0000] {processor.py:161} INFO - Started process (PID=1149) to work on /home/airflow/.local/lib/python3.8/site-packages/airflow/example_dags/example_xcom.py
[2024-10-29T23:44:04.040+0000] {processor.py:830} INFO - Processing file /home/airflow/.local/lib/python3.8/site-packages/airflow/example_dags/example_xcom.py for tasks to queue
[2024-10-29T23:44:04.042+0000] {logging_mixin.py:188} INFO - [2024-10-29T23:44:04.042+0000] {dagbag.py:540} INFO - Filling up the DagBag from /home/airflow/.local/lib/python3.8/site-packages/airflow/example_dags/example_xcom.py
[2024-10-29T23:44:04.051+0000] {processor.py:840} INFO - DAG(s) 'example_xcom' retrieved from /home/airflow/.local/lib/python3.8/site-packages/airflow/example_dags/example_xcom.py
[2024-10-29T23:44:04.074+0000] {logging_mixin.py:188} INFO - [2024-10-29T23:44:04.074+0000] {dag.py:3047} INFO - Sync 1 DAGs
[2024-10-29T23:44:04.110+0000] {logging_mixin.py:188} INFO - [2024-10-29T23:44:04.110+0000] {dag.py:3834} INFO - Setting next_dagrun for example_xcom to 2021-01-01 00:00:00+00:00, run_after=2021-01-01 00:00:00+00:00
[2024-10-29T23:44:04.137+0000] {processor.py:183} INFO - Processing /home/airflow/.local/lib/python3.8/site-packages/airflow/example_dags/example_xcom.py took 0.101 seconds
[2024-10-29T23:44:34.199+0000] {processor.py:161} INFO - Started process (PID=1205) to work on /home/airflow/.local/lib/python3.8/site-packages/airflow/example_dags/example_xcom.py
[2024-10-29T23:44:34.200+0000] {processor.py:830} INFO - Processing file /home/airflow/.local/lib/python3.8/site-packages/airflow/example_dags/example_xcom.py for tasks to queue
[2024-10-29T23:44:34.202+0000] {logging_mixin.py:188} INFO - [2024-10-29T23:44:34.201+0000] {dagbag.py:540} INFO - Filling up the DagBag from /home/airflow/.local/lib/python3.8/site-packages/airflow/example_dags/example_xcom.py
[2024-10-29T23:44:34.208+0000] {processor.py:840} INFO - DAG(s) 'example_xcom' retrieved from /home/airflow/.local/lib/python3.8/site-packages/airflow/example_dags/example_xcom.py
[2024-10-29T23:44:34.226+0000] {logging_mixin.py:188} INFO - [2024-10-29T23:44:34.226+0000] {dag.py:3047} INFO - Sync 1 DAGs
[2024-10-29T23:44:34.246+0000] {logging_mixin.py:188} INFO - [2024-10-29T23:44:34.246+0000] {dag.py:3834} INFO - Setting next_dagrun for example_xcom to 2021-01-01 00:00:00+00:00, run_after=2021-01-01 00:00:00+00:00
[2024-10-29T23:44:34.269+0000] {processor.py:183} INFO - Processing /home/airflow/.local/lib/python3.8/site-packages/airflow/example_dags/example_xcom.py took 0.073 seconds
[2024-10-29T23:45:04.545+0000] {processor.py:161} INFO - Started process (PID=1261) to work on /home/airflow/.local/lib/python3.8/site-packages/airflow/example_dags/example_xcom.py
[2024-10-29T23:45:04.546+0000] {processor.py:830} INFO - Processing file /home/airflow/.local/lib/python3.8/site-packages/airflow/example_dags/example_xcom.py for tasks to queue
[2024-10-29T23:45:04.547+0000] {logging_mixin.py:188} INFO - [2024-10-29T23:45:04.547+0000] {dagbag.py:540} INFO - Filling up the DagBag from /home/airflow/.local/lib/python3.8/site-packages/airflow/example_dags/example_xcom.py
[2024-10-29T23:45:04.556+0000] {processor.py:840} INFO - DAG(s) 'example_xcom' retrieved from /home/airflow/.local/lib/python3.8/site-packages/airflow/example_dags/example_xcom.py
[2024-10-29T23:45:04.584+0000] {logging_mixin.py:188} INFO - [2024-10-29T23:45:04.584+0000] {dag.py:3047} INFO - Sync 1 DAGs
[2024-10-29T23:45:04.614+0000] {logging_mixin.py:188} INFO - [2024-10-29T23:45:04.614+0000] {dag.py:3834} INFO - Setting next_dagrun for example_xcom to 2021-01-01 00:00:00+00:00, run_after=2021-01-01 00:00:00+00:00
[2024-10-29T23:45:04.635+0000] {processor.py:183} INFO - Processing /home/airflow/.local/lib/python3.8/site-packages/airflow/example_dags/example_xcom.py took 0.094 seconds
[2024-10-29T23:45:34.699+0000] {processor.py:161} INFO - Started process (PID=1317) to work on /home/airflow/.local/lib/python3.8/site-packages/airflow/example_dags/example_xcom.py
[2024-10-29T23:45:34.700+0000] {processor.py:830} INFO - Processing file /home/airflow/.local/lib/python3.8/site-packages/airflow/example_dags/example_xcom.py for tasks to queue
[2024-10-29T23:45:34.702+0000] {logging_mixin.py:188} INFO - [2024-10-29T23:45:34.701+0000] {dagbag.py:540} INFO - Filling up the DagBag from /home/airflow/.local/lib/python3.8/site-packages/airflow/example_dags/example_xcom.py
[2024-10-29T23:45:34.709+0000] {processor.py:840} INFO - DAG(s) 'example_xcom' retrieved from /home/airflow/.local/lib/python3.8/site-packages/airflow/example_dags/example_xcom.py
[2024-10-29T23:45:34.730+0000] {logging_mixin.py:188} INFO - [2024-10-29T23:45:34.729+0000] {dag.py:3047} INFO - Sync 1 DAGs
[2024-10-29T23:45:34.754+0000] {logging_mixin.py:188} INFO - [2024-10-29T23:45:34.754+0000] {dag.py:3834} INFO - Setting next_dagrun for example_xcom to 2021-01-01 00:00:00+00:00, run_after=2021-01-01 00:00:00+00:00
[2024-10-29T23:45:34.773+0000] {processor.py:183} INFO - Processing /home/airflow/.local/lib/python3.8/site-packages/airflow/example_dags/example_xcom.py took 0.076 seconds
[2024-10-29T23:46:05.329+0000] {processor.py:161} INFO - Started process (PID=1373) to work on /home/airflow/.local/lib/python3.8/site-packages/airflow/example_dags/example_xcom.py
[2024-10-29T23:46:05.331+0000] {processor.py:830} INFO - Processing file /home/airflow/.local/lib/python3.8/site-packages/airflow/example_dags/example_xcom.py for tasks to queue
[2024-10-29T23:46:05.334+0000] {logging_mixin.py:188} INFO - [2024-10-29T23:46:05.333+0000] {dagbag.py:540} INFO - Filling up the DagBag from /home/airflow/.local/lib/python3.8/site-packages/airflow/example_dags/example_xcom.py
[2024-10-29T23:46:05.346+0000] {processor.py:840} INFO - DAG(s) 'example_xcom' retrieved from /home/airflow/.local/lib/python3.8/site-packages/airflow/example_dags/example_xcom.py
[2024-10-29T23:46:05.377+0000] {logging_mixin.py:188} INFO - [2024-10-29T23:46:05.377+0000] {dag.py:3047} INFO - Sync 1 DAGs
[2024-10-29T23:46:05.412+0000] {logging_mixin.py:188} INFO - [2024-10-29T23:46:05.411+0000] {dag.py:3834} INFO - Setting next_dagrun for example_xcom to 2021-01-01 00:00:00+00:00, run_after=2021-01-01 00:00:00+00:00
[2024-10-29T23:46:05.436+0000] {processor.py:183} INFO - Processing /home/airflow/.local/lib/python3.8/site-packages/airflow/example_dags/example_xcom.py took 0.111 seconds
[2024-10-29T23:46:35.917+0000] {processor.py:161} INFO - Started process (PID=1429) to work on /home/airflow/.local/lib/python3.8/site-packages/airflow/example_dags/example_xcom.py
[2024-10-29T23:46:35.919+0000] {processor.py:830} INFO - Processing file /home/airflow/.local/lib/python3.8/site-packages/airflow/example_dags/example_xcom.py for tasks to queue
[2024-10-29T23:46:35.921+0000] {logging_mixin.py:188} INFO - [2024-10-29T23:46:35.921+0000] {dagbag.py:540} INFO - Filling up the DagBag from /home/airflow/.local/lib/python3.8/site-packages/airflow/example_dags/example_xcom.py
[2024-10-29T23:46:35.933+0000] {processor.py:840} INFO - DAG(s) 'example_xcom' retrieved from /home/airflow/.local/lib/python3.8/site-packages/airflow/example_dags/example_xcom.py
[2024-10-29T23:46:35.963+0000] {logging_mixin.py:188} INFO - [2024-10-29T23:46:35.963+0000] {dag.py:3047} INFO - Sync 1 DAGs
[2024-10-29T23:46:35.998+0000] {logging_mixin.py:188} INFO - [2024-10-29T23:46:35.997+0000] {dag.py:3834} INFO - Setting next_dagrun for example_xcom to 2021-01-01 00:00:00+00:00, run_after=2021-01-01 00:00:00+00:00
[2024-10-29T23:46:36.032+0000] {processor.py:183} INFO - Processing /home/airflow/.local/lib/python3.8/site-packages/airflow/example_dags/example_xcom.py took 0.120 seconds
[2024-10-29T23:47:07.408+0000] {processor.py:161} INFO - Started process (PID=1485) to work on /home/airflow/.local/lib/python3.8/site-packages/airflow/example_dags/example_xcom.py
[2024-10-29T23:47:07.414+0000] {processor.py:830} INFO - Processing file /home/airflow/.local/lib/python3.8/site-packages/airflow/example_dags/example_xcom.py for tasks to queue
[2024-10-29T23:47:07.421+0000] {logging_mixin.py:188} INFO - [2024-10-29T23:47:07.420+0000] {dagbag.py:540} INFO - Filling up the DagBag from /home/airflow/.local/lib/python3.8/site-packages/airflow/example_dags/example_xcom.py
[2024-10-29T23:47:07.446+0000] {processor.py:840} INFO - DAG(s) 'example_xcom' retrieved from /home/airflow/.local/lib/python3.8/site-packages/airflow/example_dags/example_xcom.py
[2024-10-29T23:47:07.487+0000] {logging_mixin.py:188} INFO - [2024-10-29T23:47:07.486+0000] {dag.py:3047} INFO - Sync 1 DAGs
[2024-10-29T23:47:07.533+0000] {logging_mixin.py:188} INFO - [2024-10-29T23:47:07.532+0000] {dag.py:3834} INFO - Setting next_dagrun for example_xcom to 2021-01-01 00:00:00+00:00, run_after=2021-01-01 00:00:00+00:00
[2024-10-29T23:47:07.574+0000] {processor.py:183} INFO - Processing /home/airflow/.local/lib/python3.8/site-packages/airflow/example_dags/example_xcom.py took 0.179 seconds
[2024-10-29T23:47:37.849+0000] {processor.py:161} INFO - Started process (PID=1541) to work on /home/airflow/.local/lib/python3.8/site-packages/airflow/example_dags/example_xcom.py
[2024-10-29T23:47:37.850+0000] {processor.py:830} INFO - Processing file /home/airflow/.local/lib/python3.8/site-packages/airflow/example_dags/example_xcom.py for tasks to queue
[2024-10-29T23:47:37.852+0000] {logging_mixin.py:188} INFO - [2024-10-29T23:47:37.851+0000] {dagbag.py:540} INFO - Filling up the DagBag from /home/airflow/.local/lib/python3.8/site-packages/airflow/example_dags/example_xcom.py
[2024-10-29T23:47:37.859+0000] {processor.py:840} INFO - DAG(s) 'example_xcom' retrieved from /home/airflow/.local/lib/python3.8/site-packages/airflow/example_dags/example_xcom.py
[2024-10-29T23:47:37.877+0000] {logging_mixin.py:188} INFO - [2024-10-29T23:47:37.877+0000] {dag.py:3047} INFO - Sync 1 DAGs
[2024-10-29T23:47:37.898+0000] {logging_mixin.py:188} INFO - [2024-10-29T23:47:37.898+0000] {dag.py:3834} INFO - Setting next_dagrun for example_xcom to 2021-01-01 00:00:00+00:00, run_after=2021-01-01 00:00:00+00:00
[2024-10-29T23:47:37.916+0000] {processor.py:183} INFO - Processing /home/airflow/.local/lib/python3.8/site-packages/airflow/example_dags/example_xcom.py took 0.069 seconds
[2024-10-29T23:48:08.198+0000] {processor.py:161} INFO - Started process (PID=1597) to work on /home/airflow/.local/lib/python3.8/site-packages/airflow/example_dags/example_xcom.py
[2024-10-29T23:48:08.199+0000] {processor.py:830} INFO - Processing file /home/airflow/.local/lib/python3.8/site-packages/airflow/example_dags/example_xcom.py for tasks to queue
[2024-10-29T23:48:08.201+0000] {logging_mixin.py:188} INFO - [2024-10-29T23:48:08.201+0000] {dagbag.py:540} INFO - Filling up the DagBag from /home/airflow/.local/lib/python3.8/site-packages/airflow/example_dags/example_xcom.py
[2024-10-29T23:48:08.208+0000] {processor.py:840} INFO - DAG(s) 'example_xcom' retrieved from /home/airflow/.local/lib/python3.8/site-packages/airflow/example_dags/example_xcom.py
[2024-10-29T23:48:08.228+0000] {logging_mixin.py:188} INFO - [2024-10-29T23:48:08.228+0000] {dag.py:3047} INFO - Sync 1 DAGs
[2024-10-29T23:48:08.249+0000] {logging_mixin.py:188} INFO - [2024-10-29T23:48:08.249+0000] {dag.py:3834} INFO - Setting next_dagrun for example_xcom to 2021-01-01 00:00:00+00:00, run_after=2021-01-01 00:00:00+00:00
[2024-10-29T23:48:08.265+0000] {processor.py:183} INFO - Processing /home/airflow/.local/lib/python3.8/site-packages/airflow/example_dags/example_xcom.py took 0.069 seconds
[2024-10-29T23:48:39.207+0000] {processor.py:161} INFO - Started process (PID=1653) to work on /home/airflow/.local/lib/python3.8/site-packages/airflow/example_dags/example_xcom.py
[2024-10-29T23:48:39.208+0000] {processor.py:830} INFO - Processing file /home/airflow/.local/lib/python3.8/site-packages/airflow/example_dags/example_xcom.py for tasks to queue
[2024-10-29T23:48:39.211+0000] {logging_mixin.py:188} INFO - [2024-10-29T23:48:39.210+0000] {dagbag.py:540} INFO - Filling up the DagBag from /home/airflow/.local/lib/python3.8/site-packages/airflow/example_dags/example_xcom.py
[2024-10-29T23:48:39.219+0000] {processor.py:840} INFO - DAG(s) 'example_xcom' retrieved from /home/airflow/.local/lib/python3.8/site-packages/airflow/example_dags/example_xcom.py
[2024-10-29T23:48:39.251+0000] {logging_mixin.py:188} INFO - [2024-10-29T23:48:39.250+0000] {dag.py:3047} INFO - Sync 1 DAGs
[2024-10-29T23:48:39.280+0000] {logging_mixin.py:188} INFO - [2024-10-29T23:48:39.280+0000] {dag.py:3834} INFO - Setting next_dagrun for example_xcom to 2021-01-01 00:00:00+00:00, run_after=2021-01-01 00:00:00+00:00
[2024-10-29T23:48:39.305+0000] {processor.py:183} INFO - Processing /home/airflow/.local/lib/python3.8/site-packages/airflow/example_dags/example_xcom.py took 0.101 seconds
[2024-10-29T23:49:10.001+0000] {processor.py:161} INFO - Started process (PID=1709) to work on /home/airflow/.local/lib/python3.8/site-packages/airflow/example_dags/example_xcom.py
[2024-10-29T23:49:10.002+0000] {processor.py:830} INFO - Processing file /home/airflow/.local/lib/python3.8/site-packages/airflow/example_dags/example_xcom.py for tasks to queue
[2024-10-29T23:49:10.005+0000] {logging_mixin.py:188} INFO - [2024-10-29T23:49:10.005+0000] {dagbag.py:540} INFO - Filling up the DagBag from /home/airflow/.local/lib/python3.8/site-packages/airflow/example_dags/example_xcom.py
[2024-10-29T23:49:10.019+0000] {processor.py:840} INFO - DAG(s) 'example_xcom' retrieved from /home/airflow/.local/lib/python3.8/site-packages/airflow/example_dags/example_xcom.py
[2024-10-29T23:49:10.055+0000] {logging_mixin.py:188} INFO - [2024-10-29T23:49:10.054+0000] {dag.py:3047} INFO - Sync 1 DAGs
[2024-10-29T23:49:10.095+0000] {logging_mixin.py:188} INFO - [2024-10-29T23:49:10.094+0000] {dag.py:3834} INFO - Setting next_dagrun for example_xcom to 2021-01-01 00:00:00+00:00, run_after=2021-01-01 00:00:00+00:00
[2024-10-29T23:49:10.125+0000] {processor.py:183} INFO - Processing /home/airflow/.local/lib/python3.8/site-packages/airflow/example_dags/example_xcom.py took 0.128 seconds
[2024-10-29T23:49:41.144+0000] {processor.py:161} INFO - Started process (PID=1765) to work on /home/airflow/.local/lib/python3.8/site-packages/airflow/example_dags/example_xcom.py
[2024-10-29T23:49:41.146+0000] {processor.py:830} INFO - Processing file /home/airflow/.local/lib/python3.8/site-packages/airflow/example_dags/example_xcom.py for tasks to queue
[2024-10-29T23:49:41.149+0000] {logging_mixin.py:188} INFO - [2024-10-29T23:49:41.148+0000] {dagbag.py:540} INFO - Filling up the DagBag from /home/airflow/.local/lib/python3.8/site-packages/airflow/example_dags/example_xcom.py
[2024-10-29T23:49:41.166+0000] {processor.py:840} INFO - DAG(s) 'example_xcom' retrieved from /home/airflow/.local/lib/python3.8/site-packages/airflow/example_dags/example_xcom.py
[2024-10-29T23:49:41.212+0000] {logging_mixin.py:188} INFO - [2024-10-29T23:49:41.211+0000] {dag.py:3047} INFO - Sync 1 DAGs
[2024-10-29T23:49:41.283+0000] {logging_mixin.py:188} INFO - [2024-10-29T23:49:41.282+0000] {dag.py:3834} INFO - Setting next_dagrun for example_xcom to 2021-01-01 00:00:00+00:00, run_after=2021-01-01 00:00:00+00:00
[2024-10-29T23:49:41.333+0000] {processor.py:183} INFO - Processing /home/airflow/.local/lib/python3.8/site-packages/airflow/example_dags/example_xcom.py took 0.193 seconds
[2024-10-29T23:50:12.257+0000] {processor.py:161} INFO - Started process (PID=1821) to work on /home/airflow/.local/lib/python3.8/site-packages/airflow/example_dags/example_xcom.py
[2024-10-29T23:50:12.262+0000] {processor.py:830} INFO - Processing file /home/airflow/.local/lib/python3.8/site-packages/airflow/example_dags/example_xcom.py for tasks to queue
[2024-10-29T23:50:12.264+0000] {logging_mixin.py:188} INFO - [2024-10-29T23:50:12.264+0000] {dagbag.py:540} INFO - Filling up the DagBag from /home/airflow/.local/lib/python3.8/site-packages/airflow/example_dags/example_xcom.py
[2024-10-29T23:50:12.273+0000] {processor.py:840} INFO - DAG(s) 'example_xcom' retrieved from /home/airflow/.local/lib/python3.8/site-packages/airflow/example_dags/example_xcom.py
[2024-10-29T23:50:12.300+0000] {logging_mixin.py:188} INFO - [2024-10-29T23:50:12.299+0000] {dag.py:3047} INFO - Sync 1 DAGs
[2024-10-29T23:50:12.330+0000] {logging_mixin.py:188} INFO - [2024-10-29T23:50:12.329+0000] {dag.py:3834} INFO - Setting next_dagrun for example_xcom to 2021-01-01 00:00:00+00:00, run_after=2021-01-01 00:00:00+00:00
[2024-10-29T23:50:12.352+0000] {processor.py:183} INFO - Processing /home/airflow/.local/lib/python3.8/site-packages/airflow/example_dags/example_xcom.py took 0.099 seconds
[2024-10-29T23:50:42.470+0000] {processor.py:161} INFO - Started process (PID=1877) to work on /home/airflow/.local/lib/python3.8/site-packages/airflow/example_dags/example_xcom.py
[2024-10-29T23:50:42.477+0000] {processor.py:830} INFO - Processing file /home/airflow/.local/lib/python3.8/site-packages/airflow/example_dags/example_xcom.py for tasks to queue
[2024-10-29T23:50:42.481+0000] {logging_mixin.py:188} INFO - [2024-10-29T23:50:42.480+0000] {dagbag.py:540} INFO - Filling up the DagBag from /home/airflow/.local/lib/python3.8/site-packages/airflow/example_dags/example_xcom.py
[2024-10-29T23:50:42.497+0000] {processor.py:840} INFO - DAG(s) 'example_xcom' retrieved from /home/airflow/.local/lib/python3.8/site-packages/airflow/example_dags/example_xcom.py
[2024-10-29T23:50:42.525+0000] {logging_mixin.py:188} INFO - [2024-10-29T23:50:42.525+0000] {dag.py:3047} INFO - Sync 1 DAGs
[2024-10-29T23:50:42.548+0000] {logging_mixin.py:188} INFO - [2024-10-29T23:50:42.547+0000] {dag.py:3834} INFO - Setting next_dagrun for example_xcom to 2021-01-01 00:00:00+00:00, run_after=2021-01-01 00:00:00+00:00
[2024-10-29T23:50:42.565+0000] {processor.py:183} INFO - Processing /home/airflow/.local/lib/python3.8/site-packages/airflow/example_dags/example_xcom.py took 0.104 seconds
[2024-10-29T23:51:13.488+0000] {processor.py:161} INFO - Started process (PID=1933) to work on /home/airflow/.local/lib/python3.8/site-packages/airflow/example_dags/example_xcom.py
[2024-10-29T23:51:13.496+0000] {processor.py:830} INFO - Processing file /home/airflow/.local/lib/python3.8/site-packages/airflow/example_dags/example_xcom.py for tasks to queue
[2024-10-29T23:51:13.500+0000] {logging_mixin.py:188} INFO - [2024-10-29T23:51:13.499+0000] {dagbag.py:540} INFO - Filling up the DagBag from /home/airflow/.local/lib/python3.8/site-packages/airflow/example_dags/example_xcom.py
[2024-10-29T23:51:13.523+0000] {processor.py:840} INFO - DAG(s) 'example_xcom' retrieved from /home/airflow/.local/lib/python3.8/site-packages/airflow/example_dags/example_xcom.py
[2024-10-29T23:51:13.583+0000] {logging_mixin.py:188} INFO - [2024-10-29T23:51:13.583+0000] {dag.py:3047} INFO - Sync 1 DAGs
[2024-10-29T23:51:13.671+0000] {logging_mixin.py:188} INFO - [2024-10-29T23:51:13.670+0000] {dag.py:3834} INFO - Setting next_dagrun for example_xcom to 2021-01-01 00:00:00+00:00, run_after=2021-01-01 00:00:00+00:00
[2024-10-29T23:51:13.731+0000] {processor.py:183} INFO - Processing /home/airflow/.local/lib/python3.8/site-packages/airflow/example_dags/example_xcom.py took 0.251 seconds
[2024-10-29T23:51:43.803+0000] {processor.py:161} INFO - Started process (PID=1988) to work on /home/airflow/.local/lib/python3.8/site-packages/airflow/example_dags/example_xcom.py
[2024-10-29T23:51:43.808+0000] {processor.py:830} INFO - Processing file /home/airflow/.local/lib/python3.8/site-packages/airflow/example_dags/example_xcom.py for tasks to queue
[2024-10-29T23:51:43.810+0000] {logging_mixin.py:188} INFO - [2024-10-29T23:51:43.809+0000] {dagbag.py:540} INFO - Filling up the DagBag from /home/airflow/.local/lib/python3.8/site-packages/airflow/example_dags/example_xcom.py
[2024-10-29T23:51:43.815+0000] {processor.py:840} INFO - DAG(s) 'example_xcom' retrieved from /home/airflow/.local/lib/python3.8/site-packages/airflow/example_dags/example_xcom.py
[2024-10-29T23:51:43.835+0000] {logging_mixin.py:188} INFO - [2024-10-29T23:51:43.835+0000] {dag.py:3047} INFO - Sync 1 DAGs
[2024-10-29T23:51:43.858+0000] {logging_mixin.py:188} INFO - [2024-10-29T23:51:43.858+0000] {dag.py:3834} INFO - Setting next_dagrun for example_xcom to 2021-01-01 00:00:00+00:00, run_after=2021-01-01 00:00:00+00:00
[2024-10-29T23:51:43.880+0000] {processor.py:183} INFO - Processing /home/airflow/.local/lib/python3.8/site-packages/airflow/example_dags/example_xcom.py took 0.079 seconds
[2024-10-29T23:52:14.254+0000] {processor.py:161} INFO - Started process (PID=2044) to work on /home/airflow/.local/lib/python3.8/site-packages/airflow/example_dags/example_xcom.py
[2024-10-29T23:52:14.261+0000] {processor.py:830} INFO - Processing file /home/airflow/.local/lib/python3.8/site-packages/airflow/example_dags/example_xcom.py for tasks to queue
[2024-10-29T23:52:14.266+0000] {logging_mixin.py:188} INFO - [2024-10-29T23:52:14.265+0000] {dagbag.py:540} INFO - Filling up the DagBag from /home/airflow/.local/lib/python3.8/site-packages/airflow/example_dags/example_xcom.py
[2024-10-29T23:52:14.288+0000] {processor.py:840} INFO - DAG(s) 'example_xcom' retrieved from /home/airflow/.local/lib/python3.8/site-packages/airflow/example_dags/example_xcom.py
[2024-10-29T23:52:14.344+0000] {logging_mixin.py:188} INFO - [2024-10-29T23:52:14.343+0000] {dag.py:3047} INFO - Sync 1 DAGs
[2024-10-29T23:52:14.419+0000] {logging_mixin.py:188} INFO - [2024-10-29T23:52:14.418+0000] {dag.py:3834} INFO - Setting next_dagrun for example_xcom to 2021-01-01 00:00:00+00:00, run_after=2021-01-01 00:00:00+00:00
[2024-10-29T23:52:14.478+0000] {processor.py:183} INFO - Processing /home/airflow/.local/lib/python3.8/site-packages/airflow/example_dags/example_xcom.py took 0.232 seconds
[2024-10-29T23:52:44.543+0000] {processor.py:161} INFO - Started process (PID=2100) to work on /home/airflow/.local/lib/python3.8/site-packages/airflow/example_dags/example_xcom.py
[2024-10-29T23:52:44.549+0000] {processor.py:830} INFO - Processing file /home/airflow/.local/lib/python3.8/site-packages/airflow/example_dags/example_xcom.py for tasks to queue
[2024-10-29T23:52:44.551+0000] {logging_mixin.py:188} INFO - [2024-10-29T23:52:44.551+0000] {dagbag.py:540} INFO - Filling up the DagBag from /home/airflow/.local/lib/python3.8/site-packages/airflow/example_dags/example_xcom.py
[2024-10-29T23:52:44.559+0000] {processor.py:840} INFO - DAG(s) 'example_xcom' retrieved from /home/airflow/.local/lib/python3.8/site-packages/airflow/example_dags/example_xcom.py
[2024-10-29T23:52:44.583+0000] {logging_mixin.py:188} INFO - [2024-10-29T23:52:44.583+0000] {dag.py:3047} INFO - Sync 1 DAGs
[2024-10-29T23:52:44.609+0000] {logging_mixin.py:188} INFO - [2024-10-29T23:52:44.609+0000] {dag.py:3834} INFO - Setting next_dagrun for example_xcom to 2021-01-01 00:00:00+00:00, run_after=2021-01-01 00:00:00+00:00
[2024-10-29T23:52:44.634+0000] {processor.py:183} INFO - Processing /home/airflow/.local/lib/python3.8/site-packages/airflow/example_dags/example_xcom.py took 0.095 seconds
[2024-10-29T23:53:14.838+0000] {processor.py:161} INFO - Started process (PID=2156) to work on /home/airflow/.local/lib/python3.8/site-packages/airflow/example_dags/example_xcom.py
[2024-10-29T23:53:14.839+0000] {processor.py:830} INFO - Processing file /home/airflow/.local/lib/python3.8/site-packages/airflow/example_dags/example_xcom.py for tasks to queue
[2024-10-29T23:53:14.841+0000] {logging_mixin.py:188} INFO - [2024-10-29T23:53:14.841+0000] {dagbag.py:540} INFO - Filling up the DagBag from /home/airflow/.local/lib/python3.8/site-packages/airflow/example_dags/example_xcom.py
[2024-10-29T23:53:14.846+0000] {processor.py:840} INFO - DAG(s) 'example_xcom' retrieved from /home/airflow/.local/lib/python3.8/site-packages/airflow/example_dags/example_xcom.py
[2024-10-29T23:53:14.861+0000] {logging_mixin.py:188} INFO - [2024-10-29T23:53:14.861+0000] {dag.py:3047} INFO - Sync 1 DAGs
[2024-10-29T23:53:14.879+0000] {logging_mixin.py:188} INFO - [2024-10-29T23:53:14.878+0000] {dag.py:3834} INFO - Setting next_dagrun for example_xcom to 2021-01-01 00:00:00+00:00, run_after=2021-01-01 00:00:00+00:00
[2024-10-29T23:53:14.896+0000] {processor.py:183} INFO - Processing /home/airflow/.local/lib/python3.8/site-packages/airflow/example_dags/example_xcom.py took 0.060 seconds
[2024-10-29T23:53:45.333+0000] {processor.py:161} INFO - Started process (PID=2212) to work on /home/airflow/.local/lib/python3.8/site-packages/airflow/example_dags/example_xcom.py
[2024-10-29T23:53:45.338+0000] {processor.py:830} INFO - Processing file /home/airflow/.local/lib/python3.8/site-packages/airflow/example_dags/example_xcom.py for tasks to queue
[2024-10-29T23:53:45.341+0000] {logging_mixin.py:188} INFO - [2024-10-29T23:53:45.340+0000] {dagbag.py:540} INFO - Filling up the DagBag from /home/airflow/.local/lib/python3.8/site-packages/airflow/example_dags/example_xcom.py
[2024-10-29T23:53:45.347+0000] {processor.py:840} INFO - DAG(s) 'example_xcom' retrieved from /home/airflow/.local/lib/python3.8/site-packages/airflow/example_dags/example_xcom.py
[2024-10-29T23:53:45.373+0000] {logging_mixin.py:188} INFO - [2024-10-29T23:53:45.373+0000] {dag.py:3047} INFO - Sync 1 DAGs
[2024-10-29T23:53:45.401+0000] {logging_mixin.py:188} INFO - [2024-10-29T23:53:45.401+0000] {dag.py:3834} INFO - Setting next_dagrun for example_xcom to 2021-01-01 00:00:00+00:00, run_after=2021-01-01 00:00:00+00:00
[2024-10-29T23:53:45.424+0000] {processor.py:183} INFO - Processing /home/airflow/.local/lib/python3.8/site-packages/airflow/example_dags/example_xcom.py took 0.093 seconds
[2024-10-29T23:54:15.580+0000] {processor.py:161} INFO - Started process (PID=2268) to work on /home/airflow/.local/lib/python3.8/site-packages/airflow/example_dags/example_xcom.py
[2024-10-29T23:54:15.581+0000] {processor.py:830} INFO - Processing file /home/airflow/.local/lib/python3.8/site-packages/airflow/example_dags/example_xcom.py for tasks to queue
[2024-10-29T23:54:15.582+0000] {logging_mixin.py:188} INFO - [2024-10-29T23:54:15.582+0000] {dagbag.py:540} INFO - Filling up the DagBag from /home/airflow/.local/lib/python3.8/site-packages/airflow/example_dags/example_xcom.py
[2024-10-29T23:54:15.587+0000] {processor.py:840} INFO - DAG(s) 'example_xcom' retrieved from /home/airflow/.local/lib/python3.8/site-packages/airflow/example_dags/example_xcom.py
[2024-10-29T23:54:15.603+0000] {logging_mixin.py:188} INFO - [2024-10-29T23:54:15.603+0000] {dag.py:3047} INFO - Sync 1 DAGs
[2024-10-29T23:54:15.621+0000] {logging_mixin.py:188} INFO - [2024-10-29T23:54:15.620+0000] {dag.py:3834} INFO - Setting next_dagrun for example_xcom to 2021-01-01 00:00:00+00:00, run_after=2021-01-01 00:00:00+00:00
[2024-10-29T23:54:15.635+0000] {processor.py:183} INFO - Processing /home/airflow/.local/lib/python3.8/site-packages/airflow/example_dags/example_xcom.py took 0.057 seconds
[2024-10-29T23:54:46.126+0000] {processor.py:161} INFO - Started process (PID=2324) to work on /home/airflow/.local/lib/python3.8/site-packages/airflow/example_dags/example_xcom.py
[2024-10-29T23:54:46.128+0000] {processor.py:830} INFO - Processing file /home/airflow/.local/lib/python3.8/site-packages/airflow/example_dags/example_xcom.py for tasks to queue
[2024-10-29T23:54:46.130+0000] {logging_mixin.py:188} INFO - [2024-10-29T23:54:46.129+0000] {dagbag.py:540} INFO - Filling up the DagBag from /home/airflow/.local/lib/python3.8/site-packages/airflow/example_dags/example_xcom.py
[2024-10-29T23:54:46.141+0000] {processor.py:840} INFO - DAG(s) 'example_xcom' retrieved from /home/airflow/.local/lib/python3.8/site-packages/airflow/example_dags/example_xcom.py
[2024-10-29T23:54:46.174+0000] {logging_mixin.py:188} INFO - [2024-10-29T23:54:46.173+0000] {dag.py:3047} INFO - Sync 1 DAGs
[2024-10-29T23:54:46.213+0000] {logging_mixin.py:188} INFO - [2024-10-29T23:54:46.212+0000] {dag.py:3834} INFO - Setting next_dagrun for example_xcom to 2021-01-01 00:00:00+00:00, run_after=2021-01-01 00:00:00+00:00
[2024-10-29T23:54:46.243+0000] {processor.py:183} INFO - Processing /home/airflow/.local/lib/python3.8/site-packages/airflow/example_dags/example_xcom.py took 0.122 seconds
[2024-10-29T23:55:16.417+0000] {processor.py:161} INFO - Started process (PID=2380) to work on /home/airflow/.local/lib/python3.8/site-packages/airflow/example_dags/example_xcom.py
[2024-10-29T23:55:16.419+0000] {processor.py:830} INFO - Processing file /home/airflow/.local/lib/python3.8/site-packages/airflow/example_dags/example_xcom.py for tasks to queue
[2024-10-29T23:55:16.424+0000] {logging_mixin.py:188} INFO - [2024-10-29T23:55:16.423+0000] {dagbag.py:540} INFO - Filling up the DagBag from /home/airflow/.local/lib/python3.8/site-packages/airflow/example_dags/example_xcom.py
[2024-10-29T23:55:16.445+0000] {processor.py:840} INFO - DAG(s) 'example_xcom' retrieved from /home/airflow/.local/lib/python3.8/site-packages/airflow/example_dags/example_xcom.py
[2024-10-29T23:55:16.504+0000] {logging_mixin.py:188} INFO - [2024-10-29T23:55:16.503+0000] {dag.py:3047} INFO - Sync 1 DAGs
[2024-10-29T23:55:16.546+0000] {logging_mixin.py:188} INFO - [2024-10-29T23:55:16.546+0000] {dag.py:3834} INFO - Setting next_dagrun for example_xcom to 2021-01-01 00:00:00+00:00, run_after=2021-01-01 00:00:00+00:00
[2024-10-29T23:55:16.571+0000] {processor.py:183} INFO - Processing /home/airflow/.local/lib/python3.8/site-packages/airflow/example_dags/example_xcom.py took 0.162 seconds
[2024-10-29T23:55:46.787+0000] {processor.py:161} INFO - Started process (PID=2436) to work on /home/airflow/.local/lib/python3.8/site-packages/airflow/example_dags/example_xcom.py
[2024-10-29T23:55:46.789+0000] {processor.py:830} INFO - Processing file /home/airflow/.local/lib/python3.8/site-packages/airflow/example_dags/example_xcom.py for tasks to queue
[2024-10-29T23:55:46.793+0000] {logging_mixin.py:188} INFO - [2024-10-29T23:55:46.793+0000] {dagbag.py:540} INFO - Filling up the DagBag from /home/airflow/.local/lib/python3.8/site-packages/airflow/example_dags/example_xcom.py
[2024-10-29T23:55:46.814+0000] {processor.py:840} INFO - DAG(s) 'example_xcom' retrieved from /home/airflow/.local/lib/python3.8/site-packages/airflow/example_dags/example_xcom.py
[2024-10-29T23:55:46.874+0000] {logging_mixin.py:188} INFO - [2024-10-29T23:55:46.874+0000] {dag.py:3047} INFO - Sync 1 DAGs
[2024-10-29T23:55:46.917+0000] {logging_mixin.py:188} INFO - [2024-10-29T23:55:46.917+0000] {dag.py:3834} INFO - Setting next_dagrun for example_xcom to 2021-01-01 00:00:00+00:00, run_after=2021-01-01 00:00:00+00:00
[2024-10-29T23:55:46.935+0000] {processor.py:183} INFO - Processing /home/airflow/.local/lib/python3.8/site-packages/airflow/example_dags/example_xcom.py took 0.156 seconds
[2024-10-29T23:56:17.592+0000] {processor.py:161} INFO - Started process (PID=2492) to work on /home/airflow/.local/lib/python3.8/site-packages/airflow/example_dags/example_xcom.py
[2024-10-29T23:56:17.593+0000] {processor.py:830} INFO - Processing file /home/airflow/.local/lib/python3.8/site-packages/airflow/example_dags/example_xcom.py for tasks to queue
[2024-10-29T23:56:17.594+0000] {logging_mixin.py:188} INFO - [2024-10-29T23:56:17.594+0000] {dagbag.py:540} INFO - Filling up the DagBag from /home/airflow/.local/lib/python3.8/site-packages/airflow/example_dags/example_xcom.py
[2024-10-29T23:56:17.603+0000] {processor.py:840} INFO - DAG(s) 'example_xcom' retrieved from /home/airflow/.local/lib/python3.8/site-packages/airflow/example_dags/example_xcom.py
[2024-10-29T23:56:17.628+0000] {logging_mixin.py:188} INFO - [2024-10-29T23:56:17.628+0000] {dag.py:3047} INFO - Sync 1 DAGs
[2024-10-29T23:56:17.661+0000] {logging_mixin.py:188} INFO - [2024-10-29T23:56:17.661+0000] {dag.py:3834} INFO - Setting next_dagrun for example_xcom to 2021-01-01 00:00:00+00:00, run_after=2021-01-01 00:00:00+00:00
[2024-10-29T23:56:17.690+0000] {processor.py:183} INFO - Processing /home/airflow/.local/lib/python3.8/site-packages/airflow/example_dags/example_xcom.py took 0.101 seconds
[2024-10-29T23:56:48.134+0000] {processor.py:161} INFO - Started process (PID=2548) to work on /home/airflow/.local/lib/python3.8/site-packages/airflow/example_dags/example_xcom.py
[2024-10-29T23:56:48.135+0000] {processor.py:830} INFO - Processing file /home/airflow/.local/lib/python3.8/site-packages/airflow/example_dags/example_xcom.py for tasks to queue
[2024-10-29T23:56:48.136+0000] {logging_mixin.py:188} INFO - [2024-10-29T23:56:48.136+0000] {dagbag.py:540} INFO - Filling up the DagBag from /home/airflow/.local/lib/python3.8/site-packages/airflow/example_dags/example_xcom.py
[2024-10-29T23:56:48.144+0000] {processor.py:840} INFO - DAG(s) 'example_xcom' retrieved from /home/airflow/.local/lib/python3.8/site-packages/airflow/example_dags/example_xcom.py
[2024-10-29T23:56:48.169+0000] {logging_mixin.py:188} INFO - [2024-10-29T23:56:48.168+0000] {dag.py:3047} INFO - Sync 1 DAGs
[2024-10-29T23:56:48.203+0000] {logging_mixin.py:188} INFO - [2024-10-29T23:56:48.203+0000] {dag.py:3834} INFO - Setting next_dagrun for example_xcom to 2021-01-01 00:00:00+00:00, run_after=2021-01-01 00:00:00+00:00
[2024-10-29T23:56:48.229+0000] {processor.py:183} INFO - Processing /home/airflow/.local/lib/python3.8/site-packages/airflow/example_dags/example_xcom.py took 0.098 seconds
[2024-10-29T23:57:18.891+0000] {processor.py:161} INFO - Started process (PID=2604) to work on /home/airflow/.local/lib/python3.8/site-packages/airflow/example_dags/example_xcom.py
[2024-10-29T23:57:18.891+0000] {processor.py:830} INFO - Processing file /home/airflow/.local/lib/python3.8/site-packages/airflow/example_dags/example_xcom.py for tasks to queue
[2024-10-29T23:57:18.893+0000] {logging_mixin.py:188} INFO - [2024-10-29T23:57:18.892+0000] {dagbag.py:540} INFO - Filling up the DagBag from /home/airflow/.local/lib/python3.8/site-packages/airflow/example_dags/example_xcom.py
[2024-10-29T23:57:18.899+0000] {processor.py:840} INFO - DAG(s) 'example_xcom' retrieved from /home/airflow/.local/lib/python3.8/site-packages/airflow/example_dags/example_xcom.py
[2024-10-29T23:57:18.916+0000] {logging_mixin.py:188} INFO - [2024-10-29T23:57:18.916+0000] {dag.py:3047} INFO - Sync 1 DAGs
[2024-10-29T23:57:18.936+0000] {logging_mixin.py:188} INFO - [2024-10-29T23:57:18.936+0000] {dag.py:3834} INFO - Setting next_dagrun for example_xcom to 2021-01-01 00:00:00+00:00, run_after=2021-01-01 00:00:00+00:00
[2024-10-29T23:57:18.957+0000] {processor.py:183} INFO - Processing /home/airflow/.local/lib/python3.8/site-packages/airflow/example_dags/example_xcom.py took 0.069 seconds
[2024-10-29T23:57:49.158+0000] {processor.py:161} INFO - Started process (PID=2659) to work on /home/airflow/.local/lib/python3.8/site-packages/airflow/example_dags/example_xcom.py
[2024-10-29T23:57:49.160+0000] {processor.py:830} INFO - Processing file /home/airflow/.local/lib/python3.8/site-packages/airflow/example_dags/example_xcom.py for tasks to queue
[2024-10-29T23:57:49.165+0000] {logging_mixin.py:188} INFO - [2024-10-29T23:57:49.164+0000] {dagbag.py:540} INFO - Filling up the DagBag from /home/airflow/.local/lib/python3.8/site-packages/airflow/example_dags/example_xcom.py
[2024-10-29T23:57:49.187+0000] {processor.py:840} INFO - DAG(s) 'example_xcom' retrieved from /home/airflow/.local/lib/python3.8/site-packages/airflow/example_dags/example_xcom.py
[2024-10-29T23:57:49.249+0000] {logging_mixin.py:188} INFO - [2024-10-29T23:57:49.248+0000] {dag.py:3047} INFO - Sync 1 DAGs
[2024-10-29T23:57:49.340+0000] {logging_mixin.py:188} INFO - [2024-10-29T23:57:49.339+0000] {dag.py:3834} INFO - Setting next_dagrun for example_xcom to 2021-01-01 00:00:00+00:00, run_after=2021-01-01 00:00:00+00:00
[2024-10-29T23:57:49.403+0000] {processor.py:183} INFO - Processing /home/airflow/.local/lib/python3.8/site-packages/airflow/example_dags/example_xcom.py took 0.255 seconds
[2024-10-29T23:58:19.942+0000] {processor.py:161} INFO - Started process (PID=2716) to work on /home/airflow/.local/lib/python3.8/site-packages/airflow/example_dags/example_xcom.py
[2024-10-29T23:58:19.943+0000] {processor.py:830} INFO - Processing file /home/airflow/.local/lib/python3.8/site-packages/airflow/example_dags/example_xcom.py for tasks to queue
[2024-10-29T23:58:19.946+0000] {logging_mixin.py:188} INFO - [2024-10-29T23:58:19.945+0000] {dagbag.py:540} INFO - Filling up the DagBag from /home/airflow/.local/lib/python3.8/site-packages/airflow/example_dags/example_xcom.py
[2024-10-29T23:58:19.958+0000] {processor.py:840} INFO - DAG(s) 'example_xcom' retrieved from /home/airflow/.local/lib/python3.8/site-packages/airflow/example_dags/example_xcom.py
[2024-10-29T23:58:19.981+0000] {logging_mixin.py:188} INFO - [2024-10-29T23:58:19.981+0000] {dag.py:3047} INFO - Sync 1 DAGs
[2024-10-29T23:58:20.007+0000] {logging_mixin.py:188} INFO - [2024-10-29T23:58:20.007+0000] {dag.py:3834} INFO - Setting next_dagrun for example_xcom to 2021-01-01 00:00:00+00:00, run_after=2021-01-01 00:00:00+00:00
[2024-10-29T23:58:20.028+0000] {processor.py:183} INFO - Processing /home/airflow/.local/lib/python3.8/site-packages/airflow/example_dags/example_xcom.py took 0.090 seconds
[2024-10-29T23:58:51.006+0000] {processor.py:161} INFO - Started process (PID=2772) to work on /home/airflow/.local/lib/python3.8/site-packages/airflow/example_dags/example_xcom.py
[2024-10-29T23:58:51.007+0000] {processor.py:830} INFO - Processing file /home/airflow/.local/lib/python3.8/site-packages/airflow/example_dags/example_xcom.py for tasks to queue
[2024-10-29T23:58:51.009+0000] {logging_mixin.py:188} INFO - [2024-10-29T23:58:51.008+0000] {dagbag.py:540} INFO - Filling up the DagBag from /home/airflow/.local/lib/python3.8/site-packages/airflow/example_dags/example_xcom.py
[2024-10-29T23:58:51.016+0000] {processor.py:840} INFO - DAG(s) 'example_xcom' retrieved from /home/airflow/.local/lib/python3.8/site-packages/airflow/example_dags/example_xcom.py
[2024-10-29T23:58:51.040+0000] {logging_mixin.py:188} INFO - [2024-10-29T23:58:51.040+0000] {dag.py:3047} INFO - Sync 1 DAGs
[2024-10-29T23:58:51.064+0000] {logging_mixin.py:188} INFO - [2024-10-29T23:58:51.064+0000] {dag.py:3834} INFO - Setting next_dagrun for example_xcom to 2021-01-01 00:00:00+00:00, run_after=2021-01-01 00:00:00+00:00
[2024-10-29T23:58:51.086+0000] {processor.py:183} INFO - Processing /home/airflow/.local/lib/python3.8/site-packages/airflow/example_dags/example_xcom.py took 0.083 seconds
[2024-10-29T23:59:21.427+0000] {processor.py:161} INFO - Started process (PID=2828) to work on /home/airflow/.local/lib/python3.8/site-packages/airflow/example_dags/example_xcom.py
[2024-10-29T23:59:21.428+0000] {processor.py:830} INFO - Processing file /home/airflow/.local/lib/python3.8/site-packages/airflow/example_dags/example_xcom.py for tasks to queue
[2024-10-29T23:59:21.430+0000] {logging_mixin.py:188} INFO - [2024-10-29T23:59:21.429+0000] {dagbag.py:540} INFO - Filling up the DagBag from /home/airflow/.local/lib/python3.8/site-packages/airflow/example_dags/example_xcom.py
[2024-10-29T23:59:21.437+0000] {processor.py:840} INFO - DAG(s) 'example_xcom' retrieved from /home/airflow/.local/lib/python3.8/site-packages/airflow/example_dags/example_xcom.py
[2024-10-29T23:59:21.455+0000] {logging_mixin.py:188} INFO - [2024-10-29T23:59:21.455+0000] {dag.py:3047} INFO - Sync 1 DAGs
[2024-10-29T23:59:21.476+0000] {logging_mixin.py:188} INFO - [2024-10-29T23:59:21.476+0000] {dag.py:3834} INFO - Setting next_dagrun for example_xcom to 2021-01-01 00:00:00+00:00, run_after=2021-01-01 00:00:00+00:00
[2024-10-29T23:59:21.492+0000] {processor.py:183} INFO - Processing /home/airflow/.local/lib/python3.8/site-packages/airflow/example_dags/example_xcom.py took 0.067 seconds
[2024-10-29T23:59:51.882+0000] {processor.py:161} INFO - Started process (PID=2884) to work on /home/airflow/.local/lib/python3.8/site-packages/airflow/example_dags/example_xcom.py
[2024-10-29T23:59:51.884+0000] {processor.py:830} INFO - Processing file /home/airflow/.local/lib/python3.8/site-packages/airflow/example_dags/example_xcom.py for tasks to queue
[2024-10-29T23:59:51.889+0000] {logging_mixin.py:188} INFO - [2024-10-29T23:59:51.888+0000] {dagbag.py:540} INFO - Filling up the DagBag from /home/airflow/.local/lib/python3.8/site-packages/airflow/example_dags/example_xcom.py
[2024-10-29T23:59:51.910+0000] {processor.py:840} INFO - DAG(s) 'example_xcom' retrieved from /home/airflow/.local/lib/python3.8/site-packages/airflow/example_dags/example_xcom.py
[2024-10-29T23:59:51.963+0000] {logging_mixin.py:188} INFO - [2024-10-29T23:59:51.963+0000] {dag.py:3047} INFO - Sync 1 DAGs
[2024-10-29T23:59:51.991+0000] {logging_mixin.py:188} INFO - [2024-10-29T23:59:51.991+0000] {dag.py:3834} INFO - Setting next_dagrun for example_xcom to 2021-01-01 00:00:00+00:00, run_after=2021-01-01 00:00:00+00:00
[2024-10-29T23:59:52.007+0000] {processor.py:183} INFO - Processing /home/airflow/.local/lib/python3.8/site-packages/airflow/example_dags/example_xcom.py took 0.133 seconds
