[2024-10-29T23:27:21.319+0000] {processor.py:161} INFO - Started process (PID=16629) to work on /home/airflow/.local/lib/python3.8/site-packages/airflow/example_dags/example_xcomargs.py
[2024-10-29T23:27:21.320+0000] {processor.py:830} INFO - Processing file /home/airflow/.local/lib/python3.8/site-packages/airflow/example_dags/example_xcomargs.py for tasks to queue
[2024-10-29T23:27:21.323+0000] {logging_mixin.py:188} INFO - [2024-10-29T23:27:21.323+0000] {dagbag.py:540} INFO - Filling up the DagBag from /home/airflow/.local/lib/python3.8/site-packages/airflow/example_dags/example_xcomargs.py
[2024-10-29T23:27:21.338+0000] {processor.py:840} INFO - DAG(s) 'example_xcom_args', 'example_xcom_args_with_operators' retrieved from /home/airflow/.local/lib/python3.8/site-packages/airflow/example_dags/example_xcomargs.py
[2024-10-29T23:27:21.392+0000] {logging_mixin.py:188} INFO - [2024-10-29T23:27:21.391+0000] {dag.py:3047} INFO - Sync 2 DAGs
[2024-10-29T23:27:21.414+0000] {logging_mixin.py:188} INFO - [2024-10-29T23:27:21.414+0000] {dag.py:3834} INFO - Setting next_dagrun for example_xcom_args to None, run_after=None
[2024-10-29T23:27:21.423+0000] {logging_mixin.py:188} INFO - [2024-10-29T23:27:21.422+0000] {dag.py:3834} INFO - Setting next_dagrun for example_xcom_args_with_operators to None, run_after=None
[2024-10-29T23:27:21.464+0000] {processor.py:183} INFO - Processing /home/airflow/.local/lib/python3.8/site-packages/airflow/example_dags/example_xcomargs.py took 0.151 seconds
[2024-10-29T23:27:51.634+0000] {processor.py:161} INFO - Started process (PID=16685) to work on /home/airflow/.local/lib/python3.8/site-packages/airflow/example_dags/example_xcomargs.py
[2024-10-29T23:27:51.635+0000] {processor.py:830} INFO - Processing file /home/airflow/.local/lib/python3.8/site-packages/airflow/example_dags/example_xcomargs.py for tasks to queue
[2024-10-29T23:27:51.637+0000] {logging_mixin.py:188} INFO - [2024-10-29T23:27:51.636+0000] {dagbag.py:540} INFO - Filling up the DagBag from /home/airflow/.local/lib/python3.8/site-packages/airflow/example_dags/example_xcomargs.py
[2024-10-29T23:27:51.643+0000] {processor.py:840} INFO - DAG(s) 'example_xcom_args_with_operators', 'example_xcom_args' retrieved from /home/airflow/.local/lib/python3.8/site-packages/airflow/example_dags/example_xcomargs.py
[2024-10-29T23:27:51.667+0000] {logging_mixin.py:188} INFO - [2024-10-29T23:27:51.667+0000] {dag.py:3047} INFO - Sync 2 DAGs
[2024-10-29T23:27:51.682+0000] {logging_mixin.py:188} INFO - [2024-10-29T23:27:51.681+0000] {dag.py:3834} INFO - Setting next_dagrun for example_xcom_args to None, run_after=None
[2024-10-29T23:27:51.686+0000] {logging_mixin.py:188} INFO - [2024-10-29T23:27:51.685+0000] {dag.py:3834} INFO - Setting next_dagrun for example_xcom_args_with_operators to None, run_after=None
[2024-10-29T23:27:51.703+0000] {processor.py:183} INFO - Processing /home/airflow/.local/lib/python3.8/site-packages/airflow/example_dags/example_xcomargs.py took 0.071 seconds
[2024-10-29T23:28:22.247+0000] {processor.py:161} INFO - Started process (PID=16741) to work on /home/airflow/.local/lib/python3.8/site-packages/airflow/example_dags/example_xcomargs.py
[2024-10-29T23:28:22.248+0000] {processor.py:830} INFO - Processing file /home/airflow/.local/lib/python3.8/site-packages/airflow/example_dags/example_xcomargs.py for tasks to queue
[2024-10-29T23:28:22.250+0000] {logging_mixin.py:188} INFO - [2024-10-29T23:28:22.250+0000] {dagbag.py:540} INFO - Filling up the DagBag from /home/airflow/.local/lib/python3.8/site-packages/airflow/example_dags/example_xcomargs.py
[2024-10-29T23:28:22.262+0000] {processor.py:840} INFO - DAG(s) 'example_xcom_args', 'example_xcom_args_with_operators' retrieved from /home/airflow/.local/lib/python3.8/site-packages/airflow/example_dags/example_xcomargs.py
[2024-10-29T23:28:22.292+0000] {logging_mixin.py:188} INFO - [2024-10-29T23:28:22.292+0000] {dag.py:3047} INFO - Sync 2 DAGs
[2024-10-29T23:28:22.308+0000] {logging_mixin.py:188} INFO - [2024-10-29T23:28:22.307+0000] {dag.py:3834} INFO - Setting next_dagrun for example_xcom_args to None, run_after=None
[2024-10-29T23:28:22.314+0000] {logging_mixin.py:188} INFO - [2024-10-29T23:28:22.313+0000] {dag.py:3834} INFO - Setting next_dagrun for example_xcom_args_with_operators to None, run_after=None
[2024-10-29T23:28:22.336+0000] {processor.py:183} INFO - Processing /home/airflow/.local/lib/python3.8/site-packages/airflow/example_dags/example_xcomargs.py took 0.092 seconds
[2024-10-29T23:28:52.980+0000] {processor.py:161} INFO - Started process (PID=16797) to work on /home/airflow/.local/lib/python3.8/site-packages/airflow/example_dags/example_xcomargs.py
[2024-10-29T23:28:52.980+0000] {processor.py:830} INFO - Processing file /home/airflow/.local/lib/python3.8/site-packages/airflow/example_dags/example_xcomargs.py for tasks to queue
[2024-10-29T23:28:52.982+0000] {logging_mixin.py:188} INFO - [2024-10-29T23:28:52.982+0000] {dagbag.py:540} INFO - Filling up the DagBag from /home/airflow/.local/lib/python3.8/site-packages/airflow/example_dags/example_xcomargs.py
[2024-10-29T23:28:52.989+0000] {processor.py:840} INFO - DAG(s) 'example_xcom_args', 'example_xcom_args_with_operators' retrieved from /home/airflow/.local/lib/python3.8/site-packages/airflow/example_dags/example_xcomargs.py
[2024-10-29T23:28:53.010+0000] {logging_mixin.py:188} INFO - [2024-10-29T23:28:53.010+0000] {dag.py:3047} INFO - Sync 2 DAGs
[2024-10-29T23:28:53.023+0000] {logging_mixin.py:188} INFO - [2024-10-29T23:28:53.022+0000] {dag.py:3834} INFO - Setting next_dagrun for example_xcom_args to None, run_after=None
[2024-10-29T23:28:53.026+0000] {logging_mixin.py:188} INFO - [2024-10-29T23:28:53.026+0000] {dag.py:3834} INFO - Setting next_dagrun for example_xcom_args_with_operators to None, run_after=None
[2024-10-29T23:28:53.041+0000] {processor.py:183} INFO - Processing /home/airflow/.local/lib/python3.8/site-packages/airflow/example_dags/example_xcomargs.py took 0.064 seconds
[2024-10-29T23:29:23.165+0000] {processor.py:161} INFO - Started process (PID=16853) to work on /home/airflow/.local/lib/python3.8/site-packages/airflow/example_dags/example_xcomargs.py
[2024-10-29T23:29:23.166+0000] {processor.py:830} INFO - Processing file /home/airflow/.local/lib/python3.8/site-packages/airflow/example_dags/example_xcomargs.py for tasks to queue
[2024-10-29T23:29:23.168+0000] {logging_mixin.py:188} INFO - [2024-10-29T23:29:23.168+0000] {dagbag.py:540} INFO - Filling up the DagBag from /home/airflow/.local/lib/python3.8/site-packages/airflow/example_dags/example_xcomargs.py
[2024-10-29T23:29:23.177+0000] {processor.py:840} INFO - DAG(s) 'example_xcom_args', 'example_xcom_args_with_operators' retrieved from /home/airflow/.local/lib/python3.8/site-packages/airflow/example_dags/example_xcomargs.py
[2024-10-29T23:29:23.202+0000] {logging_mixin.py:188} INFO - [2024-10-29T23:29:23.202+0000] {dag.py:3047} INFO - Sync 2 DAGs
[2024-10-29T23:29:23.218+0000] {logging_mixin.py:188} INFO - [2024-10-29T23:29:23.218+0000] {dag.py:3834} INFO - Setting next_dagrun for example_xcom_args to None, run_after=None
[2024-10-29T23:29:23.222+0000] {logging_mixin.py:188} INFO - [2024-10-29T23:29:23.222+0000] {dag.py:3834} INFO - Setting next_dagrun for example_xcom_args_with_operators to None, run_after=None
[2024-10-29T23:29:23.241+0000] {processor.py:183} INFO - Processing /home/airflow/.local/lib/python3.8/site-packages/airflow/example_dags/example_xcomargs.py took 0.079 seconds
[2024-10-29T23:29:53.559+0000] {processor.py:161} INFO - Started process (PID=16909) to work on /home/airflow/.local/lib/python3.8/site-packages/airflow/example_dags/example_xcomargs.py
[2024-10-29T23:29:53.560+0000] {processor.py:830} INFO - Processing file /home/airflow/.local/lib/python3.8/site-packages/airflow/example_dags/example_xcomargs.py for tasks to queue
[2024-10-29T23:29:53.562+0000] {logging_mixin.py:188} INFO - [2024-10-29T23:29:53.561+0000] {dagbag.py:540} INFO - Filling up the DagBag from /home/airflow/.local/lib/python3.8/site-packages/airflow/example_dags/example_xcomargs.py
[2024-10-29T23:29:53.570+0000] {processor.py:840} INFO - DAG(s) 'example_xcom_args_with_operators', 'example_xcom_args' retrieved from /home/airflow/.local/lib/python3.8/site-packages/airflow/example_dags/example_xcomargs.py
[2024-10-29T23:29:53.598+0000] {logging_mixin.py:188} INFO - [2024-10-29T23:29:53.598+0000] {dag.py:3047} INFO - Sync 2 DAGs
[2024-10-29T23:29:53.613+0000] {logging_mixin.py:188} INFO - [2024-10-29T23:29:53.613+0000] {dag.py:3834} INFO - Setting next_dagrun for example_xcom_args to None, run_after=None
[2024-10-29T23:29:53.617+0000] {logging_mixin.py:188} INFO - [2024-10-29T23:29:53.617+0000] {dag.py:3834} INFO - Setting next_dagrun for example_xcom_args_with_operators to None, run_after=None
[2024-10-29T23:29:53.636+0000] {processor.py:183} INFO - Processing /home/airflow/.local/lib/python3.8/site-packages/airflow/example_dags/example_xcomargs.py took 0.080 seconds
[2024-10-29T23:30:24.027+0000] {processor.py:161} INFO - Started process (PID=16965) to work on /home/airflow/.local/lib/python3.8/site-packages/airflow/example_dags/example_xcomargs.py
[2024-10-29T23:30:24.028+0000] {processor.py:830} INFO - Processing file /home/airflow/.local/lib/python3.8/site-packages/airflow/example_dags/example_xcomargs.py for tasks to queue
[2024-10-29T23:30:24.030+0000] {logging_mixin.py:188} INFO - [2024-10-29T23:30:24.030+0000] {dagbag.py:540} INFO - Filling up the DagBag from /home/airflow/.local/lib/python3.8/site-packages/airflow/example_dags/example_xcomargs.py
[2024-10-29T23:30:24.038+0000] {processor.py:840} INFO - DAG(s) 'example_xcom_args', 'example_xcom_args_with_operators' retrieved from /home/airflow/.local/lib/python3.8/site-packages/airflow/example_dags/example_xcomargs.py
[2024-10-29T23:30:24.060+0000] {logging_mixin.py:188} INFO - [2024-10-29T23:30:24.060+0000] {dag.py:3047} INFO - Sync 2 DAGs
[2024-10-29T23:30:24.072+0000] {logging_mixin.py:188} INFO - [2024-10-29T23:30:24.072+0000] {dag.py:3834} INFO - Setting next_dagrun for example_xcom_args to None, run_after=None
[2024-10-29T23:30:24.076+0000] {logging_mixin.py:188} INFO - [2024-10-29T23:30:24.076+0000] {dag.py:3834} INFO - Setting next_dagrun for example_xcom_args_with_operators to None, run_after=None
[2024-10-29T23:30:24.092+0000] {processor.py:183} INFO - Processing /home/airflow/.local/lib/python3.8/site-packages/airflow/example_dags/example_xcomargs.py took 0.067 seconds
[2024-10-29T23:30:54.606+0000] {processor.py:161} INFO - Started process (PID=17020) to work on /home/airflow/.local/lib/python3.8/site-packages/airflow/example_dags/example_xcomargs.py
[2024-10-29T23:30:54.607+0000] {processor.py:830} INFO - Processing file /home/airflow/.local/lib/python3.8/site-packages/airflow/example_dags/example_xcomargs.py for tasks to queue
[2024-10-29T23:30:54.608+0000] {logging_mixin.py:188} INFO - [2024-10-29T23:30:54.608+0000] {dagbag.py:540} INFO - Filling up the DagBag from /home/airflow/.local/lib/python3.8/site-packages/airflow/example_dags/example_xcomargs.py
[2024-10-29T23:30:54.614+0000] {processor.py:840} INFO - DAG(s) 'example_xcom_args', 'example_xcom_args_with_operators' retrieved from /home/airflow/.local/lib/python3.8/site-packages/airflow/example_dags/example_xcomargs.py
[2024-10-29T23:30:54.633+0000] {logging_mixin.py:188} INFO - [2024-10-29T23:30:54.633+0000] {dag.py:3047} INFO - Sync 2 DAGs
[2024-10-29T23:30:54.644+0000] {logging_mixin.py:188} INFO - [2024-10-29T23:30:54.644+0000] {dag.py:3834} INFO - Setting next_dagrun for example_xcom_args to None, run_after=None
[2024-10-29T23:30:54.647+0000] {logging_mixin.py:188} INFO - [2024-10-29T23:30:54.646+0000] {dag.py:3834} INFO - Setting next_dagrun for example_xcom_args_with_operators to None, run_after=None
[2024-10-29T23:30:54.659+0000] {processor.py:183} INFO - Processing /home/airflow/.local/lib/python3.8/site-packages/airflow/example_dags/example_xcomargs.py took 0.055 seconds
[2024-10-29T23:31:25.170+0000] {processor.py:161} INFO - Started process (PID=17076) to work on /home/airflow/.local/lib/python3.8/site-packages/airflow/example_dags/example_xcomargs.py
[2024-10-29T23:31:25.171+0000] {processor.py:830} INFO - Processing file /home/airflow/.local/lib/python3.8/site-packages/airflow/example_dags/example_xcomargs.py for tasks to queue
[2024-10-29T23:31:25.172+0000] {logging_mixin.py:188} INFO - [2024-10-29T23:31:25.172+0000] {dagbag.py:540} INFO - Filling up the DagBag from /home/airflow/.local/lib/python3.8/site-packages/airflow/example_dags/example_xcomargs.py
[2024-10-29T23:31:25.179+0000] {processor.py:840} INFO - DAG(s) 'example_xcom_args_with_operators', 'example_xcom_args' retrieved from /home/airflow/.local/lib/python3.8/site-packages/airflow/example_dags/example_xcomargs.py
[2024-10-29T23:31:25.201+0000] {logging_mixin.py:188} INFO - [2024-10-29T23:31:25.201+0000] {dag.py:3047} INFO - Sync 2 DAGs
[2024-10-29T23:31:25.213+0000] {logging_mixin.py:188} INFO - [2024-10-29T23:31:25.213+0000] {dag.py:3834} INFO - Setting next_dagrun for example_xcom_args to None, run_after=None
[2024-10-29T23:31:25.217+0000] {logging_mixin.py:188} INFO - [2024-10-29T23:31:25.217+0000] {dag.py:3834} INFO - Setting next_dagrun for example_xcom_args_with_operators to None, run_after=None
[2024-10-29T23:31:25.232+0000] {processor.py:183} INFO - Processing /home/airflow/.local/lib/python3.8/site-packages/airflow/example_dags/example_xcomargs.py took 0.064 seconds
[2024-10-29T23:31:55.893+0000] {processor.py:161} INFO - Started process (PID=17132) to work on /home/airflow/.local/lib/python3.8/site-packages/airflow/example_dags/example_xcomargs.py
[2024-10-29T23:31:55.894+0000] {processor.py:830} INFO - Processing file /home/airflow/.local/lib/python3.8/site-packages/airflow/example_dags/example_xcomargs.py for tasks to queue
[2024-10-29T23:31:55.895+0000] {logging_mixin.py:188} INFO - [2024-10-29T23:31:55.895+0000] {dagbag.py:540} INFO - Filling up the DagBag from /home/airflow/.local/lib/python3.8/site-packages/airflow/example_dags/example_xcomargs.py
[2024-10-29T23:31:55.902+0000] {processor.py:840} INFO - DAG(s) 'example_xcom_args_with_operators', 'example_xcom_args' retrieved from /home/airflow/.local/lib/python3.8/site-packages/airflow/example_dags/example_xcomargs.py
[2024-10-29T23:31:55.922+0000] {logging_mixin.py:188} INFO - [2024-10-29T23:31:55.921+0000] {dag.py:3047} INFO - Sync 2 DAGs
[2024-10-29T23:31:55.932+0000] {logging_mixin.py:188} INFO - [2024-10-29T23:31:55.932+0000] {dag.py:3834} INFO - Setting next_dagrun for example_xcom_args to None, run_after=None
[2024-10-29T23:31:55.935+0000] {logging_mixin.py:188} INFO - [2024-10-29T23:31:55.935+0000] {dag.py:3834} INFO - Setting next_dagrun for example_xcom_args_with_operators to None, run_after=None
[2024-10-29T23:31:55.948+0000] {processor.py:183} INFO - Processing /home/airflow/.local/lib/python3.8/site-packages/airflow/example_dags/example_xcomargs.py took 0.058 seconds
[2024-10-29T23:32:26.571+0000] {processor.py:161} INFO - Started process (PID=17187) to work on /home/airflow/.local/lib/python3.8/site-packages/airflow/example_dags/example_xcomargs.py
[2024-10-29T23:32:26.572+0000] {processor.py:830} INFO - Processing file /home/airflow/.local/lib/python3.8/site-packages/airflow/example_dags/example_xcomargs.py for tasks to queue
[2024-10-29T23:32:26.574+0000] {logging_mixin.py:188} INFO - [2024-10-29T23:32:26.573+0000] {dagbag.py:540} INFO - Filling up the DagBag from /home/airflow/.local/lib/python3.8/site-packages/airflow/example_dags/example_xcomargs.py
[2024-10-29T23:32:26.584+0000] {processor.py:840} INFO - DAG(s) 'example_xcom_args_with_operators', 'example_xcom_args' retrieved from /home/airflow/.local/lib/python3.8/site-packages/airflow/example_dags/example_xcomargs.py
[2024-10-29T23:32:26.610+0000] {logging_mixin.py:188} INFO - [2024-10-29T23:32:26.609+0000] {dag.py:3047} INFO - Sync 2 DAGs
[2024-10-29T23:32:26.634+0000] {logging_mixin.py:188} INFO - [2024-10-29T23:32:26.634+0000] {dag.py:3834} INFO - Setting next_dagrun for example_xcom_args to None, run_after=None
[2024-10-29T23:32:26.640+0000] {logging_mixin.py:188} INFO - [2024-10-29T23:32:26.640+0000] {dag.py:3834} INFO - Setting next_dagrun for example_xcom_args_with_operators to None, run_after=None
[2024-10-29T23:32:26.664+0000] {processor.py:183} INFO - Processing /home/airflow/.local/lib/python3.8/site-packages/airflow/example_dags/example_xcomargs.py took 0.096 seconds
[2024-10-29T23:32:57.079+0000] {processor.py:161} INFO - Started process (PID=17243) to work on /home/airflow/.local/lib/python3.8/site-packages/airflow/example_dags/example_xcomargs.py
[2024-10-29T23:32:57.080+0000] {processor.py:830} INFO - Processing file /home/airflow/.local/lib/python3.8/site-packages/airflow/example_dags/example_xcomargs.py for tasks to queue
[2024-10-29T23:32:57.083+0000] {logging_mixin.py:188} INFO - [2024-10-29T23:32:57.082+0000] {dagbag.py:540} INFO - Filling up the DagBag from /home/airflow/.local/lib/python3.8/site-packages/airflow/example_dags/example_xcomargs.py
[2024-10-29T23:32:57.092+0000] {processor.py:840} INFO - DAG(s) 'example_xcom_args', 'example_xcom_args_with_operators' retrieved from /home/airflow/.local/lib/python3.8/site-packages/airflow/example_dags/example_xcomargs.py
[2024-10-29T23:32:57.119+0000] {logging_mixin.py:188} INFO - [2024-10-29T23:32:57.119+0000] {dag.py:3047} INFO - Sync 2 DAGs
[2024-10-29T23:32:57.135+0000] {logging_mixin.py:188} INFO - [2024-10-29T23:32:57.135+0000] {dag.py:3834} INFO - Setting next_dagrun for example_xcom_args to None, run_after=None
[2024-10-29T23:32:57.140+0000] {logging_mixin.py:188} INFO - [2024-10-29T23:32:57.139+0000] {dag.py:3834} INFO - Setting next_dagrun for example_xcom_args_with_operators to None, run_after=None
[2024-10-29T23:32:57.163+0000] {processor.py:183} INFO - Processing /home/airflow/.local/lib/python3.8/site-packages/airflow/example_dags/example_xcomargs.py took 0.087 seconds
[2024-10-29T23:34:16.466+0000] {processor.py:161} INFO - Started process (PID=42) to work on /home/airflow/.local/lib/python3.8/site-packages/airflow/example_dags/example_xcomargs.py
[2024-10-29T23:34:16.467+0000] {processor.py:830} INFO - Processing file /home/airflow/.local/lib/python3.8/site-packages/airflow/example_dags/example_xcomargs.py for tasks to queue
[2024-10-29T23:34:16.470+0000] {logging_mixin.py:188} INFO - [2024-10-29T23:34:16.469+0000] {dagbag.py:540} INFO - Filling up the DagBag from /home/airflow/.local/lib/python3.8/site-packages/airflow/example_dags/example_xcomargs.py
[2024-10-29T23:34:16.489+0000] {processor.py:840} INFO - DAG(s) 'example_xcom_args', 'example_xcom_args_with_operators' retrieved from /home/airflow/.local/lib/python3.8/site-packages/airflow/example_dags/example_xcomargs.py
[2024-10-29T23:34:16.510+0000] {logging_mixin.py:188} INFO - [2024-10-29T23:34:16.510+0000] {dag.py:3047} INFO - Sync 2 DAGs
[2024-10-29T23:34:16.531+0000] {logging_mixin.py:188} INFO - [2024-10-29T23:34:16.530+0000] {dag.py:3834} INFO - Setting next_dagrun for example_xcom_args to None, run_after=None
[2024-10-29T23:34:16.536+0000] {logging_mixin.py:188} INFO - [2024-10-29T23:34:16.535+0000] {dag.py:3834} INFO - Setting next_dagrun for example_xcom_args_with_operators to None, run_after=None
[2024-10-29T23:34:16.561+0000] {processor.py:183} INFO - Processing /home/airflow/.local/lib/python3.8/site-packages/airflow/example_dags/example_xcomargs.py took 0.101 seconds
[2024-10-29T23:34:47.322+0000] {processor.py:161} INFO - Started process (PID=98) to work on /home/airflow/.local/lib/python3.8/site-packages/airflow/example_dags/example_xcomargs.py
[2024-10-29T23:34:47.323+0000] {processor.py:830} INFO - Processing file /home/airflow/.local/lib/python3.8/site-packages/airflow/example_dags/example_xcomargs.py for tasks to queue
[2024-10-29T23:34:47.326+0000] {logging_mixin.py:188} INFO - [2024-10-29T23:34:47.325+0000] {dagbag.py:540} INFO - Filling up the DagBag from /home/airflow/.local/lib/python3.8/site-packages/airflow/example_dags/example_xcomargs.py
[2024-10-29T23:34:47.339+0000] {processor.py:840} INFO - DAG(s) 'example_xcom_args_with_operators', 'example_xcom_args' retrieved from /home/airflow/.local/lib/python3.8/site-packages/airflow/example_dags/example_xcomargs.py
[2024-10-29T23:34:47.520+0000] {logging_mixin.py:188} INFO - [2024-10-29T23:34:47.519+0000] {dag.py:3047} INFO - Sync 2 DAGs
[2024-10-29T23:34:47.533+0000] {logging_mixin.py:188} INFO - [2024-10-29T23:34:47.533+0000] {dag.py:3834} INFO - Setting next_dagrun for example_xcom_args to None, run_after=None
[2024-10-29T23:34:47.537+0000] {logging_mixin.py:188} INFO - [2024-10-29T23:34:47.537+0000] {dag.py:3834} INFO - Setting next_dagrun for example_xcom_args_with_operators to None, run_after=None
[2024-10-29T23:34:47.558+0000] {processor.py:183} INFO - Processing /home/airflow/.local/lib/python3.8/site-packages/airflow/example_dags/example_xcomargs.py took 0.240 seconds
[2024-10-29T23:35:18.338+0000] {processor.py:161} INFO - Started process (PID=154) to work on /home/airflow/.local/lib/python3.8/site-packages/airflow/example_dags/example_xcomargs.py
[2024-10-29T23:35:18.338+0000] {processor.py:830} INFO - Processing file /home/airflow/.local/lib/python3.8/site-packages/airflow/example_dags/example_xcomargs.py for tasks to queue
[2024-10-29T23:35:18.340+0000] {logging_mixin.py:188} INFO - [2024-10-29T23:35:18.340+0000] {dagbag.py:540} INFO - Filling up the DagBag from /home/airflow/.local/lib/python3.8/site-packages/airflow/example_dags/example_xcomargs.py
[2024-10-29T23:35:18.349+0000] {processor.py:840} INFO - DAG(s) 'example_xcom_args', 'example_xcom_args_with_operators' retrieved from /home/airflow/.local/lib/python3.8/site-packages/airflow/example_dags/example_xcomargs.py
[2024-10-29T23:35:18.373+0000] {logging_mixin.py:188} INFO - [2024-10-29T23:35:18.373+0000] {dag.py:3047} INFO - Sync 2 DAGs
[2024-10-29T23:35:18.386+0000] {logging_mixin.py:188} INFO - [2024-10-29T23:35:18.386+0000] {dag.py:3834} INFO - Setting next_dagrun for example_xcom_args to None, run_after=None
[2024-10-29T23:35:18.390+0000] {logging_mixin.py:188} INFO - [2024-10-29T23:35:18.390+0000] {dag.py:3834} INFO - Setting next_dagrun for example_xcom_args_with_operators to None, run_after=None
[2024-10-29T23:35:18.408+0000] {processor.py:183} INFO - Processing /home/airflow/.local/lib/python3.8/site-packages/airflow/example_dags/example_xcomargs.py took 0.074 seconds
[2024-10-29T23:35:48.459+0000] {processor.py:161} INFO - Started process (PID=210) to work on /home/airflow/.local/lib/python3.8/site-packages/airflow/example_dags/example_xcomargs.py
[2024-10-29T23:35:48.460+0000] {processor.py:830} INFO - Processing file /home/airflow/.local/lib/python3.8/site-packages/airflow/example_dags/example_xcomargs.py for tasks to queue
[2024-10-29T23:35:48.461+0000] {logging_mixin.py:188} INFO - [2024-10-29T23:35:48.461+0000] {dagbag.py:540} INFO - Filling up the DagBag from /home/airflow/.local/lib/python3.8/site-packages/airflow/example_dags/example_xcomargs.py
[2024-10-29T23:35:48.469+0000] {processor.py:840} INFO - DAG(s) 'example_xcom_args_with_operators', 'example_xcom_args' retrieved from /home/airflow/.local/lib/python3.8/site-packages/airflow/example_dags/example_xcomargs.py
[2024-10-29T23:35:48.490+0000] {logging_mixin.py:188} INFO - [2024-10-29T23:35:48.490+0000] {dag.py:3047} INFO - Sync 2 DAGs
[2024-10-29T23:35:48.503+0000] {logging_mixin.py:188} INFO - [2024-10-29T23:35:48.503+0000] {dag.py:3834} INFO - Setting next_dagrun for example_xcom_args to None, run_after=None
[2024-10-29T23:35:48.507+0000] {logging_mixin.py:188} INFO - [2024-10-29T23:35:48.507+0000] {dag.py:3834} INFO - Setting next_dagrun for example_xcom_args_with_operators to None, run_after=None
[2024-10-29T23:35:48.522+0000] {processor.py:183} INFO - Processing /home/airflow/.local/lib/python3.8/site-packages/airflow/example_dags/example_xcomargs.py took 0.065 seconds
[2024-10-29T23:36:18.802+0000] {processor.py:161} INFO - Started process (PID=266) to work on /home/airflow/.local/lib/python3.8/site-packages/airflow/example_dags/example_xcomargs.py
[2024-10-29T23:36:18.803+0000] {processor.py:830} INFO - Processing file /home/airflow/.local/lib/python3.8/site-packages/airflow/example_dags/example_xcomargs.py for tasks to queue
[2024-10-29T23:36:18.804+0000] {logging_mixin.py:188} INFO - [2024-10-29T23:36:18.804+0000] {dagbag.py:540} INFO - Filling up the DagBag from /home/airflow/.local/lib/python3.8/site-packages/airflow/example_dags/example_xcomargs.py
[2024-10-29T23:36:18.812+0000] {processor.py:840} INFO - DAG(s) 'example_xcom_args', 'example_xcom_args_with_operators' retrieved from /home/airflow/.local/lib/python3.8/site-packages/airflow/example_dags/example_xcomargs.py
[2024-10-29T23:36:18.835+0000] {logging_mixin.py:188} INFO - [2024-10-29T23:36:18.835+0000] {dag.py:3047} INFO - Sync 2 DAGs
[2024-10-29T23:36:18.848+0000] {logging_mixin.py:188} INFO - [2024-10-29T23:36:18.848+0000] {dag.py:3834} INFO - Setting next_dagrun for example_xcom_args to None, run_after=None
[2024-10-29T23:36:18.853+0000] {logging_mixin.py:188} INFO - [2024-10-29T23:36:18.852+0000] {dag.py:3834} INFO - Setting next_dagrun for example_xcom_args_with_operators to None, run_after=None
[2024-10-29T23:36:18.870+0000] {processor.py:183} INFO - Processing /home/airflow/.local/lib/python3.8/site-packages/airflow/example_dags/example_xcomargs.py took 0.070 seconds
[2024-10-29T23:36:49.358+0000] {processor.py:161} INFO - Started process (PID=322) to work on /home/airflow/.local/lib/python3.8/site-packages/airflow/example_dags/example_xcomargs.py
[2024-10-29T23:36:49.359+0000] {processor.py:830} INFO - Processing file /home/airflow/.local/lib/python3.8/site-packages/airflow/example_dags/example_xcomargs.py for tasks to queue
[2024-10-29T23:36:49.360+0000] {logging_mixin.py:188} INFO - [2024-10-29T23:36:49.360+0000] {dagbag.py:540} INFO - Filling up the DagBag from /home/airflow/.local/lib/python3.8/site-packages/airflow/example_dags/example_xcomargs.py
[2024-10-29T23:36:49.370+0000] {processor.py:840} INFO - DAG(s) 'example_xcom_args', 'example_xcom_args_with_operators' retrieved from /home/airflow/.local/lib/python3.8/site-packages/airflow/example_dags/example_xcomargs.py
[2024-10-29T23:36:49.400+0000] {logging_mixin.py:188} INFO - [2024-10-29T23:36:49.399+0000] {dag.py:3047} INFO - Sync 2 DAGs
[2024-10-29T23:36:49.417+0000] {logging_mixin.py:188} INFO - [2024-10-29T23:36:49.416+0000] {dag.py:3834} INFO - Setting next_dagrun for example_xcom_args to None, run_after=None
[2024-10-29T23:36:49.422+0000] {logging_mixin.py:188} INFO - [2024-10-29T23:36:49.421+0000] {dag.py:3834} INFO - Setting next_dagrun for example_xcom_args_with_operators to None, run_after=None
[2024-10-29T23:36:49.441+0000] {processor.py:183} INFO - Processing /home/airflow/.local/lib/python3.8/site-packages/airflow/example_dags/example_xcomargs.py took 0.086 seconds
[2024-10-29T23:37:19.635+0000] {processor.py:161} INFO - Started process (PID=378) to work on /home/airflow/.local/lib/python3.8/site-packages/airflow/example_dags/example_xcomargs.py
[2024-10-29T23:37:19.636+0000] {processor.py:830} INFO - Processing file /home/airflow/.local/lib/python3.8/site-packages/airflow/example_dags/example_xcomargs.py for tasks to queue
[2024-10-29T23:37:19.638+0000] {logging_mixin.py:188} INFO - [2024-10-29T23:37:19.637+0000] {dagbag.py:540} INFO - Filling up the DagBag from /home/airflow/.local/lib/python3.8/site-packages/airflow/example_dags/example_xcomargs.py
[2024-10-29T23:37:19.649+0000] {processor.py:840} INFO - DAG(s) 'example_xcom_args', 'example_xcom_args_with_operators' retrieved from /home/airflow/.local/lib/python3.8/site-packages/airflow/example_dags/example_xcomargs.py
[2024-10-29T23:37:19.685+0000] {logging_mixin.py:188} INFO - [2024-10-29T23:37:19.684+0000] {dag.py:3047} INFO - Sync 2 DAGs
[2024-10-29T23:37:19.707+0000] {logging_mixin.py:188} INFO - [2024-10-29T23:37:19.707+0000] {dag.py:3834} INFO - Setting next_dagrun for example_xcom_args to None, run_after=None
[2024-10-29T23:37:19.714+0000] {logging_mixin.py:188} INFO - [2024-10-29T23:37:19.713+0000] {dag.py:3834} INFO - Setting next_dagrun for example_xcom_args_with_operators to None, run_after=None
[2024-10-29T23:37:19.737+0000] {processor.py:183} INFO - Processing /home/airflow/.local/lib/python3.8/site-packages/airflow/example_dags/example_xcomargs.py took 0.105 seconds
[2024-10-29T23:37:50.334+0000] {processor.py:161} INFO - Started process (PID=434) to work on /home/airflow/.local/lib/python3.8/site-packages/airflow/example_dags/example_xcomargs.py
[2024-10-29T23:37:50.335+0000] {processor.py:830} INFO - Processing file /home/airflow/.local/lib/python3.8/site-packages/airflow/example_dags/example_xcomargs.py for tasks to queue
[2024-10-29T23:37:50.337+0000] {logging_mixin.py:188} INFO - [2024-10-29T23:37:50.336+0000] {dagbag.py:540} INFO - Filling up the DagBag from /home/airflow/.local/lib/python3.8/site-packages/airflow/example_dags/example_xcomargs.py
[2024-10-29T23:37:50.346+0000] {processor.py:840} INFO - DAG(s) 'example_xcom_args_with_operators', 'example_xcom_args' retrieved from /home/airflow/.local/lib/python3.8/site-packages/airflow/example_dags/example_xcomargs.py
[2024-10-29T23:37:50.373+0000] {logging_mixin.py:188} INFO - [2024-10-29T23:37:50.373+0000] {dag.py:3047} INFO - Sync 2 DAGs
[2024-10-29T23:37:50.388+0000] {logging_mixin.py:188} INFO - [2024-10-29T23:37:50.388+0000] {dag.py:3834} INFO - Setting next_dagrun for example_xcom_args to None, run_after=None
[2024-10-29T23:37:50.393+0000] {logging_mixin.py:188} INFO - [2024-10-29T23:37:50.392+0000] {dag.py:3834} INFO - Setting next_dagrun for example_xcom_args_with_operators to None, run_after=None
[2024-10-29T23:37:50.417+0000] {processor.py:183} INFO - Processing /home/airflow/.local/lib/python3.8/site-packages/airflow/example_dags/example_xcomargs.py took 0.087 seconds
[2024-10-29T23:38:20.770+0000] {processor.py:161} INFO - Started process (PID=490) to work on /home/airflow/.local/lib/python3.8/site-packages/airflow/example_dags/example_xcomargs.py
[2024-10-29T23:38:20.771+0000] {processor.py:830} INFO - Processing file /home/airflow/.local/lib/python3.8/site-packages/airflow/example_dags/example_xcomargs.py for tasks to queue
[2024-10-29T23:38:20.773+0000] {logging_mixin.py:188} INFO - [2024-10-29T23:38:20.773+0000] {dagbag.py:540} INFO - Filling up the DagBag from /home/airflow/.local/lib/python3.8/site-packages/airflow/example_dags/example_xcomargs.py
[2024-10-29T23:38:20.786+0000] {processor.py:840} INFO - DAG(s) 'example_xcom_args', 'example_xcom_args_with_operators' retrieved from /home/airflow/.local/lib/python3.8/site-packages/airflow/example_dags/example_xcomargs.py
[2024-10-29T23:38:20.822+0000] {logging_mixin.py:188} INFO - [2024-10-29T23:38:20.822+0000] {dag.py:3047} INFO - Sync 2 DAGs
[2024-10-29T23:38:20.844+0000] {logging_mixin.py:188} INFO - [2024-10-29T23:38:20.844+0000] {dag.py:3834} INFO - Setting next_dagrun for example_xcom_args to None, run_after=None
[2024-10-29T23:38:20.850+0000] {logging_mixin.py:188} INFO - [2024-10-29T23:38:20.850+0000] {dag.py:3834} INFO - Setting next_dagrun for example_xcom_args_with_operators to None, run_after=None
[2024-10-29T23:38:20.874+0000] {processor.py:183} INFO - Processing /home/airflow/.local/lib/python3.8/site-packages/airflow/example_dags/example_xcomargs.py took 0.109 seconds
[2024-10-29T23:38:51.124+0000] {processor.py:161} INFO - Started process (PID=546) to work on /home/airflow/.local/lib/python3.8/site-packages/airflow/example_dags/example_xcomargs.py
[2024-10-29T23:38:51.125+0000] {processor.py:830} INFO - Processing file /home/airflow/.local/lib/python3.8/site-packages/airflow/example_dags/example_xcomargs.py for tasks to queue
[2024-10-29T23:38:51.126+0000] {logging_mixin.py:188} INFO - [2024-10-29T23:38:51.126+0000] {dagbag.py:540} INFO - Filling up the DagBag from /home/airflow/.local/lib/python3.8/site-packages/airflow/example_dags/example_xcomargs.py
[2024-10-29T23:38:51.136+0000] {processor.py:840} INFO - DAG(s) 'example_xcom_args', 'example_xcom_args_with_operators' retrieved from /home/airflow/.local/lib/python3.8/site-packages/airflow/example_dags/example_xcomargs.py
[2024-10-29T23:38:51.170+0000] {logging_mixin.py:188} INFO - [2024-10-29T23:38:51.169+0000] {dag.py:3047} INFO - Sync 2 DAGs
[2024-10-29T23:38:51.192+0000] {logging_mixin.py:188} INFO - [2024-10-29T23:38:51.191+0000] {dag.py:3834} INFO - Setting next_dagrun for example_xcom_args to None, run_after=None
[2024-10-29T23:38:51.198+0000] {logging_mixin.py:188} INFO - [2024-10-29T23:38:51.197+0000] {dag.py:3834} INFO - Setting next_dagrun for example_xcom_args_with_operators to None, run_after=None
[2024-10-29T23:38:51.226+0000] {processor.py:183} INFO - Processing /home/airflow/.local/lib/python3.8/site-packages/airflow/example_dags/example_xcomargs.py took 0.105 seconds
[2024-10-29T23:39:21.523+0000] {processor.py:161} INFO - Started process (PID=602) to work on /home/airflow/.local/lib/python3.8/site-packages/airflow/example_dags/example_xcomargs.py
[2024-10-29T23:39:21.524+0000] {processor.py:830} INFO - Processing file /home/airflow/.local/lib/python3.8/site-packages/airflow/example_dags/example_xcomargs.py for tasks to queue
[2024-10-29T23:39:21.526+0000] {logging_mixin.py:188} INFO - [2024-10-29T23:39:21.526+0000] {dagbag.py:540} INFO - Filling up the DagBag from /home/airflow/.local/lib/python3.8/site-packages/airflow/example_dags/example_xcomargs.py
[2024-10-29T23:39:21.537+0000] {processor.py:840} INFO - DAG(s) 'example_xcom_args_with_operators', 'example_xcom_args' retrieved from /home/airflow/.local/lib/python3.8/site-packages/airflow/example_dags/example_xcomargs.py
[2024-10-29T23:39:21.573+0000] {logging_mixin.py:188} INFO - [2024-10-29T23:39:21.573+0000] {dag.py:3047} INFO - Sync 2 DAGs
[2024-10-29T23:39:21.590+0000] {logging_mixin.py:188} INFO - [2024-10-29T23:39:21.590+0000] {dag.py:3834} INFO - Setting next_dagrun for example_xcom_args to None, run_after=None
[2024-10-29T23:39:21.596+0000] {logging_mixin.py:188} INFO - [2024-10-29T23:39:21.595+0000] {dag.py:3834} INFO - Setting next_dagrun for example_xcom_args_with_operators to None, run_after=None
[2024-10-29T23:39:21.623+0000] {processor.py:183} INFO - Processing /home/airflow/.local/lib/python3.8/site-packages/airflow/example_dags/example_xcomargs.py took 0.104 seconds
[2024-10-29T23:39:51.975+0000] {processor.py:161} INFO - Started process (PID=658) to work on /home/airflow/.local/lib/python3.8/site-packages/airflow/example_dags/example_xcomargs.py
[2024-10-29T23:39:51.978+0000] {processor.py:830} INFO - Processing file /home/airflow/.local/lib/python3.8/site-packages/airflow/example_dags/example_xcomargs.py for tasks to queue
[2024-10-29T23:39:51.982+0000] {logging_mixin.py:188} INFO - [2024-10-29T23:39:51.981+0000] {dagbag.py:540} INFO - Filling up the DagBag from /home/airflow/.local/lib/python3.8/site-packages/airflow/example_dags/example_xcomargs.py
[2024-10-29T23:39:52.005+0000] {processor.py:840} INFO - DAG(s) 'example_xcom_args', 'example_xcom_args_with_operators' retrieved from /home/airflow/.local/lib/python3.8/site-packages/airflow/example_dags/example_xcomargs.py
[2024-10-29T23:39:52.072+0000] {logging_mixin.py:188} INFO - [2024-10-29T23:39:52.072+0000] {dag.py:3047} INFO - Sync 2 DAGs
[2024-10-29T23:39:52.112+0000] {logging_mixin.py:188} INFO - [2024-10-29T23:39:52.111+0000] {dag.py:3834} INFO - Setting next_dagrun for example_xcom_args to None, run_after=None
[2024-10-29T23:39:52.124+0000] {logging_mixin.py:188} INFO - [2024-10-29T23:39:52.123+0000] {dag.py:3834} INFO - Setting next_dagrun for example_xcom_args_with_operators to None, run_after=None
[2024-10-29T23:39:52.176+0000] {processor.py:183} INFO - Processing /home/airflow/.local/lib/python3.8/site-packages/airflow/example_dags/example_xcomargs.py took 0.208 seconds
[2024-10-29T23:40:22.586+0000] {processor.py:161} INFO - Started process (PID=714) to work on /home/airflow/.local/lib/python3.8/site-packages/airflow/example_dags/example_xcomargs.py
[2024-10-29T23:40:22.587+0000] {processor.py:830} INFO - Processing file /home/airflow/.local/lib/python3.8/site-packages/airflow/example_dags/example_xcomargs.py for tasks to queue
[2024-10-29T23:40:22.590+0000] {logging_mixin.py:188} INFO - [2024-10-29T23:40:22.589+0000] {dagbag.py:540} INFO - Filling up the DagBag from /home/airflow/.local/lib/python3.8/site-packages/airflow/example_dags/example_xcomargs.py
[2024-10-29T23:40:22.602+0000] {processor.py:840} INFO - DAG(s) 'example_xcom_args_with_operators', 'example_xcom_args' retrieved from /home/airflow/.local/lib/python3.8/site-packages/airflow/example_dags/example_xcomargs.py
[2024-10-29T23:40:22.634+0000] {logging_mixin.py:188} INFO - [2024-10-29T23:40:22.634+0000] {dag.py:3047} INFO - Sync 2 DAGs
[2024-10-29T23:40:22.657+0000] {logging_mixin.py:188} INFO - [2024-10-29T23:40:22.656+0000] {dag.py:3834} INFO - Setting next_dagrun for example_xcom_args to None, run_after=None
[2024-10-29T23:40:22.663+0000] {logging_mixin.py:188} INFO - [2024-10-29T23:40:22.663+0000] {dag.py:3834} INFO - Setting next_dagrun for example_xcom_args_with_operators to None, run_after=None
[2024-10-29T23:40:22.688+0000] {processor.py:183} INFO - Processing /home/airflow/.local/lib/python3.8/site-packages/airflow/example_dags/example_xcomargs.py took 0.107 seconds
[2024-10-29T23:40:53.144+0000] {processor.py:161} INFO - Started process (PID=769) to work on /home/airflow/.local/lib/python3.8/site-packages/airflow/example_dags/example_xcomargs.py
[2024-10-29T23:40:53.146+0000] {processor.py:830} INFO - Processing file /home/airflow/.local/lib/python3.8/site-packages/airflow/example_dags/example_xcomargs.py for tasks to queue
[2024-10-29T23:40:53.149+0000] {logging_mixin.py:188} INFO - [2024-10-29T23:40:53.149+0000] {dagbag.py:540} INFO - Filling up the DagBag from /home/airflow/.local/lib/python3.8/site-packages/airflow/example_dags/example_xcomargs.py
[2024-10-29T23:40:53.163+0000] {processor.py:840} INFO - DAG(s) 'example_xcom_args', 'example_xcom_args_with_operators' retrieved from /home/airflow/.local/lib/python3.8/site-packages/airflow/example_dags/example_xcomargs.py
[2024-10-29T23:40:53.198+0000] {logging_mixin.py:188} INFO - [2024-10-29T23:40:53.198+0000] {dag.py:3047} INFO - Sync 2 DAGs
[2024-10-29T23:40:53.215+0000] {logging_mixin.py:188} INFO - [2024-10-29T23:40:53.215+0000] {dag.py:3834} INFO - Setting next_dagrun for example_xcom_args to None, run_after=None
[2024-10-29T23:40:53.221+0000] {logging_mixin.py:188} INFO - [2024-10-29T23:40:53.221+0000] {dag.py:3834} INFO - Setting next_dagrun for example_xcom_args_with_operators to None, run_after=None
[2024-10-29T23:40:53.248+0000] {processor.py:183} INFO - Processing /home/airflow/.local/lib/python3.8/site-packages/airflow/example_dags/example_xcomargs.py took 0.108 seconds
[2024-10-29T23:41:23.645+0000] {processor.py:161} INFO - Started process (PID=825) to work on /home/airflow/.local/lib/python3.8/site-packages/airflow/example_dags/example_xcomargs.py
[2024-10-29T23:41:23.646+0000] {processor.py:830} INFO - Processing file /home/airflow/.local/lib/python3.8/site-packages/airflow/example_dags/example_xcomargs.py for tasks to queue
[2024-10-29T23:41:23.649+0000] {logging_mixin.py:188} INFO - [2024-10-29T23:41:23.648+0000] {dagbag.py:540} INFO - Filling up the DagBag from /home/airflow/.local/lib/python3.8/site-packages/airflow/example_dags/example_xcomargs.py
[2024-10-29T23:41:23.661+0000] {processor.py:840} INFO - DAG(s) 'example_xcom_args_with_operators', 'example_xcom_args' retrieved from /home/airflow/.local/lib/python3.8/site-packages/airflow/example_dags/example_xcomargs.py
[2024-10-29T23:41:23.702+0000] {logging_mixin.py:188} INFO - [2024-10-29T23:41:23.702+0000] {dag.py:3047} INFO - Sync 2 DAGs
[2024-10-29T23:41:23.730+0000] {logging_mixin.py:188} INFO - [2024-10-29T23:41:23.729+0000] {dag.py:3834} INFO - Setting next_dagrun for example_xcom_args to None, run_after=None
[2024-10-29T23:41:23.738+0000] {logging_mixin.py:188} INFO - [2024-10-29T23:41:23.738+0000] {dag.py:3834} INFO - Setting next_dagrun for example_xcom_args_with_operators to None, run_after=None
[2024-10-29T23:41:23.761+0000] {processor.py:183} INFO - Processing /home/airflow/.local/lib/python3.8/site-packages/airflow/example_dags/example_xcomargs.py took 0.121 seconds
[2024-10-29T23:41:53.948+0000] {processor.py:161} INFO - Started process (PID=881) to work on /home/airflow/.local/lib/python3.8/site-packages/airflow/example_dags/example_xcomargs.py
[2024-10-29T23:41:53.949+0000] {processor.py:830} INFO - Processing file /home/airflow/.local/lib/python3.8/site-packages/airflow/example_dags/example_xcomargs.py for tasks to queue
[2024-10-29T23:41:53.951+0000] {logging_mixin.py:188} INFO - [2024-10-29T23:41:53.951+0000] {dagbag.py:540} INFO - Filling up the DagBag from /home/airflow/.local/lib/python3.8/site-packages/airflow/example_dags/example_xcomargs.py
[2024-10-29T23:41:53.959+0000] {processor.py:840} INFO - DAG(s) 'example_xcom_args_with_operators', 'example_xcom_args' retrieved from /home/airflow/.local/lib/python3.8/site-packages/airflow/example_dags/example_xcomargs.py
[2024-10-29T23:41:53.987+0000] {logging_mixin.py:188} INFO - [2024-10-29T23:41:53.987+0000] {dag.py:3047} INFO - Sync 2 DAGs
[2024-10-29T23:41:54.003+0000] {logging_mixin.py:188} INFO - [2024-10-29T23:41:54.003+0000] {dag.py:3834} INFO - Setting next_dagrun for example_xcom_args to None, run_after=None
[2024-10-29T23:41:54.008+0000] {logging_mixin.py:188} INFO - [2024-10-29T23:41:54.007+0000] {dag.py:3834} INFO - Setting next_dagrun for example_xcom_args_with_operators to None, run_after=None
[2024-10-29T23:41:54.027+0000] {processor.py:183} INFO - Processing /home/airflow/.local/lib/python3.8/site-packages/airflow/example_dags/example_xcomargs.py took 0.082 seconds
[2024-10-29T23:42:24.363+0000] {processor.py:161} INFO - Started process (PID=937) to work on /home/airflow/.local/lib/python3.8/site-packages/airflow/example_dags/example_xcomargs.py
[2024-10-29T23:42:24.364+0000] {processor.py:830} INFO - Processing file /home/airflow/.local/lib/python3.8/site-packages/airflow/example_dags/example_xcomargs.py for tasks to queue
[2024-10-29T23:42:24.366+0000] {logging_mixin.py:188} INFO - [2024-10-29T23:42:24.366+0000] {dagbag.py:540} INFO - Filling up the DagBag from /home/airflow/.local/lib/python3.8/site-packages/airflow/example_dags/example_xcomargs.py
[2024-10-29T23:42:24.375+0000] {processor.py:840} INFO - DAG(s) 'example_xcom_args_with_operators', 'example_xcom_args' retrieved from /home/airflow/.local/lib/python3.8/site-packages/airflow/example_dags/example_xcomargs.py
[2024-10-29T23:42:24.401+0000] {logging_mixin.py:188} INFO - [2024-10-29T23:42:24.400+0000] {dag.py:3047} INFO - Sync 2 DAGs
[2024-10-29T23:42:24.417+0000] {logging_mixin.py:188} INFO - [2024-10-29T23:42:24.417+0000] {dag.py:3834} INFO - Setting next_dagrun for example_xcom_args to None, run_after=None
[2024-10-29T23:42:24.421+0000] {logging_mixin.py:188} INFO - [2024-10-29T23:42:24.421+0000] {dag.py:3834} INFO - Setting next_dagrun for example_xcom_args_with_operators to None, run_after=None
[2024-10-29T23:42:24.436+0000] {processor.py:183} INFO - Processing /home/airflow/.local/lib/python3.8/site-packages/airflow/example_dags/example_xcomargs.py took 0.076 seconds
[2024-10-29T23:42:54.809+0000] {processor.py:161} INFO - Started process (PID=993) to work on /home/airflow/.local/lib/python3.8/site-packages/airflow/example_dags/example_xcomargs.py
[2024-10-29T23:42:54.810+0000] {processor.py:830} INFO - Processing file /home/airflow/.local/lib/python3.8/site-packages/airflow/example_dags/example_xcomargs.py for tasks to queue
[2024-10-29T23:42:54.811+0000] {logging_mixin.py:188} INFO - [2024-10-29T23:42:54.811+0000] {dagbag.py:540} INFO - Filling up the DagBag from /home/airflow/.local/lib/python3.8/site-packages/airflow/example_dags/example_xcomargs.py
[2024-10-29T23:42:54.819+0000] {processor.py:840} INFO - DAG(s) 'example_xcom_args', 'example_xcom_args_with_operators' retrieved from /home/airflow/.local/lib/python3.8/site-packages/airflow/example_dags/example_xcomargs.py
[2024-10-29T23:42:54.842+0000] {logging_mixin.py:188} INFO - [2024-10-29T23:42:54.841+0000] {dag.py:3047} INFO - Sync 2 DAGs
[2024-10-29T23:42:54.855+0000] {logging_mixin.py:188} INFO - [2024-10-29T23:42:54.854+0000] {dag.py:3834} INFO - Setting next_dagrun for example_xcom_args to None, run_after=None
[2024-10-29T23:42:54.858+0000] {logging_mixin.py:188} INFO - [2024-10-29T23:42:54.858+0000] {dag.py:3834} INFO - Setting next_dagrun for example_xcom_args_with_operators to None, run_after=None
[2024-10-29T23:42:54.873+0000] {processor.py:183} INFO - Processing /home/airflow/.local/lib/python3.8/site-packages/airflow/example_dags/example_xcomargs.py took 0.067 seconds
[2024-10-29T23:43:25.082+0000] {processor.py:161} INFO - Started process (PID=1049) to work on /home/airflow/.local/lib/python3.8/site-packages/airflow/example_dags/example_xcomargs.py
[2024-10-29T23:43:25.083+0000] {processor.py:830} INFO - Processing file /home/airflow/.local/lib/python3.8/site-packages/airflow/example_dags/example_xcomargs.py for tasks to queue
[2024-10-29T23:43:25.085+0000] {logging_mixin.py:188} INFO - [2024-10-29T23:43:25.085+0000] {dagbag.py:540} INFO - Filling up the DagBag from /home/airflow/.local/lib/python3.8/site-packages/airflow/example_dags/example_xcomargs.py
[2024-10-29T23:43:25.094+0000] {processor.py:840} INFO - DAG(s) 'example_xcom_args', 'example_xcom_args_with_operators' retrieved from /home/airflow/.local/lib/python3.8/site-packages/airflow/example_dags/example_xcomargs.py
[2024-10-29T23:43:25.120+0000] {logging_mixin.py:188} INFO - [2024-10-29T23:43:25.120+0000] {dag.py:3047} INFO - Sync 2 DAGs
[2024-10-29T23:43:25.134+0000] {logging_mixin.py:188} INFO - [2024-10-29T23:43:25.133+0000] {dag.py:3834} INFO - Setting next_dagrun for example_xcom_args to None, run_after=None
[2024-10-29T23:43:25.138+0000] {logging_mixin.py:188} INFO - [2024-10-29T23:43:25.137+0000] {dag.py:3834} INFO - Setting next_dagrun for example_xcom_args_with_operators to None, run_after=None
[2024-10-29T23:43:25.156+0000] {processor.py:183} INFO - Processing /home/airflow/.local/lib/python3.8/site-packages/airflow/example_dags/example_xcomargs.py took 0.077 seconds
[2024-10-29T23:43:55.393+0000] {processor.py:161} INFO - Started process (PID=1105) to work on /home/airflow/.local/lib/python3.8/site-packages/airflow/example_dags/example_xcomargs.py
[2024-10-29T23:43:55.394+0000] {processor.py:830} INFO - Processing file /home/airflow/.local/lib/python3.8/site-packages/airflow/example_dags/example_xcomargs.py for tasks to queue
[2024-10-29T23:43:55.395+0000] {logging_mixin.py:188} INFO - [2024-10-29T23:43:55.395+0000] {dagbag.py:540} INFO - Filling up the DagBag from /home/airflow/.local/lib/python3.8/site-packages/airflow/example_dags/example_xcomargs.py
[2024-10-29T23:43:55.403+0000] {processor.py:840} INFO - DAG(s) 'example_xcom_args', 'example_xcom_args_with_operators' retrieved from /home/airflow/.local/lib/python3.8/site-packages/airflow/example_dags/example_xcomargs.py
[2024-10-29T23:43:55.423+0000] {logging_mixin.py:188} INFO - [2024-10-29T23:43:55.423+0000] {dag.py:3047} INFO - Sync 2 DAGs
[2024-10-29T23:43:55.436+0000] {logging_mixin.py:188} INFO - [2024-10-29T23:43:55.435+0000] {dag.py:3834} INFO - Setting next_dagrun for example_xcom_args to None, run_after=None
[2024-10-29T23:43:55.439+0000] {logging_mixin.py:188} INFO - [2024-10-29T23:43:55.439+0000] {dag.py:3834} INFO - Setting next_dagrun for example_xcom_args_with_operators to None, run_after=None
[2024-10-29T23:43:55.454+0000] {processor.py:183} INFO - Processing /home/airflow/.local/lib/python3.8/site-packages/airflow/example_dags/example_xcomargs.py took 0.064 seconds
[2024-10-29T23:44:25.632+0000] {processor.py:161} INFO - Started process (PID=1161) to work on /home/airflow/.local/lib/python3.8/site-packages/airflow/example_dags/example_xcomargs.py
[2024-10-29T23:44:25.634+0000] {processor.py:830} INFO - Processing file /home/airflow/.local/lib/python3.8/site-packages/airflow/example_dags/example_xcomargs.py for tasks to queue
[2024-10-29T23:44:25.638+0000] {logging_mixin.py:188} INFO - [2024-10-29T23:44:25.637+0000] {dagbag.py:540} INFO - Filling up the DagBag from /home/airflow/.local/lib/python3.8/site-packages/airflow/example_dags/example_xcomargs.py
[2024-10-29T23:44:25.661+0000] {processor.py:840} INFO - DAG(s) 'example_xcom_args', 'example_xcom_args_with_operators' retrieved from /home/airflow/.local/lib/python3.8/site-packages/airflow/example_dags/example_xcomargs.py
[2024-10-29T23:44:25.724+0000] {logging_mixin.py:188} INFO - [2024-10-29T23:44:25.723+0000] {dag.py:3047} INFO - Sync 2 DAGs
[2024-10-29T23:44:25.759+0000] {logging_mixin.py:188} INFO - [2024-10-29T23:44:25.758+0000] {dag.py:3834} INFO - Setting next_dagrun for example_xcom_args to None, run_after=None
[2024-10-29T23:44:25.769+0000] {logging_mixin.py:188} INFO - [2024-10-29T23:44:25.769+0000] {dag.py:3834} INFO - Setting next_dagrun for example_xcom_args_with_operators to None, run_after=None
[2024-10-29T23:44:25.804+0000] {processor.py:183} INFO - Processing /home/airflow/.local/lib/python3.8/site-packages/airflow/example_dags/example_xcomargs.py took 0.180 seconds
[2024-10-29T23:44:55.902+0000] {processor.py:161} INFO - Started process (PID=1217) to work on /home/airflow/.local/lib/python3.8/site-packages/airflow/example_dags/example_xcomargs.py
[2024-10-29T23:44:55.903+0000] {processor.py:830} INFO - Processing file /home/airflow/.local/lib/python3.8/site-packages/airflow/example_dags/example_xcomargs.py for tasks to queue
[2024-10-29T23:44:55.905+0000] {logging_mixin.py:188} INFO - [2024-10-29T23:44:55.905+0000] {dagbag.py:540} INFO - Filling up the DagBag from /home/airflow/.local/lib/python3.8/site-packages/airflow/example_dags/example_xcomargs.py
[2024-10-29T23:44:55.918+0000] {processor.py:840} INFO - DAG(s) 'example_xcom_args', 'example_xcom_args_with_operators' retrieved from /home/airflow/.local/lib/python3.8/site-packages/airflow/example_dags/example_xcomargs.py
[2024-10-29T23:44:55.955+0000] {logging_mixin.py:188} INFO - [2024-10-29T23:44:55.954+0000] {dag.py:3047} INFO - Sync 2 DAGs
[2024-10-29T23:44:55.978+0000] {logging_mixin.py:188} INFO - [2024-10-29T23:44:55.977+0000] {dag.py:3834} INFO - Setting next_dagrun for example_xcom_args to None, run_after=None
[2024-10-29T23:44:55.984+0000] {logging_mixin.py:188} INFO - [2024-10-29T23:44:55.984+0000] {dag.py:3834} INFO - Setting next_dagrun for example_xcom_args_with_operators to None, run_after=None
[2024-10-29T23:44:56.010+0000] {processor.py:183} INFO - Processing /home/airflow/.local/lib/python3.8/site-packages/airflow/example_dags/example_xcomargs.py took 0.113 seconds
[2024-10-29T23:45:26.156+0000] {processor.py:161} INFO - Started process (PID=1273) to work on /home/airflow/.local/lib/python3.8/site-packages/airflow/example_dags/example_xcomargs.py
[2024-10-29T23:45:26.157+0000] {processor.py:830} INFO - Processing file /home/airflow/.local/lib/python3.8/site-packages/airflow/example_dags/example_xcomargs.py for tasks to queue
[2024-10-29T23:45:26.158+0000] {logging_mixin.py:188} INFO - [2024-10-29T23:45:26.158+0000] {dagbag.py:540} INFO - Filling up the DagBag from /home/airflow/.local/lib/python3.8/site-packages/airflow/example_dags/example_xcomargs.py
[2024-10-29T23:45:26.165+0000] {processor.py:840} INFO - DAG(s) 'example_xcom_args_with_operators', 'example_xcom_args' retrieved from /home/airflow/.local/lib/python3.8/site-packages/airflow/example_dags/example_xcomargs.py
[2024-10-29T23:45:26.191+0000] {logging_mixin.py:188} INFO - [2024-10-29T23:45:26.190+0000] {dag.py:3047} INFO - Sync 2 DAGs
[2024-10-29T23:45:26.207+0000] {logging_mixin.py:188} INFO - [2024-10-29T23:45:26.207+0000] {dag.py:3834} INFO - Setting next_dagrun for example_xcom_args to None, run_after=None
[2024-10-29T23:45:26.213+0000] {logging_mixin.py:188} INFO - [2024-10-29T23:45:26.213+0000] {dag.py:3834} INFO - Setting next_dagrun for example_xcom_args_with_operators to None, run_after=None
[2024-10-29T23:45:26.233+0000] {processor.py:183} INFO - Processing /home/airflow/.local/lib/python3.8/site-packages/airflow/example_dags/example_xcomargs.py took 0.080 seconds
[2024-10-29T23:45:56.637+0000] {processor.py:161} INFO - Started process (PID=1329) to work on /home/airflow/.local/lib/python3.8/site-packages/airflow/example_dags/example_xcomargs.py
[2024-10-29T23:45:56.638+0000] {processor.py:830} INFO - Processing file /home/airflow/.local/lib/python3.8/site-packages/airflow/example_dags/example_xcomargs.py for tasks to queue
[2024-10-29T23:45:56.640+0000] {logging_mixin.py:188} INFO - [2024-10-29T23:45:56.640+0000] {dagbag.py:540} INFO - Filling up the DagBag from /home/airflow/.local/lib/python3.8/site-packages/airflow/example_dags/example_xcomargs.py
[2024-10-29T23:45:56.653+0000] {processor.py:840} INFO - DAG(s) 'example_xcom_args', 'example_xcom_args_with_operators' retrieved from /home/airflow/.local/lib/python3.8/site-packages/airflow/example_dags/example_xcomargs.py
[2024-10-29T23:45:56.690+0000] {logging_mixin.py:188} INFO - [2024-10-29T23:45:56.689+0000] {dag.py:3047} INFO - Sync 2 DAGs
[2024-10-29T23:45:56.713+0000] {logging_mixin.py:188} INFO - [2024-10-29T23:45:56.712+0000] {dag.py:3834} INFO - Setting next_dagrun for example_xcom_args to None, run_after=None
[2024-10-29T23:45:56.719+0000] {logging_mixin.py:188} INFO - [2024-10-29T23:45:56.718+0000] {dag.py:3834} INFO - Setting next_dagrun for example_xcom_args_with_operators to None, run_after=None
[2024-10-29T23:45:56.744+0000] {processor.py:183} INFO - Processing /home/airflow/.local/lib/python3.8/site-packages/airflow/example_dags/example_xcomargs.py took 0.110 seconds
[2024-10-29T23:46:26.946+0000] {processor.py:161} INFO - Started process (PID=1385) to work on /home/airflow/.local/lib/python3.8/site-packages/airflow/example_dags/example_xcomargs.py
[2024-10-29T23:46:26.948+0000] {processor.py:830} INFO - Processing file /home/airflow/.local/lib/python3.8/site-packages/airflow/example_dags/example_xcomargs.py for tasks to queue
[2024-10-29T23:46:26.953+0000] {logging_mixin.py:188} INFO - [2024-10-29T23:46:26.952+0000] {dagbag.py:540} INFO - Filling up the DagBag from /home/airflow/.local/lib/python3.8/site-packages/airflow/example_dags/example_xcomargs.py
[2024-10-29T23:46:26.976+0000] {processor.py:840} INFO - DAG(s) 'example_xcom_args', 'example_xcom_args_with_operators' retrieved from /home/airflow/.local/lib/python3.8/site-packages/airflow/example_dags/example_xcomargs.py
[2024-10-29T23:46:27.041+0000] {logging_mixin.py:188} INFO - [2024-10-29T23:46:27.041+0000] {dag.py:3047} INFO - Sync 2 DAGs
[2024-10-29T23:46:27.064+0000] {logging_mixin.py:188} INFO - [2024-10-29T23:46:27.064+0000] {dag.py:3834} INFO - Setting next_dagrun for example_xcom_args to None, run_after=None
[2024-10-29T23:46:27.069+0000] {logging_mixin.py:188} INFO - [2024-10-29T23:46:27.068+0000] {dag.py:3834} INFO - Setting next_dagrun for example_xcom_args_with_operators to None, run_after=None
[2024-10-29T23:46:27.089+0000] {processor.py:183} INFO - Processing /home/airflow/.local/lib/python3.8/site-packages/airflow/example_dags/example_xcomargs.py took 0.151 seconds
[2024-10-29T23:46:57.215+0000] {processor.py:161} INFO - Started process (PID=1441) to work on /home/airflow/.local/lib/python3.8/site-packages/airflow/example_dags/example_xcomargs.py
[2024-10-29T23:46:57.216+0000] {processor.py:830} INFO - Processing file /home/airflow/.local/lib/python3.8/site-packages/airflow/example_dags/example_xcomargs.py for tasks to queue
[2024-10-29T23:46:57.219+0000] {logging_mixin.py:188} INFO - [2024-10-29T23:46:57.218+0000] {dagbag.py:540} INFO - Filling up the DagBag from /home/airflow/.local/lib/python3.8/site-packages/airflow/example_dags/example_xcomargs.py
[2024-10-29T23:46:57.228+0000] {processor.py:840} INFO - DAG(s) 'example_xcom_args', 'example_xcom_args_with_operators' retrieved from /home/airflow/.local/lib/python3.8/site-packages/airflow/example_dags/example_xcomargs.py
[2024-10-29T23:46:57.257+0000] {logging_mixin.py:188} INFO - [2024-10-29T23:46:57.256+0000] {dag.py:3047} INFO - Sync 2 DAGs
[2024-10-29T23:46:57.272+0000] {logging_mixin.py:188} INFO - [2024-10-29T23:46:57.271+0000] {dag.py:3834} INFO - Setting next_dagrun for example_xcom_args to None, run_after=None
[2024-10-29T23:46:57.279+0000] {logging_mixin.py:188} INFO - [2024-10-29T23:46:57.278+0000] {dag.py:3834} INFO - Setting next_dagrun for example_xcom_args_with_operators to None, run_after=None
[2024-10-29T23:46:57.302+0000] {processor.py:183} INFO - Processing /home/airflow/.local/lib/python3.8/site-packages/airflow/example_dags/example_xcomargs.py took 0.090 seconds
[2024-10-29T23:47:28.246+0000] {processor.py:161} INFO - Started process (PID=1497) to work on /home/airflow/.local/lib/python3.8/site-packages/airflow/example_dags/example_xcomargs.py
[2024-10-29T23:47:28.253+0000] {processor.py:830} INFO - Processing file /home/airflow/.local/lib/python3.8/site-packages/airflow/example_dags/example_xcomargs.py for tasks to queue
[2024-10-29T23:47:28.258+0000] {logging_mixin.py:188} INFO - [2024-10-29T23:47:28.257+0000] {dagbag.py:540} INFO - Filling up the DagBag from /home/airflow/.local/lib/python3.8/site-packages/airflow/example_dags/example_xcomargs.py
[2024-10-29T23:47:28.283+0000] {processor.py:840} INFO - DAG(s) 'example_xcom_args', 'example_xcom_args_with_operators' retrieved from /home/airflow/.local/lib/python3.8/site-packages/airflow/example_dags/example_xcomargs.py
[2024-10-29T23:47:28.377+0000] {logging_mixin.py:188} INFO - [2024-10-29T23:47:28.376+0000] {dag.py:3047} INFO - Sync 2 DAGs
[2024-10-29T23:47:28.420+0000] {logging_mixin.py:188} INFO - [2024-10-29T23:47:28.419+0000] {dag.py:3834} INFO - Setting next_dagrun for example_xcom_args to None, run_after=None
[2024-10-29T23:47:28.433+0000] {logging_mixin.py:188} INFO - [2024-10-29T23:47:28.432+0000] {dag.py:3834} INFO - Setting next_dagrun for example_xcom_args_with_operators to None, run_after=None
[2024-10-29T23:47:28.489+0000] {processor.py:183} INFO - Processing /home/airflow/.local/lib/python3.8/site-packages/airflow/example_dags/example_xcomargs.py took 0.252 seconds
[2024-10-29T23:47:58.556+0000] {processor.py:161} INFO - Started process (PID=1553) to work on /home/airflow/.local/lib/python3.8/site-packages/airflow/example_dags/example_xcomargs.py
[2024-10-29T23:47:58.562+0000] {processor.py:830} INFO - Processing file /home/airflow/.local/lib/python3.8/site-packages/airflow/example_dags/example_xcomargs.py for tasks to queue
[2024-10-29T23:47:58.563+0000] {logging_mixin.py:188} INFO - [2024-10-29T23:47:58.563+0000] {dagbag.py:540} INFO - Filling up the DagBag from /home/airflow/.local/lib/python3.8/site-packages/airflow/example_dags/example_xcomargs.py
[2024-10-29T23:47:58.571+0000] {processor.py:840} INFO - DAG(s) 'example_xcom_args', 'example_xcom_args_with_operators' retrieved from /home/airflow/.local/lib/python3.8/site-packages/airflow/example_dags/example_xcomargs.py
[2024-10-29T23:47:58.601+0000] {logging_mixin.py:188} INFO - [2024-10-29T23:47:58.601+0000] {dag.py:3047} INFO - Sync 2 DAGs
[2024-10-29T23:47:58.620+0000] {logging_mixin.py:188} INFO - [2024-10-29T23:47:58.620+0000] {dag.py:3834} INFO - Setting next_dagrun for example_xcom_args to None, run_after=None
[2024-10-29T23:47:58.625+0000] {logging_mixin.py:188} INFO - [2024-10-29T23:47:58.625+0000] {dag.py:3834} INFO - Setting next_dagrun for example_xcom_args_with_operators to None, run_after=None
[2024-10-29T23:47:58.641+0000] {processor.py:183} INFO - Processing /home/airflow/.local/lib/python3.8/site-packages/airflow/example_dags/example_xcomargs.py took 0.088 seconds
[2024-10-29T23:48:28.776+0000] {processor.py:161} INFO - Started process (PID=1609) to work on /home/airflow/.local/lib/python3.8/site-packages/airflow/example_dags/example_xcomargs.py
[2024-10-29T23:48:28.782+0000] {processor.py:830} INFO - Processing file /home/airflow/.local/lib/python3.8/site-packages/airflow/example_dags/example_xcomargs.py for tasks to queue
[2024-10-29T23:48:28.783+0000] {logging_mixin.py:188} INFO - [2024-10-29T23:48:28.783+0000] {dagbag.py:540} INFO - Filling up the DagBag from /home/airflow/.local/lib/python3.8/site-packages/airflow/example_dags/example_xcomargs.py
[2024-10-29T23:48:28.791+0000] {processor.py:840} INFO - DAG(s) 'example_xcom_args_with_operators', 'example_xcom_args' retrieved from /home/airflow/.local/lib/python3.8/site-packages/airflow/example_dags/example_xcomargs.py
[2024-10-29T23:48:28.811+0000] {logging_mixin.py:188} INFO - [2024-10-29T23:48:28.811+0000] {dag.py:3047} INFO - Sync 2 DAGs
[2024-10-29T23:48:28.823+0000] {logging_mixin.py:188} INFO - [2024-10-29T23:48:28.822+0000] {dag.py:3834} INFO - Setting next_dagrun for example_xcom_args to None, run_after=None
[2024-10-29T23:48:28.827+0000] {logging_mixin.py:188} INFO - [2024-10-29T23:48:28.826+0000] {dag.py:3834} INFO - Setting next_dagrun for example_xcom_args_with_operators to None, run_after=None
[2024-10-29T23:48:28.841+0000] {processor.py:183} INFO - Processing /home/airflow/.local/lib/python3.8/site-packages/airflow/example_dags/example_xcomargs.py took 0.068 seconds
[2024-10-29T23:48:59.012+0000] {processor.py:161} INFO - Started process (PID=1665) to work on /home/airflow/.local/lib/python3.8/site-packages/airflow/example_dags/example_xcomargs.py
[2024-10-29T23:48:59.018+0000] {processor.py:830} INFO - Processing file /home/airflow/.local/lib/python3.8/site-packages/airflow/example_dags/example_xcomargs.py for tasks to queue
[2024-10-29T23:48:59.019+0000] {logging_mixin.py:188} INFO - [2024-10-29T23:48:59.019+0000] {dagbag.py:540} INFO - Filling up the DagBag from /home/airflow/.local/lib/python3.8/site-packages/airflow/example_dags/example_xcomargs.py
[2024-10-29T23:48:59.027+0000] {processor.py:840} INFO - DAG(s) 'example_xcom_args_with_operators', 'example_xcom_args' retrieved from /home/airflow/.local/lib/python3.8/site-packages/airflow/example_dags/example_xcomargs.py
[2024-10-29T23:48:59.055+0000] {logging_mixin.py:188} INFO - [2024-10-29T23:48:59.054+0000] {dag.py:3047} INFO - Sync 2 DAGs
[2024-10-29T23:48:59.075+0000] {logging_mixin.py:188} INFO - [2024-10-29T23:48:59.075+0000] {dag.py:3834} INFO - Setting next_dagrun for example_xcom_args to None, run_after=None
[2024-10-29T23:48:59.082+0000] {logging_mixin.py:188} INFO - [2024-10-29T23:48:59.082+0000] {dag.py:3834} INFO - Setting next_dagrun for example_xcom_args_with_operators to None, run_after=None
[2024-10-29T23:48:59.109+0000] {processor.py:183} INFO - Processing /home/airflow/.local/lib/python3.8/site-packages/airflow/example_dags/example_xcomargs.py took 0.099 seconds
[2024-10-29T23:49:29.447+0000] {processor.py:161} INFO - Started process (PID=1721) to work on /home/airflow/.local/lib/python3.8/site-packages/airflow/example_dags/example_xcomargs.py
[2024-10-29T23:49:29.448+0000] {processor.py:830} INFO - Processing file /home/airflow/.local/lib/python3.8/site-packages/airflow/example_dags/example_xcomargs.py for tasks to queue
[2024-10-29T23:49:29.451+0000] {logging_mixin.py:188} INFO - [2024-10-29T23:49:29.451+0000] {dagbag.py:540} INFO - Filling up the DagBag from /home/airflow/.local/lib/python3.8/site-packages/airflow/example_dags/example_xcomargs.py
[2024-10-29T23:49:29.463+0000] {processor.py:840} INFO - DAG(s) 'example_xcom_args', 'example_xcom_args_with_operators' retrieved from /home/airflow/.local/lib/python3.8/site-packages/airflow/example_dags/example_xcomargs.py
[2024-10-29T23:49:29.491+0000] {logging_mixin.py:188} INFO - [2024-10-29T23:49:29.491+0000] {dag.py:3047} INFO - Sync 2 DAGs
[2024-10-29T23:49:29.508+0000] {logging_mixin.py:188} INFO - [2024-10-29T23:49:29.508+0000] {dag.py:3834} INFO - Setting next_dagrun for example_xcom_args to None, run_after=None
[2024-10-29T23:49:29.514+0000] {logging_mixin.py:188} INFO - [2024-10-29T23:49:29.514+0000] {dag.py:3834} INFO - Setting next_dagrun for example_xcom_args_with_operators to None, run_after=None
[2024-10-29T23:49:29.536+0000] {processor.py:183} INFO - Processing /home/airflow/.local/lib/python3.8/site-packages/airflow/example_dags/example_xcomargs.py took 0.094 seconds
[2024-10-29T23:49:59.616+0000] {processor.py:161} INFO - Started process (PID=1777) to work on /home/airflow/.local/lib/python3.8/site-packages/airflow/example_dags/example_xcomargs.py
[2024-10-29T23:49:59.617+0000] {processor.py:830} INFO - Processing file /home/airflow/.local/lib/python3.8/site-packages/airflow/example_dags/example_xcomargs.py for tasks to queue
[2024-10-29T23:49:59.619+0000] {logging_mixin.py:188} INFO - [2024-10-29T23:49:59.619+0000] {dagbag.py:540} INFO - Filling up the DagBag from /home/airflow/.local/lib/python3.8/site-packages/airflow/example_dags/example_xcomargs.py
[2024-10-29T23:49:59.630+0000] {processor.py:840} INFO - DAG(s) 'example_xcom_args', 'example_xcom_args_with_operators' retrieved from /home/airflow/.local/lib/python3.8/site-packages/airflow/example_dags/example_xcomargs.py
[2024-10-29T23:49:59.661+0000] {logging_mixin.py:188} INFO - [2024-10-29T23:49:59.660+0000] {dag.py:3047} INFO - Sync 2 DAGs
[2024-10-29T23:49:59.677+0000] {logging_mixin.py:188} INFO - [2024-10-29T23:49:59.676+0000] {dag.py:3834} INFO - Setting next_dagrun for example_xcom_args to None, run_after=None
[2024-10-29T23:49:59.681+0000] {logging_mixin.py:188} INFO - [2024-10-29T23:49:59.681+0000] {dag.py:3834} INFO - Setting next_dagrun for example_xcom_args_with_operators to None, run_after=None
[2024-10-29T23:49:59.699+0000] {processor.py:183} INFO - Processing /home/airflow/.local/lib/python3.8/site-packages/airflow/example_dags/example_xcomargs.py took 0.086 seconds
[2024-10-29T23:50:29.934+0000] {processor.py:161} INFO - Started process (PID=1833) to work on /home/airflow/.local/lib/python3.8/site-packages/airflow/example_dags/example_xcomargs.py
[2024-10-29T23:50:29.935+0000] {processor.py:830} INFO - Processing file /home/airflow/.local/lib/python3.8/site-packages/airflow/example_dags/example_xcomargs.py for tasks to queue
[2024-10-29T23:50:29.942+0000] {logging_mixin.py:188} INFO - [2024-10-29T23:50:29.942+0000] {dagbag.py:540} INFO - Filling up the DagBag from /home/airflow/.local/lib/python3.8/site-packages/airflow/example_dags/example_xcomargs.py
[2024-10-29T23:50:29.953+0000] {processor.py:840} INFO - DAG(s) 'example_xcom_args', 'example_xcom_args_with_operators' retrieved from /home/airflow/.local/lib/python3.8/site-packages/airflow/example_dags/example_xcomargs.py
[2024-10-29T23:50:29.982+0000] {logging_mixin.py:188} INFO - [2024-10-29T23:50:29.982+0000] {dag.py:3047} INFO - Sync 2 DAGs
[2024-10-29T23:50:29.999+0000] {logging_mixin.py:188} INFO - [2024-10-29T23:50:29.999+0000] {dag.py:3834} INFO - Setting next_dagrun for example_xcom_args to None, run_after=None
[2024-10-29T23:50:30.003+0000] {logging_mixin.py:188} INFO - [2024-10-29T23:50:30.003+0000] {dag.py:3834} INFO - Setting next_dagrun for example_xcom_args_with_operators to None, run_after=None
[2024-10-29T23:50:30.025+0000] {processor.py:183} INFO - Processing /home/airflow/.local/lib/python3.8/site-packages/airflow/example_dags/example_xcomargs.py took 0.096 seconds
[2024-10-29T23:51:00.071+0000] {processor.py:161} INFO - Started process (PID=1889) to work on /home/airflow/.local/lib/python3.8/site-packages/airflow/example_dags/example_xcomargs.py
[2024-10-29T23:51:00.074+0000] {processor.py:830} INFO - Processing file /home/airflow/.local/lib/python3.8/site-packages/airflow/example_dags/example_xcomargs.py for tasks to queue
[2024-10-29T23:51:00.078+0000] {logging_mixin.py:188} INFO - [2024-10-29T23:51:00.078+0000] {dagbag.py:540} INFO - Filling up the DagBag from /home/airflow/.local/lib/python3.8/site-packages/airflow/example_dags/example_xcomargs.py
[2024-10-29T23:51:00.102+0000] {processor.py:840} INFO - DAG(s) 'example_xcom_args', 'example_xcom_args_with_operators' retrieved from /home/airflow/.local/lib/python3.8/site-packages/airflow/example_dags/example_xcomargs.py
[2024-10-29T23:51:00.176+0000] {logging_mixin.py:188} INFO - [2024-10-29T23:51:00.175+0000] {dag.py:3047} INFO - Sync 2 DAGs
[2024-10-29T23:51:00.207+0000] {logging_mixin.py:188} INFO - [2024-10-29T23:51:00.207+0000] {dag.py:3834} INFO - Setting next_dagrun for example_xcom_args to None, run_after=None
[2024-10-29T23:51:00.213+0000] {logging_mixin.py:188} INFO - [2024-10-29T23:51:00.212+0000] {dag.py:3834} INFO - Setting next_dagrun for example_xcom_args_with_operators to None, run_after=None
[2024-10-29T23:51:00.235+0000] {processor.py:183} INFO - Processing /home/airflow/.local/lib/python3.8/site-packages/airflow/example_dags/example_xcomargs.py took 0.172 seconds
[2024-10-29T23:51:30.272+0000] {processor.py:161} INFO - Started process (PID=1945) to work on /home/airflow/.local/lib/python3.8/site-packages/airflow/example_dags/example_xcomargs.py
[2024-10-29T23:51:30.272+0000] {processor.py:830} INFO - Processing file /home/airflow/.local/lib/python3.8/site-packages/airflow/example_dags/example_xcomargs.py for tasks to queue
[2024-10-29T23:51:30.274+0000] {logging_mixin.py:188} INFO - [2024-10-29T23:51:30.274+0000] {dagbag.py:540} INFO - Filling up the DagBag from /home/airflow/.local/lib/python3.8/site-packages/airflow/example_dags/example_xcomargs.py
[2024-10-29T23:51:30.281+0000] {processor.py:840} INFO - DAG(s) 'example_xcom_args', 'example_xcom_args_with_operators' retrieved from /home/airflow/.local/lib/python3.8/site-packages/airflow/example_dags/example_xcomargs.py
[2024-10-29T23:51:30.312+0000] {logging_mixin.py:188} INFO - [2024-10-29T23:51:30.311+0000] {dag.py:3047} INFO - Sync 2 DAGs
[2024-10-29T23:51:30.330+0000] {logging_mixin.py:188} INFO - [2024-10-29T23:51:30.330+0000] {dag.py:3834} INFO - Setting next_dagrun for example_xcom_args to None, run_after=None
[2024-10-29T23:51:30.336+0000] {logging_mixin.py:188} INFO - [2024-10-29T23:51:30.335+0000] {dag.py:3834} INFO - Setting next_dagrun for example_xcom_args_with_operators to None, run_after=None
[2024-10-29T23:51:30.355+0000] {processor.py:183} INFO - Processing /home/airflow/.local/lib/python3.8/site-packages/airflow/example_dags/example_xcomargs.py took 0.086 seconds
[2024-10-29T23:52:00.782+0000] {processor.py:161} INFO - Started process (PID=2000) to work on /home/airflow/.local/lib/python3.8/site-packages/airflow/example_dags/example_xcomargs.py
[2024-10-29T23:52:00.788+0000] {processor.py:830} INFO - Processing file /home/airflow/.local/lib/python3.8/site-packages/airflow/example_dags/example_xcomargs.py for tasks to queue
[2024-10-29T23:52:00.789+0000] {logging_mixin.py:188} INFO - [2024-10-29T23:52:00.789+0000] {dagbag.py:540} INFO - Filling up the DagBag from /home/airflow/.local/lib/python3.8/site-packages/airflow/example_dags/example_xcomargs.py
[2024-10-29T23:52:00.798+0000] {processor.py:840} INFO - DAG(s) 'example_xcom_args_with_operators', 'example_xcom_args' retrieved from /home/airflow/.local/lib/python3.8/site-packages/airflow/example_dags/example_xcomargs.py
[2024-10-29T23:52:00.820+0000] {logging_mixin.py:188} INFO - [2024-10-29T23:52:00.820+0000] {dag.py:3047} INFO - Sync 2 DAGs
[2024-10-29T23:52:00.835+0000] {logging_mixin.py:188} INFO - [2024-10-29T23:52:00.835+0000] {dag.py:3834} INFO - Setting next_dagrun for example_xcom_args to None, run_after=None
[2024-10-29T23:52:00.838+0000] {logging_mixin.py:188} INFO - [2024-10-29T23:52:00.838+0000] {dag.py:3834} INFO - Setting next_dagrun for example_xcom_args_with_operators to None, run_after=None
[2024-10-29T23:52:00.857+0000] {processor.py:183} INFO - Processing /home/airflow/.local/lib/python3.8/site-packages/airflow/example_dags/example_xcomargs.py took 0.077 seconds
[2024-10-29T23:52:31.397+0000] {processor.py:161} INFO - Started process (PID=2056) to work on /home/airflow/.local/lib/python3.8/site-packages/airflow/example_dags/example_xcomargs.py
[2024-10-29T23:52:31.404+0000] {processor.py:830} INFO - Processing file /home/airflow/.local/lib/python3.8/site-packages/airflow/example_dags/example_xcomargs.py for tasks to queue
[2024-10-29T23:52:31.411+0000] {logging_mixin.py:188} INFO - [2024-10-29T23:52:31.410+0000] {dagbag.py:540} INFO - Filling up the DagBag from /home/airflow/.local/lib/python3.8/site-packages/airflow/example_dags/example_xcomargs.py
[2024-10-29T23:52:31.446+0000] {processor.py:840} INFO - DAG(s) 'example_xcom_args_with_operators', 'example_xcom_args' retrieved from /home/airflow/.local/lib/python3.8/site-packages/airflow/example_dags/example_xcomargs.py
[2024-10-29T23:52:31.521+0000] {logging_mixin.py:188} INFO - [2024-10-29T23:52:31.520+0000] {dag.py:3047} INFO - Sync 2 DAGs
[2024-10-29T23:52:31.566+0000] {logging_mixin.py:188} INFO - [2024-10-29T23:52:31.565+0000] {dag.py:3834} INFO - Setting next_dagrun for example_xcom_args to None, run_after=None
[2024-10-29T23:52:31.580+0000] {logging_mixin.py:188} INFO - [2024-10-29T23:52:31.579+0000] {dag.py:3834} INFO - Setting next_dagrun for example_xcom_args_with_operators to None, run_after=None
[2024-10-29T23:52:31.638+0000] {processor.py:183} INFO - Processing /home/airflow/.local/lib/python3.8/site-packages/airflow/example_dags/example_xcomargs.py took 0.251 seconds
[2024-10-29T23:53:01.702+0000] {processor.py:161} INFO - Started process (PID=2112) to work on /home/airflow/.local/lib/python3.8/site-packages/airflow/example_dags/example_xcomargs.py
[2024-10-29T23:53:01.708+0000] {processor.py:830} INFO - Processing file /home/airflow/.local/lib/python3.8/site-packages/airflow/example_dags/example_xcomargs.py for tasks to queue
[2024-10-29T23:53:01.709+0000] {logging_mixin.py:188} INFO - [2024-10-29T23:53:01.709+0000] {dagbag.py:540} INFO - Filling up the DagBag from /home/airflow/.local/lib/python3.8/site-packages/airflow/example_dags/example_xcomargs.py
[2024-10-29T23:53:01.716+0000] {processor.py:840} INFO - DAG(s) 'example_xcom_args_with_operators', 'example_xcom_args' retrieved from /home/airflow/.local/lib/python3.8/site-packages/airflow/example_dags/example_xcomargs.py
[2024-10-29T23:53:01.743+0000] {logging_mixin.py:188} INFO - [2024-10-29T23:53:01.743+0000] {dag.py:3047} INFO - Sync 2 DAGs
[2024-10-29T23:53:01.760+0000] {logging_mixin.py:188} INFO - [2024-10-29T23:53:01.759+0000] {dag.py:3834} INFO - Setting next_dagrun for example_xcom_args to None, run_after=None
[2024-10-29T23:53:01.764+0000] {logging_mixin.py:188} INFO - [2024-10-29T23:53:01.764+0000] {dag.py:3834} INFO - Setting next_dagrun for example_xcom_args_with_operators to None, run_after=None
[2024-10-29T23:53:01.782+0000] {processor.py:183} INFO - Processing /home/airflow/.local/lib/python3.8/site-packages/airflow/example_dags/example_xcomargs.py took 0.082 seconds
[2024-10-29T23:53:32.156+0000] {processor.py:161} INFO - Started process (PID=2168) to work on /home/airflow/.local/lib/python3.8/site-packages/airflow/example_dags/example_xcomargs.py
[2024-10-29T23:53:32.157+0000] {processor.py:830} INFO - Processing file /home/airflow/.local/lib/python3.8/site-packages/airflow/example_dags/example_xcomargs.py for tasks to queue
[2024-10-29T23:53:32.159+0000] {logging_mixin.py:188} INFO - [2024-10-29T23:53:32.158+0000] {dagbag.py:540} INFO - Filling up the DagBag from /home/airflow/.local/lib/python3.8/site-packages/airflow/example_dags/example_xcomargs.py
[2024-10-29T23:53:32.168+0000] {processor.py:840} INFO - DAG(s) 'example_xcom_args_with_operators', 'example_xcom_args' retrieved from /home/airflow/.local/lib/python3.8/site-packages/airflow/example_dags/example_xcomargs.py
[2024-10-29T23:53:32.235+0000] {logging_mixin.py:188} INFO - [2024-10-29T23:53:32.234+0000] {dag.py:3047} INFO - Sync 2 DAGs
[2024-10-29T23:53:32.413+0000] {logging_mixin.py:188} INFO - [2024-10-29T23:53:32.413+0000] {dag.py:3834} INFO - Setting next_dagrun for example_xcom_args to None, run_after=None
[2024-10-29T23:53:32.417+0000] {logging_mixin.py:188} INFO - [2024-10-29T23:53:32.417+0000] {dag.py:3834} INFO - Setting next_dagrun for example_xcom_args_with_operators to None, run_after=None
[2024-10-29T23:53:32.435+0000] {processor.py:183} INFO - Processing /home/airflow/.local/lib/python3.8/site-packages/airflow/example_dags/example_xcomargs.py took 0.282 seconds
[2024-10-29T23:54:02.582+0000] {processor.py:161} INFO - Started process (PID=2230) to work on /home/airflow/.local/lib/python3.8/site-packages/airflow/example_dags/example_xcomargs.py
[2024-10-29T23:54:02.583+0000] {processor.py:830} INFO - Processing file /home/airflow/.local/lib/python3.8/site-packages/airflow/example_dags/example_xcomargs.py for tasks to queue
[2024-10-29T23:54:02.584+0000] {logging_mixin.py:188} INFO - [2024-10-29T23:54:02.584+0000] {dagbag.py:540} INFO - Filling up the DagBag from /home/airflow/.local/lib/python3.8/site-packages/airflow/example_dags/example_xcomargs.py
[2024-10-29T23:54:02.591+0000] {processor.py:840} INFO - DAG(s) 'example_xcom_args_with_operators', 'example_xcom_args' retrieved from /home/airflow/.local/lib/python3.8/site-packages/airflow/example_dags/example_xcomargs.py
[2024-10-29T23:54:02.611+0000] {logging_mixin.py:188} INFO - [2024-10-29T23:54:02.611+0000] {dag.py:3047} INFO - Sync 2 DAGs
[2024-10-29T23:54:02.721+0000] {logging_mixin.py:188} INFO - [2024-10-29T23:54:02.721+0000] {dag.py:3834} INFO - Setting next_dagrun for example_xcom_args to None, run_after=None
[2024-10-29T23:54:02.724+0000] {logging_mixin.py:188} INFO - [2024-10-29T23:54:02.724+0000] {dag.py:3834} INFO - Setting next_dagrun for example_xcom_args_with_operators to None, run_after=None
[2024-10-29T23:54:02.742+0000] {processor.py:183} INFO - Processing /home/airflow/.local/lib/python3.8/site-packages/airflow/example_dags/example_xcomargs.py took 0.162 seconds
[2024-10-29T23:54:33.022+0000] {processor.py:161} INFO - Started process (PID=2284) to work on /home/airflow/.local/lib/python3.8/site-packages/airflow/example_dags/example_xcomargs.py
[2024-10-29T23:54:33.023+0000] {processor.py:830} INFO - Processing file /home/airflow/.local/lib/python3.8/site-packages/airflow/example_dags/example_xcomargs.py for tasks to queue
[2024-10-29T23:54:33.024+0000] {logging_mixin.py:188} INFO - [2024-10-29T23:54:33.024+0000] {dagbag.py:540} INFO - Filling up the DagBag from /home/airflow/.local/lib/python3.8/site-packages/airflow/example_dags/example_xcomargs.py
[2024-10-29T23:54:33.033+0000] {processor.py:840} INFO - DAG(s) 'example_xcom_args_with_operators', 'example_xcom_args' retrieved from /home/airflow/.local/lib/python3.8/site-packages/airflow/example_dags/example_xcomargs.py
[2024-10-29T23:54:33.058+0000] {logging_mixin.py:188} INFO - [2024-10-29T23:54:33.057+0000] {dag.py:3047} INFO - Sync 2 DAGs
[2024-10-29T23:54:33.072+0000] {logging_mixin.py:188} INFO - [2024-10-29T23:54:33.072+0000] {dag.py:3834} INFO - Setting next_dagrun for example_xcom_args to None, run_after=None
[2024-10-29T23:54:33.077+0000] {logging_mixin.py:188} INFO - [2024-10-29T23:54:33.076+0000] {dag.py:3834} INFO - Setting next_dagrun for example_xcom_args_with_operators to None, run_after=None
[2024-10-29T23:54:33.094+0000] {processor.py:183} INFO - Processing /home/airflow/.local/lib/python3.8/site-packages/airflow/example_dags/example_xcomargs.py took 0.075 seconds
[2024-10-29T23:55:03.758+0000] {processor.py:161} INFO - Started process (PID=2340) to work on /home/airflow/.local/lib/python3.8/site-packages/airflow/example_dags/example_xcomargs.py
[2024-10-29T23:55:03.759+0000] {processor.py:830} INFO - Processing file /home/airflow/.local/lib/python3.8/site-packages/airflow/example_dags/example_xcomargs.py for tasks to queue
[2024-10-29T23:55:03.760+0000] {logging_mixin.py:188} INFO - [2024-10-29T23:55:03.760+0000] {dagbag.py:540} INFO - Filling up the DagBag from /home/airflow/.local/lib/python3.8/site-packages/airflow/example_dags/example_xcomargs.py
[2024-10-29T23:55:03.767+0000] {processor.py:840} INFO - DAG(s) 'example_xcom_args_with_operators', 'example_xcom_args' retrieved from /home/airflow/.local/lib/python3.8/site-packages/airflow/example_dags/example_xcomargs.py
[2024-10-29T23:55:03.791+0000] {logging_mixin.py:188} INFO - [2024-10-29T23:55:03.791+0000] {dag.py:3047} INFO - Sync 2 DAGs
[2024-10-29T23:55:03.803+0000] {logging_mixin.py:188} INFO - [2024-10-29T23:55:03.803+0000] {dag.py:3834} INFO - Setting next_dagrun for example_xcom_args to None, run_after=None
[2024-10-29T23:55:03.807+0000] {logging_mixin.py:188} INFO - [2024-10-29T23:55:03.807+0000] {dag.py:3834} INFO - Setting next_dagrun for example_xcom_args_with_operators to None, run_after=None
[2024-10-29T23:55:03.823+0000] {processor.py:183} INFO - Processing /home/airflow/.local/lib/python3.8/site-packages/airflow/example_dags/example_xcomargs.py took 0.069 seconds
[2024-10-29T23:55:34.364+0000] {processor.py:161} INFO - Started process (PID=2396) to work on /home/airflow/.local/lib/python3.8/site-packages/airflow/example_dags/example_xcomargs.py
[2024-10-29T23:55:34.365+0000] {processor.py:830} INFO - Processing file /home/airflow/.local/lib/python3.8/site-packages/airflow/example_dags/example_xcomargs.py for tasks to queue
[2024-10-29T23:55:34.367+0000] {logging_mixin.py:188} INFO - [2024-10-29T23:55:34.367+0000] {dagbag.py:540} INFO - Filling up the DagBag from /home/airflow/.local/lib/python3.8/site-packages/airflow/example_dags/example_xcomargs.py
[2024-10-29T23:55:34.377+0000] {processor.py:840} INFO - DAG(s) 'example_xcom_args_with_operators', 'example_xcom_args' retrieved from /home/airflow/.local/lib/python3.8/site-packages/airflow/example_dags/example_xcomargs.py
[2024-10-29T23:55:34.412+0000] {logging_mixin.py:188} INFO - [2024-10-29T23:55:34.411+0000] {dag.py:3047} INFO - Sync 2 DAGs
[2024-10-29T23:55:34.427+0000] {logging_mixin.py:188} INFO - [2024-10-29T23:55:34.426+0000] {dag.py:3834} INFO - Setting next_dagrun for example_xcom_args to None, run_after=None
[2024-10-29T23:55:34.431+0000] {logging_mixin.py:188} INFO - [2024-10-29T23:55:34.431+0000] {dag.py:3834} INFO - Setting next_dagrun for example_xcom_args_with_operators to None, run_after=None
[2024-10-29T23:55:34.453+0000] {processor.py:183} INFO - Processing /home/airflow/.local/lib/python3.8/site-packages/airflow/example_dags/example_xcomargs.py took 0.093 seconds
[2024-10-29T23:56:04.573+0000] {processor.py:161} INFO - Started process (PID=2452) to work on /home/airflow/.local/lib/python3.8/site-packages/airflow/example_dags/example_xcomargs.py
[2024-10-29T23:56:04.574+0000] {processor.py:830} INFO - Processing file /home/airflow/.local/lib/python3.8/site-packages/airflow/example_dags/example_xcomargs.py for tasks to queue
[2024-10-29T23:56:04.576+0000] {logging_mixin.py:188} INFO - [2024-10-29T23:56:04.575+0000] {dagbag.py:540} INFO - Filling up the DagBag from /home/airflow/.local/lib/python3.8/site-packages/airflow/example_dags/example_xcomargs.py
[2024-10-29T23:56:04.585+0000] {processor.py:840} INFO - DAG(s) 'example_xcom_args_with_operators', 'example_xcom_args' retrieved from /home/airflow/.local/lib/python3.8/site-packages/airflow/example_dags/example_xcomargs.py
[2024-10-29T23:56:04.614+0000] {logging_mixin.py:188} INFO - [2024-10-29T23:56:04.613+0000] {dag.py:3047} INFO - Sync 2 DAGs
[2024-10-29T23:56:04.630+0000] {logging_mixin.py:188} INFO - [2024-10-29T23:56:04.630+0000] {dag.py:3834} INFO - Setting next_dagrun for example_xcom_args to None, run_after=None
[2024-10-29T23:56:04.634+0000] {logging_mixin.py:188} INFO - [2024-10-29T23:56:04.634+0000] {dag.py:3834} INFO - Setting next_dagrun for example_xcom_args_with_operators to None, run_after=None
[2024-10-29T23:56:04.651+0000] {processor.py:183} INFO - Processing /home/airflow/.local/lib/python3.8/site-packages/airflow/example_dags/example_xcomargs.py took 0.082 seconds
[2024-10-29T23:56:35.437+0000] {processor.py:161} INFO - Started process (PID=2508) to work on /home/airflow/.local/lib/python3.8/site-packages/airflow/example_dags/example_xcomargs.py
[2024-10-29T23:56:35.439+0000] {processor.py:830} INFO - Processing file /home/airflow/.local/lib/python3.8/site-packages/airflow/example_dags/example_xcomargs.py for tasks to queue
[2024-10-29T23:56:35.443+0000] {logging_mixin.py:188} INFO - [2024-10-29T23:56:35.443+0000] {dagbag.py:540} INFO - Filling up the DagBag from /home/airflow/.local/lib/python3.8/site-packages/airflow/example_dags/example_xcomargs.py
[2024-10-29T23:56:35.466+0000] {processor.py:840} INFO - DAG(s) 'example_xcom_args', 'example_xcom_args_with_operators' retrieved from /home/airflow/.local/lib/python3.8/site-packages/airflow/example_dags/example_xcomargs.py
[2024-10-29T23:56:35.532+0000] {logging_mixin.py:188} INFO - [2024-10-29T23:56:35.531+0000] {dag.py:3047} INFO - Sync 2 DAGs
[2024-10-29T23:56:35.574+0000] {logging_mixin.py:188} INFO - [2024-10-29T23:56:35.573+0000] {dag.py:3834} INFO - Setting next_dagrun for example_xcom_args to None, run_after=None
[2024-10-29T23:56:35.589+0000] {logging_mixin.py:188} INFO - [2024-10-29T23:56:35.589+0000] {dag.py:3834} INFO - Setting next_dagrun for example_xcom_args_with_operators to None, run_after=None
[2024-10-29T23:56:35.618+0000] {processor.py:183} INFO - Processing /home/airflow/.local/lib/python3.8/site-packages/airflow/example_dags/example_xcomargs.py took 0.190 seconds
[2024-10-29T23:57:05.782+0000] {processor.py:161} INFO - Started process (PID=2564) to work on /home/airflow/.local/lib/python3.8/site-packages/airflow/example_dags/example_xcomargs.py
[2024-10-29T23:57:05.783+0000] {processor.py:830} INFO - Processing file /home/airflow/.local/lib/python3.8/site-packages/airflow/example_dags/example_xcomargs.py for tasks to queue
[2024-10-29T23:57:05.785+0000] {logging_mixin.py:188} INFO - [2024-10-29T23:57:05.784+0000] {dagbag.py:540} INFO - Filling up the DagBag from /home/airflow/.local/lib/python3.8/site-packages/airflow/example_dags/example_xcomargs.py
[2024-10-29T23:57:05.793+0000] {processor.py:840} INFO - DAG(s) 'example_xcom_args', 'example_xcom_args_with_operators' retrieved from /home/airflow/.local/lib/python3.8/site-packages/airflow/example_dags/example_xcomargs.py
[2024-10-29T23:57:05.817+0000] {logging_mixin.py:188} INFO - [2024-10-29T23:57:05.816+0000] {dag.py:3047} INFO - Sync 2 DAGs
[2024-10-29T23:57:05.831+0000] {logging_mixin.py:188} INFO - [2024-10-29T23:57:05.831+0000] {dag.py:3834} INFO - Setting next_dagrun for example_xcom_args to None, run_after=None
[2024-10-29T23:57:05.835+0000] {logging_mixin.py:188} INFO - [2024-10-29T23:57:05.834+0000] {dag.py:3834} INFO - Setting next_dagrun for example_xcom_args_with_operators to None, run_after=None
[2024-10-29T23:57:05.851+0000] {processor.py:183} INFO - Processing /home/airflow/.local/lib/python3.8/site-packages/airflow/example_dags/example_xcomargs.py took 0.072 seconds
[2024-10-29T23:57:36.483+0000] {processor.py:161} INFO - Started process (PID=2620) to work on /home/airflow/.local/lib/python3.8/site-packages/airflow/example_dags/example_xcomargs.py
[2024-10-29T23:57:36.484+0000] {processor.py:830} INFO - Processing file /home/airflow/.local/lib/python3.8/site-packages/airflow/example_dags/example_xcomargs.py for tasks to queue
[2024-10-29T23:57:36.486+0000] {logging_mixin.py:188} INFO - [2024-10-29T23:57:36.486+0000] {dagbag.py:540} INFO - Filling up the DagBag from /home/airflow/.local/lib/python3.8/site-packages/airflow/example_dags/example_xcomargs.py
[2024-10-29T23:57:36.495+0000] {processor.py:840} INFO - DAG(s) 'example_xcom_args', 'example_xcom_args_with_operators' retrieved from /home/airflow/.local/lib/python3.8/site-packages/airflow/example_dags/example_xcomargs.py
[2024-10-29T23:57:36.528+0000] {logging_mixin.py:188} INFO - [2024-10-29T23:57:36.527+0000] {dag.py:3047} INFO - Sync 2 DAGs
[2024-10-29T23:57:36.548+0000] {logging_mixin.py:188} INFO - [2024-10-29T23:57:36.548+0000] {dag.py:3834} INFO - Setting next_dagrun for example_xcom_args to None, run_after=None
[2024-10-29T23:57:36.555+0000] {logging_mixin.py:188} INFO - [2024-10-29T23:57:36.554+0000] {dag.py:3834} INFO - Setting next_dagrun for example_xcom_args_with_operators to None, run_after=None
[2024-10-29T23:57:36.579+0000] {processor.py:183} INFO - Processing /home/airflow/.local/lib/python3.8/site-packages/airflow/example_dags/example_xcomargs.py took 0.099 seconds
[2024-10-29T23:58:06.920+0000] {processor.py:161} INFO - Started process (PID=2676) to work on /home/airflow/.local/lib/python3.8/site-packages/airflow/example_dags/example_xcomargs.py
[2024-10-29T23:58:06.921+0000] {processor.py:830} INFO - Processing file /home/airflow/.local/lib/python3.8/site-packages/airflow/example_dags/example_xcomargs.py for tasks to queue
[2024-10-29T23:58:06.923+0000] {logging_mixin.py:188} INFO - [2024-10-29T23:58:06.922+0000] {dagbag.py:540} INFO - Filling up the DagBag from /home/airflow/.local/lib/python3.8/site-packages/airflow/example_dags/example_xcomargs.py
[2024-10-29T23:58:06.930+0000] {processor.py:840} INFO - DAG(s) 'example_xcom_args_with_operators', 'example_xcom_args' retrieved from /home/airflow/.local/lib/python3.8/site-packages/airflow/example_dags/example_xcomargs.py
[2024-10-29T23:58:06.951+0000] {logging_mixin.py:188} INFO - [2024-10-29T23:58:06.951+0000] {dag.py:3047} INFO - Sync 2 DAGs
[2024-10-29T23:58:06.963+0000] {logging_mixin.py:188} INFO - [2024-10-29T23:58:06.962+0000] {dag.py:3834} INFO - Setting next_dagrun for example_xcom_args to None, run_after=None
[2024-10-29T23:58:06.966+0000] {logging_mixin.py:188} INFO - [2024-10-29T23:58:06.966+0000] {dag.py:3834} INFO - Setting next_dagrun for example_xcom_args_with_operators to None, run_after=None
[2024-10-29T23:58:06.980+0000] {processor.py:183} INFO - Processing /home/airflow/.local/lib/python3.8/site-packages/airflow/example_dags/example_xcomargs.py took 0.063 seconds
[2024-10-29T23:58:37.551+0000] {processor.py:161} INFO - Started process (PID=2732) to work on /home/airflow/.local/lib/python3.8/site-packages/airflow/example_dags/example_xcomargs.py
[2024-10-29T23:58:37.552+0000] {processor.py:830} INFO - Processing file /home/airflow/.local/lib/python3.8/site-packages/airflow/example_dags/example_xcomargs.py for tasks to queue
[2024-10-29T23:58:37.554+0000] {logging_mixin.py:188} INFO - [2024-10-29T23:58:37.554+0000] {dagbag.py:540} INFO - Filling up the DagBag from /home/airflow/.local/lib/python3.8/site-packages/airflow/example_dags/example_xcomargs.py
[2024-10-29T23:58:37.562+0000] {processor.py:840} INFO - DAG(s) 'example_xcom_args_with_operators', 'example_xcom_args' retrieved from /home/airflow/.local/lib/python3.8/site-packages/airflow/example_dags/example_xcomargs.py
[2024-10-29T23:58:37.585+0000] {logging_mixin.py:188} INFO - [2024-10-29T23:58:37.584+0000] {dag.py:3047} INFO - Sync 2 DAGs
[2024-10-29T23:58:37.598+0000] {logging_mixin.py:188} INFO - [2024-10-29T23:58:37.597+0000] {dag.py:3834} INFO - Setting next_dagrun for example_xcom_args to None, run_after=None
[2024-10-29T23:58:37.602+0000] {logging_mixin.py:188} INFO - [2024-10-29T23:58:37.602+0000] {dag.py:3834} INFO - Setting next_dagrun for example_xcom_args_with_operators to None, run_after=None
[2024-10-29T23:58:37.617+0000] {processor.py:183} INFO - Processing /home/airflow/.local/lib/python3.8/site-packages/airflow/example_dags/example_xcomargs.py took 0.070 seconds
[2024-10-29T23:59:07.796+0000] {processor.py:161} INFO - Started process (PID=2788) to work on /home/airflow/.local/lib/python3.8/site-packages/airflow/example_dags/example_xcomargs.py
[2024-10-29T23:59:07.797+0000] {processor.py:830} INFO - Processing file /home/airflow/.local/lib/python3.8/site-packages/airflow/example_dags/example_xcomargs.py for tasks to queue
[2024-10-29T23:59:07.799+0000] {logging_mixin.py:188} INFO - [2024-10-29T23:59:07.798+0000] {dagbag.py:540} INFO - Filling up the DagBag from /home/airflow/.local/lib/python3.8/site-packages/airflow/example_dags/example_xcomargs.py
[2024-10-29T23:59:07.807+0000] {processor.py:840} INFO - DAG(s) 'example_xcom_args_with_operators', 'example_xcom_args' retrieved from /home/airflow/.local/lib/python3.8/site-packages/airflow/example_dags/example_xcomargs.py
[2024-10-29T23:59:07.832+0000] {logging_mixin.py:188} INFO - [2024-10-29T23:59:07.832+0000] {dag.py:3047} INFO - Sync 2 DAGs
[2024-10-29T23:59:07.848+0000] {logging_mixin.py:188} INFO - [2024-10-29T23:59:07.847+0000] {dag.py:3834} INFO - Setting next_dagrun for example_xcom_args to None, run_after=None
[2024-10-29T23:59:07.853+0000] {logging_mixin.py:188} INFO - [2024-10-29T23:59:07.852+0000] {dag.py:3834} INFO - Setting next_dagrun for example_xcom_args_with_operators to None, run_after=None
[2024-10-29T23:59:07.871+0000] {processor.py:183} INFO - Processing /home/airflow/.local/lib/python3.8/site-packages/airflow/example_dags/example_xcomargs.py took 0.078 seconds
[2024-10-29T23:59:38.066+0000] {processor.py:161} INFO - Started process (PID=2844) to work on /home/airflow/.local/lib/python3.8/site-packages/airflow/example_dags/example_xcomargs.py
[2024-10-29T23:59:38.067+0000] {processor.py:830} INFO - Processing file /home/airflow/.local/lib/python3.8/site-packages/airflow/example_dags/example_xcomargs.py for tasks to queue
[2024-10-29T23:59:38.070+0000] {logging_mixin.py:188} INFO - [2024-10-29T23:59:38.069+0000] {dagbag.py:540} INFO - Filling up the DagBag from /home/airflow/.local/lib/python3.8/site-packages/airflow/example_dags/example_xcomargs.py
[2024-10-29T23:59:38.080+0000] {processor.py:840} INFO - DAG(s) 'example_xcom_args_with_operators', 'example_xcom_args' retrieved from /home/airflow/.local/lib/python3.8/site-packages/airflow/example_dags/example_xcomargs.py
[2024-10-29T23:59:38.117+0000] {logging_mixin.py:188} INFO - [2024-10-29T23:59:38.116+0000] {dag.py:3047} INFO - Sync 2 DAGs
[2024-10-29T23:59:38.139+0000] {logging_mixin.py:188} INFO - [2024-10-29T23:59:38.138+0000] {dag.py:3834} INFO - Setting next_dagrun for example_xcom_args to None, run_after=None
[2024-10-29T23:59:38.144+0000] {logging_mixin.py:188} INFO - [2024-10-29T23:59:38.144+0000] {dag.py:3834} INFO - Setting next_dagrun for example_xcom_args_with_operators to None, run_after=None
[2024-10-29T23:59:38.164+0000] {processor.py:183} INFO - Processing /home/airflow/.local/lib/python3.8/site-packages/airflow/example_dags/example_xcomargs.py took 0.103 seconds
