[2024-10-29T23:27:23.436+0000] {processor.py:161} INFO - Started process (PID=16656) to work on /home/airflow/.local/lib/python3.8/site-packages/airflow/example_dags/example_short_circuit_operator.py
[2024-10-29T23:27:23.437+0000] {processor.py:830} INFO - Processing file /home/airflow/.local/lib/python3.8/site-packages/airflow/example_dags/example_short_circuit_operator.py for tasks to queue
[2024-10-29T23:27:23.441+0000] {logging_mixin.py:188} INFO - [2024-10-29T23:27:23.440+0000] {dagbag.py:540} INFO - Filling up the DagBag from /home/airflow/.local/lib/python3.8/site-packages/airflow/example_dags/example_short_circuit_operator.py
[2024-10-29T23:27:23.467+0000] {processor.py:840} INFO - DAG(s) 'example_short_circuit_operator' retrieved from /home/airflow/.local/lib/python3.8/site-packages/airflow/example_dags/example_short_circuit_operator.py
[2024-10-29T23:27:23.501+0000] {logging_mixin.py:188} INFO - [2024-10-29T23:27:23.500+0000] {dag.py:3047} INFO - Sync 1 DAGs
[2024-10-29T23:27:23.536+0000] {logging_mixin.py:188} INFO - [2024-10-29T23:27:23.536+0000] {dag.py:3834} INFO - Setting next_dagrun for example_short_circuit_operator to 2024-10-28 00:00:00+00:00, run_after=2024-10-29 00:00:00+00:00
[2024-10-29T23:27:23.565+0000] {processor.py:183} INFO - Processing /home/airflow/.local/lib/python3.8/site-packages/airflow/example_dags/example_short_circuit_operator.py took 0.138 seconds
[2024-10-29T23:27:53.975+0000] {processor.py:161} INFO - Started process (PID=16712) to work on /home/airflow/.local/lib/python3.8/site-packages/airflow/example_dags/example_short_circuit_operator.py
[2024-10-29T23:27:53.976+0000] {processor.py:830} INFO - Processing file /home/airflow/.local/lib/python3.8/site-packages/airflow/example_dags/example_short_circuit_operator.py for tasks to queue
[2024-10-29T23:27:53.978+0000] {logging_mixin.py:188} INFO - [2024-10-29T23:27:53.977+0000] {dagbag.py:540} INFO - Filling up the DagBag from /home/airflow/.local/lib/python3.8/site-packages/airflow/example_dags/example_short_circuit_operator.py
[2024-10-29T23:27:53.984+0000] {processor.py:840} INFO - DAG(s) 'example_short_circuit_operator' retrieved from /home/airflow/.local/lib/python3.8/site-packages/airflow/example_dags/example_short_circuit_operator.py
[2024-10-29T23:27:54.004+0000] {logging_mixin.py:188} INFO - [2024-10-29T23:27:54.004+0000] {dag.py:3047} INFO - Sync 1 DAGs
[2024-10-29T23:27:54.026+0000] {logging_mixin.py:188} INFO - [2024-10-29T23:27:54.025+0000] {dag.py:3834} INFO - Setting next_dagrun for example_short_circuit_operator to 2024-10-28 00:00:00+00:00, run_after=2024-10-29 00:00:00+00:00
[2024-10-29T23:27:54.042+0000] {processor.py:183} INFO - Processing /home/airflow/.local/lib/python3.8/site-packages/airflow/example_dags/example_short_circuit_operator.py took 0.069 seconds
[2024-10-29T23:28:24.768+0000] {processor.py:161} INFO - Started process (PID=16768) to work on /home/airflow/.local/lib/python3.8/site-packages/airflow/example_dags/example_short_circuit_operator.py
[2024-10-29T23:28:24.769+0000] {processor.py:830} INFO - Processing file /home/airflow/.local/lib/python3.8/site-packages/airflow/example_dags/example_short_circuit_operator.py for tasks to queue
[2024-10-29T23:28:24.771+0000] {logging_mixin.py:188} INFO - [2024-10-29T23:28:24.771+0000] {dagbag.py:540} INFO - Filling up the DagBag from /home/airflow/.local/lib/python3.8/site-packages/airflow/example_dags/example_short_circuit_operator.py
[2024-10-29T23:28:24.782+0000] {processor.py:840} INFO - DAG(s) 'example_short_circuit_operator' retrieved from /home/airflow/.local/lib/python3.8/site-packages/airflow/example_dags/example_short_circuit_operator.py
[2024-10-29T23:28:24.807+0000] {logging_mixin.py:188} INFO - [2024-10-29T23:28:24.807+0000] {dag.py:3047} INFO - Sync 1 DAGs
[2024-10-29T23:28:24.834+0000] {logging_mixin.py:188} INFO - [2024-10-29T23:28:24.833+0000] {dag.py:3834} INFO - Setting next_dagrun for example_short_circuit_operator to 2024-10-28 00:00:00+00:00, run_after=2024-10-29 00:00:00+00:00
[2024-10-29T23:28:24.860+0000] {processor.py:183} INFO - Processing /home/airflow/.local/lib/python3.8/site-packages/airflow/example_dags/example_short_circuit_operator.py took 0.095 seconds
[2024-10-29T23:28:55.670+0000] {processor.py:161} INFO - Started process (PID=16824) to work on /home/airflow/.local/lib/python3.8/site-packages/airflow/example_dags/example_short_circuit_operator.py
[2024-10-29T23:28:55.671+0000] {processor.py:830} INFO - Processing file /home/airflow/.local/lib/python3.8/site-packages/airflow/example_dags/example_short_circuit_operator.py for tasks to queue
[2024-10-29T23:28:55.672+0000] {logging_mixin.py:188} INFO - [2024-10-29T23:28:55.672+0000] {dagbag.py:540} INFO - Filling up the DagBag from /home/airflow/.local/lib/python3.8/site-packages/airflow/example_dags/example_short_circuit_operator.py
[2024-10-29T23:28:55.678+0000] {processor.py:840} INFO - DAG(s) 'example_short_circuit_operator' retrieved from /home/airflow/.local/lib/python3.8/site-packages/airflow/example_dags/example_short_circuit_operator.py
[2024-10-29T23:28:55.697+0000] {logging_mixin.py:188} INFO - [2024-10-29T23:28:55.697+0000] {dag.py:3047} INFO - Sync 1 DAGs
[2024-10-29T23:28:55.716+0000] {logging_mixin.py:188} INFO - [2024-10-29T23:28:55.715+0000] {dag.py:3834} INFO - Setting next_dagrun for example_short_circuit_operator to 2024-10-28 00:00:00+00:00, run_after=2024-10-29 00:00:00+00:00
[2024-10-29T23:28:55.732+0000] {processor.py:183} INFO - Processing /home/airflow/.local/lib/python3.8/site-packages/airflow/example_dags/example_short_circuit_operator.py took 0.064 seconds
[2024-10-29T23:29:26.821+0000] {processor.py:161} INFO - Started process (PID=16880) to work on /home/airflow/.local/lib/python3.8/site-packages/airflow/example_dags/example_short_circuit_operator.py
[2024-10-29T23:29:26.822+0000] {processor.py:830} INFO - Processing file /home/airflow/.local/lib/python3.8/site-packages/airflow/example_dags/example_short_circuit_operator.py for tasks to queue
[2024-10-29T23:29:26.824+0000] {logging_mixin.py:188} INFO - [2024-10-29T23:29:26.824+0000] {dagbag.py:540} INFO - Filling up the DagBag from /home/airflow/.local/lib/python3.8/site-packages/airflow/example_dags/example_short_circuit_operator.py
[2024-10-29T23:29:26.833+0000] {processor.py:840} INFO - DAG(s) 'example_short_circuit_operator' retrieved from /home/airflow/.local/lib/python3.8/site-packages/airflow/example_dags/example_short_circuit_operator.py
[2024-10-29T23:29:26.863+0000] {logging_mixin.py:188} INFO - [2024-10-29T23:29:26.862+0000] {dag.py:3047} INFO - Sync 1 DAGs
[2024-10-29T23:29:26.891+0000] {logging_mixin.py:188} INFO - [2024-10-29T23:29:26.891+0000] {dag.py:3834} INFO - Setting next_dagrun for example_short_circuit_operator to 2024-10-28 00:00:00+00:00, run_after=2024-10-29 00:00:00+00:00
[2024-10-29T23:29:26.911+0000] {processor.py:183} INFO - Processing /home/airflow/.local/lib/python3.8/site-packages/airflow/example_dags/example_short_circuit_operator.py took 0.093 seconds
[2024-10-29T23:29:56.952+0000] {processor.py:161} INFO - Started process (PID=16936) to work on /home/airflow/.local/lib/python3.8/site-packages/airflow/example_dags/example_short_circuit_operator.py
[2024-10-29T23:29:56.953+0000] {processor.py:830} INFO - Processing file /home/airflow/.local/lib/python3.8/site-packages/airflow/example_dags/example_short_circuit_operator.py for tasks to queue
[2024-10-29T23:29:56.954+0000] {logging_mixin.py:188} INFO - [2024-10-29T23:29:56.954+0000] {dagbag.py:540} INFO - Filling up the DagBag from /home/airflow/.local/lib/python3.8/site-packages/airflow/example_dags/example_short_circuit_operator.py
[2024-10-29T23:29:56.961+0000] {processor.py:840} INFO - DAG(s) 'example_short_circuit_operator' retrieved from /home/airflow/.local/lib/python3.8/site-packages/airflow/example_dags/example_short_circuit_operator.py
[2024-10-29T23:29:56.982+0000] {logging_mixin.py:188} INFO - [2024-10-29T23:29:56.982+0000] {dag.py:3047} INFO - Sync 1 DAGs
[2024-10-29T23:29:57.011+0000] {logging_mixin.py:188} INFO - [2024-10-29T23:29:57.011+0000] {dag.py:3834} INFO - Setting next_dagrun for example_short_circuit_operator to 2024-10-28 00:00:00+00:00, run_after=2024-10-29 00:00:00+00:00
[2024-10-29T23:29:57.038+0000] {processor.py:183} INFO - Processing /home/airflow/.local/lib/python3.8/site-packages/airflow/example_dags/example_short_circuit_operator.py took 0.088 seconds
[2024-10-29T23:30:27.535+0000] {processor.py:161} INFO - Started process (PID=16992) to work on /home/airflow/.local/lib/python3.8/site-packages/airflow/example_dags/example_short_circuit_operator.py
[2024-10-29T23:30:27.536+0000] {processor.py:830} INFO - Processing file /home/airflow/.local/lib/python3.8/site-packages/airflow/example_dags/example_short_circuit_operator.py for tasks to queue
[2024-10-29T23:30:27.537+0000] {logging_mixin.py:188} INFO - [2024-10-29T23:30:27.537+0000] {dagbag.py:540} INFO - Filling up the DagBag from /home/airflow/.local/lib/python3.8/site-packages/airflow/example_dags/example_short_circuit_operator.py
[2024-10-29T23:30:27.544+0000] {processor.py:840} INFO - DAG(s) 'example_short_circuit_operator' retrieved from /home/airflow/.local/lib/python3.8/site-packages/airflow/example_dags/example_short_circuit_operator.py
[2024-10-29T23:30:27.564+0000] {logging_mixin.py:188} INFO - [2024-10-29T23:30:27.564+0000] {dag.py:3047} INFO - Sync 1 DAGs
[2024-10-29T23:30:27.585+0000] {logging_mixin.py:188} INFO - [2024-10-29T23:30:27.585+0000] {dag.py:3834} INFO - Setting next_dagrun for example_short_circuit_operator to 2024-10-28 00:00:00+00:00, run_after=2024-10-29 00:00:00+00:00
[2024-10-29T23:30:27.602+0000] {processor.py:183} INFO - Processing /home/airflow/.local/lib/python3.8/site-packages/airflow/example_dags/example_short_circuit_operator.py took 0.070 seconds
[2024-10-29T23:30:58.465+0000] {processor.py:161} INFO - Started process (PID=17047) to work on /home/airflow/.local/lib/python3.8/site-packages/airflow/example_dags/example_short_circuit_operator.py
[2024-10-29T23:30:58.466+0000] {processor.py:830} INFO - Processing file /home/airflow/.local/lib/python3.8/site-packages/airflow/example_dags/example_short_circuit_operator.py for tasks to queue
[2024-10-29T23:30:58.467+0000] {logging_mixin.py:188} INFO - [2024-10-29T23:30:58.467+0000] {dagbag.py:540} INFO - Filling up the DagBag from /home/airflow/.local/lib/python3.8/site-packages/airflow/example_dags/example_short_circuit_operator.py
[2024-10-29T23:30:58.474+0000] {processor.py:840} INFO - DAG(s) 'example_short_circuit_operator' retrieved from /home/airflow/.local/lib/python3.8/site-packages/airflow/example_dags/example_short_circuit_operator.py
[2024-10-29T23:30:58.505+0000] {logging_mixin.py:188} INFO - [2024-10-29T23:30:58.505+0000] {dag.py:3047} INFO - Sync 1 DAGs
[2024-10-29T23:30:58.529+0000] {logging_mixin.py:188} INFO - [2024-10-29T23:30:58.529+0000] {dag.py:3834} INFO - Setting next_dagrun for example_short_circuit_operator to 2024-10-28 00:00:00+00:00, run_after=2024-10-29 00:00:00+00:00
[2024-10-29T23:30:58.547+0000] {processor.py:183} INFO - Processing /home/airflow/.local/lib/python3.8/site-packages/airflow/example_dags/example_short_circuit_operator.py took 0.085 seconds
[2024-10-29T23:31:29.327+0000] {processor.py:161} INFO - Started process (PID=17103) to work on /home/airflow/.local/lib/python3.8/site-packages/airflow/example_dags/example_short_circuit_operator.py
[2024-10-29T23:31:29.328+0000] {processor.py:830} INFO - Processing file /home/airflow/.local/lib/python3.8/site-packages/airflow/example_dags/example_short_circuit_operator.py for tasks to queue
[2024-10-29T23:31:29.330+0000] {logging_mixin.py:188} INFO - [2024-10-29T23:31:29.329+0000] {dagbag.py:540} INFO - Filling up the DagBag from /home/airflow/.local/lib/python3.8/site-packages/airflow/example_dags/example_short_circuit_operator.py
[2024-10-29T23:31:29.337+0000] {processor.py:840} INFO - DAG(s) 'example_short_circuit_operator' retrieved from /home/airflow/.local/lib/python3.8/site-packages/airflow/example_dags/example_short_circuit_operator.py
[2024-10-29T23:31:29.368+0000] {logging_mixin.py:188} INFO - [2024-10-29T23:31:29.368+0000] {dag.py:3047} INFO - Sync 1 DAGs
[2024-10-29T23:31:29.399+0000] {logging_mixin.py:188} INFO - [2024-10-29T23:31:29.398+0000] {dag.py:3834} INFO - Setting next_dagrun for example_short_circuit_operator to 2024-10-28 00:00:00+00:00, run_after=2024-10-29 00:00:00+00:00
[2024-10-29T23:31:29.545+0000] {processor.py:183} INFO - Processing /home/airflow/.local/lib/python3.8/site-packages/airflow/example_dags/example_short_circuit_operator.py took 0.220 seconds
[2024-10-29T23:31:59.692+0000] {processor.py:161} INFO - Started process (PID=17159) to work on /home/airflow/.local/lib/python3.8/site-packages/airflow/example_dags/example_short_circuit_operator.py
[2024-10-29T23:31:59.693+0000] {processor.py:830} INFO - Processing file /home/airflow/.local/lib/python3.8/site-packages/airflow/example_dags/example_short_circuit_operator.py for tasks to queue
[2024-10-29T23:31:59.694+0000] {logging_mixin.py:188} INFO - [2024-10-29T23:31:59.693+0000] {dagbag.py:540} INFO - Filling up the DagBag from /home/airflow/.local/lib/python3.8/site-packages/airflow/example_dags/example_short_circuit_operator.py
[2024-10-29T23:31:59.699+0000] {processor.py:840} INFO - DAG(s) 'example_short_circuit_operator' retrieved from /home/airflow/.local/lib/python3.8/site-packages/airflow/example_dags/example_short_circuit_operator.py
[2024-10-29T23:31:59.715+0000] {logging_mixin.py:188} INFO - [2024-10-29T23:31:59.715+0000] {dag.py:3047} INFO - Sync 1 DAGs
[2024-10-29T23:31:59.732+0000] {logging_mixin.py:188} INFO - [2024-10-29T23:31:59.732+0000] {dag.py:3834} INFO - Setting next_dagrun for example_short_circuit_operator to 2024-10-28 00:00:00+00:00, run_after=2024-10-29 00:00:00+00:00
[2024-10-29T23:31:59.873+0000] {processor.py:183} INFO - Processing /home/airflow/.local/lib/python3.8/site-packages/airflow/example_dags/example_short_circuit_operator.py took 0.183 seconds
[2024-10-29T23:32:31.593+0000] {processor.py:161} INFO - Started process (PID=17214) to work on /home/airflow/.local/lib/python3.8/site-packages/airflow/example_dags/example_short_circuit_operator.py
[2024-10-29T23:32:31.594+0000] {processor.py:830} INFO - Processing file /home/airflow/.local/lib/python3.8/site-packages/airflow/example_dags/example_short_circuit_operator.py for tasks to queue
[2024-10-29T23:32:31.597+0000] {logging_mixin.py:188} INFO - [2024-10-29T23:32:31.596+0000] {dagbag.py:540} INFO - Filling up the DagBag from /home/airflow/.local/lib/python3.8/site-packages/airflow/example_dags/example_short_circuit_operator.py
[2024-10-29T23:32:31.608+0000] {processor.py:840} INFO - DAG(s) 'example_short_circuit_operator' retrieved from /home/airflow/.local/lib/python3.8/site-packages/airflow/example_dags/example_short_circuit_operator.py
[2024-10-29T23:32:31.644+0000] {logging_mixin.py:188} INFO - [2024-10-29T23:32:31.643+0000] {dag.py:3047} INFO - Sync 1 DAGs
[2024-10-29T23:32:31.805+0000] {logging_mixin.py:188} INFO - [2024-10-29T23:32:31.805+0000] {dag.py:3834} INFO - Setting next_dagrun for example_short_circuit_operator to 2024-10-28 00:00:00+00:00, run_after=2024-10-29 00:00:00+00:00
[2024-10-29T23:32:31.823+0000] {processor.py:183} INFO - Processing /home/airflow/.local/lib/python3.8/site-packages/airflow/example_dags/example_short_circuit_operator.py took 0.234 seconds
[2024-10-29T23:33:02.274+0000] {processor.py:161} INFO - Started process (PID=17270) to work on /home/airflow/.local/lib/python3.8/site-packages/airflow/example_dags/example_short_circuit_operator.py
[2024-10-29T23:33:02.275+0000] {processor.py:830} INFO - Processing file /home/airflow/.local/lib/python3.8/site-packages/airflow/example_dags/example_short_circuit_operator.py for tasks to queue
[2024-10-29T23:33:02.276+0000] {logging_mixin.py:188} INFO - [2024-10-29T23:33:02.276+0000] {dagbag.py:540} INFO - Filling up the DagBag from /home/airflow/.local/lib/python3.8/site-packages/airflow/example_dags/example_short_circuit_operator.py
[2024-10-29T23:33:02.284+0000] {processor.py:840} INFO - DAG(s) 'example_short_circuit_operator' retrieved from /home/airflow/.local/lib/python3.8/site-packages/airflow/example_dags/example_short_circuit_operator.py
[2024-10-29T23:33:02.304+0000] {logging_mixin.py:188} INFO - [2024-10-29T23:33:02.304+0000] {dag.py:3047} INFO - Sync 1 DAGs
[2024-10-29T23:33:02.438+0000] {logging_mixin.py:188} INFO - [2024-10-29T23:33:02.437+0000] {dag.py:3834} INFO - Setting next_dagrun for example_short_circuit_operator to 2024-10-28 00:00:00+00:00, run_after=2024-10-29 00:00:00+00:00
[2024-10-29T23:33:02.454+0000] {processor.py:183} INFO - Processing /home/airflow/.local/lib/python3.8/site-packages/airflow/example_dags/example_short_circuit_operator.py took 0.183 seconds
[2024-10-29T23:34:18.632+0000] {processor.py:161} INFO - Started process (PID=69) to work on /home/airflow/.local/lib/python3.8/site-packages/airflow/example_dags/example_short_circuit_operator.py
[2024-10-29T23:34:18.633+0000] {processor.py:830} INFO - Processing file /home/airflow/.local/lib/python3.8/site-packages/airflow/example_dags/example_short_circuit_operator.py for tasks to queue
[2024-10-29T23:34:18.636+0000] {logging_mixin.py:188} INFO - [2024-10-29T23:34:18.635+0000] {dagbag.py:540} INFO - Filling up the DagBag from /home/airflow/.local/lib/python3.8/site-packages/airflow/example_dags/example_short_circuit_operator.py
[2024-10-29T23:34:18.652+0000] {processor.py:840} INFO - DAG(s) 'example_short_circuit_operator' retrieved from /home/airflow/.local/lib/python3.8/site-packages/airflow/example_dags/example_short_circuit_operator.py
[2024-10-29T23:34:18.669+0000] {logging_mixin.py:188} INFO - [2024-10-29T23:34:18.668+0000] {dag.py:3047} INFO - Sync 1 DAGs
[2024-10-29T23:34:18.714+0000] {logging_mixin.py:188} INFO - [2024-10-29T23:34:18.714+0000] {dag.py:3834} INFO - Setting next_dagrun for example_short_circuit_operator to 2024-10-28 00:00:00+00:00, run_after=2024-10-29 00:00:00+00:00
[2024-10-29T23:34:18.745+0000] {processor.py:183} INFO - Processing /home/airflow/.local/lib/python3.8/site-packages/airflow/example_dags/example_short_circuit_operator.py took 0.118 seconds
[2024-10-29T23:34:51.102+0000] {processor.py:161} INFO - Started process (PID=125) to work on /home/airflow/.local/lib/python3.8/site-packages/airflow/example_dags/example_short_circuit_operator.py
[2024-10-29T23:34:51.103+0000] {processor.py:830} INFO - Processing file /home/airflow/.local/lib/python3.8/site-packages/airflow/example_dags/example_short_circuit_operator.py for tasks to queue
[2024-10-29T23:34:51.105+0000] {logging_mixin.py:188} INFO - [2024-10-29T23:34:51.105+0000] {dagbag.py:540} INFO - Filling up the DagBag from /home/airflow/.local/lib/python3.8/site-packages/airflow/example_dags/example_short_circuit_operator.py
[2024-10-29T23:34:51.116+0000] {processor.py:840} INFO - DAG(s) 'example_short_circuit_operator' retrieved from /home/airflow/.local/lib/python3.8/site-packages/airflow/example_dags/example_short_circuit_operator.py
[2024-10-29T23:34:51.295+0000] {logging_mixin.py:188} INFO - [2024-10-29T23:34:51.294+0000] {dag.py:3047} INFO - Sync 1 DAGs
[2024-10-29T23:34:51.335+0000] {logging_mixin.py:188} INFO - [2024-10-29T23:34:51.334+0000] {dag.py:3834} INFO - Setting next_dagrun for example_short_circuit_operator to 2024-10-28 00:00:00+00:00, run_after=2024-10-29 00:00:00+00:00
[2024-10-29T23:34:51.366+0000] {processor.py:183} INFO - Processing /home/airflow/.local/lib/python3.8/site-packages/airflow/example_dags/example_short_circuit_operator.py took 0.268 seconds
[2024-10-29T23:35:21.937+0000] {processor.py:161} INFO - Started process (PID=181) to work on /home/airflow/.local/lib/python3.8/site-packages/airflow/example_dags/example_short_circuit_operator.py
[2024-10-29T23:35:21.937+0000] {processor.py:830} INFO - Processing file /home/airflow/.local/lib/python3.8/site-packages/airflow/example_dags/example_short_circuit_operator.py for tasks to queue
[2024-10-29T23:35:21.939+0000] {logging_mixin.py:188} INFO - [2024-10-29T23:35:21.939+0000] {dagbag.py:540} INFO - Filling up the DagBag from /home/airflow/.local/lib/python3.8/site-packages/airflow/example_dags/example_short_circuit_operator.py
[2024-10-29T23:35:21.947+0000] {processor.py:840} INFO - DAG(s) 'example_short_circuit_operator' retrieved from /home/airflow/.local/lib/python3.8/site-packages/airflow/example_dags/example_short_circuit_operator.py
[2024-10-29T23:35:21.975+0000] {logging_mixin.py:188} INFO - [2024-10-29T23:35:21.975+0000] {dag.py:3047} INFO - Sync 1 DAGs
[2024-10-29T23:35:22.007+0000] {logging_mixin.py:188} INFO - [2024-10-29T23:35:22.007+0000] {dag.py:3834} INFO - Setting next_dagrun for example_short_circuit_operator to 2024-10-28 00:00:00+00:00, run_after=2024-10-29 00:00:00+00:00
[2024-10-29T23:35:22.040+0000] {processor.py:183} INFO - Processing /home/airflow/.local/lib/python3.8/site-packages/airflow/example_dags/example_short_circuit_operator.py took 0.107 seconds
[2024-10-29T23:35:52.217+0000] {processor.py:161} INFO - Started process (PID=237) to work on /home/airflow/.local/lib/python3.8/site-packages/airflow/example_dags/example_short_circuit_operator.py
[2024-10-29T23:35:52.224+0000] {processor.py:830} INFO - Processing file /home/airflow/.local/lib/python3.8/site-packages/airflow/example_dags/example_short_circuit_operator.py for tasks to queue
[2024-10-29T23:35:52.225+0000] {logging_mixin.py:188} INFO - [2024-10-29T23:35:52.225+0000] {dagbag.py:540} INFO - Filling up the DagBag from /home/airflow/.local/lib/python3.8/site-packages/airflow/example_dags/example_short_circuit_operator.py
[2024-10-29T23:35:52.232+0000] {processor.py:840} INFO - DAG(s) 'example_short_circuit_operator' retrieved from /home/airflow/.local/lib/python3.8/site-packages/airflow/example_dags/example_short_circuit_operator.py
[2024-10-29T23:35:52.252+0000] {logging_mixin.py:188} INFO - [2024-10-29T23:35:52.252+0000] {dag.py:3047} INFO - Sync 1 DAGs
[2024-10-29T23:35:52.272+0000] {logging_mixin.py:188} INFO - [2024-10-29T23:35:52.272+0000] {dag.py:3834} INFO - Setting next_dagrun for example_short_circuit_operator to 2024-10-28 00:00:00+00:00, run_after=2024-10-29 00:00:00+00:00
[2024-10-29T23:35:52.288+0000] {processor.py:183} INFO - Processing /home/airflow/.local/lib/python3.8/site-packages/airflow/example_dags/example_short_circuit_operator.py took 0.073 seconds
[2024-10-29T23:36:23.215+0000] {processor.py:161} INFO - Started process (PID=293) to work on /home/airflow/.local/lib/python3.8/site-packages/airflow/example_dags/example_short_circuit_operator.py
[2024-10-29T23:36:23.216+0000] {processor.py:830} INFO - Processing file /home/airflow/.local/lib/python3.8/site-packages/airflow/example_dags/example_short_circuit_operator.py for tasks to queue
[2024-10-29T23:36:23.218+0000] {logging_mixin.py:188} INFO - [2024-10-29T23:36:23.217+0000] {dagbag.py:540} INFO - Filling up the DagBag from /home/airflow/.local/lib/python3.8/site-packages/airflow/example_dags/example_short_circuit_operator.py
[2024-10-29T23:36:23.225+0000] {processor.py:840} INFO - DAG(s) 'example_short_circuit_operator' retrieved from /home/airflow/.local/lib/python3.8/site-packages/airflow/example_dags/example_short_circuit_operator.py
[2024-10-29T23:36:23.247+0000] {logging_mixin.py:188} INFO - [2024-10-29T23:36:23.247+0000] {dag.py:3047} INFO - Sync 1 DAGs
[2024-10-29T23:36:23.272+0000] {logging_mixin.py:188} INFO - [2024-10-29T23:36:23.272+0000] {dag.py:3834} INFO - Setting next_dagrun for example_short_circuit_operator to 2024-10-28 00:00:00+00:00, run_after=2024-10-29 00:00:00+00:00
[2024-10-29T23:36:23.290+0000] {processor.py:183} INFO - Processing /home/airflow/.local/lib/python3.8/site-packages/airflow/example_dags/example_short_circuit_operator.py took 0.078 seconds
[2024-10-29T23:36:53.924+0000] {processor.py:161} INFO - Started process (PID=349) to work on /home/airflow/.local/lib/python3.8/site-packages/airflow/example_dags/example_short_circuit_operator.py
[2024-10-29T23:36:53.924+0000] {processor.py:830} INFO - Processing file /home/airflow/.local/lib/python3.8/site-packages/airflow/example_dags/example_short_circuit_operator.py for tasks to queue
[2024-10-29T23:36:53.926+0000] {logging_mixin.py:188} INFO - [2024-10-29T23:36:53.926+0000] {dagbag.py:540} INFO - Filling up the DagBag from /home/airflow/.local/lib/python3.8/site-packages/airflow/example_dags/example_short_circuit_operator.py
[2024-10-29T23:36:53.933+0000] {processor.py:840} INFO - DAG(s) 'example_short_circuit_operator' retrieved from /home/airflow/.local/lib/python3.8/site-packages/airflow/example_dags/example_short_circuit_operator.py
[2024-10-29T23:36:53.958+0000] {logging_mixin.py:188} INFO - [2024-10-29T23:36:53.958+0000] {dag.py:3047} INFO - Sync 1 DAGs
[2024-10-29T23:36:53.983+0000] {logging_mixin.py:188} INFO - [2024-10-29T23:36:53.983+0000] {dag.py:3834} INFO - Setting next_dagrun for example_short_circuit_operator to 2024-10-28 00:00:00+00:00, run_after=2024-10-29 00:00:00+00:00
[2024-10-29T23:36:54.003+0000] {processor.py:183} INFO - Processing /home/airflow/.local/lib/python3.8/site-packages/airflow/example_dags/example_short_circuit_operator.py took 0.082 seconds
[2024-10-29T23:37:24.240+0000] {processor.py:161} INFO - Started process (PID=405) to work on /home/airflow/.local/lib/python3.8/site-packages/airflow/example_dags/example_short_circuit_operator.py
[2024-10-29T23:37:24.241+0000] {processor.py:830} INFO - Processing file /home/airflow/.local/lib/python3.8/site-packages/airflow/example_dags/example_short_circuit_operator.py for tasks to queue
[2024-10-29T23:37:24.243+0000] {logging_mixin.py:188} INFO - [2024-10-29T23:37:24.242+0000] {dagbag.py:540} INFO - Filling up the DagBag from /home/airflow/.local/lib/python3.8/site-packages/airflow/example_dags/example_short_circuit_operator.py
[2024-10-29T23:37:24.250+0000] {processor.py:840} INFO - DAG(s) 'example_short_circuit_operator' retrieved from /home/airflow/.local/lib/python3.8/site-packages/airflow/example_dags/example_short_circuit_operator.py
[2024-10-29T23:37:24.270+0000] {logging_mixin.py:188} INFO - [2024-10-29T23:37:24.270+0000] {dag.py:3047} INFO - Sync 1 DAGs
[2024-10-29T23:37:24.292+0000] {logging_mixin.py:188} INFO - [2024-10-29T23:37:24.292+0000] {dag.py:3834} INFO - Setting next_dagrun for example_short_circuit_operator to 2024-10-28 00:00:00+00:00, run_after=2024-10-29 00:00:00+00:00
[2024-10-29T23:37:24.310+0000] {processor.py:183} INFO - Processing /home/airflow/.local/lib/python3.8/site-packages/airflow/example_dags/example_short_circuit_operator.py took 0.072 seconds
[2024-10-29T23:37:55.077+0000] {processor.py:161} INFO - Started process (PID=461) to work on /home/airflow/.local/lib/python3.8/site-packages/airflow/example_dags/example_short_circuit_operator.py
[2024-10-29T23:37:55.078+0000] {processor.py:830} INFO - Processing file /home/airflow/.local/lib/python3.8/site-packages/airflow/example_dags/example_short_circuit_operator.py for tasks to queue
[2024-10-29T23:37:55.080+0000] {logging_mixin.py:188} INFO - [2024-10-29T23:37:55.079+0000] {dagbag.py:540} INFO - Filling up the DagBag from /home/airflow/.local/lib/python3.8/site-packages/airflow/example_dags/example_short_circuit_operator.py
[2024-10-29T23:37:55.088+0000] {processor.py:840} INFO - DAG(s) 'example_short_circuit_operator' retrieved from /home/airflow/.local/lib/python3.8/site-packages/airflow/example_dags/example_short_circuit_operator.py
[2024-10-29T23:37:55.113+0000] {logging_mixin.py:188} INFO - [2024-10-29T23:37:55.112+0000] {dag.py:3047} INFO - Sync 1 DAGs
[2024-10-29T23:37:55.159+0000] {logging_mixin.py:188} INFO - [2024-10-29T23:37:55.159+0000] {dag.py:3834} INFO - Setting next_dagrun for example_short_circuit_operator to 2024-10-28 00:00:00+00:00, run_after=2024-10-29 00:00:00+00:00
[2024-10-29T23:37:55.186+0000] {processor.py:183} INFO - Processing /home/airflow/.local/lib/python3.8/site-packages/airflow/example_dags/example_short_circuit_operator.py took 0.112 seconds
[2024-10-29T23:38:25.653+0000] {processor.py:161} INFO - Started process (PID=517) to work on /home/airflow/.local/lib/python3.8/site-packages/airflow/example_dags/example_short_circuit_operator.py
[2024-10-29T23:38:25.654+0000] {processor.py:830} INFO - Processing file /home/airflow/.local/lib/python3.8/site-packages/airflow/example_dags/example_short_circuit_operator.py for tasks to queue
[2024-10-29T23:38:25.656+0000] {logging_mixin.py:188} INFO - [2024-10-29T23:38:25.655+0000] {dagbag.py:540} INFO - Filling up the DagBag from /home/airflow/.local/lib/python3.8/site-packages/airflow/example_dags/example_short_circuit_operator.py
[2024-10-29T23:38:25.662+0000] {processor.py:840} INFO - DAG(s) 'example_short_circuit_operator' retrieved from /home/airflow/.local/lib/python3.8/site-packages/airflow/example_dags/example_short_circuit_operator.py
[2024-10-29T23:38:25.684+0000] {logging_mixin.py:188} INFO - [2024-10-29T23:38:25.684+0000] {dag.py:3047} INFO - Sync 1 DAGs
[2024-10-29T23:38:25.704+0000] {logging_mixin.py:188} INFO - [2024-10-29T23:38:25.704+0000] {dag.py:3834} INFO - Setting next_dagrun for example_short_circuit_operator to 2024-10-28 00:00:00+00:00, run_after=2024-10-29 00:00:00+00:00
[2024-10-29T23:38:25.720+0000] {processor.py:183} INFO - Processing /home/airflow/.local/lib/python3.8/site-packages/airflow/example_dags/example_short_circuit_operator.py took 0.070 seconds
[2024-10-29T23:38:56.337+0000] {processor.py:161} INFO - Started process (PID=573) to work on /home/airflow/.local/lib/python3.8/site-packages/airflow/example_dags/example_short_circuit_operator.py
[2024-10-29T23:38:56.338+0000] {processor.py:830} INFO - Processing file /home/airflow/.local/lib/python3.8/site-packages/airflow/example_dags/example_short_circuit_operator.py for tasks to queue
[2024-10-29T23:38:56.340+0000] {logging_mixin.py:188} INFO - [2024-10-29T23:38:56.340+0000] {dagbag.py:540} INFO - Filling up the DagBag from /home/airflow/.local/lib/python3.8/site-packages/airflow/example_dags/example_short_circuit_operator.py
[2024-10-29T23:38:56.350+0000] {processor.py:840} INFO - DAG(s) 'example_short_circuit_operator' retrieved from /home/airflow/.local/lib/python3.8/site-packages/airflow/example_dags/example_short_circuit_operator.py
[2024-10-29T23:38:56.385+0000] {logging_mixin.py:188} INFO - [2024-10-29T23:38:56.384+0000] {dag.py:3047} INFO - Sync 1 DAGs
[2024-10-29T23:38:56.420+0000] {logging_mixin.py:188} INFO - [2024-10-29T23:38:56.420+0000] {dag.py:3834} INFO - Setting next_dagrun for example_short_circuit_operator to 2024-10-28 00:00:00+00:00, run_after=2024-10-29 00:00:00+00:00
[2024-10-29T23:38:56.443+0000] {processor.py:183} INFO - Processing /home/airflow/.local/lib/python3.8/site-packages/airflow/example_dags/example_short_circuit_operator.py took 0.108 seconds
[2024-10-29T23:39:27.416+0000] {processor.py:161} INFO - Started process (PID=629) to work on /home/airflow/.local/lib/python3.8/site-packages/airflow/example_dags/example_short_circuit_operator.py
[2024-10-29T23:39:27.417+0000] {processor.py:830} INFO - Processing file /home/airflow/.local/lib/python3.8/site-packages/airflow/example_dags/example_short_circuit_operator.py for tasks to queue
[2024-10-29T23:39:27.420+0000] {logging_mixin.py:188} INFO - [2024-10-29T23:39:27.419+0000] {dagbag.py:540} INFO - Filling up the DagBag from /home/airflow/.local/lib/python3.8/site-packages/airflow/example_dags/example_short_circuit_operator.py
[2024-10-29T23:39:27.429+0000] {processor.py:840} INFO - DAG(s) 'example_short_circuit_operator' retrieved from /home/airflow/.local/lib/python3.8/site-packages/airflow/example_dags/example_short_circuit_operator.py
[2024-10-29T23:39:27.462+0000] {logging_mixin.py:188} INFO - [2024-10-29T23:39:27.461+0000] {dag.py:3047} INFO - Sync 1 DAGs
[2024-10-29T23:39:27.493+0000] {logging_mixin.py:188} INFO - [2024-10-29T23:39:27.493+0000] {dag.py:3834} INFO - Setting next_dagrun for example_short_circuit_operator to 2024-10-28 00:00:00+00:00, run_after=2024-10-29 00:00:00+00:00
[2024-10-29T23:39:27.516+0000] {processor.py:183} INFO - Processing /home/airflow/.local/lib/python3.8/site-packages/airflow/example_dags/example_short_circuit_operator.py took 0.103 seconds
[2024-10-29T23:39:58.065+0000] {processor.py:161} INFO - Started process (PID=685) to work on /home/airflow/.local/lib/python3.8/site-packages/airflow/example_dags/example_short_circuit_operator.py
[2024-10-29T23:39:58.066+0000] {processor.py:830} INFO - Processing file /home/airflow/.local/lib/python3.8/site-packages/airflow/example_dags/example_short_circuit_operator.py for tasks to queue
[2024-10-29T23:39:58.068+0000] {logging_mixin.py:188} INFO - [2024-10-29T23:39:58.067+0000] {dagbag.py:540} INFO - Filling up the DagBag from /home/airflow/.local/lib/python3.8/site-packages/airflow/example_dags/example_short_circuit_operator.py
[2024-10-29T23:39:58.075+0000] {processor.py:840} INFO - DAG(s) 'example_short_circuit_operator' retrieved from /home/airflow/.local/lib/python3.8/site-packages/airflow/example_dags/example_short_circuit_operator.py
[2024-10-29T23:39:58.099+0000] {logging_mixin.py:188} INFO - [2024-10-29T23:39:58.099+0000] {dag.py:3047} INFO - Sync 1 DAGs
[2024-10-29T23:39:58.123+0000] {logging_mixin.py:188} INFO - [2024-10-29T23:39:58.123+0000] {dag.py:3834} INFO - Setting next_dagrun for example_short_circuit_operator to 2024-10-28 00:00:00+00:00, run_after=2024-10-29 00:00:00+00:00
[2024-10-29T23:39:58.141+0000] {processor.py:183} INFO - Processing /home/airflow/.local/lib/python3.8/site-packages/airflow/example_dags/example_short_circuit_operator.py took 0.080 seconds
[2024-10-29T23:40:28.435+0000] {processor.py:161} INFO - Started process (PID=741) to work on /home/airflow/.local/lib/python3.8/site-packages/airflow/example_dags/example_short_circuit_operator.py
[2024-10-29T23:40:28.436+0000] {processor.py:830} INFO - Processing file /home/airflow/.local/lib/python3.8/site-packages/airflow/example_dags/example_short_circuit_operator.py for tasks to queue
[2024-10-29T23:40:28.438+0000] {logging_mixin.py:188} INFO - [2024-10-29T23:40:28.438+0000] {dagbag.py:540} INFO - Filling up the DagBag from /home/airflow/.local/lib/python3.8/site-packages/airflow/example_dags/example_short_circuit_operator.py
[2024-10-29T23:40:28.449+0000] {processor.py:840} INFO - DAG(s) 'example_short_circuit_operator' retrieved from /home/airflow/.local/lib/python3.8/site-packages/airflow/example_dags/example_short_circuit_operator.py
[2024-10-29T23:40:28.482+0000] {logging_mixin.py:188} INFO - [2024-10-29T23:40:28.482+0000] {dag.py:3047} INFO - Sync 1 DAGs
[2024-10-29T23:40:28.525+0000] {logging_mixin.py:188} INFO - [2024-10-29T23:40:28.525+0000] {dag.py:3834} INFO - Setting next_dagrun for example_short_circuit_operator to 2024-10-28 00:00:00+00:00, run_after=2024-10-29 00:00:00+00:00
[2024-10-29T23:40:28.556+0000] {processor.py:183} INFO - Processing /home/airflow/.local/lib/python3.8/site-packages/airflow/example_dags/example_short_circuit_operator.py took 0.125 seconds
[2024-10-29T23:40:58.877+0000] {processor.py:161} INFO - Started process (PID=796) to work on /home/airflow/.local/lib/python3.8/site-packages/airflow/example_dags/example_short_circuit_operator.py
[2024-10-29T23:40:58.878+0000] {processor.py:830} INFO - Processing file /home/airflow/.local/lib/python3.8/site-packages/airflow/example_dags/example_short_circuit_operator.py for tasks to queue
[2024-10-29T23:40:58.879+0000] {logging_mixin.py:188} INFO - [2024-10-29T23:40:58.879+0000] {dagbag.py:540} INFO - Filling up the DagBag from /home/airflow/.local/lib/python3.8/site-packages/airflow/example_dags/example_short_circuit_operator.py
[2024-10-29T23:40:58.886+0000] {processor.py:840} INFO - DAG(s) 'example_short_circuit_operator' retrieved from /home/airflow/.local/lib/python3.8/site-packages/airflow/example_dags/example_short_circuit_operator.py
[2024-10-29T23:40:58.910+0000] {logging_mixin.py:188} INFO - [2024-10-29T23:40:58.910+0000] {dag.py:3047} INFO - Sync 1 DAGs
[2024-10-29T23:40:58.934+0000] {logging_mixin.py:188} INFO - [2024-10-29T23:40:58.934+0000] {dag.py:3834} INFO - Setting next_dagrun for example_short_circuit_operator to 2024-10-28 00:00:00+00:00, run_after=2024-10-29 00:00:00+00:00
[2024-10-29T23:40:58.954+0000] {processor.py:183} INFO - Processing /home/airflow/.local/lib/python3.8/site-packages/airflow/example_dags/example_short_circuit_operator.py took 0.080 seconds
[2024-10-29T23:41:29.906+0000] {processor.py:161} INFO - Started process (PID=852) to work on /home/airflow/.local/lib/python3.8/site-packages/airflow/example_dags/example_short_circuit_operator.py
[2024-10-29T23:41:29.906+0000] {processor.py:830} INFO - Processing file /home/airflow/.local/lib/python3.8/site-packages/airflow/example_dags/example_short_circuit_operator.py for tasks to queue
[2024-10-29T23:41:29.909+0000] {logging_mixin.py:188} INFO - [2024-10-29T23:41:29.908+0000] {dagbag.py:540} INFO - Filling up the DagBag from /home/airflow/.local/lib/python3.8/site-packages/airflow/example_dags/example_short_circuit_operator.py
[2024-10-29T23:41:29.918+0000] {processor.py:840} INFO - DAG(s) 'example_short_circuit_operator' retrieved from /home/airflow/.local/lib/python3.8/site-packages/airflow/example_dags/example_short_circuit_operator.py
[2024-10-29T23:41:29.965+0000] {logging_mixin.py:188} INFO - [2024-10-29T23:41:29.964+0000] {dag.py:3047} INFO - Sync 1 DAGs
[2024-10-29T23:41:30.021+0000] {logging_mixin.py:188} INFO - [2024-10-29T23:41:30.021+0000] {dag.py:3834} INFO - Setting next_dagrun for example_short_circuit_operator to 2024-10-28 00:00:00+00:00, run_after=2024-10-29 00:00:00+00:00
[2024-10-29T23:41:30.063+0000] {processor.py:183} INFO - Processing /home/airflow/.local/lib/python3.8/site-packages/airflow/example_dags/example_short_circuit_operator.py took 0.160 seconds
[2024-10-29T23:42:00.661+0000] {processor.py:161} INFO - Started process (PID=914) to work on /home/airflow/.local/lib/python3.8/site-packages/airflow/example_dags/example_short_circuit_operator.py
[2024-10-29T23:42:00.662+0000] {processor.py:830} INFO - Processing file /home/airflow/.local/lib/python3.8/site-packages/airflow/example_dags/example_short_circuit_operator.py for tasks to queue
[2024-10-29T23:42:00.664+0000] {logging_mixin.py:188} INFO - [2024-10-29T23:42:00.664+0000] {dagbag.py:540} INFO - Filling up the DagBag from /home/airflow/.local/lib/python3.8/site-packages/airflow/example_dags/example_short_circuit_operator.py
[2024-10-29T23:42:00.672+0000] {processor.py:840} INFO - DAG(s) 'example_short_circuit_operator' retrieved from /home/airflow/.local/lib/python3.8/site-packages/airflow/example_dags/example_short_circuit_operator.py
[2024-10-29T23:42:00.696+0000] {logging_mixin.py:188} INFO - [2024-10-29T23:42:00.696+0000] {dag.py:3047} INFO - Sync 1 DAGs
[2024-10-29T23:42:00.723+0000] {logging_mixin.py:188} INFO - [2024-10-29T23:42:00.723+0000] {dag.py:3834} INFO - Setting next_dagrun for example_short_circuit_operator to 2024-10-28 00:00:00+00:00, run_after=2024-10-29 00:00:00+00:00
[2024-10-29T23:42:00.743+0000] {processor.py:183} INFO - Processing /home/airflow/.local/lib/python3.8/site-packages/airflow/example_dags/example_short_circuit_operator.py took 0.086 seconds
[2024-10-29T23:42:31.506+0000] {processor.py:161} INFO - Started process (PID=970) to work on /home/airflow/.local/lib/python3.8/site-packages/airflow/example_dags/example_short_circuit_operator.py
[2024-10-29T23:42:31.507+0000] {processor.py:830} INFO - Processing file /home/airflow/.local/lib/python3.8/site-packages/airflow/example_dags/example_short_circuit_operator.py for tasks to queue
[2024-10-29T23:42:31.509+0000] {logging_mixin.py:188} INFO - [2024-10-29T23:42:31.509+0000] {dagbag.py:540} INFO - Filling up the DagBag from /home/airflow/.local/lib/python3.8/site-packages/airflow/example_dags/example_short_circuit_operator.py
[2024-10-29T23:42:31.519+0000] {processor.py:840} INFO - DAG(s) 'example_short_circuit_operator' retrieved from /home/airflow/.local/lib/python3.8/site-packages/airflow/example_dags/example_short_circuit_operator.py
[2024-10-29T23:42:31.545+0000] {logging_mixin.py:188} INFO - [2024-10-29T23:42:31.544+0000] {dag.py:3047} INFO - Sync 1 DAGs
[2024-10-29T23:42:31.584+0000] {logging_mixin.py:188} INFO - [2024-10-29T23:42:31.583+0000] {dag.py:3834} INFO - Setting next_dagrun for example_short_circuit_operator to 2024-10-28 00:00:00+00:00, run_after=2024-10-29 00:00:00+00:00
[2024-10-29T23:42:31.607+0000] {processor.py:183} INFO - Processing /home/airflow/.local/lib/python3.8/site-packages/airflow/example_dags/example_short_circuit_operator.py took 0.104 seconds
[2024-10-29T23:43:02.348+0000] {processor.py:161} INFO - Started process (PID=1026) to work on /home/airflow/.local/lib/python3.8/site-packages/airflow/example_dags/example_short_circuit_operator.py
[2024-10-29T23:43:02.349+0000] {processor.py:830} INFO - Processing file /home/airflow/.local/lib/python3.8/site-packages/airflow/example_dags/example_short_circuit_operator.py for tasks to queue
[2024-10-29T23:43:02.350+0000] {logging_mixin.py:188} INFO - [2024-10-29T23:43:02.350+0000] {dagbag.py:540} INFO - Filling up the DagBag from /home/airflow/.local/lib/python3.8/site-packages/airflow/example_dags/example_short_circuit_operator.py
[2024-10-29T23:43:02.357+0000] {processor.py:840} INFO - DAG(s) 'example_short_circuit_operator' retrieved from /home/airflow/.local/lib/python3.8/site-packages/airflow/example_dags/example_short_circuit_operator.py
[2024-10-29T23:43:02.380+0000] {logging_mixin.py:188} INFO - [2024-10-29T23:43:02.380+0000] {dag.py:3047} INFO - Sync 1 DAGs
[2024-10-29T23:43:02.403+0000] {logging_mixin.py:188} INFO - [2024-10-29T23:43:02.402+0000] {dag.py:3834} INFO - Setting next_dagrun for example_short_circuit_operator to 2024-10-28 00:00:00+00:00, run_after=2024-10-29 00:00:00+00:00
[2024-10-29T23:43:02.420+0000] {processor.py:183} INFO - Processing /home/airflow/.local/lib/python3.8/site-packages/airflow/example_dags/example_short_circuit_operator.py took 0.075 seconds
[2024-10-29T23:43:32.802+0000] {processor.py:161} INFO - Started process (PID=1082) to work on /home/airflow/.local/lib/python3.8/site-packages/airflow/example_dags/example_short_circuit_operator.py
[2024-10-29T23:43:32.803+0000] {processor.py:830} INFO - Processing file /home/airflow/.local/lib/python3.8/site-packages/airflow/example_dags/example_short_circuit_operator.py for tasks to queue
[2024-10-29T23:43:32.804+0000] {logging_mixin.py:188} INFO - [2024-10-29T23:43:32.804+0000] {dagbag.py:540} INFO - Filling up the DagBag from /home/airflow/.local/lib/python3.8/site-packages/airflow/example_dags/example_short_circuit_operator.py
[2024-10-29T23:43:32.810+0000] {processor.py:840} INFO - DAG(s) 'example_short_circuit_operator' retrieved from /home/airflow/.local/lib/python3.8/site-packages/airflow/example_dags/example_short_circuit_operator.py
[2024-10-29T23:43:32.840+0000] {logging_mixin.py:188} INFO - [2024-10-29T23:43:32.839+0000] {dag.py:3047} INFO - Sync 1 DAGs
[2024-10-29T23:43:32.876+0000] {logging_mixin.py:188} INFO - [2024-10-29T23:43:32.875+0000] {dag.py:3834} INFO - Setting next_dagrun for example_short_circuit_operator to 2024-10-28 00:00:00+00:00, run_after=2024-10-29 00:00:00+00:00
[2024-10-29T23:43:32.901+0000] {processor.py:183} INFO - Processing /home/airflow/.local/lib/python3.8/site-packages/airflow/example_dags/example_short_circuit_operator.py took 0.102 seconds
[2024-10-29T23:44:03.270+0000] {processor.py:161} INFO - Started process (PID=1138) to work on /home/airflow/.local/lib/python3.8/site-packages/airflow/example_dags/example_short_circuit_operator.py
[2024-10-29T23:44:03.271+0000] {processor.py:830} INFO - Processing file /home/airflow/.local/lib/python3.8/site-packages/airflow/example_dags/example_short_circuit_operator.py for tasks to queue
[2024-10-29T23:44:03.272+0000] {logging_mixin.py:188} INFO - [2024-10-29T23:44:03.272+0000] {dagbag.py:540} INFO - Filling up the DagBag from /home/airflow/.local/lib/python3.8/site-packages/airflow/example_dags/example_short_circuit_operator.py
[2024-10-29T23:44:03.282+0000] {processor.py:840} INFO - DAG(s) 'example_short_circuit_operator' retrieved from /home/airflow/.local/lib/python3.8/site-packages/airflow/example_dags/example_short_circuit_operator.py
[2024-10-29T23:44:03.314+0000] {logging_mixin.py:188} INFO - [2024-10-29T23:44:03.313+0000] {dag.py:3047} INFO - Sync 1 DAGs
[2024-10-29T23:44:03.340+0000] {logging_mixin.py:188} INFO - [2024-10-29T23:44:03.340+0000] {dag.py:3834} INFO - Setting next_dagrun for example_short_circuit_operator to 2024-10-28 00:00:00+00:00, run_after=2024-10-29 00:00:00+00:00
[2024-10-29T23:44:03.361+0000] {processor.py:183} INFO - Processing /home/airflow/.local/lib/python3.8/site-packages/airflow/example_dags/example_short_circuit_operator.py took 0.094 seconds
[2024-10-29T23:44:33.540+0000] {processor.py:161} INFO - Started process (PID=1194) to work on /home/airflow/.local/lib/python3.8/site-packages/airflow/example_dags/example_short_circuit_operator.py
[2024-10-29T23:44:33.541+0000] {processor.py:830} INFO - Processing file /home/airflow/.local/lib/python3.8/site-packages/airflow/example_dags/example_short_circuit_operator.py for tasks to queue
[2024-10-29T23:44:33.542+0000] {logging_mixin.py:188} INFO - [2024-10-29T23:44:33.542+0000] {dagbag.py:540} INFO - Filling up the DagBag from /home/airflow/.local/lib/python3.8/site-packages/airflow/example_dags/example_short_circuit_operator.py
[2024-10-29T23:44:33.550+0000] {processor.py:840} INFO - DAG(s) 'example_short_circuit_operator' retrieved from /home/airflow/.local/lib/python3.8/site-packages/airflow/example_dags/example_short_circuit_operator.py
[2024-10-29T23:44:33.573+0000] {logging_mixin.py:188} INFO - [2024-10-29T23:44:33.572+0000] {dag.py:3047} INFO - Sync 1 DAGs
[2024-10-29T23:44:33.597+0000] {logging_mixin.py:188} INFO - [2024-10-29T23:44:33.597+0000] {dag.py:3834} INFO - Setting next_dagrun for example_short_circuit_operator to 2024-10-28 00:00:00+00:00, run_after=2024-10-29 00:00:00+00:00
[2024-10-29T23:44:33.620+0000] {processor.py:183} INFO - Processing /home/airflow/.local/lib/python3.8/site-packages/airflow/example_dags/example_short_circuit_operator.py took 0.082 seconds
[2024-10-29T23:45:03.798+0000] {processor.py:161} INFO - Started process (PID=1250) to work on /home/airflow/.local/lib/python3.8/site-packages/airflow/example_dags/example_short_circuit_operator.py
[2024-10-29T23:45:03.799+0000] {processor.py:830} INFO - Processing file /home/airflow/.local/lib/python3.8/site-packages/airflow/example_dags/example_short_circuit_operator.py for tasks to queue
[2024-10-29T23:45:03.801+0000] {logging_mixin.py:188} INFO - [2024-10-29T23:45:03.801+0000] {dagbag.py:540} INFO - Filling up the DagBag from /home/airflow/.local/lib/python3.8/site-packages/airflow/example_dags/example_short_circuit_operator.py
[2024-10-29T23:45:03.809+0000] {processor.py:840} INFO - DAG(s) 'example_short_circuit_operator' retrieved from /home/airflow/.local/lib/python3.8/site-packages/airflow/example_dags/example_short_circuit_operator.py
[2024-10-29T23:45:03.836+0000] {logging_mixin.py:188} INFO - [2024-10-29T23:45:03.836+0000] {dag.py:3047} INFO - Sync 1 DAGs
[2024-10-29T23:45:03.859+0000] {logging_mixin.py:188} INFO - [2024-10-29T23:45:03.859+0000] {dag.py:3834} INFO - Setting next_dagrun for example_short_circuit_operator to 2024-10-28 00:00:00+00:00, run_after=2024-10-29 00:00:00+00:00
[2024-10-29T23:45:03.876+0000] {processor.py:183} INFO - Processing /home/airflow/.local/lib/python3.8/site-packages/airflow/example_dags/example_short_circuit_operator.py took 0.081 seconds
[2024-10-29T23:45:34.068+0000] {processor.py:161} INFO - Started process (PID=1306) to work on /home/airflow/.local/lib/python3.8/site-packages/airflow/example_dags/example_short_circuit_operator.py
[2024-10-29T23:45:34.069+0000] {processor.py:830} INFO - Processing file /home/airflow/.local/lib/python3.8/site-packages/airflow/example_dags/example_short_circuit_operator.py for tasks to queue
[2024-10-29T23:45:34.071+0000] {logging_mixin.py:188} INFO - [2024-10-29T23:45:34.070+0000] {dagbag.py:540} INFO - Filling up the DagBag from /home/airflow/.local/lib/python3.8/site-packages/airflow/example_dags/example_short_circuit_operator.py
[2024-10-29T23:45:34.078+0000] {processor.py:840} INFO - DAG(s) 'example_short_circuit_operator' retrieved from /home/airflow/.local/lib/python3.8/site-packages/airflow/example_dags/example_short_circuit_operator.py
[2024-10-29T23:45:34.100+0000] {logging_mixin.py:188} INFO - [2024-10-29T23:45:34.099+0000] {dag.py:3047} INFO - Sync 1 DAGs
[2024-10-29T23:45:34.123+0000] {logging_mixin.py:188} INFO - [2024-10-29T23:45:34.123+0000] {dag.py:3834} INFO - Setting next_dagrun for example_short_circuit_operator to 2024-10-28 00:00:00+00:00, run_after=2024-10-29 00:00:00+00:00
[2024-10-29T23:45:34.141+0000] {processor.py:183} INFO - Processing /home/airflow/.local/lib/python3.8/site-packages/airflow/example_dags/example_short_circuit_operator.py took 0.076 seconds
[2024-10-29T23:46:04.443+0000] {processor.py:161} INFO - Started process (PID=1363) to work on /home/airflow/.local/lib/python3.8/site-packages/airflow/example_dags/example_short_circuit_operator.py
[2024-10-29T23:46:04.444+0000] {processor.py:830} INFO - Processing file /home/airflow/.local/lib/python3.8/site-packages/airflow/example_dags/example_short_circuit_operator.py for tasks to queue
[2024-10-29T23:46:04.446+0000] {logging_mixin.py:188} INFO - [2024-10-29T23:46:04.446+0000] {dagbag.py:540} INFO - Filling up the DagBag from /home/airflow/.local/lib/python3.8/site-packages/airflow/example_dags/example_short_circuit_operator.py
[2024-10-29T23:46:04.456+0000] {processor.py:840} INFO - DAG(s) 'example_short_circuit_operator' retrieved from /home/airflow/.local/lib/python3.8/site-packages/airflow/example_dags/example_short_circuit_operator.py
[2024-10-29T23:46:04.482+0000] {logging_mixin.py:188} INFO - [2024-10-29T23:46:04.482+0000] {dag.py:3047} INFO - Sync 1 DAGs
[2024-10-29T23:46:04.510+0000] {logging_mixin.py:188} INFO - [2024-10-29T23:46:04.509+0000] {dag.py:3834} INFO - Setting next_dagrun for example_short_circuit_operator to 2024-10-28 00:00:00+00:00, run_after=2024-10-29 00:00:00+00:00
[2024-10-29T23:46:04.539+0000] {processor.py:183} INFO - Processing /home/airflow/.local/lib/python3.8/site-packages/airflow/example_dags/example_short_circuit_operator.py took 0.100 seconds
[2024-10-29T23:46:34.728+0000] {processor.py:161} INFO - Started process (PID=1418) to work on /home/airflow/.local/lib/python3.8/site-packages/airflow/example_dags/example_short_circuit_operator.py
[2024-10-29T23:46:34.753+0000] {processor.py:830} INFO - Processing file /home/airflow/.local/lib/python3.8/site-packages/airflow/example_dags/example_short_circuit_operator.py for tasks to queue
[2024-10-29T23:46:34.755+0000] {logging_mixin.py:188} INFO - [2024-10-29T23:46:34.755+0000] {dagbag.py:540} INFO - Filling up the DagBag from /home/airflow/.local/lib/python3.8/site-packages/airflow/example_dags/example_short_circuit_operator.py
[2024-10-29T23:46:34.763+0000] {processor.py:840} INFO - DAG(s) 'example_short_circuit_operator' retrieved from /home/airflow/.local/lib/python3.8/site-packages/airflow/example_dags/example_short_circuit_operator.py
[2024-10-29T23:46:34.797+0000] {logging_mixin.py:188} INFO - [2024-10-29T23:46:34.796+0000] {dag.py:3047} INFO - Sync 1 DAGs
[2024-10-29T23:46:34.833+0000] {logging_mixin.py:188} INFO - [2024-10-29T23:46:34.833+0000] {dag.py:3834} INFO - Setting next_dagrun for example_short_circuit_operator to 2024-10-28 00:00:00+00:00, run_after=2024-10-29 00:00:00+00:00
[2024-10-29T23:46:34.876+0000] {processor.py:183} INFO - Processing /home/airflow/.local/lib/python3.8/site-packages/airflow/example_dags/example_short_circuit_operator.py took 0.151 seconds
[2024-10-29T23:47:05.029+0000] {processor.py:161} INFO - Started process (PID=1474) to work on /home/airflow/.local/lib/python3.8/site-packages/airflow/example_dags/example_short_circuit_operator.py
[2024-10-29T23:47:05.031+0000] {processor.py:830} INFO - Processing file /home/airflow/.local/lib/python3.8/site-packages/airflow/example_dags/example_short_circuit_operator.py for tasks to queue
[2024-10-29T23:47:05.035+0000] {logging_mixin.py:188} INFO - [2024-10-29T23:47:05.034+0000] {dagbag.py:540} INFO - Filling up the DagBag from /home/airflow/.local/lib/python3.8/site-packages/airflow/example_dags/example_short_circuit_operator.py
[2024-10-29T23:47:05.047+0000] {processor.py:840} INFO - DAG(s) 'example_short_circuit_operator' retrieved from /home/airflow/.local/lib/python3.8/site-packages/airflow/example_dags/example_short_circuit_operator.py
[2024-10-29T23:47:05.087+0000] {logging_mixin.py:188} INFO - [2024-10-29T23:47:05.087+0000] {dag.py:3047} INFO - Sync 1 DAGs
[2024-10-29T23:47:05.127+0000] {logging_mixin.py:188} INFO - [2024-10-29T23:47:05.126+0000] {dag.py:3834} INFO - Setting next_dagrun for example_short_circuit_operator to 2024-10-28 00:00:00+00:00, run_after=2024-10-29 00:00:00+00:00
[2024-10-29T23:47:05.149+0000] {processor.py:183} INFO - Processing /home/airflow/.local/lib/python3.8/site-packages/airflow/example_dags/example_short_circuit_operator.py took 0.126 seconds
[2024-10-29T23:47:35.246+0000] {processor.py:161} INFO - Started process (PID=1530) to work on /home/airflow/.local/lib/python3.8/site-packages/airflow/example_dags/example_short_circuit_operator.py
[2024-10-29T23:47:35.247+0000] {processor.py:830} INFO - Processing file /home/airflow/.local/lib/python3.8/site-packages/airflow/example_dags/example_short_circuit_operator.py for tasks to queue
[2024-10-29T23:47:35.248+0000] {logging_mixin.py:188} INFO - [2024-10-29T23:47:35.248+0000] {dagbag.py:540} INFO - Filling up the DagBag from /home/airflow/.local/lib/python3.8/site-packages/airflow/example_dags/example_short_circuit_operator.py
[2024-10-29T23:47:35.254+0000] {processor.py:840} INFO - DAG(s) 'example_short_circuit_operator' retrieved from /home/airflow/.local/lib/python3.8/site-packages/airflow/example_dags/example_short_circuit_operator.py
[2024-10-29T23:47:35.274+0000] {logging_mixin.py:188} INFO - [2024-10-29T23:47:35.273+0000] {dag.py:3047} INFO - Sync 1 DAGs
[2024-10-29T23:47:35.293+0000] {logging_mixin.py:188} INFO - [2024-10-29T23:47:35.293+0000] {dag.py:3834} INFO - Setting next_dagrun for example_short_circuit_operator to 2024-10-28 00:00:00+00:00, run_after=2024-10-29 00:00:00+00:00
[2024-10-29T23:47:35.308+0000] {processor.py:183} INFO - Processing /home/airflow/.local/lib/python3.8/site-packages/airflow/example_dags/example_short_circuit_operator.py took 0.064 seconds
[2024-10-29T23:48:06.505+0000] {processor.py:161} INFO - Started process (PID=1586) to work on /home/airflow/.local/lib/python3.8/site-packages/airflow/example_dags/example_short_circuit_operator.py
[2024-10-29T23:48:06.506+0000] {processor.py:830} INFO - Processing file /home/airflow/.local/lib/python3.8/site-packages/airflow/example_dags/example_short_circuit_operator.py for tasks to queue
[2024-10-29T23:48:06.508+0000] {logging_mixin.py:188} INFO - [2024-10-29T23:48:06.507+0000] {dagbag.py:540} INFO - Filling up the DagBag from /home/airflow/.local/lib/python3.8/site-packages/airflow/example_dags/example_short_circuit_operator.py
[2024-10-29T23:48:06.516+0000] {processor.py:840} INFO - DAG(s) 'example_short_circuit_operator' retrieved from /home/airflow/.local/lib/python3.8/site-packages/airflow/example_dags/example_short_circuit_operator.py
[2024-10-29T23:48:06.541+0000] {logging_mixin.py:188} INFO - [2024-10-29T23:48:06.540+0000] {dag.py:3047} INFO - Sync 1 DAGs
[2024-10-29T23:48:06.569+0000] {logging_mixin.py:188} INFO - [2024-10-29T23:48:06.569+0000] {dag.py:3834} INFO - Setting next_dagrun for example_short_circuit_operator to 2024-10-28 00:00:00+00:00, run_after=2024-10-29 00:00:00+00:00
[2024-10-29T23:48:06.589+0000] {processor.py:183} INFO - Processing /home/airflow/.local/lib/python3.8/site-packages/airflow/example_dags/example_short_circuit_operator.py took 0.088 seconds
[2024-10-29T23:48:37.549+0000] {processor.py:161} INFO - Started process (PID=1642) to work on /home/airflow/.local/lib/python3.8/site-packages/airflow/example_dags/example_short_circuit_operator.py
[2024-10-29T23:48:37.550+0000] {processor.py:830} INFO - Processing file /home/airflow/.local/lib/python3.8/site-packages/airflow/example_dags/example_short_circuit_operator.py for tasks to queue
[2024-10-29T23:48:37.551+0000] {logging_mixin.py:188} INFO - [2024-10-29T23:48:37.551+0000] {dagbag.py:540} INFO - Filling up the DagBag from /home/airflow/.local/lib/python3.8/site-packages/airflow/example_dags/example_short_circuit_operator.py
[2024-10-29T23:48:37.557+0000] {processor.py:840} INFO - DAG(s) 'example_short_circuit_operator' retrieved from /home/airflow/.local/lib/python3.8/site-packages/airflow/example_dags/example_short_circuit_operator.py
[2024-10-29T23:48:37.578+0000] {logging_mixin.py:188} INFO - [2024-10-29T23:48:37.578+0000] {dag.py:3047} INFO - Sync 1 DAGs
[2024-10-29T23:48:37.601+0000] {logging_mixin.py:188} INFO - [2024-10-29T23:48:37.601+0000] {dag.py:3834} INFO - Setting next_dagrun for example_short_circuit_operator to 2024-10-28 00:00:00+00:00, run_after=2024-10-29 00:00:00+00:00
[2024-10-29T23:48:37.618+0000] {processor.py:183} INFO - Processing /home/airflow/.local/lib/python3.8/site-packages/airflow/example_dags/example_short_circuit_operator.py took 0.072 seconds
[2024-10-29T23:49:08.056+0000] {processor.py:161} INFO - Started process (PID=1698) to work on /home/airflow/.local/lib/python3.8/site-packages/airflow/example_dags/example_short_circuit_operator.py
[2024-10-29T23:49:08.057+0000] {processor.py:830} INFO - Processing file /home/airflow/.local/lib/python3.8/site-packages/airflow/example_dags/example_short_circuit_operator.py for tasks to queue
[2024-10-29T23:49:08.060+0000] {logging_mixin.py:188} INFO - [2024-10-29T23:49:08.059+0000] {dagbag.py:540} INFO - Filling up the DagBag from /home/airflow/.local/lib/python3.8/site-packages/airflow/example_dags/example_short_circuit_operator.py
[2024-10-29T23:49:08.070+0000] {processor.py:840} INFO - DAG(s) 'example_short_circuit_operator' retrieved from /home/airflow/.local/lib/python3.8/site-packages/airflow/example_dags/example_short_circuit_operator.py
[2024-10-29T23:49:08.100+0000] {logging_mixin.py:188} INFO - [2024-10-29T23:49:08.099+0000] {dag.py:3047} INFO - Sync 1 DAGs
[2024-10-29T23:49:08.127+0000] {logging_mixin.py:188} INFO - [2024-10-29T23:49:08.127+0000] {dag.py:3834} INFO - Setting next_dagrun for example_short_circuit_operator to 2024-10-28 00:00:00+00:00, run_after=2024-10-29 00:00:00+00:00
[2024-10-29T23:49:08.149+0000] {processor.py:183} INFO - Processing /home/airflow/.local/lib/python3.8/site-packages/airflow/example_dags/example_short_circuit_operator.py took 0.097 seconds
[2024-10-29T23:49:39.088+0000] {processor.py:161} INFO - Started process (PID=1754) to work on /home/airflow/.local/lib/python3.8/site-packages/airflow/example_dags/example_short_circuit_operator.py
[2024-10-29T23:49:39.090+0000] {processor.py:830} INFO - Processing file /home/airflow/.local/lib/python3.8/site-packages/airflow/example_dags/example_short_circuit_operator.py for tasks to queue
[2024-10-29T23:49:39.092+0000] {logging_mixin.py:188} INFO - [2024-10-29T23:49:39.092+0000] {dagbag.py:540} INFO - Filling up the DagBag from /home/airflow/.local/lib/python3.8/site-packages/airflow/example_dags/example_short_circuit_operator.py
[2024-10-29T23:49:39.103+0000] {processor.py:840} INFO - DAG(s) 'example_short_circuit_operator' retrieved from /home/airflow/.local/lib/python3.8/site-packages/airflow/example_dags/example_short_circuit_operator.py
[2024-10-29T23:49:39.139+0000] {logging_mixin.py:188} INFO - [2024-10-29T23:49:39.138+0000] {dag.py:3047} INFO - Sync 1 DAGs
[2024-10-29T23:49:39.177+0000] {logging_mixin.py:188} INFO - [2024-10-29T23:49:39.177+0000] {dag.py:3834} INFO - Setting next_dagrun for example_short_circuit_operator to 2024-10-28 00:00:00+00:00, run_after=2024-10-29 00:00:00+00:00
[2024-10-29T23:49:39.205+0000] {processor.py:183} INFO - Processing /home/airflow/.local/lib/python3.8/site-packages/airflow/example_dags/example_short_circuit_operator.py took 0.120 seconds
[2024-10-29T23:50:09.436+0000] {processor.py:161} INFO - Started process (PID=1809) to work on /home/airflow/.local/lib/python3.8/site-packages/airflow/example_dags/example_short_circuit_operator.py
[2024-10-29T23:50:09.437+0000] {processor.py:830} INFO - Processing file /home/airflow/.local/lib/python3.8/site-packages/airflow/example_dags/example_short_circuit_operator.py for tasks to queue
[2024-10-29T23:50:09.439+0000] {logging_mixin.py:188} INFO - [2024-10-29T23:50:09.438+0000] {dagbag.py:540} INFO - Filling up the DagBag from /home/airflow/.local/lib/python3.8/site-packages/airflow/example_dags/example_short_circuit_operator.py
[2024-10-29T23:50:09.447+0000] {processor.py:840} INFO - DAG(s) 'example_short_circuit_operator' retrieved from /home/airflow/.local/lib/python3.8/site-packages/airflow/example_dags/example_short_circuit_operator.py
[2024-10-29T23:50:09.470+0000] {logging_mixin.py:188} INFO - [2024-10-29T23:50:09.470+0000] {dag.py:3047} INFO - Sync 1 DAGs
[2024-10-29T23:50:09.494+0000] {logging_mixin.py:188} INFO - [2024-10-29T23:50:09.494+0000] {dag.py:3834} INFO - Setting next_dagrun for example_short_circuit_operator to 2024-10-28 00:00:00+00:00, run_after=2024-10-29 00:00:00+00:00
[2024-10-29T23:50:09.515+0000] {processor.py:183} INFO - Processing /home/airflow/.local/lib/python3.8/site-packages/airflow/example_dags/example_short_circuit_operator.py took 0.082 seconds
[2024-10-29T23:50:39.577+0000] {processor.py:161} INFO - Started process (PID=1865) to work on /home/airflow/.local/lib/python3.8/site-packages/airflow/example_dags/example_short_circuit_operator.py
[2024-10-29T23:50:39.577+0000] {processor.py:830} INFO - Processing file /home/airflow/.local/lib/python3.8/site-packages/airflow/example_dags/example_short_circuit_operator.py for tasks to queue
[2024-10-29T23:50:39.579+0000] {logging_mixin.py:188} INFO - [2024-10-29T23:50:39.579+0000] {dagbag.py:540} INFO - Filling up the DagBag from /home/airflow/.local/lib/python3.8/site-packages/airflow/example_dags/example_short_circuit_operator.py
[2024-10-29T23:50:39.586+0000] {processor.py:840} INFO - DAG(s) 'example_short_circuit_operator' retrieved from /home/airflow/.local/lib/python3.8/site-packages/airflow/example_dags/example_short_circuit_operator.py
[2024-10-29T23:50:39.608+0000] {logging_mixin.py:188} INFO - [2024-10-29T23:50:39.608+0000] {dag.py:3047} INFO - Sync 1 DAGs
[2024-10-29T23:50:39.631+0000] {logging_mixin.py:188} INFO - [2024-10-29T23:50:39.630+0000] {dag.py:3834} INFO - Setting next_dagrun for example_short_circuit_operator to 2024-10-28 00:00:00+00:00, run_after=2024-10-29 00:00:00+00:00
[2024-10-29T23:50:39.648+0000] {processor.py:183} INFO - Processing /home/airflow/.local/lib/python3.8/site-packages/airflow/example_dags/example_short_circuit_operator.py took 0.074 seconds
[2024-10-29T23:51:10.429+0000] {processor.py:161} INFO - Started process (PID=1921) to work on /home/airflow/.local/lib/python3.8/site-packages/airflow/example_dags/example_short_circuit_operator.py
[2024-10-29T23:51:10.432+0000] {processor.py:830} INFO - Processing file /home/airflow/.local/lib/python3.8/site-packages/airflow/example_dags/example_short_circuit_operator.py for tasks to queue
[2024-10-29T23:51:10.439+0000] {logging_mixin.py:188} INFO - [2024-10-29T23:51:10.438+0000] {dagbag.py:540} INFO - Filling up the DagBag from /home/airflow/.local/lib/python3.8/site-packages/airflow/example_dags/example_short_circuit_operator.py
[2024-10-29T23:51:10.453+0000] {processor.py:840} INFO - DAG(s) 'example_short_circuit_operator' retrieved from /home/airflow/.local/lib/python3.8/site-packages/airflow/example_dags/example_short_circuit_operator.py
[2024-10-29T23:51:10.478+0000] {logging_mixin.py:188} INFO - [2024-10-29T23:51:10.477+0000] {dag.py:3047} INFO - Sync 1 DAGs
[2024-10-29T23:51:10.501+0000] {logging_mixin.py:188} INFO - [2024-10-29T23:51:10.501+0000] {dag.py:3834} INFO - Setting next_dagrun for example_short_circuit_operator to 2024-10-28 00:00:00+00:00, run_after=2024-10-29 00:00:00+00:00
[2024-10-29T23:51:10.518+0000] {processor.py:183} INFO - Processing /home/airflow/.local/lib/python3.8/site-packages/airflow/example_dags/example_short_circuit_operator.py took 0.101 seconds
[2024-10-29T23:51:40.864+0000] {processor.py:161} INFO - Started process (PID=1976) to work on /home/airflow/.local/lib/python3.8/site-packages/airflow/example_dags/example_short_circuit_operator.py
[2024-10-29T23:51:40.865+0000] {processor.py:830} INFO - Processing file /home/airflow/.local/lib/python3.8/site-packages/airflow/example_dags/example_short_circuit_operator.py for tasks to queue
[2024-10-29T23:51:40.868+0000] {logging_mixin.py:188} INFO - [2024-10-29T23:51:40.867+0000] {dagbag.py:540} INFO - Filling up the DagBag from /home/airflow/.local/lib/python3.8/site-packages/airflow/example_dags/example_short_circuit_operator.py
[2024-10-29T23:51:40.899+0000] {processor.py:840} INFO - DAG(s) 'example_short_circuit_operator' retrieved from /home/airflow/.local/lib/python3.8/site-packages/airflow/example_dags/example_short_circuit_operator.py
[2024-10-29T23:51:40.944+0000] {logging_mixin.py:188} INFO - [2024-10-29T23:51:40.943+0000] {dag.py:3047} INFO - Sync 1 DAGs
[2024-10-29T23:51:40.985+0000] {logging_mixin.py:188} INFO - [2024-10-29T23:51:40.985+0000] {dag.py:3834} INFO - Setting next_dagrun for example_short_circuit_operator to 2024-10-28 00:00:00+00:00, run_after=2024-10-29 00:00:00+00:00
[2024-10-29T23:51:41.016+0000] {processor.py:183} INFO - Processing /home/airflow/.local/lib/python3.8/site-packages/airflow/example_dags/example_short_circuit_operator.py took 0.156 seconds
[2024-10-29T23:52:11.099+0000] {processor.py:161} INFO - Started process (PID=2032) to work on /home/airflow/.local/lib/python3.8/site-packages/airflow/example_dags/example_short_circuit_operator.py
[2024-10-29T23:52:11.100+0000] {processor.py:830} INFO - Processing file /home/airflow/.local/lib/python3.8/site-packages/airflow/example_dags/example_short_circuit_operator.py for tasks to queue
[2024-10-29T23:52:11.101+0000] {logging_mixin.py:188} INFO - [2024-10-29T23:52:11.101+0000] {dagbag.py:540} INFO - Filling up the DagBag from /home/airflow/.local/lib/python3.8/site-packages/airflow/example_dags/example_short_circuit_operator.py
[2024-10-29T23:52:11.108+0000] {processor.py:840} INFO - DAG(s) 'example_short_circuit_operator' retrieved from /home/airflow/.local/lib/python3.8/site-packages/airflow/example_dags/example_short_circuit_operator.py
[2024-10-29T23:52:11.129+0000] {logging_mixin.py:188} INFO - [2024-10-29T23:52:11.128+0000] {dag.py:3047} INFO - Sync 1 DAGs
[2024-10-29T23:52:11.149+0000] {logging_mixin.py:188} INFO - [2024-10-29T23:52:11.149+0000] {dag.py:3834} INFO - Setting next_dagrun for example_short_circuit_operator to 2024-10-28 00:00:00+00:00, run_after=2024-10-29 00:00:00+00:00
[2024-10-29T23:52:11.165+0000] {processor.py:183} INFO - Processing /home/airflow/.local/lib/python3.8/site-packages/airflow/example_dags/example_short_circuit_operator.py took 0.068 seconds
[2024-10-29T23:52:41.315+0000] {processor.py:161} INFO - Started process (PID=2088) to work on /home/airflow/.local/lib/python3.8/site-packages/airflow/example_dags/example_short_circuit_operator.py
[2024-10-29T23:52:41.317+0000] {processor.py:830} INFO - Processing file /home/airflow/.local/lib/python3.8/site-packages/airflow/example_dags/example_short_circuit_operator.py for tasks to queue
[2024-10-29T23:52:41.318+0000] {logging_mixin.py:188} INFO - [2024-10-29T23:52:41.318+0000] {dagbag.py:540} INFO - Filling up the DagBag from /home/airflow/.local/lib/python3.8/site-packages/airflow/example_dags/example_short_circuit_operator.py
[2024-10-29T23:52:41.325+0000] {processor.py:840} INFO - DAG(s) 'example_short_circuit_operator' retrieved from /home/airflow/.local/lib/python3.8/site-packages/airflow/example_dags/example_short_circuit_operator.py
[2024-10-29T23:52:41.346+0000] {logging_mixin.py:188} INFO - [2024-10-29T23:52:41.346+0000] {dag.py:3047} INFO - Sync 1 DAGs
[2024-10-29T23:52:41.367+0000] {logging_mixin.py:188} INFO - [2024-10-29T23:52:41.367+0000] {dag.py:3834} INFO - Setting next_dagrun for example_short_circuit_operator to 2024-10-28 00:00:00+00:00, run_after=2024-10-29 00:00:00+00:00
[2024-10-29T23:52:41.385+0000] {processor.py:183} INFO - Processing /home/airflow/.local/lib/python3.8/site-packages/airflow/example_dags/example_short_circuit_operator.py took 0.071 seconds
[2024-10-29T23:53:12.053+0000] {processor.py:161} INFO - Started process (PID=2144) to work on /home/airflow/.local/lib/python3.8/site-packages/airflow/example_dags/example_short_circuit_operator.py
[2024-10-29T23:53:12.055+0000] {processor.py:830} INFO - Processing file /home/airflow/.local/lib/python3.8/site-packages/airflow/example_dags/example_short_circuit_operator.py for tasks to queue
[2024-10-29T23:53:12.058+0000] {logging_mixin.py:188} INFO - [2024-10-29T23:53:12.057+0000] {dagbag.py:540} INFO - Filling up the DagBag from /home/airflow/.local/lib/python3.8/site-packages/airflow/example_dags/example_short_circuit_operator.py
[2024-10-29T23:53:12.066+0000] {processor.py:840} INFO - DAG(s) 'example_short_circuit_operator' retrieved from /home/airflow/.local/lib/python3.8/site-packages/airflow/example_dags/example_short_circuit_operator.py
[2024-10-29T23:53:12.098+0000] {logging_mixin.py:188} INFO - [2024-10-29T23:53:12.098+0000] {dag.py:3047} INFO - Sync 1 DAGs
[2024-10-29T23:53:12.120+0000] {logging_mixin.py:188} INFO - [2024-10-29T23:53:12.120+0000] {dag.py:3834} INFO - Setting next_dagrun for example_short_circuit_operator to 2024-10-28 00:00:00+00:00, run_after=2024-10-29 00:00:00+00:00
[2024-10-29T23:53:12.136+0000] {processor.py:183} INFO - Processing /home/airflow/.local/lib/python3.8/site-packages/airflow/example_dags/example_short_circuit_operator.py took 0.086 seconds
[2024-10-29T23:53:42.180+0000] {processor.py:161} INFO - Started process (PID=2200) to work on /home/airflow/.local/lib/python3.8/site-packages/airflow/example_dags/example_short_circuit_operator.py
[2024-10-29T23:53:42.181+0000] {processor.py:830} INFO - Processing file /home/airflow/.local/lib/python3.8/site-packages/airflow/example_dags/example_short_circuit_operator.py for tasks to queue
[2024-10-29T23:53:42.182+0000] {logging_mixin.py:188} INFO - [2024-10-29T23:53:42.182+0000] {dagbag.py:540} INFO - Filling up the DagBag from /home/airflow/.local/lib/python3.8/site-packages/airflow/example_dags/example_short_circuit_operator.py
[2024-10-29T23:53:42.189+0000] {processor.py:840} INFO - DAG(s) 'example_short_circuit_operator' retrieved from /home/airflow/.local/lib/python3.8/site-packages/airflow/example_dags/example_short_circuit_operator.py
[2024-10-29T23:53:42.218+0000] {logging_mixin.py:188} INFO - [2024-10-29T23:53:42.218+0000] {dag.py:3047} INFO - Sync 1 DAGs
[2024-10-29T23:53:42.249+0000] {logging_mixin.py:188} INFO - [2024-10-29T23:53:42.249+0000] {dag.py:3834} INFO - Setting next_dagrun for example_short_circuit_operator to 2024-10-28 00:00:00+00:00, run_after=2024-10-29 00:00:00+00:00
[2024-10-29T23:53:42.267+0000] {processor.py:183} INFO - Processing /home/airflow/.local/lib/python3.8/site-packages/airflow/example_dags/example_short_circuit_operator.py took 0.090 seconds
[2024-10-29T23:54:12.609+0000] {processor.py:161} INFO - Started process (PID=2256) to work on /home/airflow/.local/lib/python3.8/site-packages/airflow/example_dags/example_short_circuit_operator.py
[2024-10-29T23:54:12.610+0000] {processor.py:830} INFO - Processing file /home/airflow/.local/lib/python3.8/site-packages/airflow/example_dags/example_short_circuit_operator.py for tasks to queue
[2024-10-29T23:54:12.612+0000] {logging_mixin.py:188} INFO - [2024-10-29T23:54:12.612+0000] {dagbag.py:540} INFO - Filling up the DagBag from /home/airflow/.local/lib/python3.8/site-packages/airflow/example_dags/example_short_circuit_operator.py
[2024-10-29T23:54:12.621+0000] {processor.py:840} INFO - DAG(s) 'example_short_circuit_operator' retrieved from /home/airflow/.local/lib/python3.8/site-packages/airflow/example_dags/example_short_circuit_operator.py
[2024-10-29T23:54:12.652+0000] {logging_mixin.py:188} INFO - [2024-10-29T23:54:12.652+0000] {dag.py:3047} INFO - Sync 1 DAGs
[2024-10-29T23:54:12.684+0000] {logging_mixin.py:188} INFO - [2024-10-29T23:54:12.684+0000] {dag.py:3834} INFO - Setting next_dagrun for example_short_circuit_operator to 2024-10-28 00:00:00+00:00, run_after=2024-10-29 00:00:00+00:00
[2024-10-29T23:54:12.714+0000] {processor.py:183} INFO - Processing /home/airflow/.local/lib/python3.8/site-packages/airflow/example_dags/example_short_circuit_operator.py took 0.109 seconds
[2024-10-29T23:54:43.312+0000] {processor.py:161} INFO - Started process (PID=2312) to work on /home/airflow/.local/lib/python3.8/site-packages/airflow/example_dags/example_short_circuit_operator.py
[2024-10-29T23:54:43.312+0000] {processor.py:830} INFO - Processing file /home/airflow/.local/lib/python3.8/site-packages/airflow/example_dags/example_short_circuit_operator.py for tasks to queue
[2024-10-29T23:54:43.314+0000] {logging_mixin.py:188} INFO - [2024-10-29T23:54:43.314+0000] {dagbag.py:540} INFO - Filling up the DagBag from /home/airflow/.local/lib/python3.8/site-packages/airflow/example_dags/example_short_circuit_operator.py
[2024-10-29T23:54:43.322+0000] {processor.py:840} INFO - DAG(s) 'example_short_circuit_operator' retrieved from /home/airflow/.local/lib/python3.8/site-packages/airflow/example_dags/example_short_circuit_operator.py
[2024-10-29T23:54:43.346+0000] {logging_mixin.py:188} INFO - [2024-10-29T23:54:43.346+0000] {dag.py:3047} INFO - Sync 1 DAGs
[2024-10-29T23:54:43.369+0000] {logging_mixin.py:188} INFO - [2024-10-29T23:54:43.369+0000] {dag.py:3834} INFO - Setting next_dagrun for example_short_circuit_operator to 2024-10-28 00:00:00+00:00, run_after=2024-10-29 00:00:00+00:00
[2024-10-29T23:54:43.392+0000] {processor.py:183} INFO - Processing /home/airflow/.local/lib/python3.8/site-packages/airflow/example_dags/example_short_circuit_operator.py took 0.083 seconds
[2024-10-29T23:55:13.815+0000] {processor.py:161} INFO - Started process (PID=2368) to work on /home/airflow/.local/lib/python3.8/site-packages/airflow/example_dags/example_short_circuit_operator.py
[2024-10-29T23:55:13.816+0000] {processor.py:830} INFO - Processing file /home/airflow/.local/lib/python3.8/site-packages/airflow/example_dags/example_short_circuit_operator.py for tasks to queue
[2024-10-29T23:55:13.818+0000] {logging_mixin.py:188} INFO - [2024-10-29T23:55:13.817+0000] {dagbag.py:540} INFO - Filling up the DagBag from /home/airflow/.local/lib/python3.8/site-packages/airflow/example_dags/example_short_circuit_operator.py
[2024-10-29T23:55:13.824+0000] {processor.py:840} INFO - DAG(s) 'example_short_circuit_operator' retrieved from /home/airflow/.local/lib/python3.8/site-packages/airflow/example_dags/example_short_circuit_operator.py
[2024-10-29T23:55:13.844+0000] {logging_mixin.py:188} INFO - [2024-10-29T23:55:13.844+0000] {dag.py:3047} INFO - Sync 1 DAGs
[2024-10-29T23:55:13.863+0000] {logging_mixin.py:188} INFO - [2024-10-29T23:55:13.863+0000] {dag.py:3834} INFO - Setting next_dagrun for example_short_circuit_operator to 2024-10-28 00:00:00+00:00, run_after=2024-10-29 00:00:00+00:00
[2024-10-29T23:55:13.878+0000] {processor.py:183} INFO - Processing /home/airflow/.local/lib/python3.8/site-packages/airflow/example_dags/example_short_circuit_operator.py took 0.066 seconds
[2024-10-29T23:55:44.064+0000] {processor.py:161} INFO - Started process (PID=2424) to work on /home/airflow/.local/lib/python3.8/site-packages/airflow/example_dags/example_short_circuit_operator.py
[2024-10-29T23:55:44.065+0000] {processor.py:830} INFO - Processing file /home/airflow/.local/lib/python3.8/site-packages/airflow/example_dags/example_short_circuit_operator.py for tasks to queue
[2024-10-29T23:55:44.067+0000] {logging_mixin.py:188} INFO - [2024-10-29T23:55:44.066+0000] {dagbag.py:540} INFO - Filling up the DagBag from /home/airflow/.local/lib/python3.8/site-packages/airflow/example_dags/example_short_circuit_operator.py
[2024-10-29T23:55:44.073+0000] {processor.py:840} INFO - DAG(s) 'example_short_circuit_operator' retrieved from /home/airflow/.local/lib/python3.8/site-packages/airflow/example_dags/example_short_circuit_operator.py
[2024-10-29T23:55:44.093+0000] {logging_mixin.py:188} INFO - [2024-10-29T23:55:44.093+0000] {dag.py:3047} INFO - Sync 1 DAGs
[2024-10-29T23:55:44.114+0000] {logging_mixin.py:188} INFO - [2024-10-29T23:55:44.114+0000] {dag.py:3834} INFO - Setting next_dagrun for example_short_circuit_operator to 2024-10-28 00:00:00+00:00, run_after=2024-10-29 00:00:00+00:00
[2024-10-29T23:55:44.131+0000] {processor.py:183} INFO - Processing /home/airflow/.local/lib/python3.8/site-packages/airflow/example_dags/example_short_circuit_operator.py took 0.069 seconds
[2024-10-29T23:56:15.034+0000] {processor.py:161} INFO - Started process (PID=2480) to work on /home/airflow/.local/lib/python3.8/site-packages/airflow/example_dags/example_short_circuit_operator.py
[2024-10-29T23:56:15.035+0000] {processor.py:830} INFO - Processing file /home/airflow/.local/lib/python3.8/site-packages/airflow/example_dags/example_short_circuit_operator.py for tasks to queue
[2024-10-29T23:56:15.036+0000] {logging_mixin.py:188} INFO - [2024-10-29T23:56:15.036+0000] {dagbag.py:540} INFO - Filling up the DagBag from /home/airflow/.local/lib/python3.8/site-packages/airflow/example_dags/example_short_circuit_operator.py
[2024-10-29T23:56:15.044+0000] {processor.py:840} INFO - DAG(s) 'example_short_circuit_operator' retrieved from /home/airflow/.local/lib/python3.8/site-packages/airflow/example_dags/example_short_circuit_operator.py
[2024-10-29T23:56:15.085+0000] {logging_mixin.py:188} INFO - [2024-10-29T23:56:15.085+0000] {dag.py:3047} INFO - Sync 1 DAGs
[2024-10-29T23:56:15.123+0000] {logging_mixin.py:188} INFO - [2024-10-29T23:56:15.122+0000] {dag.py:3834} INFO - Setting next_dagrun for example_short_circuit_operator to 2024-10-28 00:00:00+00:00, run_after=2024-10-29 00:00:00+00:00
[2024-10-29T23:56:15.148+0000] {processor.py:183} INFO - Processing /home/airflow/.local/lib/python3.8/site-packages/airflow/example_dags/example_short_circuit_operator.py took 0.117 seconds
[2024-10-29T23:56:45.459+0000] {processor.py:161} INFO - Started process (PID=2536) to work on /home/airflow/.local/lib/python3.8/site-packages/airflow/example_dags/example_short_circuit_operator.py
[2024-10-29T23:56:45.460+0000] {processor.py:830} INFO - Processing file /home/airflow/.local/lib/python3.8/site-packages/airflow/example_dags/example_short_circuit_operator.py for tasks to queue
[2024-10-29T23:56:45.461+0000] {logging_mixin.py:188} INFO - [2024-10-29T23:56:45.461+0000] {dagbag.py:540} INFO - Filling up the DagBag from /home/airflow/.local/lib/python3.8/site-packages/airflow/example_dags/example_short_circuit_operator.py
[2024-10-29T23:56:45.470+0000] {processor.py:840} INFO - DAG(s) 'example_short_circuit_operator' retrieved from /home/airflow/.local/lib/python3.8/site-packages/airflow/example_dags/example_short_circuit_operator.py
[2024-10-29T23:56:45.495+0000] {logging_mixin.py:188} INFO - [2024-10-29T23:56:45.495+0000] {dag.py:3047} INFO - Sync 1 DAGs
[2024-10-29T23:56:45.523+0000] {logging_mixin.py:188} INFO - [2024-10-29T23:56:45.523+0000] {dag.py:3834} INFO - Setting next_dagrun for example_short_circuit_operator to 2024-10-28 00:00:00+00:00, run_after=2024-10-29 00:00:00+00:00
[2024-10-29T23:56:45.545+0000] {processor.py:183} INFO - Processing /home/airflow/.local/lib/python3.8/site-packages/airflow/example_dags/example_short_circuit_operator.py took 0.089 seconds
[2024-10-29T23:57:16.065+0000] {processor.py:161} INFO - Started process (PID=2592) to work on /home/airflow/.local/lib/python3.8/site-packages/airflow/example_dags/example_short_circuit_operator.py
[2024-10-29T23:57:16.066+0000] {processor.py:830} INFO - Processing file /home/airflow/.local/lib/python3.8/site-packages/airflow/example_dags/example_short_circuit_operator.py for tasks to queue
[2024-10-29T23:57:16.071+0000] {logging_mixin.py:188} INFO - [2024-10-29T23:57:16.071+0000] {dagbag.py:540} INFO - Filling up the DagBag from /home/airflow/.local/lib/python3.8/site-packages/airflow/example_dags/example_short_circuit_operator.py
[2024-10-29T23:57:16.085+0000] {processor.py:840} INFO - DAG(s) 'example_short_circuit_operator' retrieved from /home/airflow/.local/lib/python3.8/site-packages/airflow/example_dags/example_short_circuit_operator.py
[2024-10-29T23:57:16.123+0000] {logging_mixin.py:188} INFO - [2024-10-29T23:57:16.123+0000] {dag.py:3047} INFO - Sync 1 DAGs
[2024-10-29T23:57:16.158+0000] {logging_mixin.py:188} INFO - [2024-10-29T23:57:16.157+0000] {dag.py:3834} INFO - Setting next_dagrun for example_short_circuit_operator to 2024-10-28 00:00:00+00:00, run_after=2024-10-29 00:00:00+00:00
[2024-10-29T23:57:16.181+0000] {processor.py:183} INFO - Processing /home/airflow/.local/lib/python3.8/site-packages/airflow/example_dags/example_short_circuit_operator.py took 0.120 seconds
[2024-10-29T23:57:46.301+0000] {processor.py:161} INFO - Started process (PID=2648) to work on /home/airflow/.local/lib/python3.8/site-packages/airflow/example_dags/example_short_circuit_operator.py
[2024-10-29T23:57:46.304+0000] {processor.py:830} INFO - Processing file /home/airflow/.local/lib/python3.8/site-packages/airflow/example_dags/example_short_circuit_operator.py for tasks to queue
[2024-10-29T23:57:46.309+0000] {logging_mixin.py:188} INFO - [2024-10-29T23:57:46.308+0000] {dagbag.py:540} INFO - Filling up the DagBag from /home/airflow/.local/lib/python3.8/site-packages/airflow/example_dags/example_short_circuit_operator.py
[2024-10-29T23:57:46.336+0000] {processor.py:840} INFO - DAG(s) 'example_short_circuit_operator' retrieved from /home/airflow/.local/lib/python3.8/site-packages/airflow/example_dags/example_short_circuit_operator.py
[2024-10-29T23:57:46.424+0000] {logging_mixin.py:188} INFO - [2024-10-29T23:57:46.423+0000] {dag.py:3047} INFO - Sync 1 DAGs
[2024-10-29T23:57:46.483+0000] {logging_mixin.py:188} INFO - [2024-10-29T23:57:46.483+0000] {dag.py:3834} INFO - Setting next_dagrun for example_short_circuit_operator to 2024-10-28 00:00:00+00:00, run_after=2024-10-29 00:00:00+00:00
[2024-10-29T23:57:46.511+0000] {processor.py:183} INFO - Processing /home/airflow/.local/lib/python3.8/site-packages/airflow/example_dags/example_short_circuit_operator.py took 0.218 seconds
[2024-10-29T23:58:17.175+0000] {processor.py:161} INFO - Started process (PID=2704) to work on /home/airflow/.local/lib/python3.8/site-packages/airflow/example_dags/example_short_circuit_operator.py
[2024-10-29T23:58:17.178+0000] {processor.py:830} INFO - Processing file /home/airflow/.local/lib/python3.8/site-packages/airflow/example_dags/example_short_circuit_operator.py for tasks to queue
[2024-10-29T23:58:17.182+0000] {logging_mixin.py:188} INFO - [2024-10-29T23:58:17.181+0000] {dagbag.py:540} INFO - Filling up the DagBag from /home/airflow/.local/lib/python3.8/site-packages/airflow/example_dags/example_short_circuit_operator.py
[2024-10-29T23:58:17.205+0000] {processor.py:840} INFO - DAG(s) 'example_short_circuit_operator' retrieved from /home/airflow/.local/lib/python3.8/site-packages/airflow/example_dags/example_short_circuit_operator.py
[2024-10-29T23:58:17.271+0000] {logging_mixin.py:188} INFO - [2024-10-29T23:58:17.270+0000] {dag.py:3047} INFO - Sync 1 DAGs
[2024-10-29T23:58:17.329+0000] {logging_mixin.py:188} INFO - [2024-10-29T23:58:17.328+0000] {dag.py:3834} INFO - Setting next_dagrun for example_short_circuit_operator to 2024-10-28 00:00:00+00:00, run_after=2024-10-29 00:00:00+00:00
[2024-10-29T23:58:17.350+0000] {processor.py:183} INFO - Processing /home/airflow/.local/lib/python3.8/site-packages/airflow/example_dags/example_short_circuit_operator.py took 0.184 seconds
[2024-10-29T23:58:48.335+0000] {processor.py:161} INFO - Started process (PID=2760) to work on /home/airflow/.local/lib/python3.8/site-packages/airflow/example_dags/example_short_circuit_operator.py
[2024-10-29T23:58:48.336+0000] {processor.py:830} INFO - Processing file /home/airflow/.local/lib/python3.8/site-packages/airflow/example_dags/example_short_circuit_operator.py for tasks to queue
[2024-10-29T23:58:48.338+0000] {logging_mixin.py:188} INFO - [2024-10-29T23:58:48.338+0000] {dagbag.py:540} INFO - Filling up the DagBag from /home/airflow/.local/lib/python3.8/site-packages/airflow/example_dags/example_short_circuit_operator.py
[2024-10-29T23:58:48.343+0000] {processor.py:840} INFO - DAG(s) 'example_short_circuit_operator' retrieved from /home/airflow/.local/lib/python3.8/site-packages/airflow/example_dags/example_short_circuit_operator.py
[2024-10-29T23:58:48.365+0000] {logging_mixin.py:188} INFO - [2024-10-29T23:58:48.364+0000] {dag.py:3047} INFO - Sync 1 DAGs
[2024-10-29T23:58:48.387+0000] {logging_mixin.py:188} INFO - [2024-10-29T23:58:48.386+0000] {dag.py:3834} INFO - Setting next_dagrun for example_short_circuit_operator to 2024-10-28 00:00:00+00:00, run_after=2024-10-29 00:00:00+00:00
[2024-10-29T23:58:48.403+0000] {processor.py:183} INFO - Processing /home/airflow/.local/lib/python3.8/site-packages/airflow/example_dags/example_short_circuit_operator.py took 0.070 seconds
[2024-10-29T23:59:18.730+0000] {processor.py:161} INFO - Started process (PID=2816) to work on /home/airflow/.local/lib/python3.8/site-packages/airflow/example_dags/example_short_circuit_operator.py
[2024-10-29T23:59:18.731+0000] {processor.py:830} INFO - Processing file /home/airflow/.local/lib/python3.8/site-packages/airflow/example_dags/example_short_circuit_operator.py for tasks to queue
[2024-10-29T23:59:18.734+0000] {logging_mixin.py:188} INFO - [2024-10-29T23:59:18.733+0000] {dagbag.py:540} INFO - Filling up the DagBag from /home/airflow/.local/lib/python3.8/site-packages/airflow/example_dags/example_short_circuit_operator.py
[2024-10-29T23:59:18.746+0000] {processor.py:840} INFO - DAG(s) 'example_short_circuit_operator' retrieved from /home/airflow/.local/lib/python3.8/site-packages/airflow/example_dags/example_short_circuit_operator.py
[2024-10-29T23:59:18.780+0000] {logging_mixin.py:188} INFO - [2024-10-29T23:59:18.779+0000] {dag.py:3047} INFO - Sync 1 DAGs
[2024-10-29T23:59:18.819+0000] {logging_mixin.py:188} INFO - [2024-10-29T23:59:18.819+0000] {dag.py:3834} INFO - Setting next_dagrun for example_short_circuit_operator to 2024-10-28 00:00:00+00:00, run_after=2024-10-29 00:00:00+00:00
[2024-10-29T23:59:18.855+0000] {processor.py:183} INFO - Processing /home/airflow/.local/lib/python3.8/site-packages/airflow/example_dags/example_short_circuit_operator.py took 0.130 seconds
[2024-10-29T23:59:48.956+0000] {processor.py:161} INFO - Started process (PID=2872) to work on /home/airflow/.local/lib/python3.8/site-packages/airflow/example_dags/example_short_circuit_operator.py
[2024-10-29T23:59:48.957+0000] {processor.py:830} INFO - Processing file /home/airflow/.local/lib/python3.8/site-packages/airflow/example_dags/example_short_circuit_operator.py for tasks to queue
[2024-10-29T23:59:48.958+0000] {logging_mixin.py:188} INFO - [2024-10-29T23:59:48.958+0000] {dagbag.py:540} INFO - Filling up the DagBag from /home/airflow/.local/lib/python3.8/site-packages/airflow/example_dags/example_short_circuit_operator.py
[2024-10-29T23:59:48.964+0000] {processor.py:840} INFO - DAG(s) 'example_short_circuit_operator' retrieved from /home/airflow/.local/lib/python3.8/site-packages/airflow/example_dags/example_short_circuit_operator.py
[2024-10-29T23:59:48.987+0000] {logging_mixin.py:188} INFO - [2024-10-29T23:59:48.986+0000] {dag.py:3047} INFO - Sync 1 DAGs
[2024-10-29T23:59:49.010+0000] {logging_mixin.py:188} INFO - [2024-10-29T23:59:49.010+0000] {dag.py:3834} INFO - Setting next_dagrun for example_short_circuit_operator to 2024-10-28 00:00:00+00:00, run_after=2024-10-29 00:00:00+00:00
[2024-10-29T23:59:49.030+0000] {processor.py:183} INFO - Processing /home/airflow/.local/lib/python3.8/site-packages/airflow/example_dags/example_short_circuit_operator.py took 0.077 seconds
