[2024-10-29T23:27:22.572+0000] {processor.py:161} INFO - Started process (PID=16643) to work on /home/airflow/.local/lib/python3.8/site-packages/airflow/example_dags/example_dag_decorator.py
[2024-10-29T23:27:22.573+0000] {processor.py:830} INFO - Processing file /home/airflow/.local/lib/python3.8/site-packages/airflow/example_dags/example_dag_decorator.py for tasks to queue
[2024-10-29T23:27:22.577+0000] {logging_mixin.py:188} INFO - [2024-10-29T23:27:22.576+0000] {dagbag.py:540} INFO - Filling up the DagBag from /home/airflow/.local/lib/python3.8/site-packages/airflow/example_dags/example_dag_decorator.py
[2024-10-29T23:27:22.695+0000] {processor.py:840} INFO - DAG(s) 'example_dag_decorator' retrieved from /home/airflow/.local/lib/python3.8/site-packages/airflow/example_dags/example_dag_decorator.py
[2024-10-29T23:27:22.838+0000] {logging_mixin.py:188} INFO - [2024-10-29T23:27:22.838+0000] {dag.py:3047} INFO - Sync 1 DAGs
[2024-10-29T23:27:22.849+0000] {logging_mixin.py:188} INFO - [2024-10-29T23:27:22.849+0000] {dag.py:3834} INFO - Setting next_dagrun for example_dag_decorator to None, run_after=None
[2024-10-29T23:27:22.879+0000] {processor.py:183} INFO - Processing /home/airflow/.local/lib/python3.8/site-packages/airflow/example_dags/example_dag_decorator.py took 0.315 seconds
[2024-10-29T23:27:53.443+0000] {processor.py:161} INFO - Started process (PID=16701) to work on /home/airflow/.local/lib/python3.8/site-packages/airflow/example_dags/example_dag_decorator.py
[2024-10-29T23:27:53.443+0000] {processor.py:830} INFO - Processing file /home/airflow/.local/lib/python3.8/site-packages/airflow/example_dags/example_dag_decorator.py for tasks to queue
[2024-10-29T23:27:53.445+0000] {logging_mixin.py:188} INFO - [2024-10-29T23:27:53.444+0000] {dagbag.py:540} INFO - Filling up the DagBag from /home/airflow/.local/lib/python3.8/site-packages/airflow/example_dags/example_dag_decorator.py
[2024-10-29T23:27:53.545+0000] {processor.py:840} INFO - DAG(s) 'example_dag_decorator' retrieved from /home/airflow/.local/lib/python3.8/site-packages/airflow/example_dags/example_dag_decorator.py
[2024-10-29T23:27:53.641+0000] {logging_mixin.py:188} INFO - [2024-10-29T23:27:53.641+0000] {dag.py:3047} INFO - Sync 1 DAGs
[2024-10-29T23:27:53.651+0000] {logging_mixin.py:188} INFO - [2024-10-29T23:27:53.651+0000] {dag.py:3834} INFO - Setting next_dagrun for example_dag_decorator to None, run_after=None
[2024-10-29T23:27:53.667+0000] {processor.py:183} INFO - Processing /home/airflow/.local/lib/python3.8/site-packages/airflow/example_dags/example_dag_decorator.py took 0.227 seconds
[2024-10-29T23:28:24.158+0000] {processor.py:161} INFO - Started process (PID=16757) to work on /home/airflow/.local/lib/python3.8/site-packages/airflow/example_dags/example_dag_decorator.py
[2024-10-29T23:28:24.159+0000] {processor.py:830} INFO - Processing file /home/airflow/.local/lib/python3.8/site-packages/airflow/example_dags/example_dag_decorator.py for tasks to queue
[2024-10-29T23:28:24.160+0000] {logging_mixin.py:188} INFO - [2024-10-29T23:28:24.160+0000] {dagbag.py:540} INFO - Filling up the DagBag from /home/airflow/.local/lib/python3.8/site-packages/airflow/example_dags/example_dag_decorator.py
[2024-10-29T23:28:24.251+0000] {processor.py:840} INFO - DAG(s) 'example_dag_decorator' retrieved from /home/airflow/.local/lib/python3.8/site-packages/airflow/example_dags/example_dag_decorator.py
[2024-10-29T23:28:24.381+0000] {logging_mixin.py:188} INFO - [2024-10-29T23:28:24.381+0000] {dag.py:3047} INFO - Sync 1 DAGs
[2024-10-29T23:28:24.394+0000] {logging_mixin.py:188} INFO - [2024-10-29T23:28:24.394+0000] {dag.py:3834} INFO - Setting next_dagrun for example_dag_decorator to None, run_after=None
[2024-10-29T23:28:24.413+0000] {processor.py:183} INFO - Processing /home/airflow/.local/lib/python3.8/site-packages/airflow/example_dags/example_dag_decorator.py took 0.258 seconds
[2024-10-29T23:28:55.066+0000] {processor.py:161} INFO - Started process (PID=16814) to work on /home/airflow/.local/lib/python3.8/site-packages/airflow/example_dags/example_dag_decorator.py
[2024-10-29T23:28:55.067+0000] {processor.py:830} INFO - Processing file /home/airflow/.local/lib/python3.8/site-packages/airflow/example_dags/example_dag_decorator.py for tasks to queue
[2024-10-29T23:28:55.068+0000] {logging_mixin.py:188} INFO - [2024-10-29T23:28:55.068+0000] {dagbag.py:540} INFO - Filling up the DagBag from /home/airflow/.local/lib/python3.8/site-packages/airflow/example_dags/example_dag_decorator.py
[2024-10-29T23:28:55.190+0000] {processor.py:840} INFO - DAG(s) 'example_dag_decorator' retrieved from /home/airflow/.local/lib/python3.8/site-packages/airflow/example_dags/example_dag_decorator.py
[2024-10-29T23:28:55.469+0000] {logging_mixin.py:188} INFO - [2024-10-29T23:28:55.469+0000] {dag.py:3047} INFO - Sync 1 DAGs
[2024-10-29T23:28:55.480+0000] {logging_mixin.py:188} INFO - [2024-10-29T23:28:55.480+0000] {dag.py:3834} INFO - Setting next_dagrun for example_dag_decorator to None, run_after=None
[2024-10-29T23:28:55.495+0000] {processor.py:183} INFO - Processing /home/airflow/.local/lib/python3.8/site-packages/airflow/example_dags/example_dag_decorator.py took 0.433 seconds
[2024-10-29T23:29:25.938+0000] {processor.py:161} INFO - Started process (PID=16867) to work on /home/airflow/.local/lib/python3.8/site-packages/airflow/example_dags/example_dag_decorator.py
[2024-10-29T23:29:25.939+0000] {processor.py:830} INFO - Processing file /home/airflow/.local/lib/python3.8/site-packages/airflow/example_dags/example_dag_decorator.py for tasks to queue
[2024-10-29T23:29:25.940+0000] {logging_mixin.py:188} INFO - [2024-10-29T23:29:25.940+0000] {dagbag.py:540} INFO - Filling up the DagBag from /home/airflow/.local/lib/python3.8/site-packages/airflow/example_dags/example_dag_decorator.py
[2024-10-29T23:29:26.035+0000] {processor.py:840} INFO - DAG(s) 'example_dag_decorator' retrieved from /home/airflow/.local/lib/python3.8/site-packages/airflow/example_dags/example_dag_decorator.py
[2024-10-29T23:29:26.229+0000] {logging_mixin.py:188} INFO - [2024-10-29T23:29:26.228+0000] {dag.py:3047} INFO - Sync 1 DAGs
[2024-10-29T23:29:26.237+0000] {logging_mixin.py:188} INFO - [2024-10-29T23:29:26.237+0000] {dag.py:3834} INFO - Setting next_dagrun for example_dag_decorator to None, run_after=None
[2024-10-29T23:29:26.258+0000] {processor.py:183} INFO - Processing /home/airflow/.local/lib/python3.8/site-packages/airflow/example_dags/example_dag_decorator.py took 0.323 seconds
[2024-10-29T23:29:56.358+0000] {processor.py:161} INFO - Started process (PID=16923) to work on /home/airflow/.local/lib/python3.8/site-packages/airflow/example_dags/example_dag_decorator.py
[2024-10-29T23:29:56.359+0000] {processor.py:830} INFO - Processing file /home/airflow/.local/lib/python3.8/site-packages/airflow/example_dags/example_dag_decorator.py for tasks to queue
[2024-10-29T23:29:56.360+0000] {logging_mixin.py:188} INFO - [2024-10-29T23:29:56.360+0000] {dagbag.py:540} INFO - Filling up the DagBag from /home/airflow/.local/lib/python3.8/site-packages/airflow/example_dags/example_dag_decorator.py
[2024-10-29T23:29:56.450+0000] {processor.py:840} INFO - DAG(s) 'example_dag_decorator' retrieved from /home/airflow/.local/lib/python3.8/site-packages/airflow/example_dags/example_dag_decorator.py
[2024-10-29T23:29:56.469+0000] {logging_mixin.py:188} INFO - [2024-10-29T23:29:56.469+0000] {dag.py:3047} INFO - Sync 1 DAGs
[2024-10-29T23:29:56.480+0000] {logging_mixin.py:188} INFO - [2024-10-29T23:29:56.479+0000] {dag.py:3834} INFO - Setting next_dagrun for example_dag_decorator to None, run_after=None
[2024-10-29T23:29:56.496+0000] {processor.py:183} INFO - Processing /home/airflow/.local/lib/python3.8/site-packages/airflow/example_dags/example_dag_decorator.py took 0.140 seconds
[2024-10-29T23:30:26.763+0000] {processor.py:161} INFO - Started process (PID=16979) to work on /home/airflow/.local/lib/python3.8/site-packages/airflow/example_dags/example_dag_decorator.py
[2024-10-29T23:30:26.763+0000] {processor.py:830} INFO - Processing file /home/airflow/.local/lib/python3.8/site-packages/airflow/example_dags/example_dag_decorator.py for tasks to queue
[2024-10-29T23:30:26.765+0000] {logging_mixin.py:188} INFO - [2024-10-29T23:30:26.765+0000] {dagbag.py:540} INFO - Filling up the DagBag from /home/airflow/.local/lib/python3.8/site-packages/airflow/example_dags/example_dag_decorator.py
[2024-10-29T23:30:26.854+0000] {processor.py:840} INFO - DAG(s) 'example_dag_decorator' retrieved from /home/airflow/.local/lib/python3.8/site-packages/airflow/example_dags/example_dag_decorator.py
[2024-10-29T23:30:27.064+0000] {logging_mixin.py:188} INFO - [2024-10-29T23:30:27.064+0000] {dag.py:3047} INFO - Sync 1 DAGs
[2024-10-29T23:30:27.077+0000] {logging_mixin.py:188} INFO - [2024-10-29T23:30:27.077+0000] {dag.py:3834} INFO - Setting next_dagrun for example_dag_decorator to None, run_after=None
[2024-10-29T23:30:27.105+0000] {processor.py:183} INFO - Processing /home/airflow/.local/lib/python3.8/site-packages/airflow/example_dags/example_dag_decorator.py took 0.344 seconds
[2024-10-29T23:30:57.488+0000] {processor.py:161} INFO - Started process (PID=17036) to work on /home/airflow/.local/lib/python3.8/site-packages/airflow/example_dags/example_dag_decorator.py
[2024-10-29T23:30:57.489+0000] {processor.py:830} INFO - Processing file /home/airflow/.local/lib/python3.8/site-packages/airflow/example_dags/example_dag_decorator.py for tasks to queue
[2024-10-29T23:30:57.491+0000] {logging_mixin.py:188} INFO - [2024-10-29T23:30:57.490+0000] {dagbag.py:540} INFO - Filling up the DagBag from /home/airflow/.local/lib/python3.8/site-packages/airflow/example_dags/example_dag_decorator.py
[2024-10-29T23:30:57.606+0000] {processor.py:840} INFO - DAG(s) 'example_dag_decorator' retrieved from /home/airflow/.local/lib/python3.8/site-packages/airflow/example_dags/example_dag_decorator.py
[2024-10-29T23:30:57.941+0000] {logging_mixin.py:188} INFO - [2024-10-29T23:30:57.940+0000] {dag.py:3047} INFO - Sync 1 DAGs
[2024-10-29T23:30:57.955+0000] {logging_mixin.py:188} INFO - [2024-10-29T23:30:57.954+0000] {dag.py:3834} INFO - Setting next_dagrun for example_dag_decorator to None, run_after=None
[2024-10-29T23:30:57.980+0000] {processor.py:183} INFO - Processing /home/airflow/.local/lib/python3.8/site-packages/airflow/example_dags/example_dag_decorator.py took 0.495 seconds
[2024-10-29T23:31:28.253+0000] {processor.py:161} INFO - Started process (PID=17093) to work on /home/airflow/.local/lib/python3.8/site-packages/airflow/example_dags/example_dag_decorator.py
[2024-10-29T23:31:28.254+0000] {processor.py:830} INFO - Processing file /home/airflow/.local/lib/python3.8/site-packages/airflow/example_dags/example_dag_decorator.py for tasks to queue
[2024-10-29T23:31:28.256+0000] {logging_mixin.py:188} INFO - [2024-10-29T23:31:28.255+0000] {dagbag.py:540} INFO - Filling up the DagBag from /home/airflow/.local/lib/python3.8/site-packages/airflow/example_dags/example_dag_decorator.py
[2024-10-29T23:31:28.376+0000] {processor.py:840} INFO - DAG(s) 'example_dag_decorator' retrieved from /home/airflow/.local/lib/python3.8/site-packages/airflow/example_dags/example_dag_decorator.py
[2024-10-29T23:31:28.609+0000] {logging_mixin.py:188} INFO - [2024-10-29T23:31:28.609+0000] {dag.py:3047} INFO - Sync 1 DAGs
[2024-10-29T23:31:28.622+0000] {logging_mixin.py:188} INFO - [2024-10-29T23:31:28.622+0000] {dag.py:3834} INFO - Setting next_dagrun for example_dag_decorator to None, run_after=None
[2024-10-29T23:31:28.642+0000] {processor.py:183} INFO - Processing /home/airflow/.local/lib/python3.8/site-packages/airflow/example_dags/example_dag_decorator.py took 0.392 seconds
[2024-10-29T23:31:58.917+0000] {processor.py:161} INFO - Started process (PID=17151) to work on /home/airflow/.local/lib/python3.8/site-packages/airflow/example_dags/example_dag_decorator.py
[2024-10-29T23:31:58.918+0000] {processor.py:830} INFO - Processing file /home/airflow/.local/lib/python3.8/site-packages/airflow/example_dags/example_dag_decorator.py for tasks to queue
[2024-10-29T23:31:58.919+0000] {logging_mixin.py:188} INFO - [2024-10-29T23:31:58.919+0000] {dagbag.py:540} INFO - Filling up the DagBag from /home/airflow/.local/lib/python3.8/site-packages/airflow/example_dags/example_dag_decorator.py
[2024-10-29T23:31:59.117+0000] {processor.py:840} INFO - DAG(s) 'example_dag_decorator' retrieved from /home/airflow/.local/lib/python3.8/site-packages/airflow/example_dags/example_dag_decorator.py
[2024-10-29T23:31:59.187+0000] {logging_mixin.py:188} INFO - [2024-10-29T23:31:59.187+0000] {dag.py:3047} INFO - Sync 1 DAGs
[2024-10-29T23:31:59.194+0000] {logging_mixin.py:188} INFO - [2024-10-29T23:31:59.194+0000] {dag.py:3834} INFO - Setting next_dagrun for example_dag_decorator to None, run_after=None
[2024-10-29T23:31:59.210+0000] {processor.py:183} INFO - Processing /home/airflow/.local/lib/python3.8/site-packages/airflow/example_dags/example_dag_decorator.py took 0.296 seconds
[2024-10-29T23:32:30.467+0000] {processor.py:161} INFO - Started process (PID=17206) to work on /home/airflow/.local/lib/python3.8/site-packages/airflow/example_dags/example_dag_decorator.py
[2024-10-29T23:32:30.468+0000] {processor.py:830} INFO - Processing file /home/airflow/.local/lib/python3.8/site-packages/airflow/example_dags/example_dag_decorator.py for tasks to queue
[2024-10-29T23:32:30.470+0000] {logging_mixin.py:188} INFO - [2024-10-29T23:32:30.470+0000] {dagbag.py:540} INFO - Filling up the DagBag from /home/airflow/.local/lib/python3.8/site-packages/airflow/example_dags/example_dag_decorator.py
[2024-10-29T23:32:30.689+0000] {processor.py:840} INFO - DAG(s) 'example_dag_decorator' retrieved from /home/airflow/.local/lib/python3.8/site-packages/airflow/example_dags/example_dag_decorator.py
[2024-10-29T23:32:30.812+0000] {logging_mixin.py:188} INFO - [2024-10-29T23:32:30.812+0000] {dag.py:3047} INFO - Sync 1 DAGs
[2024-10-29T23:32:30.827+0000] {logging_mixin.py:188} INFO - [2024-10-29T23:32:30.826+0000] {dag.py:3834} INFO - Setting next_dagrun for example_dag_decorator to None, run_after=None
[2024-10-29T23:32:30.853+0000] {processor.py:183} INFO - Processing /home/airflow/.local/lib/python3.8/site-packages/airflow/example_dags/example_dag_decorator.py took 0.388 seconds
[2024-10-29T23:33:01.038+0000] {processor.py:161} INFO - Started process (PID=17258) to work on /home/airflow/.local/lib/python3.8/site-packages/airflow/example_dags/example_dag_decorator.py
[2024-10-29T23:33:01.038+0000] {processor.py:830} INFO - Processing file /home/airflow/.local/lib/python3.8/site-packages/airflow/example_dags/example_dag_decorator.py for tasks to queue
[2024-10-29T23:33:01.040+0000] {logging_mixin.py:188} INFO - [2024-10-29T23:33:01.040+0000] {dagbag.py:540} INFO - Filling up the DagBag from /home/airflow/.local/lib/python3.8/site-packages/airflow/example_dags/example_dag_decorator.py
[2024-10-29T23:33:01.252+0000] {processor.py:840} INFO - DAG(s) 'example_dag_decorator' retrieved from /home/airflow/.local/lib/python3.8/site-packages/airflow/example_dags/example_dag_decorator.py
[2024-10-29T23:33:01.354+0000] {logging_mixin.py:188} INFO - [2024-10-29T23:33:01.354+0000] {dag.py:3047} INFO - Sync 1 DAGs
[2024-10-29T23:33:01.365+0000] {logging_mixin.py:188} INFO - [2024-10-29T23:33:01.365+0000] {dag.py:3834} INFO - Setting next_dagrun for example_dag_decorator to None, run_after=None
[2024-10-29T23:33:01.392+0000] {processor.py:183} INFO - Processing /home/airflow/.local/lib/python3.8/site-packages/airflow/example_dags/example_dag_decorator.py took 0.356 seconds
[2024-10-29T23:34:17.597+0000] {processor.py:161} INFO - Started process (PID=56) to work on /home/airflow/.local/lib/python3.8/site-packages/airflow/example_dags/example_dag_decorator.py
[2024-10-29T23:34:17.598+0000] {processor.py:830} INFO - Processing file /home/airflow/.local/lib/python3.8/site-packages/airflow/example_dags/example_dag_decorator.py for tasks to queue
[2024-10-29T23:34:17.600+0000] {logging_mixin.py:188} INFO - [2024-10-29T23:34:17.600+0000] {dagbag.py:540} INFO - Filling up the DagBag from /home/airflow/.local/lib/python3.8/site-packages/airflow/example_dags/example_dag_decorator.py
[2024-10-29T23:34:17.999+0000] {processor.py:840} INFO - DAG(s) 'example_dag_decorator' retrieved from /home/airflow/.local/lib/python3.8/site-packages/airflow/example_dags/example_dag_decorator.py
[2024-10-29T23:34:18.016+0000] {logging_mixin.py:188} INFO - [2024-10-29T23:34:18.015+0000] {dag.py:3047} INFO - Sync 1 DAGs
[2024-10-29T23:34:18.036+0000] {logging_mixin.py:188} INFO - [2024-10-29T23:34:18.036+0000] {dag.py:3834} INFO - Setting next_dagrun for example_dag_decorator to None, run_after=None
[2024-10-29T23:34:18.062+0000] {processor.py:183} INFO - Processing /home/airflow/.local/lib/python3.8/site-packages/airflow/example_dags/example_dag_decorator.py took 0.471 seconds
[2024-10-29T23:34:49.216+0000] {processor.py:161} INFO - Started process (PID=112) to work on /home/airflow/.local/lib/python3.8/site-packages/airflow/example_dags/example_dag_decorator.py
[2024-10-29T23:34:49.217+0000] {processor.py:830} INFO - Processing file /home/airflow/.local/lib/python3.8/site-packages/airflow/example_dags/example_dag_decorator.py for tasks to queue
[2024-10-29T23:34:49.219+0000] {logging_mixin.py:188} INFO - [2024-10-29T23:34:49.218+0000] {dagbag.py:540} INFO - Filling up the DagBag from /home/airflow/.local/lib/python3.8/site-packages/airflow/example_dags/example_dag_decorator.py
[2024-10-29T23:34:49.332+0000] {processor.py:840} INFO - DAG(s) 'example_dag_decorator' retrieved from /home/airflow/.local/lib/python3.8/site-packages/airflow/example_dags/example_dag_decorator.py
[2024-10-29T23:34:49.479+0000] {logging_mixin.py:188} INFO - [2024-10-29T23:34:49.479+0000] {dag.py:3047} INFO - Sync 1 DAGs
[2024-10-29T23:34:49.499+0000] {logging_mixin.py:188} INFO - [2024-10-29T23:34:49.498+0000] {dag.py:3834} INFO - Setting next_dagrun for example_dag_decorator to None, run_after=None
[2024-10-29T23:34:49.529+0000] {processor.py:183} INFO - Processing /home/airflow/.local/lib/python3.8/site-packages/airflow/example_dags/example_dag_decorator.py took 0.317 seconds
[2024-10-29T23:35:20.124+0000] {processor.py:161} INFO - Started process (PID=168) to work on /home/airflow/.local/lib/python3.8/site-packages/airflow/example_dags/example_dag_decorator.py
[2024-10-29T23:35:20.124+0000] {processor.py:830} INFO - Processing file /home/airflow/.local/lib/python3.8/site-packages/airflow/example_dags/example_dag_decorator.py for tasks to queue
[2024-10-29T23:35:20.126+0000] {logging_mixin.py:188} INFO - [2024-10-29T23:35:20.126+0000] {dagbag.py:540} INFO - Filling up the DagBag from /home/airflow/.local/lib/python3.8/site-packages/airflow/example_dags/example_dag_decorator.py
[2024-10-29T23:35:20.232+0000] {processor.py:840} INFO - DAG(s) 'example_dag_decorator' retrieved from /home/airflow/.local/lib/python3.8/site-packages/airflow/example_dags/example_dag_decorator.py
[2024-10-29T23:35:20.379+0000] {logging_mixin.py:188} INFO - [2024-10-29T23:35:20.379+0000] {dag.py:3047} INFO - Sync 1 DAGs
[2024-10-29T23:35:20.400+0000] {logging_mixin.py:188} INFO - [2024-10-29T23:35:20.399+0000] {dag.py:3834} INFO - Setting next_dagrun for example_dag_decorator to None, run_after=None
[2024-10-29T23:35:20.431+0000] {processor.py:183} INFO - Processing /home/airflow/.local/lib/python3.8/site-packages/airflow/example_dags/example_dag_decorator.py took 0.310 seconds
[2024-10-29T23:35:50.493+0000] {processor.py:161} INFO - Started process (PID=226) to work on /home/airflow/.local/lib/python3.8/site-packages/airflow/example_dags/example_dag_decorator.py
[2024-10-29T23:35:50.494+0000] {processor.py:830} INFO - Processing file /home/airflow/.local/lib/python3.8/site-packages/airflow/example_dags/example_dag_decorator.py for tasks to queue
[2024-10-29T23:35:50.496+0000] {logging_mixin.py:188} INFO - [2024-10-29T23:35:50.496+0000] {dagbag.py:540} INFO - Filling up the DagBag from /home/airflow/.local/lib/python3.8/site-packages/airflow/example_dags/example_dag_decorator.py
[2024-10-29T23:35:50.598+0000] {processor.py:840} INFO - DAG(s) 'example_dag_decorator' retrieved from /home/airflow/.local/lib/python3.8/site-packages/airflow/example_dags/example_dag_decorator.py
[2024-10-29T23:35:50.724+0000] {logging_mixin.py:188} INFO - [2024-10-29T23:35:50.723+0000] {dag.py:3047} INFO - Sync 1 DAGs
[2024-10-29T23:35:50.738+0000] {logging_mixin.py:188} INFO - [2024-10-29T23:35:50.738+0000] {dag.py:3834} INFO - Setting next_dagrun for example_dag_decorator to None, run_after=None
[2024-10-29T23:35:50.762+0000] {processor.py:183} INFO - Processing /home/airflow/.local/lib/python3.8/site-packages/airflow/example_dags/example_dag_decorator.py took 0.271 seconds
[2024-10-29T23:36:21.682+0000] {processor.py:161} INFO - Started process (PID=283) to work on /home/airflow/.local/lib/python3.8/site-packages/airflow/example_dags/example_dag_decorator.py
[2024-10-29T23:36:21.687+0000] {processor.py:830} INFO - Processing file /home/airflow/.local/lib/python3.8/site-packages/airflow/example_dags/example_dag_decorator.py for tasks to queue
[2024-10-29T23:36:21.689+0000] {logging_mixin.py:188} INFO - [2024-10-29T23:36:21.689+0000] {dagbag.py:540} INFO - Filling up the DagBag from /home/airflow/.local/lib/python3.8/site-packages/airflow/example_dags/example_dag_decorator.py
[2024-10-29T23:36:21.778+0000] {processor.py:840} INFO - DAG(s) 'example_dag_decorator' retrieved from /home/airflow/.local/lib/python3.8/site-packages/airflow/example_dags/example_dag_decorator.py
[2024-10-29T23:36:21.885+0000] {logging_mixin.py:188} INFO - [2024-10-29T23:36:21.885+0000] {dag.py:3047} INFO - Sync 1 DAGs
[2024-10-29T23:36:21.899+0000] {logging_mixin.py:188} INFO - [2024-10-29T23:36:21.898+0000] {dag.py:3834} INFO - Setting next_dagrun for example_dag_decorator to None, run_after=None
[2024-10-29T23:36:21.921+0000] {processor.py:183} INFO - Processing /home/airflow/.local/lib/python3.8/site-packages/airflow/example_dags/example_dag_decorator.py took 0.242 seconds
[2024-10-29T23:36:52.350+0000] {processor.py:161} INFO - Started process (PID=339) to work on /home/airflow/.local/lib/python3.8/site-packages/airflow/example_dags/example_dag_decorator.py
[2024-10-29T23:36:52.351+0000] {processor.py:830} INFO - Processing file /home/airflow/.local/lib/python3.8/site-packages/airflow/example_dags/example_dag_decorator.py for tasks to queue
[2024-10-29T23:36:52.353+0000] {logging_mixin.py:188} INFO - [2024-10-29T23:36:52.353+0000] {dagbag.py:540} INFO - Filling up the DagBag from /home/airflow/.local/lib/python3.8/site-packages/airflow/example_dags/example_dag_decorator.py
[2024-10-29T23:36:52.456+0000] {processor.py:840} INFO - DAG(s) 'example_dag_decorator' retrieved from /home/airflow/.local/lib/python3.8/site-packages/airflow/example_dags/example_dag_decorator.py
[2024-10-29T23:36:52.592+0000] {logging_mixin.py:188} INFO - [2024-10-29T23:36:52.592+0000] {dag.py:3047} INFO - Sync 1 DAGs
[2024-10-29T23:36:52.606+0000] {logging_mixin.py:188} INFO - [2024-10-29T23:36:52.606+0000] {dag.py:3834} INFO - Setting next_dagrun for example_dag_decorator to None, run_after=None
[2024-10-29T23:36:52.628+0000] {processor.py:183} INFO - Processing /home/airflow/.local/lib/python3.8/site-packages/airflow/example_dags/example_dag_decorator.py took 0.281 seconds
[2024-10-29T23:37:22.675+0000] {processor.py:161} INFO - Started process (PID=395) to work on /home/airflow/.local/lib/python3.8/site-packages/airflow/example_dags/example_dag_decorator.py
[2024-10-29T23:37:22.676+0000] {processor.py:830} INFO - Processing file /home/airflow/.local/lib/python3.8/site-packages/airflow/example_dags/example_dag_decorator.py for tasks to queue
[2024-10-29T23:37:22.678+0000] {logging_mixin.py:188} INFO - [2024-10-29T23:37:22.678+0000] {dagbag.py:540} INFO - Filling up the DagBag from /home/airflow/.local/lib/python3.8/site-packages/airflow/example_dags/example_dag_decorator.py
[2024-10-29T23:37:22.793+0000] {processor.py:840} INFO - DAG(s) 'example_dag_decorator' retrieved from /home/airflow/.local/lib/python3.8/site-packages/airflow/example_dags/example_dag_decorator.py
[2024-10-29T23:37:22.918+0000] {logging_mixin.py:188} INFO - [2024-10-29T23:37:22.917+0000] {dag.py:3047} INFO - Sync 1 DAGs
[2024-10-29T23:37:22.930+0000] {logging_mixin.py:188} INFO - [2024-10-29T23:37:22.930+0000] {dag.py:3834} INFO - Setting next_dagrun for example_dag_decorator to None, run_after=None
[2024-10-29T23:37:22.946+0000] {processor.py:183} INFO - Processing /home/airflow/.local/lib/python3.8/site-packages/airflow/example_dags/example_dag_decorator.py took 0.275 seconds
[2024-10-29T23:37:53.514+0000] {processor.py:161} INFO - Started process (PID=451) to work on /home/airflow/.local/lib/python3.8/site-packages/airflow/example_dags/example_dag_decorator.py
[2024-10-29T23:37:53.520+0000] {processor.py:830} INFO - Processing file /home/airflow/.local/lib/python3.8/site-packages/airflow/example_dags/example_dag_decorator.py for tasks to queue
[2024-10-29T23:37:53.522+0000] {logging_mixin.py:188} INFO - [2024-10-29T23:37:53.522+0000] {dagbag.py:540} INFO - Filling up the DagBag from /home/airflow/.local/lib/python3.8/site-packages/airflow/example_dags/example_dag_decorator.py
[2024-10-29T23:37:53.629+0000] {processor.py:840} INFO - DAG(s) 'example_dag_decorator' retrieved from /home/airflow/.local/lib/python3.8/site-packages/airflow/example_dags/example_dag_decorator.py
[2024-10-29T23:37:53.657+0000] {logging_mixin.py:188} INFO - [2024-10-29T23:37:53.656+0000] {dag.py:3047} INFO - Sync 1 DAGs
[2024-10-29T23:37:53.672+0000] {logging_mixin.py:188} INFO - [2024-10-29T23:37:53.672+0000] {dag.py:3834} INFO - Setting next_dagrun for example_dag_decorator to None, run_after=None
[2024-10-29T23:37:53.695+0000] {processor.py:183} INFO - Processing /home/airflow/.local/lib/python3.8/site-packages/airflow/example_dags/example_dag_decorator.py took 0.184 seconds
[2024-10-29T23:38:24.114+0000] {processor.py:161} INFO - Started process (PID=507) to work on /home/airflow/.local/lib/python3.8/site-packages/airflow/example_dags/example_dag_decorator.py
[2024-10-29T23:38:24.120+0000] {processor.py:830} INFO - Processing file /home/airflow/.local/lib/python3.8/site-packages/airflow/example_dags/example_dag_decorator.py for tasks to queue
[2024-10-29T23:38:24.121+0000] {logging_mixin.py:188} INFO - [2024-10-29T23:38:24.121+0000] {dagbag.py:540} INFO - Filling up the DagBag from /home/airflow/.local/lib/python3.8/site-packages/airflow/example_dags/example_dag_decorator.py
[2024-10-29T23:38:24.220+0000] {processor.py:840} INFO - DAG(s) 'example_dag_decorator' retrieved from /home/airflow/.local/lib/python3.8/site-packages/airflow/example_dags/example_dag_decorator.py
[2024-10-29T23:38:24.361+0000] {logging_mixin.py:188} INFO - [2024-10-29T23:38:24.361+0000] {dag.py:3047} INFO - Sync 1 DAGs
[2024-10-29T23:38:24.372+0000] {logging_mixin.py:188} INFO - [2024-10-29T23:38:24.372+0000] {dag.py:3834} INFO - Setting next_dagrun for example_dag_decorator to None, run_after=None
[2024-10-29T23:38:24.392+0000] {processor.py:183} INFO - Processing /home/airflow/.local/lib/python3.8/site-packages/airflow/example_dags/example_dag_decorator.py took 0.281 seconds
[2024-10-29T23:38:54.483+0000] {processor.py:161} INFO - Started process (PID=563) to work on /home/airflow/.local/lib/python3.8/site-packages/airflow/example_dags/example_dag_decorator.py
[2024-10-29T23:38:54.484+0000] {processor.py:830} INFO - Processing file /home/airflow/.local/lib/python3.8/site-packages/airflow/example_dags/example_dag_decorator.py for tasks to queue
[2024-10-29T23:38:54.487+0000] {logging_mixin.py:188} INFO - [2024-10-29T23:38:54.486+0000] {dagbag.py:540} INFO - Filling up the DagBag from /home/airflow/.local/lib/python3.8/site-packages/airflow/example_dags/example_dag_decorator.py
[2024-10-29T23:38:54.665+0000] {processor.py:840} INFO - DAG(s) 'example_dag_decorator' retrieved from /home/airflow/.local/lib/python3.8/site-packages/airflow/example_dags/example_dag_decorator.py
[2024-10-29T23:38:54.874+0000] {logging_mixin.py:188} INFO - [2024-10-29T23:38:54.873+0000] {dag.py:3047} INFO - Sync 1 DAGs
[2024-10-29T23:38:54.896+0000] {logging_mixin.py:188} INFO - [2024-10-29T23:38:54.895+0000] {dag.py:3834} INFO - Setting next_dagrun for example_dag_decorator to None, run_after=None
[2024-10-29T23:38:54.927+0000] {processor.py:183} INFO - Processing /home/airflow/.local/lib/python3.8/site-packages/airflow/example_dags/example_dag_decorator.py took 0.449 seconds
[2024-10-29T23:39:25.594+0000] {processor.py:161} INFO - Started process (PID=619) to work on /home/airflow/.local/lib/python3.8/site-packages/airflow/example_dags/example_dag_decorator.py
[2024-10-29T23:39:25.600+0000] {processor.py:830} INFO - Processing file /home/airflow/.local/lib/python3.8/site-packages/airflow/example_dags/example_dag_decorator.py for tasks to queue
[2024-10-29T23:39:25.603+0000] {logging_mixin.py:188} INFO - [2024-10-29T23:39:25.602+0000] {dagbag.py:540} INFO - Filling up the DagBag from /home/airflow/.local/lib/python3.8/site-packages/airflow/example_dags/example_dag_decorator.py
[2024-10-29T23:39:25.777+0000] {processor.py:840} INFO - DAG(s) 'example_dag_decorator' retrieved from /home/airflow/.local/lib/python3.8/site-packages/airflow/example_dags/example_dag_decorator.py
[2024-10-29T23:39:25.972+0000] {logging_mixin.py:188} INFO - [2024-10-29T23:39:25.971+0000] {dag.py:3047} INFO - Sync 1 DAGs
[2024-10-29T23:39:25.990+0000] {logging_mixin.py:188} INFO - [2024-10-29T23:39:25.990+0000] {dag.py:3834} INFO - Setting next_dagrun for example_dag_decorator to None, run_after=None
[2024-10-29T23:39:26.019+0000] {processor.py:183} INFO - Processing /home/airflow/.local/lib/python3.8/site-packages/airflow/example_dags/example_dag_decorator.py took 0.428 seconds
[2024-10-29T23:39:56.300+0000] {processor.py:161} INFO - Started process (PID=675) to work on /home/airflow/.local/lib/python3.8/site-packages/airflow/example_dags/example_dag_decorator.py
[2024-10-29T23:39:56.306+0000] {processor.py:830} INFO - Processing file /home/airflow/.local/lib/python3.8/site-packages/airflow/example_dags/example_dag_decorator.py for tasks to queue
[2024-10-29T23:39:56.308+0000] {logging_mixin.py:188} INFO - [2024-10-29T23:39:56.308+0000] {dagbag.py:540} INFO - Filling up the DagBag from /home/airflow/.local/lib/python3.8/site-packages/airflow/example_dags/example_dag_decorator.py
[2024-10-29T23:39:56.466+0000] {processor.py:840} INFO - DAG(s) 'example_dag_decorator' retrieved from /home/airflow/.local/lib/python3.8/site-packages/airflow/example_dags/example_dag_decorator.py
[2024-10-29T23:39:56.648+0000] {logging_mixin.py:188} INFO - [2024-10-29T23:39:56.647+0000] {dag.py:3047} INFO - Sync 1 DAGs
[2024-10-29T23:39:56.665+0000] {logging_mixin.py:188} INFO - [2024-10-29T23:39:56.665+0000] {dag.py:3834} INFO - Setting next_dagrun for example_dag_decorator to None, run_after=None
[2024-10-29T23:39:56.700+0000] {processor.py:183} INFO - Processing /home/airflow/.local/lib/python3.8/site-packages/airflow/example_dags/example_dag_decorator.py took 0.403 seconds
[2024-10-29T23:40:26.837+0000] {processor.py:161} INFO - Started process (PID=733) to work on /home/airflow/.local/lib/python3.8/site-packages/airflow/example_dags/example_dag_decorator.py
[2024-10-29T23:40:26.839+0000] {processor.py:830} INFO - Processing file /home/airflow/.local/lib/python3.8/site-packages/airflow/example_dags/example_dag_decorator.py for tasks to queue
[2024-10-29T23:40:26.841+0000] {logging_mixin.py:188} INFO - [2024-10-29T23:40:26.841+0000] {dagbag.py:540} INFO - Filling up the DagBag from /home/airflow/.local/lib/python3.8/site-packages/airflow/example_dags/example_dag_decorator.py
[2024-10-29T23:40:26.960+0000] {processor.py:840} INFO - DAG(s) 'example_dag_decorator' retrieved from /home/airflow/.local/lib/python3.8/site-packages/airflow/example_dags/example_dag_decorator.py
[2024-10-29T23:40:27.121+0000] {logging_mixin.py:188} INFO - [2024-10-29T23:40:27.121+0000] {dag.py:3047} INFO - Sync 1 DAGs
[2024-10-29T23:40:27.137+0000] {logging_mixin.py:188} INFO - [2024-10-29T23:40:27.137+0000] {dag.py:3834} INFO - Setting next_dagrun for example_dag_decorator to None, run_after=None
[2024-10-29T23:40:27.166+0000] {processor.py:183} INFO - Processing /home/airflow/.local/lib/python3.8/site-packages/airflow/example_dags/example_dag_decorator.py took 0.333 seconds
[2024-10-29T23:40:57.220+0000] {processor.py:161} INFO - Started process (PID=786) to work on /home/airflow/.local/lib/python3.8/site-packages/airflow/example_dags/example_dag_decorator.py
[2024-10-29T23:40:57.226+0000] {processor.py:830} INFO - Processing file /home/airflow/.local/lib/python3.8/site-packages/airflow/example_dags/example_dag_decorator.py for tasks to queue
[2024-10-29T23:40:57.228+0000] {logging_mixin.py:188} INFO - [2024-10-29T23:40:57.228+0000] {dagbag.py:540} INFO - Filling up the DagBag from /home/airflow/.local/lib/python3.8/site-packages/airflow/example_dags/example_dag_decorator.py
[2024-10-29T23:40:57.375+0000] {processor.py:840} INFO - DAG(s) 'example_dag_decorator' retrieved from /home/airflow/.local/lib/python3.8/site-packages/airflow/example_dags/example_dag_decorator.py
[2024-10-29T23:40:57.510+0000] {logging_mixin.py:188} INFO - [2024-10-29T23:40:57.509+0000] {dag.py:3047} INFO - Sync 1 DAGs
[2024-10-29T23:40:57.525+0000] {logging_mixin.py:188} INFO - [2024-10-29T23:40:57.525+0000] {dag.py:3834} INFO - Setting next_dagrun for example_dag_decorator to None, run_after=None
[2024-10-29T23:40:57.551+0000] {processor.py:183} INFO - Processing /home/airflow/.local/lib/python3.8/site-packages/airflow/example_dags/example_dag_decorator.py took 0.335 seconds
[2024-10-29T23:41:28.139+0000] {processor.py:161} INFO - Started process (PID=842) to work on /home/airflow/.local/lib/python3.8/site-packages/airflow/example_dags/example_dag_decorator.py
[2024-10-29T23:41:28.145+0000] {processor.py:830} INFO - Processing file /home/airflow/.local/lib/python3.8/site-packages/airflow/example_dags/example_dag_decorator.py for tasks to queue
[2024-10-29T23:41:28.147+0000] {logging_mixin.py:188} INFO - [2024-10-29T23:41:28.147+0000] {dagbag.py:540} INFO - Filling up the DagBag from /home/airflow/.local/lib/python3.8/site-packages/airflow/example_dags/example_dag_decorator.py
[2024-10-29T23:41:28.275+0000] {processor.py:840} INFO - DAG(s) 'example_dag_decorator' retrieved from /home/airflow/.local/lib/python3.8/site-packages/airflow/example_dags/example_dag_decorator.py
[2024-10-29T23:41:28.454+0000] {logging_mixin.py:188} INFO - [2024-10-29T23:41:28.454+0000] {dag.py:3047} INFO - Sync 1 DAGs
[2024-10-29T23:41:28.470+0000] {logging_mixin.py:188} INFO - [2024-10-29T23:41:28.470+0000] {dag.py:3834} INFO - Setting next_dagrun for example_dag_decorator to None, run_after=None
[2024-10-29T23:41:28.497+0000] {processor.py:183} INFO - Processing /home/airflow/.local/lib/python3.8/site-packages/airflow/example_dags/example_dag_decorator.py took 0.361 seconds
[2024-10-29T23:41:59.052+0000] {processor.py:161} INFO - Started process (PID=898) to work on /home/airflow/.local/lib/python3.8/site-packages/airflow/example_dags/example_dag_decorator.py
[2024-10-29T23:41:59.057+0000] {processor.py:830} INFO - Processing file /home/airflow/.local/lib/python3.8/site-packages/airflow/example_dags/example_dag_decorator.py for tasks to queue
[2024-10-29T23:41:59.059+0000] {logging_mixin.py:188} INFO - [2024-10-29T23:41:59.058+0000] {dagbag.py:540} INFO - Filling up the DagBag from /home/airflow/.local/lib/python3.8/site-packages/airflow/example_dags/example_dag_decorator.py
[2024-10-29T23:41:59.222+0000] {processor.py:840} INFO - DAG(s) 'example_dag_decorator' retrieved from /home/airflow/.local/lib/python3.8/site-packages/airflow/example_dags/example_dag_decorator.py
[2024-10-29T23:41:59.320+0000] {logging_mixin.py:188} INFO - [2024-10-29T23:41:59.320+0000] {dag.py:3047} INFO - Sync 1 DAGs
[2024-10-29T23:41:59.329+0000] {logging_mixin.py:188} INFO - [2024-10-29T23:41:59.329+0000] {dag.py:3834} INFO - Setting next_dagrun for example_dag_decorator to None, run_after=None
[2024-10-29T23:41:59.345+0000] {processor.py:183} INFO - Processing /home/airflow/.local/lib/python3.8/site-packages/airflow/example_dags/example_dag_decorator.py took 0.296 seconds
[2024-10-29T23:42:29.479+0000] {processor.py:161} INFO - Started process (PID=956) to work on /home/airflow/.local/lib/python3.8/site-packages/airflow/example_dags/example_dag_decorator.py
[2024-10-29T23:42:29.480+0000] {processor.py:830} INFO - Processing file /home/airflow/.local/lib/python3.8/site-packages/airflow/example_dags/example_dag_decorator.py for tasks to queue
[2024-10-29T23:42:29.483+0000] {logging_mixin.py:188} INFO - [2024-10-29T23:42:29.482+0000] {dagbag.py:540} INFO - Filling up the DagBag from /home/airflow/.local/lib/python3.8/site-packages/airflow/example_dags/example_dag_decorator.py
[2024-10-29T23:42:29.589+0000] {processor.py:840} INFO - DAG(s) 'example_dag_decorator' retrieved from /home/airflow/.local/lib/python3.8/site-packages/airflow/example_dags/example_dag_decorator.py
[2024-10-29T23:42:29.707+0000] {logging_mixin.py:188} INFO - [2024-10-29T23:42:29.707+0000] {dag.py:3047} INFO - Sync 1 DAGs
[2024-10-29T23:42:29.722+0000] {logging_mixin.py:188} INFO - [2024-10-29T23:42:29.721+0000] {dag.py:3834} INFO - Setting next_dagrun for example_dag_decorator to None, run_after=None
[2024-10-29T23:42:29.746+0000] {processor.py:183} INFO - Processing /home/airflow/.local/lib/python3.8/site-packages/airflow/example_dags/example_dag_decorator.py took 0.270 seconds
[2024-10-29T23:42:59.819+0000] {processor.py:161} INFO - Started process (PID=1010) to work on /home/airflow/.local/lib/python3.8/site-packages/airflow/example_dags/example_dag_decorator.py
[2024-10-29T23:42:59.820+0000] {processor.py:830} INFO - Processing file /home/airflow/.local/lib/python3.8/site-packages/airflow/example_dags/example_dag_decorator.py for tasks to queue
[2024-10-29T23:42:59.821+0000] {logging_mixin.py:188} INFO - [2024-10-29T23:42:59.821+0000] {dagbag.py:540} INFO - Filling up the DagBag from /home/airflow/.local/lib/python3.8/site-packages/airflow/example_dags/example_dag_decorator.py
[2024-10-29T23:42:59.935+0000] {processor.py:840} INFO - DAG(s) 'example_dag_decorator' retrieved from /home/airflow/.local/lib/python3.8/site-packages/airflow/example_dags/example_dag_decorator.py
[2024-10-29T23:43:00.052+0000] {logging_mixin.py:188} INFO - [2024-10-29T23:43:00.052+0000] {dag.py:3047} INFO - Sync 1 DAGs
[2024-10-29T23:43:00.064+0000] {logging_mixin.py:188} INFO - [2024-10-29T23:43:00.064+0000] {dag.py:3834} INFO - Setting next_dagrun for example_dag_decorator to None, run_after=None
[2024-10-29T23:43:00.082+0000] {processor.py:183} INFO - Processing /home/airflow/.local/lib/python3.8/site-packages/airflow/example_dags/example_dag_decorator.py took 0.267 seconds
[2024-10-29T23:43:30.131+0000] {processor.py:161} INFO - Started process (PID=1066) to work on /home/airflow/.local/lib/python3.8/site-packages/airflow/example_dags/example_dag_decorator.py
[2024-10-29T23:43:30.132+0000] {processor.py:830} INFO - Processing file /home/airflow/.local/lib/python3.8/site-packages/airflow/example_dags/example_dag_decorator.py for tasks to queue
[2024-10-29T23:43:30.135+0000] {logging_mixin.py:188} INFO - [2024-10-29T23:43:30.135+0000] {dagbag.py:540} INFO - Filling up the DagBag from /home/airflow/.local/lib/python3.8/site-packages/airflow/example_dags/example_dag_decorator.py
[2024-10-29T23:43:30.266+0000] {processor.py:840} INFO - DAG(s) 'example_dag_decorator' retrieved from /home/airflow/.local/lib/python3.8/site-packages/airflow/example_dags/example_dag_decorator.py
[2024-10-29T23:43:30.406+0000] {logging_mixin.py:188} INFO - [2024-10-29T23:43:30.405+0000] {dag.py:3047} INFO - Sync 1 DAGs
[2024-10-29T23:43:30.418+0000] {logging_mixin.py:188} INFO - [2024-10-29T23:43:30.417+0000] {dag.py:3834} INFO - Setting next_dagrun for example_dag_decorator to None, run_after=None
[2024-10-29T23:43:30.439+0000] {processor.py:183} INFO - Processing /home/airflow/.local/lib/python3.8/site-packages/airflow/example_dags/example_dag_decorator.py took 0.312 seconds
[2024-10-29T23:44:00.497+0000] {processor.py:161} INFO - Started process (PID=1124) to work on /home/airflow/.local/lib/python3.8/site-packages/airflow/example_dags/example_dag_decorator.py
[2024-10-29T23:44:00.498+0000] {processor.py:830} INFO - Processing file /home/airflow/.local/lib/python3.8/site-packages/airflow/example_dags/example_dag_decorator.py for tasks to queue
[2024-10-29T23:44:00.500+0000] {logging_mixin.py:188} INFO - [2024-10-29T23:44:00.499+0000] {dagbag.py:540} INFO - Filling up the DagBag from /home/airflow/.local/lib/python3.8/site-packages/airflow/example_dags/example_dag_decorator.py
[2024-10-29T23:44:00.596+0000] {processor.py:840} INFO - DAG(s) 'example_dag_decorator' retrieved from /home/airflow/.local/lib/python3.8/site-packages/airflow/example_dags/example_dag_decorator.py
[2024-10-29T23:44:00.708+0000] {logging_mixin.py:188} INFO - [2024-10-29T23:44:00.708+0000] {dag.py:3047} INFO - Sync 1 DAGs
[2024-10-29T23:44:00.722+0000] {logging_mixin.py:188} INFO - [2024-10-29T23:44:00.722+0000] {dag.py:3834} INFO - Setting next_dagrun for example_dag_decorator to None, run_after=None
[2024-10-29T23:44:00.751+0000] {processor.py:183} INFO - Processing /home/airflow/.local/lib/python3.8/site-packages/airflow/example_dags/example_dag_decorator.py took 0.256 seconds
[2024-10-29T23:44:30.921+0000] {processor.py:161} INFO - Started process (PID=1186) to work on /home/airflow/.local/lib/python3.8/site-packages/airflow/example_dags/example_dag_decorator.py
[2024-10-29T23:44:30.922+0000] {processor.py:830} INFO - Processing file /home/airflow/.local/lib/python3.8/site-packages/airflow/example_dags/example_dag_decorator.py for tasks to queue
[2024-10-29T23:44:30.924+0000] {logging_mixin.py:188} INFO - [2024-10-29T23:44:30.924+0000] {dagbag.py:540} INFO - Filling up the DagBag from /home/airflow/.local/lib/python3.8/site-packages/airflow/example_dags/example_dag_decorator.py
[2024-10-29T23:44:31.023+0000] {processor.py:840} INFO - DAG(s) 'example_dag_decorator' retrieved from /home/airflow/.local/lib/python3.8/site-packages/airflow/example_dags/example_dag_decorator.py
[2024-10-29T23:44:31.113+0000] {logging_mixin.py:188} INFO - [2024-10-29T23:44:31.112+0000] {dag.py:3047} INFO - Sync 1 DAGs
[2024-10-29T23:44:31.122+0000] {logging_mixin.py:188} INFO - [2024-10-29T23:44:31.122+0000] {dag.py:3834} INFO - Setting next_dagrun for example_dag_decorator to None, run_after=None
[2024-10-29T23:44:31.242+0000] {processor.py:183} INFO - Processing /home/airflow/.local/lib/python3.8/site-packages/airflow/example_dags/example_dag_decorator.py took 0.325 seconds
[2024-10-29T23:45:02.204+0000] {processor.py:161} INFO - Started process (PID=1242) to work on /home/airflow/.local/lib/python3.8/site-packages/airflow/example_dags/example_dag_decorator.py
[2024-10-29T23:45:02.210+0000] {processor.py:830} INFO - Processing file /home/airflow/.local/lib/python3.8/site-packages/airflow/example_dags/example_dag_decorator.py for tasks to queue
[2024-10-29T23:45:02.212+0000] {logging_mixin.py:188} INFO - [2024-10-29T23:45:02.212+0000] {dagbag.py:540} INFO - Filling up the DagBag from /home/airflow/.local/lib/python3.8/site-packages/airflow/example_dags/example_dag_decorator.py
[2024-10-29T23:45:02.304+0000] {processor.py:840} INFO - DAG(s) 'example_dag_decorator' retrieved from /home/airflow/.local/lib/python3.8/site-packages/airflow/example_dags/example_dag_decorator.py
[2024-10-29T23:45:02.427+0000] {logging_mixin.py:188} INFO - [2024-10-29T23:45:02.427+0000] {dag.py:3047} INFO - Sync 1 DAGs
[2024-10-29T23:45:02.439+0000] {logging_mixin.py:188} INFO - [2024-10-29T23:45:02.439+0000] {dag.py:3834} INFO - Setting next_dagrun for example_dag_decorator to None, run_after=None
[2024-10-29T23:45:02.564+0000] {processor.py:183} INFO - Processing /home/airflow/.local/lib/python3.8/site-packages/airflow/example_dags/example_dag_decorator.py took 0.365 seconds
[2024-10-29T23:45:32.721+0000] {processor.py:161} INFO - Started process (PID=1301) to work on /home/airflow/.local/lib/python3.8/site-packages/airflow/example_dags/example_dag_decorator.py
[2024-10-29T23:45:32.722+0000] {processor.py:830} INFO - Processing file /home/airflow/.local/lib/python3.8/site-packages/airflow/example_dags/example_dag_decorator.py for tasks to queue
[2024-10-29T23:45:32.725+0000] {logging_mixin.py:188} INFO - [2024-10-29T23:45:32.724+0000] {dagbag.py:540} INFO - Filling up the DagBag from /home/airflow/.local/lib/python3.8/site-packages/airflow/example_dags/example_dag_decorator.py
[2024-10-29T23:45:32.831+0000] {processor.py:840} INFO - DAG(s) 'example_dag_decorator' retrieved from /home/airflow/.local/lib/python3.8/site-packages/airflow/example_dags/example_dag_decorator.py
[2024-10-29T23:45:32.927+0000] {logging_mixin.py:188} INFO - [2024-10-29T23:45:32.927+0000] {dag.py:3047} INFO - Sync 1 DAGs
[2024-10-29T23:45:32.937+0000] {logging_mixin.py:188} INFO - [2024-10-29T23:45:32.937+0000] {dag.py:3834} INFO - Setting next_dagrun for example_dag_decorator to None, run_after=None
[2024-10-29T23:45:33.060+0000] {processor.py:183} INFO - Processing /home/airflow/.local/lib/python3.8/site-packages/airflow/example_dags/example_dag_decorator.py took 0.344 seconds
[2024-10-29T23:46:03.102+0000] {processor.py:161} INFO - Started process (PID=1357) to work on /home/airflow/.local/lib/python3.8/site-packages/airflow/example_dags/example_dag_decorator.py
[2024-10-29T23:46:03.103+0000] {processor.py:830} INFO - Processing file /home/airflow/.local/lib/python3.8/site-packages/airflow/example_dags/example_dag_decorator.py for tasks to queue
[2024-10-29T23:46:03.104+0000] {logging_mixin.py:188} INFO - [2024-10-29T23:46:03.104+0000] {dagbag.py:540} INFO - Filling up the DagBag from /home/airflow/.local/lib/python3.8/site-packages/airflow/example_dags/example_dag_decorator.py
[2024-10-29T23:46:03.197+0000] {processor.py:840} INFO - DAG(s) 'example_dag_decorator' retrieved from /home/airflow/.local/lib/python3.8/site-packages/airflow/example_dags/example_dag_decorator.py
[2024-10-29T23:46:03.218+0000] {logging_mixin.py:188} INFO - [2024-10-29T23:46:03.218+0000] {dag.py:3047} INFO - Sync 1 DAGs
[2024-10-29T23:46:03.234+0000] {logging_mixin.py:188} INFO - [2024-10-29T23:46:03.234+0000] {dag.py:3834} INFO - Setting next_dagrun for example_dag_decorator to None, run_after=None
[2024-10-29T23:46:03.257+0000] {processor.py:183} INFO - Processing /home/airflow/.local/lib/python3.8/site-packages/airflow/example_dags/example_dag_decorator.py took 0.159 seconds
[2024-10-29T23:46:33.305+0000] {processor.py:161} INFO - Started process (PID=1413) to work on /home/airflow/.local/lib/python3.8/site-packages/airflow/example_dags/example_dag_decorator.py
[2024-10-29T23:46:33.306+0000] {processor.py:830} INFO - Processing file /home/airflow/.local/lib/python3.8/site-packages/airflow/example_dags/example_dag_decorator.py for tasks to queue
[2024-10-29T23:46:33.308+0000] {logging_mixin.py:188} INFO - [2024-10-29T23:46:33.308+0000] {dagbag.py:540} INFO - Filling up the DagBag from /home/airflow/.local/lib/python3.8/site-packages/airflow/example_dags/example_dag_decorator.py
[2024-10-29T23:46:33.402+0000] {processor.py:840} INFO - DAG(s) 'example_dag_decorator' retrieved from /home/airflow/.local/lib/python3.8/site-packages/airflow/example_dags/example_dag_decorator.py
[2024-10-29T23:46:33.493+0000] {logging_mixin.py:188} INFO - [2024-10-29T23:46:33.493+0000] {dag.py:3047} INFO - Sync 1 DAGs
[2024-10-29T23:46:33.503+0000] {logging_mixin.py:188} INFO - [2024-10-29T23:46:33.503+0000] {dag.py:3834} INFO - Setting next_dagrun for example_dag_decorator to None, run_after=None
[2024-10-29T23:46:33.622+0000] {processor.py:183} INFO - Processing /home/airflow/.local/lib/python3.8/site-packages/airflow/example_dags/example_dag_decorator.py took 0.321 seconds
[2024-10-29T23:47:03.662+0000] {processor.py:161} INFO - Started process (PID=1469) to work on /home/airflow/.local/lib/python3.8/site-packages/airflow/example_dags/example_dag_decorator.py
[2024-10-29T23:47:03.663+0000] {processor.py:830} INFO - Processing file /home/airflow/.local/lib/python3.8/site-packages/airflow/example_dags/example_dag_decorator.py for tasks to queue
[2024-10-29T23:47:03.665+0000] {logging_mixin.py:188} INFO - [2024-10-29T23:47:03.665+0000] {dagbag.py:540} INFO - Filling up the DagBag from /home/airflow/.local/lib/python3.8/site-packages/airflow/example_dags/example_dag_decorator.py
[2024-10-29T23:47:03.831+0000] {processor.py:840} INFO - DAG(s) 'example_dag_decorator' retrieved from /home/airflow/.local/lib/python3.8/site-packages/airflow/example_dags/example_dag_decorator.py
[2024-10-29T23:47:04.132+0000] {logging_mixin.py:188} INFO - [2024-10-29T23:47:04.132+0000] {dag.py:3047} INFO - Sync 1 DAGs
[2024-10-29T23:47:04.145+0000] {logging_mixin.py:188} INFO - [2024-10-29T23:47:04.145+0000] {dag.py:3834} INFO - Setting next_dagrun for example_dag_decorator to None, run_after=None
[2024-10-29T23:47:04.169+0000] {processor.py:183} INFO - Processing /home/airflow/.local/lib/python3.8/site-packages/airflow/example_dags/example_dag_decorator.py took 0.511 seconds
[2024-10-29T23:47:34.633+0000] {processor.py:161} INFO - Started process (PID=1524) to work on /home/airflow/.local/lib/python3.8/site-packages/airflow/example_dags/example_dag_decorator.py
[2024-10-29T23:47:34.639+0000] {processor.py:830} INFO - Processing file /home/airflow/.local/lib/python3.8/site-packages/airflow/example_dags/example_dag_decorator.py for tasks to queue
[2024-10-29T23:47:34.641+0000] {logging_mixin.py:188} INFO - [2024-10-29T23:47:34.641+0000] {dagbag.py:540} INFO - Filling up the DagBag from /home/airflow/.local/lib/python3.8/site-packages/airflow/example_dags/example_dag_decorator.py
[2024-10-29T23:47:34.753+0000] {processor.py:840} INFO - DAG(s) 'example_dag_decorator' retrieved from /home/airflow/.local/lib/python3.8/site-packages/airflow/example_dags/example_dag_decorator.py
[2024-10-29T23:47:34.972+0000] {logging_mixin.py:188} INFO - [2024-10-29T23:47:34.972+0000] {dag.py:3047} INFO - Sync 1 DAGs
[2024-10-29T23:47:34.982+0000] {logging_mixin.py:188} INFO - [2024-10-29T23:47:34.982+0000] {dag.py:3834} INFO - Setting next_dagrun for example_dag_decorator to None, run_after=None
[2024-10-29T23:47:34.996+0000] {processor.py:183} INFO - Processing /home/airflow/.local/lib/python3.8/site-packages/airflow/example_dags/example_dag_decorator.py took 0.366 seconds
[2024-10-29T23:48:05.975+0000] {processor.py:161} INFO - Started process (PID=1581) to work on /home/airflow/.local/lib/python3.8/site-packages/airflow/example_dags/example_dag_decorator.py
[2024-10-29T23:48:05.983+0000] {processor.py:830} INFO - Processing file /home/airflow/.local/lib/python3.8/site-packages/airflow/example_dags/example_dag_decorator.py for tasks to queue
[2024-10-29T23:48:05.988+0000] {logging_mixin.py:188} INFO - [2024-10-29T23:48:05.987+0000] {dagbag.py:540} INFO - Filling up the DagBag from /home/airflow/.local/lib/python3.8/site-packages/airflow/example_dags/example_dag_decorator.py
[2024-10-29T23:48:06.151+0000] {processor.py:840} INFO - DAG(s) 'example_dag_decorator' retrieved from /home/airflow/.local/lib/python3.8/site-packages/airflow/example_dags/example_dag_decorator.py
[2024-10-29T23:48:06.423+0000] {logging_mixin.py:188} INFO - [2024-10-29T23:48:06.422+0000] {dag.py:3047} INFO - Sync 1 DAGs
[2024-10-29T23:48:06.442+0000] {logging_mixin.py:188} INFO - [2024-10-29T23:48:06.442+0000] {dag.py:3834} INFO - Setting next_dagrun for example_dag_decorator to None, run_after=None
[2024-10-29T23:48:06.471+0000] {processor.py:183} INFO - Processing /home/airflow/.local/lib/python3.8/site-packages/airflow/example_dags/example_dag_decorator.py took 0.506 seconds
[2024-10-29T23:48:37.359+0000] {processor.py:161} INFO - Started process (PID=1639) to work on /home/airflow/.local/lib/python3.8/site-packages/airflow/example_dags/example_dag_decorator.py
[2024-10-29T23:48:37.365+0000] {processor.py:830} INFO - Processing file /home/airflow/.local/lib/python3.8/site-packages/airflow/example_dags/example_dag_decorator.py for tasks to queue
[2024-10-29T23:48:37.367+0000] {logging_mixin.py:188} INFO - [2024-10-29T23:48:37.366+0000] {dagbag.py:540} INFO - Filling up the DagBag from /home/airflow/.local/lib/python3.8/site-packages/airflow/example_dags/example_dag_decorator.py
[2024-10-29T23:48:37.457+0000] {processor.py:840} INFO - DAG(s) 'example_dag_decorator' retrieved from /home/airflow/.local/lib/python3.8/site-packages/airflow/example_dags/example_dag_decorator.py
[2024-10-29T23:48:37.662+0000] {logging_mixin.py:188} INFO - [2024-10-29T23:48:37.662+0000] {dag.py:3047} INFO - Sync 1 DAGs
[2024-10-29T23:48:37.671+0000] {logging_mixin.py:188} INFO - [2024-10-29T23:48:37.671+0000] {dag.py:3834} INFO - Setting next_dagrun for example_dag_decorator to None, run_after=None
[2024-10-29T23:48:37.686+0000] {processor.py:183} INFO - Processing /home/airflow/.local/lib/python3.8/site-packages/airflow/example_dags/example_dag_decorator.py took 0.329 seconds
[2024-10-29T23:49:07.775+0000] {processor.py:161} INFO - Started process (PID=1695) to work on /home/airflow/.local/lib/python3.8/site-packages/airflow/example_dags/example_dag_decorator.py
[2024-10-29T23:49:07.781+0000] {processor.py:830} INFO - Processing file /home/airflow/.local/lib/python3.8/site-packages/airflow/example_dags/example_dag_decorator.py for tasks to queue
[2024-10-29T23:49:07.784+0000] {logging_mixin.py:188} INFO - [2024-10-29T23:49:07.784+0000] {dagbag.py:540} INFO - Filling up the DagBag from /home/airflow/.local/lib/python3.8/site-packages/airflow/example_dags/example_dag_decorator.py
[2024-10-29T23:49:07.913+0000] {processor.py:840} INFO - DAG(s) 'example_dag_decorator' retrieved from /home/airflow/.local/lib/python3.8/site-packages/airflow/example_dags/example_dag_decorator.py
[2024-10-29T23:49:08.216+0000] {logging_mixin.py:188} INFO - [2024-10-29T23:49:08.216+0000] {dag.py:3047} INFO - Sync 1 DAGs
[2024-10-29T23:49:08.232+0000] {logging_mixin.py:188} INFO - [2024-10-29T23:49:08.232+0000] {dag.py:3834} INFO - Setting next_dagrun for example_dag_decorator to None, run_after=None
[2024-10-29T23:49:08.256+0000] {processor.py:183} INFO - Processing /home/airflow/.local/lib/python3.8/site-packages/airflow/example_dags/example_dag_decorator.py took 0.485 seconds
[2024-10-29T23:49:38.919+0000] {processor.py:161} INFO - Started process (PID=1752) to work on /home/airflow/.local/lib/python3.8/site-packages/airflow/example_dags/example_dag_decorator.py
[2024-10-29T23:49:38.920+0000] {processor.py:830} INFO - Processing file /home/airflow/.local/lib/python3.8/site-packages/airflow/example_dags/example_dag_decorator.py for tasks to queue
[2024-10-29T23:49:38.922+0000] {logging_mixin.py:188} INFO - [2024-10-29T23:49:38.922+0000] {dagbag.py:540} INFO - Filling up the DagBag from /home/airflow/.local/lib/python3.8/site-packages/airflow/example_dags/example_dag_decorator.py
[2024-10-29T23:49:39.057+0000] {processor.py:840} INFO - DAG(s) 'example_dag_decorator' retrieved from /home/airflow/.local/lib/python3.8/site-packages/airflow/example_dags/example_dag_decorator.py
[2024-10-29T23:49:39.401+0000] {logging_mixin.py:188} INFO - [2024-10-29T23:49:39.401+0000] {dag.py:3047} INFO - Sync 1 DAGs
[2024-10-29T23:49:39.414+0000] {logging_mixin.py:188} INFO - [2024-10-29T23:49:39.414+0000] {dag.py:3834} INFO - Setting next_dagrun for example_dag_decorator to None, run_after=None
[2024-10-29T23:49:39.437+0000] {processor.py:183} INFO - Processing /home/airflow/.local/lib/python3.8/site-packages/airflow/example_dags/example_dag_decorator.py took 0.521 seconds
[2024-10-29T23:50:09.549+0000] {processor.py:161} INFO - Started process (PID=1811) to work on /home/airflow/.local/lib/python3.8/site-packages/airflow/example_dags/example_dag_decorator.py
[2024-10-29T23:50:09.550+0000] {processor.py:830} INFO - Processing file /home/airflow/.local/lib/python3.8/site-packages/airflow/example_dags/example_dag_decorator.py for tasks to queue
[2024-10-29T23:50:09.551+0000] {logging_mixin.py:188} INFO - [2024-10-29T23:50:09.551+0000] {dagbag.py:540} INFO - Filling up the DagBag from /home/airflow/.local/lib/python3.8/site-packages/airflow/example_dags/example_dag_decorator.py
[2024-10-29T23:50:09.683+0000] {processor.py:840} INFO - DAG(s) 'example_dag_decorator' retrieved from /home/airflow/.local/lib/python3.8/site-packages/airflow/example_dags/example_dag_decorator.py
[2024-10-29T23:50:09.904+0000] {logging_mixin.py:188} INFO - [2024-10-29T23:50:09.904+0000] {dag.py:3047} INFO - Sync 1 DAGs
[2024-10-29T23:50:09.915+0000] {logging_mixin.py:188} INFO - [2024-10-29T23:50:09.915+0000] {dag.py:3834} INFO - Setting next_dagrun for example_dag_decorator to None, run_after=None
[2024-10-29T23:50:09.933+0000] {processor.py:183} INFO - Processing /home/airflow/.local/lib/python3.8/site-packages/airflow/example_dags/example_dag_decorator.py took 0.387 seconds
[2024-10-29T23:50:40.675+0000] {processor.py:161} INFO - Started process (PID=1867) to work on /home/airflow/.local/lib/python3.8/site-packages/airflow/example_dags/example_dag_decorator.py
[2024-10-29T23:50:40.680+0000] {processor.py:830} INFO - Processing file /home/airflow/.local/lib/python3.8/site-packages/airflow/example_dags/example_dag_decorator.py for tasks to queue
[2024-10-29T23:50:40.682+0000] {logging_mixin.py:188} INFO - [2024-10-29T23:50:40.682+0000] {dagbag.py:540} INFO - Filling up the DagBag from /home/airflow/.local/lib/python3.8/site-packages/airflow/example_dags/example_dag_decorator.py
[2024-10-29T23:50:40.904+0000] {processor.py:840} INFO - DAG(s) 'example_dag_decorator' retrieved from /home/airflow/.local/lib/python3.8/site-packages/airflow/example_dags/example_dag_decorator.py
[2024-10-29T23:50:41.026+0000] {logging_mixin.py:188} INFO - [2024-10-29T23:50:41.025+0000] {dag.py:3047} INFO - Sync 1 DAGs
[2024-10-29T23:50:41.042+0000] {logging_mixin.py:188} INFO - [2024-10-29T23:50:41.042+0000] {dag.py:3834} INFO - Setting next_dagrun for example_dag_decorator to None, run_after=None
[2024-10-29T23:50:41.068+0000] {processor.py:183} INFO - Processing /home/airflow/.local/lib/python3.8/site-packages/airflow/example_dags/example_dag_decorator.py took 0.397 seconds
[2024-10-29T23:51:11.566+0000] {processor.py:161} INFO - Started process (PID=1923) to work on /home/airflow/.local/lib/python3.8/site-packages/airflow/example_dags/example_dag_decorator.py
[2024-10-29T23:51:11.573+0000] {processor.py:830} INFO - Processing file /home/airflow/.local/lib/python3.8/site-packages/airflow/example_dags/example_dag_decorator.py for tasks to queue
[2024-10-29T23:51:11.578+0000] {logging_mixin.py:188} INFO - [2024-10-29T23:51:11.577+0000] {dagbag.py:540} INFO - Filling up the DagBag from /home/airflow/.local/lib/python3.8/site-packages/airflow/example_dags/example_dag_decorator.py
[2024-10-29T23:51:11.849+0000] {processor.py:840} INFO - DAG(s) 'example_dag_decorator' retrieved from /home/airflow/.local/lib/python3.8/site-packages/airflow/example_dags/example_dag_decorator.py
[2024-10-29T23:51:11.964+0000] {logging_mixin.py:188} INFO - [2024-10-29T23:51:11.964+0000] {dag.py:3047} INFO - Sync 1 DAGs
[2024-10-29T23:51:11.981+0000] {logging_mixin.py:188} INFO - [2024-10-29T23:51:11.980+0000] {dag.py:3834} INFO - Setting next_dagrun for example_dag_decorator to None, run_after=None
[2024-10-29T23:51:12.008+0000] {processor.py:183} INFO - Processing /home/airflow/.local/lib/python3.8/site-packages/airflow/example_dags/example_dag_decorator.py took 0.450 seconds
[2024-10-29T23:51:42.058+0000] {processor.py:161} INFO - Started process (PID=1978) to work on /home/airflow/.local/lib/python3.8/site-packages/airflow/example_dags/example_dag_decorator.py
[2024-10-29T23:51:42.059+0000] {processor.py:830} INFO - Processing file /home/airflow/.local/lib/python3.8/site-packages/airflow/example_dags/example_dag_decorator.py for tasks to queue
[2024-10-29T23:51:42.061+0000] {logging_mixin.py:188} INFO - [2024-10-29T23:51:42.060+0000] {dagbag.py:540} INFO - Filling up the DagBag from /home/airflow/.local/lib/python3.8/site-packages/airflow/example_dags/example_dag_decorator.py
[2024-10-29T23:51:42.280+0000] {processor.py:840} INFO - DAG(s) 'example_dag_decorator' retrieved from /home/airflow/.local/lib/python3.8/site-packages/airflow/example_dags/example_dag_decorator.py
[2024-10-29T23:51:42.390+0000] {logging_mixin.py:188} INFO - [2024-10-29T23:51:42.390+0000] {dag.py:3047} INFO - Sync 1 DAGs
[2024-10-29T23:51:42.401+0000] {logging_mixin.py:188} INFO - [2024-10-29T23:51:42.401+0000] {dag.py:3834} INFO - Setting next_dagrun for example_dag_decorator to None, run_after=None
[2024-10-29T23:51:42.422+0000] {processor.py:183} INFO - Processing /home/airflow/.local/lib/python3.8/site-packages/airflow/example_dags/example_dag_decorator.py took 0.366 seconds
[2024-10-29T23:52:12.570+0000] {processor.py:161} INFO - Started process (PID=2037) to work on /home/airflow/.local/lib/python3.8/site-packages/airflow/example_dags/example_dag_decorator.py
[2024-10-29T23:52:12.571+0000] {processor.py:830} INFO - Processing file /home/airflow/.local/lib/python3.8/site-packages/airflow/example_dags/example_dag_decorator.py for tasks to queue
[2024-10-29T23:52:12.572+0000] {logging_mixin.py:188} INFO - [2024-10-29T23:52:12.572+0000] {dagbag.py:540} INFO - Filling up the DagBag from /home/airflow/.local/lib/python3.8/site-packages/airflow/example_dags/example_dag_decorator.py
[2024-10-29T23:52:12.830+0000] {processor.py:840} INFO - DAG(s) 'example_dag_decorator' retrieved from /home/airflow/.local/lib/python3.8/site-packages/airflow/example_dags/example_dag_decorator.py
[2024-10-29T23:52:12.958+0000] {logging_mixin.py:188} INFO - [2024-10-29T23:52:12.958+0000] {dag.py:3047} INFO - Sync 1 DAGs
[2024-10-29T23:52:12.970+0000] {logging_mixin.py:188} INFO - [2024-10-29T23:52:12.970+0000] {dag.py:3834} INFO - Setting next_dagrun for example_dag_decorator to None, run_after=None
[2024-10-29T23:52:12.993+0000] {processor.py:183} INFO - Processing /home/airflow/.local/lib/python3.8/site-packages/airflow/example_dags/example_dag_decorator.py took 0.427 seconds
[2024-10-29T23:52:43.098+0000] {processor.py:161} INFO - Started process (PID=2095) to work on /home/airflow/.local/lib/python3.8/site-packages/airflow/example_dags/example_dag_decorator.py
[2024-10-29T23:52:43.099+0000] {processor.py:830} INFO - Processing file /home/airflow/.local/lib/python3.8/site-packages/airflow/example_dags/example_dag_decorator.py for tasks to queue
[2024-10-29T23:52:43.101+0000] {logging_mixin.py:188} INFO - [2024-10-29T23:52:43.100+0000] {dagbag.py:540} INFO - Filling up the DagBag from /home/airflow/.local/lib/python3.8/site-packages/airflow/example_dags/example_dag_decorator.py
[2024-10-29T23:52:43.326+0000] {processor.py:840} INFO - DAG(s) 'example_dag_decorator' retrieved from /home/airflow/.local/lib/python3.8/site-packages/airflow/example_dags/example_dag_decorator.py
[2024-10-29T23:52:43.431+0000] {logging_mixin.py:188} INFO - [2024-10-29T23:52:43.431+0000] {dag.py:3047} INFO - Sync 1 DAGs
[2024-10-29T23:52:43.444+0000] {logging_mixin.py:188} INFO - [2024-10-29T23:52:43.444+0000] {dag.py:3834} INFO - Setting next_dagrun for example_dag_decorator to None, run_after=None
[2024-10-29T23:52:43.465+0000] {processor.py:183} INFO - Processing /home/airflow/.local/lib/python3.8/site-packages/airflow/example_dags/example_dag_decorator.py took 0.370 seconds
[2024-10-29T23:53:13.653+0000] {processor.py:161} INFO - Started process (PID=2154) to work on /home/airflow/.local/lib/python3.8/site-packages/airflow/example_dags/example_dag_decorator.py
[2024-10-29T23:53:13.653+0000] {processor.py:830} INFO - Processing file /home/airflow/.local/lib/python3.8/site-packages/airflow/example_dags/example_dag_decorator.py for tasks to queue
[2024-10-29T23:53:13.656+0000] {logging_mixin.py:188} INFO - [2024-10-29T23:53:13.655+0000] {dagbag.py:540} INFO - Filling up the DagBag from /home/airflow/.local/lib/python3.8/site-packages/airflow/example_dags/example_dag_decorator.py
[2024-10-29T23:53:13.881+0000] {processor.py:840} INFO - DAG(s) 'example_dag_decorator' retrieved from /home/airflow/.local/lib/python3.8/site-packages/airflow/example_dags/example_dag_decorator.py
[2024-10-29T23:53:14.016+0000] {logging_mixin.py:188} INFO - [2024-10-29T23:53:14.016+0000] {dag.py:3047} INFO - Sync 1 DAGs
[2024-10-29T23:53:14.032+0000] {logging_mixin.py:188} INFO - [2024-10-29T23:53:14.031+0000] {dag.py:3834} INFO - Setting next_dagrun for example_dag_decorator to None, run_after=None
[2024-10-29T23:53:14.062+0000] {processor.py:183} INFO - Processing /home/airflow/.local/lib/python3.8/site-packages/airflow/example_dags/example_dag_decorator.py took 0.412 seconds
[2024-10-29T23:53:44.248+0000] {processor.py:161} INFO - Started process (PID=2211) to work on /home/airflow/.local/lib/python3.8/site-packages/airflow/example_dags/example_dag_decorator.py
[2024-10-29T23:53:44.249+0000] {processor.py:830} INFO - Processing file /home/airflow/.local/lib/python3.8/site-packages/airflow/example_dags/example_dag_decorator.py for tasks to queue
[2024-10-29T23:53:44.251+0000] {logging_mixin.py:188} INFO - [2024-10-29T23:53:44.251+0000] {dagbag.py:540} INFO - Filling up the DagBag from /home/airflow/.local/lib/python3.8/site-packages/airflow/example_dags/example_dag_decorator.py
[2024-10-29T23:53:44.512+0000] {processor.py:840} INFO - DAG(s) 'example_dag_decorator' retrieved from /home/airflow/.local/lib/python3.8/site-packages/airflow/example_dags/example_dag_decorator.py
[2024-10-29T23:53:44.543+0000] {logging_mixin.py:188} INFO - [2024-10-29T23:53:44.542+0000] {dag.py:3047} INFO - Sync 1 DAGs
[2024-10-29T23:53:44.561+0000] {logging_mixin.py:188} INFO - [2024-10-29T23:53:44.561+0000] {dag.py:3834} INFO - Setting next_dagrun for example_dag_decorator to None, run_after=None
[2024-10-29T23:53:44.591+0000] {processor.py:183} INFO - Processing /home/airflow/.local/lib/python3.8/site-packages/airflow/example_dags/example_dag_decorator.py took 0.346 seconds
[2024-10-29T23:54:15.362+0000] {processor.py:161} INFO - Started process (PID=2267) to work on /home/airflow/.local/lib/python3.8/site-packages/airflow/example_dags/example_dag_decorator.py
[2024-10-29T23:54:15.368+0000] {processor.py:830} INFO - Processing file /home/airflow/.local/lib/python3.8/site-packages/airflow/example_dags/example_dag_decorator.py for tasks to queue
[2024-10-29T23:54:15.369+0000] {logging_mixin.py:188} INFO - [2024-10-29T23:54:15.369+0000] {dagbag.py:540} INFO - Filling up the DagBag from /home/airflow/.local/lib/python3.8/site-packages/airflow/example_dags/example_dag_decorator.py
[2024-10-29T23:54:15.446+0000] {processor.py:840} INFO - DAG(s) 'example_dag_decorator' retrieved from /home/airflow/.local/lib/python3.8/site-packages/airflow/example_dags/example_dag_decorator.py
[2024-10-29T23:54:15.535+0000] {logging_mixin.py:188} INFO - [2024-10-29T23:54:15.535+0000] {dag.py:3047} INFO - Sync 1 DAGs
[2024-10-29T23:54:15.544+0000] {logging_mixin.py:188} INFO - [2024-10-29T23:54:15.544+0000] {dag.py:3834} INFO - Setting next_dagrun for example_dag_decorator to None, run_after=None
[2024-10-29T23:54:15.563+0000] {processor.py:183} INFO - Processing /home/airflow/.local/lib/python3.8/site-packages/airflow/example_dags/example_dag_decorator.py took 0.203 seconds
[2024-10-29T23:54:46.114+0000] {processor.py:161} INFO - Started process (PID=2323) to work on /home/airflow/.local/lib/python3.8/site-packages/airflow/example_dags/example_dag_decorator.py
[2024-10-29T23:54:46.115+0000] {processor.py:830} INFO - Processing file /home/airflow/.local/lib/python3.8/site-packages/airflow/example_dags/example_dag_decorator.py for tasks to queue
[2024-10-29T23:54:46.117+0000] {logging_mixin.py:188} INFO - [2024-10-29T23:54:46.116+0000] {dagbag.py:540} INFO - Filling up the DagBag from /home/airflow/.local/lib/python3.8/site-packages/airflow/example_dags/example_dag_decorator.py
[2024-10-29T23:54:46.235+0000] {processor.py:840} INFO - DAG(s) 'example_dag_decorator' retrieved from /home/airflow/.local/lib/python3.8/site-packages/airflow/example_dags/example_dag_decorator.py
[2024-10-29T23:54:46.272+0000] {logging_mixin.py:188} INFO - [2024-10-29T23:54:46.272+0000] {dag.py:3047} INFO - Sync 1 DAGs
[2024-10-29T23:54:46.296+0000] {logging_mixin.py:188} INFO - [2024-10-29T23:54:46.295+0000] {dag.py:3834} INFO - Setting next_dagrun for example_dag_decorator to None, run_after=None
[2024-10-29T23:54:46.325+0000] {processor.py:183} INFO - Processing /home/airflow/.local/lib/python3.8/site-packages/airflow/example_dags/example_dag_decorator.py took 0.215 seconds
[2024-10-29T23:55:16.401+0000] {processor.py:161} INFO - Started process (PID=2379) to work on /home/airflow/.local/lib/python3.8/site-packages/airflow/example_dags/example_dag_decorator.py
[2024-10-29T23:55:16.408+0000] {processor.py:830} INFO - Processing file /home/airflow/.local/lib/python3.8/site-packages/airflow/example_dags/example_dag_decorator.py for tasks to queue
[2024-10-29T23:55:16.413+0000] {logging_mixin.py:188} INFO - [2024-10-29T23:55:16.412+0000] {dagbag.py:540} INFO - Filling up the DagBag from /home/airflow/.local/lib/python3.8/site-packages/airflow/example_dags/example_dag_decorator.py
[2024-10-29T23:55:16.586+0000] {processor.py:840} INFO - DAG(s) 'example_dag_decorator' retrieved from /home/airflow/.local/lib/python3.8/site-packages/airflow/example_dags/example_dag_decorator.py
[2024-10-29T23:55:16.605+0000] {logging_mixin.py:188} INFO - [2024-10-29T23:55:16.605+0000] {dag.py:3047} INFO - Sync 1 DAGs
[2024-10-29T23:55:16.614+0000] {logging_mixin.py:188} INFO - [2024-10-29T23:55:16.614+0000] {dag.py:3834} INFO - Setting next_dagrun for example_dag_decorator to None, run_after=None
[2024-10-29T23:55:16.626+0000] {processor.py:183} INFO - Processing /home/airflow/.local/lib/python3.8/site-packages/airflow/example_dags/example_dag_decorator.py took 0.233 seconds
[2024-10-29T23:55:46.770+0000] {processor.py:161} INFO - Started process (PID=2435) to work on /home/airflow/.local/lib/python3.8/site-packages/airflow/example_dags/example_dag_decorator.py
[2024-10-29T23:55:46.772+0000] {processor.py:830} INFO - Processing file /home/airflow/.local/lib/python3.8/site-packages/airflow/example_dags/example_dag_decorator.py for tasks to queue
[2024-10-29T23:55:46.777+0000] {logging_mixin.py:188} INFO - [2024-10-29T23:55:46.776+0000] {dagbag.py:540} INFO - Filling up the DagBag from /home/airflow/.local/lib/python3.8/site-packages/airflow/example_dags/example_dag_decorator.py
[2024-10-29T23:55:46.956+0000] {processor.py:840} INFO - DAG(s) 'example_dag_decorator' retrieved from /home/airflow/.local/lib/python3.8/site-packages/airflow/example_dags/example_dag_decorator.py
[2024-10-29T23:55:46.974+0000] {logging_mixin.py:188} INFO - [2024-10-29T23:55:46.973+0000] {dag.py:3047} INFO - Sync 1 DAGs
[2024-10-29T23:55:46.982+0000] {logging_mixin.py:188} INFO - [2024-10-29T23:55:46.982+0000] {dag.py:3834} INFO - Setting next_dagrun for example_dag_decorator to None, run_after=None
[2024-10-29T23:55:46.994+0000] {processor.py:183} INFO - Processing /home/airflow/.local/lib/python3.8/site-packages/airflow/example_dags/example_dag_decorator.py took 0.231 seconds
[2024-10-29T23:56:17.582+0000] {processor.py:161} INFO - Started process (PID=2491) to work on /home/airflow/.local/lib/python3.8/site-packages/airflow/example_dags/example_dag_decorator.py
[2024-10-29T23:56:17.583+0000] {processor.py:830} INFO - Processing file /home/airflow/.local/lib/python3.8/site-packages/airflow/example_dags/example_dag_decorator.py for tasks to queue
[2024-10-29T23:56:17.586+0000] {logging_mixin.py:188} INFO - [2024-10-29T23:56:17.585+0000] {dagbag.py:540} INFO - Filling up the DagBag from /home/airflow/.local/lib/python3.8/site-packages/airflow/example_dags/example_dag_decorator.py
[2024-10-29T23:56:17.761+0000] {processor.py:840} INFO - DAG(s) 'example_dag_decorator' retrieved from /home/airflow/.local/lib/python3.8/site-packages/airflow/example_dags/example_dag_decorator.py
[2024-10-29T23:56:17.789+0000] {logging_mixin.py:188} INFO - [2024-10-29T23:56:17.789+0000] {dag.py:3047} INFO - Sync 1 DAGs
[2024-10-29T23:56:17.804+0000] {logging_mixin.py:188} INFO - [2024-10-29T23:56:17.803+0000] {dag.py:3834} INFO - Setting next_dagrun for example_dag_decorator to None, run_after=None
[2024-10-29T23:56:17.830+0000] {processor.py:183} INFO - Processing /home/airflow/.local/lib/python3.8/site-packages/airflow/example_dags/example_dag_decorator.py took 0.252 seconds
[2024-10-29T23:56:48.128+0000] {processor.py:161} INFO - Started process (PID=2547) to work on /home/airflow/.local/lib/python3.8/site-packages/airflow/example_dags/example_dag_decorator.py
[2024-10-29T23:56:48.128+0000] {processor.py:830} INFO - Processing file /home/airflow/.local/lib/python3.8/site-packages/airflow/example_dags/example_dag_decorator.py for tasks to queue
[2024-10-29T23:56:48.130+0000] {logging_mixin.py:188} INFO - [2024-10-29T23:56:48.130+0000] {dagbag.py:540} INFO - Filling up the DagBag from /home/airflow/.local/lib/python3.8/site-packages/airflow/example_dags/example_dag_decorator.py
[2024-10-29T23:56:48.261+0000] {processor.py:840} INFO - DAG(s) 'example_dag_decorator' retrieved from /home/airflow/.local/lib/python3.8/site-packages/airflow/example_dags/example_dag_decorator.py
[2024-10-29T23:56:48.344+0000] {logging_mixin.py:188} INFO - [2024-10-29T23:56:48.343+0000] {dag.py:3047} INFO - Sync 1 DAGs
[2024-10-29T23:56:48.351+0000] {logging_mixin.py:188} INFO - [2024-10-29T23:56:48.351+0000] {dag.py:3834} INFO - Setting next_dagrun for example_dag_decorator to None, run_after=None
[2024-10-29T23:56:48.364+0000] {processor.py:183} INFO - Processing /home/airflow/.local/lib/python3.8/site-packages/airflow/example_dags/example_dag_decorator.py took 0.238 seconds
[2024-10-29T23:57:18.884+0000] {processor.py:161} INFO - Started process (PID=2603) to work on /home/airflow/.local/lib/python3.8/site-packages/airflow/example_dags/example_dag_decorator.py
[2024-10-29T23:57:18.884+0000] {processor.py:830} INFO - Processing file /home/airflow/.local/lib/python3.8/site-packages/airflow/example_dags/example_dag_decorator.py for tasks to queue
[2024-10-29T23:57:18.887+0000] {logging_mixin.py:188} INFO - [2024-10-29T23:57:18.886+0000] {dagbag.py:540} INFO - Filling up the DagBag from /home/airflow/.local/lib/python3.8/site-packages/airflow/example_dags/example_dag_decorator.py
[2024-10-29T23:57:18.989+0000] {processor.py:840} INFO - DAG(s) 'example_dag_decorator' retrieved from /home/airflow/.local/lib/python3.8/site-packages/airflow/example_dags/example_dag_decorator.py
[2024-10-29T23:57:19.113+0000] {logging_mixin.py:188} INFO - [2024-10-29T23:57:19.113+0000] {dag.py:3047} INFO - Sync 1 DAGs
[2024-10-29T23:57:19.127+0000] {logging_mixin.py:188} INFO - [2024-10-29T23:57:19.126+0000] {dag.py:3834} INFO - Setting next_dagrun for example_dag_decorator to None, run_after=None
[2024-10-29T23:57:19.145+0000] {processor.py:183} INFO - Processing /home/airflow/.local/lib/python3.8/site-packages/airflow/example_dags/example_dag_decorator.py took 0.264 seconds
[2024-10-29T23:57:49.191+0000] {processor.py:161} INFO - Started process (PID=2660) to work on /home/airflow/.local/lib/python3.8/site-packages/airflow/example_dags/example_dag_decorator.py
[2024-10-29T23:57:49.193+0000] {processor.py:830} INFO - Processing file /home/airflow/.local/lib/python3.8/site-packages/airflow/example_dags/example_dag_decorator.py for tasks to queue
[2024-10-29T23:57:49.198+0000] {logging_mixin.py:188} INFO - [2024-10-29T23:57:49.197+0000] {dagbag.py:540} INFO - Filling up the DagBag from /home/airflow/.local/lib/python3.8/site-packages/airflow/example_dags/example_dag_decorator.py
[2024-10-29T23:57:49.473+0000] {processor.py:840} INFO - DAG(s) 'example_dag_decorator' retrieved from /home/airflow/.local/lib/python3.8/site-packages/airflow/example_dags/example_dag_decorator.py
[2024-10-29T23:57:49.601+0000] {logging_mixin.py:188} INFO - [2024-10-29T23:57:49.601+0000] {dag.py:3047} INFO - Sync 1 DAGs
[2024-10-29T23:57:49.611+0000] {logging_mixin.py:188} INFO - [2024-10-29T23:57:49.610+0000] {dag.py:3834} INFO - Setting next_dagrun for example_dag_decorator to None, run_after=None
[2024-10-29T23:57:49.631+0000] {processor.py:183} INFO - Processing /home/airflow/.local/lib/python3.8/site-packages/airflow/example_dags/example_dag_decorator.py took 0.449 seconds
[2024-10-29T23:58:19.929+0000] {processor.py:161} INFO - Started process (PID=2715) to work on /home/airflow/.local/lib/python3.8/site-packages/airflow/example_dags/example_dag_decorator.py
[2024-10-29T23:58:19.935+0000] {processor.py:830} INFO - Processing file /home/airflow/.local/lib/python3.8/site-packages/airflow/example_dags/example_dag_decorator.py for tasks to queue
[2024-10-29T23:58:19.938+0000] {logging_mixin.py:188} INFO - [2024-10-29T23:58:19.937+0000] {dagbag.py:540} INFO - Filling up the DagBag from /home/airflow/.local/lib/python3.8/site-packages/airflow/example_dags/example_dag_decorator.py
[2024-10-29T23:58:20.053+0000] {processor.py:840} INFO - DAG(s) 'example_dag_decorator' retrieved from /home/airflow/.local/lib/python3.8/site-packages/airflow/example_dags/example_dag_decorator.py
[2024-10-29T23:58:20.192+0000] {logging_mixin.py:188} INFO - [2024-10-29T23:58:20.192+0000] {dag.py:3047} INFO - Sync 1 DAGs
[2024-10-29T23:58:20.205+0000] {logging_mixin.py:188} INFO - [2024-10-29T23:58:20.205+0000] {dag.py:3834} INFO - Setting next_dagrun for example_dag_decorator to None, run_after=None
[2024-10-29T23:58:20.232+0000] {processor.py:183} INFO - Processing /home/airflow/.local/lib/python3.8/site-packages/airflow/example_dags/example_dag_decorator.py took 0.306 seconds
[2024-10-29T23:58:50.996+0000] {processor.py:161} INFO - Started process (PID=2771) to work on /home/airflow/.local/lib/python3.8/site-packages/airflow/example_dags/example_dag_decorator.py
[2024-10-29T23:58:51.001+0000] {processor.py:830} INFO - Processing file /home/airflow/.local/lib/python3.8/site-packages/airflow/example_dags/example_dag_decorator.py for tasks to queue
[2024-10-29T23:58:51.004+0000] {logging_mixin.py:188} INFO - [2024-10-29T23:58:51.003+0000] {dagbag.py:540} INFO - Filling up the DagBag from /home/airflow/.local/lib/python3.8/site-packages/airflow/example_dags/example_dag_decorator.py
[2024-10-29T23:58:51.107+0000] {processor.py:840} INFO - DAG(s) 'example_dag_decorator' retrieved from /home/airflow/.local/lib/python3.8/site-packages/airflow/example_dags/example_dag_decorator.py
[2024-10-29T23:58:51.224+0000] {logging_mixin.py:188} INFO - [2024-10-29T23:58:51.224+0000] {dag.py:3047} INFO - Sync 1 DAGs
[2024-10-29T23:58:51.238+0000] {logging_mixin.py:188} INFO - [2024-10-29T23:58:51.238+0000] {dag.py:3834} INFO - Setting next_dagrun for example_dag_decorator to None, run_after=None
[2024-10-29T23:58:51.258+0000] {processor.py:183} INFO - Processing /home/airflow/.local/lib/python3.8/site-packages/airflow/example_dags/example_dag_decorator.py took 0.264 seconds
[2024-10-29T23:59:21.421+0000] {processor.py:161} INFO - Started process (PID=2827) to work on /home/airflow/.local/lib/python3.8/site-packages/airflow/example_dags/example_dag_decorator.py
[2024-10-29T23:59:21.422+0000] {processor.py:830} INFO - Processing file /home/airflow/.local/lib/python3.8/site-packages/airflow/example_dags/example_dag_decorator.py for tasks to queue
[2024-10-29T23:59:21.424+0000] {logging_mixin.py:188} INFO - [2024-10-29T23:59:21.423+0000] {dagbag.py:540} INFO - Filling up the DagBag from /home/airflow/.local/lib/python3.8/site-packages/airflow/example_dags/example_dag_decorator.py
[2024-10-29T23:59:21.510+0000] {processor.py:840} INFO - DAG(s) 'example_dag_decorator' retrieved from /home/airflow/.local/lib/python3.8/site-packages/airflow/example_dags/example_dag_decorator.py
[2024-10-29T23:59:21.607+0000] {logging_mixin.py:188} INFO - [2024-10-29T23:59:21.607+0000] {dag.py:3047} INFO - Sync 1 DAGs
[2024-10-29T23:59:21.617+0000] {logging_mixin.py:188} INFO - [2024-10-29T23:59:21.616+0000] {dag.py:3834} INFO - Setting next_dagrun for example_dag_decorator to None, run_after=None
[2024-10-29T23:59:21.633+0000] {processor.py:183} INFO - Processing /home/airflow/.local/lib/python3.8/site-packages/airflow/example_dags/example_dag_decorator.py took 0.214 seconds
[2024-10-29T23:59:51.865+0000] {processor.py:161} INFO - Started process (PID=2883) to work on /home/airflow/.local/lib/python3.8/site-packages/airflow/example_dags/example_dag_decorator.py
[2024-10-29T23:59:51.872+0000] {processor.py:830} INFO - Processing file /home/airflow/.local/lib/python3.8/site-packages/airflow/example_dags/example_dag_decorator.py for tasks to queue
[2024-10-29T23:59:51.877+0000] {logging_mixin.py:188} INFO - [2024-10-29T23:59:51.876+0000] {dagbag.py:540} INFO - Filling up the DagBag from /home/airflow/.local/lib/python3.8/site-packages/airflow/example_dags/example_dag_decorator.py
[2024-10-29T23:59:52.027+0000] {processor.py:840} INFO - DAG(s) 'example_dag_decorator' retrieved from /home/airflow/.local/lib/python3.8/site-packages/airflow/example_dags/example_dag_decorator.py
[2024-10-29T23:59:52.115+0000] {logging_mixin.py:188} INFO - [2024-10-29T23:59:52.115+0000] {dag.py:3047} INFO - Sync 1 DAGs
[2024-10-29T23:59:52.125+0000] {logging_mixin.py:188} INFO - [2024-10-29T23:59:52.125+0000] {dag.py:3834} INFO - Setting next_dagrun for example_dag_decorator to None, run_after=None
[2024-10-29T23:59:52.139+0000] {processor.py:183} INFO - Processing /home/airflow/.local/lib/python3.8/site-packages/airflow/example_dags/example_dag_decorator.py took 0.282 seconds
