[2024-10-29T23:27:23.257+0000] {processor.py:161} INFO - Started process (PID=16653) to work on /home/airflow/.local/lib/python3.8/site-packages/airflow/example_dags/example_nested_branch_dag.py
[2024-10-29T23:27:23.257+0000] {processor.py:830} INFO - Processing file /home/airflow/.local/lib/python3.8/site-packages/airflow/example_dags/example_nested_branch_dag.py for tasks to queue
[2024-10-29T23:27:23.259+0000] {logging_mixin.py:188} INFO - [2024-10-29T23:27:23.258+0000] {dagbag.py:540} INFO - Filling up the DagBag from /home/airflow/.local/lib/python3.8/site-packages/airflow/example_dags/example_nested_branch_dag.py
[2024-10-29T23:27:23.282+0000] {processor.py:840} INFO - DAG(s) 'example_nested_branch_dag' retrieved from /home/airflow/.local/lib/python3.8/site-packages/airflow/example_dags/example_nested_branch_dag.py
[2024-10-29T23:27:23.305+0000] {logging_mixin.py:188} INFO - [2024-10-29T23:27:23.305+0000] {dag.py:3047} INFO - Sync 1 DAGs
[2024-10-29T23:27:23.326+0000] {logging_mixin.py:188} INFO - [2024-10-29T23:27:23.326+0000] {dag.py:3834} INFO - Setting next_dagrun for example_nested_branch_dag to 2024-10-28 00:00:00+00:00, run_after=2024-10-29 00:00:00+00:00
[2024-10-29T23:27:23.353+0000] {processor.py:183} INFO - Processing /home/airflow/.local/lib/python3.8/site-packages/airflow/example_dags/example_nested_branch_dag.py took 0.098 seconds
[2024-10-29T23:27:53.841+0000] {processor.py:161} INFO - Started process (PID=16709) to work on /home/airflow/.local/lib/python3.8/site-packages/airflow/example_dags/example_nested_branch_dag.py
[2024-10-29T23:27:53.841+0000] {processor.py:830} INFO - Processing file /home/airflow/.local/lib/python3.8/site-packages/airflow/example_dags/example_nested_branch_dag.py for tasks to queue
[2024-10-29T23:27:53.843+0000] {logging_mixin.py:188} INFO - [2024-10-29T23:27:53.842+0000] {dagbag.py:540} INFO - Filling up the DagBag from /home/airflow/.local/lib/python3.8/site-packages/airflow/example_dags/example_nested_branch_dag.py
[2024-10-29T23:27:53.852+0000] {processor.py:840} INFO - DAG(s) 'example_nested_branch_dag' retrieved from /home/airflow/.local/lib/python3.8/site-packages/airflow/example_dags/example_nested_branch_dag.py
[2024-10-29T23:27:53.870+0000] {logging_mixin.py:188} INFO - [2024-10-29T23:27:53.870+0000] {dag.py:3047} INFO - Sync 1 DAGs
[2024-10-29T23:27:53.891+0000] {logging_mixin.py:188} INFO - [2024-10-29T23:27:53.890+0000] {dag.py:3834} INFO - Setting next_dagrun for example_nested_branch_dag to 2024-10-28 00:00:00+00:00, run_after=2024-10-29 00:00:00+00:00
[2024-10-29T23:27:53.907+0000] {processor.py:183} INFO - Processing /home/airflow/.local/lib/python3.8/site-packages/airflow/example_dags/example_nested_branch_dag.py took 0.069 seconds
[2024-10-29T23:28:24.603+0000] {processor.py:161} INFO - Started process (PID=16765) to work on /home/airflow/.local/lib/python3.8/site-packages/airflow/example_dags/example_nested_branch_dag.py
[2024-10-29T23:28:24.604+0000] {processor.py:830} INFO - Processing file /home/airflow/.local/lib/python3.8/site-packages/airflow/example_dags/example_nested_branch_dag.py for tasks to queue
[2024-10-29T23:28:24.605+0000] {logging_mixin.py:188} INFO - [2024-10-29T23:28:24.605+0000] {dagbag.py:540} INFO - Filling up the DagBag from /home/airflow/.local/lib/python3.8/site-packages/airflow/example_dags/example_nested_branch_dag.py
[2024-10-29T23:28:24.615+0000] {processor.py:840} INFO - DAG(s) 'example_nested_branch_dag' retrieved from /home/airflow/.local/lib/python3.8/site-packages/airflow/example_dags/example_nested_branch_dag.py
[2024-10-29T23:28:24.639+0000] {logging_mixin.py:188} INFO - [2024-10-29T23:28:24.639+0000] {dag.py:3047} INFO - Sync 1 DAGs
[2024-10-29T23:28:24.667+0000] {logging_mixin.py:188} INFO - [2024-10-29T23:28:24.667+0000] {dag.py:3834} INFO - Setting next_dagrun for example_nested_branch_dag to 2024-10-28 00:00:00+00:00, run_after=2024-10-29 00:00:00+00:00
[2024-10-29T23:28:24.687+0000] {processor.py:183} INFO - Processing /home/airflow/.local/lib/python3.8/site-packages/airflow/example_dags/example_nested_branch_dag.py took 0.087 seconds
[2024-10-29T23:28:55.578+0000] {processor.py:161} INFO - Started process (PID=16821) to work on /home/airflow/.local/lib/python3.8/site-packages/airflow/example_dags/example_nested_branch_dag.py
[2024-10-29T23:28:55.579+0000] {processor.py:830} INFO - Processing file /home/airflow/.local/lib/python3.8/site-packages/airflow/example_dags/example_nested_branch_dag.py for tasks to queue
[2024-10-29T23:28:55.580+0000] {logging_mixin.py:188} INFO - [2024-10-29T23:28:55.580+0000] {dagbag.py:540} INFO - Filling up the DagBag from /home/airflow/.local/lib/python3.8/site-packages/airflow/example_dags/example_nested_branch_dag.py
[2024-10-29T23:28:55.589+0000] {processor.py:840} INFO - DAG(s) 'example_nested_branch_dag' retrieved from /home/airflow/.local/lib/python3.8/site-packages/airflow/example_dags/example_nested_branch_dag.py
[2024-10-29T23:28:55.605+0000] {logging_mixin.py:188} INFO - [2024-10-29T23:28:55.605+0000] {dag.py:3047} INFO - Sync 1 DAGs
[2024-10-29T23:28:55.626+0000] {logging_mixin.py:188} INFO - [2024-10-29T23:28:55.625+0000] {dag.py:3834} INFO - Setting next_dagrun for example_nested_branch_dag to 2024-10-28 00:00:00+00:00, run_after=2024-10-29 00:00:00+00:00
[2024-10-29T23:28:55.640+0000] {processor.py:183} INFO - Processing /home/airflow/.local/lib/python3.8/site-packages/airflow/example_dags/example_nested_branch_dag.py took 0.064 seconds
[2024-10-29T23:29:26.662+0000] {processor.py:161} INFO - Started process (PID=16877) to work on /home/airflow/.local/lib/python3.8/site-packages/airflow/example_dags/example_nested_branch_dag.py
[2024-10-29T23:29:26.663+0000] {processor.py:830} INFO - Processing file /home/airflow/.local/lib/python3.8/site-packages/airflow/example_dags/example_nested_branch_dag.py for tasks to queue
[2024-10-29T23:29:26.665+0000] {logging_mixin.py:188} INFO - [2024-10-29T23:29:26.665+0000] {dagbag.py:540} INFO - Filling up the DagBag from /home/airflow/.local/lib/python3.8/site-packages/airflow/example_dags/example_nested_branch_dag.py
[2024-10-29T23:29:26.676+0000] {processor.py:840} INFO - DAG(s) 'example_nested_branch_dag' retrieved from /home/airflow/.local/lib/python3.8/site-packages/airflow/example_dags/example_nested_branch_dag.py
[2024-10-29T23:29:26.700+0000] {logging_mixin.py:188} INFO - [2024-10-29T23:29:26.700+0000] {dag.py:3047} INFO - Sync 1 DAGs
[2024-10-29T23:29:26.735+0000] {logging_mixin.py:188} INFO - [2024-10-29T23:29:26.734+0000] {dag.py:3834} INFO - Setting next_dagrun for example_nested_branch_dag to 2024-10-28 00:00:00+00:00, run_after=2024-10-29 00:00:00+00:00
[2024-10-29T23:29:26.761+0000] {processor.py:183} INFO - Processing /home/airflow/.local/lib/python3.8/site-packages/airflow/example_dags/example_nested_branch_dag.py took 0.102 seconds
[2024-10-29T23:29:56.818+0000] {processor.py:161} INFO - Started process (PID=16933) to work on /home/airflow/.local/lib/python3.8/site-packages/airflow/example_dags/example_nested_branch_dag.py
[2024-10-29T23:29:56.819+0000] {processor.py:830} INFO - Processing file /home/airflow/.local/lib/python3.8/site-packages/airflow/example_dags/example_nested_branch_dag.py for tasks to queue
[2024-10-29T23:29:56.821+0000] {logging_mixin.py:188} INFO - [2024-10-29T23:29:56.820+0000] {dagbag.py:540} INFO - Filling up the DagBag from /home/airflow/.local/lib/python3.8/site-packages/airflow/example_dags/example_nested_branch_dag.py
[2024-10-29T23:29:56.830+0000] {processor.py:840} INFO - DAG(s) 'example_nested_branch_dag' retrieved from /home/airflow/.local/lib/python3.8/site-packages/airflow/example_dags/example_nested_branch_dag.py
[2024-10-29T23:29:56.849+0000] {logging_mixin.py:188} INFO - [2024-10-29T23:29:56.849+0000] {dag.py:3047} INFO - Sync 1 DAGs
[2024-10-29T23:29:56.872+0000] {logging_mixin.py:188} INFO - [2024-10-29T23:29:56.872+0000] {dag.py:3834} INFO - Setting next_dagrun for example_nested_branch_dag to 2024-10-28 00:00:00+00:00, run_after=2024-10-29 00:00:00+00:00
[2024-10-29T23:29:56.889+0000] {processor.py:183} INFO - Processing /home/airflow/.local/lib/python3.8/site-packages/airflow/example_dags/example_nested_branch_dag.py took 0.074 seconds
[2024-10-29T23:30:27.414+0000] {processor.py:161} INFO - Started process (PID=16989) to work on /home/airflow/.local/lib/python3.8/site-packages/airflow/example_dags/example_nested_branch_dag.py
[2024-10-29T23:30:27.415+0000] {processor.py:830} INFO - Processing file /home/airflow/.local/lib/python3.8/site-packages/airflow/example_dags/example_nested_branch_dag.py for tasks to queue
[2024-10-29T23:30:27.417+0000] {logging_mixin.py:188} INFO - [2024-10-29T23:30:27.417+0000] {dagbag.py:540} INFO - Filling up the DagBag from /home/airflow/.local/lib/python3.8/site-packages/airflow/example_dags/example_nested_branch_dag.py
[2024-10-29T23:30:27.427+0000] {processor.py:840} INFO - DAG(s) 'example_nested_branch_dag' retrieved from /home/airflow/.local/lib/python3.8/site-packages/airflow/example_dags/example_nested_branch_dag.py
[2024-10-29T23:30:27.453+0000] {logging_mixin.py:188} INFO - [2024-10-29T23:30:27.453+0000] {dag.py:3047} INFO - Sync 1 DAGs
[2024-10-29T23:30:27.480+0000] {logging_mixin.py:188} INFO - [2024-10-29T23:30:27.480+0000] {dag.py:3834} INFO - Setting next_dagrun for example_nested_branch_dag to 2024-10-28 00:00:00+00:00, run_after=2024-10-29 00:00:00+00:00
[2024-10-29T23:30:27.500+0000] {processor.py:183} INFO - Processing /home/airflow/.local/lib/python3.8/site-packages/airflow/example_dags/example_nested_branch_dag.py took 0.088 seconds
[2024-10-29T23:30:58.231+0000] {processor.py:161} INFO - Started process (PID=17044) to work on /home/airflow/.local/lib/python3.8/site-packages/airflow/example_dags/example_nested_branch_dag.py
[2024-10-29T23:30:58.232+0000] {processor.py:830} INFO - Processing file /home/airflow/.local/lib/python3.8/site-packages/airflow/example_dags/example_nested_branch_dag.py for tasks to queue
[2024-10-29T23:30:58.234+0000] {logging_mixin.py:188} INFO - [2024-10-29T23:30:58.234+0000] {dagbag.py:540} INFO - Filling up the DagBag from /home/airflow/.local/lib/python3.8/site-packages/airflow/example_dags/example_nested_branch_dag.py
[2024-10-29T23:30:58.245+0000] {processor.py:840} INFO - DAG(s) 'example_nested_branch_dag' retrieved from /home/airflow/.local/lib/python3.8/site-packages/airflow/example_dags/example_nested_branch_dag.py
[2024-10-29T23:30:58.273+0000] {logging_mixin.py:188} INFO - [2024-10-29T23:30:58.272+0000] {dag.py:3047} INFO - Sync 1 DAGs
[2024-10-29T23:30:58.311+0000] {logging_mixin.py:188} INFO - [2024-10-29T23:30:58.310+0000] {dag.py:3834} INFO - Setting next_dagrun for example_nested_branch_dag to 2024-10-28 00:00:00+00:00, run_after=2024-10-29 00:00:00+00:00
[2024-10-29T23:30:58.331+0000] {processor.py:183} INFO - Processing /home/airflow/.local/lib/python3.8/site-packages/airflow/example_dags/example_nested_branch_dag.py took 0.103 seconds
[2024-10-29T23:31:28.862+0000] {processor.py:161} INFO - Started process (PID=17100) to work on /home/airflow/.local/lib/python3.8/site-packages/airflow/example_dags/example_nested_branch_dag.py
[2024-10-29T23:31:28.862+0000] {processor.py:830} INFO - Processing file /home/airflow/.local/lib/python3.8/site-packages/airflow/example_dags/example_nested_branch_dag.py for tasks to queue
[2024-10-29T23:31:28.864+0000] {logging_mixin.py:188} INFO - [2024-10-29T23:31:28.864+0000] {dagbag.py:540} INFO - Filling up the DagBag from /home/airflow/.local/lib/python3.8/site-packages/airflow/example_dags/example_nested_branch_dag.py
[2024-10-29T23:31:28.873+0000] {processor.py:840} INFO - DAG(s) 'example_nested_branch_dag' retrieved from /home/airflow/.local/lib/python3.8/site-packages/airflow/example_dags/example_nested_branch_dag.py
[2024-10-29T23:31:28.894+0000] {logging_mixin.py:188} INFO - [2024-10-29T23:31:28.894+0000] {dag.py:3047} INFO - Sync 1 DAGs
[2024-10-29T23:31:28.920+0000] {logging_mixin.py:188} INFO - [2024-10-29T23:31:28.920+0000] {dag.py:3834} INFO - Setting next_dagrun for example_nested_branch_dag to 2024-10-28 00:00:00+00:00, run_after=2024-10-29 00:00:00+00:00
[2024-10-29T23:31:29.066+0000] {processor.py:183} INFO - Processing /home/airflow/.local/lib/python3.8/site-packages/airflow/example_dags/example_nested_branch_dag.py took 0.207 seconds
[2024-10-29T23:31:59.400+0000] {processor.py:161} INFO - Started process (PID=17156) to work on /home/airflow/.local/lib/python3.8/site-packages/airflow/example_dags/example_nested_branch_dag.py
[2024-10-29T23:31:59.400+0000] {processor.py:830} INFO - Processing file /home/airflow/.local/lib/python3.8/site-packages/airflow/example_dags/example_nested_branch_dag.py for tasks to queue
[2024-10-29T23:31:59.402+0000] {logging_mixin.py:188} INFO - [2024-10-29T23:31:59.401+0000] {dagbag.py:540} INFO - Filling up the DagBag from /home/airflow/.local/lib/python3.8/site-packages/airflow/example_dags/example_nested_branch_dag.py
[2024-10-29T23:31:59.410+0000] {processor.py:840} INFO - DAG(s) 'example_nested_branch_dag' retrieved from /home/airflow/.local/lib/python3.8/site-packages/airflow/example_dags/example_nested_branch_dag.py
[2024-10-29T23:31:59.432+0000] {logging_mixin.py:188} INFO - [2024-10-29T23:31:59.432+0000] {dag.py:3047} INFO - Sync 1 DAGs
[2024-10-29T23:31:59.468+0000] {logging_mixin.py:188} INFO - [2024-10-29T23:31:59.467+0000] {dag.py:3834} INFO - Setting next_dagrun for example_nested_branch_dag to 2024-10-28 00:00:00+00:00, run_after=2024-10-29 00:00:00+00:00
[2024-10-29T23:31:59.572+0000] {processor.py:183} INFO - Processing /home/airflow/.local/lib/python3.8/site-packages/airflow/example_dags/example_nested_branch_dag.py took 0.175 seconds
[2024-10-29T23:32:31.218+0000] {processor.py:161} INFO - Started process (PID=17211) to work on /home/airflow/.local/lib/python3.8/site-packages/airflow/example_dags/example_nested_branch_dag.py
[2024-10-29T23:32:31.219+0000] {processor.py:830} INFO - Processing file /home/airflow/.local/lib/python3.8/site-packages/airflow/example_dags/example_nested_branch_dag.py for tasks to queue
[2024-10-29T23:32:31.220+0000] {logging_mixin.py:188} INFO - [2024-10-29T23:32:31.220+0000] {dagbag.py:540} INFO - Filling up the DagBag from /home/airflow/.local/lib/python3.8/site-packages/airflow/example_dags/example_nested_branch_dag.py
[2024-10-29T23:32:31.233+0000] {processor.py:840} INFO - DAG(s) 'example_nested_branch_dag' retrieved from /home/airflow/.local/lib/python3.8/site-packages/airflow/example_dags/example_nested_branch_dag.py
[2024-10-29T23:32:31.256+0000] {logging_mixin.py:188} INFO - [2024-10-29T23:32:31.256+0000] {dag.py:3047} INFO - Sync 1 DAGs
[2024-10-29T23:32:31.416+0000] {logging_mixin.py:188} INFO - [2024-10-29T23:32:31.415+0000] {dag.py:3834} INFO - Setting next_dagrun for example_nested_branch_dag to 2024-10-28 00:00:00+00:00, run_after=2024-10-29 00:00:00+00:00
[2024-10-29T23:32:31.437+0000] {processor.py:183} INFO - Processing /home/airflow/.local/lib/python3.8/site-packages/airflow/example_dags/example_nested_branch_dag.py took 0.223 seconds
[2024-10-29T23:33:01.898+0000] {processor.py:161} INFO - Started process (PID=17267) to work on /home/airflow/.local/lib/python3.8/site-packages/airflow/example_dags/example_nested_branch_dag.py
[2024-10-29T23:33:01.899+0000] {processor.py:830} INFO - Processing file /home/airflow/.local/lib/python3.8/site-packages/airflow/example_dags/example_nested_branch_dag.py for tasks to queue
[2024-10-29T23:33:01.900+0000] {logging_mixin.py:188} INFO - [2024-10-29T23:33:01.900+0000] {dagbag.py:540} INFO - Filling up the DagBag from /home/airflow/.local/lib/python3.8/site-packages/airflow/example_dags/example_nested_branch_dag.py
[2024-10-29T23:33:01.910+0000] {processor.py:840} INFO - DAG(s) 'example_nested_branch_dag' retrieved from /home/airflow/.local/lib/python3.8/site-packages/airflow/example_dags/example_nested_branch_dag.py
[2024-10-29T23:33:01.931+0000] {logging_mixin.py:188} INFO - [2024-10-29T23:33:01.931+0000] {dag.py:3047} INFO - Sync 1 DAGs
[2024-10-29T23:33:02.060+0000] {logging_mixin.py:188} INFO - [2024-10-29T23:33:02.059+0000] {dag.py:3834} INFO - Setting next_dagrun for example_nested_branch_dag to 2024-10-28 00:00:00+00:00, run_after=2024-10-29 00:00:00+00:00
[2024-10-29T23:33:02.075+0000] {processor.py:183} INFO - Processing /home/airflow/.local/lib/python3.8/site-packages/airflow/example_dags/example_nested_branch_dag.py took 0.180 seconds
[2024-10-29T23:34:18.372+0000] {processor.py:161} INFO - Started process (PID=66) to work on /home/airflow/.local/lib/python3.8/site-packages/airflow/example_dags/example_nested_branch_dag.py
[2024-10-29T23:34:18.374+0000] {processor.py:830} INFO - Processing file /home/airflow/.local/lib/python3.8/site-packages/airflow/example_dags/example_nested_branch_dag.py for tasks to queue
[2024-10-29T23:34:18.376+0000] {logging_mixin.py:188} INFO - [2024-10-29T23:34:18.376+0000] {dagbag.py:540} INFO - Filling up the DagBag from /home/airflow/.local/lib/python3.8/site-packages/airflow/example_dags/example_nested_branch_dag.py
[2024-10-29T23:34:18.398+0000] {processor.py:840} INFO - DAG(s) 'example_nested_branch_dag' retrieved from /home/airflow/.local/lib/python3.8/site-packages/airflow/example_dags/example_nested_branch_dag.py
[2024-10-29T23:34:18.416+0000] {logging_mixin.py:188} INFO - [2024-10-29T23:34:18.416+0000] {dag.py:3047} INFO - Sync 1 DAGs
[2024-10-29T23:34:18.460+0000] {logging_mixin.py:188} INFO - [2024-10-29T23:34:18.459+0000] {dag.py:3834} INFO - Setting next_dagrun for example_nested_branch_dag to 2024-10-28 00:00:00+00:00, run_after=2024-10-29 00:00:00+00:00
[2024-10-29T23:34:18.497+0000] {processor.py:183} INFO - Processing /home/airflow/.local/lib/python3.8/site-packages/airflow/example_dags/example_nested_branch_dag.py took 0.130 seconds
[2024-10-29T23:34:50.635+0000] {processor.py:161} INFO - Started process (PID=122) to work on /home/airflow/.local/lib/python3.8/site-packages/airflow/example_dags/example_nested_branch_dag.py
[2024-10-29T23:34:50.637+0000] {processor.py:830} INFO - Processing file /home/airflow/.local/lib/python3.8/site-packages/airflow/example_dags/example_nested_branch_dag.py for tasks to queue
[2024-10-29T23:34:50.639+0000] {logging_mixin.py:188} INFO - [2024-10-29T23:34:50.639+0000] {dagbag.py:540} INFO - Filling up the DagBag from /home/airflow/.local/lib/python3.8/site-packages/airflow/example_dags/example_nested_branch_dag.py
[2024-10-29T23:34:50.652+0000] {processor.py:840} INFO - DAG(s) 'example_nested_branch_dag' retrieved from /home/airflow/.local/lib/python3.8/site-packages/airflow/example_dags/example_nested_branch_dag.py
[2024-10-29T23:34:50.816+0000] {logging_mixin.py:188} INFO - [2024-10-29T23:34:50.815+0000] {dag.py:3047} INFO - Sync 1 DAGs
[2024-10-29T23:34:50.860+0000] {logging_mixin.py:188} INFO - [2024-10-29T23:34:50.860+0000] {dag.py:3834} INFO - Setting next_dagrun for example_nested_branch_dag to 2024-10-28 00:00:00+00:00, run_after=2024-10-29 00:00:00+00:00
[2024-10-29T23:34:50.892+0000] {processor.py:183} INFO - Processing /home/airflow/.local/lib/python3.8/site-packages/airflow/example_dags/example_nested_branch_dag.py took 0.261 seconds
[2024-10-29T23:35:21.744+0000] {processor.py:161} INFO - Started process (PID=178) to work on /home/airflow/.local/lib/python3.8/site-packages/airflow/example_dags/example_nested_branch_dag.py
[2024-10-29T23:35:21.745+0000] {processor.py:830} INFO - Processing file /home/airflow/.local/lib/python3.8/site-packages/airflow/example_dags/example_nested_branch_dag.py for tasks to queue
[2024-10-29T23:35:21.747+0000] {logging_mixin.py:188} INFO - [2024-10-29T23:35:21.747+0000] {dagbag.py:540} INFO - Filling up the DagBag from /home/airflow/.local/lib/python3.8/site-packages/airflow/example_dags/example_nested_branch_dag.py
[2024-10-29T23:35:21.758+0000] {processor.py:840} INFO - DAG(s) 'example_nested_branch_dag' retrieved from /home/airflow/.local/lib/python3.8/site-packages/airflow/example_dags/example_nested_branch_dag.py
[2024-10-29T23:35:21.779+0000] {logging_mixin.py:188} INFO - [2024-10-29T23:35:21.779+0000] {dag.py:3047} INFO - Sync 1 DAGs
[2024-10-29T23:35:21.807+0000] {logging_mixin.py:188} INFO - [2024-10-29T23:35:21.806+0000] {dag.py:3834} INFO - Setting next_dagrun for example_nested_branch_dag to 2024-10-28 00:00:00+00:00, run_after=2024-10-29 00:00:00+00:00
[2024-10-29T23:35:21.828+0000] {processor.py:183} INFO - Processing /home/airflow/.local/lib/python3.8/site-packages/airflow/example_dags/example_nested_branch_dag.py took 0.086 seconds
[2024-10-29T23:35:52.045+0000] {processor.py:161} INFO - Started process (PID=234) to work on /home/airflow/.local/lib/python3.8/site-packages/airflow/example_dags/example_nested_branch_dag.py
[2024-10-29T23:35:52.046+0000] {processor.py:830} INFO - Processing file /home/airflow/.local/lib/python3.8/site-packages/airflow/example_dags/example_nested_branch_dag.py for tasks to queue
[2024-10-29T23:35:52.047+0000] {logging_mixin.py:188} INFO - [2024-10-29T23:35:52.047+0000] {dagbag.py:540} INFO - Filling up the DagBag from /home/airflow/.local/lib/python3.8/site-packages/airflow/example_dags/example_nested_branch_dag.py
[2024-10-29T23:35:52.056+0000] {processor.py:840} INFO - DAG(s) 'example_nested_branch_dag' retrieved from /home/airflow/.local/lib/python3.8/site-packages/airflow/example_dags/example_nested_branch_dag.py
[2024-10-29T23:35:52.076+0000] {logging_mixin.py:188} INFO - [2024-10-29T23:35:52.076+0000] {dag.py:3047} INFO - Sync 1 DAGs
[2024-10-29T23:35:52.100+0000] {logging_mixin.py:188} INFO - [2024-10-29T23:35:52.100+0000] {dag.py:3834} INFO - Setting next_dagrun for example_nested_branch_dag to 2024-10-28 00:00:00+00:00, run_after=2024-10-29 00:00:00+00:00
[2024-10-29T23:35:52.118+0000] {processor.py:183} INFO - Processing /home/airflow/.local/lib/python3.8/site-packages/airflow/example_dags/example_nested_branch_dag.py took 0.076 seconds
[2024-10-29T23:36:23.027+0000] {processor.py:161} INFO - Started process (PID=290) to work on /home/airflow/.local/lib/python3.8/site-packages/airflow/example_dags/example_nested_branch_dag.py
[2024-10-29T23:36:23.028+0000] {processor.py:830} INFO - Processing file /home/airflow/.local/lib/python3.8/site-packages/airflow/example_dags/example_nested_branch_dag.py for tasks to queue
[2024-10-29T23:36:23.030+0000] {logging_mixin.py:188} INFO - [2024-10-29T23:36:23.029+0000] {dagbag.py:540} INFO - Filling up the DagBag from /home/airflow/.local/lib/python3.8/site-packages/airflow/example_dags/example_nested_branch_dag.py
[2024-10-29T23:36:23.038+0000] {processor.py:840} INFO - DAG(s) 'example_nested_branch_dag' retrieved from /home/airflow/.local/lib/python3.8/site-packages/airflow/example_dags/example_nested_branch_dag.py
[2024-10-29T23:36:23.064+0000] {logging_mixin.py:188} INFO - [2024-10-29T23:36:23.063+0000] {dag.py:3047} INFO - Sync 1 DAGs
[2024-10-29T23:36:23.091+0000] {logging_mixin.py:188} INFO - [2024-10-29T23:36:23.091+0000] {dag.py:3834} INFO - Setting next_dagrun for example_nested_branch_dag to 2024-10-28 00:00:00+00:00, run_after=2024-10-29 00:00:00+00:00
[2024-10-29T23:36:23.114+0000] {processor.py:183} INFO - Processing /home/airflow/.local/lib/python3.8/site-packages/airflow/example_dags/example_nested_branch_dag.py took 0.089 seconds
[2024-10-29T23:36:53.736+0000] {processor.py:161} INFO - Started process (PID=346) to work on /home/airflow/.local/lib/python3.8/site-packages/airflow/example_dags/example_nested_branch_dag.py
[2024-10-29T23:36:53.736+0000] {processor.py:830} INFO - Processing file /home/airflow/.local/lib/python3.8/site-packages/airflow/example_dags/example_nested_branch_dag.py for tasks to queue
[2024-10-29T23:36:53.738+0000] {logging_mixin.py:188} INFO - [2024-10-29T23:36:53.738+0000] {dagbag.py:540} INFO - Filling up the DagBag from /home/airflow/.local/lib/python3.8/site-packages/airflow/example_dags/example_nested_branch_dag.py
[2024-10-29T23:36:53.748+0000] {processor.py:840} INFO - DAG(s) 'example_nested_branch_dag' retrieved from /home/airflow/.local/lib/python3.8/site-packages/airflow/example_dags/example_nested_branch_dag.py
[2024-10-29T23:36:53.774+0000] {logging_mixin.py:188} INFO - [2024-10-29T23:36:53.774+0000] {dag.py:3047} INFO - Sync 1 DAGs
[2024-10-29T23:36:53.805+0000] {logging_mixin.py:188} INFO - [2024-10-29T23:36:53.805+0000] {dag.py:3834} INFO - Setting next_dagrun for example_nested_branch_dag to 2024-10-28 00:00:00+00:00, run_after=2024-10-29 00:00:00+00:00
[2024-10-29T23:36:53.827+0000] {processor.py:183} INFO - Processing /home/airflow/.local/lib/python3.8/site-packages/airflow/example_dags/example_nested_branch_dag.py took 0.095 seconds
[2024-10-29T23:37:24.047+0000] {processor.py:161} INFO - Started process (PID=402) to work on /home/airflow/.local/lib/python3.8/site-packages/airflow/example_dags/example_nested_branch_dag.py
[2024-10-29T23:37:24.048+0000] {processor.py:830} INFO - Processing file /home/airflow/.local/lib/python3.8/site-packages/airflow/example_dags/example_nested_branch_dag.py for tasks to queue
[2024-10-29T23:37:24.049+0000] {logging_mixin.py:188} INFO - [2024-10-29T23:37:24.049+0000] {dagbag.py:540} INFO - Filling up the DagBag from /home/airflow/.local/lib/python3.8/site-packages/airflow/example_dags/example_nested_branch_dag.py
[2024-10-29T23:37:24.062+0000] {processor.py:840} INFO - DAG(s) 'example_nested_branch_dag' retrieved from /home/airflow/.local/lib/python3.8/site-packages/airflow/example_dags/example_nested_branch_dag.py
[2024-10-29T23:37:24.086+0000] {logging_mixin.py:188} INFO - [2024-10-29T23:37:24.086+0000] {dag.py:3047} INFO - Sync 1 DAGs
[2024-10-29T23:37:24.114+0000] {logging_mixin.py:188} INFO - [2024-10-29T23:37:24.114+0000] {dag.py:3834} INFO - Setting next_dagrun for example_nested_branch_dag to 2024-10-28 00:00:00+00:00, run_after=2024-10-29 00:00:00+00:00
[2024-10-29T23:37:24.136+0000] {processor.py:183} INFO - Processing /home/airflow/.local/lib/python3.8/site-packages/airflow/example_dags/example_nested_branch_dag.py took 0.093 seconds
[2024-10-29T23:37:54.855+0000] {processor.py:161} INFO - Started process (PID=458) to work on /home/airflow/.local/lib/python3.8/site-packages/airflow/example_dags/example_nested_branch_dag.py
[2024-10-29T23:37:54.856+0000] {processor.py:830} INFO - Processing file /home/airflow/.local/lib/python3.8/site-packages/airflow/example_dags/example_nested_branch_dag.py for tasks to queue
[2024-10-29T23:37:54.859+0000] {logging_mixin.py:188} INFO - [2024-10-29T23:37:54.858+0000] {dagbag.py:540} INFO - Filling up the DagBag from /home/airflow/.local/lib/python3.8/site-packages/airflow/example_dags/example_nested_branch_dag.py
[2024-10-29T23:37:54.870+0000] {processor.py:840} INFO - DAG(s) 'example_nested_branch_dag' retrieved from /home/airflow/.local/lib/python3.8/site-packages/airflow/example_dags/example_nested_branch_dag.py
[2024-10-29T23:37:54.900+0000] {logging_mixin.py:188} INFO - [2024-10-29T23:37:54.900+0000] {dag.py:3047} INFO - Sync 1 DAGs
[2024-10-29T23:37:54.931+0000] {logging_mixin.py:188} INFO - [2024-10-29T23:37:54.930+0000] {dag.py:3834} INFO - Setting next_dagrun for example_nested_branch_dag to 2024-10-28 00:00:00+00:00, run_after=2024-10-29 00:00:00+00:00
[2024-10-29T23:37:54.958+0000] {processor.py:183} INFO - Processing /home/airflow/.local/lib/python3.8/site-packages/airflow/example_dags/example_nested_branch_dag.py took 0.107 seconds
[2024-10-29T23:38:25.487+0000] {processor.py:161} INFO - Started process (PID=514) to work on /home/airflow/.local/lib/python3.8/site-packages/airflow/example_dags/example_nested_branch_dag.py
[2024-10-29T23:38:25.488+0000] {processor.py:830} INFO - Processing file /home/airflow/.local/lib/python3.8/site-packages/airflow/example_dags/example_nested_branch_dag.py for tasks to queue
[2024-10-29T23:38:25.489+0000] {logging_mixin.py:188} INFO - [2024-10-29T23:38:25.489+0000] {dagbag.py:540} INFO - Filling up the DagBag from /home/airflow/.local/lib/python3.8/site-packages/airflow/example_dags/example_nested_branch_dag.py
[2024-10-29T23:38:25.499+0000] {processor.py:840} INFO - DAG(s) 'example_nested_branch_dag' retrieved from /home/airflow/.local/lib/python3.8/site-packages/airflow/example_dags/example_nested_branch_dag.py
[2024-10-29T23:38:25.518+0000] {logging_mixin.py:188} INFO - [2024-10-29T23:38:25.517+0000] {dag.py:3047} INFO - Sync 1 DAGs
[2024-10-29T23:38:25.541+0000] {logging_mixin.py:188} INFO - [2024-10-29T23:38:25.541+0000] {dag.py:3834} INFO - Setting next_dagrun for example_nested_branch_dag to 2024-10-28 00:00:00+00:00, run_after=2024-10-29 00:00:00+00:00
[2024-10-29T23:38:25.558+0000] {processor.py:183} INFO - Processing /home/airflow/.local/lib/python3.8/site-packages/airflow/example_dags/example_nested_branch_dag.py took 0.074 seconds
[2024-10-29T23:38:56.090+0000] {processor.py:161} INFO - Started process (PID=570) to work on /home/airflow/.local/lib/python3.8/site-packages/airflow/example_dags/example_nested_branch_dag.py
[2024-10-29T23:38:56.091+0000] {processor.py:830} INFO - Processing file /home/airflow/.local/lib/python3.8/site-packages/airflow/example_dags/example_nested_branch_dag.py for tasks to queue
[2024-10-29T23:38:56.093+0000] {logging_mixin.py:188} INFO - [2024-10-29T23:38:56.092+0000] {dagbag.py:540} INFO - Filling up the DagBag from /home/airflow/.local/lib/python3.8/site-packages/airflow/example_dags/example_nested_branch_dag.py
[2024-10-29T23:38:56.106+0000] {processor.py:840} INFO - DAG(s) 'example_nested_branch_dag' retrieved from /home/airflow/.local/lib/python3.8/site-packages/airflow/example_dags/example_nested_branch_dag.py
[2024-10-29T23:38:56.140+0000] {logging_mixin.py:188} INFO - [2024-10-29T23:38:56.140+0000] {dag.py:3047} INFO - Sync 1 DAGs
[2024-10-29T23:38:56.181+0000] {logging_mixin.py:188} INFO - [2024-10-29T23:38:56.181+0000] {dag.py:3834} INFO - Setting next_dagrun for example_nested_branch_dag to 2024-10-28 00:00:00+00:00, run_after=2024-10-29 00:00:00+00:00
[2024-10-29T23:38:56.212+0000] {processor.py:183} INFO - Processing /home/airflow/.local/lib/python3.8/site-packages/airflow/example_dags/example_nested_branch_dag.py took 0.126 seconds
[2024-10-29T23:39:27.161+0000] {processor.py:161} INFO - Started process (PID=626) to work on /home/airflow/.local/lib/python3.8/site-packages/airflow/example_dags/example_nested_branch_dag.py
[2024-10-29T23:39:27.162+0000] {processor.py:830} INFO - Processing file /home/airflow/.local/lib/python3.8/site-packages/airflow/example_dags/example_nested_branch_dag.py for tasks to queue
[2024-10-29T23:39:27.163+0000] {logging_mixin.py:188} INFO - [2024-10-29T23:39:27.163+0000] {dagbag.py:540} INFO - Filling up the DagBag from /home/airflow/.local/lib/python3.8/site-packages/airflow/example_dags/example_nested_branch_dag.py
[2024-10-29T23:39:27.174+0000] {processor.py:840} INFO - DAG(s) 'example_nested_branch_dag' retrieved from /home/airflow/.local/lib/python3.8/site-packages/airflow/example_dags/example_nested_branch_dag.py
[2024-10-29T23:39:27.197+0000] {logging_mixin.py:188} INFO - [2024-10-29T23:39:27.197+0000] {dag.py:3047} INFO - Sync 1 DAGs
[2024-10-29T23:39:27.232+0000] {logging_mixin.py:188} INFO - [2024-10-29T23:39:27.232+0000] {dag.py:3834} INFO - Setting next_dagrun for example_nested_branch_dag to 2024-10-28 00:00:00+00:00, run_after=2024-10-29 00:00:00+00:00
[2024-10-29T23:39:27.261+0000] {processor.py:183} INFO - Processing /home/airflow/.local/lib/python3.8/site-packages/airflow/example_dags/example_nested_branch_dag.py took 0.104 seconds
[2024-10-29T23:39:57.876+0000] {processor.py:161} INFO - Started process (PID=682) to work on /home/airflow/.local/lib/python3.8/site-packages/airflow/example_dags/example_nested_branch_dag.py
[2024-10-29T23:39:57.877+0000] {processor.py:830} INFO - Processing file /home/airflow/.local/lib/python3.8/site-packages/airflow/example_dags/example_nested_branch_dag.py for tasks to queue
[2024-10-29T23:39:57.879+0000] {logging_mixin.py:188} INFO - [2024-10-29T23:39:57.879+0000] {dagbag.py:540} INFO - Filling up the DagBag from /home/airflow/.local/lib/python3.8/site-packages/airflow/example_dags/example_nested_branch_dag.py
[2024-10-29T23:39:57.891+0000] {processor.py:840} INFO - DAG(s) 'example_nested_branch_dag' retrieved from /home/airflow/.local/lib/python3.8/site-packages/airflow/example_dags/example_nested_branch_dag.py
[2024-10-29T23:39:57.914+0000] {logging_mixin.py:188} INFO - [2024-10-29T23:39:57.914+0000] {dag.py:3047} INFO - Sync 1 DAGs
[2024-10-29T23:39:57.941+0000] {logging_mixin.py:188} INFO - [2024-10-29T23:39:57.941+0000] {dag.py:3834} INFO - Setting next_dagrun for example_nested_branch_dag to 2024-10-28 00:00:00+00:00, run_after=2024-10-29 00:00:00+00:00
[2024-10-29T23:39:57.962+0000] {processor.py:183} INFO - Processing /home/airflow/.local/lib/python3.8/site-packages/airflow/example_dags/example_nested_branch_dag.py took 0.089 seconds
[2024-10-29T23:40:28.208+0000] {processor.py:161} INFO - Started process (PID=738) to work on /home/airflow/.local/lib/python3.8/site-packages/airflow/example_dags/example_nested_branch_dag.py
[2024-10-29T23:40:28.209+0000] {processor.py:830} INFO - Processing file /home/airflow/.local/lib/python3.8/site-packages/airflow/example_dags/example_nested_branch_dag.py for tasks to queue
[2024-10-29T23:40:28.211+0000] {logging_mixin.py:188} INFO - [2024-10-29T23:40:28.211+0000] {dagbag.py:540} INFO - Filling up the DagBag from /home/airflow/.local/lib/python3.8/site-packages/airflow/example_dags/example_nested_branch_dag.py
[2024-10-29T23:40:28.223+0000] {processor.py:840} INFO - DAG(s) 'example_nested_branch_dag' retrieved from /home/airflow/.local/lib/python3.8/site-packages/airflow/example_dags/example_nested_branch_dag.py
[2024-10-29T23:40:28.253+0000] {logging_mixin.py:188} INFO - [2024-10-29T23:40:28.253+0000] {dag.py:3047} INFO - Sync 1 DAGs
[2024-10-29T23:40:28.292+0000] {logging_mixin.py:188} INFO - [2024-10-29T23:40:28.291+0000] {dag.py:3834} INFO - Setting next_dagrun for example_nested_branch_dag to 2024-10-28 00:00:00+00:00, run_after=2024-10-29 00:00:00+00:00
[2024-10-29T23:40:28.314+0000] {processor.py:183} INFO - Processing /home/airflow/.local/lib/python3.8/site-packages/airflow/example_dags/example_nested_branch_dag.py took 0.109 seconds
[2024-10-29T23:40:58.689+0000] {processor.py:161} INFO - Started process (PID=793) to work on /home/airflow/.local/lib/python3.8/site-packages/airflow/example_dags/example_nested_branch_dag.py
[2024-10-29T23:40:58.690+0000] {processor.py:830} INFO - Processing file /home/airflow/.local/lib/python3.8/site-packages/airflow/example_dags/example_nested_branch_dag.py for tasks to queue
[2024-10-29T23:40:58.691+0000] {logging_mixin.py:188} INFO - [2024-10-29T23:40:58.691+0000] {dagbag.py:540} INFO - Filling up the DagBag from /home/airflow/.local/lib/python3.8/site-packages/airflow/example_dags/example_nested_branch_dag.py
[2024-10-29T23:40:58.702+0000] {processor.py:840} INFO - DAG(s) 'example_nested_branch_dag' retrieved from /home/airflow/.local/lib/python3.8/site-packages/airflow/example_dags/example_nested_branch_dag.py
[2024-10-29T23:40:58.724+0000] {logging_mixin.py:188} INFO - [2024-10-29T23:40:58.724+0000] {dag.py:3047} INFO - Sync 1 DAGs
[2024-10-29T23:40:58.752+0000] {logging_mixin.py:188} INFO - [2024-10-29T23:40:58.751+0000] {dag.py:3834} INFO - Setting next_dagrun for example_nested_branch_dag to 2024-10-28 00:00:00+00:00, run_after=2024-10-29 00:00:00+00:00
[2024-10-29T23:40:58.777+0000] {processor.py:183} INFO - Processing /home/airflow/.local/lib/python3.8/site-packages/airflow/example_dags/example_nested_branch_dag.py took 0.092 seconds
[2024-10-29T23:41:29.642+0000] {processor.py:161} INFO - Started process (PID=849) to work on /home/airflow/.local/lib/python3.8/site-packages/airflow/example_dags/example_nested_branch_dag.py
[2024-10-29T23:41:29.643+0000] {processor.py:830} INFO - Processing file /home/airflow/.local/lib/python3.8/site-packages/airflow/example_dags/example_nested_branch_dag.py for tasks to queue
[2024-10-29T23:41:29.644+0000] {logging_mixin.py:188} INFO - [2024-10-29T23:41:29.644+0000] {dagbag.py:540} INFO - Filling up the DagBag from /home/airflow/.local/lib/python3.8/site-packages/airflow/example_dags/example_nested_branch_dag.py
[2024-10-29T23:41:29.656+0000] {processor.py:840} INFO - DAG(s) 'example_nested_branch_dag' retrieved from /home/airflow/.local/lib/python3.8/site-packages/airflow/example_dags/example_nested_branch_dag.py
[2024-10-29T23:41:29.686+0000] {logging_mixin.py:188} INFO - [2024-10-29T23:41:29.686+0000] {dag.py:3047} INFO - Sync 1 DAGs
[2024-10-29T23:41:29.728+0000] {logging_mixin.py:188} INFO - [2024-10-29T23:41:29.727+0000] {dag.py:3834} INFO - Setting next_dagrun for example_nested_branch_dag to 2024-10-28 00:00:00+00:00, run_after=2024-10-29 00:00:00+00:00
[2024-10-29T23:41:29.762+0000] {processor.py:183} INFO - Processing /home/airflow/.local/lib/python3.8/site-packages/airflow/example_dags/example_nested_branch_dag.py took 0.123 seconds
[2024-10-29T23:42:00.447+0000] {processor.py:161} INFO - Started process (PID=911) to work on /home/airflow/.local/lib/python3.8/site-packages/airflow/example_dags/example_nested_branch_dag.py
[2024-10-29T23:42:00.449+0000] {processor.py:830} INFO - Processing file /home/airflow/.local/lib/python3.8/site-packages/airflow/example_dags/example_nested_branch_dag.py for tasks to queue
[2024-10-29T23:42:00.451+0000] {logging_mixin.py:188} INFO - [2024-10-29T23:42:00.451+0000] {dagbag.py:540} INFO - Filling up the DagBag from /home/airflow/.local/lib/python3.8/site-packages/airflow/example_dags/example_nested_branch_dag.py
[2024-10-29T23:42:00.465+0000] {processor.py:840} INFO - DAG(s) 'example_nested_branch_dag' retrieved from /home/airflow/.local/lib/python3.8/site-packages/airflow/example_dags/example_nested_branch_dag.py
[2024-10-29T23:42:00.495+0000] {logging_mixin.py:188} INFO - [2024-10-29T23:42:00.495+0000] {dag.py:3047} INFO - Sync 1 DAGs
[2024-10-29T23:42:00.527+0000] {logging_mixin.py:188} INFO - [2024-10-29T23:42:00.526+0000] {dag.py:3834} INFO - Setting next_dagrun for example_nested_branch_dag to 2024-10-28 00:00:00+00:00, run_after=2024-10-29 00:00:00+00:00
[2024-10-29T23:42:00.550+0000] {processor.py:183} INFO - Processing /home/airflow/.local/lib/python3.8/site-packages/airflow/example_dags/example_nested_branch_dag.py took 0.107 seconds
[2024-10-29T23:42:31.005+0000] {processor.py:161} INFO - Started process (PID=967) to work on /home/airflow/.local/lib/python3.8/site-packages/airflow/example_dags/example_nested_branch_dag.py
[2024-10-29T23:42:31.007+0000] {processor.py:830} INFO - Processing file /home/airflow/.local/lib/python3.8/site-packages/airflow/example_dags/example_nested_branch_dag.py for tasks to queue
[2024-10-29T23:42:31.011+0000] {logging_mixin.py:188} INFO - [2024-10-29T23:42:31.010+0000] {dagbag.py:540} INFO - Filling up the DagBag from /home/airflow/.local/lib/python3.8/site-packages/airflow/example_dags/example_nested_branch_dag.py
[2024-10-29T23:42:31.044+0000] {processor.py:840} INFO - DAG(s) 'example_nested_branch_dag' retrieved from /home/airflow/.local/lib/python3.8/site-packages/airflow/example_dags/example_nested_branch_dag.py
[2024-10-29T23:42:31.120+0000] {logging_mixin.py:188} INFO - [2024-10-29T23:42:31.119+0000] {dag.py:3047} INFO - Sync 1 DAGs
[2024-10-29T23:42:31.198+0000] {logging_mixin.py:188} INFO - [2024-10-29T23:42:31.197+0000] {dag.py:3834} INFO - Setting next_dagrun for example_nested_branch_dag to 2024-10-28 00:00:00+00:00, run_after=2024-10-29 00:00:00+00:00
[2024-10-29T23:42:31.259+0000] {processor.py:183} INFO - Processing /home/airflow/.local/lib/python3.8/site-packages/airflow/example_dags/example_nested_branch_dag.py took 0.262 seconds
[2024-10-29T23:43:02.193+0000] {processor.py:161} INFO - Started process (PID=1023) to work on /home/airflow/.local/lib/python3.8/site-packages/airflow/example_dags/example_nested_branch_dag.py
[2024-10-29T23:43:02.193+0000] {processor.py:830} INFO - Processing file /home/airflow/.local/lib/python3.8/site-packages/airflow/example_dags/example_nested_branch_dag.py for tasks to queue
[2024-10-29T23:43:02.195+0000] {logging_mixin.py:188} INFO - [2024-10-29T23:43:02.195+0000] {dagbag.py:540} INFO - Filling up the DagBag from /home/airflow/.local/lib/python3.8/site-packages/airflow/example_dags/example_nested_branch_dag.py
[2024-10-29T23:43:02.203+0000] {processor.py:840} INFO - DAG(s) 'example_nested_branch_dag' retrieved from /home/airflow/.local/lib/python3.8/site-packages/airflow/example_dags/example_nested_branch_dag.py
[2024-10-29T23:43:02.222+0000] {logging_mixin.py:188} INFO - [2024-10-29T23:43:02.222+0000] {dag.py:3047} INFO - Sync 1 DAGs
[2024-10-29T23:43:02.242+0000] {logging_mixin.py:188} INFO - [2024-10-29T23:43:02.242+0000] {dag.py:3834} INFO - Setting next_dagrun for example_nested_branch_dag to 2024-10-28 00:00:00+00:00, run_after=2024-10-29 00:00:00+00:00
[2024-10-29T23:43:02.257+0000] {processor.py:183} INFO - Processing /home/airflow/.local/lib/python3.8/site-packages/airflow/example_dags/example_nested_branch_dag.py took 0.067 seconds
[2024-10-29T23:43:32.591+0000] {processor.py:161} INFO - Started process (PID=1079) to work on /home/airflow/.local/lib/python3.8/site-packages/airflow/example_dags/example_nested_branch_dag.py
[2024-10-29T23:43:32.591+0000] {processor.py:830} INFO - Processing file /home/airflow/.local/lib/python3.8/site-packages/airflow/example_dags/example_nested_branch_dag.py for tasks to queue
[2024-10-29T23:43:32.593+0000] {logging_mixin.py:188} INFO - [2024-10-29T23:43:32.593+0000] {dagbag.py:540} INFO - Filling up the DagBag from /home/airflow/.local/lib/python3.8/site-packages/airflow/example_dags/example_nested_branch_dag.py
[2024-10-29T23:43:32.603+0000] {processor.py:840} INFO - DAG(s) 'example_nested_branch_dag' retrieved from /home/airflow/.local/lib/python3.8/site-packages/airflow/example_dags/example_nested_branch_dag.py
[2024-10-29T23:43:32.626+0000] {logging_mixin.py:188} INFO - [2024-10-29T23:43:32.626+0000] {dag.py:3047} INFO - Sync 1 DAGs
[2024-10-29T23:43:32.654+0000] {logging_mixin.py:188} INFO - [2024-10-29T23:43:32.654+0000] {dag.py:3834} INFO - Setting next_dagrun for example_nested_branch_dag to 2024-10-28 00:00:00+00:00, run_after=2024-10-29 00:00:00+00:00
[2024-10-29T23:43:32.674+0000] {processor.py:183} INFO - Processing /home/airflow/.local/lib/python3.8/site-packages/airflow/example_dags/example_nested_branch_dag.py took 0.086 seconds
[2024-10-29T23:44:02.890+0000] {processor.py:161} INFO - Started process (PID=1135) to work on /home/airflow/.local/lib/python3.8/site-packages/airflow/example_dags/example_nested_branch_dag.py
[2024-10-29T23:44:02.891+0000] {processor.py:830} INFO - Processing file /home/airflow/.local/lib/python3.8/site-packages/airflow/example_dags/example_nested_branch_dag.py for tasks to queue
[2024-10-29T23:44:02.893+0000] {logging_mixin.py:188} INFO - [2024-10-29T23:44:02.892+0000] {dagbag.py:540} INFO - Filling up the DagBag from /home/airflow/.local/lib/python3.8/site-packages/airflow/example_dags/example_nested_branch_dag.py
[2024-10-29T23:44:02.905+0000] {processor.py:840} INFO - DAG(s) 'example_nested_branch_dag' retrieved from /home/airflow/.local/lib/python3.8/site-packages/airflow/example_dags/example_nested_branch_dag.py
[2024-10-29T23:44:02.930+0000] {logging_mixin.py:188} INFO - [2024-10-29T23:44:02.929+0000] {dag.py:3047} INFO - Sync 1 DAGs
[2024-10-29T23:44:02.968+0000] {logging_mixin.py:188} INFO - [2024-10-29T23:44:02.967+0000] {dag.py:3834} INFO - Setting next_dagrun for example_nested_branch_dag to 2024-10-28 00:00:00+00:00, run_after=2024-10-29 00:00:00+00:00
[2024-10-29T23:44:02.997+0000] {processor.py:183} INFO - Processing /home/airflow/.local/lib/python3.8/site-packages/airflow/example_dags/example_nested_branch_dag.py took 0.111 seconds
[2024-10-29T23:44:33.393+0000] {processor.py:161} INFO - Started process (PID=1191) to work on /home/airflow/.local/lib/python3.8/site-packages/airflow/example_dags/example_nested_branch_dag.py
[2024-10-29T23:44:33.394+0000] {processor.py:830} INFO - Processing file /home/airflow/.local/lib/python3.8/site-packages/airflow/example_dags/example_nested_branch_dag.py for tasks to queue
[2024-10-29T23:44:33.395+0000] {logging_mixin.py:188} INFO - [2024-10-29T23:44:33.395+0000] {dagbag.py:540} INFO - Filling up the DagBag from /home/airflow/.local/lib/python3.8/site-packages/airflow/example_dags/example_nested_branch_dag.py
[2024-10-29T23:44:33.404+0000] {processor.py:840} INFO - DAG(s) 'example_nested_branch_dag' retrieved from /home/airflow/.local/lib/python3.8/site-packages/airflow/example_dags/example_nested_branch_dag.py
[2024-10-29T23:44:33.423+0000] {logging_mixin.py:188} INFO - [2024-10-29T23:44:33.423+0000] {dag.py:3047} INFO - Sync 1 DAGs
[2024-10-29T23:44:33.444+0000] {logging_mixin.py:188} INFO - [2024-10-29T23:44:33.444+0000] {dag.py:3834} INFO - Setting next_dagrun for example_nested_branch_dag to 2024-10-28 00:00:00+00:00, run_after=2024-10-29 00:00:00+00:00
[2024-10-29T23:44:33.458+0000] {processor.py:183} INFO - Processing /home/airflow/.local/lib/python3.8/site-packages/airflow/example_dags/example_nested_branch_dag.py took 0.069 seconds
[2024-10-29T23:45:03.514+0000] {processor.py:161} INFO - Started process (PID=1247) to work on /home/airflow/.local/lib/python3.8/site-packages/airflow/example_dags/example_nested_branch_dag.py
[2024-10-29T23:45:03.514+0000] {processor.py:830} INFO - Processing file /home/airflow/.local/lib/python3.8/site-packages/airflow/example_dags/example_nested_branch_dag.py for tasks to queue
[2024-10-29T23:45:03.516+0000] {logging_mixin.py:188} INFO - [2024-10-29T23:45:03.516+0000] {dagbag.py:540} INFO - Filling up the DagBag from /home/airflow/.local/lib/python3.8/site-packages/airflow/example_dags/example_nested_branch_dag.py
[2024-10-29T23:45:03.525+0000] {processor.py:840} INFO - DAG(s) 'example_nested_branch_dag' retrieved from /home/airflow/.local/lib/python3.8/site-packages/airflow/example_dags/example_nested_branch_dag.py
[2024-10-29T23:45:03.544+0000] {logging_mixin.py:188} INFO - [2024-10-29T23:45:03.544+0000] {dag.py:3047} INFO - Sync 1 DAGs
[2024-10-29T23:45:03.567+0000] {logging_mixin.py:188} INFO - [2024-10-29T23:45:03.566+0000] {dag.py:3834} INFO - Setting next_dagrun for example_nested_branch_dag to 2024-10-28 00:00:00+00:00, run_after=2024-10-29 00:00:00+00:00
[2024-10-29T23:45:03.584+0000] {processor.py:183} INFO - Processing /home/airflow/.local/lib/python3.8/site-packages/airflow/example_dags/example_nested_branch_dag.py took 0.072 seconds
[2024-10-29T23:45:33.811+0000] {processor.py:161} INFO - Started process (PID=1303) to work on /home/airflow/.local/lib/python3.8/site-packages/airflow/example_dags/example_nested_branch_dag.py
[2024-10-29T23:45:33.812+0000] {processor.py:830} INFO - Processing file /home/airflow/.local/lib/python3.8/site-packages/airflow/example_dags/example_nested_branch_dag.py for tasks to queue
[2024-10-29T23:45:33.813+0000] {logging_mixin.py:188} INFO - [2024-10-29T23:45:33.813+0000] {dagbag.py:540} INFO - Filling up the DagBag from /home/airflow/.local/lib/python3.8/site-packages/airflow/example_dags/example_nested_branch_dag.py
[2024-10-29T23:45:33.825+0000] {processor.py:840} INFO - DAG(s) 'example_nested_branch_dag' retrieved from /home/airflow/.local/lib/python3.8/site-packages/airflow/example_dags/example_nested_branch_dag.py
[2024-10-29T23:45:33.845+0000] {logging_mixin.py:188} INFO - [2024-10-29T23:45:33.845+0000] {dag.py:3047} INFO - Sync 1 DAGs
[2024-10-29T23:45:33.867+0000] {logging_mixin.py:188} INFO - [2024-10-29T23:45:33.867+0000] {dag.py:3834} INFO - Setting next_dagrun for example_nested_branch_dag to 2024-10-28 00:00:00+00:00, run_after=2024-10-29 00:00:00+00:00
[2024-10-29T23:45:33.884+0000] {processor.py:183} INFO - Processing /home/airflow/.local/lib/python3.8/site-packages/airflow/example_dags/example_nested_branch_dag.py took 0.075 seconds
[2024-10-29T23:46:04.181+0000] {processor.py:161} INFO - Started process (PID=1359) to work on /home/airflow/.local/lib/python3.8/site-packages/airflow/example_dags/example_nested_branch_dag.py
[2024-10-29T23:46:04.182+0000] {processor.py:830} INFO - Processing file /home/airflow/.local/lib/python3.8/site-packages/airflow/example_dags/example_nested_branch_dag.py for tasks to queue
[2024-10-29T23:46:04.183+0000] {logging_mixin.py:188} INFO - [2024-10-29T23:46:04.183+0000] {dagbag.py:540} INFO - Filling up the DagBag from /home/airflow/.local/lib/python3.8/site-packages/airflow/example_dags/example_nested_branch_dag.py
[2024-10-29T23:46:04.195+0000] {processor.py:840} INFO - DAG(s) 'example_nested_branch_dag' retrieved from /home/airflow/.local/lib/python3.8/site-packages/airflow/example_dags/example_nested_branch_dag.py
[2024-10-29T23:46:04.227+0000] {logging_mixin.py:188} INFO - [2024-10-29T23:46:04.227+0000] {dag.py:3047} INFO - Sync 1 DAGs
[2024-10-29T23:46:04.261+0000] {logging_mixin.py:188} INFO - [2024-10-29T23:46:04.261+0000] {dag.py:3834} INFO - Setting next_dagrun for example_nested_branch_dag to 2024-10-28 00:00:00+00:00, run_after=2024-10-29 00:00:00+00:00
[2024-10-29T23:46:04.285+0000] {processor.py:183} INFO - Processing /home/airflow/.local/lib/python3.8/site-packages/airflow/example_dags/example_nested_branch_dag.py took 0.108 seconds
[2024-10-29T23:46:34.374+0000] {processor.py:161} INFO - Started process (PID=1415) to work on /home/airflow/.local/lib/python3.8/site-packages/airflow/example_dags/example_nested_branch_dag.py
[2024-10-29T23:46:34.388+0000] {processor.py:830} INFO - Processing file /home/airflow/.local/lib/python3.8/site-packages/airflow/example_dags/example_nested_branch_dag.py for tasks to queue
[2024-10-29T23:46:34.390+0000] {logging_mixin.py:188} INFO - [2024-10-29T23:46:34.389+0000] {dagbag.py:540} INFO - Filling up the DagBag from /home/airflow/.local/lib/python3.8/site-packages/airflow/example_dags/example_nested_branch_dag.py
[2024-10-29T23:46:34.405+0000] {processor.py:840} INFO - DAG(s) 'example_nested_branch_dag' retrieved from /home/airflow/.local/lib/python3.8/site-packages/airflow/example_dags/example_nested_branch_dag.py
[2024-10-29T23:46:34.436+0000] {logging_mixin.py:188} INFO - [2024-10-29T23:46:34.436+0000] {dag.py:3047} INFO - Sync 1 DAGs
[2024-10-29T23:46:34.476+0000] {logging_mixin.py:188} INFO - [2024-10-29T23:46:34.476+0000] {dag.py:3834} INFO - Setting next_dagrun for example_nested_branch_dag to 2024-10-28 00:00:00+00:00, run_after=2024-10-29 00:00:00+00:00
[2024-10-29T23:46:34.497+0000] {processor.py:183} INFO - Processing /home/airflow/.local/lib/python3.8/site-packages/airflow/example_dags/example_nested_branch_dag.py took 0.127 seconds
[2024-10-29T23:47:04.683+0000] {processor.py:161} INFO - Started process (PID=1471) to work on /home/airflow/.local/lib/python3.8/site-packages/airflow/example_dags/example_nested_branch_dag.py
[2024-10-29T23:47:04.684+0000] {processor.py:830} INFO - Processing file /home/airflow/.local/lib/python3.8/site-packages/airflow/example_dags/example_nested_branch_dag.py for tasks to queue
[2024-10-29T23:47:04.685+0000] {logging_mixin.py:188} INFO - [2024-10-29T23:47:04.685+0000] {dagbag.py:540} INFO - Filling up the DagBag from /home/airflow/.local/lib/python3.8/site-packages/airflow/example_dags/example_nested_branch_dag.py
[2024-10-29T23:47:04.698+0000] {processor.py:840} INFO - DAG(s) 'example_nested_branch_dag' retrieved from /home/airflow/.local/lib/python3.8/site-packages/airflow/example_dags/example_nested_branch_dag.py
[2024-10-29T23:47:04.726+0000] {logging_mixin.py:188} INFO - [2024-10-29T23:47:04.726+0000] {dag.py:3047} INFO - Sync 1 DAGs
[2024-10-29T23:47:04.761+0000] {logging_mixin.py:188} INFO - [2024-10-29T23:47:04.760+0000] {dag.py:3834} INFO - Setting next_dagrun for example_nested_branch_dag to 2024-10-28 00:00:00+00:00, run_after=2024-10-29 00:00:00+00:00
[2024-10-29T23:47:04.785+0000] {processor.py:183} INFO - Processing /home/airflow/.local/lib/python3.8/site-packages/airflow/example_dags/example_nested_branch_dag.py took 0.107 seconds
[2024-10-29T23:47:35.020+0000] {processor.py:161} INFO - Started process (PID=1527) to work on /home/airflow/.local/lib/python3.8/site-packages/airflow/example_dags/example_nested_branch_dag.py
[2024-10-29T23:47:35.020+0000] {processor.py:830} INFO - Processing file /home/airflow/.local/lib/python3.8/site-packages/airflow/example_dags/example_nested_branch_dag.py for tasks to queue
[2024-10-29T23:47:35.022+0000] {logging_mixin.py:188} INFO - [2024-10-29T23:47:35.021+0000] {dagbag.py:540} INFO - Filling up the DagBag from /home/airflow/.local/lib/python3.8/site-packages/airflow/example_dags/example_nested_branch_dag.py
[2024-10-29T23:47:35.030+0000] {processor.py:840} INFO - DAG(s) 'example_nested_branch_dag' retrieved from /home/airflow/.local/lib/python3.8/site-packages/airflow/example_dags/example_nested_branch_dag.py
[2024-10-29T23:47:35.047+0000] {logging_mixin.py:188} INFO - [2024-10-29T23:47:35.047+0000] {dag.py:3047} INFO - Sync 1 DAGs
[2024-10-29T23:47:35.067+0000] {logging_mixin.py:188} INFO - [2024-10-29T23:47:35.067+0000] {dag.py:3834} INFO - Setting next_dagrun for example_nested_branch_dag to 2024-10-28 00:00:00+00:00, run_after=2024-10-29 00:00:00+00:00
[2024-10-29T23:47:35.082+0000] {processor.py:183} INFO - Processing /home/airflow/.local/lib/python3.8/site-packages/airflow/example_dags/example_nested_branch_dag.py took 0.065 seconds
[2024-10-29T23:48:06.145+0000] {processor.py:161} INFO - Started process (PID=1583) to work on /home/airflow/.local/lib/python3.8/site-packages/airflow/example_dags/example_nested_branch_dag.py
[2024-10-29T23:48:06.147+0000] {processor.py:830} INFO - Processing file /home/airflow/.local/lib/python3.8/site-packages/airflow/example_dags/example_nested_branch_dag.py for tasks to queue
[2024-10-29T23:48:06.149+0000] {logging_mixin.py:188} INFO - [2024-10-29T23:48:06.149+0000] {dagbag.py:540} INFO - Filling up the DagBag from /home/airflow/.local/lib/python3.8/site-packages/airflow/example_dags/example_nested_branch_dag.py
[2024-10-29T23:48:06.161+0000] {processor.py:840} INFO - DAG(s) 'example_nested_branch_dag' retrieved from /home/airflow/.local/lib/python3.8/site-packages/airflow/example_dags/example_nested_branch_dag.py
[2024-10-29T23:48:06.188+0000] {logging_mixin.py:188} INFO - [2024-10-29T23:48:06.188+0000] {dag.py:3047} INFO - Sync 1 DAGs
[2024-10-29T23:48:06.218+0000] {logging_mixin.py:188} INFO - [2024-10-29T23:48:06.218+0000] {dag.py:3834} INFO - Setting next_dagrun for example_nested_branch_dag to 2024-10-28 00:00:00+00:00, run_after=2024-10-29 00:00:00+00:00
[2024-10-29T23:48:06.246+0000] {processor.py:183} INFO - Processing /home/airflow/.local/lib/python3.8/site-packages/airflow/example_dags/example_nested_branch_dag.py took 0.105 seconds
[2024-10-29T23:48:36.275+0000] {processor.py:161} INFO - Started process (PID=1638) to work on /home/airflow/.local/lib/python3.8/site-packages/airflow/example_dags/example_nested_branch_dag.py
[2024-10-29T23:48:36.276+0000] {processor.py:830} INFO - Processing file /home/airflow/.local/lib/python3.8/site-packages/airflow/example_dags/example_nested_branch_dag.py for tasks to queue
[2024-10-29T23:48:36.278+0000] {logging_mixin.py:188} INFO - [2024-10-29T23:48:36.277+0000] {dagbag.py:540} INFO - Filling up the DagBag from /home/airflow/.local/lib/python3.8/site-packages/airflow/example_dags/example_nested_branch_dag.py
[2024-10-29T23:48:36.286+0000] {processor.py:840} INFO - DAG(s) 'example_nested_branch_dag' retrieved from /home/airflow/.local/lib/python3.8/site-packages/airflow/example_dags/example_nested_branch_dag.py
[2024-10-29T23:48:36.305+0000] {logging_mixin.py:188} INFO - [2024-10-29T23:48:36.305+0000] {dag.py:3047} INFO - Sync 1 DAGs
[2024-10-29T23:48:36.327+0000] {logging_mixin.py:188} INFO - [2024-10-29T23:48:36.327+0000] {dag.py:3834} INFO - Setting next_dagrun for example_nested_branch_dag to 2024-10-28 00:00:00+00:00, run_after=2024-10-29 00:00:00+00:00
[2024-10-29T23:48:36.344+0000] {processor.py:183} INFO - Processing /home/airflow/.local/lib/python3.8/site-packages/airflow/example_dags/example_nested_branch_dag.py took 0.071 seconds
[2024-10-29T23:49:06.640+0000] {processor.py:161} INFO - Started process (PID=1694) to work on /home/airflow/.local/lib/python3.8/site-packages/airflow/example_dags/example_nested_branch_dag.py
[2024-10-29T23:49:06.642+0000] {processor.py:830} INFO - Processing file /home/airflow/.local/lib/python3.8/site-packages/airflow/example_dags/example_nested_branch_dag.py for tasks to queue
[2024-10-29T23:49:06.644+0000] {logging_mixin.py:188} INFO - [2024-10-29T23:49:06.644+0000] {dagbag.py:540} INFO - Filling up the DagBag from /home/airflow/.local/lib/python3.8/site-packages/airflow/example_dags/example_nested_branch_dag.py
[2024-10-29T23:49:06.660+0000] {processor.py:840} INFO - DAG(s) 'example_nested_branch_dag' retrieved from /home/airflow/.local/lib/python3.8/site-packages/airflow/example_dags/example_nested_branch_dag.py
[2024-10-29T23:49:06.691+0000] {logging_mixin.py:188} INFO - [2024-10-29T23:49:06.690+0000] {dag.py:3047} INFO - Sync 1 DAGs
[2024-10-29T23:49:06.729+0000] {logging_mixin.py:188} INFO - [2024-10-29T23:49:06.729+0000] {dag.py:3834} INFO - Setting next_dagrun for example_nested_branch_dag to 2024-10-28 00:00:00+00:00, run_after=2024-10-29 00:00:00+00:00
[2024-10-29T23:49:06.751+0000] {processor.py:183} INFO - Processing /home/airflow/.local/lib/python3.8/site-packages/airflow/example_dags/example_nested_branch_dag.py took 0.116 seconds
[2024-10-29T23:49:36.897+0000] {processor.py:161} INFO - Started process (PID=1750) to work on /home/airflow/.local/lib/python3.8/site-packages/airflow/example_dags/example_nested_branch_dag.py
[2024-10-29T23:49:36.898+0000] {processor.py:830} INFO - Processing file /home/airflow/.local/lib/python3.8/site-packages/airflow/example_dags/example_nested_branch_dag.py for tasks to queue
[2024-10-29T23:49:36.900+0000] {logging_mixin.py:188} INFO - [2024-10-29T23:49:36.900+0000] {dagbag.py:540} INFO - Filling up the DagBag from /home/airflow/.local/lib/python3.8/site-packages/airflow/example_dags/example_nested_branch_dag.py
[2024-10-29T23:49:36.911+0000] {processor.py:840} INFO - DAG(s) 'example_nested_branch_dag' retrieved from /home/airflow/.local/lib/python3.8/site-packages/airflow/example_dags/example_nested_branch_dag.py
[2024-10-29T23:49:36.934+0000] {logging_mixin.py:188} INFO - [2024-10-29T23:49:36.934+0000] {dag.py:3047} INFO - Sync 1 DAGs
[2024-10-29T23:49:36.960+0000] {logging_mixin.py:188} INFO - [2024-10-29T23:49:36.960+0000] {dag.py:3834} INFO - Setting next_dagrun for example_nested_branch_dag to 2024-10-28 00:00:00+00:00, run_after=2024-10-29 00:00:00+00:00
[2024-10-29T23:49:36.977+0000] {processor.py:183} INFO - Processing /home/airflow/.local/lib/python3.8/site-packages/airflow/example_dags/example_nested_branch_dag.py took 0.083 seconds
[2024-10-29T23:50:07.305+0000] {processor.py:161} INFO - Started process (PID=1806) to work on /home/airflow/.local/lib/python3.8/site-packages/airflow/example_dags/example_nested_branch_dag.py
[2024-10-29T23:50:07.306+0000] {processor.py:830} INFO - Processing file /home/airflow/.local/lib/python3.8/site-packages/airflow/example_dags/example_nested_branch_dag.py for tasks to queue
[2024-10-29T23:50:07.310+0000] {logging_mixin.py:188} INFO - [2024-10-29T23:50:07.309+0000] {dagbag.py:540} INFO - Filling up the DagBag from /home/airflow/.local/lib/python3.8/site-packages/airflow/example_dags/example_nested_branch_dag.py
[2024-10-29T23:50:07.327+0000] {processor.py:840} INFO - DAG(s) 'example_nested_branch_dag' retrieved from /home/airflow/.local/lib/python3.8/site-packages/airflow/example_dags/example_nested_branch_dag.py
[2024-10-29T23:50:07.357+0000] {logging_mixin.py:188} INFO - [2024-10-29T23:50:07.357+0000] {dag.py:3047} INFO - Sync 1 DAGs
[2024-10-29T23:50:07.377+0000] {logging_mixin.py:188} INFO - [2024-10-29T23:50:07.377+0000] {dag.py:3834} INFO - Setting next_dagrun for example_nested_branch_dag to 2024-10-28 00:00:00+00:00, run_after=2024-10-29 00:00:00+00:00
[2024-10-29T23:50:07.390+0000] {processor.py:183} INFO - Processing /home/airflow/.local/lib/python3.8/site-packages/airflow/example_dags/example_nested_branch_dag.py took 0.091 seconds
[2024-10-29T23:50:37.431+0000] {processor.py:161} INFO - Started process (PID=1862) to work on /home/airflow/.local/lib/python3.8/site-packages/airflow/example_dags/example_nested_branch_dag.py
[2024-10-29T23:50:37.432+0000] {processor.py:830} INFO - Processing file /home/airflow/.local/lib/python3.8/site-packages/airflow/example_dags/example_nested_branch_dag.py for tasks to queue
[2024-10-29T23:50:37.433+0000] {logging_mixin.py:188} INFO - [2024-10-29T23:50:37.433+0000] {dagbag.py:540} INFO - Filling up the DagBag from /home/airflow/.local/lib/python3.8/site-packages/airflow/example_dags/example_nested_branch_dag.py
[2024-10-29T23:50:37.445+0000] {processor.py:840} INFO - DAG(s) 'example_nested_branch_dag' retrieved from /home/airflow/.local/lib/python3.8/site-packages/airflow/example_dags/example_nested_branch_dag.py
[2024-10-29T23:50:37.474+0000] {logging_mixin.py:188} INFO - [2024-10-29T23:50:37.474+0000] {dag.py:3047} INFO - Sync 1 DAGs
[2024-10-29T23:50:37.511+0000] {logging_mixin.py:188} INFO - [2024-10-29T23:50:37.510+0000] {dag.py:3834} INFO - Setting next_dagrun for example_nested_branch_dag to 2024-10-28 00:00:00+00:00, run_after=2024-10-29 00:00:00+00:00
[2024-10-29T23:50:37.530+0000] {processor.py:183} INFO - Processing /home/airflow/.local/lib/python3.8/site-packages/airflow/example_dags/example_nested_branch_dag.py took 0.102 seconds
[2024-10-29T23:51:08.348+0000] {processor.py:161} INFO - Started process (PID=1918) to work on /home/airflow/.local/lib/python3.8/site-packages/airflow/example_dags/example_nested_branch_dag.py
[2024-10-29T23:51:08.349+0000] {processor.py:830} INFO - Processing file /home/airflow/.local/lib/python3.8/site-packages/airflow/example_dags/example_nested_branch_dag.py for tasks to queue
[2024-10-29T23:51:08.351+0000] {logging_mixin.py:188} INFO - [2024-10-29T23:51:08.351+0000] {dagbag.py:540} INFO - Filling up the DagBag from /home/airflow/.local/lib/python3.8/site-packages/airflow/example_dags/example_nested_branch_dag.py
[2024-10-29T23:51:08.362+0000] {processor.py:840} INFO - DAG(s) 'example_nested_branch_dag' retrieved from /home/airflow/.local/lib/python3.8/site-packages/airflow/example_dags/example_nested_branch_dag.py
[2024-10-29T23:51:08.386+0000] {logging_mixin.py:188} INFO - [2024-10-29T23:51:08.385+0000] {dag.py:3047} INFO - Sync 1 DAGs
[2024-10-29T23:51:08.413+0000] {logging_mixin.py:188} INFO - [2024-10-29T23:51:08.413+0000] {dag.py:3834} INFO - Setting next_dagrun for example_nested_branch_dag to 2024-10-28 00:00:00+00:00, run_after=2024-10-29 00:00:00+00:00
[2024-10-29T23:51:08.434+0000] {processor.py:183} INFO - Processing /home/airflow/.local/lib/python3.8/site-packages/airflow/example_dags/example_nested_branch_dag.py took 0.088 seconds
[2024-10-29T23:51:38.751+0000] {processor.py:161} INFO - Started process (PID=1973) to work on /home/airflow/.local/lib/python3.8/site-packages/airflow/example_dags/example_nested_branch_dag.py
[2024-10-29T23:51:38.752+0000] {processor.py:830} INFO - Processing file /home/airflow/.local/lib/python3.8/site-packages/airflow/example_dags/example_nested_branch_dag.py for tasks to queue
[2024-10-29T23:51:38.754+0000] {logging_mixin.py:188} INFO - [2024-10-29T23:51:38.754+0000] {dagbag.py:540} INFO - Filling up the DagBag from /home/airflow/.local/lib/python3.8/site-packages/airflow/example_dags/example_nested_branch_dag.py
[2024-10-29T23:51:38.764+0000] {processor.py:840} INFO - DAG(s) 'example_nested_branch_dag' retrieved from /home/airflow/.local/lib/python3.8/site-packages/airflow/example_dags/example_nested_branch_dag.py
[2024-10-29T23:51:38.784+0000] {logging_mixin.py:188} INFO - [2024-10-29T23:51:38.784+0000] {dag.py:3047} INFO - Sync 1 DAGs
[2024-10-29T23:51:38.807+0000] {logging_mixin.py:188} INFO - [2024-10-29T23:51:38.807+0000] {dag.py:3834} INFO - Setting next_dagrun for example_nested_branch_dag to 2024-10-28 00:00:00+00:00, run_after=2024-10-29 00:00:00+00:00
[2024-10-29T23:51:38.823+0000] {processor.py:183} INFO - Processing /home/airflow/.local/lib/python3.8/site-packages/airflow/example_dags/example_nested_branch_dag.py took 0.075 seconds
[2024-10-29T23:52:08.992+0000] {processor.py:161} INFO - Started process (PID=2029) to work on /home/airflow/.local/lib/python3.8/site-packages/airflow/example_dags/example_nested_branch_dag.py
[2024-10-29T23:52:08.993+0000] {processor.py:830} INFO - Processing file /home/airflow/.local/lib/python3.8/site-packages/airflow/example_dags/example_nested_branch_dag.py for tasks to queue
[2024-10-29T23:52:08.995+0000] {logging_mixin.py:188} INFO - [2024-10-29T23:52:08.995+0000] {dagbag.py:540} INFO - Filling up the DagBag from /home/airflow/.local/lib/python3.8/site-packages/airflow/example_dags/example_nested_branch_dag.py
[2024-10-29T23:52:09.005+0000] {processor.py:840} INFO - DAG(s) 'example_nested_branch_dag' retrieved from /home/airflow/.local/lib/python3.8/site-packages/airflow/example_dags/example_nested_branch_dag.py
[2024-10-29T23:52:09.027+0000] {logging_mixin.py:188} INFO - [2024-10-29T23:52:09.027+0000] {dag.py:3047} INFO - Sync 1 DAGs
[2024-10-29T23:52:09.053+0000] {logging_mixin.py:188} INFO - [2024-10-29T23:52:09.053+0000] {dag.py:3834} INFO - Setting next_dagrun for example_nested_branch_dag to 2024-10-28 00:00:00+00:00, run_after=2024-10-29 00:00:00+00:00
[2024-10-29T23:52:09.075+0000] {processor.py:183} INFO - Processing /home/airflow/.local/lib/python3.8/site-packages/airflow/example_dags/example_nested_branch_dag.py took 0.086 seconds
[2024-10-29T23:52:39.181+0000] {processor.py:161} INFO - Started process (PID=2085) to work on /home/airflow/.local/lib/python3.8/site-packages/airflow/example_dags/example_nested_branch_dag.py
[2024-10-29T23:52:39.182+0000] {processor.py:830} INFO - Processing file /home/airflow/.local/lib/python3.8/site-packages/airflow/example_dags/example_nested_branch_dag.py for tasks to queue
[2024-10-29T23:52:39.184+0000] {logging_mixin.py:188} INFO - [2024-10-29T23:52:39.183+0000] {dagbag.py:540} INFO - Filling up the DagBag from /home/airflow/.local/lib/python3.8/site-packages/airflow/example_dags/example_nested_branch_dag.py
[2024-10-29T23:52:39.197+0000] {processor.py:840} INFO - DAG(s) 'example_nested_branch_dag' retrieved from /home/airflow/.local/lib/python3.8/site-packages/airflow/example_dags/example_nested_branch_dag.py
[2024-10-29T23:52:39.223+0000] {logging_mixin.py:188} INFO - [2024-10-29T23:52:39.222+0000] {dag.py:3047} INFO - Sync 1 DAGs
[2024-10-29T23:52:39.256+0000] {logging_mixin.py:188} INFO - [2024-10-29T23:52:39.256+0000] {dag.py:3834} INFO - Setting next_dagrun for example_nested_branch_dag to 2024-10-28 00:00:00+00:00, run_after=2024-10-29 00:00:00+00:00
[2024-10-29T23:52:39.284+0000] {processor.py:183} INFO - Processing /home/airflow/.local/lib/python3.8/site-packages/airflow/example_dags/example_nested_branch_dag.py took 0.106 seconds
[2024-10-29T23:53:09.945+0000] {processor.py:161} INFO - Started process (PID=2141) to work on /home/airflow/.local/lib/python3.8/site-packages/airflow/example_dags/example_nested_branch_dag.py
[2024-10-29T23:53:09.946+0000] {processor.py:830} INFO - Processing file /home/airflow/.local/lib/python3.8/site-packages/airflow/example_dags/example_nested_branch_dag.py for tasks to queue
[2024-10-29T23:53:09.947+0000] {logging_mixin.py:188} INFO - [2024-10-29T23:53:09.947+0000] {dagbag.py:540} INFO - Filling up the DagBag from /home/airflow/.local/lib/python3.8/site-packages/airflow/example_dags/example_nested_branch_dag.py
[2024-10-29T23:53:09.956+0000] {processor.py:840} INFO - DAG(s) 'example_nested_branch_dag' retrieved from /home/airflow/.local/lib/python3.8/site-packages/airflow/example_dags/example_nested_branch_dag.py
[2024-10-29T23:53:09.974+0000] {logging_mixin.py:188} INFO - [2024-10-29T23:53:09.974+0000] {dag.py:3047} INFO - Sync 1 DAGs
[2024-10-29T23:53:09.996+0000] {logging_mixin.py:188} INFO - [2024-10-29T23:53:09.996+0000] {dag.py:3834} INFO - Setting next_dagrun for example_nested_branch_dag to 2024-10-28 00:00:00+00:00, run_after=2024-10-29 00:00:00+00:00
[2024-10-29T23:53:10.012+0000] {processor.py:183} INFO - Processing /home/airflow/.local/lib/python3.8/site-packages/airflow/example_dags/example_nested_branch_dag.py took 0.069 seconds
[2024-10-29T23:53:40.830+0000] {processor.py:161} INFO - Started process (PID=2197) to work on /home/airflow/.local/lib/python3.8/site-packages/airflow/example_dags/example_nested_branch_dag.py
[2024-10-29T23:53:40.832+0000] {processor.py:830} INFO - Processing file /home/airflow/.local/lib/python3.8/site-packages/airflow/example_dags/example_nested_branch_dag.py for tasks to queue
[2024-10-29T23:53:40.836+0000] {logging_mixin.py:188} INFO - [2024-10-29T23:53:40.835+0000] {dagbag.py:540} INFO - Filling up the DagBag from /home/airflow/.local/lib/python3.8/site-packages/airflow/example_dags/example_nested_branch_dag.py
[2024-10-29T23:53:40.865+0000] {processor.py:840} INFO - DAG(s) 'example_nested_branch_dag' retrieved from /home/airflow/.local/lib/python3.8/site-packages/airflow/example_dags/example_nested_branch_dag.py
[2024-10-29T23:53:40.923+0000] {logging_mixin.py:188} INFO - [2024-10-29T23:53:40.922+0000] {dag.py:3047} INFO - Sync 1 DAGs
[2024-10-29T23:53:40.993+0000] {logging_mixin.py:188} INFO - [2024-10-29T23:53:40.992+0000] {dag.py:3834} INFO - Setting next_dagrun for example_nested_branch_dag to 2024-10-28 00:00:00+00:00, run_after=2024-10-29 00:00:00+00:00
[2024-10-29T23:53:41.046+0000] {processor.py:183} INFO - Processing /home/airflow/.local/lib/python3.8/site-packages/airflow/example_dags/example_nested_branch_dag.py took 0.224 seconds
[2024-10-29T23:54:11.501+0000] {processor.py:161} INFO - Started process (PID=2253) to work on /home/airflow/.local/lib/python3.8/site-packages/airflow/example_dags/example_nested_branch_dag.py
[2024-10-29T23:54:11.502+0000] {processor.py:830} INFO - Processing file /home/airflow/.local/lib/python3.8/site-packages/airflow/example_dags/example_nested_branch_dag.py for tasks to queue
[2024-10-29T23:54:11.503+0000] {logging_mixin.py:188} INFO - [2024-10-29T23:54:11.503+0000] {dagbag.py:540} INFO - Filling up the DagBag from /home/airflow/.local/lib/python3.8/site-packages/airflow/example_dags/example_nested_branch_dag.py
[2024-10-29T23:54:11.512+0000] {processor.py:840} INFO - DAG(s) 'example_nested_branch_dag' retrieved from /home/airflow/.local/lib/python3.8/site-packages/airflow/example_dags/example_nested_branch_dag.py
[2024-10-29T23:54:11.531+0000] {logging_mixin.py:188} INFO - [2024-10-29T23:54:11.531+0000] {dag.py:3047} INFO - Sync 1 DAGs
[2024-10-29T23:54:11.552+0000] {logging_mixin.py:188} INFO - [2024-10-29T23:54:11.552+0000] {dag.py:3834} INFO - Setting next_dagrun for example_nested_branch_dag to 2024-10-28 00:00:00+00:00, run_after=2024-10-29 00:00:00+00:00
[2024-10-29T23:54:11.568+0000] {processor.py:183} INFO - Processing /home/airflow/.local/lib/python3.8/site-packages/airflow/example_dags/example_nested_branch_dag.py took 0.070 seconds
[2024-10-29T23:54:42.182+0000] {processor.py:161} INFO - Started process (PID=2309) to work on /home/airflow/.local/lib/python3.8/site-packages/airflow/example_dags/example_nested_branch_dag.py
[2024-10-29T23:54:42.183+0000] {processor.py:830} INFO - Processing file /home/airflow/.local/lib/python3.8/site-packages/airflow/example_dags/example_nested_branch_dag.py for tasks to queue
[2024-10-29T23:54:42.185+0000] {logging_mixin.py:188} INFO - [2024-10-29T23:54:42.184+0000] {dagbag.py:540} INFO - Filling up the DagBag from /home/airflow/.local/lib/python3.8/site-packages/airflow/example_dags/example_nested_branch_dag.py
[2024-10-29T23:54:42.196+0000] {processor.py:840} INFO - DAG(s) 'example_nested_branch_dag' retrieved from /home/airflow/.local/lib/python3.8/site-packages/airflow/example_dags/example_nested_branch_dag.py
[2024-10-29T23:54:42.227+0000] {logging_mixin.py:188} INFO - [2024-10-29T23:54:42.226+0000] {dag.py:3047} INFO - Sync 1 DAGs
[2024-10-29T23:54:42.264+0000] {logging_mixin.py:188} INFO - [2024-10-29T23:54:42.264+0000] {dag.py:3834} INFO - Setting next_dagrun for example_nested_branch_dag to 2024-10-28 00:00:00+00:00, run_after=2024-10-29 00:00:00+00:00
[2024-10-29T23:54:42.291+0000] {processor.py:183} INFO - Processing /home/airflow/.local/lib/python3.8/site-packages/airflow/example_dags/example_nested_branch_dag.py took 0.112 seconds
[2024-10-29T23:55:12.683+0000] {processor.py:161} INFO - Started process (PID=2365) to work on /home/airflow/.local/lib/python3.8/site-packages/airflow/example_dags/example_nested_branch_dag.py
[2024-10-29T23:55:12.684+0000] {processor.py:830} INFO - Processing file /home/airflow/.local/lib/python3.8/site-packages/airflow/example_dags/example_nested_branch_dag.py for tasks to queue
[2024-10-29T23:55:12.686+0000] {logging_mixin.py:188} INFO - [2024-10-29T23:55:12.686+0000] {dagbag.py:540} INFO - Filling up the DagBag from /home/airflow/.local/lib/python3.8/site-packages/airflow/example_dags/example_nested_branch_dag.py
[2024-10-29T23:55:12.699+0000] {processor.py:840} INFO - DAG(s) 'example_nested_branch_dag' retrieved from /home/airflow/.local/lib/python3.8/site-packages/airflow/example_dags/example_nested_branch_dag.py
[2024-10-29T23:55:12.725+0000] {logging_mixin.py:188} INFO - [2024-10-29T23:55:12.725+0000] {dag.py:3047} INFO - Sync 1 DAGs
[2024-10-29T23:55:12.758+0000] {logging_mixin.py:188} INFO - [2024-10-29T23:55:12.758+0000] {dag.py:3834} INFO - Setting next_dagrun for example_nested_branch_dag to 2024-10-28 00:00:00+00:00, run_after=2024-10-29 00:00:00+00:00
[2024-10-29T23:55:12.782+0000] {processor.py:183} INFO - Processing /home/airflow/.local/lib/python3.8/site-packages/airflow/example_dags/example_nested_branch_dag.py took 0.102 seconds
[2024-10-29T23:55:42.944+0000] {processor.py:161} INFO - Started process (PID=2421) to work on /home/airflow/.local/lib/python3.8/site-packages/airflow/example_dags/example_nested_branch_dag.py
[2024-10-29T23:55:42.945+0000] {processor.py:830} INFO - Processing file /home/airflow/.local/lib/python3.8/site-packages/airflow/example_dags/example_nested_branch_dag.py for tasks to queue
[2024-10-29T23:55:42.946+0000] {logging_mixin.py:188} INFO - [2024-10-29T23:55:42.946+0000] {dagbag.py:540} INFO - Filling up the DagBag from /home/airflow/.local/lib/python3.8/site-packages/airflow/example_dags/example_nested_branch_dag.py
[2024-10-29T23:55:42.955+0000] {processor.py:840} INFO - DAG(s) 'example_nested_branch_dag' retrieved from /home/airflow/.local/lib/python3.8/site-packages/airflow/example_dags/example_nested_branch_dag.py
[2024-10-29T23:55:42.975+0000] {logging_mixin.py:188} INFO - [2024-10-29T23:55:42.975+0000] {dag.py:3047} INFO - Sync 1 DAGs
[2024-10-29T23:55:43.008+0000] {logging_mixin.py:188} INFO - [2024-10-29T23:55:43.007+0000] {dag.py:3834} INFO - Setting next_dagrun for example_nested_branch_dag to 2024-10-28 00:00:00+00:00, run_after=2024-10-29 00:00:00+00:00
[2024-10-29T23:55:43.032+0000] {processor.py:183} INFO - Processing /home/airflow/.local/lib/python3.8/site-packages/airflow/example_dags/example_nested_branch_dag.py took 0.091 seconds
[2024-10-29T23:56:13.902+0000] {processor.py:161} INFO - Started process (PID=2477) to work on /home/airflow/.local/lib/python3.8/site-packages/airflow/example_dags/example_nested_branch_dag.py
[2024-10-29T23:56:13.903+0000] {processor.py:830} INFO - Processing file /home/airflow/.local/lib/python3.8/site-packages/airflow/example_dags/example_nested_branch_dag.py for tasks to queue
[2024-10-29T23:56:13.905+0000] {logging_mixin.py:188} INFO - [2024-10-29T23:56:13.904+0000] {dagbag.py:540} INFO - Filling up the DagBag from /home/airflow/.local/lib/python3.8/site-packages/airflow/example_dags/example_nested_branch_dag.py
[2024-10-29T23:56:13.915+0000] {processor.py:840} INFO - DAG(s) 'example_nested_branch_dag' retrieved from /home/airflow/.local/lib/python3.8/site-packages/airflow/example_dags/example_nested_branch_dag.py
[2024-10-29T23:56:13.945+0000] {logging_mixin.py:188} INFO - [2024-10-29T23:56:13.944+0000] {dag.py:3047} INFO - Sync 1 DAGs
[2024-10-29T23:56:13.980+0000] {logging_mixin.py:188} INFO - [2024-10-29T23:56:13.980+0000] {dag.py:3834} INFO - Setting next_dagrun for example_nested_branch_dag to 2024-10-28 00:00:00+00:00, run_after=2024-10-29 00:00:00+00:00
[2024-10-29T23:56:14.002+0000] {processor.py:183} INFO - Processing /home/airflow/.local/lib/python3.8/site-packages/airflow/example_dags/example_nested_branch_dag.py took 0.104 seconds
[2024-10-29T23:56:44.339+0000] {processor.py:161} INFO - Started process (PID=2533) to work on /home/airflow/.local/lib/python3.8/site-packages/airflow/example_dags/example_nested_branch_dag.py
[2024-10-29T23:56:44.340+0000] {processor.py:830} INFO - Processing file /home/airflow/.local/lib/python3.8/site-packages/airflow/example_dags/example_nested_branch_dag.py for tasks to queue
[2024-10-29T23:56:44.342+0000] {logging_mixin.py:188} INFO - [2024-10-29T23:56:44.342+0000] {dagbag.py:540} INFO - Filling up the DagBag from /home/airflow/.local/lib/python3.8/site-packages/airflow/example_dags/example_nested_branch_dag.py
[2024-10-29T23:56:44.352+0000] {processor.py:840} INFO - DAG(s) 'example_nested_branch_dag' retrieved from /home/airflow/.local/lib/python3.8/site-packages/airflow/example_dags/example_nested_branch_dag.py
[2024-10-29T23:56:44.374+0000] {logging_mixin.py:188} INFO - [2024-10-29T23:56:44.374+0000] {dag.py:3047} INFO - Sync 1 DAGs
[2024-10-29T23:56:44.400+0000] {logging_mixin.py:188} INFO - [2024-10-29T23:56:44.400+0000] {dag.py:3834} INFO - Setting next_dagrun for example_nested_branch_dag to 2024-10-28 00:00:00+00:00, run_after=2024-10-29 00:00:00+00:00
[2024-10-29T23:56:44.419+0000] {processor.py:183} INFO - Processing /home/airflow/.local/lib/python3.8/site-packages/airflow/example_dags/example_nested_branch_dag.py took 0.083 seconds
[2024-10-29T23:57:14.905+0000] {processor.py:161} INFO - Started process (PID=2589) to work on /home/airflow/.local/lib/python3.8/site-packages/airflow/example_dags/example_nested_branch_dag.py
[2024-10-29T23:57:14.907+0000] {processor.py:830} INFO - Processing file /home/airflow/.local/lib/python3.8/site-packages/airflow/example_dags/example_nested_branch_dag.py for tasks to queue
[2024-10-29T23:57:14.909+0000] {logging_mixin.py:188} INFO - [2024-10-29T23:57:14.908+0000] {dagbag.py:540} INFO - Filling up the DagBag from /home/airflow/.local/lib/python3.8/site-packages/airflow/example_dags/example_nested_branch_dag.py
[2024-10-29T23:57:14.921+0000] {processor.py:840} INFO - DAG(s) 'example_nested_branch_dag' retrieved from /home/airflow/.local/lib/python3.8/site-packages/airflow/example_dags/example_nested_branch_dag.py
[2024-10-29T23:57:14.948+0000] {logging_mixin.py:188} INFO - [2024-10-29T23:57:14.947+0000] {dag.py:3047} INFO - Sync 1 DAGs
[2024-10-29T23:57:14.984+0000] {logging_mixin.py:188} INFO - [2024-10-29T23:57:14.984+0000] {dag.py:3834} INFO - Setting next_dagrun for example_nested_branch_dag to 2024-10-28 00:00:00+00:00, run_after=2024-10-29 00:00:00+00:00
[2024-10-29T23:57:15.014+0000] {processor.py:183} INFO - Processing /home/airflow/.local/lib/python3.8/site-packages/airflow/example_dags/example_nested_branch_dag.py took 0.115 seconds
[2024-10-29T23:57:45.158+0000] {processor.py:161} INFO - Started process (PID=2645) to work on /home/airflow/.local/lib/python3.8/site-packages/airflow/example_dags/example_nested_branch_dag.py
[2024-10-29T23:57:45.158+0000] {processor.py:830} INFO - Processing file /home/airflow/.local/lib/python3.8/site-packages/airflow/example_dags/example_nested_branch_dag.py for tasks to queue
[2024-10-29T23:57:45.160+0000] {logging_mixin.py:188} INFO - [2024-10-29T23:57:45.160+0000] {dagbag.py:540} INFO - Filling up the DagBag from /home/airflow/.local/lib/python3.8/site-packages/airflow/example_dags/example_nested_branch_dag.py
[2024-10-29T23:57:45.171+0000] {processor.py:840} INFO - DAG(s) 'example_nested_branch_dag' retrieved from /home/airflow/.local/lib/python3.8/site-packages/airflow/example_dags/example_nested_branch_dag.py
[2024-10-29T23:57:45.193+0000] {logging_mixin.py:188} INFO - [2024-10-29T23:57:45.192+0000] {dag.py:3047} INFO - Sync 1 DAGs
[2024-10-29T23:57:45.217+0000] {logging_mixin.py:188} INFO - [2024-10-29T23:57:45.216+0000] {dag.py:3834} INFO - Setting next_dagrun for example_nested_branch_dag to 2024-10-28 00:00:00+00:00, run_after=2024-10-29 00:00:00+00:00
[2024-10-29T23:57:45.234+0000] {processor.py:183} INFO - Processing /home/airflow/.local/lib/python3.8/site-packages/airflow/example_dags/example_nested_branch_dag.py took 0.081 seconds
[2024-10-29T23:58:16.016+0000] {processor.py:161} INFO - Started process (PID=2701) to work on /home/airflow/.local/lib/python3.8/site-packages/airflow/example_dags/example_nested_branch_dag.py
[2024-10-29T23:58:16.017+0000] {processor.py:830} INFO - Processing file /home/airflow/.local/lib/python3.8/site-packages/airflow/example_dags/example_nested_branch_dag.py for tasks to queue
[2024-10-29T23:58:16.018+0000] {logging_mixin.py:188} INFO - [2024-10-29T23:58:16.018+0000] {dagbag.py:540} INFO - Filling up the DagBag from /home/airflow/.local/lib/python3.8/site-packages/airflow/example_dags/example_nested_branch_dag.py
[2024-10-29T23:58:16.029+0000] {processor.py:840} INFO - DAG(s) 'example_nested_branch_dag' retrieved from /home/airflow/.local/lib/python3.8/site-packages/airflow/example_dags/example_nested_branch_dag.py
[2024-10-29T23:58:16.056+0000] {logging_mixin.py:188} INFO - [2024-10-29T23:58:16.056+0000] {dag.py:3047} INFO - Sync 1 DAGs
[2024-10-29T23:58:16.087+0000] {logging_mixin.py:188} INFO - [2024-10-29T23:58:16.087+0000] {dag.py:3834} INFO - Setting next_dagrun for example_nested_branch_dag to 2024-10-28 00:00:00+00:00, run_after=2024-10-29 00:00:00+00:00
[2024-10-29T23:58:16.109+0000] {processor.py:183} INFO - Processing /home/airflow/.local/lib/python3.8/site-packages/airflow/example_dags/example_nested_branch_dag.py took 0.096 seconds
[2024-10-29T23:58:46.225+0000] {processor.py:161} INFO - Started process (PID=2757) to work on /home/airflow/.local/lib/python3.8/site-packages/airflow/example_dags/example_nested_branch_dag.py
[2024-10-29T23:58:46.226+0000] {processor.py:830} INFO - Processing file /home/airflow/.local/lib/python3.8/site-packages/airflow/example_dags/example_nested_branch_dag.py for tasks to queue
[2024-10-29T23:58:46.227+0000] {logging_mixin.py:188} INFO - [2024-10-29T23:58:46.227+0000] {dagbag.py:540} INFO - Filling up the DagBag from /home/airflow/.local/lib/python3.8/site-packages/airflow/example_dags/example_nested_branch_dag.py
[2024-10-29T23:58:46.239+0000] {processor.py:840} INFO - DAG(s) 'example_nested_branch_dag' retrieved from /home/airflow/.local/lib/python3.8/site-packages/airflow/example_dags/example_nested_branch_dag.py
[2024-10-29T23:58:46.262+0000] {logging_mixin.py:188} INFO - [2024-10-29T23:58:46.261+0000] {dag.py:3047} INFO - Sync 1 DAGs
[2024-10-29T23:58:46.284+0000] {logging_mixin.py:188} INFO - [2024-10-29T23:58:46.283+0000] {dag.py:3834} INFO - Setting next_dagrun for example_nested_branch_dag to 2024-10-28 00:00:00+00:00, run_after=2024-10-29 00:00:00+00:00
[2024-10-29T23:58:46.302+0000] {processor.py:183} INFO - Processing /home/airflow/.local/lib/python3.8/site-packages/airflow/example_dags/example_nested_branch_dag.py took 0.080 seconds
[2024-10-29T23:59:16.494+0000] {processor.py:161} INFO - Started process (PID=2813) to work on /home/airflow/.local/lib/python3.8/site-packages/airflow/example_dags/example_nested_branch_dag.py
[2024-10-29T23:59:16.496+0000] {processor.py:830} INFO - Processing file /home/airflow/.local/lib/python3.8/site-packages/airflow/example_dags/example_nested_branch_dag.py for tasks to queue
[2024-10-29T23:59:16.501+0000] {logging_mixin.py:188} INFO - [2024-10-29T23:59:16.500+0000] {dagbag.py:540} INFO - Filling up the DagBag from /home/airflow/.local/lib/python3.8/site-packages/airflow/example_dags/example_nested_branch_dag.py
[2024-10-29T23:59:16.530+0000] {processor.py:840} INFO - DAG(s) 'example_nested_branch_dag' retrieved from /home/airflow/.local/lib/python3.8/site-packages/airflow/example_dags/example_nested_branch_dag.py
[2024-10-29T23:59:16.590+0000] {logging_mixin.py:188} INFO - [2024-10-29T23:59:16.589+0000] {dag.py:3047} INFO - Sync 1 DAGs
[2024-10-29T23:59:16.659+0000] {logging_mixin.py:188} INFO - [2024-10-29T23:59:16.659+0000] {dag.py:3834} INFO - Setting next_dagrun for example_nested_branch_dag to 2024-10-28 00:00:00+00:00, run_after=2024-10-29 00:00:00+00:00
[2024-10-29T23:59:16.683+0000] {processor.py:183} INFO - Processing /home/airflow/.local/lib/python3.8/site-packages/airflow/example_dags/example_nested_branch_dag.py took 0.197 seconds
[2024-10-29T23:59:46.790+0000] {processor.py:161} INFO - Started process (PID=2869) to work on /home/airflow/.local/lib/python3.8/site-packages/airflow/example_dags/example_nested_branch_dag.py
[2024-10-29T23:59:46.791+0000] {processor.py:830} INFO - Processing file /home/airflow/.local/lib/python3.8/site-packages/airflow/example_dags/example_nested_branch_dag.py for tasks to queue
[2024-10-29T23:59:46.793+0000] {logging_mixin.py:188} INFO - [2024-10-29T23:59:46.793+0000] {dagbag.py:540} INFO - Filling up the DagBag from /home/airflow/.local/lib/python3.8/site-packages/airflow/example_dags/example_nested_branch_dag.py
[2024-10-29T23:59:46.810+0000] {processor.py:840} INFO - DAG(s) 'example_nested_branch_dag' retrieved from /home/airflow/.local/lib/python3.8/site-packages/airflow/example_dags/example_nested_branch_dag.py
[2024-10-29T23:59:46.849+0000] {logging_mixin.py:188} INFO - [2024-10-29T23:59:46.848+0000] {dag.py:3047} INFO - Sync 1 DAGs
[2024-10-29T23:59:46.892+0000] {logging_mixin.py:188} INFO - [2024-10-29T23:59:46.892+0000] {dag.py:3834} INFO - Setting next_dagrun for example_nested_branch_dag to 2024-10-28 00:00:00+00:00, run_after=2024-10-29 00:00:00+00:00
[2024-10-29T23:59:46.912+0000] {processor.py:183} INFO - Processing /home/airflow/.local/lib/python3.8/site-packages/airflow/example_dags/example_nested_branch_dag.py took 0.128 seconds
