[2024-10-29T23:27:21.822+0000] {processor.py:161} INFO - Started process (PID=16635) to work on /home/airflow/.local/lib/python3.8/site-packages/airflow/example_dags/example_kubernetes_executor.py
[2024-10-29T23:27:21.823+0000] {processor.py:830} INFO - Processing file /home/airflow/.local/lib/python3.8/site-packages/airflow/example_dags/example_kubernetes_executor.py for tasks to queue
[2024-10-29T23:27:21.826+0000] {logging_mixin.py:188} INFO - [2024-10-29T23:27:21.825+0000] {dagbag.py:540} INFO - Filling up the DagBag from /home/airflow/.local/lib/python3.8/site-packages/airflow/example_dags/example_kubernetes_executor.py
[2024-10-29T23:27:21.850+0000] {processor.py:840} INFO - DAG(s) 'example_kubernetes_executor' retrieved from /home/airflow/.local/lib/python3.8/site-packages/airflow/example_dags/example_kubernetes_executor.py
[2024-10-29T23:27:21.929+0000] {logging_mixin.py:188} INFO - [2024-10-29T23:27:21.928+0000] {dag.py:3047} INFO - Sync 1 DAGs
[2024-10-29T23:27:21.967+0000] {logging_mixin.py:188} INFO - [2024-10-29T23:27:21.966+0000] {dag.py:3834} INFO - Setting next_dagrun for example_kubernetes_executor to None, run_after=None
[2024-10-29T23:27:21.993+0000] {processor.py:183} INFO - Processing /home/airflow/.local/lib/python3.8/site-packages/airflow/example_dags/example_kubernetes_executor.py took 0.177 seconds
[2024-10-29T23:27:52.886+0000] {processor.py:161} INFO - Started process (PID=16691) to work on /home/airflow/.local/lib/python3.8/site-packages/airflow/example_dags/example_kubernetes_executor.py
[2024-10-29T23:27:52.891+0000] {processor.py:830} INFO - Processing file /home/airflow/.local/lib/python3.8/site-packages/airflow/example_dags/example_kubernetes_executor.py for tasks to queue
[2024-10-29T23:27:52.894+0000] {logging_mixin.py:188} INFO - [2024-10-29T23:27:52.893+0000] {dagbag.py:540} INFO - Filling up the DagBag from /home/airflow/.local/lib/python3.8/site-packages/airflow/example_dags/example_kubernetes_executor.py
[2024-10-29T23:27:52.910+0000] {processor.py:840} INFO - DAG(s) 'example_kubernetes_executor' retrieved from /home/airflow/.local/lib/python3.8/site-packages/airflow/example_dags/example_kubernetes_executor.py
[2024-10-29T23:27:52.956+0000] {logging_mixin.py:188} INFO - [2024-10-29T23:27:52.955+0000] {dag.py:3047} INFO - Sync 1 DAGs
[2024-10-29T23:27:52.970+0000] {logging_mixin.py:188} INFO - [2024-10-29T23:27:52.970+0000] {dag.py:3834} INFO - Setting next_dagrun for example_kubernetes_executor to None, run_after=None
[2024-10-29T23:27:52.991+0000] {processor.py:183} INFO - Processing /home/airflow/.local/lib/python3.8/site-packages/airflow/example_dags/example_kubernetes_executor.py took 0.109 seconds
[2024-10-29T23:28:23.505+0000] {processor.py:161} INFO - Started process (PID=16747) to work on /home/airflow/.local/lib/python3.8/site-packages/airflow/example_dags/example_kubernetes_executor.py
[2024-10-29T23:28:23.511+0000] {processor.py:830} INFO - Processing file /home/airflow/.local/lib/python3.8/site-packages/airflow/example_dags/example_kubernetes_executor.py for tasks to queue
[2024-10-29T23:28:23.512+0000] {logging_mixin.py:188} INFO - [2024-10-29T23:28:23.512+0000] {dagbag.py:540} INFO - Filling up the DagBag from /home/airflow/.local/lib/python3.8/site-packages/airflow/example_dags/example_kubernetes_executor.py
[2024-10-29T23:28:23.527+0000] {processor.py:840} INFO - DAG(s) 'example_kubernetes_executor' retrieved from /home/airflow/.local/lib/python3.8/site-packages/airflow/example_dags/example_kubernetes_executor.py
[2024-10-29T23:28:23.562+0000] {logging_mixin.py:188} INFO - [2024-10-29T23:28:23.562+0000] {dag.py:3047} INFO - Sync 1 DAGs
[2024-10-29T23:28:23.574+0000] {logging_mixin.py:188} INFO - [2024-10-29T23:28:23.573+0000] {dag.py:3834} INFO - Setting next_dagrun for example_kubernetes_executor to None, run_after=None
[2024-10-29T23:28:23.591+0000] {processor.py:183} INFO - Processing /home/airflow/.local/lib/python3.8/site-packages/airflow/example_dags/example_kubernetes_executor.py took 0.089 seconds
[2024-10-29T23:28:54.340+0000] {processor.py:161} INFO - Started process (PID=16803) to work on /home/airflow/.local/lib/python3.8/site-packages/airflow/example_dags/example_kubernetes_executor.py
[2024-10-29T23:28:54.346+0000] {processor.py:830} INFO - Processing file /home/airflow/.local/lib/python3.8/site-packages/airflow/example_dags/example_kubernetes_executor.py for tasks to queue
[2024-10-29T23:28:54.348+0000] {logging_mixin.py:188} INFO - [2024-10-29T23:28:54.348+0000] {dagbag.py:540} INFO - Filling up the DagBag from /home/airflow/.local/lib/python3.8/site-packages/airflow/example_dags/example_kubernetes_executor.py
[2024-10-29T23:28:54.364+0000] {processor.py:840} INFO - DAG(s) 'example_kubernetes_executor' retrieved from /home/airflow/.local/lib/python3.8/site-packages/airflow/example_dags/example_kubernetes_executor.py
[2024-10-29T23:28:54.405+0000] {logging_mixin.py:188} INFO - [2024-10-29T23:28:54.404+0000] {dag.py:3047} INFO - Sync 1 DAGs
[2024-10-29T23:28:54.418+0000] {logging_mixin.py:188} INFO - [2024-10-29T23:28:54.417+0000] {dag.py:3834} INFO - Setting next_dagrun for example_kubernetes_executor to None, run_after=None
[2024-10-29T23:28:54.437+0000] {processor.py:183} INFO - Processing /home/airflow/.local/lib/python3.8/site-packages/airflow/example_dags/example_kubernetes_executor.py took 0.100 seconds
[2024-10-29T23:29:24.497+0000] {processor.py:161} INFO - Started process (PID=16859) to work on /home/airflow/.local/lib/python3.8/site-packages/airflow/example_dags/example_kubernetes_executor.py
[2024-10-29T23:29:24.502+0000] {processor.py:830} INFO - Processing file /home/airflow/.local/lib/python3.8/site-packages/airflow/example_dags/example_kubernetes_executor.py for tasks to queue
[2024-10-29T23:29:24.504+0000] {logging_mixin.py:188} INFO - [2024-10-29T23:29:24.504+0000] {dagbag.py:540} INFO - Filling up the DagBag from /home/airflow/.local/lib/python3.8/site-packages/airflow/example_dags/example_kubernetes_executor.py
[2024-10-29T23:29:24.518+0000] {processor.py:840} INFO - DAG(s) 'example_kubernetes_executor' retrieved from /home/airflow/.local/lib/python3.8/site-packages/airflow/example_dags/example_kubernetes_executor.py
[2024-10-29T23:29:24.553+0000] {logging_mixin.py:188} INFO - [2024-10-29T23:29:24.553+0000] {dag.py:3047} INFO - Sync 1 DAGs
[2024-10-29T23:29:24.565+0000] {logging_mixin.py:188} INFO - [2024-10-29T23:29:24.565+0000] {dag.py:3834} INFO - Setting next_dagrun for example_kubernetes_executor to None, run_after=None
[2024-10-29T23:29:24.590+0000] {processor.py:183} INFO - Processing /home/airflow/.local/lib/python3.8/site-packages/airflow/example_dags/example_kubernetes_executor.py took 0.096 seconds
[2024-10-29T23:29:54.940+0000] {processor.py:161} INFO - Started process (PID=16915) to work on /home/airflow/.local/lib/python3.8/site-packages/airflow/example_dags/example_kubernetes_executor.py
[2024-10-29T23:29:54.946+0000] {processor.py:830} INFO - Processing file /home/airflow/.local/lib/python3.8/site-packages/airflow/example_dags/example_kubernetes_executor.py for tasks to queue
[2024-10-29T23:29:54.948+0000] {logging_mixin.py:188} INFO - [2024-10-29T23:29:54.947+0000] {dagbag.py:540} INFO - Filling up the DagBag from /home/airflow/.local/lib/python3.8/site-packages/airflow/example_dags/example_kubernetes_executor.py
[2024-10-29T23:29:54.967+0000] {processor.py:840} INFO - DAG(s) 'example_kubernetes_executor' retrieved from /home/airflow/.local/lib/python3.8/site-packages/airflow/example_dags/example_kubernetes_executor.py
[2024-10-29T23:29:55.008+0000] {logging_mixin.py:188} INFO - [2024-10-29T23:29:55.007+0000] {dag.py:3047} INFO - Sync 1 DAGs
[2024-10-29T23:29:55.022+0000] {logging_mixin.py:188} INFO - [2024-10-29T23:29:55.022+0000] {dag.py:3834} INFO - Setting next_dagrun for example_kubernetes_executor to None, run_after=None
[2024-10-29T23:29:55.044+0000] {processor.py:183} INFO - Processing /home/airflow/.local/lib/python3.8/site-packages/airflow/example_dags/example_kubernetes_executor.py took 0.107 seconds
[2024-10-29T23:30:25.338+0000] {processor.py:161} INFO - Started process (PID=16971) to work on /home/airflow/.local/lib/python3.8/site-packages/airflow/example_dags/example_kubernetes_executor.py
[2024-10-29T23:30:25.339+0000] {processor.py:830} INFO - Processing file /home/airflow/.local/lib/python3.8/site-packages/airflow/example_dags/example_kubernetes_executor.py for tasks to queue
[2024-10-29T23:30:25.340+0000] {logging_mixin.py:188} INFO - [2024-10-29T23:30:25.340+0000] {dagbag.py:540} INFO - Filling up the DagBag from /home/airflow/.local/lib/python3.8/site-packages/airflow/example_dags/example_kubernetes_executor.py
[2024-10-29T23:30:25.355+0000] {processor.py:840} INFO - DAG(s) 'example_kubernetes_executor' retrieved from /home/airflow/.local/lib/python3.8/site-packages/airflow/example_dags/example_kubernetes_executor.py
[2024-10-29T23:30:25.402+0000] {logging_mixin.py:188} INFO - [2024-10-29T23:30:25.402+0000] {dag.py:3047} INFO - Sync 1 DAGs
[2024-10-29T23:30:25.416+0000] {logging_mixin.py:188} INFO - [2024-10-29T23:30:25.415+0000] {dag.py:3834} INFO - Setting next_dagrun for example_kubernetes_executor to None, run_after=None
[2024-10-29T23:30:25.433+0000] {processor.py:183} INFO - Processing /home/airflow/.local/lib/python3.8/site-packages/airflow/example_dags/example_kubernetes_executor.py took 0.097 seconds
[2024-10-29T23:30:55.896+0000] {processor.py:161} INFO - Started process (PID=17026) to work on /home/airflow/.local/lib/python3.8/site-packages/airflow/example_dags/example_kubernetes_executor.py
[2024-10-29T23:30:55.897+0000] {processor.py:830} INFO - Processing file /home/airflow/.local/lib/python3.8/site-packages/airflow/example_dags/example_kubernetes_executor.py for tasks to queue
[2024-10-29T23:30:55.899+0000] {logging_mixin.py:188} INFO - [2024-10-29T23:30:55.899+0000] {dagbag.py:540} INFO - Filling up the DagBag from /home/airflow/.local/lib/python3.8/site-packages/airflow/example_dags/example_kubernetes_executor.py
[2024-10-29T23:30:55.916+0000] {processor.py:840} INFO - DAG(s) 'example_kubernetes_executor' retrieved from /home/airflow/.local/lib/python3.8/site-packages/airflow/example_dags/example_kubernetes_executor.py
[2024-10-29T23:30:55.947+0000] {logging_mixin.py:188} INFO - [2024-10-29T23:30:55.947+0000] {dag.py:3047} INFO - Sync 1 DAGs
[2024-10-29T23:30:55.957+0000] {logging_mixin.py:188} INFO - [2024-10-29T23:30:55.957+0000] {dag.py:3834} INFO - Setting next_dagrun for example_kubernetes_executor to None, run_after=None
[2024-10-29T23:30:55.974+0000] {processor.py:183} INFO - Processing /home/airflow/.local/lib/python3.8/site-packages/airflow/example_dags/example_kubernetes_executor.py took 0.083 seconds
[2024-10-29T23:31:26.455+0000] {processor.py:161} INFO - Started process (PID=17082) to work on /home/airflow/.local/lib/python3.8/site-packages/airflow/example_dags/example_kubernetes_executor.py
[2024-10-29T23:31:26.456+0000] {processor.py:830} INFO - Processing file /home/airflow/.local/lib/python3.8/site-packages/airflow/example_dags/example_kubernetes_executor.py for tasks to queue
[2024-10-29T23:31:26.459+0000] {logging_mixin.py:188} INFO - [2024-10-29T23:31:26.458+0000] {dagbag.py:540} INFO - Filling up the DagBag from /home/airflow/.local/lib/python3.8/site-packages/airflow/example_dags/example_kubernetes_executor.py
[2024-10-29T23:31:26.479+0000] {processor.py:840} INFO - DAG(s) 'example_kubernetes_executor' retrieved from /home/airflow/.local/lib/python3.8/site-packages/airflow/example_dags/example_kubernetes_executor.py
[2024-10-29T23:31:26.527+0000] {logging_mixin.py:188} INFO - [2024-10-29T23:31:26.527+0000] {dag.py:3047} INFO - Sync 1 DAGs
[2024-10-29T23:31:26.545+0000] {logging_mixin.py:188} INFO - [2024-10-29T23:31:26.545+0000] {dag.py:3834} INFO - Setting next_dagrun for example_kubernetes_executor to None, run_after=None
[2024-10-29T23:31:26.574+0000] {processor.py:183} INFO - Processing /home/airflow/.local/lib/python3.8/site-packages/airflow/example_dags/example_kubernetes_executor.py took 0.123 seconds
[2024-10-29T23:31:57.175+0000] {processor.py:161} INFO - Started process (PID=17138) to work on /home/airflow/.local/lib/python3.8/site-packages/airflow/example_dags/example_kubernetes_executor.py
[2024-10-29T23:31:57.176+0000] {processor.py:830} INFO - Processing file /home/airflow/.local/lib/python3.8/site-packages/airflow/example_dags/example_kubernetes_executor.py for tasks to queue
[2024-10-29T23:31:57.177+0000] {logging_mixin.py:188} INFO - [2024-10-29T23:31:57.177+0000] {dagbag.py:540} INFO - Filling up the DagBag from /home/airflow/.local/lib/python3.8/site-packages/airflow/example_dags/example_kubernetes_executor.py
[2024-10-29T23:31:57.189+0000] {processor.py:840} INFO - DAG(s) 'example_kubernetes_executor' retrieved from /home/airflow/.local/lib/python3.8/site-packages/airflow/example_dags/example_kubernetes_executor.py
[2024-10-29T23:31:57.219+0000] {logging_mixin.py:188} INFO - [2024-10-29T23:31:57.219+0000] {dag.py:3047} INFO - Sync 1 DAGs
[2024-10-29T23:31:57.230+0000] {logging_mixin.py:188} INFO - [2024-10-29T23:31:57.229+0000] {dag.py:3834} INFO - Setting next_dagrun for example_kubernetes_executor to None, run_after=None
[2024-10-29T23:31:57.245+0000] {processor.py:183} INFO - Processing /home/airflow/.local/lib/python3.8/site-packages/airflow/example_dags/example_kubernetes_executor.py took 0.072 seconds
[2024-10-29T23:32:27.981+0000] {processor.py:161} INFO - Started process (PID=17193) to work on /home/airflow/.local/lib/python3.8/site-packages/airflow/example_dags/example_kubernetes_executor.py
[2024-10-29T23:32:27.982+0000] {processor.py:830} INFO - Processing file /home/airflow/.local/lib/python3.8/site-packages/airflow/example_dags/example_kubernetes_executor.py for tasks to queue
[2024-10-29T23:32:27.983+0000] {logging_mixin.py:188} INFO - [2024-10-29T23:32:27.983+0000] {dagbag.py:540} INFO - Filling up the DagBag from /home/airflow/.local/lib/python3.8/site-packages/airflow/example_dags/example_kubernetes_executor.py
[2024-10-29T23:32:27.999+0000] {processor.py:840} INFO - DAG(s) 'example_kubernetes_executor' retrieved from /home/airflow/.local/lib/python3.8/site-packages/airflow/example_dags/example_kubernetes_executor.py
[2024-10-29T23:32:28.033+0000] {logging_mixin.py:188} INFO - [2024-10-29T23:32:28.033+0000] {dag.py:3047} INFO - Sync 1 DAGs
[2024-10-29T23:32:28.047+0000] {logging_mixin.py:188} INFO - [2024-10-29T23:32:28.047+0000] {dag.py:3834} INFO - Setting next_dagrun for example_kubernetes_executor to None, run_after=None
[2024-10-29T23:32:28.180+0000] {processor.py:183} INFO - Processing /home/airflow/.local/lib/python3.8/site-packages/airflow/example_dags/example_kubernetes_executor.py took 0.202 seconds
[2024-10-29T23:32:58.376+0000] {processor.py:161} INFO - Started process (PID=17249) to work on /home/airflow/.local/lib/python3.8/site-packages/airflow/example_dags/example_kubernetes_executor.py
[2024-10-29T23:32:58.381+0000] {processor.py:830} INFO - Processing file /home/airflow/.local/lib/python3.8/site-packages/airflow/example_dags/example_kubernetes_executor.py for tasks to queue
[2024-10-29T23:32:58.383+0000] {logging_mixin.py:188} INFO - [2024-10-29T23:32:58.382+0000] {dagbag.py:540} INFO - Filling up the DagBag from /home/airflow/.local/lib/python3.8/site-packages/airflow/example_dags/example_kubernetes_executor.py
[2024-10-29T23:32:58.395+0000] {processor.py:840} INFO - DAG(s) 'example_kubernetes_executor' retrieved from /home/airflow/.local/lib/python3.8/site-packages/airflow/example_dags/example_kubernetes_executor.py
[2024-10-29T23:32:58.426+0000] {logging_mixin.py:188} INFO - [2024-10-29T23:32:58.425+0000] {dag.py:3047} INFO - Sync 1 DAGs
[2024-10-29T23:32:58.438+0000] {logging_mixin.py:188} INFO - [2024-10-29T23:32:58.437+0000] {dag.py:3834} INFO - Setting next_dagrun for example_kubernetes_executor to None, run_after=None
[2024-10-29T23:32:58.548+0000] {processor.py:183} INFO - Processing /home/airflow/.local/lib/python3.8/site-packages/airflow/example_dags/example_kubernetes_executor.py took 0.175 seconds
[2024-10-29T23:34:16.831+0000] {processor.py:161} INFO - Started process (PID=48) to work on /home/airflow/.local/lib/python3.8/site-packages/airflow/example_dags/example_kubernetes_executor.py
[2024-10-29T23:34:16.833+0000] {processor.py:830} INFO - Processing file /home/airflow/.local/lib/python3.8/site-packages/airflow/example_dags/example_kubernetes_executor.py for tasks to queue
[2024-10-29T23:34:16.837+0000] {logging_mixin.py:188} INFO - [2024-10-29T23:34:16.834+0000] {dagbag.py:540} INFO - Filling up the DagBag from /home/airflow/.local/lib/python3.8/site-packages/airflow/example_dags/example_kubernetes_executor.py
[2024-10-29T23:34:16.876+0000] {processor.py:840} INFO - DAG(s) 'example_kubernetes_executor' retrieved from /home/airflow/.local/lib/python3.8/site-packages/airflow/example_dags/example_kubernetes_executor.py
[2024-10-29T23:34:16.892+0000] {logging_mixin.py:188} INFO - [2024-10-29T23:34:16.892+0000] {dag.py:3047} INFO - Sync 1 DAGs
[2024-10-29T23:34:16.908+0000] {logging_mixin.py:188} INFO - [2024-10-29T23:34:16.908+0000] {dag.py:3834} INFO - Setting next_dagrun for example_kubernetes_executor to None, run_after=None
[2024-10-29T23:34:16.931+0000] {processor.py:183} INFO - Processing /home/airflow/.local/lib/python3.8/site-packages/airflow/example_dags/example_kubernetes_executor.py took 0.105 seconds
[2024-10-29T23:34:48.118+0000] {processor.py:161} INFO - Started process (PID=104) to work on /home/airflow/.local/lib/python3.8/site-packages/airflow/example_dags/example_kubernetes_executor.py
[2024-10-29T23:34:48.118+0000] {processor.py:830} INFO - Processing file /home/airflow/.local/lib/python3.8/site-packages/airflow/example_dags/example_kubernetes_executor.py for tasks to queue
[2024-10-29T23:34:48.120+0000] {logging_mixin.py:188} INFO - [2024-10-29T23:34:48.120+0000] {dagbag.py:540} INFO - Filling up the DagBag from /home/airflow/.local/lib/python3.8/site-packages/airflow/example_dags/example_kubernetes_executor.py
[2024-10-29T23:34:48.142+0000] {processor.py:840} INFO - DAG(s) 'example_kubernetes_executor' retrieved from /home/airflow/.local/lib/python3.8/site-packages/airflow/example_dags/example_kubernetes_executor.py
[2024-10-29T23:34:48.300+0000] {logging_mixin.py:188} INFO - [2024-10-29T23:34:48.300+0000] {dag.py:3047} INFO - Sync 1 DAGs
[2024-10-29T23:34:48.314+0000] {logging_mixin.py:188} INFO - [2024-10-29T23:34:48.314+0000] {dag.py:3834} INFO - Setting next_dagrun for example_kubernetes_executor to None, run_after=None
[2024-10-29T23:34:48.340+0000] {processor.py:183} INFO - Processing /home/airflow/.local/lib/python3.8/site-packages/airflow/example_dags/example_kubernetes_executor.py took 0.225 seconds
[2024-10-29T23:35:18.675+0000] {processor.py:161} INFO - Started process (PID=160) to work on /home/airflow/.local/lib/python3.8/site-packages/airflow/example_dags/example_kubernetes_executor.py
[2024-10-29T23:35:18.676+0000] {processor.py:830} INFO - Processing file /home/airflow/.local/lib/python3.8/site-packages/airflow/example_dags/example_kubernetes_executor.py for tasks to queue
[2024-10-29T23:35:18.678+0000] {logging_mixin.py:188} INFO - [2024-10-29T23:35:18.677+0000] {dagbag.py:540} INFO - Filling up the DagBag from /home/airflow/.local/lib/python3.8/site-packages/airflow/example_dags/example_kubernetes_executor.py
[2024-10-29T23:35:18.696+0000] {processor.py:840} INFO - DAG(s) 'example_kubernetes_executor' retrieved from /home/airflow/.local/lib/python3.8/site-packages/airflow/example_dags/example_kubernetes_executor.py
[2024-10-29T23:35:18.752+0000] {logging_mixin.py:188} INFO - [2024-10-29T23:35:18.751+0000] {dag.py:3047} INFO - Sync 1 DAGs
[2024-10-29T23:35:18.773+0000] {logging_mixin.py:188} INFO - [2024-10-29T23:35:18.772+0000] {dag.py:3834} INFO - Setting next_dagrun for example_kubernetes_executor to None, run_after=None
[2024-10-29T23:35:18.800+0000] {processor.py:183} INFO - Processing /home/airflow/.local/lib/python3.8/site-packages/airflow/example_dags/example_kubernetes_executor.py took 0.129 seconds
[2024-10-29T23:35:48.882+0000] {processor.py:161} INFO - Started process (PID=216) to work on /home/airflow/.local/lib/python3.8/site-packages/airflow/example_dags/example_kubernetes_executor.py
[2024-10-29T23:35:48.883+0000] {processor.py:830} INFO - Processing file /home/airflow/.local/lib/python3.8/site-packages/airflow/example_dags/example_kubernetes_executor.py for tasks to queue
[2024-10-29T23:35:48.885+0000] {logging_mixin.py:188} INFO - [2024-10-29T23:35:48.885+0000] {dagbag.py:540} INFO - Filling up the DagBag from /home/airflow/.local/lib/python3.8/site-packages/airflow/example_dags/example_kubernetes_executor.py
[2024-10-29T23:35:48.901+0000] {processor.py:840} INFO - DAG(s) 'example_kubernetes_executor' retrieved from /home/airflow/.local/lib/python3.8/site-packages/airflow/example_dags/example_kubernetes_executor.py
[2024-10-29T23:35:48.955+0000] {logging_mixin.py:188} INFO - [2024-10-29T23:35:48.955+0000] {dag.py:3047} INFO - Sync 1 DAGs
[2024-10-29T23:35:48.970+0000] {logging_mixin.py:188} INFO - [2024-10-29T23:35:48.970+0000] {dag.py:3834} INFO - Setting next_dagrun for example_kubernetes_executor to None, run_after=None
[2024-10-29T23:35:48.990+0000] {processor.py:183} INFO - Processing /home/airflow/.local/lib/python3.8/site-packages/airflow/example_dags/example_kubernetes_executor.py took 0.110 seconds
[2024-10-29T23:36:19.127+0000] {processor.py:161} INFO - Started process (PID=272) to work on /home/airflow/.local/lib/python3.8/site-packages/airflow/example_dags/example_kubernetes_executor.py
[2024-10-29T23:36:19.127+0000] {processor.py:830} INFO - Processing file /home/airflow/.local/lib/python3.8/site-packages/airflow/example_dags/example_kubernetes_executor.py for tasks to queue
[2024-10-29T23:36:19.129+0000] {logging_mixin.py:188} INFO - [2024-10-29T23:36:19.129+0000] {dagbag.py:540} INFO - Filling up the DagBag from /home/airflow/.local/lib/python3.8/site-packages/airflow/example_dags/example_kubernetes_executor.py
[2024-10-29T23:36:19.145+0000] {processor.py:840} INFO - DAG(s) 'example_kubernetes_executor' retrieved from /home/airflow/.local/lib/python3.8/site-packages/airflow/example_dags/example_kubernetes_executor.py
[2024-10-29T23:36:19.182+0000] {logging_mixin.py:188} INFO - [2024-10-29T23:36:19.181+0000] {dag.py:3047} INFO - Sync 1 DAGs
[2024-10-29T23:36:19.194+0000] {logging_mixin.py:188} INFO - [2024-10-29T23:36:19.194+0000] {dag.py:3834} INFO - Setting next_dagrun for example_kubernetes_executor to None, run_after=None
[2024-10-29T23:36:19.212+0000] {processor.py:183} INFO - Processing /home/airflow/.local/lib/python3.8/site-packages/airflow/example_dags/example_kubernetes_executor.py took 0.088 seconds
[2024-10-29T23:36:49.692+0000] {processor.py:161} INFO - Started process (PID=328) to work on /home/airflow/.local/lib/python3.8/site-packages/airflow/example_dags/example_kubernetes_executor.py
[2024-10-29T23:36:49.693+0000] {processor.py:830} INFO - Processing file /home/airflow/.local/lib/python3.8/site-packages/airflow/example_dags/example_kubernetes_executor.py for tasks to queue
[2024-10-29T23:36:49.694+0000] {logging_mixin.py:188} INFO - [2024-10-29T23:36:49.694+0000] {dagbag.py:540} INFO - Filling up the DagBag from /home/airflow/.local/lib/python3.8/site-packages/airflow/example_dags/example_kubernetes_executor.py
[2024-10-29T23:36:49.712+0000] {processor.py:840} INFO - DAG(s) 'example_kubernetes_executor' retrieved from /home/airflow/.local/lib/python3.8/site-packages/airflow/example_dags/example_kubernetes_executor.py
[2024-10-29T23:36:49.763+0000] {logging_mixin.py:188} INFO - [2024-10-29T23:36:49.763+0000] {dag.py:3047} INFO - Sync 1 DAGs
[2024-10-29T23:36:49.780+0000] {logging_mixin.py:188} INFO - [2024-10-29T23:36:49.779+0000] {dag.py:3834} INFO - Setting next_dagrun for example_kubernetes_executor to None, run_after=None
[2024-10-29T23:36:49.801+0000] {processor.py:183} INFO - Processing /home/airflow/.local/lib/python3.8/site-packages/airflow/example_dags/example_kubernetes_executor.py took 0.112 seconds
[2024-10-29T23:37:20.077+0000] {processor.py:161} INFO - Started process (PID=384) to work on /home/airflow/.local/lib/python3.8/site-packages/airflow/example_dags/example_kubernetes_executor.py
[2024-10-29T23:37:20.078+0000] {processor.py:830} INFO - Processing file /home/airflow/.local/lib/python3.8/site-packages/airflow/example_dags/example_kubernetes_executor.py for tasks to queue
[2024-10-29T23:37:20.080+0000] {logging_mixin.py:188} INFO - [2024-10-29T23:37:20.079+0000] {dagbag.py:540} INFO - Filling up the DagBag from /home/airflow/.local/lib/python3.8/site-packages/airflow/example_dags/example_kubernetes_executor.py
[2024-10-29T23:37:20.095+0000] {processor.py:840} INFO - DAG(s) 'example_kubernetes_executor' retrieved from /home/airflow/.local/lib/python3.8/site-packages/airflow/example_dags/example_kubernetes_executor.py
[2024-10-29T23:37:20.132+0000] {logging_mixin.py:188} INFO - [2024-10-29T23:37:20.132+0000] {dag.py:3047} INFO - Sync 1 DAGs
[2024-10-29T23:37:20.145+0000] {logging_mixin.py:188} INFO - [2024-10-29T23:37:20.145+0000] {dag.py:3834} INFO - Setting next_dagrun for example_kubernetes_executor to None, run_after=None
[2024-10-29T23:37:20.162+0000] {processor.py:183} INFO - Processing /home/airflow/.local/lib/python3.8/site-packages/airflow/example_dags/example_kubernetes_executor.py took 0.088 seconds
[2024-10-29T23:37:50.835+0000] {processor.py:161} INFO - Started process (PID=440) to work on /home/airflow/.local/lib/python3.8/site-packages/airflow/example_dags/example_kubernetes_executor.py
[2024-10-29T23:37:50.836+0000] {processor.py:830} INFO - Processing file /home/airflow/.local/lib/python3.8/site-packages/airflow/example_dags/example_kubernetes_executor.py for tasks to queue
[2024-10-29T23:37:50.839+0000] {logging_mixin.py:188} INFO - [2024-10-29T23:37:50.838+0000] {dagbag.py:540} INFO - Filling up the DagBag from /home/airflow/.local/lib/python3.8/site-packages/airflow/example_dags/example_kubernetes_executor.py
[2024-10-29T23:37:50.867+0000] {processor.py:840} INFO - DAG(s) 'example_kubernetes_executor' retrieved from /home/airflow/.local/lib/python3.8/site-packages/airflow/example_dags/example_kubernetes_executor.py
[2024-10-29T23:37:50.920+0000] {logging_mixin.py:188} INFO - [2024-10-29T23:37:50.920+0000] {dag.py:3047} INFO - Sync 1 DAGs
[2024-10-29T23:37:50.940+0000] {logging_mixin.py:188} INFO - [2024-10-29T23:37:50.940+0000] {dag.py:3834} INFO - Setting next_dagrun for example_kubernetes_executor to None, run_after=None
[2024-10-29T23:37:50.972+0000] {processor.py:183} INFO - Processing /home/airflow/.local/lib/python3.8/site-packages/airflow/example_dags/example_kubernetes_executor.py took 0.142 seconds
[2024-10-29T23:38:21.310+0000] {processor.py:161} INFO - Started process (PID=496) to work on /home/airflow/.local/lib/python3.8/site-packages/airflow/example_dags/example_kubernetes_executor.py
[2024-10-29T23:38:21.311+0000] {processor.py:830} INFO - Processing file /home/airflow/.local/lib/python3.8/site-packages/airflow/example_dags/example_kubernetes_executor.py for tasks to queue
[2024-10-29T23:38:21.314+0000] {logging_mixin.py:188} INFO - [2024-10-29T23:38:21.313+0000] {dagbag.py:540} INFO - Filling up the DagBag from /home/airflow/.local/lib/python3.8/site-packages/airflow/example_dags/example_kubernetes_executor.py
[2024-10-29T23:38:21.339+0000] {processor.py:840} INFO - DAG(s) 'example_kubernetes_executor' retrieved from /home/airflow/.local/lib/python3.8/site-packages/airflow/example_dags/example_kubernetes_executor.py
[2024-10-29T23:38:21.399+0000] {logging_mixin.py:188} INFO - [2024-10-29T23:38:21.399+0000] {dag.py:3047} INFO - Sync 1 DAGs
[2024-10-29T23:38:21.421+0000] {logging_mixin.py:188} INFO - [2024-10-29T23:38:21.420+0000] {dag.py:3834} INFO - Setting next_dagrun for example_kubernetes_executor to None, run_after=None
[2024-10-29T23:38:21.451+0000] {processor.py:183} INFO - Processing /home/airflow/.local/lib/python3.8/site-packages/airflow/example_dags/example_kubernetes_executor.py took 0.145 seconds
[2024-10-29T23:38:51.606+0000] {processor.py:161} INFO - Started process (PID=552) to work on /home/airflow/.local/lib/python3.8/site-packages/airflow/example_dags/example_kubernetes_executor.py
[2024-10-29T23:38:51.608+0000] {processor.py:830} INFO - Processing file /home/airflow/.local/lib/python3.8/site-packages/airflow/example_dags/example_kubernetes_executor.py for tasks to queue
[2024-10-29T23:38:51.610+0000] {logging_mixin.py:188} INFO - [2024-10-29T23:38:51.610+0000] {dagbag.py:540} INFO - Filling up the DagBag from /home/airflow/.local/lib/python3.8/site-packages/airflow/example_dags/example_kubernetes_executor.py
[2024-10-29T23:38:51.639+0000] {processor.py:840} INFO - DAG(s) 'example_kubernetes_executor' retrieved from /home/airflow/.local/lib/python3.8/site-packages/airflow/example_dags/example_kubernetes_executor.py
[2024-10-29T23:38:51.700+0000] {logging_mixin.py:188} INFO - [2024-10-29T23:38:51.700+0000] {dag.py:3047} INFO - Sync 1 DAGs
[2024-10-29T23:38:51.720+0000] {logging_mixin.py:188} INFO - [2024-10-29T23:38:51.720+0000] {dag.py:3834} INFO - Setting next_dagrun for example_kubernetes_executor to None, run_after=None
[2024-10-29T23:38:51.743+0000] {processor.py:183} INFO - Processing /home/airflow/.local/lib/python3.8/site-packages/airflow/example_dags/example_kubernetes_executor.py took 0.142 seconds
[2024-10-29T23:39:22.005+0000] {processor.py:161} INFO - Started process (PID=608) to work on /home/airflow/.local/lib/python3.8/site-packages/airflow/example_dags/example_kubernetes_executor.py
[2024-10-29T23:39:22.007+0000] {processor.py:830} INFO - Processing file /home/airflow/.local/lib/python3.8/site-packages/airflow/example_dags/example_kubernetes_executor.py for tasks to queue
[2024-10-29T23:39:22.009+0000] {logging_mixin.py:188} INFO - [2024-10-29T23:39:22.009+0000] {dagbag.py:540} INFO - Filling up the DagBag from /home/airflow/.local/lib/python3.8/site-packages/airflow/example_dags/example_kubernetes_executor.py
[2024-10-29T23:39:22.036+0000] {processor.py:840} INFO - DAG(s) 'example_kubernetes_executor' retrieved from /home/airflow/.local/lib/python3.8/site-packages/airflow/example_dags/example_kubernetes_executor.py
[2024-10-29T23:39:22.082+0000] {logging_mixin.py:188} INFO - [2024-10-29T23:39:22.082+0000] {dag.py:3047} INFO - Sync 1 DAGs
[2024-10-29T23:39:22.097+0000] {logging_mixin.py:188} INFO - [2024-10-29T23:39:22.097+0000] {dag.py:3834} INFO - Setting next_dagrun for example_kubernetes_executor to None, run_after=None
[2024-10-29T23:39:22.120+0000] {processor.py:183} INFO - Processing /home/airflow/.local/lib/python3.8/site-packages/airflow/example_dags/example_kubernetes_executor.py took 0.120 seconds
[2024-10-29T23:39:52.660+0000] {processor.py:161} INFO - Started process (PID=664) to work on /home/airflow/.local/lib/python3.8/site-packages/airflow/example_dags/example_kubernetes_executor.py
[2024-10-29T23:39:52.660+0000] {processor.py:830} INFO - Processing file /home/airflow/.local/lib/python3.8/site-packages/airflow/example_dags/example_kubernetes_executor.py for tasks to queue
[2024-10-29T23:39:52.662+0000] {logging_mixin.py:188} INFO - [2024-10-29T23:39:52.662+0000] {dagbag.py:540} INFO - Filling up the DagBag from /home/airflow/.local/lib/python3.8/site-packages/airflow/example_dags/example_kubernetes_executor.py
[2024-10-29T23:39:52.674+0000] {processor.py:840} INFO - DAG(s) 'example_kubernetes_executor' retrieved from /home/airflow/.local/lib/python3.8/site-packages/airflow/example_dags/example_kubernetes_executor.py
[2024-10-29T23:39:52.707+0000] {logging_mixin.py:188} INFO - [2024-10-29T23:39:52.707+0000] {dag.py:3047} INFO - Sync 1 DAGs
[2024-10-29T23:39:52.720+0000] {logging_mixin.py:188} INFO - [2024-10-29T23:39:52.720+0000] {dag.py:3834} INFO - Setting next_dagrun for example_kubernetes_executor to None, run_after=None
[2024-10-29T23:39:52.736+0000] {processor.py:183} INFO - Processing /home/airflow/.local/lib/python3.8/site-packages/airflow/example_dags/example_kubernetes_executor.py took 0.079 seconds
[2024-10-29T23:40:23.104+0000] {processor.py:161} INFO - Started process (PID=720) to work on /home/airflow/.local/lib/python3.8/site-packages/airflow/example_dags/example_kubernetes_executor.py
[2024-10-29T23:40:23.105+0000] {processor.py:830} INFO - Processing file /home/airflow/.local/lib/python3.8/site-packages/airflow/example_dags/example_kubernetes_executor.py for tasks to queue
[2024-10-29T23:40:23.107+0000] {logging_mixin.py:188} INFO - [2024-10-29T23:40:23.107+0000] {dagbag.py:540} INFO - Filling up the DagBag from /home/airflow/.local/lib/python3.8/site-packages/airflow/example_dags/example_kubernetes_executor.py
[2024-10-29T23:40:23.126+0000] {processor.py:840} INFO - DAG(s) 'example_kubernetes_executor' retrieved from /home/airflow/.local/lib/python3.8/site-packages/airflow/example_dags/example_kubernetes_executor.py
[2024-10-29T23:40:23.167+0000] {logging_mixin.py:188} INFO - [2024-10-29T23:40:23.166+0000] {dag.py:3047} INFO - Sync 1 DAGs
[2024-10-29T23:40:23.182+0000] {logging_mixin.py:188} INFO - [2024-10-29T23:40:23.182+0000] {dag.py:3834} INFO - Setting next_dagrun for example_kubernetes_executor to None, run_after=None
[2024-10-29T23:40:23.204+0000] {processor.py:183} INFO - Processing /home/airflow/.local/lib/python3.8/site-packages/airflow/example_dags/example_kubernetes_executor.py took 0.103 seconds
[2024-10-29T23:40:53.644+0000] {processor.py:161} INFO - Started process (PID=775) to work on /home/airflow/.local/lib/python3.8/site-packages/airflow/example_dags/example_kubernetes_executor.py
[2024-10-29T23:40:53.645+0000] {processor.py:830} INFO - Processing file /home/airflow/.local/lib/python3.8/site-packages/airflow/example_dags/example_kubernetes_executor.py for tasks to queue
[2024-10-29T23:40:53.648+0000] {logging_mixin.py:188} INFO - [2024-10-29T23:40:53.647+0000] {dagbag.py:540} INFO - Filling up the DagBag from /home/airflow/.local/lib/python3.8/site-packages/airflow/example_dags/example_kubernetes_executor.py
[2024-10-29T23:40:53.669+0000] {processor.py:840} INFO - DAG(s) 'example_kubernetes_executor' retrieved from /home/airflow/.local/lib/python3.8/site-packages/airflow/example_dags/example_kubernetes_executor.py
[2024-10-29T23:40:53.727+0000] {logging_mixin.py:188} INFO - [2024-10-29T23:40:53.726+0000] {dag.py:3047} INFO - Sync 1 DAGs
[2024-10-29T23:40:53.744+0000] {logging_mixin.py:188} INFO - [2024-10-29T23:40:53.744+0000] {dag.py:3834} INFO - Setting next_dagrun for example_kubernetes_executor to None, run_after=None
[2024-10-29T23:40:53.773+0000] {processor.py:183} INFO - Processing /home/airflow/.local/lib/python3.8/site-packages/airflow/example_dags/example_kubernetes_executor.py took 0.134 seconds
[2024-10-29T23:41:24.271+0000] {processor.py:161} INFO - Started process (PID=831) to work on /home/airflow/.local/lib/python3.8/site-packages/airflow/example_dags/example_kubernetes_executor.py
[2024-10-29T23:41:24.273+0000] {processor.py:830} INFO - Processing file /home/airflow/.local/lib/python3.8/site-packages/airflow/example_dags/example_kubernetes_executor.py for tasks to queue
[2024-10-29T23:41:24.276+0000] {logging_mixin.py:188} INFO - [2024-10-29T23:41:24.276+0000] {dagbag.py:540} INFO - Filling up the DagBag from /home/airflow/.local/lib/python3.8/site-packages/airflow/example_dags/example_kubernetes_executor.py
[2024-10-29T23:41:24.296+0000] {processor.py:840} INFO - DAG(s) 'example_kubernetes_executor' retrieved from /home/airflow/.local/lib/python3.8/site-packages/airflow/example_dags/example_kubernetes_executor.py
[2024-10-29T23:41:24.359+0000] {logging_mixin.py:188} INFO - [2024-10-29T23:41:24.358+0000] {dag.py:3047} INFO - Sync 1 DAGs
[2024-10-29T23:41:24.374+0000] {logging_mixin.py:188} INFO - [2024-10-29T23:41:24.374+0000] {dag.py:3834} INFO - Setting next_dagrun for example_kubernetes_executor to None, run_after=None
[2024-10-29T23:41:24.401+0000] {processor.py:183} INFO - Processing /home/airflow/.local/lib/python3.8/site-packages/airflow/example_dags/example_kubernetes_executor.py took 0.135 seconds
[2024-10-29T23:41:55.366+0000] {processor.py:161} INFO - Started process (PID=887) to work on /home/airflow/.local/lib/python3.8/site-packages/airflow/example_dags/example_kubernetes_executor.py
[2024-10-29T23:41:55.367+0000] {processor.py:830} INFO - Processing file /home/airflow/.local/lib/python3.8/site-packages/airflow/example_dags/example_kubernetes_executor.py for tasks to queue
[2024-10-29T23:41:55.369+0000] {logging_mixin.py:188} INFO - [2024-10-29T23:41:55.369+0000] {dagbag.py:540} INFO - Filling up the DagBag from /home/airflow/.local/lib/python3.8/site-packages/airflow/example_dags/example_kubernetes_executor.py
[2024-10-29T23:41:55.384+0000] {processor.py:840} INFO - DAG(s) 'example_kubernetes_executor' retrieved from /home/airflow/.local/lib/python3.8/site-packages/airflow/example_dags/example_kubernetes_executor.py
[2024-10-29T23:41:55.425+0000] {logging_mixin.py:188} INFO - [2024-10-29T23:41:55.425+0000] {dag.py:3047} INFO - Sync 1 DAGs
[2024-10-29T23:41:55.440+0000] {logging_mixin.py:188} INFO - [2024-10-29T23:41:55.440+0000] {dag.py:3834} INFO - Setting next_dagrun for example_kubernetes_executor to None, run_after=None
[2024-10-29T23:41:55.460+0000] {processor.py:183} INFO - Processing /home/airflow/.local/lib/python3.8/site-packages/airflow/example_dags/example_kubernetes_executor.py took 0.098 seconds
[2024-10-29T23:42:25.655+0000] {processor.py:161} INFO - Started process (PID=943) to work on /home/airflow/.local/lib/python3.8/site-packages/airflow/example_dags/example_kubernetes_executor.py
[2024-10-29T23:42:25.662+0000] {processor.py:830} INFO - Processing file /home/airflow/.local/lib/python3.8/site-packages/airflow/example_dags/example_kubernetes_executor.py for tasks to queue
[2024-10-29T23:42:25.666+0000] {logging_mixin.py:188} INFO - [2024-10-29T23:42:25.666+0000] {dagbag.py:540} INFO - Filling up the DagBag from /home/airflow/.local/lib/python3.8/site-packages/airflow/example_dags/example_kubernetes_executor.py
[2024-10-29T23:42:25.710+0000] {processor.py:840} INFO - DAG(s) 'example_kubernetes_executor' retrieved from /home/airflow/.local/lib/python3.8/site-packages/airflow/example_dags/example_kubernetes_executor.py
[2024-10-29T23:42:25.813+0000] {logging_mixin.py:188} INFO - [2024-10-29T23:42:25.812+0000] {dag.py:3047} INFO - Sync 1 DAGs
[2024-10-29T23:42:25.831+0000] {logging_mixin.py:188} INFO - [2024-10-29T23:42:25.831+0000] {dag.py:3834} INFO - Setting next_dagrun for example_kubernetes_executor to None, run_after=None
[2024-10-29T23:42:25.849+0000] {processor.py:183} INFO - Processing /home/airflow/.local/lib/python3.8/site-packages/airflow/example_dags/example_kubernetes_executor.py took 0.202 seconds
[2024-10-29T23:42:56.192+0000] {processor.py:161} INFO - Started process (PID=999) to work on /home/airflow/.local/lib/python3.8/site-packages/airflow/example_dags/example_kubernetes_executor.py
[2024-10-29T23:42:56.193+0000] {processor.py:830} INFO - Processing file /home/airflow/.local/lib/python3.8/site-packages/airflow/example_dags/example_kubernetes_executor.py for tasks to queue
[2024-10-29T23:42:56.195+0000] {logging_mixin.py:188} INFO - [2024-10-29T23:42:56.195+0000] {dagbag.py:540} INFO - Filling up the DagBag from /home/airflow/.local/lib/python3.8/site-packages/airflow/example_dags/example_kubernetes_executor.py
[2024-10-29T23:42:56.208+0000] {processor.py:840} INFO - DAG(s) 'example_kubernetes_executor' retrieved from /home/airflow/.local/lib/python3.8/site-packages/airflow/example_dags/example_kubernetes_executor.py
[2024-10-29T23:42:56.243+0000] {logging_mixin.py:188} INFO - [2024-10-29T23:42:56.243+0000] {dag.py:3047} INFO - Sync 1 DAGs
[2024-10-29T23:42:56.254+0000] {logging_mixin.py:188} INFO - [2024-10-29T23:42:56.254+0000] {dag.py:3834} INFO - Setting next_dagrun for example_kubernetes_executor to None, run_after=None
[2024-10-29T23:42:56.270+0000] {processor.py:183} INFO - Processing /home/airflow/.local/lib/python3.8/site-packages/airflow/example_dags/example_kubernetes_executor.py took 0.081 seconds
[2024-10-29T23:43:26.495+0000] {processor.py:161} INFO - Started process (PID=1055) to work on /home/airflow/.local/lib/python3.8/site-packages/airflow/example_dags/example_kubernetes_executor.py
[2024-10-29T23:43:26.501+0000] {processor.py:830} INFO - Processing file /home/airflow/.local/lib/python3.8/site-packages/airflow/example_dags/example_kubernetes_executor.py for tasks to queue
[2024-10-29T23:43:26.502+0000] {logging_mixin.py:188} INFO - [2024-10-29T23:43:26.502+0000] {dagbag.py:540} INFO - Filling up the DagBag from /home/airflow/.local/lib/python3.8/site-packages/airflow/example_dags/example_kubernetes_executor.py
[2024-10-29T23:43:26.515+0000] {processor.py:840} INFO - DAG(s) 'example_kubernetes_executor' retrieved from /home/airflow/.local/lib/python3.8/site-packages/airflow/example_dags/example_kubernetes_executor.py
[2024-10-29T23:43:26.548+0000] {logging_mixin.py:188} INFO - [2024-10-29T23:43:26.548+0000] {dag.py:3047} INFO - Sync 1 DAGs
[2024-10-29T23:43:26.560+0000] {logging_mixin.py:188} INFO - [2024-10-29T23:43:26.559+0000] {dag.py:3834} INFO - Setting next_dagrun for example_kubernetes_executor to None, run_after=None
[2024-10-29T23:43:26.576+0000] {processor.py:183} INFO - Processing /home/airflow/.local/lib/python3.8/site-packages/airflow/example_dags/example_kubernetes_executor.py took 0.084 seconds
[2024-10-29T23:43:56.727+0000] {processor.py:161} INFO - Started process (PID=1111) to work on /home/airflow/.local/lib/python3.8/site-packages/airflow/example_dags/example_kubernetes_executor.py
[2024-10-29T23:43:56.733+0000] {processor.py:830} INFO - Processing file /home/airflow/.local/lib/python3.8/site-packages/airflow/example_dags/example_kubernetes_executor.py for tasks to queue
[2024-10-29T23:43:56.736+0000] {logging_mixin.py:188} INFO - [2024-10-29T23:43:56.735+0000] {dagbag.py:540} INFO - Filling up the DagBag from /home/airflow/.local/lib/python3.8/site-packages/airflow/example_dags/example_kubernetes_executor.py
[2024-10-29T23:43:56.753+0000] {processor.py:840} INFO - DAG(s) 'example_kubernetes_executor' retrieved from /home/airflow/.local/lib/python3.8/site-packages/airflow/example_dags/example_kubernetes_executor.py
[2024-10-29T23:43:56.796+0000] {logging_mixin.py:188} INFO - [2024-10-29T23:43:56.796+0000] {dag.py:3047} INFO - Sync 1 DAGs
[2024-10-29T23:43:56.812+0000] {logging_mixin.py:188} INFO - [2024-10-29T23:43:56.811+0000] {dag.py:3834} INFO - Setting next_dagrun for example_kubernetes_executor to None, run_after=None
[2024-10-29T23:43:56.831+0000] {processor.py:183} INFO - Processing /home/airflow/.local/lib/python3.8/site-packages/airflow/example_dags/example_kubernetes_executor.py took 0.108 seconds
[2024-10-29T23:44:27.148+0000] {processor.py:161} INFO - Started process (PID=1167) to work on /home/airflow/.local/lib/python3.8/site-packages/airflow/example_dags/example_kubernetes_executor.py
[2024-10-29T23:44:27.153+0000] {processor.py:830} INFO - Processing file /home/airflow/.local/lib/python3.8/site-packages/airflow/example_dags/example_kubernetes_executor.py for tasks to queue
[2024-10-29T23:44:27.155+0000] {logging_mixin.py:188} INFO - [2024-10-29T23:44:27.155+0000] {dagbag.py:540} INFO - Filling up the DagBag from /home/airflow/.local/lib/python3.8/site-packages/airflow/example_dags/example_kubernetes_executor.py
[2024-10-29T23:44:27.174+0000] {processor.py:840} INFO - DAG(s) 'example_kubernetes_executor' retrieved from /home/airflow/.local/lib/python3.8/site-packages/airflow/example_dags/example_kubernetes_executor.py
[2024-10-29T23:44:27.226+0000] {logging_mixin.py:188} INFO - [2024-10-29T23:44:27.225+0000] {dag.py:3047} INFO - Sync 1 DAGs
[2024-10-29T23:44:27.243+0000] {logging_mixin.py:188} INFO - [2024-10-29T23:44:27.243+0000] {dag.py:3834} INFO - Setting next_dagrun for example_kubernetes_executor to None, run_after=None
[2024-10-29T23:44:27.265+0000] {processor.py:183} INFO - Processing /home/airflow/.local/lib/python3.8/site-packages/airflow/example_dags/example_kubernetes_executor.py took 0.121 seconds
[2024-10-29T23:44:57.403+0000] {processor.py:161} INFO - Started process (PID=1223) to work on /home/airflow/.local/lib/python3.8/site-packages/airflow/example_dags/example_kubernetes_executor.py
[2024-10-29T23:44:57.409+0000] {processor.py:830} INFO - Processing file /home/airflow/.local/lib/python3.8/site-packages/airflow/example_dags/example_kubernetes_executor.py for tasks to queue
[2024-10-29T23:44:57.412+0000] {logging_mixin.py:188} INFO - [2024-10-29T23:44:57.412+0000] {dagbag.py:540} INFO - Filling up the DagBag from /home/airflow/.local/lib/python3.8/site-packages/airflow/example_dags/example_kubernetes_executor.py
[2024-10-29T23:44:57.441+0000] {processor.py:840} INFO - DAG(s) 'example_kubernetes_executor' retrieved from /home/airflow/.local/lib/python3.8/site-packages/airflow/example_dags/example_kubernetes_executor.py
[2024-10-29T23:44:57.497+0000] {logging_mixin.py:188} INFO - [2024-10-29T23:44:57.496+0000] {dag.py:3047} INFO - Sync 1 DAGs
[2024-10-29T23:44:57.520+0000] {logging_mixin.py:188} INFO - [2024-10-29T23:44:57.519+0000] {dag.py:3834} INFO - Setting next_dagrun for example_kubernetes_executor to None, run_after=None
[2024-10-29T23:44:57.542+0000] {processor.py:183} INFO - Processing /home/airflow/.local/lib/python3.8/site-packages/airflow/example_dags/example_kubernetes_executor.py took 0.145 seconds
[2024-10-29T23:45:27.636+0000] {processor.py:161} INFO - Started process (PID=1280) to work on /home/airflow/.local/lib/python3.8/site-packages/airflow/example_dags/example_kubernetes_executor.py
[2024-10-29T23:45:27.636+0000] {processor.py:830} INFO - Processing file /home/airflow/.local/lib/python3.8/site-packages/airflow/example_dags/example_kubernetes_executor.py for tasks to queue
[2024-10-29T23:45:27.638+0000] {logging_mixin.py:188} INFO - [2024-10-29T23:45:27.638+0000] {dagbag.py:540} INFO - Filling up the DagBag from /home/airflow/.local/lib/python3.8/site-packages/airflow/example_dags/example_kubernetes_executor.py
[2024-10-29T23:45:27.652+0000] {processor.py:840} INFO - DAG(s) 'example_kubernetes_executor' retrieved from /home/airflow/.local/lib/python3.8/site-packages/airflow/example_dags/example_kubernetes_executor.py
[2024-10-29T23:45:27.699+0000] {logging_mixin.py:188} INFO - [2024-10-29T23:45:27.699+0000] {dag.py:3047} INFO - Sync 1 DAGs
[2024-10-29T23:45:27.713+0000] {logging_mixin.py:188} INFO - [2024-10-29T23:45:27.713+0000] {dag.py:3834} INFO - Setting next_dagrun for example_kubernetes_executor to None, run_after=None
[2024-10-29T23:45:27.732+0000] {processor.py:183} INFO - Processing /home/airflow/.local/lib/python3.8/site-packages/airflow/example_dags/example_kubernetes_executor.py took 0.099 seconds
[2024-10-29T23:45:58.051+0000] {processor.py:161} INFO - Started process (PID=1335) to work on /home/airflow/.local/lib/python3.8/site-packages/airflow/example_dags/example_kubernetes_executor.py
[2024-10-29T23:45:58.057+0000] {processor.py:830} INFO - Processing file /home/airflow/.local/lib/python3.8/site-packages/airflow/example_dags/example_kubernetes_executor.py for tasks to queue
[2024-10-29T23:45:58.059+0000] {logging_mixin.py:188} INFO - [2024-10-29T23:45:58.058+0000] {dagbag.py:540} INFO - Filling up the DagBag from /home/airflow/.local/lib/python3.8/site-packages/airflow/example_dags/example_kubernetes_executor.py
[2024-10-29T23:45:58.078+0000] {processor.py:840} INFO - DAG(s) 'example_kubernetes_executor' retrieved from /home/airflow/.local/lib/python3.8/site-packages/airflow/example_dags/example_kubernetes_executor.py
[2024-10-29T23:45:58.116+0000] {logging_mixin.py:188} INFO - [2024-10-29T23:45:58.116+0000] {dag.py:3047} INFO - Sync 1 DAGs
[2024-10-29T23:45:58.130+0000] {logging_mixin.py:188} INFO - [2024-10-29T23:45:58.129+0000] {dag.py:3834} INFO - Setting next_dagrun for example_kubernetes_executor to None, run_after=None
[2024-10-29T23:45:58.150+0000] {processor.py:183} INFO - Processing /home/airflow/.local/lib/python3.8/site-packages/airflow/example_dags/example_kubernetes_executor.py took 0.102 seconds
[2024-10-29T23:46:28.340+0000] {processor.py:161} INFO - Started process (PID=1391) to work on /home/airflow/.local/lib/python3.8/site-packages/airflow/example_dags/example_kubernetes_executor.py
[2024-10-29T23:46:28.346+0000] {processor.py:830} INFO - Processing file /home/airflow/.local/lib/python3.8/site-packages/airflow/example_dags/example_kubernetes_executor.py for tasks to queue
[2024-10-29T23:46:28.348+0000] {logging_mixin.py:188} INFO - [2024-10-29T23:46:28.347+0000] {dagbag.py:540} INFO - Filling up the DagBag from /home/airflow/.local/lib/python3.8/site-packages/airflow/example_dags/example_kubernetes_executor.py
[2024-10-29T23:46:28.363+0000] {processor.py:840} INFO - DAG(s) 'example_kubernetes_executor' retrieved from /home/airflow/.local/lib/python3.8/site-packages/airflow/example_dags/example_kubernetes_executor.py
[2024-10-29T23:46:28.399+0000] {logging_mixin.py:188} INFO - [2024-10-29T23:46:28.399+0000] {dag.py:3047} INFO - Sync 1 DAGs
[2024-10-29T23:46:28.411+0000] {logging_mixin.py:188} INFO - [2024-10-29T23:46:28.411+0000] {dag.py:3834} INFO - Setting next_dagrun for example_kubernetes_executor to None, run_after=None
[2024-10-29T23:46:28.429+0000] {processor.py:183} INFO - Processing /home/airflow/.local/lib/python3.8/site-packages/airflow/example_dags/example_kubernetes_executor.py took 0.091 seconds
[2024-10-29T23:46:58.515+0000] {processor.py:161} INFO - Started process (PID=1447) to work on /home/airflow/.local/lib/python3.8/site-packages/airflow/example_dags/example_kubernetes_executor.py
[2024-10-29T23:46:58.521+0000] {processor.py:830} INFO - Processing file /home/airflow/.local/lib/python3.8/site-packages/airflow/example_dags/example_kubernetes_executor.py for tasks to queue
[2024-10-29T23:46:58.523+0000] {logging_mixin.py:188} INFO - [2024-10-29T23:46:58.523+0000] {dagbag.py:540} INFO - Filling up the DagBag from /home/airflow/.local/lib/python3.8/site-packages/airflow/example_dags/example_kubernetes_executor.py
[2024-10-29T23:46:58.543+0000] {processor.py:840} INFO - DAG(s) 'example_kubernetes_executor' retrieved from /home/airflow/.local/lib/python3.8/site-packages/airflow/example_dags/example_kubernetes_executor.py
[2024-10-29T23:46:58.598+0000] {logging_mixin.py:188} INFO - [2024-10-29T23:46:58.598+0000] {dag.py:3047} INFO - Sync 1 DAGs
[2024-10-29T23:46:58.617+0000] {logging_mixin.py:188} INFO - [2024-10-29T23:46:58.617+0000] {dag.py:3834} INFO - Setting next_dagrun for example_kubernetes_executor to None, run_after=None
[2024-10-29T23:46:58.648+0000] {processor.py:183} INFO - Processing /home/airflow/.local/lib/python3.8/site-packages/airflow/example_dags/example_kubernetes_executor.py took 0.136 seconds
[2024-10-29T23:47:28.757+0000] {processor.py:161} INFO - Started process (PID=1503) to work on /home/airflow/.local/lib/python3.8/site-packages/airflow/example_dags/example_kubernetes_executor.py
[2024-10-29T23:47:28.759+0000] {processor.py:830} INFO - Processing file /home/airflow/.local/lib/python3.8/site-packages/airflow/example_dags/example_kubernetes_executor.py for tasks to queue
[2024-10-29T23:47:28.762+0000] {logging_mixin.py:188} INFO - [2024-10-29T23:47:28.761+0000] {dagbag.py:540} INFO - Filling up the DagBag from /home/airflow/.local/lib/python3.8/site-packages/airflow/example_dags/example_kubernetes_executor.py
[2024-10-29T23:47:28.782+0000] {processor.py:840} INFO - DAG(s) 'example_kubernetes_executor' retrieved from /home/airflow/.local/lib/python3.8/site-packages/airflow/example_dags/example_kubernetes_executor.py
[2024-10-29T23:47:28.817+0000] {logging_mixin.py:188} INFO - [2024-10-29T23:47:28.816+0000] {dag.py:3047} INFO - Sync 1 DAGs
[2024-10-29T23:47:28.829+0000] {logging_mixin.py:188} INFO - [2024-10-29T23:47:28.828+0000] {dag.py:3834} INFO - Setting next_dagrun for example_kubernetes_executor to None, run_after=None
[2024-10-29T23:47:28.847+0000] {processor.py:183} INFO - Processing /home/airflow/.local/lib/python3.8/site-packages/airflow/example_dags/example_kubernetes_executor.py took 0.097 seconds
[2024-10-29T23:47:58.923+0000] {processor.py:161} INFO - Started process (PID=1559) to work on /home/airflow/.local/lib/python3.8/site-packages/airflow/example_dags/example_kubernetes_executor.py
[2024-10-29T23:47:58.924+0000] {processor.py:830} INFO - Processing file /home/airflow/.local/lib/python3.8/site-packages/airflow/example_dags/example_kubernetes_executor.py for tasks to queue
[2024-10-29T23:47:58.926+0000] {logging_mixin.py:188} INFO - [2024-10-29T23:47:58.926+0000] {dagbag.py:540} INFO - Filling up the DagBag from /home/airflow/.local/lib/python3.8/site-packages/airflow/example_dags/example_kubernetes_executor.py
[2024-10-29T23:47:58.947+0000] {processor.py:840} INFO - DAG(s) 'example_kubernetes_executor' retrieved from /home/airflow/.local/lib/python3.8/site-packages/airflow/example_dags/example_kubernetes_executor.py
[2024-10-29T23:47:58.984+0000] {logging_mixin.py:188} INFO - [2024-10-29T23:47:58.984+0000] {dag.py:3047} INFO - Sync 1 DAGs
[2024-10-29T23:47:58.997+0000] {logging_mixin.py:188} INFO - [2024-10-29T23:47:58.996+0000] {dag.py:3834} INFO - Setting next_dagrun for example_kubernetes_executor to None, run_after=None
[2024-10-29T23:47:59.015+0000] {processor.py:183} INFO - Processing /home/airflow/.local/lib/python3.8/site-packages/airflow/example_dags/example_kubernetes_executor.py took 0.096 seconds
[2024-10-29T23:48:29.097+0000] {processor.py:161} INFO - Started process (PID=1615) to work on /home/airflow/.local/lib/python3.8/site-packages/airflow/example_dags/example_kubernetes_executor.py
[2024-10-29T23:48:29.098+0000] {processor.py:830} INFO - Processing file /home/airflow/.local/lib/python3.8/site-packages/airflow/example_dags/example_kubernetes_executor.py for tasks to queue
[2024-10-29T23:48:29.099+0000] {logging_mixin.py:188} INFO - [2024-10-29T23:48:29.099+0000] {dagbag.py:540} INFO - Filling up the DagBag from /home/airflow/.local/lib/python3.8/site-packages/airflow/example_dags/example_kubernetes_executor.py
[2024-10-29T23:48:29.117+0000] {processor.py:840} INFO - DAG(s) 'example_kubernetes_executor' retrieved from /home/airflow/.local/lib/python3.8/site-packages/airflow/example_dags/example_kubernetes_executor.py
[2024-10-29T23:48:29.158+0000] {logging_mixin.py:188} INFO - [2024-10-29T23:48:29.158+0000] {dag.py:3047} INFO - Sync 1 DAGs
[2024-10-29T23:48:29.172+0000] {logging_mixin.py:188} INFO - [2024-10-29T23:48:29.172+0000] {dag.py:3834} INFO - Setting next_dagrun for example_kubernetes_executor to None, run_after=None
[2024-10-29T23:48:29.189+0000] {processor.py:183} INFO - Processing /home/airflow/.local/lib/python3.8/site-packages/airflow/example_dags/example_kubernetes_executor.py took 0.096 seconds
[2024-10-29T23:48:59.486+0000] {processor.py:161} INFO - Started process (PID=1671) to work on /home/airflow/.local/lib/python3.8/site-packages/airflow/example_dags/example_kubernetes_executor.py
[2024-10-29T23:48:59.486+0000] {processor.py:830} INFO - Processing file /home/airflow/.local/lib/python3.8/site-packages/airflow/example_dags/example_kubernetes_executor.py for tasks to queue
[2024-10-29T23:48:59.488+0000] {logging_mixin.py:188} INFO - [2024-10-29T23:48:59.488+0000] {dagbag.py:540} INFO - Filling up the DagBag from /home/airflow/.local/lib/python3.8/site-packages/airflow/example_dags/example_kubernetes_executor.py
[2024-10-29T23:48:59.502+0000] {processor.py:840} INFO - DAG(s) 'example_kubernetes_executor' retrieved from /home/airflow/.local/lib/python3.8/site-packages/airflow/example_dags/example_kubernetes_executor.py
[2024-10-29T23:48:59.541+0000] {logging_mixin.py:188} INFO - [2024-10-29T23:48:59.540+0000] {dag.py:3047} INFO - Sync 1 DAGs
[2024-10-29T23:48:59.554+0000] {logging_mixin.py:188} INFO - [2024-10-29T23:48:59.553+0000] {dag.py:3834} INFO - Setting next_dagrun for example_kubernetes_executor to None, run_after=None
[2024-10-29T23:48:59.576+0000] {processor.py:183} INFO - Processing /home/airflow/.local/lib/python3.8/site-packages/airflow/example_dags/example_kubernetes_executor.py took 0.092 seconds
[2024-10-29T23:49:29.852+0000] {processor.py:161} INFO - Started process (PID=1727) to work on /home/airflow/.local/lib/python3.8/site-packages/airflow/example_dags/example_kubernetes_executor.py
[2024-10-29T23:49:29.853+0000] {processor.py:830} INFO - Processing file /home/airflow/.local/lib/python3.8/site-packages/airflow/example_dags/example_kubernetes_executor.py for tasks to queue
[2024-10-29T23:49:29.855+0000] {logging_mixin.py:188} INFO - [2024-10-29T23:49:29.855+0000] {dagbag.py:540} INFO - Filling up the DagBag from /home/airflow/.local/lib/python3.8/site-packages/airflow/example_dags/example_kubernetes_executor.py
[2024-10-29T23:49:29.877+0000] {processor.py:840} INFO - DAG(s) 'example_kubernetes_executor' retrieved from /home/airflow/.local/lib/python3.8/site-packages/airflow/example_dags/example_kubernetes_executor.py
[2024-10-29T23:49:29.953+0000] {logging_mixin.py:188} INFO - [2024-10-29T23:49:29.953+0000] {dag.py:3047} INFO - Sync 1 DAGs
[2024-10-29T23:49:29.985+0000] {logging_mixin.py:188} INFO - [2024-10-29T23:49:29.984+0000] {dag.py:3834} INFO - Setting next_dagrun for example_kubernetes_executor to None, run_after=None
[2024-10-29T23:49:30.040+0000] {processor.py:183} INFO - Processing /home/airflow/.local/lib/python3.8/site-packages/airflow/example_dags/example_kubernetes_executor.py took 0.191 seconds
[2024-10-29T23:50:00.894+0000] {processor.py:161} INFO - Started process (PID=1783) to work on /home/airflow/.local/lib/python3.8/site-packages/airflow/example_dags/example_kubernetes_executor.py
[2024-10-29T23:50:00.895+0000] {processor.py:830} INFO - Processing file /home/airflow/.local/lib/python3.8/site-packages/airflow/example_dags/example_kubernetes_executor.py for tasks to queue
[2024-10-29T23:50:00.897+0000] {logging_mixin.py:188} INFO - [2024-10-29T23:50:00.896+0000] {dagbag.py:540} INFO - Filling up the DagBag from /home/airflow/.local/lib/python3.8/site-packages/airflow/example_dags/example_kubernetes_executor.py
[2024-10-29T23:50:00.910+0000] {processor.py:840} INFO - DAG(s) 'example_kubernetes_executor' retrieved from /home/airflow/.local/lib/python3.8/site-packages/airflow/example_dags/example_kubernetes_executor.py
[2024-10-29T23:50:00.945+0000] {logging_mixin.py:188} INFO - [2024-10-29T23:50:00.945+0000] {dag.py:3047} INFO - Sync 1 DAGs
[2024-10-29T23:50:00.957+0000] {logging_mixin.py:188} INFO - [2024-10-29T23:50:00.956+0000] {dag.py:3834} INFO - Setting next_dagrun for example_kubernetes_executor to None, run_after=None
[2024-10-29T23:50:00.974+0000] {processor.py:183} INFO - Processing /home/airflow/.local/lib/python3.8/site-packages/airflow/example_dags/example_kubernetes_executor.py took 0.082 seconds
[2024-10-29T23:50:31.252+0000] {processor.py:161} INFO - Started process (PID=1839) to work on /home/airflow/.local/lib/python3.8/site-packages/airflow/example_dags/example_kubernetes_executor.py
[2024-10-29T23:50:31.252+0000] {processor.py:830} INFO - Processing file /home/airflow/.local/lib/python3.8/site-packages/airflow/example_dags/example_kubernetes_executor.py for tasks to queue
[2024-10-29T23:50:31.254+0000] {logging_mixin.py:188} INFO - [2024-10-29T23:50:31.253+0000] {dagbag.py:540} INFO - Filling up the DagBag from /home/airflow/.local/lib/python3.8/site-packages/airflow/example_dags/example_kubernetes_executor.py
[2024-10-29T23:50:31.272+0000] {processor.py:840} INFO - DAG(s) 'example_kubernetes_executor' retrieved from /home/airflow/.local/lib/python3.8/site-packages/airflow/example_dags/example_kubernetes_executor.py
[2024-10-29T23:50:31.325+0000] {logging_mixin.py:188} INFO - [2024-10-29T23:50:31.325+0000] {dag.py:3047} INFO - Sync 1 DAGs
[2024-10-29T23:50:31.341+0000] {logging_mixin.py:188} INFO - [2024-10-29T23:50:31.341+0000] {dag.py:3834} INFO - Setting next_dagrun for example_kubernetes_executor to None, run_after=None
[2024-10-29T23:50:31.371+0000] {processor.py:183} INFO - Processing /home/airflow/.local/lib/python3.8/site-packages/airflow/example_dags/example_kubernetes_executor.py took 0.123 seconds
[2024-10-29T23:51:01.475+0000] {processor.py:161} INFO - Started process (PID=1895) to work on /home/airflow/.local/lib/python3.8/site-packages/airflow/example_dags/example_kubernetes_executor.py
[2024-10-29T23:51:01.476+0000] {processor.py:830} INFO - Processing file /home/airflow/.local/lib/python3.8/site-packages/airflow/example_dags/example_kubernetes_executor.py for tasks to queue
[2024-10-29T23:51:01.477+0000] {logging_mixin.py:188} INFO - [2024-10-29T23:51:01.477+0000] {dagbag.py:540} INFO - Filling up the DagBag from /home/airflow/.local/lib/python3.8/site-packages/airflow/example_dags/example_kubernetes_executor.py
[2024-10-29T23:51:01.490+0000] {processor.py:840} INFO - DAG(s) 'example_kubernetes_executor' retrieved from /home/airflow/.local/lib/python3.8/site-packages/airflow/example_dags/example_kubernetes_executor.py
[2024-10-29T23:51:01.522+0000] {logging_mixin.py:188} INFO - [2024-10-29T23:51:01.522+0000] {dag.py:3047} INFO - Sync 1 DAGs
[2024-10-29T23:51:01.533+0000] {logging_mixin.py:188} INFO - [2024-10-29T23:51:01.533+0000] {dag.py:3834} INFO - Setting next_dagrun for example_kubernetes_executor to None, run_after=None
[2024-10-29T23:51:01.549+0000] {processor.py:183} INFO - Processing /home/airflow/.local/lib/python3.8/site-packages/airflow/example_dags/example_kubernetes_executor.py took 0.077 seconds
[2024-10-29T23:51:32.481+0000] {processor.py:161} INFO - Started process (PID=1956) to work on /home/airflow/.local/lib/python3.8/site-packages/airflow/example_dags/example_kubernetes_executor.py
[2024-10-29T23:51:32.482+0000] {processor.py:830} INFO - Processing file /home/airflow/.local/lib/python3.8/site-packages/airflow/example_dags/example_kubernetes_executor.py for tasks to queue
[2024-10-29T23:51:32.485+0000] {logging_mixin.py:188} INFO - [2024-10-29T23:51:32.485+0000] {dagbag.py:540} INFO - Filling up the DagBag from /home/airflow/.local/lib/python3.8/site-packages/airflow/example_dags/example_kubernetes_executor.py
[2024-10-29T23:51:32.523+0000] {processor.py:840} INFO - DAG(s) 'example_kubernetes_executor' retrieved from /home/airflow/.local/lib/python3.8/site-packages/airflow/example_dags/example_kubernetes_executor.py
[2024-10-29T23:51:32.605+0000] {logging_mixin.py:188} INFO - [2024-10-29T23:51:32.605+0000] {dag.py:3047} INFO - Sync 1 DAGs
[2024-10-29T23:51:32.625+0000] {logging_mixin.py:188} INFO - [2024-10-29T23:51:32.624+0000] {dag.py:3834} INFO - Setting next_dagrun for example_kubernetes_executor to None, run_after=None
[2024-10-29T23:51:32.656+0000] {processor.py:183} INFO - Processing /home/airflow/.local/lib/python3.8/site-packages/airflow/example_dags/example_kubernetes_executor.py took 0.180 seconds
[2024-10-29T23:52:02.988+0000] {processor.py:161} INFO - Started process (PID=2012) to work on /home/airflow/.local/lib/python3.8/site-packages/airflow/example_dags/example_kubernetes_executor.py
[2024-10-29T23:52:02.989+0000] {processor.py:830} INFO - Processing file /home/airflow/.local/lib/python3.8/site-packages/airflow/example_dags/example_kubernetes_executor.py for tasks to queue
[2024-10-29T23:52:02.991+0000] {logging_mixin.py:188} INFO - [2024-10-29T23:52:02.990+0000] {dagbag.py:540} INFO - Filling up the DagBag from /home/airflow/.local/lib/python3.8/site-packages/airflow/example_dags/example_kubernetes_executor.py
[2024-10-29T23:52:03.005+0000] {processor.py:840} INFO - DAG(s) 'example_kubernetes_executor' retrieved from /home/airflow/.local/lib/python3.8/site-packages/airflow/example_dags/example_kubernetes_executor.py
[2024-10-29T23:52:03.046+0000] {logging_mixin.py:188} INFO - [2024-10-29T23:52:03.046+0000] {dag.py:3047} INFO - Sync 1 DAGs
[2024-10-29T23:52:03.086+0000] {logging_mixin.py:188} INFO - [2024-10-29T23:52:03.084+0000] {dag.py:3834} INFO - Setting next_dagrun for example_kubernetes_executor to None, run_after=None
[2024-10-29T23:52:03.149+0000] {processor.py:183} INFO - Processing /home/airflow/.local/lib/python3.8/site-packages/airflow/example_dags/example_kubernetes_executor.py took 0.163 seconds
[2024-10-29T23:52:33.970+0000] {processor.py:161} INFO - Started process (PID=2068) to work on /home/airflow/.local/lib/python3.8/site-packages/airflow/example_dags/example_kubernetes_executor.py
[2024-10-29T23:52:33.971+0000] {processor.py:830} INFO - Processing file /home/airflow/.local/lib/python3.8/site-packages/airflow/example_dags/example_kubernetes_executor.py for tasks to queue
[2024-10-29T23:52:33.973+0000] {logging_mixin.py:188} INFO - [2024-10-29T23:52:33.973+0000] {dagbag.py:540} INFO - Filling up the DagBag from /home/airflow/.local/lib/python3.8/site-packages/airflow/example_dags/example_kubernetes_executor.py
[2024-10-29T23:52:33.998+0000] {processor.py:840} INFO - DAG(s) 'example_kubernetes_executor' retrieved from /home/airflow/.local/lib/python3.8/site-packages/airflow/example_dags/example_kubernetes_executor.py
[2024-10-29T23:52:34.044+0000] {logging_mixin.py:188} INFO - [2024-10-29T23:52:34.044+0000] {dag.py:3047} INFO - Sync 1 DAGs
[2024-10-29T23:52:34.060+0000] {logging_mixin.py:188} INFO - [2024-10-29T23:52:34.059+0000] {dag.py:3834} INFO - Setting next_dagrun for example_kubernetes_executor to None, run_after=None
[2024-10-29T23:52:34.078+0000] {processor.py:183} INFO - Processing /home/airflow/.local/lib/python3.8/site-packages/airflow/example_dags/example_kubernetes_executor.py took 0.112 seconds
[2024-10-29T23:53:04.962+0000] {processor.py:161} INFO - Started process (PID=2124) to work on /home/airflow/.local/lib/python3.8/site-packages/airflow/example_dags/example_kubernetes_executor.py
[2024-10-29T23:53:04.963+0000] {processor.py:830} INFO - Processing file /home/airflow/.local/lib/python3.8/site-packages/airflow/example_dags/example_kubernetes_executor.py for tasks to queue
[2024-10-29T23:53:04.966+0000] {logging_mixin.py:188} INFO - [2024-10-29T23:53:04.966+0000] {dagbag.py:540} INFO - Filling up the DagBag from /home/airflow/.local/lib/python3.8/site-packages/airflow/example_dags/example_kubernetes_executor.py
[2024-10-29T23:53:04.992+0000] {processor.py:840} INFO - DAG(s) 'example_kubernetes_executor' retrieved from /home/airflow/.local/lib/python3.8/site-packages/airflow/example_dags/example_kubernetes_executor.py
[2024-10-29T23:53:05.039+0000] {logging_mixin.py:188} INFO - [2024-10-29T23:53:05.039+0000] {dag.py:3047} INFO - Sync 1 DAGs
[2024-10-29T23:53:05.053+0000] {logging_mixin.py:188} INFO - [2024-10-29T23:53:05.053+0000] {dag.py:3834} INFO - Setting next_dagrun for example_kubernetes_executor to None, run_after=None
[2024-10-29T23:53:05.077+0000] {processor.py:183} INFO - Processing /home/airflow/.local/lib/python3.8/site-packages/airflow/example_dags/example_kubernetes_executor.py took 0.120 seconds
[2024-10-29T23:53:35.660+0000] {processor.py:161} INFO - Started process (PID=2180) to work on /home/airflow/.local/lib/python3.8/site-packages/airflow/example_dags/example_kubernetes_executor.py
[2024-10-29T23:53:35.661+0000] {processor.py:830} INFO - Processing file /home/airflow/.local/lib/python3.8/site-packages/airflow/example_dags/example_kubernetes_executor.py for tasks to queue
[2024-10-29T23:53:35.662+0000] {logging_mixin.py:188} INFO - [2024-10-29T23:53:35.662+0000] {dagbag.py:540} INFO - Filling up the DagBag from /home/airflow/.local/lib/python3.8/site-packages/airflow/example_dags/example_kubernetes_executor.py
[2024-10-29T23:53:35.680+0000] {processor.py:840} INFO - DAG(s) 'example_kubernetes_executor' retrieved from /home/airflow/.local/lib/python3.8/site-packages/airflow/example_dags/example_kubernetes_executor.py
[2024-10-29T23:53:35.721+0000] {logging_mixin.py:188} INFO - [2024-10-29T23:53:35.721+0000] {dag.py:3047} INFO - Sync 1 DAGs
[2024-10-29T23:53:35.736+0000] {logging_mixin.py:188} INFO - [2024-10-29T23:53:35.736+0000] {dag.py:3834} INFO - Setting next_dagrun for example_kubernetes_executor to None, run_after=None
[2024-10-29T23:53:35.758+0000] {processor.py:183} INFO - Processing /home/airflow/.local/lib/python3.8/site-packages/airflow/example_dags/example_kubernetes_executor.py took 0.101 seconds
[2024-10-29T23:54:06.130+0000] {processor.py:161} INFO - Started process (PID=2236) to work on /home/airflow/.local/lib/python3.8/site-packages/airflow/example_dags/example_kubernetes_executor.py
[2024-10-29T23:54:06.132+0000] {processor.py:830} INFO - Processing file /home/airflow/.local/lib/python3.8/site-packages/airflow/example_dags/example_kubernetes_executor.py for tasks to queue
[2024-10-29T23:54:06.137+0000] {logging_mixin.py:188} INFO - [2024-10-29T23:54:06.136+0000] {dagbag.py:540} INFO - Filling up the DagBag from /home/airflow/.local/lib/python3.8/site-packages/airflow/example_dags/example_kubernetes_executor.py
[2024-10-29T23:54:06.180+0000] {processor.py:840} INFO - DAG(s) 'example_kubernetes_executor' retrieved from /home/airflow/.local/lib/python3.8/site-packages/airflow/example_dags/example_kubernetes_executor.py
[2024-10-29T23:54:06.384+0000] {logging_mixin.py:188} INFO - [2024-10-29T23:54:06.383+0000] {dag.py:3047} INFO - Sync 1 DAGs
[2024-10-29T23:54:06.393+0000] {logging_mixin.py:188} INFO - [2024-10-29T23:54:06.393+0000] {dag.py:3834} INFO - Setting next_dagrun for example_kubernetes_executor to None, run_after=None
[2024-10-29T23:54:06.408+0000] {processor.py:183} INFO - Processing /home/airflow/.local/lib/python3.8/site-packages/airflow/example_dags/example_kubernetes_executor.py took 0.287 seconds
[2024-10-29T23:54:36.805+0000] {processor.py:161} INFO - Started process (PID=2292) to work on /home/airflow/.local/lib/python3.8/site-packages/airflow/example_dags/example_kubernetes_executor.py
[2024-10-29T23:54:36.807+0000] {processor.py:830} INFO - Processing file /home/airflow/.local/lib/python3.8/site-packages/airflow/example_dags/example_kubernetes_executor.py for tasks to queue
[2024-10-29T23:54:36.812+0000] {logging_mixin.py:188} INFO - [2024-10-29T23:54:36.811+0000] {dagbag.py:540} INFO - Filling up the DagBag from /home/airflow/.local/lib/python3.8/site-packages/airflow/example_dags/example_kubernetes_executor.py
[2024-10-29T23:54:36.861+0000] {processor.py:840} INFO - DAG(s) 'example_kubernetes_executor' retrieved from /home/airflow/.local/lib/python3.8/site-packages/airflow/example_dags/example_kubernetes_executor.py
[2024-10-29T23:54:36.927+0000] {logging_mixin.py:188} INFO - [2024-10-29T23:54:36.927+0000] {dag.py:3047} INFO - Sync 1 DAGs
[2024-10-29T23:54:36.938+0000] {logging_mixin.py:188} INFO - [2024-10-29T23:54:36.938+0000] {dag.py:3834} INFO - Setting next_dagrun for example_kubernetes_executor to None, run_after=None
[2024-10-29T23:54:36.957+0000] {processor.py:183} INFO - Processing /home/airflow/.local/lib/python3.8/site-packages/airflow/example_dags/example_kubernetes_executor.py took 0.161 seconds
[2024-10-29T23:55:07.122+0000] {processor.py:161} INFO - Started process (PID=2348) to work on /home/airflow/.local/lib/python3.8/site-packages/airflow/example_dags/example_kubernetes_executor.py
[2024-10-29T23:55:07.123+0000] {processor.py:830} INFO - Processing file /home/airflow/.local/lib/python3.8/site-packages/airflow/example_dags/example_kubernetes_executor.py for tasks to queue
[2024-10-29T23:55:07.125+0000] {logging_mixin.py:188} INFO - [2024-10-29T23:55:07.125+0000] {dagbag.py:540} INFO - Filling up the DagBag from /home/airflow/.local/lib/python3.8/site-packages/airflow/example_dags/example_kubernetes_executor.py
[2024-10-29T23:55:07.141+0000] {processor.py:840} INFO - DAG(s) 'example_kubernetes_executor' retrieved from /home/airflow/.local/lib/python3.8/site-packages/airflow/example_dags/example_kubernetes_executor.py
[2024-10-29T23:55:07.180+0000] {logging_mixin.py:188} INFO - [2024-10-29T23:55:07.179+0000] {dag.py:3047} INFO - Sync 1 DAGs
[2024-10-29T23:55:07.193+0000] {logging_mixin.py:188} INFO - [2024-10-29T23:55:07.193+0000] {dag.py:3834} INFO - Setting next_dagrun for example_kubernetes_executor to None, run_after=None
[2024-10-29T23:55:07.215+0000] {processor.py:183} INFO - Processing /home/airflow/.local/lib/python3.8/site-packages/airflow/example_dags/example_kubernetes_executor.py took 0.097 seconds
[2024-10-29T23:55:37.826+0000] {processor.py:161} INFO - Started process (PID=2404) to work on /home/airflow/.local/lib/python3.8/site-packages/airflow/example_dags/example_kubernetes_executor.py
[2024-10-29T23:55:37.827+0000] {processor.py:830} INFO - Processing file /home/airflow/.local/lib/python3.8/site-packages/airflow/example_dags/example_kubernetes_executor.py for tasks to queue
[2024-10-29T23:55:37.829+0000] {logging_mixin.py:188} INFO - [2024-10-29T23:55:37.828+0000] {dagbag.py:540} INFO - Filling up the DagBag from /home/airflow/.local/lib/python3.8/site-packages/airflow/example_dags/example_kubernetes_executor.py
[2024-10-29T23:55:37.844+0000] {processor.py:840} INFO - DAG(s) 'example_kubernetes_executor' retrieved from /home/airflow/.local/lib/python3.8/site-packages/airflow/example_dags/example_kubernetes_executor.py
[2024-10-29T23:55:37.893+0000] {logging_mixin.py:188} INFO - [2024-10-29T23:55:37.893+0000] {dag.py:3047} INFO - Sync 1 DAGs
[2024-10-29T23:55:37.911+0000] {logging_mixin.py:188} INFO - [2024-10-29T23:55:37.911+0000] {dag.py:3834} INFO - Setting next_dagrun for example_kubernetes_executor to None, run_after=None
[2024-10-29T23:55:37.933+0000] {processor.py:183} INFO - Processing /home/airflow/.local/lib/python3.8/site-packages/airflow/example_dags/example_kubernetes_executor.py took 0.110 seconds
[2024-10-29T23:56:07.975+0000] {processor.py:161} INFO - Started process (PID=2460) to work on /home/airflow/.local/lib/python3.8/site-packages/airflow/example_dags/example_kubernetes_executor.py
[2024-10-29T23:56:07.976+0000] {processor.py:830} INFO - Processing file /home/airflow/.local/lib/python3.8/site-packages/airflow/example_dags/example_kubernetes_executor.py for tasks to queue
[2024-10-29T23:56:07.978+0000] {logging_mixin.py:188} INFO - [2024-10-29T23:56:07.977+0000] {dagbag.py:540} INFO - Filling up the DagBag from /home/airflow/.local/lib/python3.8/site-packages/airflow/example_dags/example_kubernetes_executor.py
[2024-10-29T23:56:08.002+0000] {processor.py:840} INFO - DAG(s) 'example_kubernetes_executor' retrieved from /home/airflow/.local/lib/python3.8/site-packages/airflow/example_dags/example_kubernetes_executor.py
[2024-10-29T23:56:08.053+0000] {logging_mixin.py:188} INFO - [2024-10-29T23:56:08.053+0000] {dag.py:3047} INFO - Sync 1 DAGs
[2024-10-29T23:56:08.071+0000] {logging_mixin.py:188} INFO - [2024-10-29T23:56:08.070+0000] {dag.py:3834} INFO - Setting next_dagrun for example_kubernetes_executor to None, run_after=None
[2024-10-29T23:56:08.093+0000] {processor.py:183} INFO - Processing /home/airflow/.local/lib/python3.8/site-packages/airflow/example_dags/example_kubernetes_executor.py took 0.123 seconds
[2024-10-29T23:56:38.237+0000] {processor.py:161} INFO - Started process (PID=2516) to work on /home/airflow/.local/lib/python3.8/site-packages/airflow/example_dags/example_kubernetes_executor.py
[2024-10-29T23:56:38.240+0000] {processor.py:830} INFO - Processing file /home/airflow/.local/lib/python3.8/site-packages/airflow/example_dags/example_kubernetes_executor.py for tasks to queue
[2024-10-29T23:56:38.244+0000] {logging_mixin.py:188} INFO - [2024-10-29T23:56:38.243+0000] {dagbag.py:540} INFO - Filling up the DagBag from /home/airflow/.local/lib/python3.8/site-packages/airflow/example_dags/example_kubernetes_executor.py
[2024-10-29T23:56:38.290+0000] {processor.py:840} INFO - DAG(s) 'example_kubernetes_executor' retrieved from /home/airflow/.local/lib/python3.8/site-packages/airflow/example_dags/example_kubernetes_executor.py
[2024-10-29T23:56:38.384+0000] {logging_mixin.py:188} INFO - [2024-10-29T23:56:38.384+0000] {dag.py:3047} INFO - Sync 1 DAGs
[2024-10-29T23:56:38.396+0000] {logging_mixin.py:188} INFO - [2024-10-29T23:56:38.395+0000] {dag.py:3834} INFO - Setting next_dagrun for example_kubernetes_executor to None, run_after=None
[2024-10-29T23:56:38.411+0000] {processor.py:183} INFO - Processing /home/airflow/.local/lib/python3.8/site-packages/airflow/example_dags/example_kubernetes_executor.py took 0.182 seconds
[2024-10-29T23:57:08.601+0000] {processor.py:161} INFO - Started process (PID=2572) to work on /home/airflow/.local/lib/python3.8/site-packages/airflow/example_dags/example_kubernetes_executor.py
[2024-10-29T23:57:08.604+0000] {processor.py:830} INFO - Processing file /home/airflow/.local/lib/python3.8/site-packages/airflow/example_dags/example_kubernetes_executor.py for tasks to queue
[2024-10-29T23:57:08.609+0000] {logging_mixin.py:188} INFO - [2024-10-29T23:57:08.608+0000] {dagbag.py:540} INFO - Filling up the DagBag from /home/airflow/.local/lib/python3.8/site-packages/airflow/example_dags/example_kubernetes_executor.py
[2024-10-29T23:57:08.662+0000] {processor.py:840} INFO - DAG(s) 'example_kubernetes_executor' retrieved from /home/airflow/.local/lib/python3.8/site-packages/airflow/example_dags/example_kubernetes_executor.py
[2024-10-29T23:57:08.722+0000] {logging_mixin.py:188} INFO - [2024-10-29T23:57:08.722+0000] {dag.py:3047} INFO - Sync 1 DAGs
[2024-10-29T23:57:08.753+0000] {logging_mixin.py:188} INFO - [2024-10-29T23:57:08.752+0000] {dag.py:3834} INFO - Setting next_dagrun for example_kubernetes_executor to None, run_after=None
[2024-10-29T23:57:08.810+0000] {processor.py:183} INFO - Processing /home/airflow/.local/lib/python3.8/site-packages/airflow/example_dags/example_kubernetes_executor.py took 0.216 seconds
[2024-10-29T23:57:38.935+0000] {processor.py:161} INFO - Started process (PID=2628) to work on /home/airflow/.local/lib/python3.8/site-packages/airflow/example_dags/example_kubernetes_executor.py
[2024-10-29T23:57:38.937+0000] {processor.py:830} INFO - Processing file /home/airflow/.local/lib/python3.8/site-packages/airflow/example_dags/example_kubernetes_executor.py for tasks to queue
[2024-10-29T23:57:38.942+0000] {logging_mixin.py:188} INFO - [2024-10-29T23:57:38.941+0000] {dagbag.py:540} INFO - Filling up the DagBag from /home/airflow/.local/lib/python3.8/site-packages/airflow/example_dags/example_kubernetes_executor.py
[2024-10-29T23:57:38.987+0000] {processor.py:840} INFO - DAG(s) 'example_kubernetes_executor' retrieved from /home/airflow/.local/lib/python3.8/site-packages/airflow/example_dags/example_kubernetes_executor.py
[2024-10-29T23:57:39.056+0000] {logging_mixin.py:188} INFO - [2024-10-29T23:57:39.056+0000] {dag.py:3047} INFO - Sync 1 DAGs
[2024-10-29T23:57:39.071+0000] {logging_mixin.py:188} INFO - [2024-10-29T23:57:39.070+0000] {dag.py:3834} INFO - Setting next_dagrun for example_kubernetes_executor to None, run_after=None
[2024-10-29T23:57:39.088+0000] {processor.py:183} INFO - Processing /home/airflow/.local/lib/python3.8/site-packages/airflow/example_dags/example_kubernetes_executor.py took 0.163 seconds
[2024-10-29T23:58:09.188+0000] {processor.py:161} INFO - Started process (PID=2684) to work on /home/airflow/.local/lib/python3.8/site-packages/airflow/example_dags/example_kubernetes_executor.py
[2024-10-29T23:58:09.189+0000] {processor.py:830} INFO - Processing file /home/airflow/.local/lib/python3.8/site-packages/airflow/example_dags/example_kubernetes_executor.py for tasks to queue
[2024-10-29T23:58:09.190+0000] {logging_mixin.py:188} INFO - [2024-10-29T23:58:09.190+0000] {dagbag.py:540} INFO - Filling up the DagBag from /home/airflow/.local/lib/python3.8/site-packages/airflow/example_dags/example_kubernetes_executor.py
[2024-10-29T23:58:09.203+0000] {processor.py:840} INFO - DAG(s) 'example_kubernetes_executor' retrieved from /home/airflow/.local/lib/python3.8/site-packages/airflow/example_dags/example_kubernetes_executor.py
[2024-10-29T23:58:09.233+0000] {logging_mixin.py:188} INFO - [2024-10-29T23:58:09.233+0000] {dag.py:3047} INFO - Sync 1 DAGs
[2024-10-29T23:58:09.245+0000] {logging_mixin.py:188} INFO - [2024-10-29T23:58:09.245+0000] {dag.py:3834} INFO - Setting next_dagrun for example_kubernetes_executor to None, run_after=None
[2024-10-29T23:58:09.260+0000] {processor.py:183} INFO - Processing /home/airflow/.local/lib/python3.8/site-packages/airflow/example_dags/example_kubernetes_executor.py took 0.075 seconds
[2024-10-29T23:58:39.822+0000] {processor.py:161} INFO - Started process (PID=2740) to work on /home/airflow/.local/lib/python3.8/site-packages/airflow/example_dags/example_kubernetes_executor.py
[2024-10-29T23:58:39.823+0000] {processor.py:830} INFO - Processing file /home/airflow/.local/lib/python3.8/site-packages/airflow/example_dags/example_kubernetes_executor.py for tasks to queue
[2024-10-29T23:58:39.826+0000] {logging_mixin.py:188} INFO - [2024-10-29T23:58:39.826+0000] {dagbag.py:540} INFO - Filling up the DagBag from /home/airflow/.local/lib/python3.8/site-packages/airflow/example_dags/example_kubernetes_executor.py
[2024-10-29T23:58:39.864+0000] {processor.py:840} INFO - DAG(s) 'example_kubernetes_executor' retrieved from /home/airflow/.local/lib/python3.8/site-packages/airflow/example_dags/example_kubernetes_executor.py
[2024-10-29T23:58:39.969+0000] {logging_mixin.py:188} INFO - [2024-10-29T23:58:39.969+0000] {dag.py:3047} INFO - Sync 1 DAGs
[2024-10-29T23:58:39.999+0000] {logging_mixin.py:188} INFO - [2024-10-29T23:58:39.998+0000] {dag.py:3834} INFO - Setting next_dagrun for example_kubernetes_executor to None, run_after=None
[2024-10-29T23:58:40.021+0000] {processor.py:183} INFO - Processing /home/airflow/.local/lib/python3.8/site-packages/airflow/example_dags/example_kubernetes_executor.py took 0.205 seconds
[2024-10-29T23:59:10.110+0000] {processor.py:161} INFO - Started process (PID=2794) to work on /home/airflow/.local/lib/python3.8/site-packages/airflow/example_dags/example_kubernetes_executor.py
[2024-10-29T23:59:10.111+0000] {processor.py:830} INFO - Processing file /home/airflow/.local/lib/python3.8/site-packages/airflow/example_dags/example_kubernetes_executor.py for tasks to queue
[2024-10-29T23:59:10.113+0000] {logging_mixin.py:188} INFO - [2024-10-29T23:59:10.112+0000] {dagbag.py:540} INFO - Filling up the DagBag from /home/airflow/.local/lib/python3.8/site-packages/airflow/example_dags/example_kubernetes_executor.py
[2024-10-29T23:59:10.127+0000] {processor.py:840} INFO - DAG(s) 'example_kubernetes_executor' retrieved from /home/airflow/.local/lib/python3.8/site-packages/airflow/example_dags/example_kubernetes_executor.py
[2024-10-29T23:59:10.163+0000] {logging_mixin.py:188} INFO - [2024-10-29T23:59:10.163+0000] {dag.py:3047} INFO - Sync 1 DAGs
[2024-10-29T23:59:10.178+0000] {logging_mixin.py:188} INFO - [2024-10-29T23:59:10.178+0000] {dag.py:3834} INFO - Setting next_dagrun for example_kubernetes_executor to None, run_after=None
[2024-10-29T23:59:10.197+0000] {processor.py:183} INFO - Processing /home/airflow/.local/lib/python3.8/site-packages/airflow/example_dags/example_kubernetes_executor.py took 0.089 seconds
[2024-10-29T23:59:40.618+0000] {processor.py:161} INFO - Started process (PID=2850) to work on /home/airflow/.local/lib/python3.8/site-packages/airflow/example_dags/example_kubernetes_executor.py
[2024-10-29T23:59:40.619+0000] {processor.py:830} INFO - Processing file /home/airflow/.local/lib/python3.8/site-packages/airflow/example_dags/example_kubernetes_executor.py for tasks to queue
[2024-10-29T23:59:40.620+0000] {logging_mixin.py:188} INFO - [2024-10-29T23:59:40.620+0000] {dagbag.py:540} INFO - Filling up the DagBag from /home/airflow/.local/lib/python3.8/site-packages/airflow/example_dags/example_kubernetes_executor.py
[2024-10-29T23:59:40.635+0000] {processor.py:840} INFO - DAG(s) 'example_kubernetes_executor' retrieved from /home/airflow/.local/lib/python3.8/site-packages/airflow/example_dags/example_kubernetes_executor.py
[2024-10-29T23:59:40.672+0000] {logging_mixin.py:188} INFO - [2024-10-29T23:59:40.672+0000] {dag.py:3047} INFO - Sync 1 DAGs
[2024-10-29T23:59:40.685+0000] {logging_mixin.py:188} INFO - [2024-10-29T23:59:40.684+0000] {dag.py:3834} INFO - Setting next_dagrun for example_kubernetes_executor to None, run_after=None
[2024-10-29T23:59:40.702+0000] {processor.py:183} INFO - Processing /home/airflow/.local/lib/python3.8/site-packages/airflow/example_dags/example_kubernetes_executor.py took 0.087 seconds
