[2024-10-29T23:27:22.751+0000] {processor.py:161} INFO - Started process (PID=16645) to work on /home/airflow/.local/lib/python3.8/site-packages/airflow/example_dags/example_latest_only_with_trigger.py
[2024-10-29T23:27:22.752+0000] {processor.py:830} INFO - Processing file /home/airflow/.local/lib/python3.8/site-packages/airflow/example_dags/example_latest_only_with_trigger.py for tasks to queue
[2024-10-29T23:27:22.753+0000] {logging_mixin.py:188} INFO - [2024-10-29T23:27:22.753+0000] {dagbag.py:540} INFO - Filling up the DagBag from /home/airflow/.local/lib/python3.8/site-packages/airflow/example_dags/example_latest_only_with_trigger.py
[2024-10-29T23:27:22.758+0000] {processor.py:840} INFO - DAG(s) 'latest_only_with_trigger' retrieved from /home/airflow/.local/lib/python3.8/site-packages/airflow/example_dags/example_latest_only_with_trigger.py
[2024-10-29T23:27:22.775+0000] {logging_mixin.py:188} INFO - [2024-10-29T23:27:22.775+0000] {dag.py:3047} INFO - Sync 1 DAGs
[2024-10-29T23:27:22.807+0000] {logging_mixin.py:188} INFO - [2024-10-29T23:27:22.807+0000] {dag.py:3834} INFO - Setting next_dagrun for latest_only_with_trigger to 2024-10-29 16:00:00+00:00, run_after=2024-10-29 20:00:00+00:00
[2024-10-29T23:27:22.835+0000] {processor.py:183} INFO - Processing /home/airflow/.local/lib/python3.8/site-packages/airflow/example_dags/example_latest_only_with_trigger.py took 0.088 seconds
[2024-10-29T23:27:53.404+0000] {processor.py:161} INFO - Started process (PID=16700) to work on /home/airflow/.local/lib/python3.8/site-packages/airflow/example_dags/example_latest_only_with_trigger.py
[2024-10-29T23:27:53.405+0000] {processor.py:830} INFO - Processing file /home/airflow/.local/lib/python3.8/site-packages/airflow/example_dags/example_latest_only_with_trigger.py for tasks to queue
[2024-10-29T23:27:53.406+0000] {logging_mixin.py:188} INFO - [2024-10-29T23:27:53.406+0000] {dagbag.py:540} INFO - Filling up the DagBag from /home/airflow/.local/lib/python3.8/site-packages/airflow/example_dags/example_latest_only_with_trigger.py
[2024-10-29T23:27:53.410+0000] {processor.py:840} INFO - DAG(s) 'latest_only_with_trigger' retrieved from /home/airflow/.local/lib/python3.8/site-packages/airflow/example_dags/example_latest_only_with_trigger.py
[2024-10-29T23:27:53.425+0000] {logging_mixin.py:188} INFO - [2024-10-29T23:27:53.425+0000] {dag.py:3047} INFO - Sync 1 DAGs
[2024-10-29T23:27:53.443+0000] {logging_mixin.py:188} INFO - [2024-10-29T23:27:53.442+0000] {dag.py:3834} INFO - Setting next_dagrun for latest_only_with_trigger to 2024-10-29 16:00:00+00:00, run_after=2024-10-29 20:00:00+00:00
[2024-10-29T23:27:53.459+0000] {processor.py:183} INFO - Processing /home/airflow/.local/lib/python3.8/site-packages/airflow/example_dags/example_latest_only_with_trigger.py took 0.057 seconds
[2024-10-29T23:28:24.077+0000] {processor.py:161} INFO - Started process (PID=16756) to work on /home/airflow/.local/lib/python3.8/site-packages/airflow/example_dags/example_latest_only_with_trigger.py
[2024-10-29T23:28:24.078+0000] {processor.py:830} INFO - Processing file /home/airflow/.local/lib/python3.8/site-packages/airflow/example_dags/example_latest_only_with_trigger.py for tasks to queue
[2024-10-29T23:28:24.080+0000] {logging_mixin.py:188} INFO - [2024-10-29T23:28:24.079+0000] {dagbag.py:540} INFO - Filling up the DagBag from /home/airflow/.local/lib/python3.8/site-packages/airflow/example_dags/example_latest_only_with_trigger.py
[2024-10-29T23:28:24.085+0000] {processor.py:840} INFO - DAG(s) 'latest_only_with_trigger' retrieved from /home/airflow/.local/lib/python3.8/site-packages/airflow/example_dags/example_latest_only_with_trigger.py
[2024-10-29T23:28:24.104+0000] {logging_mixin.py:188} INFO - [2024-10-29T23:28:24.104+0000] {dag.py:3047} INFO - Sync 1 DAGs
[2024-10-29T23:28:24.132+0000] {logging_mixin.py:188} INFO - [2024-10-29T23:28:24.131+0000] {dag.py:3834} INFO - Setting next_dagrun for latest_only_with_trigger to 2024-10-29 16:00:00+00:00, run_after=2024-10-29 20:00:00+00:00
[2024-10-29T23:28:24.149+0000] {processor.py:183} INFO - Processing /home/airflow/.local/lib/python3.8/site-packages/airflow/example_dags/example_latest_only_with_trigger.py took 0.075 seconds
[2024-10-29T23:28:54.956+0000] {processor.py:161} INFO - Started process (PID=16812) to work on /home/airflow/.local/lib/python3.8/site-packages/airflow/example_dags/example_latest_only_with_trigger.py
[2024-10-29T23:28:54.957+0000] {processor.py:830} INFO - Processing file /home/airflow/.local/lib/python3.8/site-packages/airflow/example_dags/example_latest_only_with_trigger.py for tasks to queue
[2024-10-29T23:28:54.959+0000] {logging_mixin.py:188} INFO - [2024-10-29T23:28:54.958+0000] {dagbag.py:540} INFO - Filling up the DagBag from /home/airflow/.local/lib/python3.8/site-packages/airflow/example_dags/example_latest_only_with_trigger.py
[2024-10-29T23:28:54.964+0000] {processor.py:840} INFO - DAG(s) 'latest_only_with_trigger' retrieved from /home/airflow/.local/lib/python3.8/site-packages/airflow/example_dags/example_latest_only_with_trigger.py
[2024-10-29T23:28:54.993+0000] {logging_mixin.py:188} INFO - [2024-10-29T23:28:54.993+0000] {dag.py:3047} INFO - Sync 1 DAGs
[2024-10-29T23:28:55.032+0000] {logging_mixin.py:188} INFO - [2024-10-29T23:28:55.031+0000] {dag.py:3834} INFO - Setting next_dagrun for latest_only_with_trigger to 2024-10-29 16:00:00+00:00, run_after=2024-10-29 20:00:00+00:00
[2024-10-29T23:28:55.058+0000] {processor.py:183} INFO - Processing /home/airflow/.local/lib/python3.8/site-packages/airflow/example_dags/example_latest_only_with_trigger.py took 0.104 seconds
[2024-10-29T23:29:26.288+0000] {processor.py:161} INFO - Started process (PID=16869) to work on /home/airflow/.local/lib/python3.8/site-packages/airflow/example_dags/example_latest_only_with_trigger.py
[2024-10-29T23:29:26.289+0000] {processor.py:830} INFO - Processing file /home/airflow/.local/lib/python3.8/site-packages/airflow/example_dags/example_latest_only_with_trigger.py for tasks to queue
[2024-10-29T23:29:26.291+0000] {logging_mixin.py:188} INFO - [2024-10-29T23:29:26.290+0000] {dagbag.py:540} INFO - Filling up the DagBag from /home/airflow/.local/lib/python3.8/site-packages/airflow/example_dags/example_latest_only_with_trigger.py
[2024-10-29T23:29:26.295+0000] {processor.py:840} INFO - DAG(s) 'latest_only_with_trigger' retrieved from /home/airflow/.local/lib/python3.8/site-packages/airflow/example_dags/example_latest_only_with_trigger.py
[2024-10-29T23:29:26.311+0000] {logging_mixin.py:188} INFO - [2024-10-29T23:29:26.311+0000] {dag.py:3047} INFO - Sync 1 DAGs
[2024-10-29T23:29:26.330+0000] {logging_mixin.py:188} INFO - [2024-10-29T23:29:26.330+0000] {dag.py:3834} INFO - Setting next_dagrun for latest_only_with_trigger to 2024-10-29 16:00:00+00:00, run_after=2024-10-29 20:00:00+00:00
[2024-10-29T23:29:26.348+0000] {processor.py:183} INFO - Processing /home/airflow/.local/lib/python3.8/site-packages/airflow/example_dags/example_latest_only_with_trigger.py took 0.063 seconds
[2024-10-29T23:29:56.439+0000] {processor.py:161} INFO - Started process (PID=16925) to work on /home/airflow/.local/lib/python3.8/site-packages/airflow/example_dags/example_latest_only_with_trigger.py
[2024-10-29T23:29:56.440+0000] {processor.py:830} INFO - Processing file /home/airflow/.local/lib/python3.8/site-packages/airflow/example_dags/example_latest_only_with_trigger.py for tasks to queue
[2024-10-29T23:29:56.442+0000] {logging_mixin.py:188} INFO - [2024-10-29T23:29:56.441+0000] {dagbag.py:540} INFO - Filling up the DagBag from /home/airflow/.local/lib/python3.8/site-packages/airflow/example_dags/example_latest_only_with_trigger.py
[2024-10-29T23:29:56.446+0000] {processor.py:840} INFO - DAG(s) 'latest_only_with_trigger' retrieved from /home/airflow/.local/lib/python3.8/site-packages/airflow/example_dags/example_latest_only_with_trigger.py
[2024-10-29T23:29:56.469+0000] {logging_mixin.py:188} INFO - [2024-10-29T23:29:56.469+0000] {dag.py:3047} INFO - Sync 1 DAGs
[2024-10-29T23:29:56.498+0000] {logging_mixin.py:188} INFO - [2024-10-29T23:29:56.497+0000] {dag.py:3834} INFO - Setting next_dagrun for latest_only_with_trigger to 2024-10-29 16:00:00+00:00, run_after=2024-10-29 20:00:00+00:00
[2024-10-29T23:29:56.518+0000] {processor.py:183} INFO - Processing /home/airflow/.local/lib/python3.8/site-packages/airflow/example_dags/example_latest_only_with_trigger.py took 0.081 seconds
[2024-10-29T23:30:26.900+0000] {processor.py:161} INFO - Started process (PID=16981) to work on /home/airflow/.local/lib/python3.8/site-packages/airflow/example_dags/example_latest_only_with_trigger.py
[2024-10-29T23:30:26.901+0000] {processor.py:830} INFO - Processing file /home/airflow/.local/lib/python3.8/site-packages/airflow/example_dags/example_latest_only_with_trigger.py for tasks to queue
[2024-10-29T23:30:26.902+0000] {logging_mixin.py:188} INFO - [2024-10-29T23:30:26.902+0000] {dagbag.py:540} INFO - Filling up the DagBag from /home/airflow/.local/lib/python3.8/site-packages/airflow/example_dags/example_latest_only_with_trigger.py
[2024-10-29T23:30:26.907+0000] {processor.py:840} INFO - DAG(s) 'latest_only_with_trigger' retrieved from /home/airflow/.local/lib/python3.8/site-packages/airflow/example_dags/example_latest_only_with_trigger.py
[2024-10-29T23:30:26.927+0000] {logging_mixin.py:188} INFO - [2024-10-29T23:30:26.927+0000] {dag.py:3047} INFO - Sync 1 DAGs
[2024-10-29T23:30:26.949+0000] {logging_mixin.py:188} INFO - [2024-10-29T23:30:26.949+0000] {dag.py:3834} INFO - Setting next_dagrun for latest_only_with_trigger to 2024-10-29 16:00:00+00:00, run_after=2024-10-29 20:00:00+00:00
[2024-10-29T23:30:26.968+0000] {processor.py:183} INFO - Processing /home/airflow/.local/lib/python3.8/site-packages/airflow/example_dags/example_latest_only_with_trigger.py took 0.070 seconds
[2024-10-29T23:30:57.411+0000] {processor.py:161} INFO - Started process (PID=17035) to work on /home/airflow/.local/lib/python3.8/site-packages/airflow/example_dags/example_latest_only_with_trigger.py
[2024-10-29T23:30:57.412+0000] {processor.py:830} INFO - Processing file /home/airflow/.local/lib/python3.8/site-packages/airflow/example_dags/example_latest_only_with_trigger.py for tasks to queue
[2024-10-29T23:30:57.413+0000] {logging_mixin.py:188} INFO - [2024-10-29T23:30:57.413+0000] {dagbag.py:540} INFO - Filling up the DagBag from /home/airflow/.local/lib/python3.8/site-packages/airflow/example_dags/example_latest_only_with_trigger.py
[2024-10-29T23:30:57.418+0000] {processor.py:840} INFO - DAG(s) 'latest_only_with_trigger' retrieved from /home/airflow/.local/lib/python3.8/site-packages/airflow/example_dags/example_latest_only_with_trigger.py
[2024-10-29T23:30:57.440+0000] {logging_mixin.py:188} INFO - [2024-10-29T23:30:57.440+0000] {dag.py:3047} INFO - Sync 1 DAGs
[2024-10-29T23:30:57.467+0000] {logging_mixin.py:188} INFO - [2024-10-29T23:30:57.467+0000] {dag.py:3834} INFO - Setting next_dagrun for latest_only_with_trigger to 2024-10-29 16:00:00+00:00, run_after=2024-10-29 20:00:00+00:00
[2024-10-29T23:30:57.485+0000] {processor.py:183} INFO - Processing /home/airflow/.local/lib/python3.8/site-packages/airflow/example_dags/example_latest_only_with_trigger.py took 0.076 seconds
[2024-10-29T23:31:28.124+0000] {processor.py:161} INFO - Started process (PID=17091) to work on /home/airflow/.local/lib/python3.8/site-packages/airflow/example_dags/example_latest_only_with_trigger.py
[2024-10-29T23:31:28.125+0000] {processor.py:830} INFO - Processing file /home/airflow/.local/lib/python3.8/site-packages/airflow/example_dags/example_latest_only_with_trigger.py for tasks to queue
[2024-10-29T23:31:28.127+0000] {logging_mixin.py:188} INFO - [2024-10-29T23:31:28.127+0000] {dagbag.py:540} INFO - Filling up the DagBag from /home/airflow/.local/lib/python3.8/site-packages/airflow/example_dags/example_latest_only_with_trigger.py
[2024-10-29T23:31:28.133+0000] {processor.py:840} INFO - DAG(s) 'latest_only_with_trigger' retrieved from /home/airflow/.local/lib/python3.8/site-packages/airflow/example_dags/example_latest_only_with_trigger.py
[2024-10-29T23:31:28.160+0000] {logging_mixin.py:188} INFO - [2024-10-29T23:31:28.160+0000] {dag.py:3047} INFO - Sync 1 DAGs
[2024-10-29T23:31:28.196+0000] {logging_mixin.py:188} INFO - [2024-10-29T23:31:28.196+0000] {dag.py:3834} INFO - Setting next_dagrun for latest_only_with_trigger to 2024-10-29 16:00:00+00:00, run_after=2024-10-29 20:00:00+00:00
[2024-10-29T23:31:28.222+0000] {processor.py:183} INFO - Processing /home/airflow/.local/lib/python3.8/site-packages/airflow/example_dags/example_latest_only_with_trigger.py took 0.100 seconds
[2024-10-29T23:31:58.638+0000] {processor.py:161} INFO - Started process (PID=17147) to work on /home/airflow/.local/lib/python3.8/site-packages/airflow/example_dags/example_latest_only_with_trigger.py
[2024-10-29T23:31:58.639+0000] {processor.py:830} INFO - Processing file /home/airflow/.local/lib/python3.8/site-packages/airflow/example_dags/example_latest_only_with_trigger.py for tasks to queue
[2024-10-29T23:31:58.640+0000] {logging_mixin.py:188} INFO - [2024-10-29T23:31:58.640+0000] {dagbag.py:540} INFO - Filling up the DagBag from /home/airflow/.local/lib/python3.8/site-packages/airflow/example_dags/example_latest_only_with_trigger.py
[2024-10-29T23:31:58.645+0000] {processor.py:840} INFO - DAG(s) 'latest_only_with_trigger' retrieved from /home/airflow/.local/lib/python3.8/site-packages/airflow/example_dags/example_latest_only_with_trigger.py
[2024-10-29T23:31:58.661+0000] {logging_mixin.py:188} INFO - [2024-10-29T23:31:58.661+0000] {dag.py:3047} INFO - Sync 1 DAGs
[2024-10-29T23:31:58.681+0000] {logging_mixin.py:188} INFO - [2024-10-29T23:31:58.681+0000] {dag.py:3834} INFO - Setting next_dagrun for latest_only_with_trigger to 2024-10-29 16:00:00+00:00, run_after=2024-10-29 20:00:00+00:00
[2024-10-29T23:31:58.697+0000] {processor.py:183} INFO - Processing /home/airflow/.local/lib/python3.8/site-packages/airflow/example_dags/example_latest_only_with_trigger.py took 0.062 seconds
[2024-10-29T23:32:29.824+0000] {processor.py:161} INFO - Started process (PID=17202) to work on /home/airflow/.local/lib/python3.8/site-packages/airflow/example_dags/example_latest_only_with_trigger.py
[2024-10-29T23:32:29.825+0000] {processor.py:830} INFO - Processing file /home/airflow/.local/lib/python3.8/site-packages/airflow/example_dags/example_latest_only_with_trigger.py for tasks to queue
[2024-10-29T23:32:29.829+0000] {logging_mixin.py:188} INFO - [2024-10-29T23:32:29.827+0000] {dagbag.py:540} INFO - Filling up the DagBag from /home/airflow/.local/lib/python3.8/site-packages/airflow/example_dags/example_latest_only_with_trigger.py
[2024-10-29T23:32:29.836+0000] {processor.py:840} INFO - DAG(s) 'latest_only_with_trigger' retrieved from /home/airflow/.local/lib/python3.8/site-packages/airflow/example_dags/example_latest_only_with_trigger.py
[2024-10-29T23:32:29.863+0000] {logging_mixin.py:188} INFO - [2024-10-29T23:32:29.862+0000] {dag.py:3047} INFO - Sync 1 DAGs
[2024-10-29T23:32:29.906+0000] {logging_mixin.py:188} INFO - [2024-10-29T23:32:29.906+0000] {dag.py:3834} INFO - Setting next_dagrun for latest_only_with_trigger to 2024-10-29 16:00:00+00:00, run_after=2024-10-29 20:00:00+00:00
[2024-10-29T23:32:30.123+0000] {processor.py:183} INFO - Processing /home/airflow/.local/lib/python3.8/site-packages/airflow/example_dags/example_latest_only_with_trigger.py took 0.303 seconds
[2024-10-29T23:33:01.047+0000] {processor.py:161} INFO - Started process (PID=17259) to work on /home/airflow/.local/lib/python3.8/site-packages/airflow/example_dags/example_latest_only_with_trigger.py
[2024-10-29T23:33:01.048+0000] {processor.py:830} INFO - Processing file /home/airflow/.local/lib/python3.8/site-packages/airflow/example_dags/example_latest_only_with_trigger.py for tasks to queue
[2024-10-29T23:33:01.050+0000] {logging_mixin.py:188} INFO - [2024-10-29T23:33:01.049+0000] {dagbag.py:540} INFO - Filling up the DagBag from /home/airflow/.local/lib/python3.8/site-packages/airflow/example_dags/example_latest_only_with_trigger.py
[2024-10-29T23:33:01.055+0000] {processor.py:840} INFO - DAG(s) 'latest_only_with_trigger' retrieved from /home/airflow/.local/lib/python3.8/site-packages/airflow/example_dags/example_latest_only_with_trigger.py
[2024-10-29T23:33:01.086+0000] {logging_mixin.py:188} INFO - [2024-10-29T23:33:01.085+0000] {dag.py:3047} INFO - Sync 1 DAGs
[2024-10-29T23:33:01.113+0000] {logging_mixin.py:188} INFO - [2024-10-29T23:33:01.113+0000] {dag.py:3834} INFO - Setting next_dagrun for latest_only_with_trigger to 2024-10-29 16:00:00+00:00, run_after=2024-10-29 20:00:00+00:00
[2024-10-29T23:33:01.247+0000] {processor.py:183} INFO - Processing /home/airflow/.local/lib/python3.8/site-packages/airflow/example_dags/example_latest_only_with_trigger.py took 0.202 seconds
[2024-10-29T23:34:17.773+0000] {processor.py:161} INFO - Started process (PID=58) to work on /home/airflow/.local/lib/python3.8/site-packages/airflow/example_dags/example_latest_only_with_trigger.py
[2024-10-29T23:34:17.774+0000] {processor.py:830} INFO - Processing file /home/airflow/.local/lib/python3.8/site-packages/airflow/example_dags/example_latest_only_with_trigger.py for tasks to queue
[2024-10-29T23:34:17.776+0000] {logging_mixin.py:188} INFO - [2024-10-29T23:34:17.775+0000] {dagbag.py:540} INFO - Filling up the DagBag from /home/airflow/.local/lib/python3.8/site-packages/airflow/example_dags/example_latest_only_with_trigger.py
[2024-10-29T23:34:17.785+0000] {processor.py:840} INFO - DAG(s) 'latest_only_with_trigger' retrieved from /home/airflow/.local/lib/python3.8/site-packages/airflow/example_dags/example_latest_only_with_trigger.py
[2024-10-29T23:34:17.800+0000] {logging_mixin.py:188} INFO - [2024-10-29T23:34:17.800+0000] {dag.py:3047} INFO - Sync 1 DAGs
[2024-10-29T23:34:17.841+0000] {logging_mixin.py:188} INFO - [2024-10-29T23:34:17.840+0000] {dag.py:3834} INFO - Setting next_dagrun for latest_only_with_trigger to 2024-10-29 16:00:00+00:00, run_after=2024-10-29 20:00:00+00:00
[2024-10-29T23:34:17.863+0000] {processor.py:183} INFO - Processing /home/airflow/.local/lib/python3.8/site-packages/airflow/example_dags/example_latest_only_with_trigger.py took 0.093 seconds
[2024-10-29T23:34:49.550+0000] {processor.py:161} INFO - Started process (PID=114) to work on /home/airflow/.local/lib/python3.8/site-packages/airflow/example_dags/example_latest_only_with_trigger.py
[2024-10-29T23:34:49.551+0000] {processor.py:830} INFO - Processing file /home/airflow/.local/lib/python3.8/site-packages/airflow/example_dags/example_latest_only_with_trigger.py for tasks to queue
[2024-10-29T23:34:49.553+0000] {logging_mixin.py:188} INFO - [2024-10-29T23:34:49.552+0000] {dagbag.py:540} INFO - Filling up the DagBag from /home/airflow/.local/lib/python3.8/site-packages/airflow/example_dags/example_latest_only_with_trigger.py
[2024-10-29T23:34:49.558+0000] {processor.py:840} INFO - DAG(s) 'latest_only_with_trigger' retrieved from /home/airflow/.local/lib/python3.8/site-packages/airflow/example_dags/example_latest_only_with_trigger.py
[2024-10-29T23:34:49.740+0000] {logging_mixin.py:188} INFO - [2024-10-29T23:34:49.739+0000] {dag.py:3047} INFO - Sync 1 DAGs
[2024-10-29T23:34:49.776+0000] {logging_mixin.py:188} INFO - [2024-10-29T23:34:49.775+0000] {dag.py:3834} INFO - Setting next_dagrun for latest_only_with_trigger to 2024-10-29 16:00:00+00:00, run_after=2024-10-29 20:00:00+00:00
[2024-10-29T23:34:49.809+0000] {processor.py:183} INFO - Processing /home/airflow/.local/lib/python3.8/site-packages/airflow/example_dags/example_latest_only_with_trigger.py took 0.262 seconds
[2024-10-29T23:35:20.254+0000] {processor.py:161} INFO - Started process (PID=170) to work on /home/airflow/.local/lib/python3.8/site-packages/airflow/example_dags/example_latest_only_with_trigger.py
[2024-10-29T23:35:20.255+0000] {processor.py:830} INFO - Processing file /home/airflow/.local/lib/python3.8/site-packages/airflow/example_dags/example_latest_only_with_trigger.py for tasks to queue
[2024-10-29T23:35:20.257+0000] {logging_mixin.py:188} INFO - [2024-10-29T23:35:20.256+0000] {dagbag.py:540} INFO - Filling up the DagBag from /home/airflow/.local/lib/python3.8/site-packages/airflow/example_dags/example_latest_only_with_trigger.py
[2024-10-29T23:35:20.262+0000] {processor.py:840} INFO - DAG(s) 'latest_only_with_trigger' retrieved from /home/airflow/.local/lib/python3.8/site-packages/airflow/example_dags/example_latest_only_with_trigger.py
[2024-10-29T23:35:20.282+0000] {logging_mixin.py:188} INFO - [2024-10-29T23:35:20.281+0000] {dag.py:3047} INFO - Sync 1 DAGs
[2024-10-29T23:35:20.310+0000] {logging_mixin.py:188} INFO - [2024-10-29T23:35:20.309+0000] {dag.py:3834} INFO - Setting next_dagrun for latest_only_with_trigger to 2024-10-29 16:00:00+00:00, run_after=2024-10-29 20:00:00+00:00
[2024-10-29T23:35:20.331+0000] {processor.py:183} INFO - Processing /home/airflow/.local/lib/python3.8/site-packages/airflow/example_dags/example_latest_only_with_trigger.py took 0.079 seconds
[2024-10-29T23:35:50.456+0000] {processor.py:161} INFO - Started process (PID=225) to work on /home/airflow/.local/lib/python3.8/site-packages/airflow/example_dags/example_latest_only_with_trigger.py
[2024-10-29T23:35:50.457+0000] {processor.py:830} INFO - Processing file /home/airflow/.local/lib/python3.8/site-packages/airflow/example_dags/example_latest_only_with_trigger.py for tasks to queue
[2024-10-29T23:35:50.459+0000] {logging_mixin.py:188} INFO - [2024-10-29T23:35:50.459+0000] {dagbag.py:540} INFO - Filling up the DagBag from /home/airflow/.local/lib/python3.8/site-packages/airflow/example_dags/example_latest_only_with_trigger.py
[2024-10-29T23:35:50.464+0000] {processor.py:840} INFO - DAG(s) 'latest_only_with_trigger' retrieved from /home/airflow/.local/lib/python3.8/site-packages/airflow/example_dags/example_latest_only_with_trigger.py
[2024-10-29T23:35:50.485+0000] {logging_mixin.py:188} INFO - [2024-10-29T23:35:50.484+0000] {dag.py:3047} INFO - Sync 1 DAGs
[2024-10-29T23:35:50.510+0000] {logging_mixin.py:188} INFO - [2024-10-29T23:35:50.510+0000] {dag.py:3834} INFO - Setting next_dagrun for latest_only_with_trigger to 2024-10-29 16:00:00+00:00, run_after=2024-10-29 20:00:00+00:00
[2024-10-29T23:35:50.530+0000] {processor.py:183} INFO - Processing /home/airflow/.local/lib/python3.8/site-packages/airflow/example_dags/example_latest_only_with_trigger.py took 0.076 seconds
[2024-10-29T23:36:20.595+0000] {processor.py:161} INFO - Started process (PID=281) to work on /home/airflow/.local/lib/python3.8/site-packages/airflow/example_dags/example_latest_only_with_trigger.py
[2024-10-29T23:36:20.596+0000] {processor.py:830} INFO - Processing file /home/airflow/.local/lib/python3.8/site-packages/airflow/example_dags/example_latest_only_with_trigger.py for tasks to queue
[2024-10-29T23:36:20.597+0000] {logging_mixin.py:188} INFO - [2024-10-29T23:36:20.597+0000] {dagbag.py:540} INFO - Filling up the DagBag from /home/airflow/.local/lib/python3.8/site-packages/airflow/example_dags/example_latest_only_with_trigger.py
[2024-10-29T23:36:20.602+0000] {processor.py:840} INFO - DAG(s) 'latest_only_with_trigger' retrieved from /home/airflow/.local/lib/python3.8/site-packages/airflow/example_dags/example_latest_only_with_trigger.py
[2024-10-29T23:36:20.620+0000] {logging_mixin.py:188} INFO - [2024-10-29T23:36:20.620+0000] {dag.py:3047} INFO - Sync 1 DAGs
[2024-10-29T23:36:20.641+0000] {logging_mixin.py:188} INFO - [2024-10-29T23:36:20.641+0000] {dag.py:3834} INFO - Setting next_dagrun for latest_only_with_trigger to 2024-10-29 16:00:00+00:00, run_after=2024-10-29 20:00:00+00:00
[2024-10-29T23:36:20.658+0000] {processor.py:183} INFO - Processing /home/airflow/.local/lib/python3.8/site-packages/airflow/example_dags/example_latest_only_with_trigger.py took 0.066 seconds
[2024-10-29T23:36:51.220+0000] {processor.py:161} INFO - Started process (PID=337) to work on /home/airflow/.local/lib/python3.8/site-packages/airflow/example_dags/example_latest_only_with_trigger.py
[2024-10-29T23:36:51.221+0000] {processor.py:830} INFO - Processing file /home/airflow/.local/lib/python3.8/site-packages/airflow/example_dags/example_latest_only_with_trigger.py for tasks to queue
[2024-10-29T23:36:51.223+0000] {logging_mixin.py:188} INFO - [2024-10-29T23:36:51.223+0000] {dagbag.py:540} INFO - Filling up the DagBag from /home/airflow/.local/lib/python3.8/site-packages/airflow/example_dags/example_latest_only_with_trigger.py
[2024-10-29T23:36:51.229+0000] {processor.py:840} INFO - DAG(s) 'latest_only_with_trigger' retrieved from /home/airflow/.local/lib/python3.8/site-packages/airflow/example_dags/example_latest_only_with_trigger.py
[2024-10-29T23:36:51.260+0000] {logging_mixin.py:188} INFO - [2024-10-29T23:36:51.260+0000] {dag.py:3047} INFO - Sync 1 DAGs
[2024-10-29T23:36:51.302+0000] {logging_mixin.py:188} INFO - [2024-10-29T23:36:51.301+0000] {dag.py:3834} INFO - Setting next_dagrun for latest_only_with_trigger to 2024-10-29 16:00:00+00:00, run_after=2024-10-29 20:00:00+00:00
[2024-10-29T23:36:51.326+0000] {processor.py:183} INFO - Processing /home/airflow/.local/lib/python3.8/site-packages/airflow/example_dags/example_latest_only_with_trigger.py took 0.109 seconds
[2024-10-29T23:37:21.565+0000] {processor.py:161} INFO - Started process (PID=393) to work on /home/airflow/.local/lib/python3.8/site-packages/airflow/example_dags/example_latest_only_with_trigger.py
[2024-10-29T23:37:21.566+0000] {processor.py:830} INFO - Processing file /home/airflow/.local/lib/python3.8/site-packages/airflow/example_dags/example_latest_only_with_trigger.py for tasks to queue
[2024-10-29T23:37:21.567+0000] {logging_mixin.py:188} INFO - [2024-10-29T23:37:21.567+0000] {dagbag.py:540} INFO - Filling up the DagBag from /home/airflow/.local/lib/python3.8/site-packages/airflow/example_dags/example_latest_only_with_trigger.py
[2024-10-29T23:37:21.574+0000] {processor.py:840} INFO - DAG(s) 'latest_only_with_trigger' retrieved from /home/airflow/.local/lib/python3.8/site-packages/airflow/example_dags/example_latest_only_with_trigger.py
[2024-10-29T23:37:21.600+0000] {logging_mixin.py:188} INFO - [2024-10-29T23:37:21.600+0000] {dag.py:3047} INFO - Sync 1 DAGs
[2024-10-29T23:37:21.630+0000] {logging_mixin.py:188} INFO - [2024-10-29T23:37:21.630+0000] {dag.py:3834} INFO - Setting next_dagrun for latest_only_with_trigger to 2024-10-29 16:00:00+00:00, run_after=2024-10-29 20:00:00+00:00
[2024-10-29T23:37:21.652+0000] {processor.py:183} INFO - Processing /home/airflow/.local/lib/python3.8/site-packages/airflow/example_dags/example_latest_only_with_trigger.py took 0.090 seconds
[2024-10-29T23:37:52.396+0000] {processor.py:161} INFO - Started process (PID=449) to work on /home/airflow/.local/lib/python3.8/site-packages/airflow/example_dags/example_latest_only_with_trigger.py
[2024-10-29T23:37:52.397+0000] {processor.py:830} INFO - Processing file /home/airflow/.local/lib/python3.8/site-packages/airflow/example_dags/example_latest_only_with_trigger.py for tasks to queue
[2024-10-29T23:37:52.398+0000] {logging_mixin.py:188} INFO - [2024-10-29T23:37:52.398+0000] {dagbag.py:540} INFO - Filling up the DagBag from /home/airflow/.local/lib/python3.8/site-packages/airflow/example_dags/example_latest_only_with_trigger.py
[2024-10-29T23:37:52.404+0000] {processor.py:840} INFO - DAG(s) 'latest_only_with_trigger' retrieved from /home/airflow/.local/lib/python3.8/site-packages/airflow/example_dags/example_latest_only_with_trigger.py
[2024-10-29T23:37:52.430+0000] {logging_mixin.py:188} INFO - [2024-10-29T23:37:52.429+0000] {dag.py:3047} INFO - Sync 1 DAGs
[2024-10-29T23:37:52.463+0000] {logging_mixin.py:188} INFO - [2024-10-29T23:37:52.463+0000] {dag.py:3834} INFO - Setting next_dagrun for latest_only_with_trigger to 2024-10-29 16:00:00+00:00, run_after=2024-10-29 20:00:00+00:00
[2024-10-29T23:37:52.486+0000] {processor.py:183} INFO - Processing /home/airflow/.local/lib/python3.8/site-packages/airflow/example_dags/example_latest_only_with_trigger.py took 0.093 seconds
[2024-10-29T23:38:22.994+0000] {processor.py:161} INFO - Started process (PID=505) to work on /home/airflow/.local/lib/python3.8/site-packages/airflow/example_dags/example_latest_only_with_trigger.py
[2024-10-29T23:38:22.995+0000] {processor.py:830} INFO - Processing file /home/airflow/.local/lib/python3.8/site-packages/airflow/example_dags/example_latest_only_with_trigger.py for tasks to queue
[2024-10-29T23:38:22.997+0000] {logging_mixin.py:188} INFO - [2024-10-29T23:38:22.997+0000] {dagbag.py:540} INFO - Filling up the DagBag from /home/airflow/.local/lib/python3.8/site-packages/airflow/example_dags/example_latest_only_with_trigger.py
[2024-10-29T23:38:23.003+0000] {processor.py:840} INFO - DAG(s) 'latest_only_with_trigger' retrieved from /home/airflow/.local/lib/python3.8/site-packages/airflow/example_dags/example_latest_only_with_trigger.py
[2024-10-29T23:38:23.031+0000] {logging_mixin.py:188} INFO - [2024-10-29T23:38:23.030+0000] {dag.py:3047} INFO - Sync 1 DAGs
[2024-10-29T23:38:23.065+0000] {logging_mixin.py:188} INFO - [2024-10-29T23:38:23.064+0000] {dag.py:3834} INFO - Setting next_dagrun for latest_only_with_trigger to 2024-10-29 16:00:00+00:00, run_after=2024-10-29 20:00:00+00:00
[2024-10-29T23:38:23.090+0000] {processor.py:183} INFO - Processing /home/airflow/.local/lib/python3.8/site-packages/airflow/example_dags/example_latest_only_with_trigger.py took 0.099 seconds
[2024-10-29T23:38:53.339+0000] {processor.py:161} INFO - Started process (PID=561) to work on /home/airflow/.local/lib/python3.8/site-packages/airflow/example_dags/example_latest_only_with_trigger.py
[2024-10-29T23:38:53.341+0000] {processor.py:830} INFO - Processing file /home/airflow/.local/lib/python3.8/site-packages/airflow/example_dags/example_latest_only_with_trigger.py for tasks to queue
[2024-10-29T23:38:53.343+0000] {logging_mixin.py:188} INFO - [2024-10-29T23:38:53.342+0000] {dagbag.py:540} INFO - Filling up the DagBag from /home/airflow/.local/lib/python3.8/site-packages/airflow/example_dags/example_latest_only_with_trigger.py
[2024-10-29T23:38:53.349+0000] {processor.py:840} INFO - DAG(s) 'latest_only_with_trigger' retrieved from /home/airflow/.local/lib/python3.8/site-packages/airflow/example_dags/example_latest_only_with_trigger.py
[2024-10-29T23:38:53.381+0000] {logging_mixin.py:188} INFO - [2024-10-29T23:38:53.380+0000] {dag.py:3047} INFO - Sync 1 DAGs
[2024-10-29T23:38:53.418+0000] {logging_mixin.py:188} INFO - [2024-10-29T23:38:53.418+0000] {dag.py:3834} INFO - Setting next_dagrun for latest_only_with_trigger to 2024-10-29 16:00:00+00:00, run_after=2024-10-29 20:00:00+00:00
[2024-10-29T23:38:53.450+0000] {processor.py:183} INFO - Processing /home/airflow/.local/lib/python3.8/site-packages/airflow/example_dags/example_latest_only_with_trigger.py took 0.114 seconds
[2024-10-29T23:39:23.501+0000] {processor.py:161} INFO - Started process (PID=617) to work on /home/airflow/.local/lib/python3.8/site-packages/airflow/example_dags/example_latest_only_with_trigger.py
[2024-10-29T23:39:23.502+0000] {processor.py:830} INFO - Processing file /home/airflow/.local/lib/python3.8/site-packages/airflow/example_dags/example_latest_only_with_trigger.py for tasks to queue
[2024-10-29T23:39:23.503+0000] {logging_mixin.py:188} INFO - [2024-10-29T23:39:23.503+0000] {dagbag.py:540} INFO - Filling up the DagBag from /home/airflow/.local/lib/python3.8/site-packages/airflow/example_dags/example_latest_only_with_trigger.py
[2024-10-29T23:39:23.508+0000] {processor.py:840} INFO - DAG(s) 'latest_only_with_trigger' retrieved from /home/airflow/.local/lib/python3.8/site-packages/airflow/example_dags/example_latest_only_with_trigger.py
[2024-10-29T23:39:23.525+0000] {logging_mixin.py:188} INFO - [2024-10-29T23:39:23.524+0000] {dag.py:3047} INFO - Sync 1 DAGs
[2024-10-29T23:39:23.546+0000] {logging_mixin.py:188} INFO - [2024-10-29T23:39:23.546+0000] {dag.py:3834} INFO - Setting next_dagrun for latest_only_with_trigger to 2024-10-29 16:00:00+00:00, run_after=2024-10-29 20:00:00+00:00
[2024-10-29T23:39:23.563+0000] {processor.py:183} INFO - Processing /home/airflow/.local/lib/python3.8/site-packages/airflow/example_dags/example_latest_only_with_trigger.py took 0.064 seconds
[2024-10-29T23:39:54.193+0000] {processor.py:161} INFO - Started process (PID=673) to work on /home/airflow/.local/lib/python3.8/site-packages/airflow/example_dags/example_latest_only_with_trigger.py
[2024-10-29T23:39:54.194+0000] {processor.py:830} INFO - Processing file /home/airflow/.local/lib/python3.8/site-packages/airflow/example_dags/example_latest_only_with_trigger.py for tasks to queue
[2024-10-29T23:39:54.196+0000] {logging_mixin.py:188} INFO - [2024-10-29T23:39:54.196+0000] {dagbag.py:540} INFO - Filling up the DagBag from /home/airflow/.local/lib/python3.8/site-packages/airflow/example_dags/example_latest_only_with_trigger.py
[2024-10-29T23:39:54.202+0000] {processor.py:840} INFO - DAG(s) 'latest_only_with_trigger' retrieved from /home/airflow/.local/lib/python3.8/site-packages/airflow/example_dags/example_latest_only_with_trigger.py
[2024-10-29T23:39:54.223+0000] {logging_mixin.py:188} INFO - [2024-10-29T23:39:54.222+0000] {dag.py:3047} INFO - Sync 1 DAGs
[2024-10-29T23:39:54.245+0000] {logging_mixin.py:188} INFO - [2024-10-29T23:39:54.245+0000] {dag.py:3834} INFO - Setting next_dagrun for latest_only_with_trigger to 2024-10-29 16:00:00+00:00, run_after=2024-10-29 20:00:00+00:00
[2024-10-29T23:39:54.263+0000] {processor.py:183} INFO - Processing /home/airflow/.local/lib/python3.8/site-packages/airflow/example_dags/example_latest_only_with_trigger.py took 0.072 seconds
[2024-10-29T23:40:24.690+0000] {processor.py:161} INFO - Started process (PID=729) to work on /home/airflow/.local/lib/python3.8/site-packages/airflow/example_dags/example_latest_only_with_trigger.py
[2024-10-29T23:40:24.691+0000] {processor.py:830} INFO - Processing file /home/airflow/.local/lib/python3.8/site-packages/airflow/example_dags/example_latest_only_with_trigger.py for tasks to queue
[2024-10-29T23:40:24.694+0000] {logging_mixin.py:188} INFO - [2024-10-29T23:40:24.693+0000] {dagbag.py:540} INFO - Filling up the DagBag from /home/airflow/.local/lib/python3.8/site-packages/airflow/example_dags/example_latest_only_with_trigger.py
[2024-10-29T23:40:24.700+0000] {processor.py:840} INFO - DAG(s) 'latest_only_with_trigger' retrieved from /home/airflow/.local/lib/python3.8/site-packages/airflow/example_dags/example_latest_only_with_trigger.py
[2024-10-29T23:40:24.725+0000] {logging_mixin.py:188} INFO - [2024-10-29T23:40:24.725+0000] {dag.py:3047} INFO - Sync 1 DAGs
[2024-10-29T23:40:24.767+0000] {logging_mixin.py:188} INFO - [2024-10-29T23:40:24.766+0000] {dag.py:3834} INFO - Setting next_dagrun for latest_only_with_trigger to 2024-10-29 16:00:00+00:00, run_after=2024-10-29 20:00:00+00:00
[2024-10-29T23:40:24.796+0000] {processor.py:183} INFO - Processing /home/airflow/.local/lib/python3.8/site-packages/airflow/example_dags/example_latest_only_with_trigger.py took 0.110 seconds
[2024-10-29T23:40:55.101+0000] {processor.py:161} INFO - Started process (PID=784) to work on /home/airflow/.local/lib/python3.8/site-packages/airflow/example_dags/example_latest_only_with_trigger.py
[2024-10-29T23:40:55.102+0000] {processor.py:830} INFO - Processing file /home/airflow/.local/lib/python3.8/site-packages/airflow/example_dags/example_latest_only_with_trigger.py for tasks to queue
[2024-10-29T23:40:55.105+0000] {logging_mixin.py:188} INFO - [2024-10-29T23:40:55.104+0000] {dagbag.py:540} INFO - Filling up the DagBag from /home/airflow/.local/lib/python3.8/site-packages/airflow/example_dags/example_latest_only_with_trigger.py
[2024-10-29T23:40:55.110+0000] {processor.py:840} INFO - DAG(s) 'latest_only_with_trigger' retrieved from /home/airflow/.local/lib/python3.8/site-packages/airflow/example_dags/example_latest_only_with_trigger.py
[2024-10-29T23:40:55.137+0000] {logging_mixin.py:188} INFO - [2024-10-29T23:40:55.136+0000] {dag.py:3047} INFO - Sync 1 DAGs
[2024-10-29T23:40:55.169+0000] {logging_mixin.py:188} INFO - [2024-10-29T23:40:55.169+0000] {dag.py:3834} INFO - Setting next_dagrun for latest_only_with_trigger to 2024-10-29 16:00:00+00:00, run_after=2024-10-29 20:00:00+00:00
[2024-10-29T23:40:55.190+0000] {processor.py:183} INFO - Processing /home/airflow/.local/lib/python3.8/site-packages/airflow/example_dags/example_latest_only_with_trigger.py took 0.094 seconds
[2024-10-29T23:41:26.019+0000] {processor.py:161} INFO - Started process (PID=840) to work on /home/airflow/.local/lib/python3.8/site-packages/airflow/example_dags/example_latest_only_with_trigger.py
[2024-10-29T23:41:26.020+0000] {processor.py:830} INFO - Processing file /home/airflow/.local/lib/python3.8/site-packages/airflow/example_dags/example_latest_only_with_trigger.py for tasks to queue
[2024-10-29T23:41:26.022+0000] {logging_mixin.py:188} INFO - [2024-10-29T23:41:26.021+0000] {dagbag.py:540} INFO - Filling up the DagBag from /home/airflow/.local/lib/python3.8/site-packages/airflow/example_dags/example_latest_only_with_trigger.py
[2024-10-29T23:41:26.029+0000] {processor.py:840} INFO - DAG(s) 'latest_only_with_trigger' retrieved from /home/airflow/.local/lib/python3.8/site-packages/airflow/example_dags/example_latest_only_with_trigger.py
[2024-10-29T23:41:26.053+0000] {logging_mixin.py:188} INFO - [2024-10-29T23:41:26.052+0000] {dag.py:3047} INFO - Sync 1 DAGs
[2024-10-29T23:41:26.081+0000] {logging_mixin.py:188} INFO - [2024-10-29T23:41:26.080+0000] {dag.py:3834} INFO - Setting next_dagrun for latest_only_with_trigger to 2024-10-29 16:00:00+00:00, run_after=2024-10-29 20:00:00+00:00
[2024-10-29T23:41:26.102+0000] {processor.py:183} INFO - Processing /home/airflow/.local/lib/python3.8/site-packages/airflow/example_dags/example_latest_only_with_trigger.py took 0.086 seconds
[2024-10-29T23:41:56.899+0000] {processor.py:161} INFO - Started process (PID=896) to work on /home/airflow/.local/lib/python3.8/site-packages/airflow/example_dags/example_latest_only_with_trigger.py
[2024-10-29T23:41:56.900+0000] {processor.py:830} INFO - Processing file /home/airflow/.local/lib/python3.8/site-packages/airflow/example_dags/example_latest_only_with_trigger.py for tasks to queue
[2024-10-29T23:41:56.903+0000] {logging_mixin.py:188} INFO - [2024-10-29T23:41:56.902+0000] {dagbag.py:540} INFO - Filling up the DagBag from /home/airflow/.local/lib/python3.8/site-packages/airflow/example_dags/example_latest_only_with_trigger.py
[2024-10-29T23:41:56.911+0000] {processor.py:840} INFO - DAG(s) 'latest_only_with_trigger' retrieved from /home/airflow/.local/lib/python3.8/site-packages/airflow/example_dags/example_latest_only_with_trigger.py
[2024-10-29T23:41:56.938+0000] {logging_mixin.py:188} INFO - [2024-10-29T23:41:56.937+0000] {dag.py:3047} INFO - Sync 1 DAGs
[2024-10-29T23:41:56.977+0000] {logging_mixin.py:188} INFO - [2024-10-29T23:41:56.976+0000] {dag.py:3834} INFO - Setting next_dagrun for latest_only_with_trigger to 2024-10-29 16:00:00+00:00, run_after=2024-10-29 20:00:00+00:00
[2024-10-29T23:41:57.011+0000] {processor.py:183} INFO - Processing /home/airflow/.local/lib/python3.8/site-packages/airflow/example_dags/example_latest_only_with_trigger.py took 0.115 seconds
[2024-10-29T23:42:27.263+0000] {processor.py:161} INFO - Started process (PID=952) to work on /home/airflow/.local/lib/python3.8/site-packages/airflow/example_dags/example_latest_only_with_trigger.py
[2024-10-29T23:42:27.263+0000] {processor.py:830} INFO - Processing file /home/airflow/.local/lib/python3.8/site-packages/airflow/example_dags/example_latest_only_with_trigger.py for tasks to queue
[2024-10-29T23:42:27.265+0000] {logging_mixin.py:188} INFO - [2024-10-29T23:42:27.264+0000] {dagbag.py:540} INFO - Filling up the DagBag from /home/airflow/.local/lib/python3.8/site-packages/airflow/example_dags/example_latest_only_with_trigger.py
[2024-10-29T23:42:27.269+0000] {processor.py:840} INFO - DAG(s) 'latest_only_with_trigger' retrieved from /home/airflow/.local/lib/python3.8/site-packages/airflow/example_dags/example_latest_only_with_trigger.py
[2024-10-29T23:42:27.288+0000] {logging_mixin.py:188} INFO - [2024-10-29T23:42:27.287+0000] {dag.py:3047} INFO - Sync 1 DAGs
[2024-10-29T23:42:27.308+0000] {logging_mixin.py:188} INFO - [2024-10-29T23:42:27.308+0000] {dag.py:3834} INFO - Setting next_dagrun for latest_only_with_trigger to 2024-10-29 16:00:00+00:00, run_after=2024-10-29 20:00:00+00:00
[2024-10-29T23:42:27.325+0000] {processor.py:183} INFO - Processing /home/airflow/.local/lib/python3.8/site-packages/airflow/example_dags/example_latest_only_with_trigger.py took 0.065 seconds
[2024-10-29T23:42:57.664+0000] {processor.py:161} INFO - Started process (PID=1008) to work on /home/airflow/.local/lib/python3.8/site-packages/airflow/example_dags/example_latest_only_with_trigger.py
[2024-10-29T23:42:57.664+0000] {processor.py:830} INFO - Processing file /home/airflow/.local/lib/python3.8/site-packages/airflow/example_dags/example_latest_only_with_trigger.py for tasks to queue
[2024-10-29T23:42:57.665+0000] {logging_mixin.py:188} INFO - [2024-10-29T23:42:57.665+0000] {dagbag.py:540} INFO - Filling up the DagBag from /home/airflow/.local/lib/python3.8/site-packages/airflow/example_dags/example_latest_only_with_trigger.py
[2024-10-29T23:42:57.675+0000] {processor.py:840} INFO - DAG(s) 'latest_only_with_trigger' retrieved from /home/airflow/.local/lib/python3.8/site-packages/airflow/example_dags/example_latest_only_with_trigger.py
[2024-10-29T23:42:57.710+0000] {logging_mixin.py:188} INFO - [2024-10-29T23:42:57.710+0000] {dag.py:3047} INFO - Sync 1 DAGs
[2024-10-29T23:42:57.748+0000] {logging_mixin.py:188} INFO - [2024-10-29T23:42:57.748+0000] {dag.py:3834} INFO - Setting next_dagrun for latest_only_with_trigger to 2024-10-29 16:00:00+00:00, run_after=2024-10-29 20:00:00+00:00
[2024-10-29T23:42:57.777+0000] {processor.py:183} INFO - Processing /home/airflow/.local/lib/python3.8/site-packages/airflow/example_dags/example_latest_only_with_trigger.py took 0.116 seconds
[2024-10-29T23:43:28.026+0000] {processor.py:161} INFO - Started process (PID=1064) to work on /home/airflow/.local/lib/python3.8/site-packages/airflow/example_dags/example_latest_only_with_trigger.py
[2024-10-29T23:43:28.027+0000] {processor.py:830} INFO - Processing file /home/airflow/.local/lib/python3.8/site-packages/airflow/example_dags/example_latest_only_with_trigger.py for tasks to queue
[2024-10-29T23:43:28.029+0000] {logging_mixin.py:188} INFO - [2024-10-29T23:43:28.029+0000] {dagbag.py:540} INFO - Filling up the DagBag from /home/airflow/.local/lib/python3.8/site-packages/airflow/example_dags/example_latest_only_with_trigger.py
[2024-10-29T23:43:28.034+0000] {processor.py:840} INFO - DAG(s) 'latest_only_with_trigger' retrieved from /home/airflow/.local/lib/python3.8/site-packages/airflow/example_dags/example_latest_only_with_trigger.py
[2024-10-29T23:43:28.055+0000] {logging_mixin.py:188} INFO - [2024-10-29T23:43:28.055+0000] {dag.py:3047} INFO - Sync 1 DAGs
[2024-10-29T23:43:28.083+0000] {logging_mixin.py:188} INFO - [2024-10-29T23:43:28.083+0000] {dag.py:3834} INFO - Setting next_dagrun for latest_only_with_trigger to 2024-10-29 16:00:00+00:00, run_after=2024-10-29 20:00:00+00:00
[2024-10-29T23:43:28.102+0000] {processor.py:183} INFO - Processing /home/airflow/.local/lib/python3.8/site-packages/airflow/example_dags/example_latest_only_with_trigger.py took 0.079 seconds
[2024-10-29T23:43:58.264+0000] {processor.py:161} INFO - Started process (PID=1120) to work on /home/airflow/.local/lib/python3.8/site-packages/airflow/example_dags/example_latest_only_with_trigger.py
[2024-10-29T23:43:58.265+0000] {processor.py:830} INFO - Processing file /home/airflow/.local/lib/python3.8/site-packages/airflow/example_dags/example_latest_only_with_trigger.py for tasks to queue
[2024-10-29T23:43:58.268+0000] {logging_mixin.py:188} INFO - [2024-10-29T23:43:58.267+0000] {dagbag.py:540} INFO - Filling up the DagBag from /home/airflow/.local/lib/python3.8/site-packages/airflow/example_dags/example_latest_only_with_trigger.py
[2024-10-29T23:43:58.274+0000] {processor.py:840} INFO - DAG(s) 'latest_only_with_trigger' retrieved from /home/airflow/.local/lib/python3.8/site-packages/airflow/example_dags/example_latest_only_with_trigger.py
[2024-10-29T23:43:58.304+0000] {logging_mixin.py:188} INFO - [2024-10-29T23:43:58.304+0000] {dag.py:3047} INFO - Sync 1 DAGs
[2024-10-29T23:43:58.334+0000] {logging_mixin.py:188} INFO - [2024-10-29T23:43:58.333+0000] {dag.py:3834} INFO - Setting next_dagrun for latest_only_with_trigger to 2024-10-29 16:00:00+00:00, run_after=2024-10-29 20:00:00+00:00
[2024-10-29T23:43:58.361+0000] {processor.py:183} INFO - Processing /home/airflow/.local/lib/python3.8/site-packages/airflow/example_dags/example_latest_only_with_trigger.py took 0.100 seconds
[2024-10-29T23:44:28.623+0000] {processor.py:161} INFO - Started process (PID=1176) to work on /home/airflow/.local/lib/python3.8/site-packages/airflow/example_dags/example_latest_only_with_trigger.py
[2024-10-29T23:44:28.624+0000] {processor.py:830} INFO - Processing file /home/airflow/.local/lib/python3.8/site-packages/airflow/example_dags/example_latest_only_with_trigger.py for tasks to queue
[2024-10-29T23:44:28.626+0000] {logging_mixin.py:188} INFO - [2024-10-29T23:44:28.626+0000] {dagbag.py:540} INFO - Filling up the DagBag from /home/airflow/.local/lib/python3.8/site-packages/airflow/example_dags/example_latest_only_with_trigger.py
[2024-10-29T23:44:28.632+0000] {processor.py:840} INFO - DAG(s) 'latest_only_with_trigger' retrieved from /home/airflow/.local/lib/python3.8/site-packages/airflow/example_dags/example_latest_only_with_trigger.py
[2024-10-29T23:44:28.663+0000] {logging_mixin.py:188} INFO - [2024-10-29T23:44:28.662+0000] {dag.py:3047} INFO - Sync 1 DAGs
[2024-10-29T23:44:28.700+0000] {logging_mixin.py:188} INFO - [2024-10-29T23:44:28.700+0000] {dag.py:3834} INFO - Setting next_dagrun for latest_only_with_trigger to 2024-10-29 16:00:00+00:00, run_after=2024-10-29 20:00:00+00:00
[2024-10-29T23:44:28.731+0000] {processor.py:183} INFO - Processing /home/airflow/.local/lib/python3.8/site-packages/airflow/example_dags/example_latest_only_with_trigger.py took 0.111 seconds
[2024-10-29T23:44:58.973+0000] {processor.py:161} INFO - Started process (PID=1232) to work on /home/airflow/.local/lib/python3.8/site-packages/airflow/example_dags/example_latest_only_with_trigger.py
[2024-10-29T23:44:58.973+0000] {processor.py:830} INFO - Processing file /home/airflow/.local/lib/python3.8/site-packages/airflow/example_dags/example_latest_only_with_trigger.py for tasks to queue
[2024-10-29T23:44:58.975+0000] {logging_mixin.py:188} INFO - [2024-10-29T23:44:58.975+0000] {dagbag.py:540} INFO - Filling up the DagBag from /home/airflow/.local/lib/python3.8/site-packages/airflow/example_dags/example_latest_only_with_trigger.py
[2024-10-29T23:44:58.981+0000] {processor.py:840} INFO - DAG(s) 'latest_only_with_trigger' retrieved from /home/airflow/.local/lib/python3.8/site-packages/airflow/example_dags/example_latest_only_with_trigger.py
[2024-10-29T23:44:59.002+0000] {logging_mixin.py:188} INFO - [2024-10-29T23:44:59.002+0000] {dag.py:3047} INFO - Sync 1 DAGs
[2024-10-29T23:44:59.028+0000] {logging_mixin.py:188} INFO - [2024-10-29T23:44:59.028+0000] {dag.py:3834} INFO - Setting next_dagrun for latest_only_with_trigger to 2024-10-29 16:00:00+00:00, run_after=2024-10-29 20:00:00+00:00
[2024-10-29T23:44:59.049+0000] {processor.py:183} INFO - Processing /home/airflow/.local/lib/python3.8/site-packages/airflow/example_dags/example_latest_only_with_trigger.py took 0.079 seconds
[2024-10-29T23:45:29.211+0000] {processor.py:161} INFO - Started process (PID=1288) to work on /home/airflow/.local/lib/python3.8/site-packages/airflow/example_dags/example_latest_only_with_trigger.py
[2024-10-29T23:45:29.213+0000] {processor.py:830} INFO - Processing file /home/airflow/.local/lib/python3.8/site-packages/airflow/example_dags/example_latest_only_with_trigger.py for tasks to queue
[2024-10-29T23:45:29.215+0000] {logging_mixin.py:188} INFO - [2024-10-29T23:45:29.215+0000] {dagbag.py:540} INFO - Filling up the DagBag from /home/airflow/.local/lib/python3.8/site-packages/airflow/example_dags/example_latest_only_with_trigger.py
[2024-10-29T23:45:29.224+0000] {processor.py:840} INFO - DAG(s) 'latest_only_with_trigger' retrieved from /home/airflow/.local/lib/python3.8/site-packages/airflow/example_dags/example_latest_only_with_trigger.py
[2024-10-29T23:45:29.257+0000] {logging_mixin.py:188} INFO - [2024-10-29T23:45:29.256+0000] {dag.py:3047} INFO - Sync 1 DAGs
[2024-10-29T23:45:29.299+0000] {logging_mixin.py:188} INFO - [2024-10-29T23:45:29.299+0000] {dag.py:3834} INFO - Setting next_dagrun for latest_only_with_trigger to 2024-10-29 16:00:00+00:00, run_after=2024-10-29 20:00:00+00:00
[2024-10-29T23:45:29.330+0000] {processor.py:183} INFO - Processing /home/airflow/.local/lib/python3.8/site-packages/airflow/example_dags/example_latest_only_with_trigger.py took 0.124 seconds
[2024-10-29T23:45:59.683+0000] {processor.py:161} INFO - Started process (PID=1344) to work on /home/airflow/.local/lib/python3.8/site-packages/airflow/example_dags/example_latest_only_with_trigger.py
[2024-10-29T23:45:59.684+0000] {processor.py:830} INFO - Processing file /home/airflow/.local/lib/python3.8/site-packages/airflow/example_dags/example_latest_only_with_trigger.py for tasks to queue
[2024-10-29T23:45:59.687+0000] {logging_mixin.py:188} INFO - [2024-10-29T23:45:59.686+0000] {dagbag.py:540} INFO - Filling up the DagBag from /home/airflow/.local/lib/python3.8/site-packages/airflow/example_dags/example_latest_only_with_trigger.py
[2024-10-29T23:45:59.693+0000] {processor.py:840} INFO - DAG(s) 'latest_only_with_trigger' retrieved from /home/airflow/.local/lib/python3.8/site-packages/airflow/example_dags/example_latest_only_with_trigger.py
[2024-10-29T23:45:59.717+0000] {logging_mixin.py:188} INFO - [2024-10-29T23:45:59.717+0000] {dag.py:3047} INFO - Sync 1 DAGs
[2024-10-29T23:45:59.754+0000] {logging_mixin.py:188} INFO - [2024-10-29T23:45:59.754+0000] {dag.py:3834} INFO - Setting next_dagrun for latest_only_with_trigger to 2024-10-29 16:00:00+00:00, run_after=2024-10-29 20:00:00+00:00
[2024-10-29T23:45:59.785+0000] {processor.py:183} INFO - Processing /home/airflow/.local/lib/python3.8/site-packages/airflow/example_dags/example_latest_only_with_trigger.py took 0.106 seconds
[2024-10-29T23:46:29.934+0000] {processor.py:161} INFO - Started process (PID=1400) to work on /home/airflow/.local/lib/python3.8/site-packages/airflow/example_dags/example_latest_only_with_trigger.py
[2024-10-29T23:46:29.935+0000] {processor.py:830} INFO - Processing file /home/airflow/.local/lib/python3.8/site-packages/airflow/example_dags/example_latest_only_with_trigger.py for tasks to queue
[2024-10-29T23:46:29.936+0000] {logging_mixin.py:188} INFO - [2024-10-29T23:46:29.936+0000] {dagbag.py:540} INFO - Filling up the DagBag from /home/airflow/.local/lib/python3.8/site-packages/airflow/example_dags/example_latest_only_with_trigger.py
[2024-10-29T23:46:29.941+0000] {processor.py:840} INFO - DAG(s) 'latest_only_with_trigger' retrieved from /home/airflow/.local/lib/python3.8/site-packages/airflow/example_dags/example_latest_only_with_trigger.py
[2024-10-29T23:46:29.961+0000] {logging_mixin.py:188} INFO - [2024-10-29T23:46:29.960+0000] {dag.py:3047} INFO - Sync 1 DAGs
[2024-10-29T23:46:29.985+0000] {logging_mixin.py:188} INFO - [2024-10-29T23:46:29.985+0000] {dag.py:3834} INFO - Setting next_dagrun for latest_only_with_trigger to 2024-10-29 16:00:00+00:00, run_after=2024-10-29 20:00:00+00:00
[2024-10-29T23:46:30.005+0000] {processor.py:183} INFO - Processing /home/airflow/.local/lib/python3.8/site-packages/airflow/example_dags/example_latest_only_with_trigger.py took 0.074 seconds
[2024-10-29T23:47:00.174+0000] {processor.py:161} INFO - Started process (PID=1456) to work on /home/airflow/.local/lib/python3.8/site-packages/airflow/example_dags/example_latest_only_with_trigger.py
[2024-10-29T23:47:00.176+0000] {processor.py:830} INFO - Processing file /home/airflow/.local/lib/python3.8/site-packages/airflow/example_dags/example_latest_only_with_trigger.py for tasks to queue
[2024-10-29T23:47:00.178+0000] {logging_mixin.py:188} INFO - [2024-10-29T23:47:00.177+0000] {dagbag.py:540} INFO - Filling up the DagBag from /home/airflow/.local/lib/python3.8/site-packages/airflow/example_dags/example_latest_only_with_trigger.py
[2024-10-29T23:47:00.186+0000] {processor.py:840} INFO - DAG(s) 'latest_only_with_trigger' retrieved from /home/airflow/.local/lib/python3.8/site-packages/airflow/example_dags/example_latest_only_with_trigger.py
[2024-10-29T23:47:00.208+0000] {logging_mixin.py:188} INFO - [2024-10-29T23:47:00.208+0000] {dag.py:3047} INFO - Sync 1 DAGs
[2024-10-29T23:47:00.236+0000] {logging_mixin.py:188} INFO - [2024-10-29T23:47:00.235+0000] {dag.py:3834} INFO - Setting next_dagrun for latest_only_with_trigger to 2024-10-29 16:00:00+00:00, run_after=2024-10-29 20:00:00+00:00
[2024-10-29T23:47:00.256+0000] {processor.py:183} INFO - Processing /home/airflow/.local/lib/python3.8/site-packages/airflow/example_dags/example_latest_only_with_trigger.py took 0.086 seconds
[2024-10-29T23:47:31.222+0000] {processor.py:161} INFO - Started process (PID=1518) to work on /home/airflow/.local/lib/python3.8/site-packages/airflow/example_dags/example_latest_only_with_trigger.py
[2024-10-29T23:47:31.223+0000] {processor.py:830} INFO - Processing file /home/airflow/.local/lib/python3.8/site-packages/airflow/example_dags/example_latest_only_with_trigger.py for tasks to queue
[2024-10-29T23:47:31.224+0000] {logging_mixin.py:188} INFO - [2024-10-29T23:47:31.224+0000] {dagbag.py:540} INFO - Filling up the DagBag from /home/airflow/.local/lib/python3.8/site-packages/airflow/example_dags/example_latest_only_with_trigger.py
[2024-10-29T23:47:31.229+0000] {processor.py:840} INFO - DAG(s) 'latest_only_with_trigger' retrieved from /home/airflow/.local/lib/python3.8/site-packages/airflow/example_dags/example_latest_only_with_trigger.py
[2024-10-29T23:47:31.248+0000] {logging_mixin.py:188} INFO - [2024-10-29T23:47:31.248+0000] {dag.py:3047} INFO - Sync 1 DAGs
[2024-10-29T23:47:31.271+0000] {logging_mixin.py:188} INFO - [2024-10-29T23:47:31.271+0000] {dag.py:3834} INFO - Setting next_dagrun for latest_only_with_trigger to 2024-10-29 16:00:00+00:00, run_after=2024-10-29 20:00:00+00:00
[2024-10-29T23:47:31.287+0000] {processor.py:183} INFO - Processing /home/airflow/.local/lib/python3.8/site-packages/airflow/example_dags/example_latest_only_with_trigger.py took 0.068 seconds
[2024-10-29T23:48:01.447+0000] {processor.py:161} INFO - Started process (PID=1574) to work on /home/airflow/.local/lib/python3.8/site-packages/airflow/example_dags/example_latest_only_with_trigger.py
[2024-10-29T23:48:01.448+0000] {processor.py:830} INFO - Processing file /home/airflow/.local/lib/python3.8/site-packages/airflow/example_dags/example_latest_only_with_trigger.py for tasks to queue
[2024-10-29T23:48:01.450+0000] {logging_mixin.py:188} INFO - [2024-10-29T23:48:01.449+0000] {dagbag.py:540} INFO - Filling up the DagBag from /home/airflow/.local/lib/python3.8/site-packages/airflow/example_dags/example_latest_only_with_trigger.py
[2024-10-29T23:48:01.455+0000] {processor.py:840} INFO - DAG(s) 'latest_only_with_trigger' retrieved from /home/airflow/.local/lib/python3.8/site-packages/airflow/example_dags/example_latest_only_with_trigger.py
[2024-10-29T23:48:01.489+0000] {logging_mixin.py:188} INFO - [2024-10-29T23:48:01.489+0000] {dag.py:3047} INFO - Sync 1 DAGs
[2024-10-29T23:48:01.523+0000] {logging_mixin.py:188} INFO - [2024-10-29T23:48:01.522+0000] {dag.py:3834} INFO - Setting next_dagrun for latest_only_with_trigger to 2024-10-29 16:00:00+00:00, run_after=2024-10-29 20:00:00+00:00
[2024-10-29T23:48:01.552+0000] {processor.py:183} INFO - Processing /home/airflow/.local/lib/python3.8/site-packages/airflow/example_dags/example_latest_only_with_trigger.py took 0.109 seconds
[2024-10-29T23:48:31.707+0000] {processor.py:161} INFO - Started process (PID=1630) to work on /home/airflow/.local/lib/python3.8/site-packages/airflow/example_dags/example_latest_only_with_trigger.py
[2024-10-29T23:48:31.708+0000] {processor.py:830} INFO - Processing file /home/airflow/.local/lib/python3.8/site-packages/airflow/example_dags/example_latest_only_with_trigger.py for tasks to queue
[2024-10-29T23:48:31.709+0000] {logging_mixin.py:188} INFO - [2024-10-29T23:48:31.709+0000] {dagbag.py:540} INFO - Filling up the DagBag from /home/airflow/.local/lib/python3.8/site-packages/airflow/example_dags/example_latest_only_with_trigger.py
[2024-10-29T23:48:31.714+0000] {processor.py:840} INFO - DAG(s) 'latest_only_with_trigger' retrieved from /home/airflow/.local/lib/python3.8/site-packages/airflow/example_dags/example_latest_only_with_trigger.py
[2024-10-29T23:48:31.738+0000] {logging_mixin.py:188} INFO - [2024-10-29T23:48:31.738+0000] {dag.py:3047} INFO - Sync 1 DAGs
[2024-10-29T23:48:31.778+0000] {logging_mixin.py:188} INFO - [2024-10-29T23:48:31.777+0000] {dag.py:3834} INFO - Setting next_dagrun for latest_only_with_trigger to 2024-10-29 16:00:00+00:00, run_after=2024-10-29 20:00:00+00:00
[2024-10-29T23:48:31.799+0000] {processor.py:183} INFO - Processing /home/airflow/.local/lib/python3.8/site-packages/airflow/example_dags/example_latest_only_with_trigger.py took 0.094 seconds
[2024-10-29T23:49:01.985+0000] {processor.py:161} INFO - Started process (PID=1686) to work on /home/airflow/.local/lib/python3.8/site-packages/airflow/example_dags/example_latest_only_with_trigger.py
[2024-10-29T23:49:01.985+0000] {processor.py:830} INFO - Processing file /home/airflow/.local/lib/python3.8/site-packages/airflow/example_dags/example_latest_only_with_trigger.py for tasks to queue
[2024-10-29T23:49:01.987+0000] {logging_mixin.py:188} INFO - [2024-10-29T23:49:01.987+0000] {dagbag.py:540} INFO - Filling up the DagBag from /home/airflow/.local/lib/python3.8/site-packages/airflow/example_dags/example_latest_only_with_trigger.py
[2024-10-29T23:49:01.993+0000] {processor.py:840} INFO - DAG(s) 'latest_only_with_trigger' retrieved from /home/airflow/.local/lib/python3.8/site-packages/airflow/example_dags/example_latest_only_with_trigger.py
[2024-10-29T23:49:02.014+0000] {logging_mixin.py:188} INFO - [2024-10-29T23:49:02.014+0000] {dag.py:3047} INFO - Sync 1 DAGs
[2024-10-29T23:49:02.043+0000] {logging_mixin.py:188} INFO - [2024-10-29T23:49:02.042+0000] {dag.py:3834} INFO - Setting next_dagrun for latest_only_with_trigger to 2024-10-29 16:00:00+00:00, run_after=2024-10-29 20:00:00+00:00
[2024-10-29T23:49:02.065+0000] {processor.py:183} INFO - Processing /home/airflow/.local/lib/python3.8/site-packages/airflow/example_dags/example_latest_only_with_trigger.py took 0.083 seconds
[2024-10-29T23:49:32.550+0000] {processor.py:161} INFO - Started process (PID=1742) to work on /home/airflow/.local/lib/python3.8/site-packages/airflow/example_dags/example_latest_only_with_trigger.py
[2024-10-29T23:49:32.550+0000] {processor.py:830} INFO - Processing file /home/airflow/.local/lib/python3.8/site-packages/airflow/example_dags/example_latest_only_with_trigger.py for tasks to queue
[2024-10-29T23:49:32.552+0000] {logging_mixin.py:188} INFO - [2024-10-29T23:49:32.551+0000] {dagbag.py:540} INFO - Filling up the DagBag from /home/airflow/.local/lib/python3.8/site-packages/airflow/example_dags/example_latest_only_with_trigger.py
[2024-10-29T23:49:32.557+0000] {processor.py:840} INFO - DAG(s) 'latest_only_with_trigger' retrieved from /home/airflow/.local/lib/python3.8/site-packages/airflow/example_dags/example_latest_only_with_trigger.py
[2024-10-29T23:49:32.583+0000] {logging_mixin.py:188} INFO - [2024-10-29T23:49:32.583+0000] {dag.py:3047} INFO - Sync 1 DAGs
[2024-10-29T23:49:32.613+0000] {logging_mixin.py:188} INFO - [2024-10-29T23:49:32.613+0000] {dag.py:3834} INFO - Setting next_dagrun for latest_only_with_trigger to 2024-10-29 16:00:00+00:00, run_after=2024-10-29 20:00:00+00:00
[2024-10-29T23:49:32.631+0000] {processor.py:183} INFO - Processing /home/airflow/.local/lib/python3.8/site-packages/airflow/example_dags/example_latest_only_with_trigger.py took 0.084 seconds
[2024-10-29T23:50:03.571+0000] {processor.py:161} INFO - Started process (PID=1798) to work on /home/airflow/.local/lib/python3.8/site-packages/airflow/example_dags/example_latest_only_with_trigger.py
[2024-10-29T23:50:03.572+0000] {processor.py:830} INFO - Processing file /home/airflow/.local/lib/python3.8/site-packages/airflow/example_dags/example_latest_only_with_trigger.py for tasks to queue
[2024-10-29T23:50:03.573+0000] {logging_mixin.py:188} INFO - [2024-10-29T23:50:03.573+0000] {dagbag.py:540} INFO - Filling up the DagBag from /home/airflow/.local/lib/python3.8/site-packages/airflow/example_dags/example_latest_only_with_trigger.py
[2024-10-29T23:50:03.578+0000] {processor.py:840} INFO - DAG(s) 'latest_only_with_trigger' retrieved from /home/airflow/.local/lib/python3.8/site-packages/airflow/example_dags/example_latest_only_with_trigger.py
[2024-10-29T23:50:03.594+0000] {logging_mixin.py:188} INFO - [2024-10-29T23:50:03.593+0000] {dag.py:3047} INFO - Sync 1 DAGs
[2024-10-29T23:50:03.614+0000] {logging_mixin.py:188} INFO - [2024-10-29T23:50:03.614+0000] {dag.py:3834} INFO - Setting next_dagrun for latest_only_with_trigger to 2024-10-29 16:00:00+00:00, run_after=2024-10-29 20:00:00+00:00
[2024-10-29T23:50:03.630+0000] {processor.py:183} INFO - Processing /home/airflow/.local/lib/python3.8/site-packages/airflow/example_dags/example_latest_only_with_trigger.py took 0.061 seconds
[2024-10-29T23:50:34.007+0000] {processor.py:161} INFO - Started process (PID=1854) to work on /home/airflow/.local/lib/python3.8/site-packages/airflow/example_dags/example_latest_only_with_trigger.py
[2024-10-29T23:50:34.008+0000] {processor.py:830} INFO - Processing file /home/airflow/.local/lib/python3.8/site-packages/airflow/example_dags/example_latest_only_with_trigger.py for tasks to queue
[2024-10-29T23:50:34.010+0000] {logging_mixin.py:188} INFO - [2024-10-29T23:50:34.009+0000] {dagbag.py:540} INFO - Filling up the DagBag from /home/airflow/.local/lib/python3.8/site-packages/airflow/example_dags/example_latest_only_with_trigger.py
[2024-10-29T23:50:34.015+0000] {processor.py:840} INFO - DAG(s) 'latest_only_with_trigger' retrieved from /home/airflow/.local/lib/python3.8/site-packages/airflow/example_dags/example_latest_only_with_trigger.py
[2024-10-29T23:50:34.046+0000] {logging_mixin.py:188} INFO - [2024-10-29T23:50:34.046+0000] {dag.py:3047} INFO - Sync 1 DAGs
[2024-10-29T23:50:34.085+0000] {logging_mixin.py:188} INFO - [2024-10-29T23:50:34.084+0000] {dag.py:3834} INFO - Setting next_dagrun for latest_only_with_trigger to 2024-10-29 16:00:00+00:00, run_after=2024-10-29 20:00:00+00:00
[2024-10-29T23:50:34.113+0000] {processor.py:183} INFO - Processing /home/airflow/.local/lib/python3.8/site-packages/airflow/example_dags/example_latest_only_with_trigger.py took 0.110 seconds
[2024-10-29T23:51:04.992+0000] {processor.py:161} INFO - Started process (PID=1910) to work on /home/airflow/.local/lib/python3.8/site-packages/airflow/example_dags/example_latest_only_with_trigger.py
[2024-10-29T23:51:04.993+0000] {processor.py:830} INFO - Processing file /home/airflow/.local/lib/python3.8/site-packages/airflow/example_dags/example_latest_only_with_trigger.py for tasks to queue
[2024-10-29T23:51:04.995+0000] {logging_mixin.py:188} INFO - [2024-10-29T23:51:04.995+0000] {dagbag.py:540} INFO - Filling up the DagBag from /home/airflow/.local/lib/python3.8/site-packages/airflow/example_dags/example_latest_only_with_trigger.py
[2024-10-29T23:51:05.001+0000] {processor.py:840} INFO - DAG(s) 'latest_only_with_trigger' retrieved from /home/airflow/.local/lib/python3.8/site-packages/airflow/example_dags/example_latest_only_with_trigger.py
[2024-10-29T23:51:05.032+0000] {logging_mixin.py:188} INFO - [2024-10-29T23:51:05.032+0000] {dag.py:3047} INFO - Sync 1 DAGs
[2024-10-29T23:51:05.068+0000] {logging_mixin.py:188} INFO - [2024-10-29T23:51:05.068+0000] {dag.py:3834} INFO - Setting next_dagrun for latest_only_with_trigger to 2024-10-29 16:00:00+00:00, run_after=2024-10-29 20:00:00+00:00
[2024-10-29T23:51:05.094+0000] {processor.py:183} INFO - Processing /home/airflow/.local/lib/python3.8/site-packages/airflow/example_dags/example_latest_only_with_trigger.py took 0.105 seconds
[2024-10-29T23:51:35.271+0000] {processor.py:161} INFO - Started process (PID=1965) to work on /home/airflow/.local/lib/python3.8/site-packages/airflow/example_dags/example_latest_only_with_trigger.py
[2024-10-29T23:51:35.272+0000] {processor.py:830} INFO - Processing file /home/airflow/.local/lib/python3.8/site-packages/airflow/example_dags/example_latest_only_with_trigger.py for tasks to queue
[2024-10-29T23:51:35.275+0000] {logging_mixin.py:188} INFO - [2024-10-29T23:51:35.274+0000] {dagbag.py:540} INFO - Filling up the DagBag from /home/airflow/.local/lib/python3.8/site-packages/airflow/example_dags/example_latest_only_with_trigger.py
[2024-10-29T23:51:35.280+0000] {processor.py:840} INFO - DAG(s) 'latest_only_with_trigger' retrieved from /home/airflow/.local/lib/python3.8/site-packages/airflow/example_dags/example_latest_only_with_trigger.py
[2024-10-29T23:51:35.304+0000] {logging_mixin.py:188} INFO - [2024-10-29T23:51:35.304+0000] {dag.py:3047} INFO - Sync 1 DAGs
[2024-10-29T23:51:35.330+0000] {logging_mixin.py:188} INFO - [2024-10-29T23:51:35.329+0000] {dag.py:3834} INFO - Setting next_dagrun for latest_only_with_trigger to 2024-10-29 16:00:00+00:00, run_after=2024-10-29 20:00:00+00:00
[2024-10-29T23:51:35.349+0000] {processor.py:183} INFO - Processing /home/airflow/.local/lib/python3.8/site-packages/airflow/example_dags/example_latest_only_with_trigger.py took 0.082 seconds
[2024-10-29T23:52:05.630+0000] {processor.py:161} INFO - Started process (PID=2021) to work on /home/airflow/.local/lib/python3.8/site-packages/airflow/example_dags/example_latest_only_with_trigger.py
[2024-10-29T23:52:05.631+0000] {processor.py:830} INFO - Processing file /home/airflow/.local/lib/python3.8/site-packages/airflow/example_dags/example_latest_only_with_trigger.py for tasks to queue
[2024-10-29T23:52:05.632+0000] {logging_mixin.py:188} INFO - [2024-10-29T23:52:05.632+0000] {dagbag.py:540} INFO - Filling up the DagBag from /home/airflow/.local/lib/python3.8/site-packages/airflow/example_dags/example_latest_only_with_trigger.py
[2024-10-29T23:52:05.637+0000] {processor.py:840} INFO - DAG(s) 'latest_only_with_trigger' retrieved from /home/airflow/.local/lib/python3.8/site-packages/airflow/example_dags/example_latest_only_with_trigger.py
[2024-10-29T23:52:05.655+0000] {logging_mixin.py:188} INFO - [2024-10-29T23:52:05.654+0000] {dag.py:3047} INFO - Sync 1 DAGs
[2024-10-29T23:52:05.677+0000] {logging_mixin.py:188} INFO - [2024-10-29T23:52:05.676+0000] {dag.py:3834} INFO - Setting next_dagrun for latest_only_with_trigger to 2024-10-29 16:00:00+00:00, run_after=2024-10-29 20:00:00+00:00
[2024-10-29T23:52:05.694+0000] {processor.py:183} INFO - Processing /home/airflow/.local/lib/python3.8/site-packages/airflow/example_dags/example_latest_only_with_trigger.py took 0.066 seconds
[2024-10-29T23:52:36.556+0000] {processor.py:161} INFO - Started process (PID=2077) to work on /home/airflow/.local/lib/python3.8/site-packages/airflow/example_dags/example_latest_only_with_trigger.py
[2024-10-29T23:52:36.557+0000] {processor.py:830} INFO - Processing file /home/airflow/.local/lib/python3.8/site-packages/airflow/example_dags/example_latest_only_with_trigger.py for tasks to queue
[2024-10-29T23:52:36.559+0000] {logging_mixin.py:188} INFO - [2024-10-29T23:52:36.559+0000] {dagbag.py:540} INFO - Filling up the DagBag from /home/airflow/.local/lib/python3.8/site-packages/airflow/example_dags/example_latest_only_with_trigger.py
[2024-10-29T23:52:36.566+0000] {processor.py:840} INFO - DAG(s) 'latest_only_with_trigger' retrieved from /home/airflow/.local/lib/python3.8/site-packages/airflow/example_dags/example_latest_only_with_trigger.py
[2024-10-29T23:52:36.596+0000] {logging_mixin.py:188} INFO - [2024-10-29T23:52:36.595+0000] {dag.py:3047} INFO - Sync 1 DAGs
[2024-10-29T23:52:36.637+0000] {logging_mixin.py:188} INFO - [2024-10-29T23:52:36.636+0000] {dag.py:3834} INFO - Setting next_dagrun for latest_only_with_trigger to 2024-10-29 16:00:00+00:00, run_after=2024-10-29 20:00:00+00:00
[2024-10-29T23:52:36.677+0000] {processor.py:183} INFO - Processing /home/airflow/.local/lib/python3.8/site-packages/airflow/example_dags/example_latest_only_with_trigger.py took 0.124 seconds
[2024-10-29T23:53:07.532+0000] {processor.py:161} INFO - Started process (PID=2133) to work on /home/airflow/.local/lib/python3.8/site-packages/airflow/example_dags/example_latest_only_with_trigger.py
[2024-10-29T23:53:07.533+0000] {processor.py:830} INFO - Processing file /home/airflow/.local/lib/python3.8/site-packages/airflow/example_dags/example_latest_only_with_trigger.py for tasks to queue
[2024-10-29T23:53:07.534+0000] {logging_mixin.py:188} INFO - [2024-10-29T23:53:07.534+0000] {dagbag.py:540} INFO - Filling up the DagBag from /home/airflow/.local/lib/python3.8/site-packages/airflow/example_dags/example_latest_only_with_trigger.py
[2024-10-29T23:53:07.539+0000] {processor.py:840} INFO - DAG(s) 'latest_only_with_trigger' retrieved from /home/airflow/.local/lib/python3.8/site-packages/airflow/example_dags/example_latest_only_with_trigger.py
[2024-10-29T23:53:07.558+0000] {logging_mixin.py:188} INFO - [2024-10-29T23:53:07.557+0000] {dag.py:3047} INFO - Sync 1 DAGs
[2024-10-29T23:53:07.579+0000] {logging_mixin.py:188} INFO - [2024-10-29T23:53:07.579+0000] {dag.py:3834} INFO - Setting next_dagrun for latest_only_with_trigger to 2024-10-29 16:00:00+00:00, run_after=2024-10-29 20:00:00+00:00
[2024-10-29T23:53:07.598+0000] {processor.py:183} INFO - Processing /home/airflow/.local/lib/python3.8/site-packages/airflow/example_dags/example_latest_only_with_trigger.py took 0.068 seconds
[2024-10-29T23:53:38.313+0000] {processor.py:161} INFO - Started process (PID=2189) to work on /home/airflow/.local/lib/python3.8/site-packages/airflow/example_dags/example_latest_only_with_trigger.py
[2024-10-29T23:53:38.314+0000] {processor.py:830} INFO - Processing file /home/airflow/.local/lib/python3.8/site-packages/airflow/example_dags/example_latest_only_with_trigger.py for tasks to queue
[2024-10-29T23:53:38.315+0000] {logging_mixin.py:188} INFO - [2024-10-29T23:53:38.315+0000] {dagbag.py:540} INFO - Filling up the DagBag from /home/airflow/.local/lib/python3.8/site-packages/airflow/example_dags/example_latest_only_with_trigger.py
[2024-10-29T23:53:38.319+0000] {processor.py:840} INFO - DAG(s) 'latest_only_with_trigger' retrieved from /home/airflow/.local/lib/python3.8/site-packages/airflow/example_dags/example_latest_only_with_trigger.py
[2024-10-29T23:53:38.339+0000] {logging_mixin.py:188} INFO - [2024-10-29T23:53:38.339+0000] {dag.py:3047} INFO - Sync 1 DAGs
[2024-10-29T23:53:38.360+0000] {logging_mixin.py:188} INFO - [2024-10-29T23:53:38.360+0000] {dag.py:3834} INFO - Setting next_dagrun for latest_only_with_trigger to 2024-10-29 16:00:00+00:00, run_after=2024-10-29 20:00:00+00:00
[2024-10-29T23:53:38.377+0000] {processor.py:183} INFO - Processing /home/airflow/.local/lib/python3.8/site-packages/airflow/example_dags/example_latest_only_with_trigger.py took 0.065 seconds
[2024-10-29T23:54:09.081+0000] {processor.py:161} INFO - Started process (PID=2245) to work on /home/airflow/.local/lib/python3.8/site-packages/airflow/example_dags/example_latest_only_with_trigger.py
[2024-10-29T23:54:09.082+0000] {processor.py:830} INFO - Processing file /home/airflow/.local/lib/python3.8/site-packages/airflow/example_dags/example_latest_only_with_trigger.py for tasks to queue
[2024-10-29T23:54:09.084+0000] {logging_mixin.py:188} INFO - [2024-10-29T23:54:09.083+0000] {dagbag.py:540} INFO - Filling up the DagBag from /home/airflow/.local/lib/python3.8/site-packages/airflow/example_dags/example_latest_only_with_trigger.py
[2024-10-29T23:54:09.088+0000] {processor.py:840} INFO - DAG(s) 'latest_only_with_trigger' retrieved from /home/airflow/.local/lib/python3.8/site-packages/airflow/example_dags/example_latest_only_with_trigger.py
[2024-10-29T23:54:09.106+0000] {logging_mixin.py:188} INFO - [2024-10-29T23:54:09.106+0000] {dag.py:3047} INFO - Sync 1 DAGs
[2024-10-29T23:54:09.127+0000] {logging_mixin.py:188} INFO - [2024-10-29T23:54:09.127+0000] {dag.py:3834} INFO - Setting next_dagrun for latest_only_with_trigger to 2024-10-29 16:00:00+00:00, run_after=2024-10-29 20:00:00+00:00
[2024-10-29T23:54:09.143+0000] {processor.py:183} INFO - Processing /home/airflow/.local/lib/python3.8/site-packages/airflow/example_dags/example_latest_only_with_trigger.py took 0.064 seconds
[2024-10-29T23:54:39.479+0000] {processor.py:161} INFO - Started process (PID=2301) to work on /home/airflow/.local/lib/python3.8/site-packages/airflow/example_dags/example_latest_only_with_trigger.py
[2024-10-29T23:54:39.480+0000] {processor.py:830} INFO - Processing file /home/airflow/.local/lib/python3.8/site-packages/airflow/example_dags/example_latest_only_with_trigger.py for tasks to queue
[2024-10-29T23:54:39.481+0000] {logging_mixin.py:188} INFO - [2024-10-29T23:54:39.481+0000] {dagbag.py:540} INFO - Filling up the DagBag from /home/airflow/.local/lib/python3.8/site-packages/airflow/example_dags/example_latest_only_with_trigger.py
[2024-10-29T23:54:39.485+0000] {processor.py:840} INFO - DAG(s) 'latest_only_with_trigger' retrieved from /home/airflow/.local/lib/python3.8/site-packages/airflow/example_dags/example_latest_only_with_trigger.py
[2024-10-29T23:54:39.502+0000] {logging_mixin.py:188} INFO - [2024-10-29T23:54:39.502+0000] {dag.py:3047} INFO - Sync 1 DAGs
[2024-10-29T23:54:39.525+0000] {logging_mixin.py:188} INFO - [2024-10-29T23:54:39.525+0000] {dag.py:3834} INFO - Setting next_dagrun for latest_only_with_trigger to 2024-10-29 16:00:00+00:00, run_after=2024-10-29 20:00:00+00:00
[2024-10-29T23:54:39.545+0000] {processor.py:183} INFO - Processing /home/airflow/.local/lib/python3.8/site-packages/airflow/example_dags/example_latest_only_with_trigger.py took 0.068 seconds
[2024-10-29T23:55:10.032+0000] {processor.py:161} INFO - Started process (PID=2357) to work on /home/airflow/.local/lib/python3.8/site-packages/airflow/example_dags/example_latest_only_with_trigger.py
[2024-10-29T23:55:10.033+0000] {processor.py:830} INFO - Processing file /home/airflow/.local/lib/python3.8/site-packages/airflow/example_dags/example_latest_only_with_trigger.py for tasks to queue
[2024-10-29T23:55:10.034+0000] {logging_mixin.py:188} INFO - [2024-10-29T23:55:10.034+0000] {dagbag.py:540} INFO - Filling up the DagBag from /home/airflow/.local/lib/python3.8/site-packages/airflow/example_dags/example_latest_only_with_trigger.py
[2024-10-29T23:55:10.041+0000] {processor.py:840} INFO - DAG(s) 'latest_only_with_trigger' retrieved from /home/airflow/.local/lib/python3.8/site-packages/airflow/example_dags/example_latest_only_with_trigger.py
[2024-10-29T23:55:10.073+0000] {logging_mixin.py:188} INFO - [2024-10-29T23:55:10.073+0000] {dag.py:3047} INFO - Sync 1 DAGs
[2024-10-29T23:55:10.108+0000] {logging_mixin.py:188} INFO - [2024-10-29T23:55:10.107+0000] {dag.py:3834} INFO - Setting next_dagrun for latest_only_with_trigger to 2024-10-29 16:00:00+00:00, run_after=2024-10-29 20:00:00+00:00
[2024-10-29T23:55:10.152+0000] {processor.py:183} INFO - Processing /home/airflow/.local/lib/python3.8/site-packages/airflow/example_dags/example_latest_only_with_trigger.py took 0.124 seconds
[2024-10-29T23:55:40.487+0000] {processor.py:161} INFO - Started process (PID=2413) to work on /home/airflow/.local/lib/python3.8/site-packages/airflow/example_dags/example_latest_only_with_trigger.py
[2024-10-29T23:55:40.488+0000] {processor.py:830} INFO - Processing file /home/airflow/.local/lib/python3.8/site-packages/airflow/example_dags/example_latest_only_with_trigger.py for tasks to queue
[2024-10-29T23:55:40.490+0000] {logging_mixin.py:188} INFO - [2024-10-29T23:55:40.490+0000] {dagbag.py:540} INFO - Filling up the DagBag from /home/airflow/.local/lib/python3.8/site-packages/airflow/example_dags/example_latest_only_with_trigger.py
[2024-10-29T23:55:40.496+0000] {processor.py:840} INFO - DAG(s) 'latest_only_with_trigger' retrieved from /home/airflow/.local/lib/python3.8/site-packages/airflow/example_dags/example_latest_only_with_trigger.py
[2024-10-29T23:55:40.518+0000] {logging_mixin.py:188} INFO - [2024-10-29T23:55:40.517+0000] {dag.py:3047} INFO - Sync 1 DAGs
[2024-10-29T23:55:40.550+0000] {logging_mixin.py:188} INFO - [2024-10-29T23:55:40.550+0000] {dag.py:3834} INFO - Setting next_dagrun for latest_only_with_trigger to 2024-10-29 16:00:00+00:00, run_after=2024-10-29 20:00:00+00:00
[2024-10-29T23:55:40.576+0000] {processor.py:183} INFO - Processing /home/airflow/.local/lib/python3.8/site-packages/airflow/example_dags/example_latest_only_with_trigger.py took 0.093 seconds
[2024-10-29T23:56:11.540+0000] {processor.py:161} INFO - Started process (PID=2469) to work on /home/airflow/.local/lib/python3.8/site-packages/airflow/example_dags/example_latest_only_with_trigger.py
[2024-10-29T23:56:11.541+0000] {processor.py:830} INFO - Processing file /home/airflow/.local/lib/python3.8/site-packages/airflow/example_dags/example_latest_only_with_trigger.py for tasks to queue
[2024-10-29T23:56:11.543+0000] {logging_mixin.py:188} INFO - [2024-10-29T23:56:11.542+0000] {dagbag.py:540} INFO - Filling up the DagBag from /home/airflow/.local/lib/python3.8/site-packages/airflow/example_dags/example_latest_only_with_trigger.py
[2024-10-29T23:56:11.547+0000] {processor.py:840} INFO - DAG(s) 'latest_only_with_trigger' retrieved from /home/airflow/.local/lib/python3.8/site-packages/airflow/example_dags/example_latest_only_with_trigger.py
[2024-10-29T23:56:11.566+0000] {logging_mixin.py:188} INFO - [2024-10-29T23:56:11.566+0000] {dag.py:3047} INFO - Sync 1 DAGs
[2024-10-29T23:56:11.589+0000] {logging_mixin.py:188} INFO - [2024-10-29T23:56:11.589+0000] {dag.py:3834} INFO - Setting next_dagrun for latest_only_with_trigger to 2024-10-29 16:00:00+00:00, run_after=2024-10-29 20:00:00+00:00
[2024-10-29T23:56:11.607+0000] {processor.py:183} INFO - Processing /home/airflow/.local/lib/python3.8/site-packages/airflow/example_dags/example_latest_only_with_trigger.py took 0.069 seconds
[2024-10-29T23:56:41.922+0000] {processor.py:161} INFO - Started process (PID=2525) to work on /home/airflow/.local/lib/python3.8/site-packages/airflow/example_dags/example_latest_only_with_trigger.py
[2024-10-29T23:56:41.923+0000] {processor.py:830} INFO - Processing file /home/airflow/.local/lib/python3.8/site-packages/airflow/example_dags/example_latest_only_with_trigger.py for tasks to queue
[2024-10-29T23:56:41.924+0000] {logging_mixin.py:188} INFO - [2024-10-29T23:56:41.924+0000] {dagbag.py:540} INFO - Filling up the DagBag from /home/airflow/.local/lib/python3.8/site-packages/airflow/example_dags/example_latest_only_with_trigger.py
[2024-10-29T23:56:41.929+0000] {processor.py:840} INFO - DAG(s) 'latest_only_with_trigger' retrieved from /home/airflow/.local/lib/python3.8/site-packages/airflow/example_dags/example_latest_only_with_trigger.py
[2024-10-29T23:56:41.946+0000] {logging_mixin.py:188} INFO - [2024-10-29T23:56:41.946+0000] {dag.py:3047} INFO - Sync 1 DAGs
[2024-10-29T23:56:41.970+0000] {logging_mixin.py:188} INFO - [2024-10-29T23:56:41.969+0000] {dag.py:3834} INFO - Setting next_dagrun for latest_only_with_trigger to 2024-10-29 16:00:00+00:00, run_after=2024-10-29 20:00:00+00:00
[2024-10-29T23:56:41.988+0000] {processor.py:183} INFO - Processing /home/airflow/.local/lib/python3.8/site-packages/airflow/example_dags/example_latest_only_with_trigger.py took 0.068 seconds
[2024-10-29T23:57:12.473+0000] {processor.py:161} INFO - Started process (PID=2581) to work on /home/airflow/.local/lib/python3.8/site-packages/airflow/example_dags/example_latest_only_with_trigger.py
[2024-10-29T23:57:12.473+0000] {processor.py:830} INFO - Processing file /home/airflow/.local/lib/python3.8/site-packages/airflow/example_dags/example_latest_only_with_trigger.py for tasks to queue
[2024-10-29T23:57:12.475+0000] {logging_mixin.py:188} INFO - [2024-10-29T23:57:12.475+0000] {dagbag.py:540} INFO - Filling up the DagBag from /home/airflow/.local/lib/python3.8/site-packages/airflow/example_dags/example_latest_only_with_trigger.py
[2024-10-29T23:57:12.480+0000] {processor.py:840} INFO - DAG(s) 'latest_only_with_trigger' retrieved from /home/airflow/.local/lib/python3.8/site-packages/airflow/example_dags/example_latest_only_with_trigger.py
[2024-10-29T23:57:12.504+0000] {logging_mixin.py:188} INFO - [2024-10-29T23:57:12.503+0000] {dag.py:3047} INFO - Sync 1 DAGs
[2024-10-29T23:57:12.531+0000] {logging_mixin.py:188} INFO - [2024-10-29T23:57:12.531+0000] {dag.py:3834} INFO - Setting next_dagrun for latest_only_with_trigger to 2024-10-29 16:00:00+00:00, run_after=2024-10-29 20:00:00+00:00
[2024-10-29T23:57:12.550+0000] {processor.py:183} INFO - Processing /home/airflow/.local/lib/python3.8/site-packages/airflow/example_dags/example_latest_only_with_trigger.py took 0.082 seconds
[2024-10-29T23:57:42.849+0000] {processor.py:161} INFO - Started process (PID=2637) to work on /home/airflow/.local/lib/python3.8/site-packages/airflow/example_dags/example_latest_only_with_trigger.py
[2024-10-29T23:57:42.850+0000] {processor.py:830} INFO - Processing file /home/airflow/.local/lib/python3.8/site-packages/airflow/example_dags/example_latest_only_with_trigger.py for tasks to queue
[2024-10-29T23:57:42.852+0000] {logging_mixin.py:188} INFO - [2024-10-29T23:57:42.851+0000] {dagbag.py:540} INFO - Filling up the DagBag from /home/airflow/.local/lib/python3.8/site-packages/airflow/example_dags/example_latest_only_with_trigger.py
[2024-10-29T23:57:42.857+0000] {processor.py:840} INFO - DAG(s) 'latest_only_with_trigger' retrieved from /home/airflow/.local/lib/python3.8/site-packages/airflow/example_dags/example_latest_only_with_trigger.py
[2024-10-29T23:57:42.878+0000] {logging_mixin.py:188} INFO - [2024-10-29T23:57:42.878+0000] {dag.py:3047} INFO - Sync 1 DAGs
[2024-10-29T23:57:42.904+0000] {logging_mixin.py:188} INFO - [2024-10-29T23:57:42.904+0000] {dag.py:3834} INFO - Setting next_dagrun for latest_only_with_trigger to 2024-10-29 16:00:00+00:00, run_after=2024-10-29 20:00:00+00:00
[2024-10-29T23:57:42.921+0000] {processor.py:183} INFO - Processing /home/airflow/.local/lib/python3.8/site-packages/airflow/example_dags/example_latest_only_with_trigger.py took 0.075 seconds
[2024-10-29T23:58:13.589+0000] {processor.py:161} INFO - Started process (PID=2693) to work on /home/airflow/.local/lib/python3.8/site-packages/airflow/example_dags/example_latest_only_with_trigger.py
[2024-10-29T23:58:13.589+0000] {processor.py:830} INFO - Processing file /home/airflow/.local/lib/python3.8/site-packages/airflow/example_dags/example_latest_only_with_trigger.py for tasks to queue
[2024-10-29T23:58:13.591+0000] {logging_mixin.py:188} INFO - [2024-10-29T23:58:13.591+0000] {dagbag.py:540} INFO - Filling up the DagBag from /home/airflow/.local/lib/python3.8/site-packages/airflow/example_dags/example_latest_only_with_trigger.py
[2024-10-29T23:58:13.595+0000] {processor.py:840} INFO - DAG(s) 'latest_only_with_trigger' retrieved from /home/airflow/.local/lib/python3.8/site-packages/airflow/example_dags/example_latest_only_with_trigger.py
[2024-10-29T23:58:13.613+0000] {logging_mixin.py:188} INFO - [2024-10-29T23:58:13.613+0000] {dag.py:3047} INFO - Sync 1 DAGs
[2024-10-29T23:58:13.639+0000] {logging_mixin.py:188} INFO - [2024-10-29T23:58:13.639+0000] {dag.py:3834} INFO - Setting next_dagrun for latest_only_with_trigger to 2024-10-29 16:00:00+00:00, run_after=2024-10-29 20:00:00+00:00
[2024-10-29T23:58:13.658+0000] {processor.py:183} INFO - Processing /home/airflow/.local/lib/python3.8/site-packages/airflow/example_dags/example_latest_only_with_trigger.py took 0.072 seconds
[2024-10-29T23:58:44.730+0000] {processor.py:161} INFO - Started process (PID=2749) to work on /home/airflow/.local/lib/python3.8/site-packages/airflow/example_dags/example_latest_only_with_trigger.py
[2024-10-29T23:58:44.731+0000] {processor.py:830} INFO - Processing file /home/airflow/.local/lib/python3.8/site-packages/airflow/example_dags/example_latest_only_with_trigger.py for tasks to queue
[2024-10-29T23:58:44.732+0000] {logging_mixin.py:188} INFO - [2024-10-29T23:58:44.732+0000] {dagbag.py:540} INFO - Filling up the DagBag from /home/airflow/.local/lib/python3.8/site-packages/airflow/example_dags/example_latest_only_with_trigger.py
[2024-10-29T23:58:44.737+0000] {processor.py:840} INFO - DAG(s) 'latest_only_with_trigger' retrieved from /home/airflow/.local/lib/python3.8/site-packages/airflow/example_dags/example_latest_only_with_trigger.py
[2024-10-29T23:58:44.755+0000] {logging_mixin.py:188} INFO - [2024-10-29T23:58:44.755+0000] {dag.py:3047} INFO - Sync 1 DAGs
[2024-10-29T23:58:44.776+0000] {logging_mixin.py:188} INFO - [2024-10-29T23:58:44.776+0000] {dag.py:3834} INFO - Setting next_dagrun for latest_only_with_trigger to 2024-10-29 16:00:00+00:00, run_after=2024-10-29 20:00:00+00:00
[2024-10-29T23:58:44.792+0000] {processor.py:183} INFO - Processing /home/airflow/.local/lib/python3.8/site-packages/airflow/example_dags/example_latest_only_with_trigger.py took 0.064 seconds
[2024-10-29T23:59:14.899+0000] {processor.py:161} INFO - Started process (PID=2805) to work on /home/airflow/.local/lib/python3.8/site-packages/airflow/example_dags/example_latest_only_with_trigger.py
[2024-10-29T23:59:14.901+0000] {processor.py:830} INFO - Processing file /home/airflow/.local/lib/python3.8/site-packages/airflow/example_dags/example_latest_only_with_trigger.py for tasks to queue
[2024-10-29T23:59:14.903+0000] {logging_mixin.py:188} INFO - [2024-10-29T23:59:14.902+0000] {dagbag.py:540} INFO - Filling up the DagBag from /home/airflow/.local/lib/python3.8/site-packages/airflow/example_dags/example_latest_only_with_trigger.py
[2024-10-29T23:59:14.909+0000] {processor.py:840} INFO - DAG(s) 'latest_only_with_trigger' retrieved from /home/airflow/.local/lib/python3.8/site-packages/airflow/example_dags/example_latest_only_with_trigger.py
[2024-10-29T23:59:14.935+0000] {logging_mixin.py:188} INFO - [2024-10-29T23:59:14.935+0000] {dag.py:3047} INFO - Sync 1 DAGs
[2024-10-29T23:59:14.966+0000] {logging_mixin.py:188} INFO - [2024-10-29T23:59:14.965+0000] {dag.py:3834} INFO - Setting next_dagrun for latest_only_with_trigger to 2024-10-29 16:00:00+00:00, run_after=2024-10-29 20:00:00+00:00
[2024-10-29T23:59:14.991+0000] {processor.py:183} INFO - Processing /home/airflow/.local/lib/python3.8/site-packages/airflow/example_dags/example_latest_only_with_trigger.py took 0.095 seconds
[2024-10-29T23:59:45.234+0000] {processor.py:161} INFO - Started process (PID=2861) to work on /home/airflow/.local/lib/python3.8/site-packages/airflow/example_dags/example_latest_only_with_trigger.py
[2024-10-29T23:59:45.235+0000] {processor.py:830} INFO - Processing file /home/airflow/.local/lib/python3.8/site-packages/airflow/example_dags/example_latest_only_with_trigger.py for tasks to queue
[2024-10-29T23:59:45.236+0000] {logging_mixin.py:188} INFO - [2024-10-29T23:59:45.236+0000] {dagbag.py:540} INFO - Filling up the DagBag from /home/airflow/.local/lib/python3.8/site-packages/airflow/example_dags/example_latest_only_with_trigger.py
[2024-10-29T23:59:45.240+0000] {processor.py:840} INFO - DAG(s) 'latest_only_with_trigger' retrieved from /home/airflow/.local/lib/python3.8/site-packages/airflow/example_dags/example_latest_only_with_trigger.py
[2024-10-29T23:59:45.259+0000] {logging_mixin.py:188} INFO - [2024-10-29T23:59:45.258+0000] {dag.py:3047} INFO - Sync 1 DAGs
[2024-10-29T23:59:45.280+0000] {logging_mixin.py:188} INFO - [2024-10-29T23:59:45.280+0000] {dag.py:3834} INFO - Setting next_dagrun for latest_only_with_trigger to 2024-10-29 16:00:00+00:00, run_after=2024-10-29 20:00:00+00:00
[2024-10-29T23:59:45.297+0000] {processor.py:183} INFO - Processing /home/airflow/.local/lib/python3.8/site-packages/airflow/example_dags/example_latest_only_with_trigger.py took 0.066 seconds
