[2024-10-29T23:27:22.855+0000] {processor.py:161} INFO - Started process (PID=16646) to work on /home/airflow/.local/lib/python3.8/site-packages/airflow/example_dags/example_sensors.py
[2024-10-29T23:27:22.855+0000] {processor.py:830} INFO - Processing file /home/airflow/.local/lib/python3.8/site-packages/airflow/example_dags/example_sensors.py for tasks to queue
[2024-10-29T23:27:22.856+0000] {logging_mixin.py:188} INFO - [2024-10-29T23:27:22.856+0000] {dagbag.py:540} INFO - Filling up the DagBag from /home/airflow/.local/lib/python3.8/site-packages/airflow/example_dags/example_sensors.py
[2024-10-29T23:27:22.877+0000] {processor.py:840} INFO - DAG(s) 'example_sensors' retrieved from /home/airflow/.local/lib/python3.8/site-packages/airflow/example_dags/example_sensors.py
[2024-10-29T23:27:22.910+0000] {logging_mixin.py:188} INFO - [2024-10-29T23:27:22.910+0000] {dag.py:3047} INFO - Sync 1 DAGs
[2024-10-29T23:27:22.922+0000] {logging_mixin.py:188} INFO - [2024-10-29T23:27:22.922+0000] {dag.py:3834} INFO - Setting next_dagrun for example_sensors to None, run_after=None
[2024-10-29T23:27:22.943+0000] {processor.py:183} INFO - Processing /home/airflow/.local/lib/python3.8/site-packages/airflow/example_dags/example_sensors.py took 0.090 seconds
[2024-10-29T23:27:53.482+0000] {processor.py:161} INFO - Started process (PID=16702) to work on /home/airflow/.local/lib/python3.8/site-packages/airflow/example_dags/example_sensors.py
[2024-10-29T23:27:53.483+0000] {processor.py:830} INFO - Processing file /home/airflow/.local/lib/python3.8/site-packages/airflow/example_dags/example_sensors.py for tasks to queue
[2024-10-29T23:27:53.484+0000] {logging_mixin.py:188} INFO - [2024-10-29T23:27:53.484+0000] {dagbag.py:540} INFO - Filling up the DagBag from /home/airflow/.local/lib/python3.8/site-packages/airflow/example_dags/example_sensors.py
[2024-10-29T23:27:53.493+0000] {processor.py:840} INFO - DAG(s) 'example_sensors' retrieved from /home/airflow/.local/lib/python3.8/site-packages/airflow/example_dags/example_sensors.py
[2024-10-29T23:27:53.520+0000] {logging_mixin.py:188} INFO - [2024-10-29T23:27:53.520+0000] {dag.py:3047} INFO - Sync 1 DAGs
[2024-10-29T23:27:53.533+0000] {logging_mixin.py:188} INFO - [2024-10-29T23:27:53.533+0000] {dag.py:3834} INFO - Setting next_dagrun for example_sensors to None, run_after=None
[2024-10-29T23:27:53.550+0000] {processor.py:183} INFO - Processing /home/airflow/.local/lib/python3.8/site-packages/airflow/example_dags/example_sensors.py took 0.071 seconds
[2024-10-29T23:28:24.170+0000] {processor.py:161} INFO - Started process (PID=16758) to work on /home/airflow/.local/lib/python3.8/site-packages/airflow/example_dags/example_sensors.py
[2024-10-29T23:28:24.171+0000] {processor.py:830} INFO - Processing file /home/airflow/.local/lib/python3.8/site-packages/airflow/example_dags/example_sensors.py for tasks to queue
[2024-10-29T23:28:24.173+0000] {logging_mixin.py:188} INFO - [2024-10-29T23:28:24.173+0000] {dagbag.py:540} INFO - Filling up the DagBag from /home/airflow/.local/lib/python3.8/site-packages/airflow/example_dags/example_sensors.py
[2024-10-29T23:28:24.187+0000] {processor.py:840} INFO - DAG(s) 'example_sensors' retrieved from /home/airflow/.local/lib/python3.8/site-packages/airflow/example_dags/example_sensors.py
[2024-10-29T23:28:24.219+0000] {logging_mixin.py:188} INFO - [2024-10-29T23:28:24.219+0000] {dag.py:3047} INFO - Sync 1 DAGs
[2024-10-29T23:28:24.232+0000] {logging_mixin.py:188} INFO - [2024-10-29T23:28:24.232+0000] {dag.py:3834} INFO - Setting next_dagrun for example_sensors to None, run_after=None
[2024-10-29T23:28:24.250+0000] {processor.py:183} INFO - Processing /home/airflow/.local/lib/python3.8/site-packages/airflow/example_dags/example_sensors.py took 0.083 seconds
[2024-10-29T23:28:54.965+0000] {processor.py:161} INFO - Started process (PID=16813) to work on /home/airflow/.local/lib/python3.8/site-packages/airflow/example_dags/example_sensors.py
[2024-10-29T23:28:54.966+0000] {processor.py:830} INFO - Processing file /home/airflow/.local/lib/python3.8/site-packages/airflow/example_dags/example_sensors.py for tasks to queue
[2024-10-29T23:28:54.968+0000] {logging_mixin.py:188} INFO - [2024-10-29T23:28:54.968+0000] {dagbag.py:540} INFO - Filling up the DagBag from /home/airflow/.local/lib/python3.8/site-packages/airflow/example_dags/example_sensors.py
[2024-10-29T23:28:54.982+0000] {processor.py:840} INFO - DAG(s) 'example_sensors' retrieved from /home/airflow/.local/lib/python3.8/site-packages/airflow/example_dags/example_sensors.py
[2024-10-29T23:28:55.008+0000] {logging_mixin.py:188} INFO - [2024-10-29T23:28:55.008+0000] {dag.py:3047} INFO - Sync 1 DAGs
[2024-10-29T23:28:55.022+0000] {logging_mixin.py:188} INFO - [2024-10-29T23:28:55.021+0000] {dag.py:3834} INFO - Setting next_dagrun for example_sensors to None, run_after=None
[2024-10-29T23:28:55.040+0000] {processor.py:183} INFO - Processing /home/airflow/.local/lib/python3.8/site-packages/airflow/example_dags/example_sensors.py took 0.079 seconds
[2024-10-29T23:29:26.353+0000] {processor.py:161} INFO - Started process (PID=16870) to work on /home/airflow/.local/lib/python3.8/site-packages/airflow/example_dags/example_sensors.py
[2024-10-29T23:29:26.354+0000] {processor.py:830} INFO - Processing file /home/airflow/.local/lib/python3.8/site-packages/airflow/example_dags/example_sensors.py for tasks to queue
[2024-10-29T23:29:26.355+0000] {logging_mixin.py:188} INFO - [2024-10-29T23:29:26.355+0000] {dagbag.py:540} INFO - Filling up the DagBag from /home/airflow/.local/lib/python3.8/site-packages/airflow/example_dags/example_sensors.py
[2024-10-29T23:29:26.362+0000] {processor.py:840} INFO - DAG(s) 'example_sensors' retrieved from /home/airflow/.local/lib/python3.8/site-packages/airflow/example_dags/example_sensors.py
[2024-10-29T23:29:26.382+0000] {logging_mixin.py:188} INFO - [2024-10-29T23:29:26.382+0000] {dag.py:3047} INFO - Sync 1 DAGs
[2024-10-29T23:29:26.392+0000] {logging_mixin.py:188} INFO - [2024-10-29T23:29:26.392+0000] {dag.py:3834} INFO - Setting next_dagrun for example_sensors to None, run_after=None
[2024-10-29T23:29:26.409+0000] {processor.py:183} INFO - Processing /home/airflow/.local/lib/python3.8/site-packages/airflow/example_dags/example_sensors.py took 0.058 seconds
[2024-10-29T23:29:56.518+0000] {processor.py:161} INFO - Started process (PID=16926) to work on /home/airflow/.local/lib/python3.8/site-packages/airflow/example_dags/example_sensors.py
[2024-10-29T23:29:56.519+0000] {processor.py:830} INFO - Processing file /home/airflow/.local/lib/python3.8/site-packages/airflow/example_dags/example_sensors.py for tasks to queue
[2024-10-29T23:29:56.521+0000] {logging_mixin.py:188} INFO - [2024-10-29T23:29:56.521+0000] {dagbag.py:540} INFO - Filling up the DagBag from /home/airflow/.local/lib/python3.8/site-packages/airflow/example_dags/example_sensors.py
[2024-10-29T23:29:56.529+0000] {processor.py:840} INFO - DAG(s) 'example_sensors' retrieved from /home/airflow/.local/lib/python3.8/site-packages/airflow/example_dags/example_sensors.py
[2024-10-29T23:29:56.559+0000] {logging_mixin.py:188} INFO - [2024-10-29T23:29:56.559+0000] {dag.py:3047} INFO - Sync 1 DAGs
[2024-10-29T23:29:56.574+0000] {logging_mixin.py:188} INFO - [2024-10-29T23:29:56.573+0000] {dag.py:3834} INFO - Setting next_dagrun for example_sensors to None, run_after=None
[2024-10-29T23:29:56.597+0000] {processor.py:183} INFO - Processing /home/airflow/.local/lib/python3.8/site-packages/airflow/example_dags/example_sensors.py took 0.081 seconds
[2024-10-29T23:30:26.996+0000] {processor.py:161} INFO - Started process (PID=16982) to work on /home/airflow/.local/lib/python3.8/site-packages/airflow/example_dags/example_sensors.py
[2024-10-29T23:30:26.997+0000] {processor.py:830} INFO - Processing file /home/airflow/.local/lib/python3.8/site-packages/airflow/example_dags/example_sensors.py for tasks to queue
[2024-10-29T23:30:26.998+0000] {logging_mixin.py:188} INFO - [2024-10-29T23:30:26.998+0000] {dagbag.py:540} INFO - Filling up the DagBag from /home/airflow/.local/lib/python3.8/site-packages/airflow/example_dags/example_sensors.py
[2024-10-29T23:30:27.006+0000] {processor.py:840} INFO - DAG(s) 'example_sensors' retrieved from /home/airflow/.local/lib/python3.8/site-packages/airflow/example_dags/example_sensors.py
[2024-10-29T23:30:27.030+0000] {logging_mixin.py:188} INFO - [2024-10-29T23:30:27.029+0000] {dag.py:3047} INFO - Sync 1 DAGs
[2024-10-29T23:30:27.042+0000] {logging_mixin.py:188} INFO - [2024-10-29T23:30:27.042+0000] {dag.py:3834} INFO - Setting next_dagrun for example_sensors to None, run_after=None
[2024-10-29T23:30:27.060+0000] {processor.py:183} INFO - Processing /home/airflow/.local/lib/python3.8/site-packages/airflow/example_dags/example_sensors.py took 0.066 seconds
[2024-10-29T23:30:57.505+0000] {processor.py:161} INFO - Started process (PID=17037) to work on /home/airflow/.local/lib/python3.8/site-packages/airflow/example_dags/example_sensors.py
[2024-10-29T23:30:57.506+0000] {processor.py:830} INFO - Processing file /home/airflow/.local/lib/python3.8/site-packages/airflow/example_dags/example_sensors.py for tasks to queue
[2024-10-29T23:30:57.508+0000] {logging_mixin.py:188} INFO - [2024-10-29T23:30:57.507+0000] {dagbag.py:540} INFO - Filling up the DagBag from /home/airflow/.local/lib/python3.8/site-packages/airflow/example_dags/example_sensors.py
[2024-10-29T23:30:57.517+0000] {processor.py:840} INFO - DAG(s) 'example_sensors' retrieved from /home/airflow/.local/lib/python3.8/site-packages/airflow/example_dags/example_sensors.py
[2024-10-29T23:30:57.542+0000] {logging_mixin.py:188} INFO - [2024-10-29T23:30:57.541+0000] {dag.py:3047} INFO - Sync 1 DAGs
[2024-10-29T23:30:57.555+0000] {logging_mixin.py:188} INFO - [2024-10-29T23:30:57.554+0000] {dag.py:3834} INFO - Setting next_dagrun for example_sensors to None, run_after=None
[2024-10-29T23:30:57.574+0000] {processor.py:183} INFO - Processing /home/airflow/.local/lib/python3.8/site-packages/airflow/example_dags/example_sensors.py took 0.072 seconds
[2024-10-29T23:31:28.169+0000] {processor.py:161} INFO - Started process (PID=17092) to work on /home/airflow/.local/lib/python3.8/site-packages/airflow/example_dags/example_sensors.py
[2024-10-29T23:31:28.170+0000] {processor.py:830} INFO - Processing file /home/airflow/.local/lib/python3.8/site-packages/airflow/example_dags/example_sensors.py for tasks to queue
[2024-10-29T23:31:28.172+0000] {logging_mixin.py:188} INFO - [2024-10-29T23:31:28.171+0000] {dagbag.py:540} INFO - Filling up the DagBag from /home/airflow/.local/lib/python3.8/site-packages/airflow/example_dags/example_sensors.py
[2024-10-29T23:31:28.182+0000] {processor.py:840} INFO - DAG(s) 'example_sensors' retrieved from /home/airflow/.local/lib/python3.8/site-packages/airflow/example_dags/example_sensors.py
[2024-10-29T23:31:28.218+0000] {logging_mixin.py:188} INFO - [2024-10-29T23:31:28.218+0000] {dag.py:3047} INFO - Sync 1 DAGs
[2024-10-29T23:31:28.236+0000] {logging_mixin.py:188} INFO - [2024-10-29T23:31:28.235+0000] {dag.py:3834} INFO - Setting next_dagrun for example_sensors to None, run_after=None
[2024-10-29T23:31:28.263+0000] {processor.py:183} INFO - Processing /home/airflow/.local/lib/python3.8/site-packages/airflow/example_dags/example_sensors.py took 0.097 seconds
[2024-10-29T23:31:58.654+0000] {processor.py:161} INFO - Started process (PID=17148) to work on /home/airflow/.local/lib/python3.8/site-packages/airflow/example_dags/example_sensors.py
[2024-10-29T23:31:58.655+0000] {processor.py:830} INFO - Processing file /home/airflow/.local/lib/python3.8/site-packages/airflow/example_dags/example_sensors.py for tasks to queue
[2024-10-29T23:31:58.657+0000] {logging_mixin.py:188} INFO - [2024-10-29T23:31:58.656+0000] {dagbag.py:540} INFO - Filling up the DagBag from /home/airflow/.local/lib/python3.8/site-packages/airflow/example_dags/example_sensors.py
[2024-10-29T23:31:58.664+0000] {processor.py:840} INFO - DAG(s) 'example_sensors' retrieved from /home/airflow/.local/lib/python3.8/site-packages/airflow/example_dags/example_sensors.py
[2024-10-29T23:31:58.687+0000] {logging_mixin.py:188} INFO - [2024-10-29T23:31:58.687+0000] {dag.py:3047} INFO - Sync 1 DAGs
[2024-10-29T23:31:58.698+0000] {logging_mixin.py:188} INFO - [2024-10-29T23:31:58.698+0000] {dag.py:3834} INFO - Setting next_dagrun for example_sensors to None, run_after=None
[2024-10-29T23:31:58.715+0000] {processor.py:183} INFO - Processing /home/airflow/.local/lib/python3.8/site-packages/airflow/example_dags/example_sensors.py took 0.063 seconds
[2024-10-29T23:32:29.850+0000] {processor.py:161} INFO - Started process (PID=17203) to work on /home/airflow/.local/lib/python3.8/site-packages/airflow/example_dags/example_sensors.py
[2024-10-29T23:32:29.851+0000] {processor.py:830} INFO - Processing file /home/airflow/.local/lib/python3.8/site-packages/airflow/example_dags/example_sensors.py for tasks to queue
[2024-10-29T23:32:29.854+0000] {logging_mixin.py:188} INFO - [2024-10-29T23:32:29.853+0000] {dagbag.py:540} INFO - Filling up the DagBag from /home/airflow/.local/lib/python3.8/site-packages/airflow/example_dags/example_sensors.py
[2024-10-29T23:32:29.870+0000] {processor.py:840} INFO - DAG(s) 'example_sensors' retrieved from /home/airflow/.local/lib/python3.8/site-packages/airflow/example_dags/example_sensors.py
[2024-10-29T23:32:29.913+0000] {logging_mixin.py:188} INFO - [2024-10-29T23:32:29.913+0000] {dag.py:3047} INFO - Sync 1 DAGs
[2024-10-29T23:32:29.938+0000] {logging_mixin.py:188} INFO - [2024-10-29T23:32:29.937+0000] {dag.py:3834} INFO - Setting next_dagrun for example_sensors to None, run_after=None
[2024-10-29T23:32:30.158+0000] {processor.py:183} INFO - Processing /home/airflow/.local/lib/python3.8/site-packages/airflow/example_dags/example_sensors.py took 0.313 seconds
[2024-10-29T23:33:01.277+0000] {processor.py:161} INFO - Started process (PID=17260) to work on /home/airflow/.local/lib/python3.8/site-packages/airflow/example_dags/example_sensors.py
[2024-10-29T23:33:01.278+0000] {processor.py:830} INFO - Processing file /home/airflow/.local/lib/python3.8/site-packages/airflow/example_dags/example_sensors.py for tasks to queue
[2024-10-29T23:33:01.280+0000] {logging_mixin.py:188} INFO - [2024-10-29T23:33:01.279+0000] {dagbag.py:540} INFO - Filling up the DagBag from /home/airflow/.local/lib/python3.8/site-packages/airflow/example_dags/example_sensors.py
[2024-10-29T23:33:01.288+0000] {processor.py:840} INFO - DAG(s) 'example_sensors' retrieved from /home/airflow/.local/lib/python3.8/site-packages/airflow/example_dags/example_sensors.py
[2024-10-29T23:33:01.321+0000] {logging_mixin.py:188} INFO - [2024-10-29T23:33:01.320+0000] {dag.py:3047} INFO - Sync 1 DAGs
[2024-10-29T23:33:01.340+0000] {logging_mixin.py:188} INFO - [2024-10-29T23:33:01.339+0000] {dag.py:3834} INFO - Setting next_dagrun for example_sensors to None, run_after=None
[2024-10-29T23:33:01.478+0000] {processor.py:183} INFO - Processing /home/airflow/.local/lib/python3.8/site-packages/airflow/example_dags/example_sensors.py took 0.203 seconds
[2024-10-29T23:34:17.897+0000] {processor.py:161} INFO - Started process (PID=59) to work on /home/airflow/.local/lib/python3.8/site-packages/airflow/example_dags/example_sensors.py
[2024-10-29T23:34:17.898+0000] {processor.py:830} INFO - Processing file /home/airflow/.local/lib/python3.8/site-packages/airflow/example_dags/example_sensors.py for tasks to queue
[2024-10-29T23:34:17.900+0000] {logging_mixin.py:188} INFO - [2024-10-29T23:34:17.900+0000] {dagbag.py:540} INFO - Filling up the DagBag from /home/airflow/.local/lib/python3.8/site-packages/airflow/example_dags/example_sensors.py
[2024-10-29T23:34:17.916+0000] {processor.py:840} INFO - DAG(s) 'example_sensors' retrieved from /home/airflow/.local/lib/python3.8/site-packages/airflow/example_dags/example_sensors.py
[2024-10-29T23:34:17.929+0000] {logging_mixin.py:188} INFO - [2024-10-29T23:34:17.928+0000] {dag.py:3047} INFO - Sync 1 DAGs
[2024-10-29T23:34:17.943+0000] {logging_mixin.py:188} INFO - [2024-10-29T23:34:17.943+0000] {dag.py:3834} INFO - Setting next_dagrun for example_sensors to None, run_after=None
[2024-10-29T23:34:17.963+0000] {processor.py:183} INFO - Processing /home/airflow/.local/lib/python3.8/site-packages/airflow/example_dags/example_sensors.py took 0.070 seconds
[2024-10-29T23:34:49.725+0000] {processor.py:161} INFO - Started process (PID=115) to work on /home/airflow/.local/lib/python3.8/site-packages/airflow/example_dags/example_sensors.py
[2024-10-29T23:34:49.726+0000] {processor.py:830} INFO - Processing file /home/airflow/.local/lib/python3.8/site-packages/airflow/example_dags/example_sensors.py for tasks to queue
[2024-10-29T23:34:49.728+0000] {logging_mixin.py:188} INFO - [2024-10-29T23:34:49.727+0000] {dagbag.py:540} INFO - Filling up the DagBag from /home/airflow/.local/lib/python3.8/site-packages/airflow/example_dags/example_sensors.py
[2024-10-29T23:34:49.738+0000] {processor.py:840} INFO - DAG(s) 'example_sensors' retrieved from /home/airflow/.local/lib/python3.8/site-packages/airflow/example_dags/example_sensors.py
[2024-10-29T23:34:49.912+0000] {logging_mixin.py:188} INFO - [2024-10-29T23:34:49.912+0000] {dag.py:3047} INFO - Sync 1 DAGs
[2024-10-29T23:34:49.930+0000] {logging_mixin.py:188} INFO - [2024-10-29T23:34:49.930+0000] {dag.py:3834} INFO - Setting next_dagrun for example_sensors to None, run_after=None
[2024-10-29T23:34:49.968+0000] {processor.py:183} INFO - Processing /home/airflow/.local/lib/python3.8/site-packages/airflow/example_dags/example_sensors.py took 0.246 seconds
[2024-10-29T23:35:20.355+0000] {processor.py:161} INFO - Started process (PID=171) to work on /home/airflow/.local/lib/python3.8/site-packages/airflow/example_dags/example_sensors.py
[2024-10-29T23:35:20.356+0000] {processor.py:830} INFO - Processing file /home/airflow/.local/lib/python3.8/site-packages/airflow/example_dags/example_sensors.py for tasks to queue
[2024-10-29T23:35:20.359+0000] {logging_mixin.py:188} INFO - [2024-10-29T23:35:20.358+0000] {dagbag.py:540} INFO - Filling up the DagBag from /home/airflow/.local/lib/python3.8/site-packages/airflow/example_dags/example_sensors.py
[2024-10-29T23:35:20.371+0000] {processor.py:840} INFO - DAG(s) 'example_sensors' retrieved from /home/airflow/.local/lib/python3.8/site-packages/airflow/example_dags/example_sensors.py
[2024-10-29T23:35:20.401+0000] {logging_mixin.py:188} INFO - [2024-10-29T23:35:20.400+0000] {dag.py:3047} INFO - Sync 1 DAGs
[2024-10-29T23:35:20.421+0000] {logging_mixin.py:188} INFO - [2024-10-29T23:35:20.420+0000] {dag.py:3834} INFO - Setting next_dagrun for example_sensors to None, run_after=None
[2024-10-29T23:35:20.447+0000] {processor.py:183} INFO - Processing /home/airflow/.local/lib/python3.8/site-packages/airflow/example_dags/example_sensors.py took 0.095 seconds
[2024-10-29T23:35:50.554+0000] {processor.py:161} INFO - Started process (PID=227) to work on /home/airflow/.local/lib/python3.8/site-packages/airflow/example_dags/example_sensors.py
[2024-10-29T23:35:50.555+0000] {processor.py:830} INFO - Processing file /home/airflow/.local/lib/python3.8/site-packages/airflow/example_dags/example_sensors.py for tasks to queue
[2024-10-29T23:35:50.557+0000] {logging_mixin.py:188} INFO - [2024-10-29T23:35:50.556+0000] {dagbag.py:540} INFO - Filling up the DagBag from /home/airflow/.local/lib/python3.8/site-packages/airflow/example_dags/example_sensors.py
[2024-10-29T23:35:50.566+0000] {processor.py:840} INFO - DAG(s) 'example_sensors' retrieved from /home/airflow/.local/lib/python3.8/site-packages/airflow/example_dags/example_sensors.py
[2024-10-29T23:35:50.600+0000] {logging_mixin.py:188} INFO - [2024-10-29T23:35:50.599+0000] {dag.py:3047} INFO - Sync 1 DAGs
[2024-10-29T23:35:50.617+0000] {logging_mixin.py:188} INFO - [2024-10-29T23:35:50.617+0000] {dag.py:3834} INFO - Setting next_dagrun for example_sensors to None, run_after=None
[2024-10-29T23:35:50.638+0000] {processor.py:183} INFO - Processing /home/airflow/.local/lib/python3.8/site-packages/airflow/example_dags/example_sensors.py took 0.087 seconds
[2024-10-29T23:36:20.675+0000] {processor.py:161} INFO - Started process (PID=282) to work on /home/airflow/.local/lib/python3.8/site-packages/airflow/example_dags/example_sensors.py
[2024-10-29T23:36:20.676+0000] {processor.py:830} INFO - Processing file /home/airflow/.local/lib/python3.8/site-packages/airflow/example_dags/example_sensors.py for tasks to queue
[2024-10-29T23:36:20.677+0000] {logging_mixin.py:188} INFO - [2024-10-29T23:36:20.677+0000] {dagbag.py:540} INFO - Filling up the DagBag from /home/airflow/.local/lib/python3.8/site-packages/airflow/example_dags/example_sensors.py
[2024-10-29T23:36:20.685+0000] {processor.py:840} INFO - DAG(s) 'example_sensors' retrieved from /home/airflow/.local/lib/python3.8/site-packages/airflow/example_dags/example_sensors.py
[2024-10-29T23:36:20.711+0000] {logging_mixin.py:188} INFO - [2024-10-29T23:36:20.711+0000] {dag.py:3047} INFO - Sync 1 DAGs
[2024-10-29T23:36:20.724+0000] {logging_mixin.py:188} INFO - [2024-10-29T23:36:20.724+0000] {dag.py:3834} INFO - Setting next_dagrun for example_sensors to None, run_after=None
[2024-10-29T23:36:20.741+0000] {processor.py:183} INFO - Processing /home/airflow/.local/lib/python3.8/site-packages/airflow/example_dags/example_sensors.py took 0.069 seconds
[2024-10-29T23:36:51.234+0000] {processor.py:161} INFO - Started process (PID=338) to work on /home/airflow/.local/lib/python3.8/site-packages/airflow/example_dags/example_sensors.py
[2024-10-29T23:36:51.235+0000] {processor.py:830} INFO - Processing file /home/airflow/.local/lib/python3.8/site-packages/airflow/example_dags/example_sensors.py for tasks to queue
[2024-10-29T23:36:51.238+0000] {logging_mixin.py:188} INFO - [2024-10-29T23:36:51.238+0000] {dagbag.py:540} INFO - Filling up the DagBag from /home/airflow/.local/lib/python3.8/site-packages/airflow/example_dags/example_sensors.py
[2024-10-29T23:36:51.250+0000] {processor.py:840} INFO - DAG(s) 'example_sensors' retrieved from /home/airflow/.local/lib/python3.8/site-packages/airflow/example_dags/example_sensors.py
[2024-10-29T23:36:51.290+0000] {logging_mixin.py:188} INFO - [2024-10-29T23:36:51.289+0000] {dag.py:3047} INFO - Sync 1 DAGs
[2024-10-29T23:36:51.310+0000] {logging_mixin.py:188} INFO - [2024-10-29T23:36:51.309+0000] {dag.py:3834} INFO - Setting next_dagrun for example_sensors to None, run_after=None
[2024-10-29T23:36:51.334+0000] {processor.py:183} INFO - Processing /home/airflow/.local/lib/python3.8/site-packages/airflow/example_dags/example_sensors.py took 0.106 seconds
[2024-10-29T23:37:21.576+0000] {processor.py:161} INFO - Started process (PID=394) to work on /home/airflow/.local/lib/python3.8/site-packages/airflow/example_dags/example_sensors.py
[2024-10-29T23:37:21.577+0000] {processor.py:830} INFO - Processing file /home/airflow/.local/lib/python3.8/site-packages/airflow/example_dags/example_sensors.py for tasks to queue
[2024-10-29T23:37:21.579+0000] {logging_mixin.py:188} INFO - [2024-10-29T23:37:21.579+0000] {dagbag.py:540} INFO - Filling up the DagBag from /home/airflow/.local/lib/python3.8/site-packages/airflow/example_dags/example_sensors.py
[2024-10-29T23:37:21.591+0000] {processor.py:840} INFO - DAG(s) 'example_sensors' retrieved from /home/airflow/.local/lib/python3.8/site-packages/airflow/example_dags/example_sensors.py
[2024-10-29T23:37:21.615+0000] {logging_mixin.py:188} INFO - [2024-10-29T23:37:21.614+0000] {dag.py:3047} INFO - Sync 1 DAGs
[2024-10-29T23:37:21.629+0000] {logging_mixin.py:188} INFO - [2024-10-29T23:37:21.629+0000] {dag.py:3834} INFO - Setting next_dagrun for example_sensors to None, run_after=None
[2024-10-29T23:37:21.649+0000] {processor.py:183} INFO - Processing /home/airflow/.local/lib/python3.8/site-packages/airflow/example_dags/example_sensors.py took 0.077 seconds
[2024-10-29T23:37:52.482+0000] {processor.py:161} INFO - Started process (PID=450) to work on /home/airflow/.local/lib/python3.8/site-packages/airflow/example_dags/example_sensors.py
[2024-10-29T23:37:52.482+0000] {processor.py:830} INFO - Processing file /home/airflow/.local/lib/python3.8/site-packages/airflow/example_dags/example_sensors.py for tasks to queue
[2024-10-29T23:37:52.485+0000] {logging_mixin.py:188} INFO - [2024-10-29T23:37:52.484+0000] {dagbag.py:540} INFO - Filling up the DagBag from /home/airflow/.local/lib/python3.8/site-packages/airflow/example_dags/example_sensors.py
[2024-10-29T23:37:52.496+0000] {processor.py:840} INFO - DAG(s) 'example_sensors' retrieved from /home/airflow/.local/lib/python3.8/site-packages/airflow/example_dags/example_sensors.py
[2024-10-29T23:37:52.522+0000] {logging_mixin.py:188} INFO - [2024-10-29T23:37:52.522+0000] {dag.py:3047} INFO - Sync 1 DAGs
[2024-10-29T23:37:52.536+0000] {logging_mixin.py:188} INFO - [2024-10-29T23:37:52.536+0000] {dag.py:3834} INFO - Setting next_dagrun for example_sensors to None, run_after=None
[2024-10-29T23:37:52.558+0000] {processor.py:183} INFO - Processing /home/airflow/.local/lib/python3.8/site-packages/airflow/example_dags/example_sensors.py took 0.079 seconds
[2024-10-29T23:38:23.053+0000] {processor.py:161} INFO - Started process (PID=506) to work on /home/airflow/.local/lib/python3.8/site-packages/airflow/example_dags/example_sensors.py
[2024-10-29T23:38:23.054+0000] {processor.py:830} INFO - Processing file /home/airflow/.local/lib/python3.8/site-packages/airflow/example_dags/example_sensors.py for tasks to queue
[2024-10-29T23:38:23.056+0000] {logging_mixin.py:188} INFO - [2024-10-29T23:38:23.056+0000] {dagbag.py:540} INFO - Filling up the DagBag from /home/airflow/.local/lib/python3.8/site-packages/airflow/example_dags/example_sensors.py
[2024-10-29T23:38:23.065+0000] {processor.py:840} INFO - DAG(s) 'example_sensors' retrieved from /home/airflow/.local/lib/python3.8/site-packages/airflow/example_dags/example_sensors.py
[2024-10-29T23:38:23.101+0000] {logging_mixin.py:188} INFO - [2024-10-29T23:38:23.100+0000] {dag.py:3047} INFO - Sync 1 DAGs
[2024-10-29T23:38:23.115+0000] {logging_mixin.py:188} INFO - [2024-10-29T23:38:23.115+0000] {dag.py:3834} INFO - Setting next_dagrun for example_sensors to None, run_after=None
[2024-10-29T23:38:23.136+0000] {processor.py:183} INFO - Processing /home/airflow/.local/lib/python3.8/site-packages/airflow/example_dags/example_sensors.py took 0.086 seconds
[2024-10-29T23:38:53.413+0000] {processor.py:161} INFO - Started process (PID=562) to work on /home/airflow/.local/lib/python3.8/site-packages/airflow/example_dags/example_sensors.py
[2024-10-29T23:38:53.414+0000] {processor.py:830} INFO - Processing file /home/airflow/.local/lib/python3.8/site-packages/airflow/example_dags/example_sensors.py for tasks to queue
[2024-10-29T23:38:53.417+0000] {logging_mixin.py:188} INFO - [2024-10-29T23:38:53.416+0000] {dagbag.py:540} INFO - Filling up the DagBag from /home/airflow/.local/lib/python3.8/site-packages/airflow/example_dags/example_sensors.py
[2024-10-29T23:38:53.430+0000] {processor.py:840} INFO - DAG(s) 'example_sensors' retrieved from /home/airflow/.local/lib/python3.8/site-packages/airflow/example_dags/example_sensors.py
[2024-10-29T23:38:53.470+0000] {logging_mixin.py:188} INFO - [2024-10-29T23:38:53.470+0000] {dag.py:3047} INFO - Sync 1 DAGs
[2024-10-29T23:38:53.491+0000] {logging_mixin.py:188} INFO - [2024-10-29T23:38:53.491+0000] {dag.py:3834} INFO - Setting next_dagrun for example_sensors to None, run_after=None
[2024-10-29T23:38:53.522+0000] {processor.py:183} INFO - Processing /home/airflow/.local/lib/python3.8/site-packages/airflow/example_dags/example_sensors.py took 0.112 seconds
[2024-10-29T23:39:23.581+0000] {processor.py:161} INFO - Started process (PID=618) to work on /home/airflow/.local/lib/python3.8/site-packages/airflow/example_dags/example_sensors.py
[2024-10-29T23:39:23.582+0000] {processor.py:830} INFO - Processing file /home/airflow/.local/lib/python3.8/site-packages/airflow/example_dags/example_sensors.py for tasks to queue
[2024-10-29T23:39:23.584+0000] {logging_mixin.py:188} INFO - [2024-10-29T23:39:23.583+0000] {dagbag.py:540} INFO - Filling up the DagBag from /home/airflow/.local/lib/python3.8/site-packages/airflow/example_dags/example_sensors.py
[2024-10-29T23:39:23.596+0000] {processor.py:840} INFO - DAG(s) 'example_sensors' retrieved from /home/airflow/.local/lib/python3.8/site-packages/airflow/example_dags/example_sensors.py
[2024-10-29T23:39:23.626+0000] {logging_mixin.py:188} INFO - [2024-10-29T23:39:23.625+0000] {dag.py:3047} INFO - Sync 1 DAGs
[2024-10-29T23:39:23.640+0000] {logging_mixin.py:188} INFO - [2024-10-29T23:39:23.640+0000] {dag.py:3834} INFO - Setting next_dagrun for example_sensors to None, run_after=None
[2024-10-29T23:39:23.657+0000] {processor.py:183} INFO - Processing /home/airflow/.local/lib/python3.8/site-packages/airflow/example_dags/example_sensors.py took 0.078 seconds
[2024-10-29T23:39:54.201+0000] {processor.py:161} INFO - Started process (PID=674) to work on /home/airflow/.local/lib/python3.8/site-packages/airflow/example_dags/example_sensors.py
[2024-10-29T23:39:54.202+0000] {processor.py:830} INFO - Processing file /home/airflow/.local/lib/python3.8/site-packages/airflow/example_dags/example_sensors.py for tasks to queue
[2024-10-29T23:39:54.205+0000] {logging_mixin.py:188} INFO - [2024-10-29T23:39:54.204+0000] {dagbag.py:540} INFO - Filling up the DagBag from /home/airflow/.local/lib/python3.8/site-packages/airflow/example_dags/example_sensors.py
[2024-10-29T23:39:54.217+0000] {processor.py:840} INFO - DAG(s) 'example_sensors' retrieved from /home/airflow/.local/lib/python3.8/site-packages/airflow/example_dags/example_sensors.py
[2024-10-29T23:39:54.248+0000] {logging_mixin.py:188} INFO - [2024-10-29T23:39:54.247+0000] {dag.py:3047} INFO - Sync 1 DAGs
[2024-10-29T23:39:54.263+0000] {logging_mixin.py:188} INFO - [2024-10-29T23:39:54.263+0000] {dag.py:3834} INFO - Setting next_dagrun for example_sensors to None, run_after=None
[2024-10-29T23:39:54.280+0000] {processor.py:183} INFO - Processing /home/airflow/.local/lib/python3.8/site-packages/airflow/example_dags/example_sensors.py took 0.082 seconds
[2024-10-29T23:40:24.700+0000] {processor.py:161} INFO - Started process (PID=730) to work on /home/airflow/.local/lib/python3.8/site-packages/airflow/example_dags/example_sensors.py
[2024-10-29T23:40:24.701+0000] {processor.py:830} INFO - Processing file /home/airflow/.local/lib/python3.8/site-packages/airflow/example_dags/example_sensors.py for tasks to queue
[2024-10-29T23:40:24.703+0000] {logging_mixin.py:188} INFO - [2024-10-29T23:40:24.703+0000] {dagbag.py:540} INFO - Filling up the DagBag from /home/airflow/.local/lib/python3.8/site-packages/airflow/example_dags/example_sensors.py
[2024-10-29T23:40:24.715+0000] {processor.py:840} INFO - DAG(s) 'example_sensors' retrieved from /home/airflow/.local/lib/python3.8/site-packages/airflow/example_dags/example_sensors.py
[2024-10-29T23:40:24.754+0000] {logging_mixin.py:188} INFO - [2024-10-29T23:40:24.753+0000] {dag.py:3047} INFO - Sync 1 DAGs
[2024-10-29T23:40:24.775+0000] {logging_mixin.py:188} INFO - [2024-10-29T23:40:24.775+0000] {dag.py:3834} INFO - Setting next_dagrun for example_sensors to None, run_after=None
[2024-10-29T23:40:24.802+0000] {processor.py:183} INFO - Processing /home/airflow/.local/lib/python3.8/site-packages/airflow/example_dags/example_sensors.py took 0.106 seconds
[2024-10-29T23:40:55.168+0000] {processor.py:161} INFO - Started process (PID=785) to work on /home/airflow/.local/lib/python3.8/site-packages/airflow/example_dags/example_sensors.py
[2024-10-29T23:40:55.169+0000] {processor.py:830} INFO - Processing file /home/airflow/.local/lib/python3.8/site-packages/airflow/example_dags/example_sensors.py for tasks to queue
[2024-10-29T23:40:55.170+0000] {logging_mixin.py:188} INFO - [2024-10-29T23:40:55.170+0000] {dagbag.py:540} INFO - Filling up the DagBag from /home/airflow/.local/lib/python3.8/site-packages/airflow/example_dags/example_sensors.py
[2024-10-29T23:40:55.182+0000] {processor.py:840} INFO - DAG(s) 'example_sensors' retrieved from /home/airflow/.local/lib/python3.8/site-packages/airflow/example_dags/example_sensors.py
[2024-10-29T23:40:55.207+0000] {logging_mixin.py:188} INFO - [2024-10-29T23:40:55.207+0000] {dag.py:3047} INFO - Sync 1 DAGs
[2024-10-29T23:40:55.218+0000] {logging_mixin.py:188} INFO - [2024-10-29T23:40:55.218+0000] {dag.py:3834} INFO - Setting next_dagrun for example_sensors to None, run_after=None
[2024-10-29T23:40:55.237+0000] {processor.py:183} INFO - Processing /home/airflow/.local/lib/python3.8/site-packages/airflow/example_dags/example_sensors.py took 0.074 seconds
[2024-10-29T23:41:26.124+0000] {processor.py:161} INFO - Started process (PID=841) to work on /home/airflow/.local/lib/python3.8/site-packages/airflow/example_dags/example_sensors.py
[2024-10-29T23:41:26.125+0000] {processor.py:830} INFO - Processing file /home/airflow/.local/lib/python3.8/site-packages/airflow/example_dags/example_sensors.py for tasks to queue
[2024-10-29T23:41:26.127+0000] {logging_mixin.py:188} INFO - [2024-10-29T23:41:26.126+0000] {dagbag.py:540} INFO - Filling up the DagBag from /home/airflow/.local/lib/python3.8/site-packages/airflow/example_dags/example_sensors.py
[2024-10-29T23:41:26.135+0000] {processor.py:840} INFO - DAG(s) 'example_sensors' retrieved from /home/airflow/.local/lib/python3.8/site-packages/airflow/example_dags/example_sensors.py
[2024-10-29T23:41:26.160+0000] {logging_mixin.py:188} INFO - [2024-10-29T23:41:26.160+0000] {dag.py:3047} INFO - Sync 1 DAGs
[2024-10-29T23:41:26.176+0000] {logging_mixin.py:188} INFO - [2024-10-29T23:41:26.176+0000] {dag.py:3834} INFO - Setting next_dagrun for example_sensors to None, run_after=None
[2024-10-29T23:41:26.195+0000] {processor.py:183} INFO - Processing /home/airflow/.local/lib/python3.8/site-packages/airflow/example_dags/example_sensors.py took 0.074 seconds
[2024-10-29T23:41:57.011+0000] {processor.py:161} INFO - Started process (PID=897) to work on /home/airflow/.local/lib/python3.8/site-packages/airflow/example_dags/example_sensors.py
[2024-10-29T23:41:57.013+0000] {processor.py:830} INFO - Processing file /home/airflow/.local/lib/python3.8/site-packages/airflow/example_dags/example_sensors.py for tasks to queue
[2024-10-29T23:41:57.015+0000] {logging_mixin.py:188} INFO - [2024-10-29T23:41:57.015+0000] {dagbag.py:540} INFO - Filling up the DagBag from /home/airflow/.local/lib/python3.8/site-packages/airflow/example_dags/example_sensors.py
[2024-10-29T23:41:57.031+0000] {processor.py:840} INFO - DAG(s) 'example_sensors' retrieved from /home/airflow/.local/lib/python3.8/site-packages/airflow/example_dags/example_sensors.py
[2024-10-29T23:41:57.070+0000] {logging_mixin.py:188} INFO - [2024-10-29T23:41:57.069+0000] {dag.py:3047} INFO - Sync 1 DAGs
[2024-10-29T23:41:57.095+0000] {logging_mixin.py:188} INFO - [2024-10-29T23:41:57.095+0000] {dag.py:3834} INFO - Setting next_dagrun for example_sensors to None, run_after=None
[2024-10-29T23:41:57.128+0000] {processor.py:183} INFO - Processing /home/airflow/.local/lib/python3.8/site-packages/airflow/example_dags/example_sensors.py took 0.122 seconds
[2024-10-29T23:42:27.332+0000] {processor.py:161} INFO - Started process (PID=953) to work on /home/airflow/.local/lib/python3.8/site-packages/airflow/example_dags/example_sensors.py
[2024-10-29T23:42:27.333+0000] {processor.py:830} INFO - Processing file /home/airflow/.local/lib/python3.8/site-packages/airflow/example_dags/example_sensors.py for tasks to queue
[2024-10-29T23:42:27.334+0000] {logging_mixin.py:188} INFO - [2024-10-29T23:42:27.334+0000] {dagbag.py:540} INFO - Filling up the DagBag from /home/airflow/.local/lib/python3.8/site-packages/airflow/example_dags/example_sensors.py
[2024-10-29T23:42:27.341+0000] {processor.py:840} INFO - DAG(s) 'example_sensors' retrieved from /home/airflow/.local/lib/python3.8/site-packages/airflow/example_dags/example_sensors.py
[2024-10-29T23:42:27.366+0000] {logging_mixin.py:188} INFO - [2024-10-29T23:42:27.365+0000] {dag.py:3047} INFO - Sync 1 DAGs
[2024-10-29T23:42:27.377+0000] {logging_mixin.py:188} INFO - [2024-10-29T23:42:27.377+0000] {dag.py:3834} INFO - Setting next_dagrun for example_sensors to None, run_after=None
[2024-10-29T23:42:27.390+0000] {processor.py:183} INFO - Processing /home/airflow/.local/lib/python3.8/site-packages/airflow/example_dags/example_sensors.py took 0.060 seconds
[2024-10-29T23:42:57.809+0000] {processor.py:161} INFO - Started process (PID=1009) to work on /home/airflow/.local/lib/python3.8/site-packages/airflow/example_dags/example_sensors.py
[2024-10-29T23:42:57.810+0000] {processor.py:830} INFO - Processing file /home/airflow/.local/lib/python3.8/site-packages/airflow/example_dags/example_sensors.py for tasks to queue
[2024-10-29T23:42:57.813+0000] {logging_mixin.py:188} INFO - [2024-10-29T23:42:57.813+0000] {dagbag.py:540} INFO - Filling up the DagBag from /home/airflow/.local/lib/python3.8/site-packages/airflow/example_dags/example_sensors.py
[2024-10-29T23:42:57.827+0000] {processor.py:840} INFO - DAG(s) 'example_sensors' retrieved from /home/airflow/.local/lib/python3.8/site-packages/airflow/example_dags/example_sensors.py
[2024-10-29T23:42:57.921+0000] {logging_mixin.py:188} INFO - [2024-10-29T23:42:57.920+0000] {dag.py:3047} INFO - Sync 1 DAGs
[2024-10-29T23:42:57.960+0000] {logging_mixin.py:188} INFO - [2024-10-29T23:42:57.959+0000] {dag.py:3834} INFO - Setting next_dagrun for example_sensors to None, run_after=None
[2024-10-29T23:42:58.024+0000] {processor.py:183} INFO - Processing /home/airflow/.local/lib/python3.8/site-packages/airflow/example_dags/example_sensors.py took 0.220 seconds
[2024-10-29T23:43:28.099+0000] {processor.py:161} INFO - Started process (PID=1065) to work on /home/airflow/.local/lib/python3.8/site-packages/airflow/example_dags/example_sensors.py
[2024-10-29T23:43:28.100+0000] {processor.py:830} INFO - Processing file /home/airflow/.local/lib/python3.8/site-packages/airflow/example_dags/example_sensors.py for tasks to queue
[2024-10-29T23:43:28.101+0000] {logging_mixin.py:188} INFO - [2024-10-29T23:43:28.101+0000] {dagbag.py:540} INFO - Filling up the DagBag from /home/airflow/.local/lib/python3.8/site-packages/airflow/example_dags/example_sensors.py
[2024-10-29T23:43:28.111+0000] {processor.py:840} INFO - DAG(s) 'example_sensors' retrieved from /home/airflow/.local/lib/python3.8/site-packages/airflow/example_dags/example_sensors.py
[2024-10-29T23:43:28.134+0000] {logging_mixin.py:188} INFO - [2024-10-29T23:43:28.134+0000] {dag.py:3047} INFO - Sync 1 DAGs
[2024-10-29T23:43:28.144+0000] {logging_mixin.py:188} INFO - [2024-10-29T23:43:28.144+0000] {dag.py:3834} INFO - Setting next_dagrun for example_sensors to None, run_after=None
[2024-10-29T23:43:28.159+0000] {processor.py:183} INFO - Processing /home/airflow/.local/lib/python3.8/site-packages/airflow/example_dags/example_sensors.py took 0.063 seconds
[2024-10-29T23:43:58.329+0000] {processor.py:161} INFO - Started process (PID=1121) to work on /home/airflow/.local/lib/python3.8/site-packages/airflow/example_dags/example_sensors.py
[2024-10-29T23:43:58.330+0000] {processor.py:830} INFO - Processing file /home/airflow/.local/lib/python3.8/site-packages/airflow/example_dags/example_sensors.py for tasks to queue
[2024-10-29T23:43:58.332+0000] {logging_mixin.py:188} INFO - [2024-10-29T23:43:58.331+0000] {dagbag.py:540} INFO - Filling up the DagBag from /home/airflow/.local/lib/python3.8/site-packages/airflow/example_dags/example_sensors.py
[2024-10-29T23:43:58.341+0000] {processor.py:840} INFO - DAG(s) 'example_sensors' retrieved from /home/airflow/.local/lib/python3.8/site-packages/airflow/example_dags/example_sensors.py
[2024-10-29T23:43:58.376+0000] {logging_mixin.py:188} INFO - [2024-10-29T23:43:58.375+0000] {dag.py:3047} INFO - Sync 1 DAGs
[2024-10-29T23:43:58.396+0000] {logging_mixin.py:188} INFO - [2024-10-29T23:43:58.396+0000] {dag.py:3834} INFO - Setting next_dagrun for example_sensors to None, run_after=None
[2024-10-29T23:43:58.420+0000] {processor.py:183} INFO - Processing /home/airflow/.local/lib/python3.8/site-packages/airflow/example_dags/example_sensors.py took 0.095 seconds
[2024-10-29T23:44:28.701+0000] {processor.py:161} INFO - Started process (PID=1177) to work on /home/airflow/.local/lib/python3.8/site-packages/airflow/example_dags/example_sensors.py
[2024-10-29T23:44:28.702+0000] {processor.py:830} INFO - Processing file /home/airflow/.local/lib/python3.8/site-packages/airflow/example_dags/example_sensors.py for tasks to queue
[2024-10-29T23:44:28.704+0000] {logging_mixin.py:188} INFO - [2024-10-29T23:44:28.704+0000] {dagbag.py:540} INFO - Filling up the DagBag from /home/airflow/.local/lib/python3.8/site-packages/airflow/example_dags/example_sensors.py
[2024-10-29T23:44:28.715+0000] {processor.py:840} INFO - DAG(s) 'example_sensors' retrieved from /home/airflow/.local/lib/python3.8/site-packages/airflow/example_dags/example_sensors.py
[2024-10-29T23:44:28.743+0000] {logging_mixin.py:188} INFO - [2024-10-29T23:44:28.743+0000] {dag.py:3047} INFO - Sync 1 DAGs
[2024-10-29T23:44:28.758+0000] {logging_mixin.py:188} INFO - [2024-10-29T23:44:28.757+0000] {dag.py:3834} INFO - Setting next_dagrun for example_sensors to None, run_after=None
[2024-10-29T23:44:28.778+0000] {processor.py:183} INFO - Processing /home/airflow/.local/lib/python3.8/site-packages/airflow/example_dags/example_sensors.py took 0.080 seconds
[2024-10-29T23:44:58.980+0000] {processor.py:161} INFO - Started process (PID=1233) to work on /home/airflow/.local/lib/python3.8/site-packages/airflow/example_dags/example_sensors.py
[2024-10-29T23:44:58.981+0000] {processor.py:830} INFO - Processing file /home/airflow/.local/lib/python3.8/site-packages/airflow/example_dags/example_sensors.py for tasks to queue
[2024-10-29T23:44:58.982+0000] {logging_mixin.py:188} INFO - [2024-10-29T23:44:58.982+0000] {dagbag.py:540} INFO - Filling up the DagBag from /home/airflow/.local/lib/python3.8/site-packages/airflow/example_dags/example_sensors.py
[2024-10-29T23:44:58.991+0000] {processor.py:840} INFO - DAG(s) 'example_sensors' retrieved from /home/airflow/.local/lib/python3.8/site-packages/airflow/example_dags/example_sensors.py
[2024-10-29T23:44:59.021+0000] {logging_mixin.py:188} INFO - [2024-10-29T23:44:59.021+0000] {dag.py:3047} INFO - Sync 1 DAGs
[2024-10-29T23:44:59.039+0000] {logging_mixin.py:188} INFO - [2024-10-29T23:44:59.039+0000] {dag.py:3834} INFO - Setting next_dagrun for example_sensors to None, run_after=None
[2024-10-29T23:44:59.063+0000] {processor.py:183} INFO - Processing /home/airflow/.local/lib/python3.8/site-packages/airflow/example_dags/example_sensors.py took 0.086 seconds
[2024-10-29T23:45:29.311+0000] {processor.py:161} INFO - Started process (PID=1289) to work on /home/airflow/.local/lib/python3.8/site-packages/airflow/example_dags/example_sensors.py
[2024-10-29T23:45:29.313+0000] {processor.py:830} INFO - Processing file /home/airflow/.local/lib/python3.8/site-packages/airflow/example_dags/example_sensors.py for tasks to queue
[2024-10-29T23:45:29.316+0000] {logging_mixin.py:188} INFO - [2024-10-29T23:45:29.315+0000] {dagbag.py:540} INFO - Filling up the DagBag from /home/airflow/.local/lib/python3.8/site-packages/airflow/example_dags/example_sensors.py
[2024-10-29T23:45:29.331+0000] {processor.py:840} INFO - DAG(s) 'example_sensors' retrieved from /home/airflow/.local/lib/python3.8/site-packages/airflow/example_dags/example_sensors.py
[2024-10-29T23:45:29.374+0000] {logging_mixin.py:188} INFO - [2024-10-29T23:45:29.373+0000] {dag.py:3047} INFO - Sync 1 DAGs
[2024-10-29T23:45:29.396+0000] {logging_mixin.py:188} INFO - [2024-10-29T23:45:29.396+0000] {dag.py:3834} INFO - Setting next_dagrun for example_sensors to None, run_after=None
[2024-10-29T23:45:29.426+0000] {processor.py:183} INFO - Processing /home/airflow/.local/lib/python3.8/site-packages/airflow/example_dags/example_sensors.py took 0.119 seconds
[2024-10-29T23:45:59.788+0000] {processor.py:161} INFO - Started process (PID=1345) to work on /home/airflow/.local/lib/python3.8/site-packages/airflow/example_dags/example_sensors.py
[2024-10-29T23:45:59.789+0000] {processor.py:830} INFO - Processing file /home/airflow/.local/lib/python3.8/site-packages/airflow/example_dags/example_sensors.py for tasks to queue
[2024-10-29T23:45:59.792+0000] {logging_mixin.py:188} INFO - [2024-10-29T23:45:59.791+0000] {dagbag.py:540} INFO - Filling up the DagBag from /home/airflow/.local/lib/python3.8/site-packages/airflow/example_dags/example_sensors.py
[2024-10-29T23:45:59.805+0000] {processor.py:840} INFO - DAG(s) 'example_sensors' retrieved from /home/airflow/.local/lib/python3.8/site-packages/airflow/example_dags/example_sensors.py
[2024-10-29T23:45:59.848+0000] {logging_mixin.py:188} INFO - [2024-10-29T23:45:59.847+0000] {dag.py:3047} INFO - Sync 1 DAGs
[2024-10-29T23:45:59.867+0000] {logging_mixin.py:188} INFO - [2024-10-29T23:45:59.867+0000] {dag.py:3834} INFO - Setting next_dagrun for example_sensors to None, run_after=None
[2024-10-29T23:45:59.894+0000] {processor.py:183} INFO - Processing /home/airflow/.local/lib/python3.8/site-packages/airflow/example_dags/example_sensors.py took 0.110 seconds
[2024-10-29T23:46:30.022+0000] {processor.py:161} INFO - Started process (PID=1401) to work on /home/airflow/.local/lib/python3.8/site-packages/airflow/example_dags/example_sensors.py
[2024-10-29T23:46:30.023+0000] {processor.py:830} INFO - Processing file /home/airflow/.local/lib/python3.8/site-packages/airflow/example_dags/example_sensors.py for tasks to queue
[2024-10-29T23:46:30.024+0000] {logging_mixin.py:188} INFO - [2024-10-29T23:46:30.024+0000] {dagbag.py:540} INFO - Filling up the DagBag from /home/airflow/.local/lib/python3.8/site-packages/airflow/example_dags/example_sensors.py
[2024-10-29T23:46:30.040+0000] {processor.py:840} INFO - DAG(s) 'example_sensors' retrieved from /home/airflow/.local/lib/python3.8/site-packages/airflow/example_dags/example_sensors.py
[2024-10-29T23:46:30.113+0000] {logging_mixin.py:188} INFO - [2024-10-29T23:46:30.112+0000] {dag.py:3047} INFO - Sync 1 DAGs
[2024-10-29T23:46:30.143+0000] {logging_mixin.py:188} INFO - [2024-10-29T23:46:30.143+0000] {dag.py:3834} INFO - Setting next_dagrun for example_sensors to None, run_after=None
[2024-10-29T23:46:30.173+0000] {processor.py:183} INFO - Processing /home/airflow/.local/lib/python3.8/site-packages/airflow/example_dags/example_sensors.py took 0.153 seconds
[2024-10-29T23:47:00.279+0000] {processor.py:161} INFO - Started process (PID=1457) to work on /home/airflow/.local/lib/python3.8/site-packages/airflow/example_dags/example_sensors.py
[2024-10-29T23:47:00.280+0000] {processor.py:830} INFO - Processing file /home/airflow/.local/lib/python3.8/site-packages/airflow/example_dags/example_sensors.py for tasks to queue
[2024-10-29T23:47:00.283+0000] {logging_mixin.py:188} INFO - [2024-10-29T23:47:00.282+0000] {dagbag.py:540} INFO - Filling up the DagBag from /home/airflow/.local/lib/python3.8/site-packages/airflow/example_dags/example_sensors.py
[2024-10-29T23:47:00.293+0000] {processor.py:840} INFO - DAG(s) 'example_sensors' retrieved from /home/airflow/.local/lib/python3.8/site-packages/airflow/example_dags/example_sensors.py
[2024-10-29T23:47:00.316+0000] {logging_mixin.py:188} INFO - [2024-10-29T23:47:00.315+0000] {dag.py:3047} INFO - Sync 1 DAGs
[2024-10-29T23:47:00.330+0000] {logging_mixin.py:188} INFO - [2024-10-29T23:47:00.330+0000] {dag.py:3834} INFO - Setting next_dagrun for example_sensors to None, run_after=None
[2024-10-29T23:47:00.351+0000] {processor.py:183} INFO - Processing /home/airflow/.local/lib/python3.8/site-packages/airflow/example_dags/example_sensors.py took 0.074 seconds
[2024-10-29T23:47:31.289+0000] {processor.py:161} INFO - Started process (PID=1519) to work on /home/airflow/.local/lib/python3.8/site-packages/airflow/example_dags/example_sensors.py
[2024-10-29T23:47:31.290+0000] {processor.py:830} INFO - Processing file /home/airflow/.local/lib/python3.8/site-packages/airflow/example_dags/example_sensors.py for tasks to queue
[2024-10-29T23:47:31.291+0000] {logging_mixin.py:188} INFO - [2024-10-29T23:47:31.291+0000] {dagbag.py:540} INFO - Filling up the DagBag from /home/airflow/.local/lib/python3.8/site-packages/airflow/example_dags/example_sensors.py
[2024-10-29T23:47:31.299+0000] {processor.py:840} INFO - DAG(s) 'example_sensors' retrieved from /home/airflow/.local/lib/python3.8/site-packages/airflow/example_dags/example_sensors.py
[2024-10-29T23:47:31.320+0000] {logging_mixin.py:188} INFO - [2024-10-29T23:47:31.320+0000] {dag.py:3047} INFO - Sync 1 DAGs
[2024-10-29T23:47:31.334+0000] {logging_mixin.py:188} INFO - [2024-10-29T23:47:31.334+0000] {dag.py:3834} INFO - Setting next_dagrun for example_sensors to None, run_after=None
[2024-10-29T23:47:31.358+0000] {processor.py:183} INFO - Processing /home/airflow/.local/lib/python3.8/site-packages/airflow/example_dags/example_sensors.py took 0.071 seconds
[2024-10-29T23:48:01.545+0000] {processor.py:161} INFO - Started process (PID=1575) to work on /home/airflow/.local/lib/python3.8/site-packages/airflow/example_dags/example_sensors.py
[2024-10-29T23:48:01.546+0000] {processor.py:830} INFO - Processing file /home/airflow/.local/lib/python3.8/site-packages/airflow/example_dags/example_sensors.py for tasks to queue
[2024-10-29T23:48:01.549+0000] {logging_mixin.py:188} INFO - [2024-10-29T23:48:01.548+0000] {dagbag.py:540} INFO - Filling up the DagBag from /home/airflow/.local/lib/python3.8/site-packages/airflow/example_dags/example_sensors.py
[2024-10-29T23:48:01.563+0000] {processor.py:840} INFO - DAG(s) 'example_sensors' retrieved from /home/airflow/.local/lib/python3.8/site-packages/airflow/example_dags/example_sensors.py
[2024-10-29T23:48:01.601+0000] {logging_mixin.py:188} INFO - [2024-10-29T23:48:01.601+0000] {dag.py:3047} INFO - Sync 1 DAGs
[2024-10-29T23:48:01.621+0000] {logging_mixin.py:188} INFO - [2024-10-29T23:48:01.621+0000] {dag.py:3834} INFO - Setting next_dagrun for example_sensors to None, run_after=None
[2024-10-29T23:48:01.645+0000] {processor.py:183} INFO - Processing /home/airflow/.local/lib/python3.8/site-packages/airflow/example_dags/example_sensors.py took 0.104 seconds
[2024-10-29T23:48:31.713+0000] {processor.py:161} INFO - Started process (PID=1631) to work on /home/airflow/.local/lib/python3.8/site-packages/airflow/example_dags/example_sensors.py
[2024-10-29T23:48:31.714+0000] {processor.py:830} INFO - Processing file /home/airflow/.local/lib/python3.8/site-packages/airflow/example_dags/example_sensors.py for tasks to queue
[2024-10-29T23:48:31.715+0000] {logging_mixin.py:188} INFO - [2024-10-29T23:48:31.715+0000] {dagbag.py:540} INFO - Filling up the DagBag from /home/airflow/.local/lib/python3.8/site-packages/airflow/example_dags/example_sensors.py
[2024-10-29T23:48:31.724+0000] {processor.py:840} INFO - DAG(s) 'example_sensors' retrieved from /home/airflow/.local/lib/python3.8/site-packages/airflow/example_dags/example_sensors.py
[2024-10-29T23:48:31.747+0000] {logging_mixin.py:188} INFO - [2024-10-29T23:48:31.746+0000] {dag.py:3047} INFO - Sync 1 DAGs
[2024-10-29T23:48:31.769+0000] {logging_mixin.py:188} INFO - [2024-10-29T23:48:31.769+0000] {dag.py:3834} INFO - Setting next_dagrun for example_sensors to None, run_after=None
[2024-10-29T23:48:31.786+0000] {processor.py:183} INFO - Processing /home/airflow/.local/lib/python3.8/site-packages/airflow/example_dags/example_sensors.py took 0.075 seconds
[2024-10-29T23:49:02.053+0000] {processor.py:161} INFO - Started process (PID=1687) to work on /home/airflow/.local/lib/python3.8/site-packages/airflow/example_dags/example_sensors.py
[2024-10-29T23:49:02.054+0000] {processor.py:830} INFO - Processing file /home/airflow/.local/lib/python3.8/site-packages/airflow/example_dags/example_sensors.py for tasks to queue
[2024-10-29T23:49:02.055+0000] {logging_mixin.py:188} INFO - [2024-10-29T23:49:02.055+0000] {dagbag.py:540} INFO - Filling up the DagBag from /home/airflow/.local/lib/python3.8/site-packages/airflow/example_dags/example_sensors.py
[2024-10-29T23:49:02.066+0000] {processor.py:840} INFO - DAG(s) 'example_sensors' retrieved from /home/airflow/.local/lib/python3.8/site-packages/airflow/example_dags/example_sensors.py
[2024-10-29T23:49:02.093+0000] {logging_mixin.py:188} INFO - [2024-10-29T23:49:02.093+0000] {dag.py:3047} INFO - Sync 1 DAGs
[2024-10-29T23:49:02.106+0000] {logging_mixin.py:188} INFO - [2024-10-29T23:49:02.106+0000] {dag.py:3834} INFO - Setting next_dagrun for example_sensors to None, run_after=None
[2024-10-29T23:49:02.128+0000] {processor.py:183} INFO - Processing /home/airflow/.local/lib/python3.8/site-packages/airflow/example_dags/example_sensors.py took 0.078 seconds
[2024-10-29T23:49:32.556+0000] {processor.py:161} INFO - Started process (PID=1743) to work on /home/airflow/.local/lib/python3.8/site-packages/airflow/example_dags/example_sensors.py
[2024-10-29T23:49:32.558+0000] {processor.py:830} INFO - Processing file /home/airflow/.local/lib/python3.8/site-packages/airflow/example_dags/example_sensors.py for tasks to queue
[2024-10-29T23:49:32.559+0000] {logging_mixin.py:188} INFO - [2024-10-29T23:49:32.559+0000] {dagbag.py:540} INFO - Filling up the DagBag from /home/airflow/.local/lib/python3.8/site-packages/airflow/example_dags/example_sensors.py
[2024-10-29T23:49:32.568+0000] {processor.py:840} INFO - DAG(s) 'example_sensors' retrieved from /home/airflow/.local/lib/python3.8/site-packages/airflow/example_dags/example_sensors.py
[2024-10-29T23:49:32.597+0000] {logging_mixin.py:188} INFO - [2024-10-29T23:49:32.597+0000] {dag.py:3047} INFO - Sync 1 DAGs
[2024-10-29T23:49:32.611+0000] {logging_mixin.py:188} INFO - [2024-10-29T23:49:32.611+0000] {dag.py:3834} INFO - Setting next_dagrun for example_sensors to None, run_after=None
[2024-10-29T23:49:32.630+0000] {processor.py:183} INFO - Processing /home/airflow/.local/lib/python3.8/site-packages/airflow/example_dags/example_sensors.py took 0.077 seconds
[2024-10-29T23:50:03.648+0000] {processor.py:161} INFO - Started process (PID=1799) to work on /home/airflow/.local/lib/python3.8/site-packages/airflow/example_dags/example_sensors.py
[2024-10-29T23:50:03.649+0000] {processor.py:830} INFO - Processing file /home/airflow/.local/lib/python3.8/site-packages/airflow/example_dags/example_sensors.py for tasks to queue
[2024-10-29T23:50:03.650+0000] {logging_mixin.py:188} INFO - [2024-10-29T23:50:03.650+0000] {dagbag.py:540} INFO - Filling up the DagBag from /home/airflow/.local/lib/python3.8/site-packages/airflow/example_dags/example_sensors.py
[2024-10-29T23:50:03.658+0000] {processor.py:840} INFO - DAG(s) 'example_sensors' retrieved from /home/airflow/.local/lib/python3.8/site-packages/airflow/example_dags/example_sensors.py
[2024-10-29T23:50:03.681+0000] {logging_mixin.py:188} INFO - [2024-10-29T23:50:03.680+0000] {dag.py:3047} INFO - Sync 1 DAGs
[2024-10-29T23:50:03.692+0000] {logging_mixin.py:188} INFO - [2024-10-29T23:50:03.692+0000] {dag.py:3834} INFO - Setting next_dagrun for example_sensors to None, run_after=None
[2024-10-29T23:50:03.709+0000] {processor.py:183} INFO - Processing /home/airflow/.local/lib/python3.8/site-packages/airflow/example_dags/example_sensors.py took 0.064 seconds
[2024-10-29T23:50:34.037+0000] {processor.py:161} INFO - Started process (PID=1855) to work on /home/airflow/.local/lib/python3.8/site-packages/airflow/example_dags/example_sensors.py
[2024-10-29T23:50:34.039+0000] {processor.py:830} INFO - Processing file /home/airflow/.local/lib/python3.8/site-packages/airflow/example_dags/example_sensors.py for tasks to queue
[2024-10-29T23:50:34.041+0000] {logging_mixin.py:188} INFO - [2024-10-29T23:50:34.040+0000] {dagbag.py:540} INFO - Filling up the DagBag from /home/airflow/.local/lib/python3.8/site-packages/airflow/example_dags/example_sensors.py
[2024-10-29T23:50:34.050+0000] {processor.py:840} INFO - DAG(s) 'example_sensors' retrieved from /home/airflow/.local/lib/python3.8/site-packages/airflow/example_dags/example_sensors.py
[2024-10-29T23:50:34.078+0000] {logging_mixin.py:188} INFO - [2024-10-29T23:50:34.077+0000] {dag.py:3047} INFO - Sync 1 DAGs
[2024-10-29T23:50:34.093+0000] {logging_mixin.py:188} INFO - [2024-10-29T23:50:34.093+0000] {dag.py:3834} INFO - Setting next_dagrun for example_sensors to None, run_after=None
[2024-10-29T23:50:34.121+0000] {processor.py:183} INFO - Processing /home/airflow/.local/lib/python3.8/site-packages/airflow/example_dags/example_sensors.py took 0.086 seconds
[2024-10-29T23:51:05.046+0000] {processor.py:161} INFO - Started process (PID=1911) to work on /home/airflow/.local/lib/python3.8/site-packages/airflow/example_dags/example_sensors.py
[2024-10-29T23:51:05.046+0000] {processor.py:830} INFO - Processing file /home/airflow/.local/lib/python3.8/site-packages/airflow/example_dags/example_sensors.py for tasks to queue
[2024-10-29T23:51:05.048+0000] {logging_mixin.py:188} INFO - [2024-10-29T23:51:05.047+0000] {dagbag.py:540} INFO - Filling up the DagBag from /home/airflow/.local/lib/python3.8/site-packages/airflow/example_dags/example_sensors.py
[2024-10-29T23:51:05.056+0000] {processor.py:840} INFO - DAG(s) 'example_sensors' retrieved from /home/airflow/.local/lib/python3.8/site-packages/airflow/example_dags/example_sensors.py
[2024-10-29T23:51:05.080+0000] {logging_mixin.py:188} INFO - [2024-10-29T23:51:05.080+0000] {dag.py:3047} INFO - Sync 1 DAGs
[2024-10-29T23:51:05.093+0000] {logging_mixin.py:188} INFO - [2024-10-29T23:51:05.092+0000] {dag.py:3834} INFO - Setting next_dagrun for example_sensors to None, run_after=None
[2024-10-29T23:51:05.112+0000] {processor.py:183} INFO - Processing /home/airflow/.local/lib/python3.8/site-packages/airflow/example_dags/example_sensors.py took 0.069 seconds
[2024-10-29T23:51:35.278+0000] {processor.py:161} INFO - Started process (PID=1966) to work on /home/airflow/.local/lib/python3.8/site-packages/airflow/example_dags/example_sensors.py
[2024-10-29T23:51:35.279+0000] {processor.py:830} INFO - Processing file /home/airflow/.local/lib/python3.8/site-packages/airflow/example_dags/example_sensors.py for tasks to queue
[2024-10-29T23:51:35.281+0000] {logging_mixin.py:188} INFO - [2024-10-29T23:51:35.280+0000] {dagbag.py:540} INFO - Filling up the DagBag from /home/airflow/.local/lib/python3.8/site-packages/airflow/example_dags/example_sensors.py
[2024-10-29T23:51:35.291+0000] {processor.py:840} INFO - DAG(s) 'example_sensors' retrieved from /home/airflow/.local/lib/python3.8/site-packages/airflow/example_dags/example_sensors.py
[2024-10-29T23:51:35.325+0000] {logging_mixin.py:188} INFO - [2024-10-29T23:51:35.324+0000] {dag.py:3047} INFO - Sync 1 DAGs
[2024-10-29T23:51:35.341+0000] {logging_mixin.py:188} INFO - [2024-10-29T23:51:35.341+0000] {dag.py:3834} INFO - Setting next_dagrun for example_sensors to None, run_after=None
[2024-10-29T23:51:35.361+0000] {processor.py:183} INFO - Processing /home/airflow/.local/lib/python3.8/site-packages/airflow/example_dags/example_sensors.py took 0.086 seconds
[2024-10-29T23:52:05.696+0000] {processor.py:161} INFO - Started process (PID=2022) to work on /home/airflow/.local/lib/python3.8/site-packages/airflow/example_dags/example_sensors.py
[2024-10-29T23:52:05.697+0000] {processor.py:830} INFO - Processing file /home/airflow/.local/lib/python3.8/site-packages/airflow/example_dags/example_sensors.py for tasks to queue
[2024-10-29T23:52:05.699+0000] {logging_mixin.py:188} INFO - [2024-10-29T23:52:05.698+0000] {dagbag.py:540} INFO - Filling up the DagBag from /home/airflow/.local/lib/python3.8/site-packages/airflow/example_dags/example_sensors.py
[2024-10-29T23:52:05.706+0000] {processor.py:840} INFO - DAG(s) 'example_sensors' retrieved from /home/airflow/.local/lib/python3.8/site-packages/airflow/example_dags/example_sensors.py
[2024-10-29T23:52:05.726+0000] {logging_mixin.py:188} INFO - [2024-10-29T23:52:05.726+0000] {dag.py:3047} INFO - Sync 1 DAGs
[2024-10-29T23:52:05.736+0000] {logging_mixin.py:188} INFO - [2024-10-29T23:52:05.736+0000] {dag.py:3834} INFO - Setting next_dagrun for example_sensors to None, run_after=None
[2024-10-29T23:52:05.751+0000] {processor.py:183} INFO - Processing /home/airflow/.local/lib/python3.8/site-packages/airflow/example_dags/example_sensors.py took 0.058 seconds
[2024-10-29T23:52:36.704+0000] {processor.py:161} INFO - Started process (PID=2078) to work on /home/airflow/.local/lib/python3.8/site-packages/airflow/example_dags/example_sensors.py
[2024-10-29T23:52:36.705+0000] {processor.py:830} INFO - Processing file /home/airflow/.local/lib/python3.8/site-packages/airflow/example_dags/example_sensors.py for tasks to queue
[2024-10-29T23:52:36.707+0000] {logging_mixin.py:188} INFO - [2024-10-29T23:52:36.707+0000] {dagbag.py:540} INFO - Filling up the DagBag from /home/airflow/.local/lib/python3.8/site-packages/airflow/example_dags/example_sensors.py
[2024-10-29T23:52:36.718+0000] {processor.py:840} INFO - DAG(s) 'example_sensors' retrieved from /home/airflow/.local/lib/python3.8/site-packages/airflow/example_dags/example_sensors.py
[2024-10-29T23:52:36.760+0000] {logging_mixin.py:188} INFO - [2024-10-29T23:52:36.759+0000] {dag.py:3047} INFO - Sync 1 DAGs
[2024-10-29T23:52:36.777+0000] {logging_mixin.py:188} INFO - [2024-10-29T23:52:36.777+0000] {dag.py:3834} INFO - Setting next_dagrun for example_sensors to None, run_after=None
[2024-10-29T23:52:36.801+0000] {processor.py:183} INFO - Processing /home/airflow/.local/lib/python3.8/site-packages/airflow/example_dags/example_sensors.py took 0.104 seconds
[2024-10-29T23:53:07.538+0000] {processor.py:161} INFO - Started process (PID=2134) to work on /home/airflow/.local/lib/python3.8/site-packages/airflow/example_dags/example_sensors.py
[2024-10-29T23:53:07.539+0000] {processor.py:830} INFO - Processing file /home/airflow/.local/lib/python3.8/site-packages/airflow/example_dags/example_sensors.py for tasks to queue
[2024-10-29T23:53:07.541+0000] {logging_mixin.py:188} INFO - [2024-10-29T23:53:07.541+0000] {dagbag.py:540} INFO - Filling up the DagBag from /home/airflow/.local/lib/python3.8/site-packages/airflow/example_dags/example_sensors.py
[2024-10-29T23:53:07.549+0000] {processor.py:840} INFO - DAG(s) 'example_sensors' retrieved from /home/airflow/.local/lib/python3.8/site-packages/airflow/example_dags/example_sensors.py
[2024-10-29T23:53:07.571+0000] {logging_mixin.py:188} INFO - [2024-10-29T23:53:07.571+0000] {dag.py:3047} INFO - Sync 1 DAGs
[2024-10-29T23:53:07.584+0000] {logging_mixin.py:188} INFO - [2024-10-29T23:53:07.583+0000] {dag.py:3834} INFO - Setting next_dagrun for example_sensors to None, run_after=None
[2024-10-29T23:53:07.602+0000] {processor.py:183} INFO - Processing /home/airflow/.local/lib/python3.8/site-packages/airflow/example_dags/example_sensors.py took 0.067 seconds
[2024-10-29T23:53:38.324+0000] {processor.py:161} INFO - Started process (PID=2190) to work on /home/airflow/.local/lib/python3.8/site-packages/airflow/example_dags/example_sensors.py
[2024-10-29T23:53:38.325+0000] {processor.py:830} INFO - Processing file /home/airflow/.local/lib/python3.8/site-packages/airflow/example_dags/example_sensors.py for tasks to queue
[2024-10-29T23:53:38.327+0000] {logging_mixin.py:188} INFO - [2024-10-29T23:53:38.326+0000] {dagbag.py:540} INFO - Filling up the DagBag from /home/airflow/.local/lib/python3.8/site-packages/airflow/example_dags/example_sensors.py
[2024-10-29T23:53:38.334+0000] {processor.py:840} INFO - DAG(s) 'example_sensors' retrieved from /home/airflow/.local/lib/python3.8/site-packages/airflow/example_dags/example_sensors.py
[2024-10-29T23:53:38.357+0000] {logging_mixin.py:188} INFO - [2024-10-29T23:53:38.357+0000] {dag.py:3047} INFO - Sync 1 DAGs
[2024-10-29T23:53:38.368+0000] {logging_mixin.py:188} INFO - [2024-10-29T23:53:38.368+0000] {dag.py:3834} INFO - Setting next_dagrun for example_sensors to None, run_after=None
[2024-10-29T23:53:38.385+0000] {processor.py:183} INFO - Processing /home/airflow/.local/lib/python3.8/site-packages/airflow/example_dags/example_sensors.py took 0.065 seconds
[2024-10-29T23:54:09.092+0000] {processor.py:161} INFO - Started process (PID=2246) to work on /home/airflow/.local/lib/python3.8/site-packages/airflow/example_dags/example_sensors.py
[2024-10-29T23:54:09.093+0000] {processor.py:830} INFO - Processing file /home/airflow/.local/lib/python3.8/site-packages/airflow/example_dags/example_sensors.py for tasks to queue
[2024-10-29T23:54:09.094+0000] {logging_mixin.py:188} INFO - [2024-10-29T23:54:09.094+0000] {dagbag.py:540} INFO - Filling up the DagBag from /home/airflow/.local/lib/python3.8/site-packages/airflow/example_dags/example_sensors.py
[2024-10-29T23:54:09.102+0000] {processor.py:840} INFO - DAG(s) 'example_sensors' retrieved from /home/airflow/.local/lib/python3.8/site-packages/airflow/example_dags/example_sensors.py
[2024-10-29T23:54:09.124+0000] {logging_mixin.py:188} INFO - [2024-10-29T23:54:09.124+0000] {dag.py:3047} INFO - Sync 1 DAGs
[2024-10-29T23:54:09.135+0000] {logging_mixin.py:188} INFO - [2024-10-29T23:54:09.135+0000] {dag.py:3834} INFO - Setting next_dagrun for example_sensors to None, run_after=None
[2024-10-29T23:54:09.151+0000] {processor.py:183} INFO - Processing /home/airflow/.local/lib/python3.8/site-packages/airflow/example_dags/example_sensors.py took 0.062 seconds
[2024-10-29T23:54:39.485+0000] {processor.py:161} INFO - Started process (PID=2302) to work on /home/airflow/.local/lib/python3.8/site-packages/airflow/example_dags/example_sensors.py
[2024-10-29T23:54:39.486+0000] {processor.py:830} INFO - Processing file /home/airflow/.local/lib/python3.8/site-packages/airflow/example_dags/example_sensors.py for tasks to queue
[2024-10-29T23:54:39.487+0000] {logging_mixin.py:188} INFO - [2024-10-29T23:54:39.487+0000] {dagbag.py:540} INFO - Filling up the DagBag from /home/airflow/.local/lib/python3.8/site-packages/airflow/example_dags/example_sensors.py
[2024-10-29T23:54:39.495+0000] {processor.py:840} INFO - DAG(s) 'example_sensors' retrieved from /home/airflow/.local/lib/python3.8/site-packages/airflow/example_dags/example_sensors.py
[2024-10-29T23:54:39.517+0000] {logging_mixin.py:188} INFO - [2024-10-29T23:54:39.517+0000] {dag.py:3047} INFO - Sync 1 DAGs
[2024-10-29T23:54:39.530+0000] {logging_mixin.py:188} INFO - [2024-10-29T23:54:39.530+0000] {dag.py:3834} INFO - Setting next_dagrun for example_sensors to None, run_after=None
[2024-10-29T23:54:39.549+0000] {processor.py:183} INFO - Processing /home/airflow/.local/lib/python3.8/site-packages/airflow/example_dags/example_sensors.py took 0.066 seconds
[2024-10-29T23:55:10.153+0000] {processor.py:161} INFO - Started process (PID=2358) to work on /home/airflow/.local/lib/python3.8/site-packages/airflow/example_dags/example_sensors.py
[2024-10-29T23:55:10.155+0000] {processor.py:830} INFO - Processing file /home/airflow/.local/lib/python3.8/site-packages/airflow/example_dags/example_sensors.py for tasks to queue
[2024-10-29T23:55:10.159+0000] {logging_mixin.py:188} INFO - [2024-10-29T23:55:10.158+0000] {dagbag.py:540} INFO - Filling up the DagBag from /home/airflow/.local/lib/python3.8/site-packages/airflow/example_dags/example_sensors.py
[2024-10-29T23:55:10.175+0000] {processor.py:840} INFO - DAG(s) 'example_sensors' retrieved from /home/airflow/.local/lib/python3.8/site-packages/airflow/example_dags/example_sensors.py
[2024-10-29T23:55:10.217+0000] {logging_mixin.py:188} INFO - [2024-10-29T23:55:10.216+0000] {dag.py:3047} INFO - Sync 1 DAGs
[2024-10-29T23:55:10.240+0000] {logging_mixin.py:188} INFO - [2024-10-29T23:55:10.239+0000] {dag.py:3834} INFO - Setting next_dagrun for example_sensors to None, run_after=None
[2024-10-29T23:55:10.270+0000] {processor.py:183} INFO - Processing /home/airflow/.local/lib/python3.8/site-packages/airflow/example_dags/example_sensors.py took 0.120 seconds
[2024-10-29T23:55:40.578+0000] {processor.py:161} INFO - Started process (PID=2414) to work on /home/airflow/.local/lib/python3.8/site-packages/airflow/example_dags/example_sensors.py
[2024-10-29T23:55:40.579+0000] {processor.py:830} INFO - Processing file /home/airflow/.local/lib/python3.8/site-packages/airflow/example_dags/example_sensors.py for tasks to queue
[2024-10-29T23:55:40.581+0000] {logging_mixin.py:188} INFO - [2024-10-29T23:55:40.581+0000] {dagbag.py:540} INFO - Filling up the DagBag from /home/airflow/.local/lib/python3.8/site-packages/airflow/example_dags/example_sensors.py
[2024-10-29T23:55:40.594+0000] {processor.py:840} INFO - DAG(s) 'example_sensors' retrieved from /home/airflow/.local/lib/python3.8/site-packages/airflow/example_dags/example_sensors.py
[2024-10-29T23:55:40.629+0000] {logging_mixin.py:188} INFO - [2024-10-29T23:55:40.628+0000] {dag.py:3047} INFO - Sync 1 DAGs
[2024-10-29T23:55:40.647+0000] {logging_mixin.py:188} INFO - [2024-10-29T23:55:40.647+0000] {dag.py:3834} INFO - Setting next_dagrun for example_sensors to None, run_after=None
[2024-10-29T23:55:40.671+0000] {processor.py:183} INFO - Processing /home/airflow/.local/lib/python3.8/site-packages/airflow/example_dags/example_sensors.py took 0.097 seconds
[2024-10-29T23:56:11.547+0000] {processor.py:161} INFO - Started process (PID=2470) to work on /home/airflow/.local/lib/python3.8/site-packages/airflow/example_dags/example_sensors.py
[2024-10-29T23:56:11.548+0000] {processor.py:830} INFO - Processing file /home/airflow/.local/lib/python3.8/site-packages/airflow/example_dags/example_sensors.py for tasks to queue
[2024-10-29T23:56:11.549+0000] {logging_mixin.py:188} INFO - [2024-10-29T23:56:11.549+0000] {dagbag.py:540} INFO - Filling up the DagBag from /home/airflow/.local/lib/python3.8/site-packages/airflow/example_dags/example_sensors.py
[2024-10-29T23:56:11.557+0000] {processor.py:840} INFO - DAG(s) 'example_sensors' retrieved from /home/airflow/.local/lib/python3.8/site-packages/airflow/example_dags/example_sensors.py
[2024-10-29T23:56:11.580+0000] {logging_mixin.py:188} INFO - [2024-10-29T23:56:11.580+0000] {dag.py:3047} INFO - Sync 1 DAGs
[2024-10-29T23:56:11.593+0000] {logging_mixin.py:188} INFO - [2024-10-29T23:56:11.592+0000] {dag.py:3834} INFO - Setting next_dagrun for example_sensors to None, run_after=None
[2024-10-29T23:56:11.610+0000] {processor.py:183} INFO - Processing /home/airflow/.local/lib/python3.8/site-packages/airflow/example_dags/example_sensors.py took 0.066 seconds
[2024-10-29T23:56:41.928+0000] {processor.py:161} INFO - Started process (PID=2526) to work on /home/airflow/.local/lib/python3.8/site-packages/airflow/example_dags/example_sensors.py
[2024-10-29T23:56:41.929+0000] {processor.py:830} INFO - Processing file /home/airflow/.local/lib/python3.8/site-packages/airflow/example_dags/example_sensors.py for tasks to queue
[2024-10-29T23:56:41.931+0000] {logging_mixin.py:188} INFO - [2024-10-29T23:56:41.930+0000] {dagbag.py:540} INFO - Filling up the DagBag from /home/airflow/.local/lib/python3.8/site-packages/airflow/example_dags/example_sensors.py
[2024-10-29T23:56:41.939+0000] {processor.py:840} INFO - DAG(s) 'example_sensors' retrieved from /home/airflow/.local/lib/python3.8/site-packages/airflow/example_dags/example_sensors.py
[2024-10-29T23:56:41.961+0000] {logging_mixin.py:188} INFO - [2024-10-29T23:56:41.961+0000] {dag.py:3047} INFO - Sync 1 DAGs
[2024-10-29T23:56:41.973+0000] {logging_mixin.py:188} INFO - [2024-10-29T23:56:41.973+0000] {dag.py:3834} INFO - Setting next_dagrun for example_sensors to None, run_after=None
[2024-10-29T23:56:41.991+0000] {processor.py:183} INFO - Processing /home/airflow/.local/lib/python3.8/site-packages/airflow/example_dags/example_sensors.py took 0.065 seconds
[2024-10-29T23:57:12.532+0000] {processor.py:161} INFO - Started process (PID=2582) to work on /home/airflow/.local/lib/python3.8/site-packages/airflow/example_dags/example_sensors.py
[2024-10-29T23:57:12.532+0000] {processor.py:830} INFO - Processing file /home/airflow/.local/lib/python3.8/site-packages/airflow/example_dags/example_sensors.py for tasks to queue
[2024-10-29T23:57:12.534+0000] {logging_mixin.py:188} INFO - [2024-10-29T23:57:12.534+0000] {dagbag.py:540} INFO - Filling up the DagBag from /home/airflow/.local/lib/python3.8/site-packages/airflow/example_dags/example_sensors.py
[2024-10-29T23:57:12.543+0000] {processor.py:840} INFO - DAG(s) 'example_sensors' retrieved from /home/airflow/.local/lib/python3.8/site-packages/airflow/example_dags/example_sensors.py
[2024-10-29T23:57:12.568+0000] {logging_mixin.py:188} INFO - [2024-10-29T23:57:12.568+0000] {dag.py:3047} INFO - Sync 1 DAGs
[2024-10-29T23:57:12.581+0000] {logging_mixin.py:188} INFO - [2024-10-29T23:57:12.581+0000] {dag.py:3834} INFO - Setting next_dagrun for example_sensors to None, run_after=None
[2024-10-29T23:57:12.599+0000] {processor.py:183} INFO - Processing /home/airflow/.local/lib/python3.8/site-packages/airflow/example_dags/example_sensors.py took 0.070 seconds
[2024-10-29T23:57:42.883+0000] {processor.py:161} INFO - Started process (PID=2638) to work on /home/airflow/.local/lib/python3.8/site-packages/airflow/example_dags/example_sensors.py
[2024-10-29T23:57:42.884+0000] {processor.py:830} INFO - Processing file /home/airflow/.local/lib/python3.8/site-packages/airflow/example_dags/example_sensors.py for tasks to queue
[2024-10-29T23:57:42.886+0000] {logging_mixin.py:188} INFO - [2024-10-29T23:57:42.886+0000] {dagbag.py:540} INFO - Filling up the DagBag from /home/airflow/.local/lib/python3.8/site-packages/airflow/example_dags/example_sensors.py
[2024-10-29T23:57:42.895+0000] {processor.py:840} INFO - DAG(s) 'example_sensors' retrieved from /home/airflow/.local/lib/python3.8/site-packages/airflow/example_dags/example_sensors.py
[2024-10-29T23:57:42.920+0000] {logging_mixin.py:188} INFO - [2024-10-29T23:57:42.920+0000] {dag.py:3047} INFO - Sync 1 DAGs
[2024-10-29T23:57:42.932+0000] {logging_mixin.py:188} INFO - [2024-10-29T23:57:42.931+0000] {dag.py:3834} INFO - Setting next_dagrun for example_sensors to None, run_after=None
[2024-10-29T23:57:42.950+0000] {processor.py:183} INFO - Processing /home/airflow/.local/lib/python3.8/site-packages/airflow/example_dags/example_sensors.py took 0.070 seconds
[2024-10-29T23:58:13.662+0000] {processor.py:161} INFO - Started process (PID=2694) to work on /home/airflow/.local/lib/python3.8/site-packages/airflow/example_dags/example_sensors.py
[2024-10-29T23:58:13.663+0000] {processor.py:830} INFO - Processing file /home/airflow/.local/lib/python3.8/site-packages/airflow/example_dags/example_sensors.py for tasks to queue
[2024-10-29T23:58:13.664+0000] {logging_mixin.py:188} INFO - [2024-10-29T23:58:13.664+0000] {dagbag.py:540} INFO - Filling up the DagBag from /home/airflow/.local/lib/python3.8/site-packages/airflow/example_dags/example_sensors.py
[2024-10-29T23:58:13.674+0000] {processor.py:840} INFO - DAG(s) 'example_sensors' retrieved from /home/airflow/.local/lib/python3.8/site-packages/airflow/example_dags/example_sensors.py
[2024-10-29T23:58:13.700+0000] {logging_mixin.py:188} INFO - [2024-10-29T23:58:13.700+0000] {dag.py:3047} INFO - Sync 1 DAGs
[2024-10-29T23:58:13.715+0000] {logging_mixin.py:188} INFO - [2024-10-29T23:58:13.714+0000] {dag.py:3834} INFO - Setting next_dagrun for example_sensors to None, run_after=None
[2024-10-29T23:58:13.733+0000] {processor.py:183} INFO - Processing /home/airflow/.local/lib/python3.8/site-packages/airflow/example_dags/example_sensors.py took 0.075 seconds
[2024-10-29T23:58:44.737+0000] {processor.py:161} INFO - Started process (PID=2750) to work on /home/airflow/.local/lib/python3.8/site-packages/airflow/example_dags/example_sensors.py
[2024-10-29T23:58:44.737+0000] {processor.py:830} INFO - Processing file /home/airflow/.local/lib/python3.8/site-packages/airflow/example_dags/example_sensors.py for tasks to queue
[2024-10-29T23:58:44.739+0000] {logging_mixin.py:188} INFO - [2024-10-29T23:58:44.738+0000] {dagbag.py:540} INFO - Filling up the DagBag from /home/airflow/.local/lib/python3.8/site-packages/airflow/example_dags/example_sensors.py
[2024-10-29T23:58:44.747+0000] {processor.py:840} INFO - DAG(s) 'example_sensors' retrieved from /home/airflow/.local/lib/python3.8/site-packages/airflow/example_dags/example_sensors.py
[2024-10-29T23:58:44.769+0000] {logging_mixin.py:188} INFO - [2024-10-29T23:58:44.769+0000] {dag.py:3047} INFO - Sync 1 DAGs
[2024-10-29T23:58:44.780+0000] {logging_mixin.py:188} INFO - [2024-10-29T23:58:44.780+0000] {dag.py:3834} INFO - Setting next_dagrun for example_sensors to None, run_after=None
[2024-10-29T23:58:44.796+0000] {processor.py:183} INFO - Processing /home/airflow/.local/lib/python3.8/site-packages/airflow/example_dags/example_sensors.py took 0.062 seconds
[2024-10-29T23:59:14.957+0000] {processor.py:161} INFO - Started process (PID=2806) to work on /home/airflow/.local/lib/python3.8/site-packages/airflow/example_dags/example_sensors.py
[2024-10-29T23:59:14.958+0000] {processor.py:830} INFO - Processing file /home/airflow/.local/lib/python3.8/site-packages/airflow/example_dags/example_sensors.py for tasks to queue
[2024-10-29T23:59:14.960+0000] {logging_mixin.py:188} INFO - [2024-10-29T23:59:14.960+0000] {dagbag.py:540} INFO - Filling up the DagBag from /home/airflow/.local/lib/python3.8/site-packages/airflow/example_dags/example_sensors.py
[2024-10-29T23:59:14.971+0000] {processor.py:840} INFO - DAG(s) 'example_sensors' retrieved from /home/airflow/.local/lib/python3.8/site-packages/airflow/example_dags/example_sensors.py
[2024-10-29T23:59:15.001+0000] {logging_mixin.py:188} INFO - [2024-10-29T23:59:15.000+0000] {dag.py:3047} INFO - Sync 1 DAGs
[2024-10-29T23:59:15.013+0000] {logging_mixin.py:188} INFO - [2024-10-29T23:59:15.013+0000] {dag.py:3834} INFO - Setting next_dagrun for example_sensors to None, run_after=None
[2024-10-29T23:59:15.033+0000] {processor.py:183} INFO - Processing /home/airflow/.local/lib/python3.8/site-packages/airflow/example_dags/example_sensors.py took 0.078 seconds
[2024-10-29T23:59:45.240+0000] {processor.py:161} INFO - Started process (PID=2862) to work on /home/airflow/.local/lib/python3.8/site-packages/airflow/example_dags/example_sensors.py
[2024-10-29T23:59:45.241+0000] {processor.py:830} INFO - Processing file /home/airflow/.local/lib/python3.8/site-packages/airflow/example_dags/example_sensors.py for tasks to queue
[2024-10-29T23:59:45.242+0000] {logging_mixin.py:188} INFO - [2024-10-29T23:59:45.242+0000] {dagbag.py:540} INFO - Filling up the DagBag from /home/airflow/.local/lib/python3.8/site-packages/airflow/example_dags/example_sensors.py
[2024-10-29T23:59:45.251+0000] {processor.py:840} INFO - DAG(s) 'example_sensors' retrieved from /home/airflow/.local/lib/python3.8/site-packages/airflow/example_dags/example_sensors.py
[2024-10-29T23:59:45.274+0000] {logging_mixin.py:188} INFO - [2024-10-29T23:59:45.273+0000] {dag.py:3047} INFO - Sync 1 DAGs
[2024-10-29T23:59:45.286+0000] {logging_mixin.py:188} INFO - [2024-10-29T23:59:45.286+0000] {dag.py:3834} INFO - Setting next_dagrun for example_sensors to None, run_after=None
[2024-10-29T23:59:45.302+0000] {processor.py:183} INFO - Processing /home/airflow/.local/lib/python3.8/site-packages/airflow/example_dags/example_sensors.py took 0.064 seconds
