[2024-10-29T23:27:23.169+0000] {processor.py:161} INFO - Started process (PID=16651) to work on /home/airflow/.local/lib/python3.8/site-packages/airflow/example_dags/example_sensor_decorator.py
[2024-10-29T23:27:23.169+0000] {processor.py:830} INFO - Processing file /home/airflow/.local/lib/python3.8/site-packages/airflow/example_dags/example_sensor_decorator.py for tasks to queue
[2024-10-29T23:27:23.170+0000] {logging_mixin.py:188} INFO - [2024-10-29T23:27:23.170+0000] {dagbag.py:540} INFO - Filling up the DagBag from /home/airflow/.local/lib/python3.8/site-packages/airflow/example_dags/example_sensor_decorator.py
[2024-10-29T23:27:23.184+0000] {processor.py:840} INFO - DAG(s) 'example_sensor_decorator' retrieved from /home/airflow/.local/lib/python3.8/site-packages/airflow/example_dags/example_sensor_decorator.py
[2024-10-29T23:27:23.213+0000] {logging_mixin.py:188} INFO - [2024-10-29T23:27:23.212+0000] {dag.py:3047} INFO - Sync 1 DAGs
[2024-10-29T23:27:23.226+0000] {logging_mixin.py:188} INFO - [2024-10-29T23:27:23.225+0000] {dag.py:3834} INFO - Setting next_dagrun for example_sensor_decorator to None, run_after=None
[2024-10-29T23:27:23.241+0000] {processor.py:183} INFO - Processing /home/airflow/.local/lib/python3.8/site-packages/airflow/example_dags/example_sensor_decorator.py took 0.074 seconds
[2024-10-29T23:27:53.773+0000] {processor.py:161} INFO - Started process (PID=16707) to work on /home/airflow/.local/lib/python3.8/site-packages/airflow/example_dags/example_sensor_decorator.py
[2024-10-29T23:27:53.773+0000] {processor.py:830} INFO - Processing file /home/airflow/.local/lib/python3.8/site-packages/airflow/example_dags/example_sensor_decorator.py for tasks to queue
[2024-10-29T23:27:53.775+0000] {logging_mixin.py:188} INFO - [2024-10-29T23:27:53.775+0000] {dagbag.py:540} INFO - Filling up the DagBag from /home/airflow/.local/lib/python3.8/site-packages/airflow/example_dags/example_sensor_decorator.py
[2024-10-29T23:27:53.780+0000] {processor.py:840} INFO - DAG(s) 'example_sensor_decorator' retrieved from /home/airflow/.local/lib/python3.8/site-packages/airflow/example_dags/example_sensor_decorator.py
[2024-10-29T23:27:53.796+0000] {logging_mixin.py:188} INFO - [2024-10-29T23:27:53.795+0000] {dag.py:3047} INFO - Sync 1 DAGs
[2024-10-29T23:27:53.807+0000] {logging_mixin.py:188} INFO - [2024-10-29T23:27:53.807+0000] {dag.py:3834} INFO - Setting next_dagrun for example_sensor_decorator to None, run_after=None
[2024-10-29T23:27:53.822+0000] {processor.py:183} INFO - Processing /home/airflow/.local/lib/python3.8/site-packages/airflow/example_dags/example_sensor_decorator.py took 0.052 seconds
[2024-10-29T23:28:24.522+0000] {processor.py:161} INFO - Started process (PID=16763) to work on /home/airflow/.local/lib/python3.8/site-packages/airflow/example_dags/example_sensor_decorator.py
[2024-10-29T23:28:24.522+0000] {processor.py:830} INFO - Processing file /home/airflow/.local/lib/python3.8/site-packages/airflow/example_dags/example_sensor_decorator.py for tasks to queue
[2024-10-29T23:28:24.524+0000] {logging_mixin.py:188} INFO - [2024-10-29T23:28:24.524+0000] {dagbag.py:540} INFO - Filling up the DagBag from /home/airflow/.local/lib/python3.8/site-packages/airflow/example_dags/example_sensor_decorator.py
[2024-10-29T23:28:24.529+0000] {processor.py:840} INFO - DAG(s) 'example_sensor_decorator' retrieved from /home/airflow/.local/lib/python3.8/site-packages/airflow/example_dags/example_sensor_decorator.py
[2024-10-29T23:28:24.548+0000] {logging_mixin.py:188} INFO - [2024-10-29T23:28:24.548+0000] {dag.py:3047} INFO - Sync 1 DAGs
[2024-10-29T23:28:24.561+0000] {logging_mixin.py:188} INFO - [2024-10-29T23:28:24.561+0000] {dag.py:3834} INFO - Setting next_dagrun for example_sensor_decorator to None, run_after=None
[2024-10-29T23:28:24.582+0000] {processor.py:183} INFO - Processing /home/airflow/.local/lib/python3.8/site-packages/airflow/example_dags/example_sensor_decorator.py took 0.064 seconds
[2024-10-29T23:28:55.515+0000] {processor.py:161} INFO - Started process (PID=16819) to work on /home/airflow/.local/lib/python3.8/site-packages/airflow/example_dags/example_sensor_decorator.py
[2024-10-29T23:28:55.515+0000] {processor.py:830} INFO - Processing file /home/airflow/.local/lib/python3.8/site-packages/airflow/example_dags/example_sensor_decorator.py for tasks to queue
[2024-10-29T23:28:55.517+0000] {logging_mixin.py:188} INFO - [2024-10-29T23:28:55.516+0000] {dagbag.py:540} INFO - Filling up the DagBag from /home/airflow/.local/lib/python3.8/site-packages/airflow/example_dags/example_sensor_decorator.py
[2024-10-29T23:28:55.521+0000] {processor.py:840} INFO - DAG(s) 'example_sensor_decorator' retrieved from /home/airflow/.local/lib/python3.8/site-packages/airflow/example_dags/example_sensor_decorator.py
[2024-10-29T23:28:55.536+0000] {logging_mixin.py:188} INFO - [2024-10-29T23:28:55.536+0000] {dag.py:3047} INFO - Sync 1 DAGs
[2024-10-29T23:28:55.547+0000] {logging_mixin.py:188} INFO - [2024-10-29T23:28:55.547+0000] {dag.py:3834} INFO - Setting next_dagrun for example_sensor_decorator to None, run_after=None
[2024-10-29T23:28:55.562+0000] {processor.py:183} INFO - Processing /home/airflow/.local/lib/python3.8/site-packages/airflow/example_dags/example_sensor_decorator.py took 0.049 seconds
[2024-10-29T23:29:26.566+0000] {processor.py:161} INFO - Started process (PID=16875) to work on /home/airflow/.local/lib/python3.8/site-packages/airflow/example_dags/example_sensor_decorator.py
[2024-10-29T23:29:26.567+0000] {processor.py:830} INFO - Processing file /home/airflow/.local/lib/python3.8/site-packages/airflow/example_dags/example_sensor_decorator.py for tasks to queue
[2024-10-29T23:29:26.568+0000] {logging_mixin.py:188} INFO - [2024-10-29T23:29:26.568+0000] {dagbag.py:540} INFO - Filling up the DagBag from /home/airflow/.local/lib/python3.8/site-packages/airflow/example_dags/example_sensor_decorator.py
[2024-10-29T23:29:26.574+0000] {processor.py:840} INFO - DAG(s) 'example_sensor_decorator' retrieved from /home/airflow/.local/lib/python3.8/site-packages/airflow/example_dags/example_sensor_decorator.py
[2024-10-29T23:29:26.593+0000] {logging_mixin.py:188} INFO - [2024-10-29T23:29:26.593+0000] {dag.py:3047} INFO - Sync 1 DAGs
[2024-10-29T23:29:26.608+0000] {logging_mixin.py:188} INFO - [2024-10-29T23:29:26.608+0000] {dag.py:3834} INFO - Setting next_dagrun for example_sensor_decorator to None, run_after=None
[2024-10-29T23:29:26.634+0000] {processor.py:183} INFO - Processing /home/airflow/.local/lib/python3.8/site-packages/airflow/example_dags/example_sensor_decorator.py took 0.071 seconds
[2024-10-29T23:29:56.744+0000] {processor.py:161} INFO - Started process (PID=16931) to work on /home/airflow/.local/lib/python3.8/site-packages/airflow/example_dags/example_sensor_decorator.py
[2024-10-29T23:29:56.745+0000] {processor.py:830} INFO - Processing file /home/airflow/.local/lib/python3.8/site-packages/airflow/example_dags/example_sensor_decorator.py for tasks to queue
[2024-10-29T23:29:56.746+0000] {logging_mixin.py:188} INFO - [2024-10-29T23:29:56.746+0000] {dagbag.py:540} INFO - Filling up the DagBag from /home/airflow/.local/lib/python3.8/site-packages/airflow/example_dags/example_sensor_decorator.py
[2024-10-29T23:29:56.751+0000] {processor.py:840} INFO - DAG(s) 'example_sensor_decorator' retrieved from /home/airflow/.local/lib/python3.8/site-packages/airflow/example_dags/example_sensor_decorator.py
[2024-10-29T23:29:56.770+0000] {logging_mixin.py:188} INFO - [2024-10-29T23:29:56.770+0000] {dag.py:3047} INFO - Sync 1 DAGs
[2024-10-29T23:29:56.782+0000] {logging_mixin.py:188} INFO - [2024-10-29T23:29:56.782+0000] {dag.py:3834} INFO - Setting next_dagrun for example_sensor_decorator to None, run_after=None
[2024-10-29T23:29:56.799+0000] {processor.py:183} INFO - Processing /home/airflow/.local/lib/python3.8/site-packages/airflow/example_dags/example_sensor_decorator.py took 0.057 seconds
[2024-10-29T23:30:27.318+0000] {processor.py:161} INFO - Started process (PID=16987) to work on /home/airflow/.local/lib/python3.8/site-packages/airflow/example_dags/example_sensor_decorator.py
[2024-10-29T23:30:27.319+0000] {processor.py:830} INFO - Processing file /home/airflow/.local/lib/python3.8/site-packages/airflow/example_dags/example_sensor_decorator.py for tasks to queue
[2024-10-29T23:30:27.321+0000] {logging_mixin.py:188} INFO - [2024-10-29T23:30:27.320+0000] {dagbag.py:540} INFO - Filling up the DagBag from /home/airflow/.local/lib/python3.8/site-packages/airflow/example_dags/example_sensor_decorator.py
[2024-10-29T23:30:27.326+0000] {processor.py:840} INFO - DAG(s) 'example_sensor_decorator' retrieved from /home/airflow/.local/lib/python3.8/site-packages/airflow/example_dags/example_sensor_decorator.py
[2024-10-29T23:30:27.347+0000] {logging_mixin.py:188} INFO - [2024-10-29T23:30:27.346+0000] {dag.py:3047} INFO - Sync 1 DAGs
[2024-10-29T23:30:27.366+0000] {logging_mixin.py:188} INFO - [2024-10-29T23:30:27.365+0000] {dag.py:3834} INFO - Setting next_dagrun for example_sensor_decorator to None, run_after=None
[2024-10-29T23:30:27.390+0000] {processor.py:183} INFO - Processing /home/airflow/.local/lib/python3.8/site-packages/airflow/example_dags/example_sensor_decorator.py took 0.075 seconds
[2024-10-29T23:30:58.126+0000] {processor.py:161} INFO - Started process (PID=17042) to work on /home/airflow/.local/lib/python3.8/site-packages/airflow/example_dags/example_sensor_decorator.py
[2024-10-29T23:30:58.127+0000] {processor.py:830} INFO - Processing file /home/airflow/.local/lib/python3.8/site-packages/airflow/example_dags/example_sensor_decorator.py for tasks to queue
[2024-10-29T23:30:58.129+0000] {logging_mixin.py:188} INFO - [2024-10-29T23:30:58.128+0000] {dagbag.py:540} INFO - Filling up the DagBag from /home/airflow/.local/lib/python3.8/site-packages/airflow/example_dags/example_sensor_decorator.py
[2024-10-29T23:30:58.135+0000] {processor.py:840} INFO - DAG(s) 'example_sensor_decorator' retrieved from /home/airflow/.local/lib/python3.8/site-packages/airflow/example_dags/example_sensor_decorator.py
[2024-10-29T23:30:58.162+0000] {logging_mixin.py:188} INFO - [2024-10-29T23:30:58.161+0000] {dag.py:3047} INFO - Sync 1 DAGs
[2024-10-29T23:30:58.183+0000] {logging_mixin.py:188} INFO - [2024-10-29T23:30:58.182+0000] {dag.py:3834} INFO - Setting next_dagrun for example_sensor_decorator to None, run_after=None
[2024-10-29T23:30:58.209+0000] {processor.py:183} INFO - Processing /home/airflow/.local/lib/python3.8/site-packages/airflow/example_dags/example_sensor_decorator.py took 0.086 seconds
[2024-10-29T23:31:28.761+0000] {processor.py:161} INFO - Started process (PID=17098) to work on /home/airflow/.local/lib/python3.8/site-packages/airflow/example_dags/example_sensor_decorator.py
[2024-10-29T23:31:28.762+0000] {processor.py:830} INFO - Processing file /home/airflow/.local/lib/python3.8/site-packages/airflow/example_dags/example_sensor_decorator.py for tasks to queue
[2024-10-29T23:31:28.763+0000] {logging_mixin.py:188} INFO - [2024-10-29T23:31:28.763+0000] {dagbag.py:540} INFO - Filling up the DagBag from /home/airflow/.local/lib/python3.8/site-packages/airflow/example_dags/example_sensor_decorator.py
[2024-10-29T23:31:28.769+0000] {processor.py:840} INFO - DAG(s) 'example_sensor_decorator' retrieved from /home/airflow/.local/lib/python3.8/site-packages/airflow/example_dags/example_sensor_decorator.py
[2024-10-29T23:31:28.788+0000] {logging_mixin.py:188} INFO - [2024-10-29T23:31:28.787+0000] {dag.py:3047} INFO - Sync 1 DAGs
[2024-10-29T23:31:28.801+0000] {logging_mixin.py:188} INFO - [2024-10-29T23:31:28.800+0000] {dag.py:3834} INFO - Setting next_dagrun for example_sensor_decorator to None, run_after=None
[2024-10-29T23:31:28.820+0000] {processor.py:183} INFO - Processing /home/airflow/.local/lib/python3.8/site-packages/airflow/example_dags/example_sensor_decorator.py took 0.062 seconds
[2024-10-29T23:31:59.289+0000] {processor.py:161} INFO - Started process (PID=17154) to work on /home/airflow/.local/lib/python3.8/site-packages/airflow/example_dags/example_sensor_decorator.py
[2024-10-29T23:31:59.289+0000] {processor.py:830} INFO - Processing file /home/airflow/.local/lib/python3.8/site-packages/airflow/example_dags/example_sensor_decorator.py for tasks to queue
[2024-10-29T23:31:59.291+0000] {logging_mixin.py:188} INFO - [2024-10-29T23:31:59.291+0000] {dagbag.py:540} INFO - Filling up the DagBag from /home/airflow/.local/lib/python3.8/site-packages/airflow/example_dags/example_sensor_decorator.py
[2024-10-29T23:31:59.296+0000] {processor.py:840} INFO - DAG(s) 'example_sensor_decorator' retrieved from /home/airflow/.local/lib/python3.8/site-packages/airflow/example_dags/example_sensor_decorator.py
[2024-10-29T23:31:59.313+0000] {logging_mixin.py:188} INFO - [2024-10-29T23:31:59.313+0000] {dag.py:3047} INFO - Sync 1 DAGs
[2024-10-29T23:31:59.324+0000] {logging_mixin.py:188} INFO - [2024-10-29T23:31:59.324+0000] {dag.py:3834} INFO - Setting next_dagrun for example_sensor_decorator to None, run_after=None
[2024-10-29T23:31:59.341+0000] {processor.py:183} INFO - Processing /home/airflow/.local/lib/python3.8/site-packages/airflow/example_dags/example_sensor_decorator.py took 0.055 seconds
[2024-10-29T23:32:30.995+0000] {processor.py:161} INFO - Started process (PID=17209) to work on /home/airflow/.local/lib/python3.8/site-packages/airflow/example_dags/example_sensor_decorator.py
[2024-10-29T23:32:30.996+0000] {processor.py:830} INFO - Processing file /home/airflow/.local/lib/python3.8/site-packages/airflow/example_dags/example_sensor_decorator.py for tasks to queue
[2024-10-29T23:32:30.998+0000] {logging_mixin.py:188} INFO - [2024-10-29T23:32:30.998+0000] {dagbag.py:540} INFO - Filling up the DagBag from /home/airflow/.local/lib/python3.8/site-packages/airflow/example_dags/example_sensor_decorator.py
[2024-10-29T23:32:31.004+0000] {processor.py:840} INFO - DAG(s) 'example_sensor_decorator' retrieved from /home/airflow/.local/lib/python3.8/site-packages/airflow/example_dags/example_sensor_decorator.py
[2024-10-29T23:32:31.025+0000] {logging_mixin.py:188} INFO - [2024-10-29T23:32:31.025+0000] {dag.py:3047} INFO - Sync 1 DAGs
[2024-10-29T23:32:31.040+0000] {logging_mixin.py:188} INFO - [2024-10-29T23:32:31.040+0000] {dag.py:3834} INFO - Setting next_dagrun for example_sensor_decorator to None, run_after=None
[2024-10-29T23:32:31.193+0000] {processor.py:183} INFO - Processing /home/airflow/.local/lib/python3.8/site-packages/airflow/example_dags/example_sensor_decorator.py took 0.200 seconds
[2024-10-29T23:33:01.710+0000] {processor.py:161} INFO - Started process (PID=17265) to work on /home/airflow/.local/lib/python3.8/site-packages/airflow/example_dags/example_sensor_decorator.py
[2024-10-29T23:33:01.711+0000] {processor.py:830} INFO - Processing file /home/airflow/.local/lib/python3.8/site-packages/airflow/example_dags/example_sensor_decorator.py for tasks to queue
[2024-10-29T23:33:01.713+0000] {logging_mixin.py:188} INFO - [2024-10-29T23:33:01.712+0000] {dagbag.py:540} INFO - Filling up the DagBag from /home/airflow/.local/lib/python3.8/site-packages/airflow/example_dags/example_sensor_decorator.py
[2024-10-29T23:33:01.718+0000] {processor.py:840} INFO - DAG(s) 'example_sensor_decorator' retrieved from /home/airflow/.local/lib/python3.8/site-packages/airflow/example_dags/example_sensor_decorator.py
[2024-10-29T23:33:01.735+0000] {logging_mixin.py:188} INFO - [2024-10-29T23:33:01.734+0000] {dag.py:3047} INFO - Sync 1 DAGs
[2024-10-29T23:33:01.746+0000] {logging_mixin.py:188} INFO - [2024-10-29T23:33:01.746+0000] {dag.py:3834} INFO - Setting next_dagrun for example_sensor_decorator to None, run_after=None
[2024-10-29T23:33:01.867+0000] {processor.py:183} INFO - Processing /home/airflow/.local/lib/python3.8/site-packages/airflow/example_dags/example_sensor_decorator.py took 0.160 seconds
[2024-10-29T23:34:18.249+0000] {processor.py:161} INFO - Started process (PID=64) to work on /home/airflow/.local/lib/python3.8/site-packages/airflow/example_dags/example_sensor_decorator.py
[2024-10-29T23:34:18.250+0000] {processor.py:830} INFO - Processing file /home/airflow/.local/lib/python3.8/site-packages/airflow/example_dags/example_sensor_decorator.py for tasks to queue
[2024-10-29T23:34:18.252+0000] {logging_mixin.py:188} INFO - [2024-10-29T23:34:18.252+0000] {dagbag.py:540} INFO - Filling up the DagBag from /home/airflow/.local/lib/python3.8/site-packages/airflow/example_dags/example_sensor_decorator.py
[2024-10-29T23:34:18.263+0000] {processor.py:840} INFO - DAG(s) 'example_sensor_decorator' retrieved from /home/airflow/.local/lib/python3.8/site-packages/airflow/example_dags/example_sensor_decorator.py
[2024-10-29T23:34:18.282+0000] {logging_mixin.py:188} INFO - [2024-10-29T23:34:18.281+0000] {dag.py:3047} INFO - Sync 1 DAGs
[2024-10-29T23:34:18.307+0000] {logging_mixin.py:188} INFO - [2024-10-29T23:34:18.306+0000] {dag.py:3834} INFO - Setting next_dagrun for example_sensor_decorator to None, run_after=None
[2024-10-29T23:34:18.342+0000] {processor.py:183} INFO - Processing /home/airflow/.local/lib/python3.8/site-packages/airflow/example_dags/example_sensor_decorator.py took 0.097 seconds
[2024-10-29T23:34:50.366+0000] {processor.py:161} INFO - Started process (PID=120) to work on /home/airflow/.local/lib/python3.8/site-packages/airflow/example_dags/example_sensor_decorator.py
[2024-10-29T23:34:50.367+0000] {processor.py:830} INFO - Processing file /home/airflow/.local/lib/python3.8/site-packages/airflow/example_dags/example_sensor_decorator.py for tasks to queue
[2024-10-29T23:34:50.370+0000] {logging_mixin.py:188} INFO - [2024-10-29T23:34:50.369+0000] {dagbag.py:540} INFO - Filling up the DagBag from /home/airflow/.local/lib/python3.8/site-packages/airflow/example_dags/example_sensor_decorator.py
[2024-10-29T23:34:50.379+0000] {processor.py:840} INFO - DAG(s) 'example_sensor_decorator' retrieved from /home/airflow/.local/lib/python3.8/site-packages/airflow/example_dags/example_sensor_decorator.py
[2024-10-29T23:34:50.554+0000] {logging_mixin.py:188} INFO - [2024-10-29T23:34:50.554+0000] {dag.py:3047} INFO - Sync 1 DAGs
[2024-10-29T23:34:50.574+0000] {logging_mixin.py:188} INFO - [2024-10-29T23:34:50.573+0000] {dag.py:3834} INFO - Setting next_dagrun for example_sensor_decorator to None, run_after=None
[2024-10-29T23:34:50.606+0000] {processor.py:183} INFO - Processing /home/airflow/.local/lib/python3.8/site-packages/airflow/example_dags/example_sensor_decorator.py took 0.243 seconds
[2024-10-29T23:35:20.724+0000] {processor.py:161} INFO - Started process (PID=176) to work on /home/airflow/.local/lib/python3.8/site-packages/airflow/example_dags/example_sensor_decorator.py
[2024-10-29T23:35:20.725+0000] {processor.py:830} INFO - Processing file /home/airflow/.local/lib/python3.8/site-packages/airflow/example_dags/example_sensor_decorator.py for tasks to queue
[2024-10-29T23:35:20.727+0000] {logging_mixin.py:188} INFO - [2024-10-29T23:35:20.726+0000] {dagbag.py:540} INFO - Filling up the DagBag from /home/airflow/.local/lib/python3.8/site-packages/airflow/example_dags/example_sensor_decorator.py
[2024-10-29T23:35:20.732+0000] {processor.py:840} INFO - DAG(s) 'example_sensor_decorator' retrieved from /home/airflow/.local/lib/python3.8/site-packages/airflow/example_dags/example_sensor_decorator.py
[2024-10-29T23:35:20.747+0000] {logging_mixin.py:188} INFO - [2024-10-29T23:35:20.747+0000] {dag.py:3047} INFO - Sync 1 DAGs
[2024-10-29T23:35:20.758+0000] {logging_mixin.py:188} INFO - [2024-10-29T23:35:20.758+0000] {dag.py:3834} INFO - Setting next_dagrun for example_sensor_decorator to None, run_after=None
[2024-10-29T23:35:20.774+0000] {processor.py:183} INFO - Processing /home/airflow/.local/lib/python3.8/site-packages/airflow/example_dags/example_sensor_decorator.py took 0.052 seconds
[2024-10-29T23:35:50.963+0000] {processor.py:161} INFO - Started process (PID=232) to work on /home/airflow/.local/lib/python3.8/site-packages/airflow/example_dags/example_sensor_decorator.py
[2024-10-29T23:35:50.964+0000] {processor.py:830} INFO - Processing file /home/airflow/.local/lib/python3.8/site-packages/airflow/example_dags/example_sensor_decorator.py for tasks to queue
[2024-10-29T23:35:50.966+0000] {logging_mixin.py:188} INFO - [2024-10-29T23:35:50.966+0000] {dagbag.py:540} INFO - Filling up the DagBag from /home/airflow/.local/lib/python3.8/site-packages/airflow/example_dags/example_sensor_decorator.py
[2024-10-29T23:35:50.971+0000] {processor.py:840} INFO - DAG(s) 'example_sensor_decorator' retrieved from /home/airflow/.local/lib/python3.8/site-packages/airflow/example_dags/example_sensor_decorator.py
[2024-10-29T23:35:50.989+0000] {logging_mixin.py:188} INFO - [2024-10-29T23:35:50.989+0000] {dag.py:3047} INFO - Sync 1 DAGs
[2024-10-29T23:35:51.003+0000] {logging_mixin.py:188} INFO - [2024-10-29T23:35:51.003+0000] {dag.py:3834} INFO - Setting next_dagrun for example_sensor_decorator to None, run_after=None
[2024-10-29T23:35:51.025+0000] {processor.py:183} INFO - Processing /home/airflow/.local/lib/python3.8/site-packages/airflow/example_dags/example_sensor_decorator.py took 0.065 seconds
[2024-10-29T23:36:21.988+0000] {processor.py:161} INFO - Started process (PID=288) to work on /home/airflow/.local/lib/python3.8/site-packages/airflow/example_dags/example_sensor_decorator.py
[2024-10-29T23:36:21.989+0000] {processor.py:830} INFO - Processing file /home/airflow/.local/lib/python3.8/site-packages/airflow/example_dags/example_sensor_decorator.py for tasks to queue
[2024-10-29T23:36:21.991+0000] {logging_mixin.py:188} INFO - [2024-10-29T23:36:21.990+0000] {dagbag.py:540} INFO - Filling up the DagBag from /home/airflow/.local/lib/python3.8/site-packages/airflow/example_dags/example_sensor_decorator.py
[2024-10-29T23:36:21.996+0000] {processor.py:840} INFO - DAG(s) 'example_sensor_decorator' retrieved from /home/airflow/.local/lib/python3.8/site-packages/airflow/example_dags/example_sensor_decorator.py
[2024-10-29T23:36:22.014+0000] {logging_mixin.py:188} INFO - [2024-10-29T23:36:22.014+0000] {dag.py:3047} INFO - Sync 1 DAGs
[2024-10-29T23:36:22.026+0000] {logging_mixin.py:188} INFO - [2024-10-29T23:36:22.026+0000] {dag.py:3834} INFO - Setting next_dagrun for example_sensor_decorator to None, run_after=None
[2024-10-29T23:36:22.041+0000] {processor.py:183} INFO - Processing /home/airflow/.local/lib/python3.8/site-packages/airflow/example_dags/example_sensor_decorator.py took 0.056 seconds
[2024-10-29T23:36:52.692+0000] {processor.py:161} INFO - Started process (PID=344) to work on /home/airflow/.local/lib/python3.8/site-packages/airflow/example_dags/example_sensor_decorator.py
[2024-10-29T23:36:52.692+0000] {processor.py:830} INFO - Processing file /home/airflow/.local/lib/python3.8/site-packages/airflow/example_dags/example_sensor_decorator.py for tasks to queue
[2024-10-29T23:36:52.694+0000] {logging_mixin.py:188} INFO - [2024-10-29T23:36:52.694+0000] {dagbag.py:540} INFO - Filling up the DagBag from /home/airflow/.local/lib/python3.8/site-packages/airflow/example_dags/example_sensor_decorator.py
[2024-10-29T23:36:52.700+0000] {processor.py:840} INFO - DAG(s) 'example_sensor_decorator' retrieved from /home/airflow/.local/lib/python3.8/site-packages/airflow/example_dags/example_sensor_decorator.py
[2024-10-29T23:36:52.719+0000] {logging_mixin.py:188} INFO - [2024-10-29T23:36:52.719+0000] {dag.py:3047} INFO - Sync 1 DAGs
[2024-10-29T23:36:52.732+0000] {logging_mixin.py:188} INFO - [2024-10-29T23:36:52.732+0000] {dag.py:3834} INFO - Setting next_dagrun for example_sensor_decorator to None, run_after=None
[2024-10-29T23:36:52.748+0000] {processor.py:183} INFO - Processing /home/airflow/.local/lib/python3.8/site-packages/airflow/example_dags/example_sensor_decorator.py took 0.059 seconds
[2024-10-29T23:37:23.001+0000] {processor.py:161} INFO - Started process (PID=400) to work on /home/airflow/.local/lib/python3.8/site-packages/airflow/example_dags/example_sensor_decorator.py
[2024-10-29T23:37:23.001+0000] {processor.py:830} INFO - Processing file /home/airflow/.local/lib/python3.8/site-packages/airflow/example_dags/example_sensor_decorator.py for tasks to queue
[2024-10-29T23:37:23.003+0000] {logging_mixin.py:188} INFO - [2024-10-29T23:37:23.002+0000] {dagbag.py:540} INFO - Filling up the DagBag from /home/airflow/.local/lib/python3.8/site-packages/airflow/example_dags/example_sensor_decorator.py
[2024-10-29T23:37:23.008+0000] {processor.py:840} INFO - DAG(s) 'example_sensor_decorator' retrieved from /home/airflow/.local/lib/python3.8/site-packages/airflow/example_dags/example_sensor_decorator.py
[2024-10-29T23:37:23.024+0000] {logging_mixin.py:188} INFO - [2024-10-29T23:37:23.024+0000] {dag.py:3047} INFO - Sync 1 DAGs
[2024-10-29T23:37:23.034+0000] {logging_mixin.py:188} INFO - [2024-10-29T23:37:23.034+0000] {dag.py:3834} INFO - Setting next_dagrun for example_sensor_decorator to None, run_after=None
[2024-10-29T23:37:23.048+0000] {processor.py:183} INFO - Processing /home/airflow/.local/lib/python3.8/site-packages/airflow/example_dags/example_sensor_decorator.py took 0.051 seconds
[2024-10-29T23:37:53.822+0000] {processor.py:161} INFO - Started process (PID=456) to work on /home/airflow/.local/lib/python3.8/site-packages/airflow/example_dags/example_sensor_decorator.py
[2024-10-29T23:37:53.823+0000] {processor.py:830} INFO - Processing file /home/airflow/.local/lib/python3.8/site-packages/airflow/example_dags/example_sensor_decorator.py for tasks to queue
[2024-10-29T23:37:53.825+0000] {logging_mixin.py:188} INFO - [2024-10-29T23:37:53.824+0000] {dagbag.py:540} INFO - Filling up the DagBag from /home/airflow/.local/lib/python3.8/site-packages/airflow/example_dags/example_sensor_decorator.py
[2024-10-29T23:37:53.831+0000] {processor.py:840} INFO - DAG(s) 'example_sensor_decorator' retrieved from /home/airflow/.local/lib/python3.8/site-packages/airflow/example_dags/example_sensor_decorator.py
[2024-10-29T23:37:53.851+0000] {logging_mixin.py:188} INFO - [2024-10-29T23:37:53.851+0000] {dag.py:3047} INFO - Sync 1 DAGs
[2024-10-29T23:37:53.865+0000] {logging_mixin.py:188} INFO - [2024-10-29T23:37:53.864+0000] {dag.py:3834} INFO - Setting next_dagrun for example_sensor_decorator to None, run_after=None
[2024-10-29T23:37:53.886+0000] {processor.py:183} INFO - Processing /home/airflow/.local/lib/python3.8/site-packages/airflow/example_dags/example_sensor_decorator.py took 0.068 seconds
[2024-10-29T23:38:24.431+0000] {processor.py:161} INFO - Started process (PID=512) to work on /home/airflow/.local/lib/python3.8/site-packages/airflow/example_dags/example_sensor_decorator.py
[2024-10-29T23:38:24.431+0000] {processor.py:830} INFO - Processing file /home/airflow/.local/lib/python3.8/site-packages/airflow/example_dags/example_sensor_decorator.py for tasks to queue
[2024-10-29T23:38:24.433+0000] {logging_mixin.py:188} INFO - [2024-10-29T23:38:24.433+0000] {dagbag.py:540} INFO - Filling up the DagBag from /home/airflow/.local/lib/python3.8/site-packages/airflow/example_dags/example_sensor_decorator.py
[2024-10-29T23:38:24.438+0000] {processor.py:840} INFO - DAG(s) 'example_sensor_decorator' retrieved from /home/airflow/.local/lib/python3.8/site-packages/airflow/example_dags/example_sensor_decorator.py
[2024-10-29T23:38:24.456+0000] {logging_mixin.py:188} INFO - [2024-10-29T23:38:24.455+0000] {dag.py:3047} INFO - Sync 1 DAGs
[2024-10-29T23:38:24.467+0000] {logging_mixin.py:188} INFO - [2024-10-29T23:38:24.466+0000] {dag.py:3834} INFO - Setting next_dagrun for example_sensor_decorator to None, run_after=None
[2024-10-29T23:38:24.483+0000] {processor.py:183} INFO - Processing /home/airflow/.local/lib/python3.8/site-packages/airflow/example_dags/example_sensor_decorator.py took 0.055 seconds
[2024-10-29T23:38:55.069+0000] {processor.py:161} INFO - Started process (PID=568) to work on /home/airflow/.local/lib/python3.8/site-packages/airflow/example_dags/example_sensor_decorator.py
[2024-10-29T23:38:55.070+0000] {processor.py:830} INFO - Processing file /home/airflow/.local/lib/python3.8/site-packages/airflow/example_dags/example_sensor_decorator.py for tasks to queue
[2024-10-29T23:38:55.072+0000] {logging_mixin.py:188} INFO - [2024-10-29T23:38:55.071+0000] {dagbag.py:540} INFO - Filling up the DagBag from /home/airflow/.local/lib/python3.8/site-packages/airflow/example_dags/example_sensor_decorator.py
[2024-10-29T23:38:55.079+0000] {processor.py:840} INFO - DAG(s) 'example_sensor_decorator' retrieved from /home/airflow/.local/lib/python3.8/site-packages/airflow/example_dags/example_sensor_decorator.py
[2024-10-29T23:38:55.102+0000] {logging_mixin.py:188} INFO - [2024-10-29T23:38:55.102+0000] {dag.py:3047} INFO - Sync 1 DAGs
[2024-10-29T23:38:55.118+0000] {logging_mixin.py:188} INFO - [2024-10-29T23:38:55.117+0000] {dag.py:3834} INFO - Setting next_dagrun for example_sensor_decorator to None, run_after=None
[2024-10-29T23:38:55.141+0000] {processor.py:183} INFO - Processing /home/airflow/.local/lib/python3.8/site-packages/airflow/example_dags/example_sensor_decorator.py took 0.077 seconds
[2024-10-29T23:39:26.059+0000] {processor.py:161} INFO - Started process (PID=624) to work on /home/airflow/.local/lib/python3.8/site-packages/airflow/example_dags/example_sensor_decorator.py
[2024-10-29T23:39:26.060+0000] {processor.py:830} INFO - Processing file /home/airflow/.local/lib/python3.8/site-packages/airflow/example_dags/example_sensor_decorator.py for tasks to queue
[2024-10-29T23:39:26.062+0000] {logging_mixin.py:188} INFO - [2024-10-29T23:39:26.062+0000] {dagbag.py:540} INFO - Filling up the DagBag from /home/airflow/.local/lib/python3.8/site-packages/airflow/example_dags/example_sensor_decorator.py
[2024-10-29T23:39:26.069+0000] {processor.py:840} INFO - DAG(s) 'example_sensor_decorator' retrieved from /home/airflow/.local/lib/python3.8/site-packages/airflow/example_dags/example_sensor_decorator.py
[2024-10-29T23:39:26.095+0000] {logging_mixin.py:188} INFO - [2024-10-29T23:39:26.095+0000] {dag.py:3047} INFO - Sync 1 DAGs
[2024-10-29T23:39:26.111+0000] {logging_mixin.py:188} INFO - [2024-10-29T23:39:26.111+0000] {dag.py:3834} INFO - Setting next_dagrun for example_sensor_decorator to None, run_after=None
[2024-10-29T23:39:26.134+0000] {processor.py:183} INFO - Processing /home/airflow/.local/lib/python3.8/site-packages/airflow/example_dags/example_sensor_decorator.py took 0.078 seconds
[2024-10-29T23:39:56.820+0000] {processor.py:161} INFO - Started process (PID=680) to work on /home/airflow/.local/lib/python3.8/site-packages/airflow/example_dags/example_sensor_decorator.py
[2024-10-29T23:39:56.822+0000] {processor.py:830} INFO - Processing file /home/airflow/.local/lib/python3.8/site-packages/airflow/example_dags/example_sensor_decorator.py for tasks to queue
[2024-10-29T23:39:56.824+0000] {logging_mixin.py:188} INFO - [2024-10-29T23:39:56.824+0000] {dagbag.py:540} INFO - Filling up the DagBag from /home/airflow/.local/lib/python3.8/site-packages/airflow/example_dags/example_sensor_decorator.py
[2024-10-29T23:39:56.833+0000] {processor.py:840} INFO - DAG(s) 'example_sensor_decorator' retrieved from /home/airflow/.local/lib/python3.8/site-packages/airflow/example_dags/example_sensor_decorator.py
[2024-10-29T23:39:56.863+0000] {logging_mixin.py:188} INFO - [2024-10-29T23:39:56.862+0000] {dag.py:3047} INFO - Sync 1 DAGs
[2024-10-29T23:39:56.879+0000] {logging_mixin.py:188} INFO - [2024-10-29T23:39:56.878+0000] {dag.py:3834} INFO - Setting next_dagrun for example_sensor_decorator to None, run_after=None
[2024-10-29T23:39:56.900+0000] {processor.py:183} INFO - Processing /home/airflow/.local/lib/python3.8/site-packages/airflow/example_dags/example_sensor_decorator.py took 0.084 seconds
[2024-10-29T23:40:27.104+0000] {processor.py:161} INFO - Started process (PID=736) to work on /home/airflow/.local/lib/python3.8/site-packages/airflow/example_dags/example_sensor_decorator.py
[2024-10-29T23:40:27.106+0000] {processor.py:830} INFO - Processing file /home/airflow/.local/lib/python3.8/site-packages/airflow/example_dags/example_sensor_decorator.py for tasks to queue
[2024-10-29T23:40:27.108+0000] {logging_mixin.py:188} INFO - [2024-10-29T23:40:27.108+0000] {dagbag.py:540} INFO - Filling up the DagBag from /home/airflow/.local/lib/python3.8/site-packages/airflow/example_dags/example_sensor_decorator.py
[2024-10-29T23:40:27.117+0000] {processor.py:840} INFO - DAG(s) 'example_sensor_decorator' retrieved from /home/airflow/.local/lib/python3.8/site-packages/airflow/example_dags/example_sensor_decorator.py
[2024-10-29T23:40:27.141+0000] {logging_mixin.py:188} INFO - [2024-10-29T23:40:27.140+0000] {dag.py:3047} INFO - Sync 1 DAGs
[2024-10-29T23:40:27.156+0000] {logging_mixin.py:188} INFO - [2024-10-29T23:40:27.156+0000] {dag.py:3834} INFO - Setting next_dagrun for example_sensor_decorator to None, run_after=None
[2024-10-29T23:40:27.177+0000] {processor.py:183} INFO - Processing /home/airflow/.local/lib/python3.8/site-packages/airflow/example_dags/example_sensor_decorator.py took 0.077 seconds
[2024-10-29T23:40:57.647+0000] {processor.py:161} INFO - Started process (PID=791) to work on /home/airflow/.local/lib/python3.8/site-packages/airflow/example_dags/example_sensor_decorator.py
[2024-10-29T23:40:57.648+0000] {processor.py:830} INFO - Processing file /home/airflow/.local/lib/python3.8/site-packages/airflow/example_dags/example_sensor_decorator.py for tasks to queue
[2024-10-29T23:40:57.651+0000] {logging_mixin.py:188} INFO - [2024-10-29T23:40:57.650+0000] {dagbag.py:540} INFO - Filling up the DagBag from /home/airflow/.local/lib/python3.8/site-packages/airflow/example_dags/example_sensor_decorator.py
[2024-10-29T23:40:57.659+0000] {processor.py:840} INFO - DAG(s) 'example_sensor_decorator' retrieved from /home/airflow/.local/lib/python3.8/site-packages/airflow/example_dags/example_sensor_decorator.py
[2024-10-29T23:40:57.686+0000] {logging_mixin.py:188} INFO - [2024-10-29T23:40:57.686+0000] {dag.py:3047} INFO - Sync 1 DAGs
[2024-10-29T23:40:57.708+0000] {logging_mixin.py:188} INFO - [2024-10-29T23:40:57.708+0000] {dag.py:3834} INFO - Setting next_dagrun for example_sensor_decorator to None, run_after=None
[2024-10-29T23:40:57.740+0000] {processor.py:183} INFO - Processing /home/airflow/.local/lib/python3.8/site-packages/airflow/example_dags/example_sensor_decorator.py took 0.097 seconds
[2024-10-29T23:41:28.546+0000] {processor.py:161} INFO - Started process (PID=847) to work on /home/airflow/.local/lib/python3.8/site-packages/airflow/example_dags/example_sensor_decorator.py
[2024-10-29T23:41:28.547+0000] {processor.py:830} INFO - Processing file /home/airflow/.local/lib/python3.8/site-packages/airflow/example_dags/example_sensor_decorator.py for tasks to queue
[2024-10-29T23:41:28.549+0000] {logging_mixin.py:188} INFO - [2024-10-29T23:41:28.549+0000] {dagbag.py:540} INFO - Filling up the DagBag from /home/airflow/.local/lib/python3.8/site-packages/airflow/example_dags/example_sensor_decorator.py
[2024-10-29T23:41:28.558+0000] {processor.py:840} INFO - DAG(s) 'example_sensor_decorator' retrieved from /home/airflow/.local/lib/python3.8/site-packages/airflow/example_dags/example_sensor_decorator.py
[2024-10-29T23:41:28.581+0000] {logging_mixin.py:188} INFO - [2024-10-29T23:41:28.580+0000] {dag.py:3047} INFO - Sync 1 DAGs
[2024-10-29T23:41:28.597+0000] {logging_mixin.py:188} INFO - [2024-10-29T23:41:28.597+0000] {dag.py:3834} INFO - Setting next_dagrun for example_sensor_decorator to None, run_after=None
[2024-10-29T23:41:28.622+0000] {processor.py:183} INFO - Processing /home/airflow/.local/lib/python3.8/site-packages/airflow/example_dags/example_sensor_decorator.py took 0.080 seconds
[2024-10-29T23:41:59.407+0000] {processor.py:161} INFO - Started process (PID=903) to work on /home/airflow/.local/lib/python3.8/site-packages/airflow/example_dags/example_sensor_decorator.py
[2024-10-29T23:41:59.408+0000] {processor.py:830} INFO - Processing file /home/airflow/.local/lib/python3.8/site-packages/airflow/example_dags/example_sensor_decorator.py for tasks to queue
[2024-10-29T23:41:59.410+0000] {logging_mixin.py:188} INFO - [2024-10-29T23:41:59.409+0000] {dagbag.py:540} INFO - Filling up the DagBag from /home/airflow/.local/lib/python3.8/site-packages/airflow/example_dags/example_sensor_decorator.py
[2024-10-29T23:41:59.415+0000] {processor.py:840} INFO - DAG(s) 'example_sensor_decorator' retrieved from /home/airflow/.local/lib/python3.8/site-packages/airflow/example_dags/example_sensor_decorator.py
[2024-10-29T23:41:59.433+0000] {logging_mixin.py:188} INFO - [2024-10-29T23:41:59.432+0000] {dag.py:3047} INFO - Sync 1 DAGs
[2024-10-29T23:41:59.444+0000] {logging_mixin.py:188} INFO - [2024-10-29T23:41:59.444+0000] {dag.py:3834} INFO - Setting next_dagrun for example_sensor_decorator to None, run_after=None
[2024-10-29T23:41:59.462+0000] {processor.py:183} INFO - Processing /home/airflow/.local/lib/python3.8/site-packages/airflow/example_dags/example_sensor_decorator.py took 0.057 seconds
[2024-10-29T23:42:29.880+0000] {processor.py:161} INFO - Started process (PID=959) to work on /home/airflow/.local/lib/python3.8/site-packages/airflow/example_dags/example_sensor_decorator.py
[2024-10-29T23:42:29.881+0000] {processor.py:830} INFO - Processing file /home/airflow/.local/lib/python3.8/site-packages/airflow/example_dags/example_sensor_decorator.py for tasks to queue
[2024-10-29T23:42:29.882+0000] {logging_mixin.py:188} INFO - [2024-10-29T23:42:29.882+0000] {dagbag.py:540} INFO - Filling up the DagBag from /home/airflow/.local/lib/python3.8/site-packages/airflow/example_dags/example_sensor_decorator.py
[2024-10-29T23:42:29.889+0000] {processor.py:840} INFO - DAG(s) 'example_sensor_decorator' retrieved from /home/airflow/.local/lib/python3.8/site-packages/airflow/example_dags/example_sensor_decorator.py
[2024-10-29T23:42:29.914+0000] {logging_mixin.py:188} INFO - [2024-10-29T23:42:29.913+0000] {dag.py:3047} INFO - Sync 1 DAGs
[2024-10-29T23:42:29.931+0000] {logging_mixin.py:188} INFO - [2024-10-29T23:42:29.931+0000] {dag.py:3834} INFO - Setting next_dagrun for example_sensor_decorator to None, run_after=None
[2024-10-29T23:42:29.952+0000] {processor.py:183} INFO - Processing /home/airflow/.local/lib/python3.8/site-packages/airflow/example_dags/example_sensor_decorator.py took 0.075 seconds
[2024-10-29T23:43:00.140+0000] {processor.py:161} INFO - Started process (PID=1015) to work on /home/airflow/.local/lib/python3.8/site-packages/airflow/example_dags/example_sensor_decorator.py
[2024-10-29T23:43:00.141+0000] {processor.py:830} INFO - Processing file /home/airflow/.local/lib/python3.8/site-packages/airflow/example_dags/example_sensor_decorator.py for tasks to queue
[2024-10-29T23:43:00.143+0000] {logging_mixin.py:188} INFO - [2024-10-29T23:43:00.142+0000] {dagbag.py:540} INFO - Filling up the DagBag from /home/airflow/.local/lib/python3.8/site-packages/airflow/example_dags/example_sensor_decorator.py
[2024-10-29T23:43:00.149+0000] {processor.py:840} INFO - DAG(s) 'example_sensor_decorator' retrieved from /home/airflow/.local/lib/python3.8/site-packages/airflow/example_dags/example_sensor_decorator.py
[2024-10-29T23:43:00.170+0000] {logging_mixin.py:188} INFO - [2024-10-29T23:43:00.170+0000] {dag.py:3047} INFO - Sync 1 DAGs
[2024-10-29T23:43:00.183+0000] {logging_mixin.py:188} INFO - [2024-10-29T23:43:00.183+0000] {dag.py:3834} INFO - Setting next_dagrun for example_sensor_decorator to None, run_after=None
[2024-10-29T23:43:00.200+0000] {processor.py:183} INFO - Processing /home/airflow/.local/lib/python3.8/site-packages/airflow/example_dags/example_sensor_decorator.py took 0.063 seconds
[2024-10-29T23:43:30.567+0000] {processor.py:161} INFO - Started process (PID=1071) to work on /home/airflow/.local/lib/python3.8/site-packages/airflow/example_dags/example_sensor_decorator.py
[2024-10-29T23:43:30.568+0000] {processor.py:830} INFO - Processing file /home/airflow/.local/lib/python3.8/site-packages/airflow/example_dags/example_sensor_decorator.py for tasks to queue
[2024-10-29T23:43:30.570+0000] {logging_mixin.py:188} INFO - [2024-10-29T23:43:30.570+0000] {dagbag.py:540} INFO - Filling up the DagBag from /home/airflow/.local/lib/python3.8/site-packages/airflow/example_dags/example_sensor_decorator.py
[2024-10-29T23:43:30.577+0000] {processor.py:840} INFO - DAG(s) 'example_sensor_decorator' retrieved from /home/airflow/.local/lib/python3.8/site-packages/airflow/example_dags/example_sensor_decorator.py
[2024-10-29T23:43:30.599+0000] {logging_mixin.py:188} INFO - [2024-10-29T23:43:30.599+0000] {dag.py:3047} INFO - Sync 1 DAGs
[2024-10-29T23:43:30.616+0000] {logging_mixin.py:188} INFO - [2024-10-29T23:43:30.615+0000] {dag.py:3834} INFO - Setting next_dagrun for example_sensor_decorator to None, run_after=None
[2024-10-29T23:43:30.642+0000] {processor.py:183} INFO - Processing /home/airflow/.local/lib/python3.8/site-packages/airflow/example_dags/example_sensor_decorator.py took 0.078 seconds
[2024-10-29T23:44:00.852+0000] {processor.py:161} INFO - Started process (PID=1133) to work on /home/airflow/.local/lib/python3.8/site-packages/airflow/example_dags/example_sensor_decorator.py
[2024-10-29T23:44:00.853+0000] {processor.py:830} INFO - Processing file /home/airflow/.local/lib/python3.8/site-packages/airflow/example_dags/example_sensor_decorator.py for tasks to queue
[2024-10-29T23:44:00.854+0000] {logging_mixin.py:188} INFO - [2024-10-29T23:44:00.854+0000] {dagbag.py:540} INFO - Filling up the DagBag from /home/airflow/.local/lib/python3.8/site-packages/airflow/example_dags/example_sensor_decorator.py
[2024-10-29T23:44:00.859+0000] {processor.py:840} INFO - DAG(s) 'example_sensor_decorator' retrieved from /home/airflow/.local/lib/python3.8/site-packages/airflow/example_dags/example_sensor_decorator.py
[2024-10-29T23:44:00.880+0000] {logging_mixin.py:188} INFO - [2024-10-29T23:44:00.880+0000] {dag.py:3047} INFO - Sync 1 DAGs
[2024-10-29T23:44:00.895+0000] {logging_mixin.py:188} INFO - [2024-10-29T23:44:00.894+0000] {dag.py:3834} INFO - Setting next_dagrun for example_sensor_decorator to None, run_after=None
[2024-10-29T23:44:00.914+0000] {processor.py:183} INFO - Processing /home/airflow/.local/lib/python3.8/site-packages/airflow/example_dags/example_sensor_decorator.py took 0.066 seconds
[2024-10-29T23:44:31.350+0000] {processor.py:161} INFO - Started process (PID=1189) to work on /home/airflow/.local/lib/python3.8/site-packages/airflow/example_dags/example_sensor_decorator.py
[2024-10-29T23:44:31.350+0000] {processor.py:830} INFO - Processing file /home/airflow/.local/lib/python3.8/site-packages/airflow/example_dags/example_sensor_decorator.py for tasks to queue
[2024-10-29T23:44:31.352+0000] {logging_mixin.py:188} INFO - [2024-10-29T23:44:31.351+0000] {dagbag.py:540} INFO - Filling up the DagBag from /home/airflow/.local/lib/python3.8/site-packages/airflow/example_dags/example_sensor_decorator.py
[2024-10-29T23:44:31.356+0000] {processor.py:840} INFO - DAG(s) 'example_sensor_decorator' retrieved from /home/airflow/.local/lib/python3.8/site-packages/airflow/example_dags/example_sensor_decorator.py
[2024-10-29T23:44:31.371+0000] {logging_mixin.py:188} INFO - [2024-10-29T23:44:31.371+0000] {dag.py:3047} INFO - Sync 1 DAGs
[2024-10-29T23:44:31.382+0000] {logging_mixin.py:188} INFO - [2024-10-29T23:44:31.382+0000] {dag.py:3834} INFO - Setting next_dagrun for example_sensor_decorator to None, run_after=None
[2024-10-29T23:44:31.399+0000] {processor.py:183} INFO - Processing /home/airflow/.local/lib/python3.8/site-packages/airflow/example_dags/example_sensor_decorator.py took 0.052 seconds
[2024-10-29T23:45:02.413+0000] {processor.py:161} INFO - Started process (PID=1245) to work on /home/airflow/.local/lib/python3.8/site-packages/airflow/example_dags/example_sensor_decorator.py
[2024-10-29T23:45:02.414+0000] {processor.py:830} INFO - Processing file /home/airflow/.local/lib/python3.8/site-packages/airflow/example_dags/example_sensor_decorator.py for tasks to queue
[2024-10-29T23:45:02.416+0000] {logging_mixin.py:188} INFO - [2024-10-29T23:45:02.415+0000] {dagbag.py:540} INFO - Filling up the DagBag from /home/airflow/.local/lib/python3.8/site-packages/airflow/example_dags/example_sensor_decorator.py
[2024-10-29T23:45:02.421+0000] {processor.py:840} INFO - DAG(s) 'example_sensor_decorator' retrieved from /home/airflow/.local/lib/python3.8/site-packages/airflow/example_dags/example_sensor_decorator.py
[2024-10-29T23:45:02.444+0000] {logging_mixin.py:188} INFO - [2024-10-29T23:45:02.444+0000] {dag.py:3047} INFO - Sync 1 DAGs
[2024-10-29T23:45:02.462+0000] {logging_mixin.py:188} INFO - [2024-10-29T23:45:02.461+0000] {dag.py:3834} INFO - Setting next_dagrun for example_sensor_decorator to None, run_after=None
[2024-10-29T23:45:02.484+0000] {processor.py:183} INFO - Processing /home/airflow/.local/lib/python3.8/site-packages/airflow/example_dags/example_sensor_decorator.py took 0.073 seconds
[2024-10-29T23:45:32.696+0000] {processor.py:161} INFO - Started process (PID=1300) to work on /home/airflow/.local/lib/python3.8/site-packages/airflow/example_dags/example_sensor_decorator.py
[2024-10-29T23:45:32.697+0000] {processor.py:830} INFO - Processing file /home/airflow/.local/lib/python3.8/site-packages/airflow/example_dags/example_sensor_decorator.py for tasks to queue
[2024-10-29T23:45:32.700+0000] {logging_mixin.py:188} INFO - [2024-10-29T23:45:32.699+0000] {dagbag.py:540} INFO - Filling up the DagBag from /home/airflow/.local/lib/python3.8/site-packages/airflow/example_dags/example_sensor_decorator.py
[2024-10-29T23:45:32.708+0000] {processor.py:840} INFO - DAG(s) 'example_sensor_decorator' retrieved from /home/airflow/.local/lib/python3.8/site-packages/airflow/example_dags/example_sensor_decorator.py
[2024-10-29T23:45:32.737+0000] {logging_mixin.py:188} INFO - [2024-10-29T23:45:32.737+0000] {dag.py:3047} INFO - Sync 1 DAGs
[2024-10-29T23:45:32.758+0000] {logging_mixin.py:188} INFO - [2024-10-29T23:45:32.758+0000] {dag.py:3834} INFO - Setting next_dagrun for example_sensor_decorator to None, run_after=None
[2024-10-29T23:45:32.784+0000] {processor.py:183} INFO - Processing /home/airflow/.local/lib/python3.8/site-packages/airflow/example_dags/example_sensor_decorator.py took 0.093 seconds
[2024-10-29T23:46:03.079+0000] {processor.py:161} INFO - Started process (PID=1356) to work on /home/airflow/.local/lib/python3.8/site-packages/airflow/example_dags/example_sensor_decorator.py
[2024-10-29T23:46:03.080+0000] {processor.py:830} INFO - Processing file /home/airflow/.local/lib/python3.8/site-packages/airflow/example_dags/example_sensor_decorator.py for tasks to queue
[2024-10-29T23:46:03.082+0000] {logging_mixin.py:188} INFO - [2024-10-29T23:46:03.082+0000] {dagbag.py:540} INFO - Filling up the DagBag from /home/airflow/.local/lib/python3.8/site-packages/airflow/example_dags/example_sensor_decorator.py
[2024-10-29T23:46:03.088+0000] {processor.py:840} INFO - DAG(s) 'example_sensor_decorator' retrieved from /home/airflow/.local/lib/python3.8/site-packages/airflow/example_dags/example_sensor_decorator.py
[2024-10-29T23:46:03.106+0000] {logging_mixin.py:188} INFO - [2024-10-29T23:46:03.106+0000] {dag.py:3047} INFO - Sync 1 DAGs
[2024-10-29T23:46:03.119+0000] {logging_mixin.py:188} INFO - [2024-10-29T23:46:03.118+0000] {dag.py:3834} INFO - Setting next_dagrun for example_sensor_decorator to None, run_after=None
[2024-10-29T23:46:03.137+0000] {processor.py:183} INFO - Processing /home/airflow/.local/lib/python3.8/site-packages/airflow/example_dags/example_sensor_decorator.py took 0.061 seconds
[2024-10-29T23:46:33.269+0000] {processor.py:161} INFO - Started process (PID=1412) to work on /home/airflow/.local/lib/python3.8/site-packages/airflow/example_dags/example_sensor_decorator.py
[2024-10-29T23:46:33.271+0000] {processor.py:830} INFO - Processing file /home/airflow/.local/lib/python3.8/site-packages/airflow/example_dags/example_sensor_decorator.py for tasks to queue
[2024-10-29T23:46:33.273+0000] {logging_mixin.py:188} INFO - [2024-10-29T23:46:33.272+0000] {dagbag.py:540} INFO - Filling up the DagBag from /home/airflow/.local/lib/python3.8/site-packages/airflow/example_dags/example_sensor_decorator.py
[2024-10-29T23:46:33.282+0000] {processor.py:840} INFO - DAG(s) 'example_sensor_decorator' retrieved from /home/airflow/.local/lib/python3.8/site-packages/airflow/example_dags/example_sensor_decorator.py
[2024-10-29T23:46:33.305+0000] {logging_mixin.py:188} INFO - [2024-10-29T23:46:33.305+0000] {dag.py:3047} INFO - Sync 1 DAGs
[2024-10-29T23:46:33.320+0000] {logging_mixin.py:188} INFO - [2024-10-29T23:46:33.320+0000] {dag.py:3834} INFO - Setting next_dagrun for example_sensor_decorator to None, run_after=None
[2024-10-29T23:46:33.341+0000] {processor.py:183} INFO - Processing /home/airflow/.local/lib/python3.8/site-packages/airflow/example_dags/example_sensor_decorator.py took 0.076 seconds
[2024-10-29T23:47:03.513+0000] {processor.py:161} INFO - Started process (PID=1468) to work on /home/airflow/.local/lib/python3.8/site-packages/airflow/example_dags/example_sensor_decorator.py
[2024-10-29T23:47:03.515+0000] {processor.py:830} INFO - Processing file /home/airflow/.local/lib/python3.8/site-packages/airflow/example_dags/example_sensor_decorator.py for tasks to queue
[2024-10-29T23:47:03.518+0000] {logging_mixin.py:188} INFO - [2024-10-29T23:47:03.517+0000] {dagbag.py:540} INFO - Filling up the DagBag from /home/airflow/.local/lib/python3.8/site-packages/airflow/example_dags/example_sensor_decorator.py
[2024-10-29T23:47:03.529+0000] {processor.py:840} INFO - DAG(s) 'example_sensor_decorator' retrieved from /home/airflow/.local/lib/python3.8/site-packages/airflow/example_dags/example_sensor_decorator.py
[2024-10-29T23:47:03.562+0000] {logging_mixin.py:188} INFO - [2024-10-29T23:47:03.561+0000] {dag.py:3047} INFO - Sync 1 DAGs
[2024-10-29T23:47:03.587+0000] {logging_mixin.py:188} INFO - [2024-10-29T23:47:03.587+0000] {dag.py:3834} INFO - Setting next_dagrun for example_sensor_decorator to None, run_after=None
[2024-10-29T23:47:03.629+0000] {processor.py:183} INFO - Processing /home/airflow/.local/lib/python3.8/site-packages/airflow/example_dags/example_sensor_decorator.py took 0.120 seconds
[2024-10-29T23:47:34.641+0000] {processor.py:161} INFO - Started process (PID=1525) to work on /home/airflow/.local/lib/python3.8/site-packages/airflow/example_dags/example_sensor_decorator.py
[2024-10-29T23:47:34.642+0000] {processor.py:830} INFO - Processing file /home/airflow/.local/lib/python3.8/site-packages/airflow/example_dags/example_sensor_decorator.py for tasks to queue
[2024-10-29T23:47:34.644+0000] {logging_mixin.py:188} INFO - [2024-10-29T23:47:34.644+0000] {dagbag.py:540} INFO - Filling up the DagBag from /home/airflow/.local/lib/python3.8/site-packages/airflow/example_dags/example_sensor_decorator.py
[2024-10-29T23:47:34.652+0000] {processor.py:840} INFO - DAG(s) 'example_sensor_decorator' retrieved from /home/airflow/.local/lib/python3.8/site-packages/airflow/example_dags/example_sensor_decorator.py
[2024-10-29T23:47:34.679+0000] {logging_mixin.py:188} INFO - [2024-10-29T23:47:34.679+0000] {dag.py:3047} INFO - Sync 1 DAGs
[2024-10-29T23:47:34.699+0000] {logging_mixin.py:188} INFO - [2024-10-29T23:47:34.699+0000] {dag.py:3834} INFO - Setting next_dagrun for example_sensor_decorator to None, run_after=None
[2024-10-29T23:47:34.726+0000] {processor.py:183} INFO - Processing /home/airflow/.local/lib/python3.8/site-packages/airflow/example_dags/example_sensor_decorator.py took 0.089 seconds
[2024-10-29T23:48:04.908+0000] {processor.py:161} INFO - Started process (PID=1580) to work on /home/airflow/.local/lib/python3.8/site-packages/airflow/example_dags/example_sensor_decorator.py
[2024-10-29T23:48:04.915+0000] {processor.py:830} INFO - Processing file /home/airflow/.local/lib/python3.8/site-packages/airflow/example_dags/example_sensor_decorator.py for tasks to queue
[2024-10-29T23:48:04.919+0000] {logging_mixin.py:188} INFO - [2024-10-29T23:48:04.918+0000] {dagbag.py:540} INFO - Filling up the DagBag from /home/airflow/.local/lib/python3.8/site-packages/airflow/example_dags/example_sensor_decorator.py
[2024-10-29T23:48:04.929+0000] {processor.py:840} INFO - DAG(s) 'example_sensor_decorator' retrieved from /home/airflow/.local/lib/python3.8/site-packages/airflow/example_dags/example_sensor_decorator.py
[2024-10-29T23:48:04.951+0000] {logging_mixin.py:188} INFO - [2024-10-29T23:48:04.950+0000] {dag.py:3047} INFO - Sync 1 DAGs
[2024-10-29T23:48:04.962+0000] {logging_mixin.py:188} INFO - [2024-10-29T23:48:04.962+0000] {dag.py:3834} INFO - Setting next_dagrun for example_sensor_decorator to None, run_after=None
[2024-10-29T23:48:04.977+0000] {processor.py:183} INFO - Processing /home/airflow/.local/lib/python3.8/site-packages/airflow/example_dags/example_sensor_decorator.py took 0.077 seconds
[2024-10-29T23:48:35.074+0000] {processor.py:161} INFO - Started process (PID=1636) to work on /home/airflow/.local/lib/python3.8/site-packages/airflow/example_dags/example_sensor_decorator.py
[2024-10-29T23:48:35.081+0000] {processor.py:830} INFO - Processing file /home/airflow/.local/lib/python3.8/site-packages/airflow/example_dags/example_sensor_decorator.py for tasks to queue
[2024-10-29T23:48:35.085+0000] {logging_mixin.py:188} INFO - [2024-10-29T23:48:35.085+0000] {dagbag.py:540} INFO - Filling up the DagBag from /home/airflow/.local/lib/python3.8/site-packages/airflow/example_dags/example_sensor_decorator.py
[2024-10-29T23:48:35.101+0000] {processor.py:840} INFO - DAG(s) 'example_sensor_decorator' retrieved from /home/airflow/.local/lib/python3.8/site-packages/airflow/example_dags/example_sensor_decorator.py
[2024-10-29T23:48:35.165+0000] {logging_mixin.py:188} INFO - [2024-10-29T23:48:35.164+0000] {dag.py:3047} INFO - Sync 1 DAGs
[2024-10-29T23:48:35.203+0000] {logging_mixin.py:188} INFO - [2024-10-29T23:48:35.202+0000] {dag.py:3834} INFO - Setting next_dagrun for example_sensor_decorator to None, run_after=None
[2024-10-29T23:48:35.240+0000] {processor.py:183} INFO - Processing /home/airflow/.local/lib/python3.8/site-packages/airflow/example_dags/example_sensor_decorator.py took 0.175 seconds
[2024-10-29T23:49:05.506+0000] {processor.py:161} INFO - Started process (PID=1692) to work on /home/airflow/.local/lib/python3.8/site-packages/airflow/example_dags/example_sensor_decorator.py
[2024-10-29T23:49:05.510+0000] {processor.py:830} INFO - Processing file /home/airflow/.local/lib/python3.8/site-packages/airflow/example_dags/example_sensor_decorator.py for tasks to queue
[2024-10-29T23:49:05.513+0000] {logging_mixin.py:188} INFO - [2024-10-29T23:49:05.512+0000] {dagbag.py:540} INFO - Filling up the DagBag from /home/airflow/.local/lib/python3.8/site-packages/airflow/example_dags/example_sensor_decorator.py
[2024-10-29T23:49:05.521+0000] {processor.py:840} INFO - DAG(s) 'example_sensor_decorator' retrieved from /home/airflow/.local/lib/python3.8/site-packages/airflow/example_dags/example_sensor_decorator.py
[2024-10-29T23:49:05.555+0000] {logging_mixin.py:188} INFO - [2024-10-29T23:49:05.555+0000] {dag.py:3047} INFO - Sync 1 DAGs
[2024-10-29T23:49:05.579+0000] {logging_mixin.py:188} INFO - [2024-10-29T23:49:05.578+0000] {dag.py:3834} INFO - Setting next_dagrun for example_sensor_decorator to None, run_after=None
[2024-10-29T23:49:05.620+0000] {processor.py:183} INFO - Processing /home/airflow/.local/lib/python3.8/site-packages/airflow/example_dags/example_sensor_decorator.py took 0.119 seconds
[2024-10-29T23:49:35.874+0000] {processor.py:161} INFO - Started process (PID=1748) to work on /home/airflow/.local/lib/python3.8/site-packages/airflow/example_dags/example_sensor_decorator.py
[2024-10-29T23:49:35.882+0000] {processor.py:830} INFO - Processing file /home/airflow/.local/lib/python3.8/site-packages/airflow/example_dags/example_sensor_decorator.py for tasks to queue
[2024-10-29T23:49:35.886+0000] {logging_mixin.py:188} INFO - [2024-10-29T23:49:35.885+0000] {dagbag.py:540} INFO - Filling up the DagBag from /home/airflow/.local/lib/python3.8/site-packages/airflow/example_dags/example_sensor_decorator.py
[2024-10-29T23:49:35.903+0000] {processor.py:840} INFO - DAG(s) 'example_sensor_decorator' retrieved from /home/airflow/.local/lib/python3.8/site-packages/airflow/example_dags/example_sensor_decorator.py
[2024-10-29T23:49:35.964+0000] {logging_mixin.py:188} INFO - [2024-10-29T23:49:35.962+0000] {dag.py:3047} INFO - Sync 1 DAGs
[2024-10-29T23:49:36.009+0000] {logging_mixin.py:188} INFO - [2024-10-29T23:49:36.008+0000] {dag.py:3834} INFO - Setting next_dagrun for example_sensor_decorator to None, run_after=None
[2024-10-29T23:49:36.053+0000] {processor.py:183} INFO - Processing /home/airflow/.local/lib/python3.8/site-packages/airflow/example_dags/example_sensor_decorator.py took 0.186 seconds
[2024-10-29T23:50:07.003+0000] {processor.py:161} INFO - Started process (PID=1804) to work on /home/airflow/.local/lib/python3.8/site-packages/airflow/example_dags/example_sensor_decorator.py
[2024-10-29T23:50:07.011+0000] {processor.py:830} INFO - Processing file /home/airflow/.local/lib/python3.8/site-packages/airflow/example_dags/example_sensor_decorator.py for tasks to queue
[2024-10-29T23:50:07.016+0000] {logging_mixin.py:188} INFO - [2024-10-29T23:50:07.015+0000] {dagbag.py:540} INFO - Filling up the DagBag from /home/airflow/.local/lib/python3.8/site-packages/airflow/example_dags/example_sensor_decorator.py
[2024-10-29T23:50:07.033+0000] {processor.py:840} INFO - DAG(s) 'example_sensor_decorator' retrieved from /home/airflow/.local/lib/python3.8/site-packages/airflow/example_dags/example_sensor_decorator.py
[2024-10-29T23:50:07.092+0000] {logging_mixin.py:188} INFO - [2024-10-29T23:50:07.092+0000] {dag.py:3047} INFO - Sync 1 DAGs
[2024-10-29T23:50:07.151+0000] {logging_mixin.py:188} INFO - [2024-10-29T23:50:07.150+0000] {dag.py:3834} INFO - Setting next_dagrun for example_sensor_decorator to None, run_after=None
[2024-10-29T23:50:07.223+0000] {processor.py:183} INFO - Processing /home/airflow/.local/lib/python3.8/site-packages/airflow/example_dags/example_sensor_decorator.py took 0.229 seconds
[2024-10-29T23:50:37.342+0000] {processor.py:161} INFO - Started process (PID=1860) to work on /home/airflow/.local/lib/python3.8/site-packages/airflow/example_dags/example_sensor_decorator.py
[2024-10-29T23:50:37.348+0000] {processor.py:830} INFO - Processing file /home/airflow/.local/lib/python3.8/site-packages/airflow/example_dags/example_sensor_decorator.py for tasks to queue
[2024-10-29T23:50:37.349+0000] {logging_mixin.py:188} INFO - [2024-10-29T23:50:37.349+0000] {dagbag.py:540} INFO - Filling up the DagBag from /home/airflow/.local/lib/python3.8/site-packages/airflow/example_dags/example_sensor_decorator.py
[2024-10-29T23:50:37.355+0000] {processor.py:840} INFO - DAG(s) 'example_sensor_decorator' retrieved from /home/airflow/.local/lib/python3.8/site-packages/airflow/example_dags/example_sensor_decorator.py
[2024-10-29T23:50:37.374+0000] {logging_mixin.py:188} INFO - [2024-10-29T23:50:37.373+0000] {dag.py:3047} INFO - Sync 1 DAGs
[2024-10-29T23:50:37.386+0000] {logging_mixin.py:188} INFO - [2024-10-29T23:50:37.386+0000] {dag.py:3834} INFO - Setting next_dagrun for example_sensor_decorator to None, run_after=None
[2024-10-29T23:50:37.405+0000] {processor.py:183} INFO - Processing /home/airflow/.local/lib/python3.8/site-packages/airflow/example_dags/example_sensor_decorator.py took 0.066 seconds
[2024-10-29T23:51:08.233+0000] {processor.py:161} INFO - Started process (PID=1916) to work on /home/airflow/.local/lib/python3.8/site-packages/airflow/example_dags/example_sensor_decorator.py
[2024-10-29T23:51:08.239+0000] {processor.py:830} INFO - Processing file /home/airflow/.local/lib/python3.8/site-packages/airflow/example_dags/example_sensor_decorator.py for tasks to queue
[2024-10-29T23:51:08.241+0000] {logging_mixin.py:188} INFO - [2024-10-29T23:51:08.241+0000] {dagbag.py:540} INFO - Filling up the DagBag from /home/airflow/.local/lib/python3.8/site-packages/airflow/example_dags/example_sensor_decorator.py
[2024-10-29T23:51:08.248+0000] {processor.py:840} INFO - DAG(s) 'example_sensor_decorator' retrieved from /home/airflow/.local/lib/python3.8/site-packages/airflow/example_dags/example_sensor_decorator.py
[2024-10-29T23:51:08.274+0000] {logging_mixin.py:188} INFO - [2024-10-29T23:51:08.274+0000] {dag.py:3047} INFO - Sync 1 DAGs
[2024-10-29T23:51:08.294+0000] {logging_mixin.py:188} INFO - [2024-10-29T23:51:08.294+0000] {dag.py:3834} INFO - Setting next_dagrun for example_sensor_decorator to None, run_after=None
[2024-10-29T23:51:08.322+0000] {processor.py:183} INFO - Processing /home/airflow/.local/lib/python3.8/site-packages/airflow/example_dags/example_sensor_decorator.py took 0.092 seconds
[2024-10-29T23:51:38.673+0000] {processor.py:161} INFO - Started process (PID=1971) to work on /home/airflow/.local/lib/python3.8/site-packages/airflow/example_dags/example_sensor_decorator.py
[2024-10-29T23:51:38.679+0000] {processor.py:830} INFO - Processing file /home/airflow/.local/lib/python3.8/site-packages/airflow/example_dags/example_sensor_decorator.py for tasks to queue
[2024-10-29T23:51:38.681+0000] {logging_mixin.py:188} INFO - [2024-10-29T23:51:38.680+0000] {dagbag.py:540} INFO - Filling up the DagBag from /home/airflow/.local/lib/python3.8/site-packages/airflow/example_dags/example_sensor_decorator.py
[2024-10-29T23:51:38.686+0000] {processor.py:840} INFO - DAG(s) 'example_sensor_decorator' retrieved from /home/airflow/.local/lib/python3.8/site-packages/airflow/example_dags/example_sensor_decorator.py
[2024-10-29T23:51:38.705+0000] {logging_mixin.py:188} INFO - [2024-10-29T23:51:38.705+0000] {dag.py:3047} INFO - Sync 1 DAGs
[2024-10-29T23:51:38.717+0000] {logging_mixin.py:188} INFO - [2024-10-29T23:51:38.716+0000] {dag.py:3834} INFO - Setting next_dagrun for example_sensor_decorator to None, run_after=None
[2024-10-29T23:51:38.734+0000] {processor.py:183} INFO - Processing /home/airflow/.local/lib/python3.8/site-packages/airflow/example_dags/example_sensor_decorator.py took 0.063 seconds
[2024-10-29T23:52:08.902+0000] {processor.py:161} INFO - Started process (PID=2027) to work on /home/airflow/.local/lib/python3.8/site-packages/airflow/example_dags/example_sensor_decorator.py
[2024-10-29T23:52:08.908+0000] {processor.py:830} INFO - Processing file /home/airflow/.local/lib/python3.8/site-packages/airflow/example_dags/example_sensor_decorator.py for tasks to queue
[2024-10-29T23:52:08.911+0000] {logging_mixin.py:188} INFO - [2024-10-29T23:52:08.910+0000] {dagbag.py:540} INFO - Filling up the DagBag from /home/airflow/.local/lib/python3.8/site-packages/airflow/example_dags/example_sensor_decorator.py
[2024-10-29T23:52:08.916+0000] {processor.py:840} INFO - DAG(s) 'example_sensor_decorator' retrieved from /home/airflow/.local/lib/python3.8/site-packages/airflow/example_dags/example_sensor_decorator.py
[2024-10-29T23:52:08.937+0000] {logging_mixin.py:188} INFO - [2024-10-29T23:52:08.936+0000] {dag.py:3047} INFO - Sync 1 DAGs
[2024-10-29T23:52:08.950+0000] {logging_mixin.py:188} INFO - [2024-10-29T23:52:08.950+0000] {dag.py:3834} INFO - Setting next_dagrun for example_sensor_decorator to None, run_after=None
[2024-10-29T23:52:08.970+0000] {processor.py:183} INFO - Processing /home/airflow/.local/lib/python3.8/site-packages/airflow/example_dags/example_sensor_decorator.py took 0.071 seconds
[2024-10-29T23:52:39.078+0000] {processor.py:161} INFO - Started process (PID=2083) to work on /home/airflow/.local/lib/python3.8/site-packages/airflow/example_dags/example_sensor_decorator.py
[2024-10-29T23:52:39.084+0000] {processor.py:830} INFO - Processing file /home/airflow/.local/lib/python3.8/site-packages/airflow/example_dags/example_sensor_decorator.py for tasks to queue
[2024-10-29T23:52:39.087+0000] {logging_mixin.py:188} INFO - [2024-10-29T23:52:39.086+0000] {dagbag.py:540} INFO - Filling up the DagBag from /home/airflow/.local/lib/python3.8/site-packages/airflow/example_dags/example_sensor_decorator.py
[2024-10-29T23:52:39.096+0000] {processor.py:840} INFO - DAG(s) 'example_sensor_decorator' retrieved from /home/airflow/.local/lib/python3.8/site-packages/airflow/example_dags/example_sensor_decorator.py
[2024-10-29T23:52:39.118+0000] {logging_mixin.py:188} INFO - [2024-10-29T23:52:39.118+0000] {dag.py:3047} INFO - Sync 1 DAGs
[2024-10-29T23:52:39.135+0000] {logging_mixin.py:188} INFO - [2024-10-29T23:52:39.135+0000] {dag.py:3834} INFO - Setting next_dagrun for example_sensor_decorator to None, run_after=None
[2024-10-29T23:52:39.160+0000] {processor.py:183} INFO - Processing /home/airflow/.local/lib/python3.8/site-packages/airflow/example_dags/example_sensor_decorator.py took 0.086 seconds
[2024-10-29T23:53:09.876+0000] {processor.py:161} INFO - Started process (PID=2139) to work on /home/airflow/.local/lib/python3.8/site-packages/airflow/example_dags/example_sensor_decorator.py
[2024-10-29T23:53:09.879+0000] {processor.py:830} INFO - Processing file /home/airflow/.local/lib/python3.8/site-packages/airflow/example_dags/example_sensor_decorator.py for tasks to queue
[2024-10-29T23:53:09.880+0000] {logging_mixin.py:188} INFO - [2024-10-29T23:53:09.880+0000] {dagbag.py:540} INFO - Filling up the DagBag from /home/airflow/.local/lib/python3.8/site-packages/airflow/example_dags/example_sensor_decorator.py
[2024-10-29T23:53:09.885+0000] {processor.py:840} INFO - DAG(s) 'example_sensor_decorator' retrieved from /home/airflow/.local/lib/python3.8/site-packages/airflow/example_dags/example_sensor_decorator.py
[2024-10-29T23:53:09.901+0000] {logging_mixin.py:188} INFO - [2024-10-29T23:53:09.901+0000] {dag.py:3047} INFO - Sync 1 DAGs
[2024-10-29T23:53:09.913+0000] {logging_mixin.py:188} INFO - [2024-10-29T23:53:09.913+0000] {dag.py:3834} INFO - Setting next_dagrun for example_sensor_decorator to None, run_after=None
[2024-10-29T23:53:09.928+0000] {processor.py:183} INFO - Processing /home/airflow/.local/lib/python3.8/site-packages/airflow/example_dags/example_sensor_decorator.py took 0.055 seconds
[2024-10-29T23:53:40.602+0000] {processor.py:161} INFO - Started process (PID=2195) to work on /home/airflow/.local/lib/python3.8/site-packages/airflow/example_dags/example_sensor_decorator.py
[2024-10-29T23:53:40.604+0000] {processor.py:830} INFO - Processing file /home/airflow/.local/lib/python3.8/site-packages/airflow/example_dags/example_sensor_decorator.py for tasks to queue
[2024-10-29T23:53:40.609+0000] {logging_mixin.py:188} INFO - [2024-10-29T23:53:40.608+0000] {dagbag.py:540} INFO - Filling up the DagBag from /home/airflow/.local/lib/python3.8/site-packages/airflow/example_dags/example_sensor_decorator.py
[2024-10-29T23:53:40.625+0000] {processor.py:840} INFO - DAG(s) 'example_sensor_decorator' retrieved from /home/airflow/.local/lib/python3.8/site-packages/airflow/example_dags/example_sensor_decorator.py
[2024-10-29T23:53:40.680+0000] {logging_mixin.py:188} INFO - [2024-10-29T23:53:40.679+0000] {dag.py:3047} INFO - Sync 1 DAGs
[2024-10-29T23:53:40.719+0000] {logging_mixin.py:188} INFO - [2024-10-29T23:53:40.719+0000] {dag.py:3834} INFO - Setting next_dagrun for example_sensor_decorator to None, run_after=None
[2024-10-29T23:53:40.780+0000] {processor.py:183} INFO - Processing /home/airflow/.local/lib/python3.8/site-packages/airflow/example_dags/example_sensor_decorator.py took 0.186 seconds
[2024-10-29T23:54:11.383+0000] {processor.py:161} INFO - Started process (PID=2251) to work on /home/airflow/.local/lib/python3.8/site-packages/airflow/example_dags/example_sensor_decorator.py
[2024-10-29T23:54:11.389+0000] {processor.py:830} INFO - Processing file /home/airflow/.local/lib/python3.8/site-packages/airflow/example_dags/example_sensor_decorator.py for tasks to queue
[2024-10-29T23:54:11.392+0000] {logging_mixin.py:188} INFO - [2024-10-29T23:54:11.392+0000] {dagbag.py:540} INFO - Filling up the DagBag from /home/airflow/.local/lib/python3.8/site-packages/airflow/example_dags/example_sensor_decorator.py
[2024-10-29T23:54:11.402+0000] {processor.py:840} INFO - DAG(s) 'example_sensor_decorator' retrieved from /home/airflow/.local/lib/python3.8/site-packages/airflow/example_dags/example_sensor_decorator.py
[2024-10-29T23:54:11.428+0000] {logging_mixin.py:188} INFO - [2024-10-29T23:54:11.427+0000] {dag.py:3047} INFO - Sync 1 DAGs
[2024-10-29T23:54:11.450+0000] {logging_mixin.py:188} INFO - [2024-10-29T23:54:11.450+0000] {dag.py:3834} INFO - Setting next_dagrun for example_sensor_decorator to None, run_after=None
[2024-10-29T23:54:11.478+0000] {processor.py:183} INFO - Processing /home/airflow/.local/lib/python3.8/site-packages/airflow/example_dags/example_sensor_decorator.py took 0.098 seconds
[2024-10-29T23:54:42.068+0000] {processor.py:161} INFO - Started process (PID=2307) to work on /home/airflow/.local/lib/python3.8/site-packages/airflow/example_dags/example_sensor_decorator.py
[2024-10-29T23:54:42.074+0000] {processor.py:830} INFO - Processing file /home/airflow/.local/lib/python3.8/site-packages/airflow/example_dags/example_sensor_decorator.py for tasks to queue
[2024-10-29T23:54:42.076+0000] {logging_mixin.py:188} INFO - [2024-10-29T23:54:42.076+0000] {dagbag.py:540} INFO - Filling up the DagBag from /home/airflow/.local/lib/python3.8/site-packages/airflow/example_dags/example_sensor_decorator.py
[2024-10-29T23:54:42.082+0000] {processor.py:840} INFO - DAG(s) 'example_sensor_decorator' retrieved from /home/airflow/.local/lib/python3.8/site-packages/airflow/example_dags/example_sensor_decorator.py
[2024-10-29T23:54:42.108+0000] {logging_mixin.py:188} INFO - [2024-10-29T23:54:42.107+0000] {dag.py:3047} INFO - Sync 1 DAGs
[2024-10-29T23:54:42.128+0000] {logging_mixin.py:188} INFO - [2024-10-29T23:54:42.128+0000] {dag.py:3834} INFO - Setting next_dagrun for example_sensor_decorator to None, run_after=None
[2024-10-29T23:54:42.154+0000] {processor.py:183} INFO - Processing /home/airflow/.local/lib/python3.8/site-packages/airflow/example_dags/example_sensor_decorator.py took 0.089 seconds
[2024-10-29T23:55:12.504+0000] {processor.py:161} INFO - Started process (PID=2363) to work on /home/airflow/.local/lib/python3.8/site-packages/airflow/example_dags/example_sensor_decorator.py
[2024-10-29T23:55:12.507+0000] {processor.py:830} INFO - Processing file /home/airflow/.local/lib/python3.8/site-packages/airflow/example_dags/example_sensor_decorator.py for tasks to queue
[2024-10-29T23:55:12.511+0000] {logging_mixin.py:188} INFO - [2024-10-29T23:55:12.510+0000] {dagbag.py:540} INFO - Filling up the DagBag from /home/airflow/.local/lib/python3.8/site-packages/airflow/example_dags/example_sensor_decorator.py
[2024-10-29T23:55:12.527+0000] {processor.py:840} INFO - DAG(s) 'example_sensor_decorator' retrieved from /home/airflow/.local/lib/python3.8/site-packages/airflow/example_dags/example_sensor_decorator.py
[2024-10-29T23:55:12.585+0000] {logging_mixin.py:188} INFO - [2024-10-29T23:55:12.584+0000] {dag.py:3047} INFO - Sync 1 DAGs
[2024-10-29T23:55:12.624+0000] {logging_mixin.py:188} INFO - [2024-10-29T23:55:12.623+0000] {dag.py:3834} INFO - Setting next_dagrun for example_sensor_decorator to None, run_after=None
[2024-10-29T23:55:12.660+0000] {processor.py:183} INFO - Processing /home/airflow/.local/lib/python3.8/site-packages/airflow/example_dags/example_sensor_decorator.py took 0.163 seconds
[2024-10-29T23:55:42.865+0000] {processor.py:161} INFO - Started process (PID=2419) to work on /home/airflow/.local/lib/python3.8/site-packages/airflow/example_dags/example_sensor_decorator.py
[2024-10-29T23:55:42.866+0000] {processor.py:830} INFO - Processing file /home/airflow/.local/lib/python3.8/site-packages/airflow/example_dags/example_sensor_decorator.py for tasks to queue
[2024-10-29T23:55:42.868+0000] {logging_mixin.py:188} INFO - [2024-10-29T23:55:42.867+0000] {dagbag.py:540} INFO - Filling up the DagBag from /home/airflow/.local/lib/python3.8/site-packages/airflow/example_dags/example_sensor_decorator.py
[2024-10-29T23:55:42.874+0000] {processor.py:840} INFO - DAG(s) 'example_sensor_decorator' retrieved from /home/airflow/.local/lib/python3.8/site-packages/airflow/example_dags/example_sensor_decorator.py
[2024-10-29T23:55:42.895+0000] {logging_mixin.py:188} INFO - [2024-10-29T23:55:42.894+0000] {dag.py:3047} INFO - Sync 1 DAGs
[2024-10-29T23:55:42.908+0000] {logging_mixin.py:188} INFO - [2024-10-29T23:55:42.907+0000] {dag.py:3834} INFO - Setting next_dagrun for example_sensor_decorator to None, run_after=None
[2024-10-29T23:55:42.925+0000] {processor.py:183} INFO - Processing /home/airflow/.local/lib/python3.8/site-packages/airflow/example_dags/example_sensor_decorator.py took 0.063 seconds
[2024-10-29T23:56:13.811+0000] {processor.py:161} INFO - Started process (PID=2475) to work on /home/airflow/.local/lib/python3.8/site-packages/airflow/example_dags/example_sensor_decorator.py
[2024-10-29T23:56:13.813+0000] {processor.py:830} INFO - Processing file /home/airflow/.local/lib/python3.8/site-packages/airflow/example_dags/example_sensor_decorator.py for tasks to queue
[2024-10-29T23:56:13.815+0000] {logging_mixin.py:188} INFO - [2024-10-29T23:56:13.815+0000] {dagbag.py:540} INFO - Filling up the DagBag from /home/airflow/.local/lib/python3.8/site-packages/airflow/example_dags/example_sensor_decorator.py
[2024-10-29T23:56:13.823+0000] {processor.py:840} INFO - DAG(s) 'example_sensor_decorator' retrieved from /home/airflow/.local/lib/python3.8/site-packages/airflow/example_dags/example_sensor_decorator.py
[2024-10-29T23:56:13.847+0000] {logging_mixin.py:188} INFO - [2024-10-29T23:56:13.846+0000] {dag.py:3047} INFO - Sync 1 DAGs
[2024-10-29T23:56:13.861+0000] {logging_mixin.py:188} INFO - [2024-10-29T23:56:13.861+0000] {dag.py:3834} INFO - Setting next_dagrun for example_sensor_decorator to None, run_after=None
[2024-10-29T23:56:13.881+0000] {processor.py:183} INFO - Processing /home/airflow/.local/lib/python3.8/site-packages/airflow/example_dags/example_sensor_decorator.py took 0.073 seconds
[2024-10-29T23:56:44.235+0000] {processor.py:161} INFO - Started process (PID=2531) to work on /home/airflow/.local/lib/python3.8/site-packages/airflow/example_dags/example_sensor_decorator.py
[2024-10-29T23:56:44.236+0000] {processor.py:830} INFO - Processing file /home/airflow/.local/lib/python3.8/site-packages/airflow/example_dags/example_sensor_decorator.py for tasks to queue
[2024-10-29T23:56:44.239+0000] {logging_mixin.py:188} INFO - [2024-10-29T23:56:44.239+0000] {dagbag.py:540} INFO - Filling up the DagBag from /home/airflow/.local/lib/python3.8/site-packages/airflow/example_dags/example_sensor_decorator.py
[2024-10-29T23:56:44.248+0000] {processor.py:840} INFO - DAG(s) 'example_sensor_decorator' retrieved from /home/airflow/.local/lib/python3.8/site-packages/airflow/example_dags/example_sensor_decorator.py
[2024-10-29T23:56:44.271+0000] {logging_mixin.py:188} INFO - [2024-10-29T23:56:44.271+0000] {dag.py:3047} INFO - Sync 1 DAGs
[2024-10-29T23:56:44.290+0000] {logging_mixin.py:188} INFO - [2024-10-29T23:56:44.290+0000] {dag.py:3834} INFO - Setting next_dagrun for example_sensor_decorator to None, run_after=None
[2024-10-29T23:56:44.318+0000] {processor.py:183} INFO - Processing /home/airflow/.local/lib/python3.8/site-packages/airflow/example_dags/example_sensor_decorator.py took 0.087 seconds
[2024-10-29T23:57:14.809+0000] {processor.py:161} INFO - Started process (PID=2587) to work on /home/airflow/.local/lib/python3.8/site-packages/airflow/example_dags/example_sensor_decorator.py
[2024-10-29T23:57:14.810+0000] {processor.py:830} INFO - Processing file /home/airflow/.local/lib/python3.8/site-packages/airflow/example_dags/example_sensor_decorator.py for tasks to queue
[2024-10-29T23:57:14.811+0000] {logging_mixin.py:188} INFO - [2024-10-29T23:57:14.811+0000] {dagbag.py:540} INFO - Filling up the DagBag from /home/airflow/.local/lib/python3.8/site-packages/airflow/example_dags/example_sensor_decorator.py
[2024-10-29T23:57:14.816+0000] {processor.py:840} INFO - DAG(s) 'example_sensor_decorator' retrieved from /home/airflow/.local/lib/python3.8/site-packages/airflow/example_dags/example_sensor_decorator.py
[2024-10-29T23:57:14.835+0000] {logging_mixin.py:188} INFO - [2024-10-29T23:57:14.835+0000] {dag.py:3047} INFO - Sync 1 DAGs
[2024-10-29T23:57:14.849+0000] {logging_mixin.py:188} INFO - [2024-10-29T23:57:14.849+0000] {dag.py:3834} INFO - Setting next_dagrun for example_sensor_decorator to None, run_after=None
[2024-10-29T23:57:14.876+0000] {processor.py:183} INFO - Processing /home/airflow/.local/lib/python3.8/site-packages/airflow/example_dags/example_sensor_decorator.py took 0.070 seconds
[2024-10-29T23:57:45.073+0000] {processor.py:161} INFO - Started process (PID=2643) to work on /home/airflow/.local/lib/python3.8/site-packages/airflow/example_dags/example_sensor_decorator.py
[2024-10-29T23:57:45.079+0000] {processor.py:830} INFO - Processing file /home/airflow/.local/lib/python3.8/site-packages/airflow/example_dags/example_sensor_decorator.py for tasks to queue
[2024-10-29T23:57:45.081+0000] {logging_mixin.py:188} INFO - [2024-10-29T23:57:45.080+0000] {dagbag.py:540} INFO - Filling up the DagBag from /home/airflow/.local/lib/python3.8/site-packages/airflow/example_dags/example_sensor_decorator.py
[2024-10-29T23:57:45.087+0000] {processor.py:840} INFO - DAG(s) 'example_sensor_decorator' retrieved from /home/airflow/.local/lib/python3.8/site-packages/airflow/example_dags/example_sensor_decorator.py
[2024-10-29T23:57:45.105+0000] {logging_mixin.py:188} INFO - [2024-10-29T23:57:45.105+0000] {dag.py:3047} INFO - Sync 1 DAGs
[2024-10-29T23:57:45.118+0000] {logging_mixin.py:188} INFO - [2024-10-29T23:57:45.118+0000] {dag.py:3834} INFO - Setting next_dagrun for example_sensor_decorator to None, run_after=None
[2024-10-29T23:57:45.137+0000] {processor.py:183} INFO - Processing /home/airflow/.local/lib/python3.8/site-packages/airflow/example_dags/example_sensor_decorator.py took 0.066 seconds
[2024-10-29T23:58:15.905+0000] {processor.py:161} INFO - Started process (PID=2699) to work on /home/airflow/.local/lib/python3.8/site-packages/airflow/example_dags/example_sensor_decorator.py
[2024-10-29T23:58:15.911+0000] {processor.py:830} INFO - Processing file /home/airflow/.local/lib/python3.8/site-packages/airflow/example_dags/example_sensor_decorator.py for tasks to queue
[2024-10-29T23:58:15.912+0000] {logging_mixin.py:188} INFO - [2024-10-29T23:58:15.912+0000] {dagbag.py:540} INFO - Filling up the DagBag from /home/airflow/.local/lib/python3.8/site-packages/airflow/example_dags/example_sensor_decorator.py
[2024-10-29T23:58:15.918+0000] {processor.py:840} INFO - DAG(s) 'example_sensor_decorator' retrieved from /home/airflow/.local/lib/python3.8/site-packages/airflow/example_dags/example_sensor_decorator.py
[2024-10-29T23:58:15.946+0000] {logging_mixin.py:188} INFO - [2024-10-29T23:58:15.946+0000] {dag.py:3047} INFO - Sync 1 DAGs
[2024-10-29T23:58:15.969+0000] {logging_mixin.py:188} INFO - [2024-10-29T23:58:15.969+0000] {dag.py:3834} INFO - Setting next_dagrun for example_sensor_decorator to None, run_after=None
[2024-10-29T23:58:15.991+0000] {processor.py:183} INFO - Processing /home/airflow/.local/lib/python3.8/site-packages/airflow/example_dags/example_sensor_decorator.py took 0.089 seconds
[2024-10-29T23:58:46.037+0000] {processor.py:161} INFO - Started process (PID=2755) to work on /home/airflow/.local/lib/python3.8/site-packages/airflow/example_dags/example_sensor_decorator.py
[2024-10-29T23:58:46.044+0000] {processor.py:830} INFO - Processing file /home/airflow/.local/lib/python3.8/site-packages/airflow/example_dags/example_sensor_decorator.py for tasks to queue
[2024-10-29T23:58:46.050+0000] {logging_mixin.py:188} INFO - [2024-10-29T23:58:46.049+0000] {dagbag.py:540} INFO - Filling up the DagBag from /home/airflow/.local/lib/python3.8/site-packages/airflow/example_dags/example_sensor_decorator.py
[2024-10-29T23:58:46.067+0000] {processor.py:840} INFO - DAG(s) 'example_sensor_decorator' retrieved from /home/airflow/.local/lib/python3.8/site-packages/airflow/example_dags/example_sensor_decorator.py
[2024-10-29T23:58:46.120+0000] {logging_mixin.py:188} INFO - [2024-10-29T23:58:46.119+0000] {dag.py:3047} INFO - Sync 1 DAGs
[2024-10-29T23:58:46.164+0000] {logging_mixin.py:188} INFO - [2024-10-29T23:58:46.163+0000] {dag.py:3834} INFO - Setting next_dagrun for example_sensor_decorator to None, run_after=None
[2024-10-29T23:58:46.198+0000] {processor.py:183} INFO - Processing /home/airflow/.local/lib/python3.8/site-packages/airflow/example_dags/example_sensor_decorator.py took 0.170 seconds
[2024-10-29T23:59:16.259+0000] {processor.py:161} INFO - Started process (PID=2811) to work on /home/airflow/.local/lib/python3.8/site-packages/airflow/example_dags/example_sensor_decorator.py
[2024-10-29T23:59:16.266+0000] {processor.py:830} INFO - Processing file /home/airflow/.local/lib/python3.8/site-packages/airflow/example_dags/example_sensor_decorator.py for tasks to queue
[2024-10-29T23:59:16.270+0000] {logging_mixin.py:188} INFO - [2024-10-29T23:59:16.269+0000] {dagbag.py:540} INFO - Filling up the DagBag from /home/airflow/.local/lib/python3.8/site-packages/airflow/example_dags/example_sensor_decorator.py
[2024-10-29T23:59:16.285+0000] {processor.py:840} INFO - DAG(s) 'example_sensor_decorator' retrieved from /home/airflow/.local/lib/python3.8/site-packages/airflow/example_dags/example_sensor_decorator.py
[2024-10-29T23:59:16.338+0000] {logging_mixin.py:188} INFO - [2024-10-29T23:59:16.337+0000] {dag.py:3047} INFO - Sync 1 DAGs
[2024-10-29T23:59:16.377+0000] {logging_mixin.py:188} INFO - [2024-10-29T23:59:16.376+0000] {dag.py:3834} INFO - Setting next_dagrun for example_sensor_decorator to None, run_after=None
[2024-10-29T23:59:16.429+0000] {processor.py:183} INFO - Processing /home/airflow/.local/lib/python3.8/site-packages/airflow/example_dags/example_sensor_decorator.py took 0.178 seconds
[2024-10-29T23:59:46.616+0000] {processor.py:161} INFO - Started process (PID=2867) to work on /home/airflow/.local/lib/python3.8/site-packages/airflow/example_dags/example_sensor_decorator.py
[2024-10-29T23:59:46.623+0000] {processor.py:830} INFO - Processing file /home/airflow/.local/lib/python3.8/site-packages/airflow/example_dags/example_sensor_decorator.py for tasks to queue
[2024-10-29T23:59:46.625+0000] {logging_mixin.py:188} INFO - [2024-10-29T23:59:46.625+0000] {dagbag.py:540} INFO - Filling up the DagBag from /home/airflow/.local/lib/python3.8/site-packages/airflow/example_dags/example_sensor_decorator.py
[2024-10-29T23:59:46.634+0000] {processor.py:840} INFO - DAG(s) 'example_sensor_decorator' retrieved from /home/airflow/.local/lib/python3.8/site-packages/airflow/example_dags/example_sensor_decorator.py
[2024-10-29T23:59:46.673+0000] {logging_mixin.py:188} INFO - [2024-10-29T23:59:46.672+0000] {dag.py:3047} INFO - Sync 1 DAGs
[2024-10-29T23:59:46.701+0000] {logging_mixin.py:188} INFO - [2024-10-29T23:59:46.700+0000] {dag.py:3834} INFO - Setting next_dagrun for example_sensor_decorator to None, run_after=None
[2024-10-29T23:59:46.739+0000] {processor.py:183} INFO - Processing /home/airflow/.local/lib/python3.8/site-packages/airflow/example_dags/example_sensor_decorator.py took 0.127 seconds
