[2024-10-29T23:27:23.213+0000] {processor.py:161} INFO - Started process (PID=16652) to work on /home/airflow/.local/lib/python3.8/site-packages/airflow/example_dags/example_branch_labels.py
[2024-10-29T23:27:23.214+0000] {processor.py:830} INFO - Processing file /home/airflow/.local/lib/python3.8/site-packages/airflow/example_dags/example_branch_labels.py for tasks to queue
[2024-10-29T23:27:23.216+0000] {logging_mixin.py:188} INFO - [2024-10-29T23:27:23.215+0000] {dagbag.py:540} INFO - Filling up the DagBag from /home/airflow/.local/lib/python3.8/site-packages/airflow/example_dags/example_branch_labels.py
[2024-10-29T23:27:23.224+0000] {processor.py:840} INFO - DAG(s) 'example_branch_labels' retrieved from /home/airflow/.local/lib/python3.8/site-packages/airflow/example_dags/example_branch_labels.py
[2024-10-29T23:27:23.246+0000] {logging_mixin.py:188} INFO - [2024-10-29T23:27:23.246+0000] {dag.py:3047} INFO - Sync 1 DAGs
[2024-10-29T23:27:23.290+0000] {logging_mixin.py:188} INFO - [2024-10-29T23:27:23.290+0000] {dag.py:3834} INFO - Setting next_dagrun for example_branch_labels to 2024-10-28 00:00:00+00:00, run_after=2024-10-29 00:00:00+00:00
[2024-10-29T23:27:23.309+0000] {processor.py:183} INFO - Processing /home/airflow/.local/lib/python3.8/site-packages/airflow/example_dags/example_branch_labels.py took 0.099 seconds
[2024-10-29T23:27:53.819+0000] {processor.py:161} INFO - Started process (PID=16708) to work on /home/airflow/.local/lib/python3.8/site-packages/airflow/example_dags/example_branch_labels.py
[2024-10-29T23:27:53.820+0000] {processor.py:830} INFO - Processing file /home/airflow/.local/lib/python3.8/site-packages/airflow/example_dags/example_branch_labels.py for tasks to queue
[2024-10-29T23:27:53.821+0000] {logging_mixin.py:188} INFO - [2024-10-29T23:27:53.821+0000] {dagbag.py:540} INFO - Filling up the DagBag from /home/airflow/.local/lib/python3.8/site-packages/airflow/example_dags/example_branch_labels.py
[2024-10-29T23:27:53.828+0000] {processor.py:840} INFO - DAG(s) 'example_branch_labels' retrieved from /home/airflow/.local/lib/python3.8/site-packages/airflow/example_dags/example_branch_labels.py
[2024-10-29T23:27:53.846+0000] {logging_mixin.py:188} INFO - [2024-10-29T23:27:53.845+0000] {dag.py:3047} INFO - Sync 1 DAGs
[2024-10-29T23:27:53.867+0000] {logging_mixin.py:188} INFO - [2024-10-29T23:27:53.867+0000] {dag.py:3834} INFO - Setting next_dagrun for example_branch_labels to 2024-10-28 00:00:00+00:00, run_after=2024-10-29 00:00:00+00:00
[2024-10-29T23:27:53.881+0000] {processor.py:183} INFO - Processing /home/airflow/.local/lib/python3.8/site-packages/airflow/example_dags/example_branch_labels.py took 0.065 seconds
[2024-10-29T23:28:24.567+0000] {processor.py:161} INFO - Started process (PID=16764) to work on /home/airflow/.local/lib/python3.8/site-packages/airflow/example_dags/example_branch_labels.py
[2024-10-29T23:28:24.568+0000] {processor.py:830} INFO - Processing file /home/airflow/.local/lib/python3.8/site-packages/airflow/example_dags/example_branch_labels.py for tasks to queue
[2024-10-29T23:28:24.570+0000] {logging_mixin.py:188} INFO - [2024-10-29T23:28:24.569+0000] {dagbag.py:540} INFO - Filling up the DagBag from /home/airflow/.local/lib/python3.8/site-packages/airflow/example_dags/example_branch_labels.py
[2024-10-29T23:28:24.582+0000] {processor.py:840} INFO - DAG(s) 'example_branch_labels' retrieved from /home/airflow/.local/lib/python3.8/site-packages/airflow/example_dags/example_branch_labels.py
[2024-10-29T23:28:24.602+0000] {logging_mixin.py:188} INFO - [2024-10-29T23:28:24.601+0000] {dag.py:3047} INFO - Sync 1 DAGs
[2024-10-29T23:28:24.627+0000] {logging_mixin.py:188} INFO - [2024-10-29T23:28:24.626+0000] {dag.py:3834} INFO - Setting next_dagrun for example_branch_labels to 2024-10-28 00:00:00+00:00, run_after=2024-10-29 00:00:00+00:00
[2024-10-29T23:28:24.647+0000] {processor.py:183} INFO - Processing /home/airflow/.local/lib/python3.8/site-packages/airflow/example_dags/example_branch_labels.py took 0.082 seconds
[2024-10-29T23:28:55.523+0000] {processor.py:161} INFO - Started process (PID=16820) to work on /home/airflow/.local/lib/python3.8/site-packages/airflow/example_dags/example_branch_labels.py
[2024-10-29T23:28:55.524+0000] {processor.py:830} INFO - Processing file /home/airflow/.local/lib/python3.8/site-packages/airflow/example_dags/example_branch_labels.py for tasks to queue
[2024-10-29T23:28:55.525+0000] {logging_mixin.py:188} INFO - [2024-10-29T23:28:55.525+0000] {dagbag.py:540} INFO - Filling up the DagBag from /home/airflow/.local/lib/python3.8/site-packages/airflow/example_dags/example_branch_labels.py
[2024-10-29T23:28:55.532+0000] {processor.py:840} INFO - DAG(s) 'example_branch_labels' retrieved from /home/airflow/.local/lib/python3.8/site-packages/airflow/example_dags/example_branch_labels.py
[2024-10-29T23:28:55.549+0000] {logging_mixin.py:188} INFO - [2024-10-29T23:28:55.548+0000] {dag.py:3047} INFO - Sync 1 DAGs
[2024-10-29T23:28:55.569+0000] {logging_mixin.py:188} INFO - [2024-10-29T23:28:55.568+0000] {dag.py:3834} INFO - Setting next_dagrun for example_branch_labels to 2024-10-28 00:00:00+00:00, run_after=2024-10-29 00:00:00+00:00
[2024-10-29T23:28:55.582+0000] {processor.py:183} INFO - Processing /home/airflow/.local/lib/python3.8/site-packages/airflow/example_dags/example_branch_labels.py took 0.061 seconds
[2024-10-29T23:29:26.604+0000] {processor.py:161} INFO - Started process (PID=16876) to work on /home/airflow/.local/lib/python3.8/site-packages/airflow/example_dags/example_branch_labels.py
[2024-10-29T23:29:26.605+0000] {processor.py:830} INFO - Processing file /home/airflow/.local/lib/python3.8/site-packages/airflow/example_dags/example_branch_labels.py for tasks to queue
[2024-10-29T23:29:26.607+0000] {logging_mixin.py:188} INFO - [2024-10-29T23:29:26.607+0000] {dagbag.py:540} INFO - Filling up the DagBag from /home/airflow/.local/lib/python3.8/site-packages/airflow/example_dags/example_branch_labels.py
[2024-10-29T23:29:26.615+0000] {processor.py:840} INFO - DAG(s) 'example_branch_labels' retrieved from /home/airflow/.local/lib/python3.8/site-packages/airflow/example_dags/example_branch_labels.py
[2024-10-29T23:29:26.634+0000] {logging_mixin.py:188} INFO - [2024-10-29T23:29:26.634+0000] {dag.py:3047} INFO - Sync 1 DAGs
[2024-10-29T23:29:26.667+0000] {logging_mixin.py:188} INFO - [2024-10-29T23:29:26.667+0000] {dag.py:3834} INFO - Setting next_dagrun for example_branch_labels to 2024-10-28 00:00:00+00:00, run_after=2024-10-29 00:00:00+00:00
[2024-10-29T23:29:26.687+0000] {processor.py:183} INFO - Processing /home/airflow/.local/lib/python3.8/site-packages/airflow/example_dags/example_branch_labels.py took 0.085 seconds
[2024-10-29T23:29:56.778+0000] {processor.py:161} INFO - Started process (PID=16932) to work on /home/airflow/.local/lib/python3.8/site-packages/airflow/example_dags/example_branch_labels.py
[2024-10-29T23:29:56.779+0000] {processor.py:830} INFO - Processing file /home/airflow/.local/lib/python3.8/site-packages/airflow/example_dags/example_branch_labels.py for tasks to queue
[2024-10-29T23:29:56.780+0000] {logging_mixin.py:188} INFO - [2024-10-29T23:29:56.780+0000] {dagbag.py:540} INFO - Filling up the DagBag from /home/airflow/.local/lib/python3.8/site-packages/airflow/example_dags/example_branch_labels.py
[2024-10-29T23:29:56.788+0000] {processor.py:840} INFO - DAG(s) 'example_branch_labels' retrieved from /home/airflow/.local/lib/python3.8/site-packages/airflow/example_dags/example_branch_labels.py
[2024-10-29T23:29:56.806+0000] {logging_mixin.py:188} INFO - [2024-10-29T23:29:56.806+0000] {dag.py:3047} INFO - Sync 1 DAGs
[2024-10-29T23:29:56.830+0000] {logging_mixin.py:188} INFO - [2024-10-29T23:29:56.829+0000] {dag.py:3834} INFO - Setting next_dagrun for example_branch_labels to 2024-10-28 00:00:00+00:00, run_after=2024-10-29 00:00:00+00:00
[2024-10-29T23:29:56.846+0000] {processor.py:183} INFO - Processing /home/airflow/.local/lib/python3.8/site-packages/airflow/example_dags/example_branch_labels.py took 0.070 seconds
[2024-10-29T23:30:27.329+0000] {processor.py:161} INFO - Started process (PID=16988) to work on /home/airflow/.local/lib/python3.8/site-packages/airflow/example_dags/example_branch_labels.py
[2024-10-29T23:30:27.330+0000] {processor.py:830} INFO - Processing file /home/airflow/.local/lib/python3.8/site-packages/airflow/example_dags/example_branch_labels.py for tasks to queue
[2024-10-29T23:30:27.332+0000] {logging_mixin.py:188} INFO - [2024-10-29T23:30:27.332+0000] {dagbag.py:540} INFO - Filling up the DagBag from /home/airflow/.local/lib/python3.8/site-packages/airflow/example_dags/example_branch_labels.py
[2024-10-29T23:30:27.342+0000] {processor.py:840} INFO - DAG(s) 'example_branch_labels' retrieved from /home/airflow/.local/lib/python3.8/site-packages/airflow/example_dags/example_branch_labels.py
[2024-10-29T23:30:27.368+0000] {logging_mixin.py:188} INFO - [2024-10-29T23:30:27.367+0000] {dag.py:3047} INFO - Sync 1 DAGs
[2024-10-29T23:30:27.397+0000] {logging_mixin.py:188} INFO - [2024-10-29T23:30:27.397+0000] {dag.py:3834} INFO - Setting next_dagrun for example_branch_labels to 2024-10-28 00:00:00+00:00, run_after=2024-10-29 00:00:00+00:00
[2024-10-29T23:30:27.415+0000] {processor.py:183} INFO - Processing /home/airflow/.local/lib/python3.8/site-packages/airflow/example_dags/example_branch_labels.py took 0.088 seconds
[2024-10-29T23:30:58.136+0000] {processor.py:161} INFO - Started process (PID=17043) to work on /home/airflow/.local/lib/python3.8/site-packages/airflow/example_dags/example_branch_labels.py
[2024-10-29T23:30:58.137+0000] {processor.py:830} INFO - Processing file /home/airflow/.local/lib/python3.8/site-packages/airflow/example_dags/example_branch_labels.py for tasks to queue
[2024-10-29T23:30:58.139+0000] {logging_mixin.py:188} INFO - [2024-10-29T23:30:58.138+0000] {dagbag.py:540} INFO - Filling up the DagBag from /home/airflow/.local/lib/python3.8/site-packages/airflow/example_dags/example_branch_labels.py
[2024-10-29T23:30:58.148+0000] {processor.py:840} INFO - DAG(s) 'example_branch_labels' retrieved from /home/airflow/.local/lib/python3.8/site-packages/airflow/example_dags/example_branch_labels.py
[2024-10-29T23:30:58.171+0000] {logging_mixin.py:188} INFO - [2024-10-29T23:30:58.171+0000] {dag.py:3047} INFO - Sync 1 DAGs
[2024-10-29T23:30:58.199+0000] {logging_mixin.py:188} INFO - [2024-10-29T23:30:58.199+0000] {dag.py:3834} INFO - Setting next_dagrun for example_branch_labels to 2024-10-28 00:00:00+00:00, run_after=2024-10-29 00:00:00+00:00
[2024-10-29T23:30:58.220+0000] {processor.py:183} INFO - Processing /home/airflow/.local/lib/python3.8/site-packages/airflow/example_dags/example_branch_labels.py took 0.087 seconds
[2024-10-29T23:31:28.842+0000] {processor.py:161} INFO - Started process (PID=17099) to work on /home/airflow/.local/lib/python3.8/site-packages/airflow/example_dags/example_branch_labels.py
[2024-10-29T23:31:28.843+0000] {processor.py:830} INFO - Processing file /home/airflow/.local/lib/python3.8/site-packages/airflow/example_dags/example_branch_labels.py for tasks to queue
[2024-10-29T23:31:28.845+0000] {logging_mixin.py:188} INFO - [2024-10-29T23:31:28.844+0000] {dagbag.py:540} INFO - Filling up the DagBag from /home/airflow/.local/lib/python3.8/site-packages/airflow/example_dags/example_branch_labels.py
[2024-10-29T23:31:28.853+0000] {processor.py:840} INFO - DAG(s) 'example_branch_labels' retrieved from /home/airflow/.local/lib/python3.8/site-packages/airflow/example_dags/example_branch_labels.py
[2024-10-29T23:31:28.878+0000] {logging_mixin.py:188} INFO - [2024-10-29T23:31:28.877+0000] {dag.py:3047} INFO - Sync 1 DAGs
[2024-10-29T23:31:28.905+0000] {logging_mixin.py:188} INFO - [2024-10-29T23:31:28.905+0000] {dag.py:3834} INFO - Setting next_dagrun for example_branch_labels to 2024-10-28 00:00:00+00:00, run_after=2024-10-29 00:00:00+00:00
[2024-10-29T23:31:29.046+0000] {processor.py:183} INFO - Processing /home/airflow/.local/lib/python3.8/site-packages/airflow/example_dags/example_branch_labels.py took 0.207 seconds
[2024-10-29T23:31:59.359+0000] {processor.py:161} INFO - Started process (PID=17155) to work on /home/airflow/.local/lib/python3.8/site-packages/airflow/example_dags/example_branch_labels.py
[2024-10-29T23:31:59.360+0000] {processor.py:830} INFO - Processing file /home/airflow/.local/lib/python3.8/site-packages/airflow/example_dags/example_branch_labels.py for tasks to queue
[2024-10-29T23:31:59.361+0000] {logging_mixin.py:188} INFO - [2024-10-29T23:31:59.361+0000] {dagbag.py:540} INFO - Filling up the DagBag from /home/airflow/.local/lib/python3.8/site-packages/airflow/example_dags/example_branch_labels.py
[2024-10-29T23:31:59.368+0000] {processor.py:840} INFO - DAG(s) 'example_branch_labels' retrieved from /home/airflow/.local/lib/python3.8/site-packages/airflow/example_dags/example_branch_labels.py
[2024-10-29T23:31:59.383+0000] {logging_mixin.py:188} INFO - [2024-10-29T23:31:59.383+0000] {dag.py:3047} INFO - Sync 1 DAGs
[2024-10-29T23:31:59.402+0000] {logging_mixin.py:188} INFO - [2024-10-29T23:31:59.402+0000] {dag.py:3834} INFO - Setting next_dagrun for example_branch_labels to 2024-10-28 00:00:00+00:00, run_after=2024-10-29 00:00:00+00:00
[2024-10-29T23:31:59.520+0000] {processor.py:183} INFO - Processing /home/airflow/.local/lib/python3.8/site-packages/airflow/example_dags/example_branch_labels.py took 0.163 seconds
[2024-10-29T23:32:31.122+0000] {processor.py:161} INFO - Started process (PID=17210) to work on /home/airflow/.local/lib/python3.8/site-packages/airflow/example_dags/example_branch_labels.py
[2024-10-29T23:32:31.123+0000] {processor.py:830} INFO - Processing file /home/airflow/.local/lib/python3.8/site-packages/airflow/example_dags/example_branch_labels.py for tasks to queue
[2024-10-29T23:32:31.125+0000] {logging_mixin.py:188} INFO - [2024-10-29T23:32:31.125+0000] {dagbag.py:540} INFO - Filling up the DagBag from /home/airflow/.local/lib/python3.8/site-packages/airflow/example_dags/example_branch_labels.py
[2024-10-29T23:32:31.135+0000] {processor.py:840} INFO - DAG(s) 'example_branch_labels' retrieved from /home/airflow/.local/lib/python3.8/site-packages/airflow/example_dags/example_branch_labels.py
[2024-10-29T23:32:31.157+0000] {logging_mixin.py:188} INFO - [2024-10-29T23:32:31.156+0000] {dag.py:3047} INFO - Sync 1 DAGs
[2024-10-29T23:32:31.316+0000] {logging_mixin.py:188} INFO - [2024-10-29T23:32:31.315+0000] {dag.py:3834} INFO - Setting next_dagrun for example_branch_labels to 2024-10-28 00:00:00+00:00, run_after=2024-10-29 00:00:00+00:00
[2024-10-29T23:32:31.336+0000] {processor.py:183} INFO - Processing /home/airflow/.local/lib/python3.8/site-packages/airflow/example_dags/example_branch_labels.py took 0.217 seconds
[2024-10-29T23:33:01.887+0000] {processor.py:161} INFO - Started process (PID=17266) to work on /home/airflow/.local/lib/python3.8/site-packages/airflow/example_dags/example_branch_labels.py
[2024-10-29T23:33:01.888+0000] {processor.py:830} INFO - Processing file /home/airflow/.local/lib/python3.8/site-packages/airflow/example_dags/example_branch_labels.py for tasks to queue
[2024-10-29T23:33:01.889+0000] {logging_mixin.py:188} INFO - [2024-10-29T23:33:01.889+0000] {dagbag.py:540} INFO - Filling up the DagBag from /home/airflow/.local/lib/python3.8/site-packages/airflow/example_dags/example_branch_labels.py
[2024-10-29T23:33:01.897+0000] {processor.py:840} INFO - DAG(s) 'example_branch_labels' retrieved from /home/airflow/.local/lib/python3.8/site-packages/airflow/example_dags/example_branch_labels.py
[2024-10-29T23:33:01.915+0000] {logging_mixin.py:188} INFO - [2024-10-29T23:33:01.915+0000] {dag.py:3047} INFO - Sync 1 DAGs
[2024-10-29T23:33:02.052+0000] {logging_mixin.py:188} INFO - [2024-10-29T23:33:02.051+0000] {dag.py:3834} INFO - Setting next_dagrun for example_branch_labels to 2024-10-28 00:00:00+00:00, run_after=2024-10-29 00:00:00+00:00
[2024-10-29T23:33:02.066+0000] {processor.py:183} INFO - Processing /home/airflow/.local/lib/python3.8/site-packages/airflow/example_dags/example_branch_labels.py took 0.181 seconds
[2024-10-29T23:34:18.338+0000] {processor.py:161} INFO - Started process (PID=65) to work on /home/airflow/.local/lib/python3.8/site-packages/airflow/example_dags/example_branch_labels.py
[2024-10-29T23:34:18.339+0000] {processor.py:830} INFO - Processing file /home/airflow/.local/lib/python3.8/site-packages/airflow/example_dags/example_branch_labels.py for tasks to queue
[2024-10-29T23:34:18.343+0000] {logging_mixin.py:188} INFO - [2024-10-29T23:34:18.342+0000] {dagbag.py:540} INFO - Filling up the DagBag from /home/airflow/.local/lib/python3.8/site-packages/airflow/example_dags/example_branch_labels.py
[2024-10-29T23:34:18.362+0000] {processor.py:840} INFO - DAG(s) 'example_branch_labels' retrieved from /home/airflow/.local/lib/python3.8/site-packages/airflow/example_dags/example_branch_labels.py
[2024-10-29T23:34:18.386+0000] {logging_mixin.py:188} INFO - [2024-10-29T23:34:18.385+0000] {dag.py:3047} INFO - Sync 1 DAGs
[2024-10-29T23:34:18.433+0000] {logging_mixin.py:188} INFO - [2024-10-29T23:34:18.432+0000] {dag.py:3834} INFO - Setting next_dagrun for example_branch_labels to 2024-10-28 00:00:00+00:00, run_after=2024-10-29 00:00:00+00:00
[2024-10-29T23:34:18.455+0000] {processor.py:183} INFO - Processing /home/airflow/.local/lib/python3.8/site-packages/airflow/example_dags/example_branch_labels.py took 0.122 seconds
[2024-10-29T23:34:50.493+0000] {processor.py:161} INFO - Started process (PID=121) to work on /home/airflow/.local/lib/python3.8/site-packages/airflow/example_dags/example_branch_labels.py
[2024-10-29T23:34:50.495+0000] {processor.py:830} INFO - Processing file /home/airflow/.local/lib/python3.8/site-packages/airflow/example_dags/example_branch_labels.py for tasks to queue
[2024-10-29T23:34:50.497+0000] {logging_mixin.py:188} INFO - [2024-10-29T23:34:50.497+0000] {dagbag.py:540} INFO - Filling up the DagBag from /home/airflow/.local/lib/python3.8/site-packages/airflow/example_dags/example_branch_labels.py
[2024-10-29T23:34:50.511+0000] {processor.py:840} INFO - DAG(s) 'example_branch_labels' retrieved from /home/airflow/.local/lib/python3.8/site-packages/airflow/example_dags/example_branch_labels.py
[2024-10-29T23:34:50.683+0000] {logging_mixin.py:188} INFO - [2024-10-29T23:34:50.683+0000] {dag.py:3047} INFO - Sync 1 DAGs
[2024-10-29T23:34:50.729+0000] {logging_mixin.py:188} INFO - [2024-10-29T23:34:50.727+0000] {dag.py:3834} INFO - Setting next_dagrun for example_branch_labels to 2024-10-28 00:00:00+00:00, run_after=2024-10-29 00:00:00+00:00
[2024-10-29T23:34:50.773+0000] {processor.py:183} INFO - Processing /home/airflow/.local/lib/python3.8/site-packages/airflow/example_dags/example_branch_labels.py took 0.285 seconds
[2024-10-29T23:35:21.736+0000] {processor.py:161} INFO - Started process (PID=177) to work on /home/airflow/.local/lib/python3.8/site-packages/airflow/example_dags/example_branch_labels.py
[2024-10-29T23:35:21.742+0000] {processor.py:830} INFO - Processing file /home/airflow/.local/lib/python3.8/site-packages/airflow/example_dags/example_branch_labels.py for tasks to queue
[2024-10-29T23:35:21.744+0000] {logging_mixin.py:188} INFO - [2024-10-29T23:35:21.744+0000] {dagbag.py:540} INFO - Filling up the DagBag from /home/airflow/.local/lib/python3.8/site-packages/airflow/example_dags/example_branch_labels.py
[2024-10-29T23:35:21.753+0000] {processor.py:840} INFO - DAG(s) 'example_branch_labels' retrieved from /home/airflow/.local/lib/python3.8/site-packages/airflow/example_dags/example_branch_labels.py
[2024-10-29T23:35:21.774+0000] {logging_mixin.py:188} INFO - [2024-10-29T23:35:21.774+0000] {dag.py:3047} INFO - Sync 1 DAGs
[2024-10-29T23:35:21.802+0000] {logging_mixin.py:188} INFO - [2024-10-29T23:35:21.801+0000] {dag.py:3834} INFO - Setting next_dagrun for example_branch_labels to 2024-10-28 00:00:00+00:00, run_after=2024-10-29 00:00:00+00:00
[2024-10-29T23:35:21.820+0000] {processor.py:183} INFO - Processing /home/airflow/.local/lib/python3.8/site-packages/airflow/example_dags/example_branch_labels.py took 0.087 seconds
[2024-10-29T23:35:52.039+0000] {processor.py:161} INFO - Started process (PID=233) to work on /home/airflow/.local/lib/python3.8/site-packages/airflow/example_dags/example_branch_labels.py
[2024-10-29T23:35:52.040+0000] {processor.py:830} INFO - Processing file /home/airflow/.local/lib/python3.8/site-packages/airflow/example_dags/example_branch_labels.py for tasks to queue
[2024-10-29T23:35:52.042+0000] {logging_mixin.py:188} INFO - [2024-10-29T23:35:52.042+0000] {dagbag.py:540} INFO - Filling up the DagBag from /home/airflow/.local/lib/python3.8/site-packages/airflow/example_dags/example_branch_labels.py
[2024-10-29T23:35:52.050+0000] {processor.py:840} INFO - DAG(s) 'example_branch_labels' retrieved from /home/airflow/.local/lib/python3.8/site-packages/airflow/example_dags/example_branch_labels.py
[2024-10-29T23:35:52.069+0000] {logging_mixin.py:188} INFO - [2024-10-29T23:35:52.069+0000] {dag.py:3047} INFO - Sync 1 DAGs
[2024-10-29T23:35:52.093+0000] {logging_mixin.py:188} INFO - [2024-10-29T23:35:52.093+0000] {dag.py:3834} INFO - Setting next_dagrun for example_branch_labels to 2024-10-28 00:00:00+00:00, run_after=2024-10-29 00:00:00+00:00
[2024-10-29T23:35:52.110+0000] {processor.py:183} INFO - Processing /home/airflow/.local/lib/python3.8/site-packages/airflow/example_dags/example_branch_labels.py took 0.073 seconds
[2024-10-29T23:36:23.022+0000] {processor.py:161} INFO - Started process (PID=289) to work on /home/airflow/.local/lib/python3.8/site-packages/airflow/example_dags/example_branch_labels.py
[2024-10-29T23:36:23.023+0000] {processor.py:830} INFO - Processing file /home/airflow/.local/lib/python3.8/site-packages/airflow/example_dags/example_branch_labels.py for tasks to queue
[2024-10-29T23:36:23.024+0000] {logging_mixin.py:188} INFO - [2024-10-29T23:36:23.024+0000] {dagbag.py:540} INFO - Filling up the DagBag from /home/airflow/.local/lib/python3.8/site-packages/airflow/example_dags/example_branch_labels.py
[2024-10-29T23:36:23.031+0000] {processor.py:840} INFO - DAG(s) 'example_branch_labels' retrieved from /home/airflow/.local/lib/python3.8/site-packages/airflow/example_dags/example_branch_labels.py
[2024-10-29T23:36:23.050+0000] {logging_mixin.py:188} INFO - [2024-10-29T23:36:23.050+0000] {dag.py:3047} INFO - Sync 1 DAGs
[2024-10-29T23:36:23.081+0000] {logging_mixin.py:188} INFO - [2024-10-29T23:36:23.080+0000] {dag.py:3834} INFO - Setting next_dagrun for example_branch_labels to 2024-10-28 00:00:00+00:00, run_after=2024-10-29 00:00:00+00:00
[2024-10-29T23:36:23.101+0000] {processor.py:183} INFO - Processing /home/airflow/.local/lib/python3.8/site-packages/airflow/example_dags/example_branch_labels.py took 0.082 seconds
[2024-10-29T23:36:53.729+0000] {processor.py:161} INFO - Started process (PID=345) to work on /home/airflow/.local/lib/python3.8/site-packages/airflow/example_dags/example_branch_labels.py
[2024-10-29T23:36:53.730+0000] {processor.py:830} INFO - Processing file /home/airflow/.local/lib/python3.8/site-packages/airflow/example_dags/example_branch_labels.py for tasks to queue
[2024-10-29T23:36:53.732+0000] {logging_mixin.py:188} INFO - [2024-10-29T23:36:53.732+0000] {dagbag.py:540} INFO - Filling up the DagBag from /home/airflow/.local/lib/python3.8/site-packages/airflow/example_dags/example_branch_labels.py
[2024-10-29T23:36:53.742+0000] {processor.py:840} INFO - DAG(s) 'example_branch_labels' retrieved from /home/airflow/.local/lib/python3.8/site-packages/airflow/example_dags/example_branch_labels.py
[2024-10-29T23:36:53.765+0000] {logging_mixin.py:188} INFO - [2024-10-29T23:36:53.765+0000] {dag.py:3047} INFO - Sync 1 DAGs
[2024-10-29T23:36:53.797+0000] {logging_mixin.py:188} INFO - [2024-10-29T23:36:53.797+0000] {dag.py:3834} INFO - Setting next_dagrun for example_branch_labels to 2024-10-28 00:00:00+00:00, run_after=2024-10-29 00:00:00+00:00
[2024-10-29T23:36:53.819+0000] {processor.py:183} INFO - Processing /home/airflow/.local/lib/python3.8/site-packages/airflow/example_dags/example_branch_labels.py took 0.093 seconds
[2024-10-29T23:37:24.040+0000] {processor.py:161} INFO - Started process (PID=401) to work on /home/airflow/.local/lib/python3.8/site-packages/airflow/example_dags/example_branch_labels.py
[2024-10-29T23:37:24.046+0000] {processor.py:830} INFO - Processing file /home/airflow/.local/lib/python3.8/site-packages/airflow/example_dags/example_branch_labels.py for tasks to queue
[2024-10-29T23:37:24.048+0000] {logging_mixin.py:188} INFO - [2024-10-29T23:37:24.047+0000] {dagbag.py:540} INFO - Filling up the DagBag from /home/airflow/.local/lib/python3.8/site-packages/airflow/example_dags/example_branch_labels.py
[2024-10-29T23:37:24.056+0000] {processor.py:840} INFO - DAG(s) 'example_branch_labels' retrieved from /home/airflow/.local/lib/python3.8/site-packages/airflow/example_dags/example_branch_labels.py
[2024-10-29T23:37:24.080+0000] {logging_mixin.py:188} INFO - [2024-10-29T23:37:24.080+0000] {dag.py:3047} INFO - Sync 1 DAGs
[2024-10-29T23:37:24.108+0000] {logging_mixin.py:188} INFO - [2024-10-29T23:37:24.108+0000] {dag.py:3834} INFO - Setting next_dagrun for example_branch_labels to 2024-10-28 00:00:00+00:00, run_after=2024-10-29 00:00:00+00:00
[2024-10-29T23:37:24.130+0000] {processor.py:183} INFO - Processing /home/airflow/.local/lib/python3.8/site-packages/airflow/example_dags/example_branch_labels.py took 0.092 seconds
[2024-10-29T23:37:54.846+0000] {processor.py:161} INFO - Started process (PID=457) to work on /home/airflow/.local/lib/python3.8/site-packages/airflow/example_dags/example_branch_labels.py
[2024-10-29T23:37:54.852+0000] {processor.py:830} INFO - Processing file /home/airflow/.local/lib/python3.8/site-packages/airflow/example_dags/example_branch_labels.py for tasks to queue
[2024-10-29T23:37:54.855+0000] {logging_mixin.py:188} INFO - [2024-10-29T23:37:54.855+0000] {dagbag.py:540} INFO - Filling up the DagBag from /home/airflow/.local/lib/python3.8/site-packages/airflow/example_dags/example_branch_labels.py
[2024-10-29T23:37:54.864+0000] {processor.py:840} INFO - DAG(s) 'example_branch_labels' retrieved from /home/airflow/.local/lib/python3.8/site-packages/airflow/example_dags/example_branch_labels.py
[2024-10-29T23:37:54.888+0000] {logging_mixin.py:188} INFO - [2024-10-29T23:37:54.888+0000] {dag.py:3047} INFO - Sync 1 DAGs
[2024-10-29T23:37:54.926+0000] {logging_mixin.py:188} INFO - [2024-10-29T23:37:54.926+0000] {dag.py:3834} INFO - Setting next_dagrun for example_branch_labels to 2024-10-28 00:00:00+00:00, run_after=2024-10-29 00:00:00+00:00
[2024-10-29T23:37:54.951+0000] {processor.py:183} INFO - Processing /home/airflow/.local/lib/python3.8/site-packages/airflow/example_dags/example_branch_labels.py took 0.107 seconds
[2024-10-29T23:38:25.482+0000] {processor.py:161} INFO - Started process (PID=513) to work on /home/airflow/.local/lib/python3.8/site-packages/airflow/example_dags/example_branch_labels.py
[2024-10-29T23:38:25.488+0000] {processor.py:830} INFO - Processing file /home/airflow/.local/lib/python3.8/site-packages/airflow/example_dags/example_branch_labels.py for tasks to queue
[2024-10-29T23:38:25.489+0000] {logging_mixin.py:188} INFO - [2024-10-29T23:38:25.489+0000] {dagbag.py:540} INFO - Filling up the DagBag from /home/airflow/.local/lib/python3.8/site-packages/airflow/example_dags/example_branch_labels.py
[2024-10-29T23:38:25.497+0000] {processor.py:840} INFO - DAG(s) 'example_branch_labels' retrieved from /home/airflow/.local/lib/python3.8/site-packages/airflow/example_dags/example_branch_labels.py
[2024-10-29T23:38:25.516+0000] {logging_mixin.py:188} INFO - [2024-10-29T23:38:25.516+0000] {dag.py:3047} INFO - Sync 1 DAGs
[2024-10-29T23:38:25.539+0000] {logging_mixin.py:188} INFO - [2024-10-29T23:38:25.538+0000] {dag.py:3834} INFO - Setting next_dagrun for example_branch_labels to 2024-10-28 00:00:00+00:00, run_after=2024-10-29 00:00:00+00:00
[2024-10-29T23:38:25.556+0000] {processor.py:183} INFO - Processing /home/airflow/.local/lib/python3.8/site-packages/airflow/example_dags/example_branch_labels.py took 0.077 seconds
[2024-10-29T23:38:56.080+0000] {processor.py:161} INFO - Started process (PID=569) to work on /home/airflow/.local/lib/python3.8/site-packages/airflow/example_dags/example_branch_labels.py
[2024-10-29T23:38:56.081+0000] {processor.py:830} INFO - Processing file /home/airflow/.local/lib/python3.8/site-packages/airflow/example_dags/example_branch_labels.py for tasks to queue
[2024-10-29T23:38:56.083+0000] {logging_mixin.py:188} INFO - [2024-10-29T23:38:56.083+0000] {dagbag.py:540} INFO - Filling up the DagBag from /home/airflow/.local/lib/python3.8/site-packages/airflow/example_dags/example_branch_labels.py
[2024-10-29T23:38:56.094+0000] {processor.py:840} INFO - DAG(s) 'example_branch_labels' retrieved from /home/airflow/.local/lib/python3.8/site-packages/airflow/example_dags/example_branch_labels.py
[2024-10-29T23:38:56.121+0000] {logging_mixin.py:188} INFO - [2024-10-29T23:38:56.121+0000] {dag.py:3047} INFO - Sync 1 DAGs
[2024-10-29T23:38:56.161+0000] {logging_mixin.py:188} INFO - [2024-10-29T23:38:56.161+0000] {dag.py:3834} INFO - Setting next_dagrun for example_branch_labels to 2024-10-28 00:00:00+00:00, run_after=2024-10-29 00:00:00+00:00
[2024-10-29T23:38:56.190+0000] {processor.py:183} INFO - Processing /home/airflow/.local/lib/python3.8/site-packages/airflow/example_dags/example_branch_labels.py took 0.114 seconds
[2024-10-29T23:39:27.151+0000] {processor.py:161} INFO - Started process (PID=625) to work on /home/airflow/.local/lib/python3.8/site-packages/airflow/example_dags/example_branch_labels.py
[2024-10-29T23:39:27.157+0000] {processor.py:830} INFO - Processing file /home/airflow/.local/lib/python3.8/site-packages/airflow/example_dags/example_branch_labels.py for tasks to queue
[2024-10-29T23:39:27.159+0000] {logging_mixin.py:188} INFO - [2024-10-29T23:39:27.158+0000] {dagbag.py:540} INFO - Filling up the DagBag from /home/airflow/.local/lib/python3.8/site-packages/airflow/example_dags/example_branch_labels.py
[2024-10-29T23:39:27.168+0000] {processor.py:840} INFO - DAG(s) 'example_branch_labels' retrieved from /home/airflow/.local/lib/python3.8/site-packages/airflow/example_dags/example_branch_labels.py
[2024-10-29T23:39:27.198+0000] {logging_mixin.py:188} INFO - [2024-10-29T23:39:27.197+0000] {dag.py:3047} INFO - Sync 1 DAGs
[2024-10-29T23:39:27.240+0000] {logging_mixin.py:188} INFO - [2024-10-29T23:39:27.240+0000] {dag.py:3834} INFO - Setting next_dagrun for example_branch_labels to 2024-10-28 00:00:00+00:00, run_after=2024-10-29 00:00:00+00:00
[2024-10-29T23:39:27.268+0000] {processor.py:183} INFO - Processing /home/airflow/.local/lib/python3.8/site-packages/airflow/example_dags/example_branch_labels.py took 0.120 seconds
[2024-10-29T23:39:57.869+0000] {processor.py:161} INFO - Started process (PID=681) to work on /home/airflow/.local/lib/python3.8/site-packages/airflow/example_dags/example_branch_labels.py
[2024-10-29T23:39:57.875+0000] {processor.py:830} INFO - Processing file /home/airflow/.local/lib/python3.8/site-packages/airflow/example_dags/example_branch_labels.py for tasks to queue
[2024-10-29T23:39:57.877+0000] {logging_mixin.py:188} INFO - [2024-10-29T23:39:57.877+0000] {dagbag.py:540} INFO - Filling up the DagBag from /home/airflow/.local/lib/python3.8/site-packages/airflow/example_dags/example_branch_labels.py
[2024-10-29T23:39:57.886+0000] {processor.py:840} INFO - DAG(s) 'example_branch_labels' retrieved from /home/airflow/.local/lib/python3.8/site-packages/airflow/example_dags/example_branch_labels.py
[2024-10-29T23:39:57.908+0000] {logging_mixin.py:188} INFO - [2024-10-29T23:39:57.908+0000] {dag.py:3047} INFO - Sync 1 DAGs
[2024-10-29T23:39:57.933+0000] {logging_mixin.py:188} INFO - [2024-10-29T23:39:57.933+0000] {dag.py:3834} INFO - Setting next_dagrun for example_branch_labels to 2024-10-28 00:00:00+00:00, run_after=2024-10-29 00:00:00+00:00
[2024-10-29T23:39:57.951+0000] {processor.py:183} INFO - Processing /home/airflow/.local/lib/python3.8/site-packages/airflow/example_dags/example_branch_labels.py took 0.086 seconds
[2024-10-29T23:40:28.199+0000] {processor.py:161} INFO - Started process (PID=737) to work on /home/airflow/.local/lib/python3.8/site-packages/airflow/example_dags/example_branch_labels.py
[2024-10-29T23:40:28.200+0000] {processor.py:830} INFO - Processing file /home/airflow/.local/lib/python3.8/site-packages/airflow/example_dags/example_branch_labels.py for tasks to queue
[2024-10-29T23:40:28.201+0000] {logging_mixin.py:188} INFO - [2024-10-29T23:40:28.201+0000] {dagbag.py:540} INFO - Filling up the DagBag from /home/airflow/.local/lib/python3.8/site-packages/airflow/example_dags/example_branch_labels.py
[2024-10-29T23:40:28.211+0000] {processor.py:840} INFO - DAG(s) 'example_branch_labels' retrieved from /home/airflow/.local/lib/python3.8/site-packages/airflow/example_dags/example_branch_labels.py
[2024-10-29T23:40:28.234+0000] {logging_mixin.py:188} INFO - [2024-10-29T23:40:28.234+0000] {dag.py:3047} INFO - Sync 1 DAGs
[2024-10-29T23:40:28.262+0000] {logging_mixin.py:188} INFO - [2024-10-29T23:40:28.262+0000] {dag.py:3834} INFO - Setting next_dagrun for example_branch_labels to 2024-10-28 00:00:00+00:00, run_after=2024-10-29 00:00:00+00:00
[2024-10-29T23:40:28.283+0000] {processor.py:183} INFO - Processing /home/airflow/.local/lib/python3.8/site-packages/airflow/example_dags/example_branch_labels.py took 0.087 seconds
[2024-10-29T23:40:58.681+0000] {processor.py:161} INFO - Started process (PID=792) to work on /home/airflow/.local/lib/python3.8/site-packages/airflow/example_dags/example_branch_labels.py
[2024-10-29T23:40:58.687+0000] {processor.py:830} INFO - Processing file /home/airflow/.local/lib/python3.8/site-packages/airflow/example_dags/example_branch_labels.py for tasks to queue
[2024-10-29T23:40:58.689+0000] {logging_mixin.py:188} INFO - [2024-10-29T23:40:58.689+0000] {dagbag.py:540} INFO - Filling up the DagBag from /home/airflow/.local/lib/python3.8/site-packages/airflow/example_dags/example_branch_labels.py
[2024-10-29T23:40:58.697+0000] {processor.py:840} INFO - DAG(s) 'example_branch_labels' retrieved from /home/airflow/.local/lib/python3.8/site-packages/airflow/example_dags/example_branch_labels.py
[2024-10-29T23:40:58.724+0000] {logging_mixin.py:188} INFO - [2024-10-29T23:40:58.724+0000] {dag.py:3047} INFO - Sync 1 DAGs
[2024-10-29T23:40:58.750+0000] {logging_mixin.py:188} INFO - [2024-10-29T23:40:58.750+0000] {dag.py:3834} INFO - Setting next_dagrun for example_branch_labels to 2024-10-28 00:00:00+00:00, run_after=2024-10-29 00:00:00+00:00
[2024-10-29T23:40:58.770+0000] {processor.py:183} INFO - Processing /home/airflow/.local/lib/python3.8/site-packages/airflow/example_dags/example_branch_labels.py took 0.092 seconds
[2024-10-29T23:41:29.634+0000] {processor.py:161} INFO - Started process (PID=848) to work on /home/airflow/.local/lib/python3.8/site-packages/airflow/example_dags/example_branch_labels.py
[2024-10-29T23:41:29.640+0000] {processor.py:830} INFO - Processing file /home/airflow/.local/lib/python3.8/site-packages/airflow/example_dags/example_branch_labels.py for tasks to queue
[2024-10-29T23:41:29.642+0000] {logging_mixin.py:188} INFO - [2024-10-29T23:41:29.642+0000] {dagbag.py:540} INFO - Filling up the DagBag from /home/airflow/.local/lib/python3.8/site-packages/airflow/example_dags/example_branch_labels.py
[2024-10-29T23:41:29.651+0000] {processor.py:840} INFO - DAG(s) 'example_branch_labels' retrieved from /home/airflow/.local/lib/python3.8/site-packages/airflow/example_dags/example_branch_labels.py
[2024-10-29T23:41:29.680+0000] {logging_mixin.py:188} INFO - [2024-10-29T23:41:29.679+0000] {dag.py:3047} INFO - Sync 1 DAGs
[2024-10-29T23:41:29.721+0000] {logging_mixin.py:188} INFO - [2024-10-29T23:41:29.721+0000] {dag.py:3834} INFO - Setting next_dagrun for example_branch_labels to 2024-10-28 00:00:00+00:00, run_after=2024-10-29 00:00:00+00:00
[2024-10-29T23:41:29.745+0000] {processor.py:183} INFO - Processing /home/airflow/.local/lib/python3.8/site-packages/airflow/example_dags/example_branch_labels.py took 0.115 seconds
[2024-10-29T23:42:00.436+0000] {processor.py:161} INFO - Started process (PID=910) to work on /home/airflow/.local/lib/python3.8/site-packages/airflow/example_dags/example_branch_labels.py
[2024-10-29T23:42:00.442+0000] {processor.py:830} INFO - Processing file /home/airflow/.local/lib/python3.8/site-packages/airflow/example_dags/example_branch_labels.py for tasks to queue
[2024-10-29T23:42:00.445+0000] {logging_mixin.py:188} INFO - [2024-10-29T23:42:00.444+0000] {dagbag.py:540} INFO - Filling up the DagBag from /home/airflow/.local/lib/python3.8/site-packages/airflow/example_dags/example_branch_labels.py
[2024-10-29T23:42:00.457+0000] {processor.py:840} INFO - DAG(s) 'example_branch_labels' retrieved from /home/airflow/.local/lib/python3.8/site-packages/airflow/example_dags/example_branch_labels.py
[2024-10-29T23:42:00.483+0000] {logging_mixin.py:188} INFO - [2024-10-29T23:42:00.483+0000] {dag.py:3047} INFO - Sync 1 DAGs
[2024-10-29T23:42:00.511+0000] {logging_mixin.py:188} INFO - [2024-10-29T23:42:00.511+0000] {dag.py:3834} INFO - Setting next_dagrun for example_branch_labels to 2024-10-28 00:00:00+00:00, run_after=2024-10-29 00:00:00+00:00
[2024-10-29T23:42:00.531+0000] {processor.py:183} INFO - Processing /home/airflow/.local/lib/python3.8/site-packages/airflow/example_dags/example_branch_labels.py took 0.098 seconds
[2024-10-29T23:42:30.984+0000] {processor.py:161} INFO - Started process (PID=966) to work on /home/airflow/.local/lib/python3.8/site-packages/airflow/example_dags/example_branch_labels.py
[2024-10-29T23:42:30.988+0000] {processor.py:830} INFO - Processing file /home/airflow/.local/lib/python3.8/site-packages/airflow/example_dags/example_branch_labels.py for tasks to queue
[2024-10-29T23:42:30.994+0000] {logging_mixin.py:188} INFO - [2024-10-29T23:42:30.993+0000] {dagbag.py:540} INFO - Filling up the DagBag from /home/airflow/.local/lib/python3.8/site-packages/airflow/example_dags/example_branch_labels.py
[2024-10-29T23:42:31.018+0000] {processor.py:840} INFO - DAG(s) 'example_branch_labels' retrieved from /home/airflow/.local/lib/python3.8/site-packages/airflow/example_dags/example_branch_labels.py
[2024-10-29T23:42:31.082+0000] {logging_mixin.py:188} INFO - [2024-10-29T23:42:31.081+0000] {dag.py:3047} INFO - Sync 1 DAGs
[2024-10-29T23:42:31.156+0000] {logging_mixin.py:188} INFO - [2024-10-29T23:42:31.156+0000] {dag.py:3834} INFO - Setting next_dagrun for example_branch_labels to 2024-10-28 00:00:00+00:00, run_after=2024-10-29 00:00:00+00:00
[2024-10-29T23:42:31.221+0000] {processor.py:183} INFO - Processing /home/airflow/.local/lib/python3.8/site-packages/airflow/example_dags/example_branch_labels.py took 0.248 seconds
[2024-10-29T23:43:02.187+0000] {processor.py:161} INFO - Started process (PID=1022) to work on /home/airflow/.local/lib/python3.8/site-packages/airflow/example_dags/example_branch_labels.py
[2024-10-29T23:43:02.193+0000] {processor.py:830} INFO - Processing file /home/airflow/.local/lib/python3.8/site-packages/airflow/example_dags/example_branch_labels.py for tasks to queue
[2024-10-29T23:43:02.195+0000] {logging_mixin.py:188} INFO - [2024-10-29T23:43:02.194+0000] {dagbag.py:540} INFO - Filling up the DagBag from /home/airflow/.local/lib/python3.8/site-packages/airflow/example_dags/example_branch_labels.py
[2024-10-29T23:43:02.201+0000] {processor.py:840} INFO - DAG(s) 'example_branch_labels' retrieved from /home/airflow/.local/lib/python3.8/site-packages/airflow/example_dags/example_branch_labels.py
[2024-10-29T23:43:02.219+0000] {logging_mixin.py:188} INFO - [2024-10-29T23:43:02.219+0000] {dag.py:3047} INFO - Sync 1 DAGs
[2024-10-29T23:43:02.240+0000] {logging_mixin.py:188} INFO - [2024-10-29T23:43:02.240+0000] {dag.py:3834} INFO - Setting next_dagrun for example_branch_labels to 2024-10-28 00:00:00+00:00, run_after=2024-10-29 00:00:00+00:00
[2024-10-29T23:43:02.256+0000] {processor.py:183} INFO - Processing /home/airflow/.local/lib/python3.8/site-packages/airflow/example_dags/example_branch_labels.py took 0.071 seconds
[2024-10-29T23:43:32.582+0000] {processor.py:161} INFO - Started process (PID=1078) to work on /home/airflow/.local/lib/python3.8/site-packages/airflow/example_dags/example_branch_labels.py
[2024-10-29T23:43:32.583+0000] {processor.py:830} INFO - Processing file /home/airflow/.local/lib/python3.8/site-packages/airflow/example_dags/example_branch_labels.py for tasks to queue
[2024-10-29T23:43:32.585+0000] {logging_mixin.py:188} INFO - [2024-10-29T23:43:32.585+0000] {dagbag.py:540} INFO - Filling up the DagBag from /home/airflow/.local/lib/python3.8/site-packages/airflow/example_dags/example_branch_labels.py
[2024-10-29T23:43:32.592+0000] {processor.py:840} INFO - DAG(s) 'example_branch_labels' retrieved from /home/airflow/.local/lib/python3.8/site-packages/airflow/example_dags/example_branch_labels.py
[2024-10-29T23:43:32.614+0000] {logging_mixin.py:188} INFO - [2024-10-29T23:43:32.613+0000] {dag.py:3047} INFO - Sync 1 DAGs
[2024-10-29T23:43:32.640+0000] {logging_mixin.py:188} INFO - [2024-10-29T23:43:32.640+0000] {dag.py:3834} INFO - Setting next_dagrun for example_branch_labels to 2024-10-28 00:00:00+00:00, run_after=2024-10-29 00:00:00+00:00
[2024-10-29T23:43:32.662+0000] {processor.py:183} INFO - Processing /home/airflow/.local/lib/python3.8/site-packages/airflow/example_dags/example_branch_labels.py took 0.082 seconds
[2024-10-29T23:44:02.881+0000] {processor.py:161} INFO - Started process (PID=1134) to work on /home/airflow/.local/lib/python3.8/site-packages/airflow/example_dags/example_branch_labels.py
[2024-10-29T23:44:02.882+0000] {processor.py:830} INFO - Processing file /home/airflow/.local/lib/python3.8/site-packages/airflow/example_dags/example_branch_labels.py for tasks to queue
[2024-10-29T23:44:02.884+0000] {logging_mixin.py:188} INFO - [2024-10-29T23:44:02.883+0000] {dagbag.py:540} INFO - Filling up the DagBag from /home/airflow/.local/lib/python3.8/site-packages/airflow/example_dags/example_branch_labels.py
[2024-10-29T23:44:02.893+0000] {processor.py:840} INFO - DAG(s) 'example_branch_labels' retrieved from /home/airflow/.local/lib/python3.8/site-packages/airflow/example_dags/example_branch_labels.py
[2024-10-29T23:44:02.922+0000] {logging_mixin.py:188} INFO - [2024-10-29T23:44:02.922+0000] {dag.py:3047} INFO - Sync 1 DAGs
[2024-10-29T23:44:02.964+0000] {logging_mixin.py:188} INFO - [2024-10-29T23:44:02.964+0000] {dag.py:3834} INFO - Setting next_dagrun for example_branch_labels to 2024-10-28 00:00:00+00:00, run_after=2024-10-29 00:00:00+00:00
[2024-10-29T23:44:02.995+0000] {processor.py:183} INFO - Processing /home/airflow/.local/lib/python3.8/site-packages/airflow/example_dags/example_branch_labels.py took 0.117 seconds
[2024-10-29T23:44:33.386+0000] {processor.py:161} INFO - Started process (PID=1190) to work on /home/airflow/.local/lib/python3.8/site-packages/airflow/example_dags/example_branch_labels.py
[2024-10-29T23:44:33.387+0000] {processor.py:830} INFO - Processing file /home/airflow/.local/lib/python3.8/site-packages/airflow/example_dags/example_branch_labels.py for tasks to queue
[2024-10-29T23:44:33.389+0000] {logging_mixin.py:188} INFO - [2024-10-29T23:44:33.388+0000] {dagbag.py:540} INFO - Filling up the DagBag from /home/airflow/.local/lib/python3.8/site-packages/airflow/example_dags/example_branch_labels.py
[2024-10-29T23:44:33.397+0000] {processor.py:840} INFO - DAG(s) 'example_branch_labels' retrieved from /home/airflow/.local/lib/python3.8/site-packages/airflow/example_dags/example_branch_labels.py
[2024-10-29T23:44:33.415+0000] {logging_mixin.py:188} INFO - [2024-10-29T23:44:33.415+0000] {dag.py:3047} INFO - Sync 1 DAGs
[2024-10-29T23:44:33.436+0000] {logging_mixin.py:188} INFO - [2024-10-29T23:44:33.435+0000] {dag.py:3834} INFO - Setting next_dagrun for example_branch_labels to 2024-10-28 00:00:00+00:00, run_after=2024-10-29 00:00:00+00:00
[2024-10-29T23:44:33.451+0000] {processor.py:183} INFO - Processing /home/airflow/.local/lib/python3.8/site-packages/airflow/example_dags/example_branch_labels.py took 0.068 seconds
[2024-10-29T23:45:03.508+0000] {processor.py:161} INFO - Started process (PID=1246) to work on /home/airflow/.local/lib/python3.8/site-packages/airflow/example_dags/example_branch_labels.py
[2024-10-29T23:45:03.514+0000] {processor.py:830} INFO - Processing file /home/airflow/.local/lib/python3.8/site-packages/airflow/example_dags/example_branch_labels.py for tasks to queue
[2024-10-29T23:45:03.515+0000] {logging_mixin.py:188} INFO - [2024-10-29T23:45:03.515+0000] {dagbag.py:540} INFO - Filling up the DagBag from /home/airflow/.local/lib/python3.8/site-packages/airflow/example_dags/example_branch_labels.py
[2024-10-29T23:45:03.522+0000] {processor.py:840} INFO - DAG(s) 'example_branch_labels' retrieved from /home/airflow/.local/lib/python3.8/site-packages/airflow/example_dags/example_branch_labels.py
[2024-10-29T23:45:03.542+0000] {logging_mixin.py:188} INFO - [2024-10-29T23:45:03.541+0000] {dag.py:3047} INFO - Sync 1 DAGs
[2024-10-29T23:45:03.563+0000] {logging_mixin.py:188} INFO - [2024-10-29T23:45:03.563+0000] {dag.py:3834} INFO - Setting next_dagrun for example_branch_labels to 2024-10-28 00:00:00+00:00, run_after=2024-10-29 00:00:00+00:00
[2024-10-29T23:45:03.580+0000] {processor.py:183} INFO - Processing /home/airflow/.local/lib/python3.8/site-packages/airflow/example_dags/example_branch_labels.py took 0.075 seconds
[2024-10-29T23:45:33.806+0000] {processor.py:161} INFO - Started process (PID=1302) to work on /home/airflow/.local/lib/python3.8/site-packages/airflow/example_dags/example_branch_labels.py
[2024-10-29T23:45:33.812+0000] {processor.py:830} INFO - Processing file /home/airflow/.local/lib/python3.8/site-packages/airflow/example_dags/example_branch_labels.py for tasks to queue
[2024-10-29T23:45:33.813+0000] {logging_mixin.py:188} INFO - [2024-10-29T23:45:33.813+0000] {dagbag.py:540} INFO - Filling up the DagBag from /home/airflow/.local/lib/python3.8/site-packages/airflow/example_dags/example_branch_labels.py
[2024-10-29T23:45:33.820+0000] {processor.py:840} INFO - DAG(s) 'example_branch_labels' retrieved from /home/airflow/.local/lib/python3.8/site-packages/airflow/example_dags/example_branch_labels.py
[2024-10-29T23:45:33.839+0000] {logging_mixin.py:188} INFO - [2024-10-29T23:45:33.839+0000] {dag.py:3047} INFO - Sync 1 DAGs
[2024-10-29T23:45:33.861+0000] {logging_mixin.py:188} INFO - [2024-10-29T23:45:33.861+0000] {dag.py:3834} INFO - Setting next_dagrun for example_branch_labels to 2024-10-28 00:00:00+00:00, run_after=2024-10-29 00:00:00+00:00
[2024-10-29T23:45:33.877+0000] {processor.py:183} INFO - Processing /home/airflow/.local/lib/python3.8/site-packages/airflow/example_dags/example_branch_labels.py took 0.073 seconds
[2024-10-29T23:46:04.171+0000] {processor.py:161} INFO - Started process (PID=1358) to work on /home/airflow/.local/lib/python3.8/site-packages/airflow/example_dags/example_branch_labels.py
[2024-10-29T23:46:04.172+0000] {processor.py:830} INFO - Processing file /home/airflow/.local/lib/python3.8/site-packages/airflow/example_dags/example_branch_labels.py for tasks to queue
[2024-10-29T23:46:04.175+0000] {logging_mixin.py:188} INFO - [2024-10-29T23:46:04.174+0000] {dagbag.py:540} INFO - Filling up the DagBag from /home/airflow/.local/lib/python3.8/site-packages/airflow/example_dags/example_branch_labels.py
[2024-10-29T23:46:04.184+0000] {processor.py:840} INFO - DAG(s) 'example_branch_labels' retrieved from /home/airflow/.local/lib/python3.8/site-packages/airflow/example_dags/example_branch_labels.py
[2024-10-29T23:46:04.210+0000] {logging_mixin.py:188} INFO - [2024-10-29T23:46:04.210+0000] {dag.py:3047} INFO - Sync 1 DAGs
[2024-10-29T23:46:04.250+0000] {logging_mixin.py:188} INFO - [2024-10-29T23:46:04.250+0000] {dag.py:3834} INFO - Setting next_dagrun for example_branch_labels to 2024-10-28 00:00:00+00:00, run_after=2024-10-29 00:00:00+00:00
[2024-10-29T23:46:04.273+0000] {processor.py:183} INFO - Processing /home/airflow/.local/lib/python3.8/site-packages/airflow/example_dags/example_branch_labels.py took 0.106 seconds
[2024-10-29T23:46:34.367+0000] {processor.py:161} INFO - Started process (PID=1414) to work on /home/airflow/.local/lib/python3.8/site-packages/airflow/example_dags/example_branch_labels.py
[2024-10-29T23:46:34.388+0000] {processor.py:830} INFO - Processing file /home/airflow/.local/lib/python3.8/site-packages/airflow/example_dags/example_branch_labels.py for tasks to queue
[2024-10-29T23:46:34.390+0000] {logging_mixin.py:188} INFO - [2024-10-29T23:46:34.389+0000] {dagbag.py:540} INFO - Filling up the DagBag from /home/airflow/.local/lib/python3.8/site-packages/airflow/example_dags/example_branch_labels.py
[2024-10-29T23:46:34.398+0000] {processor.py:840} INFO - DAG(s) 'example_branch_labels' retrieved from /home/airflow/.local/lib/python3.8/site-packages/airflow/example_dags/example_branch_labels.py
[2024-10-29T23:46:34.426+0000] {logging_mixin.py:188} INFO - [2024-10-29T23:46:34.426+0000] {dag.py:3047} INFO - Sync 1 DAGs
[2024-10-29T23:46:34.464+0000] {logging_mixin.py:188} INFO - [2024-10-29T23:46:34.463+0000] {dag.py:3834} INFO - Setting next_dagrun for example_branch_labels to 2024-10-28 00:00:00+00:00, run_after=2024-10-29 00:00:00+00:00
[2024-10-29T23:46:34.488+0000] {processor.py:183} INFO - Processing /home/airflow/.local/lib/python3.8/site-packages/airflow/example_dags/example_branch_labels.py took 0.124 seconds
[2024-10-29T23:47:04.672+0000] {processor.py:161} INFO - Started process (PID=1470) to work on /home/airflow/.local/lib/python3.8/site-packages/airflow/example_dags/example_branch_labels.py
[2024-10-29T23:47:04.678+0000] {processor.py:830} INFO - Processing file /home/airflow/.local/lib/python3.8/site-packages/airflow/example_dags/example_branch_labels.py for tasks to queue
[2024-10-29T23:47:04.680+0000] {logging_mixin.py:188} INFO - [2024-10-29T23:47:04.680+0000] {dagbag.py:540} INFO - Filling up the DagBag from /home/airflow/.local/lib/python3.8/site-packages/airflow/example_dags/example_branch_labels.py
[2024-10-29T23:47:04.690+0000] {processor.py:840} INFO - DAG(s) 'example_branch_labels' retrieved from /home/airflow/.local/lib/python3.8/site-packages/airflow/example_dags/example_branch_labels.py
[2024-10-29T23:47:04.716+0000] {logging_mixin.py:188} INFO - [2024-10-29T23:47:04.716+0000] {dag.py:3047} INFO - Sync 1 DAGs
[2024-10-29T23:47:04.750+0000] {logging_mixin.py:188} INFO - [2024-10-29T23:47:04.750+0000] {dag.py:3834} INFO - Setting next_dagrun for example_branch_labels to 2024-10-28 00:00:00+00:00, run_after=2024-10-29 00:00:00+00:00
[2024-10-29T23:47:04.775+0000] {processor.py:183} INFO - Processing /home/airflow/.local/lib/python3.8/site-packages/airflow/example_dags/example_branch_labels.py took 0.106 seconds
[2024-10-29T23:47:35.015+0000] {processor.py:161} INFO - Started process (PID=1526) to work on /home/airflow/.local/lib/python3.8/site-packages/airflow/example_dags/example_branch_labels.py
[2024-10-29T23:47:35.015+0000] {processor.py:830} INFO - Processing file /home/airflow/.local/lib/python3.8/site-packages/airflow/example_dags/example_branch_labels.py for tasks to queue
[2024-10-29T23:47:35.017+0000] {logging_mixin.py:188} INFO - [2024-10-29T23:47:35.017+0000] {dagbag.py:540} INFO - Filling up the DagBag from /home/airflow/.local/lib/python3.8/site-packages/airflow/example_dags/example_branch_labels.py
[2024-10-29T23:47:35.023+0000] {processor.py:840} INFO - DAG(s) 'example_branch_labels' retrieved from /home/airflow/.local/lib/python3.8/site-packages/airflow/example_dags/example_branch_labels.py
[2024-10-29T23:47:35.040+0000] {logging_mixin.py:188} INFO - [2024-10-29T23:47:35.040+0000] {dag.py:3047} INFO - Sync 1 DAGs
[2024-10-29T23:47:35.061+0000] {logging_mixin.py:188} INFO - [2024-10-29T23:47:35.061+0000] {dag.py:3834} INFO - Setting next_dagrun for example_branch_labels to 2024-10-28 00:00:00+00:00, run_after=2024-10-29 00:00:00+00:00
[2024-10-29T23:47:35.076+0000] {processor.py:183} INFO - Processing /home/airflow/.local/lib/python3.8/site-packages/airflow/example_dags/example_branch_labels.py took 0.063 seconds
[2024-10-29T23:48:05.994+0000] {processor.py:161} INFO - Started process (PID=1582) to work on /home/airflow/.local/lib/python3.8/site-packages/airflow/example_dags/example_branch_labels.py
[2024-10-29T23:48:05.996+0000] {processor.py:830} INFO - Processing file /home/airflow/.local/lib/python3.8/site-packages/airflow/example_dags/example_branch_labels.py for tasks to queue
[2024-10-29T23:48:06.002+0000] {logging_mixin.py:188} INFO - [2024-10-29T23:48:06.000+0000] {dagbag.py:540} INFO - Filling up the DagBag from /home/airflow/.local/lib/python3.8/site-packages/airflow/example_dags/example_branch_labels.py
[2024-10-29T23:48:06.025+0000] {processor.py:840} INFO - DAG(s) 'example_branch_labels' retrieved from /home/airflow/.local/lib/python3.8/site-packages/airflow/example_dags/example_branch_labels.py
[2024-10-29T23:48:06.068+0000] {logging_mixin.py:188} INFO - [2024-10-29T23:48:06.067+0000] {dag.py:3047} INFO - Sync 1 DAGs
[2024-10-29T23:48:06.098+0000] {logging_mixin.py:188} INFO - [2024-10-29T23:48:06.098+0000] {dag.py:3834} INFO - Setting next_dagrun for example_branch_labels to 2024-10-28 00:00:00+00:00, run_after=2024-10-29 00:00:00+00:00
[2024-10-29T23:48:06.121+0000] {processor.py:183} INFO - Processing /home/airflow/.local/lib/python3.8/site-packages/airflow/example_dags/example_branch_labels.py took 0.135 seconds
[2024-10-29T23:48:36.269+0000] {processor.py:161} INFO - Started process (PID=1637) to work on /home/airflow/.local/lib/python3.8/site-packages/airflow/example_dags/example_branch_labels.py
[2024-10-29T23:48:36.270+0000] {processor.py:830} INFO - Processing file /home/airflow/.local/lib/python3.8/site-packages/airflow/example_dags/example_branch_labels.py for tasks to queue
[2024-10-29T23:48:36.272+0000] {logging_mixin.py:188} INFO - [2024-10-29T23:48:36.271+0000] {dagbag.py:540} INFO - Filling up the DagBag from /home/airflow/.local/lib/python3.8/site-packages/airflow/example_dags/example_branch_labels.py
[2024-10-29T23:48:36.279+0000] {processor.py:840} INFO - DAG(s) 'example_branch_labels' retrieved from /home/airflow/.local/lib/python3.8/site-packages/airflow/example_dags/example_branch_labels.py
[2024-10-29T23:48:36.297+0000] {logging_mixin.py:188} INFO - [2024-10-29T23:48:36.297+0000] {dag.py:3047} INFO - Sync 1 DAGs
[2024-10-29T23:48:36.319+0000] {logging_mixin.py:188} INFO - [2024-10-29T23:48:36.318+0000] {dag.py:3834} INFO - Setting next_dagrun for example_branch_labels to 2024-10-28 00:00:00+00:00, run_after=2024-10-29 00:00:00+00:00
[2024-10-29T23:48:36.334+0000] {processor.py:183} INFO - Processing /home/airflow/.local/lib/python3.8/site-packages/airflow/example_dags/example_branch_labels.py took 0.067 seconds
[2024-10-29T23:49:06.630+0000] {processor.py:161} INFO - Started process (PID=1693) to work on /home/airflow/.local/lib/python3.8/site-packages/airflow/example_dags/example_branch_labels.py
[2024-10-29T23:49:06.632+0000] {processor.py:830} INFO - Processing file /home/airflow/.local/lib/python3.8/site-packages/airflow/example_dags/example_branch_labels.py for tasks to queue
[2024-10-29T23:49:06.636+0000] {logging_mixin.py:188} INFO - [2024-10-29T23:49:06.635+0000] {dagbag.py:540} INFO - Filling up the DagBag from /home/airflow/.local/lib/python3.8/site-packages/airflow/example_dags/example_branch_labels.py
[2024-10-29T23:49:06.649+0000] {processor.py:840} INFO - DAG(s) 'example_branch_labels' retrieved from /home/airflow/.local/lib/python3.8/site-packages/airflow/example_dags/example_branch_labels.py
[2024-10-29T23:49:06.678+0000] {logging_mixin.py:188} INFO - [2024-10-29T23:49:06.677+0000] {dag.py:3047} INFO - Sync 1 DAGs
[2024-10-29T23:49:06.721+0000] {logging_mixin.py:188} INFO - [2024-10-29T23:49:06.720+0000] {dag.py:3834} INFO - Setting next_dagrun for example_branch_labels to 2024-10-28 00:00:00+00:00, run_after=2024-10-29 00:00:00+00:00
[2024-10-29T23:49:06.746+0000] {processor.py:183} INFO - Processing /home/airflow/.local/lib/python3.8/site-packages/airflow/example_dags/example_branch_labels.py took 0.121 seconds
[2024-10-29T23:49:36.891+0000] {processor.py:161} INFO - Started process (PID=1749) to work on /home/airflow/.local/lib/python3.8/site-packages/airflow/example_dags/example_branch_labels.py
[2024-10-29T23:49:36.897+0000] {processor.py:830} INFO - Processing file /home/airflow/.local/lib/python3.8/site-packages/airflow/example_dags/example_branch_labels.py for tasks to queue
[2024-10-29T23:49:36.899+0000] {logging_mixin.py:188} INFO - [2024-10-29T23:49:36.899+0000] {dagbag.py:540} INFO - Filling up the DagBag from /home/airflow/.local/lib/python3.8/site-packages/airflow/example_dags/example_branch_labels.py
[2024-10-29T23:49:36.908+0000] {processor.py:840} INFO - DAG(s) 'example_branch_labels' retrieved from /home/airflow/.local/lib/python3.8/site-packages/airflow/example_dags/example_branch_labels.py
[2024-10-29T23:49:36.931+0000] {logging_mixin.py:188} INFO - [2024-10-29T23:49:36.931+0000] {dag.py:3047} INFO - Sync 1 DAGs
[2024-10-29T23:49:36.958+0000] {logging_mixin.py:188} INFO - [2024-10-29T23:49:36.958+0000] {dag.py:3834} INFO - Setting next_dagrun for example_branch_labels to 2024-10-28 00:00:00+00:00, run_after=2024-10-29 00:00:00+00:00
[2024-10-29T23:49:36.974+0000] {processor.py:183} INFO - Processing /home/airflow/.local/lib/python3.8/site-packages/airflow/example_dags/example_branch_labels.py took 0.086 seconds
[2024-10-29T23:50:07.098+0000] {processor.py:161} INFO - Started process (PID=1805) to work on /home/airflow/.local/lib/python3.8/site-packages/airflow/example_dags/example_branch_labels.py
[2024-10-29T23:50:07.102+0000] {processor.py:830} INFO - Processing file /home/airflow/.local/lib/python3.8/site-packages/airflow/example_dags/example_branch_labels.py for tasks to queue
[2024-10-29T23:50:07.108+0000] {logging_mixin.py:188} INFO - [2024-10-29T23:50:07.107+0000] {dagbag.py:540} INFO - Filling up the DagBag from /home/airflow/.local/lib/python3.8/site-packages/airflow/example_dags/example_branch_labels.py
[2024-10-29T23:50:07.141+0000] {processor.py:840} INFO - DAG(s) 'example_branch_labels' retrieved from /home/airflow/.local/lib/python3.8/site-packages/airflow/example_dags/example_branch_labels.py
[2024-10-29T23:50:07.212+0000] {logging_mixin.py:188} INFO - [2024-10-29T23:50:07.212+0000] {dag.py:3047} INFO - Sync 1 DAGs
[2024-10-29T23:50:07.317+0000] {logging_mixin.py:188} INFO - [2024-10-29T23:50:07.316+0000] {dag.py:3834} INFO - Setting next_dagrun for example_branch_labels to 2024-10-28 00:00:00+00:00, run_after=2024-10-29 00:00:00+00:00
[2024-10-29T23:50:07.348+0000] {processor.py:183} INFO - Processing /home/airflow/.local/lib/python3.8/site-packages/airflow/example_dags/example_branch_labels.py took 0.260 seconds
[2024-10-29T23:50:37.424+0000] {processor.py:161} INFO - Started process (PID=1861) to work on /home/airflow/.local/lib/python3.8/site-packages/airflow/example_dags/example_branch_labels.py
[2024-10-29T23:50:37.425+0000] {processor.py:830} INFO - Processing file /home/airflow/.local/lib/python3.8/site-packages/airflow/example_dags/example_branch_labels.py for tasks to queue
[2024-10-29T23:50:37.427+0000] {logging_mixin.py:188} INFO - [2024-10-29T23:50:37.426+0000] {dagbag.py:540} INFO - Filling up the DagBag from /home/airflow/.local/lib/python3.8/site-packages/airflow/example_dags/example_branch_labels.py
[2024-10-29T23:50:37.435+0000] {processor.py:840} INFO - DAG(s) 'example_branch_labels' retrieved from /home/airflow/.local/lib/python3.8/site-packages/airflow/example_dags/example_branch_labels.py
[2024-10-29T23:50:37.457+0000] {logging_mixin.py:188} INFO - [2024-10-29T23:50:37.457+0000] {dag.py:3047} INFO - Sync 1 DAGs
[2024-10-29T23:50:37.482+0000] {logging_mixin.py:188} INFO - [2024-10-29T23:50:37.482+0000] {dag.py:3834} INFO - Setting next_dagrun for example_branch_labels to 2024-10-28 00:00:00+00:00, run_after=2024-10-29 00:00:00+00:00
[2024-10-29T23:50:37.501+0000] {processor.py:183} INFO - Processing /home/airflow/.local/lib/python3.8/site-packages/airflow/example_dags/example_branch_labels.py took 0.080 seconds
[2024-10-29T23:51:08.240+0000] {processor.py:161} INFO - Started process (PID=1917) to work on /home/airflow/.local/lib/python3.8/site-packages/airflow/example_dags/example_branch_labels.py
[2024-10-29T23:51:08.241+0000] {processor.py:830} INFO - Processing file /home/airflow/.local/lib/python3.8/site-packages/airflow/example_dags/example_branch_labels.py for tasks to queue
[2024-10-29T23:51:08.243+0000] {logging_mixin.py:188} INFO - [2024-10-29T23:51:08.243+0000] {dagbag.py:540} INFO - Filling up the DagBag from /home/airflow/.local/lib/python3.8/site-packages/airflow/example_dags/example_branch_labels.py
[2024-10-29T23:51:08.252+0000] {processor.py:840} INFO - DAG(s) 'example_branch_labels' retrieved from /home/airflow/.local/lib/python3.8/site-packages/airflow/example_dags/example_branch_labels.py
[2024-10-29T23:51:08.276+0000] {logging_mixin.py:188} INFO - [2024-10-29T23:51:08.276+0000] {dag.py:3047} INFO - Sync 1 DAGs
[2024-10-29T23:51:08.311+0000] {logging_mixin.py:188} INFO - [2024-10-29T23:51:08.310+0000] {dag.py:3834} INFO - Setting next_dagrun for example_branch_labels to 2024-10-28 00:00:00+00:00, run_after=2024-10-29 00:00:00+00:00
[2024-10-29T23:51:08.332+0000] {processor.py:183} INFO - Processing /home/airflow/.local/lib/python3.8/site-packages/airflow/example_dags/example_branch_labels.py took 0.095 seconds
[2024-10-29T23:51:38.681+0000] {processor.py:161} INFO - Started process (PID=1972) to work on /home/airflow/.local/lib/python3.8/site-packages/airflow/example_dags/example_branch_labels.py
[2024-10-29T23:51:38.682+0000] {processor.py:830} INFO - Processing file /home/airflow/.local/lib/python3.8/site-packages/airflow/example_dags/example_branch_labels.py for tasks to queue
[2024-10-29T23:51:38.684+0000] {logging_mixin.py:188} INFO - [2024-10-29T23:51:38.684+0000] {dagbag.py:540} INFO - Filling up the DagBag from /home/airflow/.local/lib/python3.8/site-packages/airflow/example_dags/example_branch_labels.py
[2024-10-29T23:51:38.692+0000] {processor.py:840} INFO - DAG(s) 'example_branch_labels' retrieved from /home/airflow/.local/lib/python3.8/site-packages/airflow/example_dags/example_branch_labels.py
[2024-10-29T23:51:38.717+0000] {logging_mixin.py:188} INFO - [2024-10-29T23:51:38.717+0000] {dag.py:3047} INFO - Sync 1 DAGs
[2024-10-29T23:51:38.751+0000] {logging_mixin.py:188} INFO - [2024-10-29T23:51:38.751+0000] {dag.py:3834} INFO - Setting next_dagrun for example_branch_labels to 2024-10-28 00:00:00+00:00, run_after=2024-10-29 00:00:00+00:00
[2024-10-29T23:51:38.772+0000] {processor.py:183} INFO - Processing /home/airflow/.local/lib/python3.8/site-packages/airflow/example_dags/example_branch_labels.py took 0.093 seconds
[2024-10-29T23:52:08.909+0000] {processor.py:161} INFO - Started process (PID=2028) to work on /home/airflow/.local/lib/python3.8/site-packages/airflow/example_dags/example_branch_labels.py
[2024-10-29T23:52:08.910+0000] {processor.py:830} INFO - Processing file /home/airflow/.local/lib/python3.8/site-packages/airflow/example_dags/example_branch_labels.py for tasks to queue
[2024-10-29T23:52:08.912+0000] {logging_mixin.py:188} INFO - [2024-10-29T23:52:08.911+0000] {dagbag.py:540} INFO - Filling up the DagBag from /home/airflow/.local/lib/python3.8/site-packages/airflow/example_dags/example_branch_labels.py
[2024-10-29T23:52:08.920+0000] {processor.py:840} INFO - DAG(s) 'example_branch_labels' retrieved from /home/airflow/.local/lib/python3.8/site-packages/airflow/example_dags/example_branch_labels.py
[2024-10-29T23:52:08.943+0000] {logging_mixin.py:188} INFO - [2024-10-29T23:52:08.942+0000] {dag.py:3047} INFO - Sync 1 DAGs
[2024-10-29T23:52:08.970+0000] {logging_mixin.py:188} INFO - [2024-10-29T23:52:08.970+0000] {dag.py:3834} INFO - Setting next_dagrun for example_branch_labels to 2024-10-28 00:00:00+00:00, run_after=2024-10-29 00:00:00+00:00
[2024-10-29T23:52:08.992+0000] {processor.py:183} INFO - Processing /home/airflow/.local/lib/python3.8/site-packages/airflow/example_dags/example_branch_labels.py took 0.087 seconds
[2024-10-29T23:52:39.087+0000] {processor.py:161} INFO - Started process (PID=2084) to work on /home/airflow/.local/lib/python3.8/site-packages/airflow/example_dags/example_branch_labels.py
[2024-10-29T23:52:39.088+0000] {processor.py:830} INFO - Processing file /home/airflow/.local/lib/python3.8/site-packages/airflow/example_dags/example_branch_labels.py for tasks to queue
[2024-10-29T23:52:39.090+0000] {logging_mixin.py:188} INFO - [2024-10-29T23:52:39.090+0000] {dagbag.py:540} INFO - Filling up the DagBag from /home/airflow/.local/lib/python3.8/site-packages/airflow/example_dags/example_branch_labels.py
[2024-10-29T23:52:39.102+0000] {processor.py:840} INFO - DAG(s) 'example_branch_labels' retrieved from /home/airflow/.local/lib/python3.8/site-packages/airflow/example_dags/example_branch_labels.py
[2024-10-29T23:52:39.128+0000] {logging_mixin.py:188} INFO - [2024-10-29T23:52:39.127+0000] {dag.py:3047} INFO - Sync 1 DAGs
[2024-10-29T23:52:39.160+0000] {logging_mixin.py:188} INFO - [2024-10-29T23:52:39.159+0000] {dag.py:3834} INFO - Setting next_dagrun for example_branch_labels to 2024-10-28 00:00:00+00:00, run_after=2024-10-29 00:00:00+00:00
[2024-10-29T23:52:39.180+0000] {processor.py:183} INFO - Processing /home/airflow/.local/lib/python3.8/site-packages/airflow/example_dags/example_branch_labels.py took 0.097 seconds
[2024-10-29T23:53:09.881+0000] {processor.py:161} INFO - Started process (PID=2140) to work on /home/airflow/.local/lib/python3.8/site-packages/airflow/example_dags/example_branch_labels.py
[2024-10-29T23:53:09.882+0000] {processor.py:830} INFO - Processing file /home/airflow/.local/lib/python3.8/site-packages/airflow/example_dags/example_branch_labels.py for tasks to queue
[2024-10-29T23:53:09.883+0000] {logging_mixin.py:188} INFO - [2024-10-29T23:53:09.883+0000] {dagbag.py:540} INFO - Filling up the DagBag from /home/airflow/.local/lib/python3.8/site-packages/airflow/example_dags/example_branch_labels.py
[2024-10-29T23:53:09.890+0000] {processor.py:840} INFO - DAG(s) 'example_branch_labels' retrieved from /home/airflow/.local/lib/python3.8/site-packages/airflow/example_dags/example_branch_labels.py
[2024-10-29T23:53:09.908+0000] {logging_mixin.py:188} INFO - [2024-10-29T23:53:09.908+0000] {dag.py:3047} INFO - Sync 1 DAGs
[2024-10-29T23:53:09.929+0000] {logging_mixin.py:188} INFO - [2024-10-29T23:53:09.929+0000] {dag.py:3834} INFO - Setting next_dagrun for example_branch_labels to 2024-10-28 00:00:00+00:00, run_after=2024-10-29 00:00:00+00:00
[2024-10-29T23:53:09.945+0000] {processor.py:183} INFO - Processing /home/airflow/.local/lib/python3.8/site-packages/airflow/example_dags/example_branch_labels.py took 0.067 seconds
[2024-10-29T23:53:40.617+0000] {processor.py:161} INFO - Started process (PID=2196) to work on /home/airflow/.local/lib/python3.8/site-packages/airflow/example_dags/example_branch_labels.py
[2024-10-29T23:53:40.619+0000] {processor.py:830} INFO - Processing file /home/airflow/.local/lib/python3.8/site-packages/airflow/example_dags/example_branch_labels.py for tasks to queue
[2024-10-29T23:53:40.624+0000] {logging_mixin.py:188} INFO - [2024-10-29T23:53:40.623+0000] {dagbag.py:540} INFO - Filling up the DagBag from /home/airflow/.local/lib/python3.8/site-packages/airflow/example_dags/example_branch_labels.py
[2024-10-29T23:53:40.646+0000] {processor.py:840} INFO - DAG(s) 'example_branch_labels' retrieved from /home/airflow/.local/lib/python3.8/site-packages/airflow/example_dags/example_branch_labels.py
[2024-10-29T23:53:40.705+0000] {logging_mixin.py:188} INFO - [2024-10-29T23:53:40.705+0000] {dag.py:3047} INFO - Sync 1 DAGs
[2024-10-29T23:53:40.782+0000] {logging_mixin.py:188} INFO - [2024-10-29T23:53:40.781+0000] {dag.py:3834} INFO - Setting next_dagrun for example_branch_labels to 2024-10-28 00:00:00+00:00, run_after=2024-10-29 00:00:00+00:00
[2024-10-29T23:53:40.839+0000] {processor.py:183} INFO - Processing /home/airflow/.local/lib/python3.8/site-packages/airflow/example_dags/example_branch_labels.py took 0.230 seconds
[2024-10-29T23:54:11.398+0000] {processor.py:161} INFO - Started process (PID=2252) to work on /home/airflow/.local/lib/python3.8/site-packages/airflow/example_dags/example_branch_labels.py
[2024-10-29T23:54:11.399+0000] {processor.py:830} INFO - Processing file /home/airflow/.local/lib/python3.8/site-packages/airflow/example_dags/example_branch_labels.py for tasks to queue
[2024-10-29T23:54:11.402+0000] {logging_mixin.py:188} INFO - [2024-10-29T23:54:11.401+0000] {dagbag.py:540} INFO - Filling up the DagBag from /home/airflow/.local/lib/python3.8/site-packages/airflow/example_dags/example_branch_labels.py
[2024-10-29T23:54:11.413+0000] {processor.py:840} INFO - DAG(s) 'example_branch_labels' retrieved from /home/airflow/.local/lib/python3.8/site-packages/airflow/example_dags/example_branch_labels.py
[2024-10-29T23:54:11.447+0000] {logging_mixin.py:188} INFO - [2024-10-29T23:54:11.446+0000] {dag.py:3047} INFO - Sync 1 DAGs
[2024-10-29T23:54:11.489+0000] {logging_mixin.py:188} INFO - [2024-10-29T23:54:11.489+0000] {dag.py:3834} INFO - Setting next_dagrun for example_branch_labels to 2024-10-28 00:00:00+00:00, run_after=2024-10-29 00:00:00+00:00
[2024-10-29T23:54:11.506+0000] {processor.py:183} INFO - Processing /home/airflow/.local/lib/python3.8/site-packages/airflow/example_dags/example_branch_labels.py took 0.114 seconds
[2024-10-29T23:54:42.075+0000] {processor.py:161} INFO - Started process (PID=2308) to work on /home/airflow/.local/lib/python3.8/site-packages/airflow/example_dags/example_branch_labels.py
[2024-10-29T23:54:42.076+0000] {processor.py:830} INFO - Processing file /home/airflow/.local/lib/python3.8/site-packages/airflow/example_dags/example_branch_labels.py for tasks to queue
[2024-10-29T23:54:42.078+0000] {logging_mixin.py:188} INFO - [2024-10-29T23:54:42.078+0000] {dagbag.py:540} INFO - Filling up the DagBag from /home/airflow/.local/lib/python3.8/site-packages/airflow/example_dags/example_branch_labels.py
[2024-10-29T23:54:42.086+0000] {processor.py:840} INFO - DAG(s) 'example_branch_labels' retrieved from /home/airflow/.local/lib/python3.8/site-packages/airflow/example_dags/example_branch_labels.py
[2024-10-29T23:54:42.114+0000] {logging_mixin.py:188} INFO - [2024-10-29T23:54:42.114+0000] {dag.py:3047} INFO - Sync 1 DAGs
[2024-10-29T23:54:42.150+0000] {logging_mixin.py:188} INFO - [2024-10-29T23:54:42.149+0000] {dag.py:3834} INFO - Setting next_dagrun for example_branch_labels to 2024-10-28 00:00:00+00:00, run_after=2024-10-29 00:00:00+00:00
[2024-10-29T23:54:42.177+0000] {processor.py:183} INFO - Processing /home/airflow/.local/lib/python3.8/site-packages/airflow/example_dags/example_branch_labels.py took 0.105 seconds
[2024-10-29T23:55:12.520+0000] {processor.py:161} INFO - Started process (PID=2364) to work on /home/airflow/.local/lib/python3.8/site-packages/airflow/example_dags/example_branch_labels.py
[2024-10-29T23:55:12.523+0000] {processor.py:830} INFO - Processing file /home/airflow/.local/lib/python3.8/site-packages/airflow/example_dags/example_branch_labels.py for tasks to queue
[2024-10-29T23:55:12.527+0000] {logging_mixin.py:188} INFO - [2024-10-29T23:55:12.526+0000] {dagbag.py:540} INFO - Filling up the DagBag from /home/airflow/.local/lib/python3.8/site-packages/airflow/example_dags/example_branch_labels.py
[2024-10-29T23:55:12.550+0000] {processor.py:840} INFO - DAG(s) 'example_branch_labels' retrieved from /home/airflow/.local/lib/python3.8/site-packages/airflow/example_dags/example_branch_labels.py
[2024-10-29T23:55:12.611+0000] {logging_mixin.py:188} INFO - [2024-10-29T23:55:12.611+0000] {dag.py:3047} INFO - Sync 1 DAGs
[2024-10-29T23:55:12.664+0000] {logging_mixin.py:188} INFO - [2024-10-29T23:55:12.663+0000] {dag.py:3834} INFO - Setting next_dagrun for example_branch_labels to 2024-10-28 00:00:00+00:00, run_after=2024-10-29 00:00:00+00:00
[2024-10-29T23:55:12.687+0000] {processor.py:183} INFO - Processing /home/airflow/.local/lib/python3.8/site-packages/airflow/example_dags/example_branch_labels.py took 0.175 seconds
[2024-10-29T23:55:42.873+0000] {processor.py:161} INFO - Started process (PID=2420) to work on /home/airflow/.local/lib/python3.8/site-packages/airflow/example_dags/example_branch_labels.py
[2024-10-29T23:55:42.873+0000] {processor.py:830} INFO - Processing file /home/airflow/.local/lib/python3.8/site-packages/airflow/example_dags/example_branch_labels.py for tasks to queue
[2024-10-29T23:55:42.875+0000] {logging_mixin.py:188} INFO - [2024-10-29T23:55:42.875+0000] {dagbag.py:540} INFO - Filling up the DagBag from /home/airflow/.local/lib/python3.8/site-packages/airflow/example_dags/example_branch_labels.py
[2024-10-29T23:55:42.884+0000] {processor.py:840} INFO - DAG(s) 'example_branch_labels' retrieved from /home/airflow/.local/lib/python3.8/site-packages/airflow/example_dags/example_branch_labels.py
[2024-10-29T23:55:42.905+0000] {logging_mixin.py:188} INFO - [2024-10-29T23:55:42.905+0000] {dag.py:3047} INFO - Sync 1 DAGs
[2024-10-29T23:55:42.929+0000] {logging_mixin.py:188} INFO - [2024-10-29T23:55:42.928+0000] {dag.py:3834} INFO - Setting next_dagrun for example_branch_labels to 2024-10-28 00:00:00+00:00, run_after=2024-10-29 00:00:00+00:00
[2024-10-29T23:55:42.946+0000] {processor.py:183} INFO - Processing /home/airflow/.local/lib/python3.8/site-packages/airflow/example_dags/example_branch_labels.py took 0.077 seconds
[2024-10-29T23:56:13.819+0000] {processor.py:161} INFO - Started process (PID=2476) to work on /home/airflow/.local/lib/python3.8/site-packages/airflow/example_dags/example_branch_labels.py
[2024-10-29T23:56:13.821+0000] {processor.py:830} INFO - Processing file /home/airflow/.local/lib/python3.8/site-packages/airflow/example_dags/example_branch_labels.py for tasks to queue
[2024-10-29T23:56:13.823+0000] {logging_mixin.py:188} INFO - [2024-10-29T23:56:13.823+0000] {dagbag.py:540} INFO - Filling up the DagBag from /home/airflow/.local/lib/python3.8/site-packages/airflow/example_dags/example_branch_labels.py
[2024-10-29T23:56:13.833+0000] {processor.py:840} INFO - DAG(s) 'example_branch_labels' retrieved from /home/airflow/.local/lib/python3.8/site-packages/airflow/example_dags/example_branch_labels.py
[2024-10-29T23:56:13.864+0000] {logging_mixin.py:188} INFO - [2024-10-29T23:56:13.864+0000] {dag.py:3047} INFO - Sync 1 DAGs
[2024-10-29T23:56:13.898+0000] {logging_mixin.py:188} INFO - [2024-10-29T23:56:13.898+0000] {dag.py:3834} INFO - Setting next_dagrun for example_branch_labels to 2024-10-28 00:00:00+00:00, run_after=2024-10-29 00:00:00+00:00
[2024-10-29T23:56:13.918+0000] {processor.py:183} INFO - Processing /home/airflow/.local/lib/python3.8/site-packages/airflow/example_dags/example_branch_labels.py took 0.102 seconds
[2024-10-29T23:56:44.241+0000] {processor.py:161} INFO - Started process (PID=2532) to work on /home/airflow/.local/lib/python3.8/site-packages/airflow/example_dags/example_branch_labels.py
[2024-10-29T23:56:44.242+0000] {processor.py:830} INFO - Processing file /home/airflow/.local/lib/python3.8/site-packages/airflow/example_dags/example_branch_labels.py for tasks to queue
[2024-10-29T23:56:44.244+0000] {logging_mixin.py:188} INFO - [2024-10-29T23:56:44.244+0000] {dagbag.py:540} INFO - Filling up the DagBag from /home/airflow/.local/lib/python3.8/site-packages/airflow/example_dags/example_branch_labels.py
[2024-10-29T23:56:44.257+0000] {processor.py:840} INFO - DAG(s) 'example_branch_labels' retrieved from /home/airflow/.local/lib/python3.8/site-packages/airflow/example_dags/example_branch_labels.py
[2024-10-29T23:56:44.288+0000] {logging_mixin.py:188} INFO - [2024-10-29T23:56:44.287+0000] {dag.py:3047} INFO - Sync 1 DAGs
[2024-10-29T23:56:44.327+0000] {logging_mixin.py:188} INFO - [2024-10-29T23:56:44.327+0000] {dag.py:3834} INFO - Setting next_dagrun for example_branch_labels to 2024-10-28 00:00:00+00:00, run_after=2024-10-29 00:00:00+00:00
[2024-10-29T23:56:44.345+0000] {processor.py:183} INFO - Processing /home/airflow/.local/lib/python3.8/site-packages/airflow/example_dags/example_branch_labels.py took 0.108 seconds
[2024-10-29T23:57:14.818+0000] {processor.py:161} INFO - Started process (PID=2588) to work on /home/airflow/.local/lib/python3.8/site-packages/airflow/example_dags/example_branch_labels.py
[2024-10-29T23:57:14.819+0000] {processor.py:830} INFO - Processing file /home/airflow/.local/lib/python3.8/site-packages/airflow/example_dags/example_branch_labels.py for tasks to queue
[2024-10-29T23:57:14.821+0000] {logging_mixin.py:188} INFO - [2024-10-29T23:57:14.821+0000] {dagbag.py:540} INFO - Filling up the DagBag from /home/airflow/.local/lib/python3.8/site-packages/airflow/example_dags/example_branch_labels.py
[2024-10-29T23:57:14.829+0000] {processor.py:840} INFO - DAG(s) 'example_branch_labels' retrieved from /home/airflow/.local/lib/python3.8/site-packages/airflow/example_dags/example_branch_labels.py
[2024-10-29T23:57:14.851+0000] {logging_mixin.py:188} INFO - [2024-10-29T23:57:14.851+0000] {dag.py:3047} INFO - Sync 1 DAGs
[2024-10-29T23:57:14.890+0000] {logging_mixin.py:188} INFO - [2024-10-29T23:57:14.890+0000] {dag.py:3834} INFO - Setting next_dagrun for example_branch_labels to 2024-10-28 00:00:00+00:00, run_after=2024-10-29 00:00:00+00:00
[2024-10-29T23:57:14.918+0000] {processor.py:183} INFO - Processing /home/airflow/.local/lib/python3.8/site-packages/airflow/example_dags/example_branch_labels.py took 0.103 seconds
[2024-10-29T23:57:45.079+0000] {processor.py:161} INFO - Started process (PID=2644) to work on /home/airflow/.local/lib/python3.8/site-packages/airflow/example_dags/example_branch_labels.py
[2024-10-29T23:57:45.080+0000] {processor.py:830} INFO - Processing file /home/airflow/.local/lib/python3.8/site-packages/airflow/example_dags/example_branch_labels.py for tasks to queue
[2024-10-29T23:57:45.081+0000] {logging_mixin.py:188} INFO - [2024-10-29T23:57:45.081+0000] {dagbag.py:540} INFO - Filling up the DagBag from /home/airflow/.local/lib/python3.8/site-packages/airflow/example_dags/example_branch_labels.py
[2024-10-29T23:57:45.090+0000] {processor.py:840} INFO - DAG(s) 'example_branch_labels' retrieved from /home/airflow/.local/lib/python3.8/site-packages/airflow/example_dags/example_branch_labels.py
[2024-10-29T23:57:45.109+0000] {logging_mixin.py:188} INFO - [2024-10-29T23:57:45.109+0000] {dag.py:3047} INFO - Sync 1 DAGs
[2024-10-29T23:57:45.135+0000] {logging_mixin.py:188} INFO - [2024-10-29T23:57:45.135+0000] {dag.py:3834} INFO - Setting next_dagrun for example_branch_labels to 2024-10-28 00:00:00+00:00, run_after=2024-10-29 00:00:00+00:00
[2024-10-29T23:57:45.153+0000] {processor.py:183} INFO - Processing /home/airflow/.local/lib/python3.8/site-packages/airflow/example_dags/example_branch_labels.py took 0.077 seconds
[2024-10-29T23:58:15.911+0000] {processor.py:161} INFO - Started process (PID=2700) to work on /home/airflow/.local/lib/python3.8/site-packages/airflow/example_dags/example_branch_labels.py
[2024-10-29T23:58:15.912+0000] {processor.py:830} INFO - Processing file /home/airflow/.local/lib/python3.8/site-packages/airflow/example_dags/example_branch_labels.py for tasks to queue
[2024-10-29T23:58:15.913+0000] {logging_mixin.py:188} INFO - [2024-10-29T23:58:15.913+0000] {dagbag.py:540} INFO - Filling up the DagBag from /home/airflow/.local/lib/python3.8/site-packages/airflow/example_dags/example_branch_labels.py
[2024-10-29T23:58:15.922+0000] {processor.py:840} INFO - DAG(s) 'example_branch_labels' retrieved from /home/airflow/.local/lib/python3.8/site-packages/airflow/example_dags/example_branch_labels.py
[2024-10-29T23:58:15.945+0000] {logging_mixin.py:188} INFO - [2024-10-29T23:58:15.945+0000] {dag.py:3047} INFO - Sync 1 DAGs
[2024-10-29T23:58:15.977+0000] {logging_mixin.py:188} INFO - [2024-10-29T23:58:15.977+0000] {dag.py:3834} INFO - Setting next_dagrun for example_branch_labels to 2024-10-28 00:00:00+00:00, run_after=2024-10-29 00:00:00+00:00
[2024-10-29T23:58:15.998+0000] {processor.py:183} INFO - Processing /home/airflow/.local/lib/python3.8/site-packages/airflow/example_dags/example_branch_labels.py took 0.090 seconds
[2024-10-29T23:58:46.131+0000] {processor.py:161} INFO - Started process (PID=2756) to work on /home/airflow/.local/lib/python3.8/site-packages/airflow/example_dags/example_branch_labels.py
[2024-10-29T23:58:46.134+0000] {processor.py:830} INFO - Processing file /home/airflow/.local/lib/python3.8/site-packages/airflow/example_dags/example_branch_labels.py for tasks to queue
[2024-10-29T23:58:46.139+0000] {logging_mixin.py:188} INFO - [2024-10-29T23:58:46.138+0000] {dagbag.py:540} INFO - Filling up the DagBag from /home/airflow/.local/lib/python3.8/site-packages/airflow/example_dags/example_branch_labels.py
[2024-10-29T23:58:46.163+0000] {processor.py:840} INFO - DAG(s) 'example_branch_labels' retrieved from /home/airflow/.local/lib/python3.8/site-packages/airflow/example_dags/example_branch_labels.py
[2024-10-29T23:58:46.203+0000] {logging_mixin.py:188} INFO - [2024-10-29T23:58:46.202+0000] {dag.py:3047} INFO - Sync 1 DAGs
[2024-10-29T23:58:46.234+0000] {logging_mixin.py:188} INFO - [2024-10-29T23:58:46.234+0000] {dag.py:3834} INFO - Setting next_dagrun for example_branch_labels to 2024-10-28 00:00:00+00:00, run_after=2024-10-29 00:00:00+00:00
[2024-10-29T23:58:46.255+0000] {processor.py:183} INFO - Processing /home/airflow/.local/lib/python3.8/site-packages/airflow/example_dags/example_branch_labels.py took 0.133 seconds
[2024-10-29T23:59:16.478+0000] {processor.py:161} INFO - Started process (PID=2812) to work on /home/airflow/.local/lib/python3.8/site-packages/airflow/example_dags/example_branch_labels.py
[2024-10-29T23:59:16.481+0000] {processor.py:830} INFO - Processing file /home/airflow/.local/lib/python3.8/site-packages/airflow/example_dags/example_branch_labels.py for tasks to queue
[2024-10-29T23:59:16.486+0000] {logging_mixin.py:188} INFO - [2024-10-29T23:59:16.485+0000] {dagbag.py:540} INFO - Filling up the DagBag from /home/airflow/.local/lib/python3.8/site-packages/airflow/example_dags/example_branch_labels.py
[2024-10-29T23:59:16.509+0000] {processor.py:840} INFO - DAG(s) 'example_branch_labels' retrieved from /home/airflow/.local/lib/python3.8/site-packages/airflow/example_dags/example_branch_labels.py
[2024-10-29T23:59:16.568+0000] {logging_mixin.py:188} INFO - [2024-10-29T23:59:16.567+0000] {dag.py:3047} INFO - Sync 1 DAGs
[2024-10-29T23:59:16.643+0000] {logging_mixin.py:188} INFO - [2024-10-29T23:59:16.642+0000] {dag.py:3834} INFO - Setting next_dagrun for example_branch_labels to 2024-10-28 00:00:00+00:00, run_after=2024-10-29 00:00:00+00:00
[2024-10-29T23:59:16.677+0000] {processor.py:183} INFO - Processing /home/airflow/.local/lib/python3.8/site-packages/airflow/example_dags/example_branch_labels.py took 0.207 seconds
[2024-10-29T23:59:46.779+0000] {processor.py:161} INFO - Started process (PID=2868) to work on /home/airflow/.local/lib/python3.8/site-packages/airflow/example_dags/example_branch_labels.py
[2024-10-29T23:59:46.781+0000] {processor.py:830} INFO - Processing file /home/airflow/.local/lib/python3.8/site-packages/airflow/example_dags/example_branch_labels.py for tasks to queue
[2024-10-29T23:59:46.783+0000] {logging_mixin.py:188} INFO - [2024-10-29T23:59:46.783+0000] {dagbag.py:540} INFO - Filling up the DagBag from /home/airflow/.local/lib/python3.8/site-packages/airflow/example_dags/example_branch_labels.py
[2024-10-29T23:59:46.798+0000] {processor.py:840} INFO - DAG(s) 'example_branch_labels' retrieved from /home/airflow/.local/lib/python3.8/site-packages/airflow/example_dags/example_branch_labels.py
[2024-10-29T23:59:46.836+0000] {logging_mixin.py:188} INFO - [2024-10-29T23:59:46.835+0000] {dag.py:3047} INFO - Sync 1 DAGs
[2024-10-29T23:59:46.876+0000] {logging_mixin.py:188} INFO - [2024-10-29T23:59:46.875+0000] {dag.py:3834} INFO - Setting next_dagrun for example_branch_labels to 2024-10-28 00:00:00+00:00, run_after=2024-10-29 00:00:00+00:00
[2024-10-29T23:59:46.896+0000] {processor.py:183} INFO - Processing /home/airflow/.local/lib/python3.8/site-packages/airflow/example_dags/example_branch_labels.py took 0.123 seconds
