[2024-10-29T23:27:24.223+0000] {processor.py:161} INFO - Started process (PID=16664) to work on /home/airflow/.local/lib/python3.8/site-packages/airflow/example_dags/example_setup_teardown.py
[2024-10-29T23:27:24.224+0000] {processor.py:830} INFO - Processing file /home/airflow/.local/lib/python3.8/site-packages/airflow/example_dags/example_setup_teardown.py for tasks to queue
[2024-10-29T23:27:24.227+0000] {logging_mixin.py:188} INFO - [2024-10-29T23:27:24.227+0000] {dagbag.py:540} INFO - Filling up the DagBag from /home/airflow/.local/lib/python3.8/site-packages/airflow/example_dags/example_setup_teardown.py
[2024-10-29T23:27:24.237+0000] {processor.py:840} INFO - DAG(s) 'example_setup_teardown' retrieved from /home/airflow/.local/lib/python3.8/site-packages/airflow/example_dags/example_setup_teardown.py
[2024-10-29T23:27:24.267+0000] {logging_mixin.py:188} INFO - [2024-10-29T23:27:24.266+0000] {dag.py:3047} INFO - Sync 1 DAGs
[2024-10-29T23:27:24.317+0000] {logging_mixin.py:188} INFO - [2024-10-29T23:27:24.317+0000] {dag.py:3834} INFO - Setting next_dagrun for example_setup_teardown to 2024-10-28 00:00:00+00:00, run_after=2024-10-29 00:00:00+00:00
[2024-10-29T23:27:24.339+0000] {processor.py:183} INFO - Processing /home/airflow/.local/lib/python3.8/site-packages/airflow/example_dags/example_setup_teardown.py took 0.122 seconds
[2024-10-29T23:27:54.472+0000] {processor.py:161} INFO - Started process (PID=16720) to work on /home/airflow/.local/lib/python3.8/site-packages/airflow/example_dags/example_setup_teardown.py
[2024-10-29T23:27:54.473+0000] {processor.py:830} INFO - Processing file /home/airflow/.local/lib/python3.8/site-packages/airflow/example_dags/example_setup_teardown.py for tasks to queue
[2024-10-29T23:27:54.474+0000] {logging_mixin.py:188} INFO - [2024-10-29T23:27:54.474+0000] {dagbag.py:540} INFO - Filling up the DagBag from /home/airflow/.local/lib/python3.8/site-packages/airflow/example_dags/example_setup_teardown.py
[2024-10-29T23:27:54.481+0000] {processor.py:840} INFO - DAG(s) 'example_setup_teardown' retrieved from /home/airflow/.local/lib/python3.8/site-packages/airflow/example_dags/example_setup_teardown.py
[2024-10-29T23:27:54.503+0000] {logging_mixin.py:188} INFO - [2024-10-29T23:27:54.502+0000] {dag.py:3047} INFO - Sync 1 DAGs
[2024-10-29T23:27:54.531+0000] {logging_mixin.py:188} INFO - [2024-10-29T23:27:54.531+0000] {dag.py:3834} INFO - Setting next_dagrun for example_setup_teardown to 2024-10-28 00:00:00+00:00, run_after=2024-10-29 00:00:00+00:00
[2024-10-29T23:27:54.551+0000] {processor.py:183} INFO - Processing /home/airflow/.local/lib/python3.8/site-packages/airflow/example_dags/example_setup_teardown.py took 0.083 seconds
[2024-10-29T23:28:25.301+0000] {processor.py:161} INFO - Started process (PID=16776) to work on /home/airflow/.local/lib/python3.8/site-packages/airflow/example_dags/example_setup_teardown.py
[2024-10-29T23:28:25.301+0000] {processor.py:830} INFO - Processing file /home/airflow/.local/lib/python3.8/site-packages/airflow/example_dags/example_setup_teardown.py for tasks to queue
[2024-10-29T23:28:25.303+0000] {logging_mixin.py:188} INFO - [2024-10-29T23:28:25.303+0000] {dagbag.py:540} INFO - Filling up the DagBag from /home/airflow/.local/lib/python3.8/site-packages/airflow/example_dags/example_setup_teardown.py
[2024-10-29T23:28:25.309+0000] {processor.py:840} INFO - DAG(s) 'example_setup_teardown' retrieved from /home/airflow/.local/lib/python3.8/site-packages/airflow/example_dags/example_setup_teardown.py
[2024-10-29T23:28:25.329+0000] {logging_mixin.py:188} INFO - [2024-10-29T23:28:25.328+0000] {dag.py:3047} INFO - Sync 1 DAGs
[2024-10-29T23:28:25.354+0000] {logging_mixin.py:188} INFO - [2024-10-29T23:28:25.354+0000] {dag.py:3834} INFO - Setting next_dagrun for example_setup_teardown to 2024-10-28 00:00:00+00:00, run_after=2024-10-29 00:00:00+00:00
[2024-10-29T23:28:25.373+0000] {processor.py:183} INFO - Processing /home/airflow/.local/lib/python3.8/site-packages/airflow/example_dags/example_setup_teardown.py took 0.075 seconds
[2024-10-29T23:28:56.131+0000] {processor.py:161} INFO - Started process (PID=16832) to work on /home/airflow/.local/lib/python3.8/site-packages/airflow/example_dags/example_setup_teardown.py
[2024-10-29T23:28:56.132+0000] {processor.py:830} INFO - Processing file /home/airflow/.local/lib/python3.8/site-packages/airflow/example_dags/example_setup_teardown.py for tasks to queue
[2024-10-29T23:28:56.133+0000] {logging_mixin.py:188} INFO - [2024-10-29T23:28:56.133+0000] {dagbag.py:540} INFO - Filling up the DagBag from /home/airflow/.local/lib/python3.8/site-packages/airflow/example_dags/example_setup_teardown.py
[2024-10-29T23:28:56.139+0000] {processor.py:840} INFO - DAG(s) 'example_setup_teardown' retrieved from /home/airflow/.local/lib/python3.8/site-packages/airflow/example_dags/example_setup_teardown.py
[2024-10-29T23:28:56.157+0000] {logging_mixin.py:188} INFO - [2024-10-29T23:28:56.157+0000] {dag.py:3047} INFO - Sync 1 DAGs
[2024-10-29T23:28:56.180+0000] {logging_mixin.py:188} INFO - [2024-10-29T23:28:56.180+0000] {dag.py:3834} INFO - Setting next_dagrun for example_setup_teardown to 2024-10-28 00:00:00+00:00, run_after=2024-10-29 00:00:00+00:00
[2024-10-29T23:28:56.199+0000] {processor.py:183} INFO - Processing /home/airflow/.local/lib/python3.8/site-packages/airflow/example_dags/example_setup_teardown.py took 0.071 seconds
[2024-10-29T23:29:27.393+0000] {processor.py:161} INFO - Started process (PID=16888) to work on /home/airflow/.local/lib/python3.8/site-packages/airflow/example_dags/example_setup_teardown.py
[2024-10-29T23:29:27.394+0000] {processor.py:830} INFO - Processing file /home/airflow/.local/lib/python3.8/site-packages/airflow/example_dags/example_setup_teardown.py for tasks to queue
[2024-10-29T23:29:27.396+0000] {logging_mixin.py:188} INFO - [2024-10-29T23:29:27.395+0000] {dagbag.py:540} INFO - Filling up the DagBag from /home/airflow/.local/lib/python3.8/site-packages/airflow/example_dags/example_setup_teardown.py
[2024-10-29T23:29:27.401+0000] {processor.py:840} INFO - DAG(s) 'example_setup_teardown' retrieved from /home/airflow/.local/lib/python3.8/site-packages/airflow/example_dags/example_setup_teardown.py
[2024-10-29T23:29:27.420+0000] {logging_mixin.py:188} INFO - [2024-10-29T23:29:27.420+0000] {dag.py:3047} INFO - Sync 1 DAGs
[2024-10-29T23:29:27.442+0000] {logging_mixin.py:188} INFO - [2024-10-29T23:29:27.442+0000] {dag.py:3834} INFO - Setting next_dagrun for example_setup_teardown to 2024-10-28 00:00:00+00:00, run_after=2024-10-29 00:00:00+00:00
[2024-10-29T23:29:27.459+0000] {processor.py:183} INFO - Processing /home/airflow/.local/lib/python3.8/site-packages/airflow/example_dags/example_setup_teardown.py took 0.068 seconds
[2024-10-29T23:29:57.603+0000] {processor.py:161} INFO - Started process (PID=16944) to work on /home/airflow/.local/lib/python3.8/site-packages/airflow/example_dags/example_setup_teardown.py
[2024-10-29T23:29:57.604+0000] {processor.py:830} INFO - Processing file /home/airflow/.local/lib/python3.8/site-packages/airflow/example_dags/example_setup_teardown.py for tasks to queue
[2024-10-29T23:29:57.605+0000] {logging_mixin.py:188} INFO - [2024-10-29T23:29:57.605+0000] {dagbag.py:540} INFO - Filling up the DagBag from /home/airflow/.local/lib/python3.8/site-packages/airflow/example_dags/example_setup_teardown.py
[2024-10-29T23:29:57.611+0000] {processor.py:840} INFO - DAG(s) 'example_setup_teardown' retrieved from /home/airflow/.local/lib/python3.8/site-packages/airflow/example_dags/example_setup_teardown.py
[2024-10-29T23:29:57.630+0000] {logging_mixin.py:188} INFO - [2024-10-29T23:29:57.630+0000] {dag.py:3047} INFO - Sync 1 DAGs
[2024-10-29T23:29:57.653+0000] {logging_mixin.py:188} INFO - [2024-10-29T23:29:57.653+0000] {dag.py:3834} INFO - Setting next_dagrun for example_setup_teardown to 2024-10-28 00:00:00+00:00, run_after=2024-10-29 00:00:00+00:00
[2024-10-29T23:29:57.671+0000] {processor.py:183} INFO - Processing /home/airflow/.local/lib/python3.8/site-packages/airflow/example_dags/example_setup_teardown.py took 0.071 seconds
[2024-10-29T23:30:27.986+0000] {processor.py:161} INFO - Started process (PID=17000) to work on /home/airflow/.local/lib/python3.8/site-packages/airflow/example_dags/example_setup_teardown.py
[2024-10-29T23:30:27.986+0000] {processor.py:830} INFO - Processing file /home/airflow/.local/lib/python3.8/site-packages/airflow/example_dags/example_setup_teardown.py for tasks to queue
[2024-10-29T23:30:27.987+0000] {logging_mixin.py:188} INFO - [2024-10-29T23:30:27.987+0000] {dagbag.py:540} INFO - Filling up the DagBag from /home/airflow/.local/lib/python3.8/site-packages/airflow/example_dags/example_setup_teardown.py
[2024-10-29T23:30:27.992+0000] {processor.py:840} INFO - DAG(s) 'example_setup_teardown' retrieved from /home/airflow/.local/lib/python3.8/site-packages/airflow/example_dags/example_setup_teardown.py
[2024-10-29T23:30:28.007+0000] {logging_mixin.py:188} INFO - [2024-10-29T23:30:28.007+0000] {dag.py:3047} INFO - Sync 1 DAGs
[2024-10-29T23:30:28.026+0000] {logging_mixin.py:188} INFO - [2024-10-29T23:30:28.026+0000] {dag.py:3834} INFO - Setting next_dagrun for example_setup_teardown to 2024-10-28 00:00:00+00:00, run_after=2024-10-29 00:00:00+00:00
[2024-10-29T23:30:28.040+0000] {processor.py:183} INFO - Processing /home/airflow/.local/lib/python3.8/site-packages/airflow/example_dags/example_setup_teardown.py took 0.057 seconds
[2024-10-29T23:30:59.044+0000] {processor.py:161} INFO - Started process (PID=17055) to work on /home/airflow/.local/lib/python3.8/site-packages/airflow/example_dags/example_setup_teardown.py
[2024-10-29T23:30:59.045+0000] {processor.py:830} INFO - Processing file /home/airflow/.local/lib/python3.8/site-packages/airflow/example_dags/example_setup_teardown.py for tasks to queue
[2024-10-29T23:30:59.047+0000] {logging_mixin.py:188} INFO - [2024-10-29T23:30:59.047+0000] {dagbag.py:540} INFO - Filling up the DagBag from /home/airflow/.local/lib/python3.8/site-packages/airflow/example_dags/example_setup_teardown.py
[2024-10-29T23:30:59.054+0000] {processor.py:840} INFO - DAG(s) 'example_setup_teardown' retrieved from /home/airflow/.local/lib/python3.8/site-packages/airflow/example_dags/example_setup_teardown.py
[2024-10-29T23:30:59.078+0000] {logging_mixin.py:188} INFO - [2024-10-29T23:30:59.078+0000] {dag.py:3047} INFO - Sync 1 DAGs
[2024-10-29T23:30:59.102+0000] {logging_mixin.py:188} INFO - [2024-10-29T23:30:59.102+0000] {dag.py:3834} INFO - Setting next_dagrun for example_setup_teardown to 2024-10-28 00:00:00+00:00, run_after=2024-10-29 00:00:00+00:00
[2024-10-29T23:30:59.120+0000] {processor.py:183} INFO - Processing /home/airflow/.local/lib/python3.8/site-packages/airflow/example_dags/example_setup_teardown.py took 0.078 seconds
[2024-10-29T23:31:30.120+0000] {processor.py:161} INFO - Started process (PID=17111) to work on /home/airflow/.local/lib/python3.8/site-packages/airflow/example_dags/example_setup_teardown.py
[2024-10-29T23:31:30.121+0000] {processor.py:830} INFO - Processing file /home/airflow/.local/lib/python3.8/site-packages/airflow/example_dags/example_setup_teardown.py for tasks to queue
[2024-10-29T23:31:30.122+0000] {logging_mixin.py:188} INFO - [2024-10-29T23:31:30.122+0000] {dagbag.py:540} INFO - Filling up the DagBag from /home/airflow/.local/lib/python3.8/site-packages/airflow/example_dags/example_setup_teardown.py
[2024-10-29T23:31:30.127+0000] {processor.py:840} INFO - DAG(s) 'example_setup_teardown' retrieved from /home/airflow/.local/lib/python3.8/site-packages/airflow/example_dags/example_setup_teardown.py
[2024-10-29T23:31:30.143+0000] {logging_mixin.py:188} INFO - [2024-10-29T23:31:30.143+0000] {dag.py:3047} INFO - Sync 1 DAGs
[2024-10-29T23:31:30.161+0000] {logging_mixin.py:188} INFO - [2024-10-29T23:31:30.160+0000] {dag.py:3834} INFO - Setting next_dagrun for example_setup_teardown to 2024-10-28 00:00:00+00:00, run_after=2024-10-29 00:00:00+00:00
[2024-10-29T23:31:30.178+0000] {processor.py:183} INFO - Processing /home/airflow/.local/lib/python3.8/site-packages/airflow/example_dags/example_setup_teardown.py took 0.062 seconds
[2024-10-29T23:32:00.581+0000] {processor.py:161} INFO - Started process (PID=17167) to work on /home/airflow/.local/lib/python3.8/site-packages/airflow/example_dags/example_setup_teardown.py
[2024-10-29T23:32:00.581+0000] {processor.py:830} INFO - Processing file /home/airflow/.local/lib/python3.8/site-packages/airflow/example_dags/example_setup_teardown.py for tasks to queue
[2024-10-29T23:32:00.583+0000] {logging_mixin.py:188} INFO - [2024-10-29T23:32:00.583+0000] {dagbag.py:540} INFO - Filling up the DagBag from /home/airflow/.local/lib/python3.8/site-packages/airflow/example_dags/example_setup_teardown.py
[2024-10-29T23:32:00.589+0000] {processor.py:840} INFO - DAG(s) 'example_setup_teardown' retrieved from /home/airflow/.local/lib/python3.8/site-packages/airflow/example_dags/example_setup_teardown.py
[2024-10-29T23:32:00.605+0000] {logging_mixin.py:188} INFO - [2024-10-29T23:32:00.605+0000] {dag.py:3047} INFO - Sync 1 DAGs
[2024-10-29T23:32:00.730+0000] {logging_mixin.py:188} INFO - [2024-10-29T23:32:00.730+0000] {dag.py:3834} INFO - Setting next_dagrun for example_setup_teardown to 2024-10-28 00:00:00+00:00, run_after=2024-10-29 00:00:00+00:00
[2024-10-29T23:32:00.751+0000] {processor.py:183} INFO - Processing /home/airflow/.local/lib/python3.8/site-packages/airflow/example_dags/example_setup_teardown.py took 0.173 seconds
[2024-10-29T23:32:32.559+0000] {processor.py:161} INFO - Started process (PID=17222) to work on /home/airflow/.local/lib/python3.8/site-packages/airflow/example_dags/example_setup_teardown.py
[2024-10-29T23:32:32.560+0000] {processor.py:830} INFO - Processing file /home/airflow/.local/lib/python3.8/site-packages/airflow/example_dags/example_setup_teardown.py for tasks to queue
[2024-10-29T23:32:32.562+0000] {logging_mixin.py:188} INFO - [2024-10-29T23:32:32.562+0000] {dagbag.py:540} INFO - Filling up the DagBag from /home/airflow/.local/lib/python3.8/site-packages/airflow/example_dags/example_setup_teardown.py
[2024-10-29T23:32:32.570+0000] {processor.py:840} INFO - DAG(s) 'example_setup_teardown' retrieved from /home/airflow/.local/lib/python3.8/site-packages/airflow/example_dags/example_setup_teardown.py
[2024-10-29T23:32:32.595+0000] {logging_mixin.py:188} INFO - [2024-10-29T23:32:32.594+0000] {dag.py:3047} INFO - Sync 1 DAGs
[2024-10-29T23:32:32.740+0000] {logging_mixin.py:188} INFO - [2024-10-29T23:32:32.740+0000] {dag.py:3834} INFO - Setting next_dagrun for example_setup_teardown to 2024-10-28 00:00:00+00:00, run_after=2024-10-29 00:00:00+00:00
[2024-10-29T23:32:32.768+0000] {processor.py:183} INFO - Processing /home/airflow/.local/lib/python3.8/site-packages/airflow/example_dags/example_setup_teardown.py took 0.212 seconds
[2024-10-29T23:33:03.293+0000] {processor.py:161} INFO - Started process (PID=17278) to work on /home/airflow/.local/lib/python3.8/site-packages/airflow/example_dags/example_setup_teardown.py
[2024-10-29T23:33:03.294+0000] {processor.py:830} INFO - Processing file /home/airflow/.local/lib/python3.8/site-packages/airflow/example_dags/example_setup_teardown.py for tasks to queue
[2024-10-29T23:33:03.295+0000] {logging_mixin.py:188} INFO - [2024-10-29T23:33:03.295+0000] {dagbag.py:540} INFO - Filling up the DagBag from /home/airflow/.local/lib/python3.8/site-packages/airflow/example_dags/example_setup_teardown.py
[2024-10-29T23:33:03.300+0000] {processor.py:840} INFO - DAG(s) 'example_setup_teardown' retrieved from /home/airflow/.local/lib/python3.8/site-packages/airflow/example_dags/example_setup_teardown.py
[2024-10-29T23:33:03.318+0000] {logging_mixin.py:188} INFO - [2024-10-29T23:33:03.317+0000] {dag.py:3047} INFO - Sync 1 DAGs
[2024-10-29T23:33:03.450+0000] {logging_mixin.py:188} INFO - [2024-10-29T23:33:03.450+0000] {dag.py:3834} INFO - Setting next_dagrun for example_setup_teardown to 2024-10-28 00:00:00+00:00, run_after=2024-10-29 00:00:00+00:00
[2024-10-29T23:33:03.465+0000] {processor.py:183} INFO - Processing /home/airflow/.local/lib/python3.8/site-packages/airflow/example_dags/example_setup_teardown.py took 0.174 seconds
[2024-10-29T23:34:19.202+0000] {processor.py:161} INFO - Started process (PID=77) to work on /home/airflow/.local/lib/python3.8/site-packages/airflow/example_dags/example_setup_teardown.py
[2024-10-29T23:34:19.203+0000] {processor.py:830} INFO - Processing file /home/airflow/.local/lib/python3.8/site-packages/airflow/example_dags/example_setup_teardown.py for tasks to queue
[2024-10-29T23:34:19.206+0000] {logging_mixin.py:188} INFO - [2024-10-29T23:34:19.205+0000] {dagbag.py:540} INFO - Filling up the DagBag from /home/airflow/.local/lib/python3.8/site-packages/airflow/example_dags/example_setup_teardown.py
[2024-10-29T23:34:19.217+0000] {processor.py:840} INFO - DAG(s) 'example_setup_teardown' retrieved from /home/airflow/.local/lib/python3.8/site-packages/airflow/example_dags/example_setup_teardown.py
[2024-10-29T23:34:19.231+0000] {logging_mixin.py:188} INFO - [2024-10-29T23:34:19.231+0000] {dag.py:3047} INFO - Sync 1 DAGs
[2024-10-29T23:34:19.267+0000] {logging_mixin.py:188} INFO - [2024-10-29T23:34:19.267+0000] {dag.py:3834} INFO - Setting next_dagrun for example_setup_teardown to 2024-10-28 00:00:00+00:00, run_after=2024-10-29 00:00:00+00:00
[2024-10-29T23:34:19.302+0000] {processor.py:183} INFO - Processing /home/airflow/.local/lib/python3.8/site-packages/airflow/example_dags/example_setup_teardown.py took 0.106 seconds
[2024-10-29T23:34:52.212+0000] {processor.py:161} INFO - Started process (PID=133) to work on /home/airflow/.local/lib/python3.8/site-packages/airflow/example_dags/example_setup_teardown.py
[2024-10-29T23:34:52.213+0000] {processor.py:830} INFO - Processing file /home/airflow/.local/lib/python3.8/site-packages/airflow/example_dags/example_setup_teardown.py for tasks to queue
[2024-10-29T23:34:52.215+0000] {logging_mixin.py:188} INFO - [2024-10-29T23:34:52.214+0000] {dagbag.py:540} INFO - Filling up the DagBag from /home/airflow/.local/lib/python3.8/site-packages/airflow/example_dags/example_setup_teardown.py
[2024-10-29T23:34:52.221+0000] {processor.py:840} INFO - DAG(s) 'example_setup_teardown' retrieved from /home/airflow/.local/lib/python3.8/site-packages/airflow/example_dags/example_setup_teardown.py
[2024-10-29T23:34:52.367+0000] {logging_mixin.py:188} INFO - [2024-10-29T23:34:52.367+0000] {dag.py:3047} INFO - Sync 1 DAGs
[2024-10-29T23:34:52.398+0000] {logging_mixin.py:188} INFO - [2024-10-29T23:34:52.397+0000] {dag.py:3834} INFO - Setting next_dagrun for example_setup_teardown to 2024-10-28 00:00:00+00:00, run_after=2024-10-29 00:00:00+00:00
[2024-10-29T23:34:52.419+0000] {processor.py:183} INFO - Processing /home/airflow/.local/lib/python3.8/site-packages/airflow/example_dags/example_setup_teardown.py took 0.210 seconds
[2024-10-29T23:35:22.618+0000] {processor.py:161} INFO - Started process (PID=189) to work on /home/airflow/.local/lib/python3.8/site-packages/airflow/example_dags/example_setup_teardown.py
[2024-10-29T23:35:22.619+0000] {processor.py:830} INFO - Processing file /home/airflow/.local/lib/python3.8/site-packages/airflow/example_dags/example_setup_teardown.py for tasks to queue
[2024-10-29T23:35:22.622+0000] {logging_mixin.py:188} INFO - [2024-10-29T23:35:22.621+0000] {dagbag.py:540} INFO - Filling up the DagBag from /home/airflow/.local/lib/python3.8/site-packages/airflow/example_dags/example_setup_teardown.py
[2024-10-29T23:35:22.632+0000] {processor.py:840} INFO - DAG(s) 'example_setup_teardown' retrieved from /home/airflow/.local/lib/python3.8/site-packages/airflow/example_dags/example_setup_teardown.py
[2024-10-29T23:35:22.664+0000] {logging_mixin.py:188} INFO - [2024-10-29T23:35:22.663+0000] {dag.py:3047} INFO - Sync 1 DAGs
[2024-10-29T23:35:22.705+0000] {logging_mixin.py:188} INFO - [2024-10-29T23:35:22.704+0000] {dag.py:3834} INFO - Setting next_dagrun for example_setup_teardown to 2024-10-28 00:00:00+00:00, run_after=2024-10-29 00:00:00+00:00
[2024-10-29T23:35:22.733+0000] {processor.py:183} INFO - Processing /home/airflow/.local/lib/python3.8/site-packages/airflow/example_dags/example_setup_teardown.py took 0.119 seconds
[2024-10-29T23:35:53.649+0000] {processor.py:161} INFO - Started process (PID=245) to work on /home/airflow/.local/lib/python3.8/site-packages/airflow/example_dags/example_setup_teardown.py
[2024-10-29T23:35:53.650+0000] {processor.py:830} INFO - Processing file /home/airflow/.local/lib/python3.8/site-packages/airflow/example_dags/example_setup_teardown.py for tasks to queue
[2024-10-29T23:35:53.651+0000] {logging_mixin.py:188} INFO - [2024-10-29T23:35:53.651+0000] {dagbag.py:540} INFO - Filling up the DagBag from /home/airflow/.local/lib/python3.8/site-packages/airflow/example_dags/example_setup_teardown.py
[2024-10-29T23:35:53.658+0000] {processor.py:840} INFO - DAG(s) 'example_setup_teardown' retrieved from /home/airflow/.local/lib/python3.8/site-packages/airflow/example_dags/example_setup_teardown.py
[2024-10-29T23:35:53.688+0000] {logging_mixin.py:188} INFO - [2024-10-29T23:35:53.687+0000] {dag.py:3047} INFO - Sync 1 DAGs
[2024-10-29T23:35:53.727+0000] {logging_mixin.py:188} INFO - [2024-10-29T23:35:53.726+0000] {dag.py:3834} INFO - Setting next_dagrun for example_setup_teardown to 2024-10-28 00:00:00+00:00, run_after=2024-10-29 00:00:00+00:00
[2024-10-29T23:35:53.754+0000] {processor.py:183} INFO - Processing /home/airflow/.local/lib/python3.8/site-packages/airflow/example_dags/example_setup_teardown.py took 0.108 seconds
[2024-10-29T23:36:24.608+0000] {processor.py:161} INFO - Started process (PID=301) to work on /home/airflow/.local/lib/python3.8/site-packages/airflow/example_dags/example_setup_teardown.py
[2024-10-29T23:36:24.609+0000] {processor.py:830} INFO - Processing file /home/airflow/.local/lib/python3.8/site-packages/airflow/example_dags/example_setup_teardown.py for tasks to queue
[2024-10-29T23:36:24.610+0000] {logging_mixin.py:188} INFO - [2024-10-29T23:36:24.610+0000] {dagbag.py:540} INFO - Filling up the DagBag from /home/airflow/.local/lib/python3.8/site-packages/airflow/example_dags/example_setup_teardown.py
[2024-10-29T23:36:24.617+0000] {processor.py:840} INFO - DAG(s) 'example_setup_teardown' retrieved from /home/airflow/.local/lib/python3.8/site-packages/airflow/example_dags/example_setup_teardown.py
[2024-10-29T23:36:24.638+0000] {logging_mixin.py:188} INFO - [2024-10-29T23:36:24.637+0000] {dag.py:3047} INFO - Sync 1 DAGs
[2024-10-29T23:36:24.663+0000] {logging_mixin.py:188} INFO - [2024-10-29T23:36:24.663+0000] {dag.py:3834} INFO - Setting next_dagrun for example_setup_teardown to 2024-10-28 00:00:00+00:00, run_after=2024-10-29 00:00:00+00:00
[2024-10-29T23:36:24.682+0000] {processor.py:183} INFO - Processing /home/airflow/.local/lib/python3.8/site-packages/airflow/example_dags/example_setup_teardown.py took 0.077 seconds
[2024-10-29T23:36:55.489+0000] {processor.py:161} INFO - Started process (PID=357) to work on /home/airflow/.local/lib/python3.8/site-packages/airflow/example_dags/example_setup_teardown.py
[2024-10-29T23:36:55.490+0000] {processor.py:830} INFO - Processing file /home/airflow/.local/lib/python3.8/site-packages/airflow/example_dags/example_setup_teardown.py for tasks to queue
[2024-10-29T23:36:55.492+0000] {logging_mixin.py:188} INFO - [2024-10-29T23:36:55.492+0000] {dagbag.py:540} INFO - Filling up the DagBag from /home/airflow/.local/lib/python3.8/site-packages/airflow/example_dags/example_setup_teardown.py
[2024-10-29T23:36:55.500+0000] {processor.py:840} INFO - DAG(s) 'example_setup_teardown' retrieved from /home/airflow/.local/lib/python3.8/site-packages/airflow/example_dags/example_setup_teardown.py
[2024-10-29T23:36:55.522+0000] {logging_mixin.py:188} INFO - [2024-10-29T23:36:55.522+0000] {dag.py:3047} INFO - Sync 1 DAGs
[2024-10-29T23:36:55.553+0000] {logging_mixin.py:188} INFO - [2024-10-29T23:36:55.552+0000] {dag.py:3834} INFO - Setting next_dagrun for example_setup_teardown to 2024-10-28 00:00:00+00:00, run_after=2024-10-29 00:00:00+00:00
[2024-10-29T23:36:55.573+0000] {processor.py:183} INFO - Processing /home/airflow/.local/lib/python3.8/site-packages/airflow/example_dags/example_setup_teardown.py took 0.087 seconds
[2024-10-29T23:37:25.663+0000] {processor.py:161} INFO - Started process (PID=413) to work on /home/airflow/.local/lib/python3.8/site-packages/airflow/example_dags/example_setup_teardown.py
[2024-10-29T23:37:25.664+0000] {processor.py:830} INFO - Processing file /home/airflow/.local/lib/python3.8/site-packages/airflow/example_dags/example_setup_teardown.py for tasks to queue
[2024-10-29T23:37:25.666+0000] {logging_mixin.py:188} INFO - [2024-10-29T23:37:25.665+0000] {dagbag.py:540} INFO - Filling up the DagBag from /home/airflow/.local/lib/python3.8/site-packages/airflow/example_dags/example_setup_teardown.py
[2024-10-29T23:37:25.671+0000] {processor.py:840} INFO - DAG(s) 'example_setup_teardown' retrieved from /home/airflow/.local/lib/python3.8/site-packages/airflow/example_dags/example_setup_teardown.py
[2024-10-29T23:37:25.693+0000] {logging_mixin.py:188} INFO - [2024-10-29T23:37:25.693+0000] {dag.py:3047} INFO - Sync 1 DAGs
[2024-10-29T23:37:25.721+0000] {logging_mixin.py:188} INFO - [2024-10-29T23:37:25.721+0000] {dag.py:3834} INFO - Setting next_dagrun for example_setup_teardown to 2024-10-28 00:00:00+00:00, run_after=2024-10-29 00:00:00+00:00
[2024-10-29T23:37:25.750+0000] {processor.py:183} INFO - Processing /home/airflow/.local/lib/python3.8/site-packages/airflow/example_dags/example_setup_teardown.py took 0.089 seconds
[2024-10-29T23:37:56.595+0000] {processor.py:161} INFO - Started process (PID=469) to work on /home/airflow/.local/lib/python3.8/site-packages/airflow/example_dags/example_setup_teardown.py
[2024-10-29T23:37:56.595+0000] {processor.py:830} INFO - Processing file /home/airflow/.local/lib/python3.8/site-packages/airflow/example_dags/example_setup_teardown.py for tasks to queue
[2024-10-29T23:37:56.597+0000] {logging_mixin.py:188} INFO - [2024-10-29T23:37:56.597+0000] {dagbag.py:540} INFO - Filling up the DagBag from /home/airflow/.local/lib/python3.8/site-packages/airflow/example_dags/example_setup_teardown.py
[2024-10-29T23:37:56.603+0000] {processor.py:840} INFO - DAG(s) 'example_setup_teardown' retrieved from /home/airflow/.local/lib/python3.8/site-packages/airflow/example_dags/example_setup_teardown.py
[2024-10-29T23:37:56.629+0000] {logging_mixin.py:188} INFO - [2024-10-29T23:37:56.629+0000] {dag.py:3047} INFO - Sync 1 DAGs
[2024-10-29T23:37:56.658+0000] {logging_mixin.py:188} INFO - [2024-10-29T23:37:56.658+0000] {dag.py:3834} INFO - Setting next_dagrun for example_setup_teardown to 2024-10-28 00:00:00+00:00, run_after=2024-10-29 00:00:00+00:00
[2024-10-29T23:37:56.680+0000] {processor.py:183} INFO - Processing /home/airflow/.local/lib/python3.8/site-packages/airflow/example_dags/example_setup_teardown.py took 0.088 seconds
[2024-10-29T23:38:27.108+0000] {processor.py:161} INFO - Started process (PID=525) to work on /home/airflow/.local/lib/python3.8/site-packages/airflow/example_dags/example_setup_teardown.py
[2024-10-29T23:38:27.109+0000] {processor.py:830} INFO - Processing file /home/airflow/.local/lib/python3.8/site-packages/airflow/example_dags/example_setup_teardown.py for tasks to queue
[2024-10-29T23:38:27.111+0000] {logging_mixin.py:188} INFO - [2024-10-29T23:38:27.111+0000] {dagbag.py:540} INFO - Filling up the DagBag from /home/airflow/.local/lib/python3.8/site-packages/airflow/example_dags/example_setup_teardown.py
[2024-10-29T23:38:27.119+0000] {processor.py:840} INFO - DAG(s) 'example_setup_teardown' retrieved from /home/airflow/.local/lib/python3.8/site-packages/airflow/example_dags/example_setup_teardown.py
[2024-10-29T23:38:27.144+0000] {logging_mixin.py:188} INFO - [2024-10-29T23:38:27.143+0000] {dag.py:3047} INFO - Sync 1 DAGs
[2024-10-29T23:38:27.176+0000] {logging_mixin.py:188} INFO - [2024-10-29T23:38:27.175+0000] {dag.py:3834} INFO - Setting next_dagrun for example_setup_teardown to 2024-10-28 00:00:00+00:00, run_after=2024-10-29 00:00:00+00:00
[2024-10-29T23:38:27.203+0000] {processor.py:183} INFO - Processing /home/airflow/.local/lib/python3.8/site-packages/airflow/example_dags/example_setup_teardown.py took 0.098 seconds
[2024-10-29T23:38:57.839+0000] {processor.py:161} INFO - Started process (PID=581) to work on /home/airflow/.local/lib/python3.8/site-packages/airflow/example_dags/example_setup_teardown.py
[2024-10-29T23:38:57.840+0000] {processor.py:830} INFO - Processing file /home/airflow/.local/lib/python3.8/site-packages/airflow/example_dags/example_setup_teardown.py for tasks to queue
[2024-10-29T23:38:57.842+0000] {logging_mixin.py:188} INFO - [2024-10-29T23:38:57.842+0000] {dagbag.py:540} INFO - Filling up the DagBag from /home/airflow/.local/lib/python3.8/site-packages/airflow/example_dags/example_setup_teardown.py
[2024-10-29T23:38:57.849+0000] {processor.py:840} INFO - DAG(s) 'example_setup_teardown' retrieved from /home/airflow/.local/lib/python3.8/site-packages/airflow/example_dags/example_setup_teardown.py
[2024-10-29T23:38:57.873+0000] {logging_mixin.py:188} INFO - [2024-10-29T23:38:57.872+0000] {dag.py:3047} INFO - Sync 1 DAGs
[2024-10-29T23:38:57.903+0000] {logging_mixin.py:188} INFO - [2024-10-29T23:38:57.902+0000] {dag.py:3834} INFO - Setting next_dagrun for example_setup_teardown to 2024-10-28 00:00:00+00:00, run_after=2024-10-29 00:00:00+00:00
[2024-10-29T23:38:57.927+0000] {processor.py:183} INFO - Processing /home/airflow/.local/lib/python3.8/site-packages/airflow/example_dags/example_setup_teardown.py took 0.091 seconds
[2024-10-29T23:39:28.066+0000] {processor.py:161} INFO - Started process (PID=637) to work on /home/airflow/.local/lib/python3.8/site-packages/airflow/example_dags/example_setup_teardown.py
[2024-10-29T23:39:28.066+0000] {processor.py:830} INFO - Processing file /home/airflow/.local/lib/python3.8/site-packages/airflow/example_dags/example_setup_teardown.py for tasks to queue
[2024-10-29T23:39:28.068+0000] {logging_mixin.py:188} INFO - [2024-10-29T23:39:28.068+0000] {dagbag.py:540} INFO - Filling up the DagBag from /home/airflow/.local/lib/python3.8/site-packages/airflow/example_dags/example_setup_teardown.py
[2024-10-29T23:39:28.075+0000] {processor.py:840} INFO - DAG(s) 'example_setup_teardown' retrieved from /home/airflow/.local/lib/python3.8/site-packages/airflow/example_dags/example_setup_teardown.py
[2024-10-29T23:39:28.101+0000] {logging_mixin.py:188} INFO - [2024-10-29T23:39:28.101+0000] {dag.py:3047} INFO - Sync 1 DAGs
[2024-10-29T23:39:28.133+0000] {logging_mixin.py:188} INFO - [2024-10-29T23:39:28.133+0000] {dag.py:3834} INFO - Setting next_dagrun for example_setup_teardown to 2024-10-28 00:00:00+00:00, run_after=2024-10-29 00:00:00+00:00
[2024-10-29T23:39:28.163+0000] {processor.py:183} INFO - Processing /home/airflow/.local/lib/python3.8/site-packages/airflow/example_dags/example_setup_teardown.py took 0.101 seconds
[2024-10-29T23:39:58.735+0000] {processor.py:161} INFO - Started process (PID=693) to work on /home/airflow/.local/lib/python3.8/site-packages/airflow/example_dags/example_setup_teardown.py
[2024-10-29T23:39:58.736+0000] {processor.py:830} INFO - Processing file /home/airflow/.local/lib/python3.8/site-packages/airflow/example_dags/example_setup_teardown.py for tasks to queue
[2024-10-29T23:39:58.738+0000] {logging_mixin.py:188} INFO - [2024-10-29T23:39:58.738+0000] {dagbag.py:540} INFO - Filling up the DagBag from /home/airflow/.local/lib/python3.8/site-packages/airflow/example_dags/example_setup_teardown.py
[2024-10-29T23:39:58.746+0000] {processor.py:840} INFO - DAG(s) 'example_setup_teardown' retrieved from /home/airflow/.local/lib/python3.8/site-packages/airflow/example_dags/example_setup_teardown.py
[2024-10-29T23:39:58.774+0000] {logging_mixin.py:188} INFO - [2024-10-29T23:39:58.773+0000] {dag.py:3047} INFO - Sync 1 DAGs
[2024-10-29T23:39:58.804+0000] {logging_mixin.py:188} INFO - [2024-10-29T23:39:58.803+0000] {dag.py:3834} INFO - Setting next_dagrun for example_setup_teardown to 2024-10-28 00:00:00+00:00, run_after=2024-10-29 00:00:00+00:00
[2024-10-29T23:39:58.831+0000] {processor.py:183} INFO - Processing /home/airflow/.local/lib/python3.8/site-packages/airflow/example_dags/example_setup_teardown.py took 0.099 seconds
[2024-10-29T23:40:29.160+0000] {processor.py:161} INFO - Started process (PID=749) to work on /home/airflow/.local/lib/python3.8/site-packages/airflow/example_dags/example_setup_teardown.py
[2024-10-29T23:40:29.161+0000] {processor.py:830} INFO - Processing file /home/airflow/.local/lib/python3.8/site-packages/airflow/example_dags/example_setup_teardown.py for tasks to queue
[2024-10-29T23:40:29.164+0000] {logging_mixin.py:188} INFO - [2024-10-29T23:40:29.163+0000] {dagbag.py:540} INFO - Filling up the DagBag from /home/airflow/.local/lib/python3.8/site-packages/airflow/example_dags/example_setup_teardown.py
[2024-10-29T23:40:29.174+0000] {processor.py:840} INFO - DAG(s) 'example_setup_teardown' retrieved from /home/airflow/.local/lib/python3.8/site-packages/airflow/example_dags/example_setup_teardown.py
[2024-10-29T23:40:29.209+0000] {logging_mixin.py:188} INFO - [2024-10-29T23:40:29.208+0000] {dag.py:3047} INFO - Sync 1 DAGs
[2024-10-29T23:40:29.250+0000] {logging_mixin.py:188} INFO - [2024-10-29T23:40:29.250+0000] {dag.py:3834} INFO - Setting next_dagrun for example_setup_teardown to 2024-10-28 00:00:00+00:00, run_after=2024-10-29 00:00:00+00:00
[2024-10-29T23:40:29.281+0000] {processor.py:183} INFO - Processing /home/airflow/.local/lib/python3.8/site-packages/airflow/example_dags/example_setup_teardown.py took 0.126 seconds
[2024-10-29T23:40:59.400+0000] {processor.py:161} INFO - Started process (PID=804) to work on /home/airflow/.local/lib/python3.8/site-packages/airflow/example_dags/example_setup_teardown.py
[2024-10-29T23:40:59.401+0000] {processor.py:830} INFO - Processing file /home/airflow/.local/lib/python3.8/site-packages/airflow/example_dags/example_setup_teardown.py for tasks to queue
[2024-10-29T23:40:59.403+0000] {logging_mixin.py:188} INFO - [2024-10-29T23:40:59.403+0000] {dagbag.py:540} INFO - Filling up the DagBag from /home/airflow/.local/lib/python3.8/site-packages/airflow/example_dags/example_setup_teardown.py
[2024-10-29T23:40:59.410+0000] {processor.py:840} INFO - DAG(s) 'example_setup_teardown' retrieved from /home/airflow/.local/lib/python3.8/site-packages/airflow/example_dags/example_setup_teardown.py
[2024-10-29T23:40:59.440+0000] {logging_mixin.py:188} INFO - [2024-10-29T23:40:59.440+0000] {dag.py:3047} INFO - Sync 1 DAGs
[2024-10-29T23:40:59.472+0000] {logging_mixin.py:188} INFO - [2024-10-29T23:40:59.472+0000] {dag.py:3834} INFO - Setting next_dagrun for example_setup_teardown to 2024-10-28 00:00:00+00:00, run_after=2024-10-29 00:00:00+00:00
[2024-10-29T23:40:59.501+0000] {processor.py:183} INFO - Processing /home/airflow/.local/lib/python3.8/site-packages/airflow/example_dags/example_setup_teardown.py took 0.104 seconds
[2024-10-29T23:41:30.581+0000] {processor.py:161} INFO - Started process (PID=866) to work on /home/airflow/.local/lib/python3.8/site-packages/airflow/example_dags/example_setup_teardown.py
[2024-10-29T23:41:30.582+0000] {processor.py:830} INFO - Processing file /home/airflow/.local/lib/python3.8/site-packages/airflow/example_dags/example_setup_teardown.py for tasks to queue
[2024-10-29T23:41:30.585+0000] {logging_mixin.py:188} INFO - [2024-10-29T23:41:30.584+0000] {dagbag.py:540} INFO - Filling up the DagBag from /home/airflow/.local/lib/python3.8/site-packages/airflow/example_dags/example_setup_teardown.py
[2024-10-29T23:41:30.592+0000] {processor.py:840} INFO - DAG(s) 'example_setup_teardown' retrieved from /home/airflow/.local/lib/python3.8/site-packages/airflow/example_dags/example_setup_teardown.py
[2024-10-29T23:41:30.620+0000] {logging_mixin.py:188} INFO - [2024-10-29T23:41:30.620+0000] {dag.py:3047} INFO - Sync 1 DAGs
[2024-10-29T23:41:30.652+0000] {logging_mixin.py:188} INFO - [2024-10-29T23:41:30.652+0000] {dag.py:3834} INFO - Setting next_dagrun for example_setup_teardown to 2024-10-28 00:00:00+00:00, run_after=2024-10-29 00:00:00+00:00
[2024-10-29T23:41:30.674+0000] {processor.py:183} INFO - Processing /home/airflow/.local/lib/python3.8/site-packages/airflow/example_dags/example_setup_teardown.py took 0.097 seconds
[2024-10-29T23:42:01.129+0000] {processor.py:161} INFO - Started process (PID=922) to work on /home/airflow/.local/lib/python3.8/site-packages/airflow/example_dags/example_setup_teardown.py
[2024-10-29T23:42:01.130+0000] {processor.py:830} INFO - Processing file /home/airflow/.local/lib/python3.8/site-packages/airflow/example_dags/example_setup_teardown.py for tasks to queue
[2024-10-29T23:42:01.132+0000] {logging_mixin.py:188} INFO - [2024-10-29T23:42:01.131+0000] {dagbag.py:540} INFO - Filling up the DagBag from /home/airflow/.local/lib/python3.8/site-packages/airflow/example_dags/example_setup_teardown.py
[2024-10-29T23:42:01.138+0000] {processor.py:840} INFO - DAG(s) 'example_setup_teardown' retrieved from /home/airflow/.local/lib/python3.8/site-packages/airflow/example_dags/example_setup_teardown.py
[2024-10-29T23:42:01.157+0000] {logging_mixin.py:188} INFO - [2024-10-29T23:42:01.157+0000] {dag.py:3047} INFO - Sync 1 DAGs
[2024-10-29T23:42:01.181+0000] {logging_mixin.py:188} INFO - [2024-10-29T23:42:01.181+0000] {dag.py:3834} INFO - Setting next_dagrun for example_setup_teardown to 2024-10-28 00:00:00+00:00, run_after=2024-10-29 00:00:00+00:00
[2024-10-29T23:42:01.203+0000] {processor.py:183} INFO - Processing /home/airflow/.local/lib/python3.8/site-packages/airflow/example_dags/example_setup_teardown.py took 0.076 seconds
[2024-10-29T23:42:32.124+0000] {processor.py:161} INFO - Started process (PID=978) to work on /home/airflow/.local/lib/python3.8/site-packages/airflow/example_dags/example_setup_teardown.py
[2024-10-29T23:42:32.125+0000] {processor.py:830} INFO - Processing file /home/airflow/.local/lib/python3.8/site-packages/airflow/example_dags/example_setup_teardown.py for tasks to queue
[2024-10-29T23:42:32.127+0000] {logging_mixin.py:188} INFO - [2024-10-29T23:42:32.127+0000] {dagbag.py:540} INFO - Filling up the DagBag from /home/airflow/.local/lib/python3.8/site-packages/airflow/example_dags/example_setup_teardown.py
[2024-10-29T23:42:32.137+0000] {processor.py:840} INFO - DAG(s) 'example_setup_teardown' retrieved from /home/airflow/.local/lib/python3.8/site-packages/airflow/example_dags/example_setup_teardown.py
[2024-10-29T23:42:32.167+0000] {logging_mixin.py:188} INFO - [2024-10-29T23:42:32.167+0000] {dag.py:3047} INFO - Sync 1 DAGs
[2024-10-29T23:42:32.201+0000] {logging_mixin.py:188} INFO - [2024-10-29T23:42:32.200+0000] {dag.py:3834} INFO - Setting next_dagrun for example_setup_teardown to 2024-10-28 00:00:00+00:00, run_after=2024-10-29 00:00:00+00:00
[2024-10-29T23:42:32.224+0000] {processor.py:183} INFO - Processing /home/airflow/.local/lib/python3.8/site-packages/airflow/example_dags/example_setup_teardown.py took 0.103 seconds
[2024-10-29T23:43:02.885+0000] {processor.py:161} INFO - Started process (PID=1034) to work on /home/airflow/.local/lib/python3.8/site-packages/airflow/example_dags/example_setup_teardown.py
[2024-10-29T23:43:02.886+0000] {processor.py:830} INFO - Processing file /home/airflow/.local/lib/python3.8/site-packages/airflow/example_dags/example_setup_teardown.py for tasks to queue
[2024-10-29T23:43:02.887+0000] {logging_mixin.py:188} INFO - [2024-10-29T23:43:02.887+0000] {dagbag.py:540} INFO - Filling up the DagBag from /home/airflow/.local/lib/python3.8/site-packages/airflow/example_dags/example_setup_teardown.py
[2024-10-29T23:43:02.894+0000] {processor.py:840} INFO - DAG(s) 'example_setup_teardown' retrieved from /home/airflow/.local/lib/python3.8/site-packages/airflow/example_dags/example_setup_teardown.py
[2024-10-29T23:43:02.915+0000] {logging_mixin.py:188} INFO - [2024-10-29T23:43:02.914+0000] {dag.py:3047} INFO - Sync 1 DAGs
[2024-10-29T23:43:02.942+0000] {logging_mixin.py:188} INFO - [2024-10-29T23:43:02.941+0000] {dag.py:3834} INFO - Setting next_dagrun for example_setup_teardown to 2024-10-28 00:00:00+00:00, run_after=2024-10-29 00:00:00+00:00
[2024-10-29T23:43:02.970+0000] {processor.py:183} INFO - Processing /home/airflow/.local/lib/python3.8/site-packages/airflow/example_dags/example_setup_teardown.py took 0.088 seconds
[2024-10-29T23:43:33.333+0000] {processor.py:161} INFO - Started process (PID=1090) to work on /home/airflow/.local/lib/python3.8/site-packages/airflow/example_dags/example_setup_teardown.py
[2024-10-29T23:43:33.334+0000] {processor.py:830} INFO - Processing file /home/airflow/.local/lib/python3.8/site-packages/airflow/example_dags/example_setup_teardown.py for tasks to queue
[2024-10-29T23:43:33.336+0000] {logging_mixin.py:188} INFO - [2024-10-29T23:43:33.336+0000] {dagbag.py:540} INFO - Filling up the DagBag from /home/airflow/.local/lib/python3.8/site-packages/airflow/example_dags/example_setup_teardown.py
[2024-10-29T23:43:33.342+0000] {processor.py:840} INFO - DAG(s) 'example_setup_teardown' retrieved from /home/airflow/.local/lib/python3.8/site-packages/airflow/example_dags/example_setup_teardown.py
[2024-10-29T23:43:33.365+0000] {logging_mixin.py:188} INFO - [2024-10-29T23:43:33.364+0000] {dag.py:3047} INFO - Sync 1 DAGs
[2024-10-29T23:43:33.388+0000] {logging_mixin.py:188} INFO - [2024-10-29T23:43:33.388+0000] {dag.py:3834} INFO - Setting next_dagrun for example_setup_teardown to 2024-10-28 00:00:00+00:00, run_after=2024-10-29 00:00:00+00:00
[2024-10-29T23:43:33.407+0000] {processor.py:183} INFO - Processing /home/airflow/.local/lib/python3.8/site-packages/airflow/example_dags/example_setup_teardown.py took 0.077 seconds
[2024-10-29T23:44:03.844+0000] {processor.py:161} INFO - Started process (PID=1146) to work on /home/airflow/.local/lib/python3.8/site-packages/airflow/example_dags/example_setup_teardown.py
[2024-10-29T23:44:03.845+0000] {processor.py:830} INFO - Processing file /home/airflow/.local/lib/python3.8/site-packages/airflow/example_dags/example_setup_teardown.py for tasks to queue
[2024-10-29T23:44:03.847+0000] {logging_mixin.py:188} INFO - [2024-10-29T23:44:03.847+0000] {dagbag.py:540} INFO - Filling up the DagBag from /home/airflow/.local/lib/python3.8/site-packages/airflow/example_dags/example_setup_teardown.py
[2024-10-29T23:44:03.855+0000] {processor.py:840} INFO - DAG(s) 'example_setup_teardown' retrieved from /home/airflow/.local/lib/python3.8/site-packages/airflow/example_dags/example_setup_teardown.py
[2024-10-29T23:44:03.879+0000] {logging_mixin.py:188} INFO - [2024-10-29T23:44:03.879+0000] {dag.py:3047} INFO - Sync 1 DAGs
[2024-10-29T23:44:03.907+0000] {logging_mixin.py:188} INFO - [2024-10-29T23:44:03.906+0000] {dag.py:3834} INFO - Setting next_dagrun for example_setup_teardown to 2024-10-28 00:00:00+00:00, run_after=2024-10-29 00:00:00+00:00
[2024-10-29T23:44:03.938+0000] {processor.py:183} INFO - Processing /home/airflow/.local/lib/python3.8/site-packages/airflow/example_dags/example_setup_teardown.py took 0.097 seconds
[2024-10-29T23:44:34.017+0000] {processor.py:161} INFO - Started process (PID=1202) to work on /home/airflow/.local/lib/python3.8/site-packages/airflow/example_dags/example_setup_teardown.py
[2024-10-29T23:44:34.018+0000] {processor.py:830} INFO - Processing file /home/airflow/.local/lib/python3.8/site-packages/airflow/example_dags/example_setup_teardown.py for tasks to queue
[2024-10-29T23:44:34.019+0000] {logging_mixin.py:188} INFO - [2024-10-29T23:44:34.019+0000] {dagbag.py:540} INFO - Filling up the DagBag from /home/airflow/.local/lib/python3.8/site-packages/airflow/example_dags/example_setup_teardown.py
[2024-10-29T23:44:34.025+0000] {processor.py:840} INFO - DAG(s) 'example_setup_teardown' retrieved from /home/airflow/.local/lib/python3.8/site-packages/airflow/example_dags/example_setup_teardown.py
[2024-10-29T23:44:34.042+0000] {logging_mixin.py:188} INFO - [2024-10-29T23:44:34.042+0000] {dag.py:3047} INFO - Sync 1 DAGs
[2024-10-29T23:44:34.063+0000] {logging_mixin.py:188} INFO - [2024-10-29T23:44:34.063+0000] {dag.py:3834} INFO - Setting next_dagrun for example_setup_teardown to 2024-10-28 00:00:00+00:00, run_after=2024-10-29 00:00:00+00:00
[2024-10-29T23:44:34.080+0000] {processor.py:183} INFO - Processing /home/airflow/.local/lib/python3.8/site-packages/airflow/example_dags/example_setup_teardown.py took 0.065 seconds
[2024-10-29T23:45:04.411+0000] {processor.py:161} INFO - Started process (PID=1258) to work on /home/airflow/.local/lib/python3.8/site-packages/airflow/example_dags/example_setup_teardown.py
[2024-10-29T23:45:04.412+0000] {processor.py:830} INFO - Processing file /home/airflow/.local/lib/python3.8/site-packages/airflow/example_dags/example_setup_teardown.py for tasks to queue
[2024-10-29T23:45:04.413+0000] {logging_mixin.py:188} INFO - [2024-10-29T23:45:04.413+0000] {dagbag.py:540} INFO - Filling up the DagBag from /home/airflow/.local/lib/python3.8/site-packages/airflow/example_dags/example_setup_teardown.py
[2024-10-29T23:45:04.419+0000] {processor.py:840} INFO - DAG(s) 'example_setup_teardown' retrieved from /home/airflow/.local/lib/python3.8/site-packages/airflow/example_dags/example_setup_teardown.py
[2024-10-29T23:45:04.441+0000] {logging_mixin.py:188} INFO - [2024-10-29T23:45:04.441+0000] {dag.py:3047} INFO - Sync 1 DAGs
[2024-10-29T23:45:04.468+0000] {logging_mixin.py:188} INFO - [2024-10-29T23:45:04.467+0000] {dag.py:3834} INFO - Setting next_dagrun for example_setup_teardown to 2024-10-28 00:00:00+00:00, run_after=2024-10-29 00:00:00+00:00
[2024-10-29T23:45:04.489+0000] {processor.py:183} INFO - Processing /home/airflow/.local/lib/python3.8/site-packages/airflow/example_dags/example_setup_teardown.py took 0.081 seconds
[2024-10-29T23:45:34.554+0000] {processor.py:161} INFO - Started process (PID=1314) to work on /home/airflow/.local/lib/python3.8/site-packages/airflow/example_dags/example_setup_teardown.py
[2024-10-29T23:45:34.555+0000] {processor.py:830} INFO - Processing file /home/airflow/.local/lib/python3.8/site-packages/airflow/example_dags/example_setup_teardown.py for tasks to queue
[2024-10-29T23:45:34.557+0000] {logging_mixin.py:188} INFO - [2024-10-29T23:45:34.556+0000] {dagbag.py:540} INFO - Filling up the DagBag from /home/airflow/.local/lib/python3.8/site-packages/airflow/example_dags/example_setup_teardown.py
[2024-10-29T23:45:34.563+0000] {processor.py:840} INFO - DAG(s) 'example_setup_teardown' retrieved from /home/airflow/.local/lib/python3.8/site-packages/airflow/example_dags/example_setup_teardown.py
[2024-10-29T23:45:34.583+0000] {logging_mixin.py:188} INFO - [2024-10-29T23:45:34.583+0000] {dag.py:3047} INFO - Sync 1 DAGs
[2024-10-29T23:45:34.608+0000] {logging_mixin.py:188} INFO - [2024-10-29T23:45:34.607+0000] {dag.py:3834} INFO - Setting next_dagrun for example_setup_teardown to 2024-10-28 00:00:00+00:00, run_after=2024-10-29 00:00:00+00:00
[2024-10-29T23:45:34.627+0000] {processor.py:183} INFO - Processing /home/airflow/.local/lib/python3.8/site-packages/airflow/example_dags/example_setup_teardown.py took 0.076 seconds
[2024-10-29T23:46:05.003+0000] {processor.py:161} INFO - Started process (PID=1370) to work on /home/airflow/.local/lib/python3.8/site-packages/airflow/example_dags/example_setup_teardown.py
[2024-10-29T23:46:05.004+0000] {processor.py:830} INFO - Processing file /home/airflow/.local/lib/python3.8/site-packages/airflow/example_dags/example_setup_teardown.py for tasks to queue
[2024-10-29T23:46:05.006+0000] {logging_mixin.py:188} INFO - [2024-10-29T23:46:05.006+0000] {dagbag.py:540} INFO - Filling up the DagBag from /home/airflow/.local/lib/python3.8/site-packages/airflow/example_dags/example_setup_teardown.py
[2024-10-29T23:46:05.017+0000] {processor.py:840} INFO - DAG(s) 'example_setup_teardown' retrieved from /home/airflow/.local/lib/python3.8/site-packages/airflow/example_dags/example_setup_teardown.py
[2024-10-29T23:46:05.052+0000] {logging_mixin.py:188} INFO - [2024-10-29T23:46:05.051+0000] {dag.py:3047} INFO - Sync 1 DAGs
[2024-10-29T23:46:05.081+0000] {logging_mixin.py:188} INFO - [2024-10-29T23:46:05.081+0000] {dag.py:3834} INFO - Setting next_dagrun for example_setup_teardown to 2024-10-28 00:00:00+00:00, run_after=2024-10-29 00:00:00+00:00
[2024-10-29T23:46:05.105+0000] {processor.py:183} INFO - Processing /home/airflow/.local/lib/python3.8/site-packages/airflow/example_dags/example_setup_teardown.py took 0.106 seconds
[2024-10-29T23:46:35.578+0000] {processor.py:161} INFO - Started process (PID=1426) to work on /home/airflow/.local/lib/python3.8/site-packages/airflow/example_dags/example_setup_teardown.py
[2024-10-29T23:46:35.579+0000] {processor.py:830} INFO - Processing file /home/airflow/.local/lib/python3.8/site-packages/airflow/example_dags/example_setup_teardown.py for tasks to queue
[2024-10-29T23:46:35.581+0000] {logging_mixin.py:188} INFO - [2024-10-29T23:46:35.581+0000] {dagbag.py:540} INFO - Filling up the DagBag from /home/airflow/.local/lib/python3.8/site-packages/airflow/example_dags/example_setup_teardown.py
[2024-10-29T23:46:35.591+0000] {processor.py:840} INFO - DAG(s) 'example_setup_teardown' retrieved from /home/airflow/.local/lib/python3.8/site-packages/airflow/example_dags/example_setup_teardown.py
[2024-10-29T23:46:35.625+0000] {logging_mixin.py:188} INFO - [2024-10-29T23:46:35.625+0000] {dag.py:3047} INFO - Sync 1 DAGs
[2024-10-29T23:46:35.672+0000] {logging_mixin.py:188} INFO - [2024-10-29T23:46:35.672+0000] {dag.py:3834} INFO - Setting next_dagrun for example_setup_teardown to 2024-10-28 00:00:00+00:00, run_after=2024-10-29 00:00:00+00:00
[2024-10-29T23:46:35.737+0000] {processor.py:183} INFO - Processing /home/airflow/.local/lib/python3.8/site-packages/airflow/example_dags/example_setup_teardown.py took 0.164 seconds
[2024-10-29T23:47:06.752+0000] {processor.py:161} INFO - Started process (PID=1482) to work on /home/airflow/.local/lib/python3.8/site-packages/airflow/example_dags/example_setup_teardown.py
[2024-10-29T23:47:06.753+0000] {processor.py:830} INFO - Processing file /home/airflow/.local/lib/python3.8/site-packages/airflow/example_dags/example_setup_teardown.py for tasks to queue
[2024-10-29T23:47:06.755+0000] {logging_mixin.py:188} INFO - [2024-10-29T23:47:06.755+0000] {dagbag.py:540} INFO - Filling up the DagBag from /home/airflow/.local/lib/python3.8/site-packages/airflow/example_dags/example_setup_teardown.py
[2024-10-29T23:47:06.766+0000] {processor.py:840} INFO - DAG(s) 'example_setup_teardown' retrieved from /home/airflow/.local/lib/python3.8/site-packages/airflow/example_dags/example_setup_teardown.py
[2024-10-29T23:47:06.816+0000] {logging_mixin.py:188} INFO - [2024-10-29T23:47:06.816+0000] {dag.py:3047} INFO - Sync 1 DAGs
[2024-10-29T23:47:06.925+0000] {logging_mixin.py:188} INFO - [2024-10-29T23:47:06.924+0000] {dag.py:3834} INFO - Setting next_dagrun for example_setup_teardown to 2024-10-28 00:00:00+00:00, run_after=2024-10-29 00:00:00+00:00
[2024-10-29T23:47:06.980+0000] {processor.py:183} INFO - Processing /home/airflow/.local/lib/python3.8/site-packages/airflow/example_dags/example_setup_teardown.py took 0.233 seconds
[2024-10-29T23:47:37.738+0000] {processor.py:161} INFO - Started process (PID=1538) to work on /home/airflow/.local/lib/python3.8/site-packages/airflow/example_dags/example_setup_teardown.py
[2024-10-29T23:47:37.739+0000] {processor.py:830} INFO - Processing file /home/airflow/.local/lib/python3.8/site-packages/airflow/example_dags/example_setup_teardown.py for tasks to queue
[2024-10-29T23:47:37.740+0000] {logging_mixin.py:188} INFO - [2024-10-29T23:47:37.740+0000] {dagbag.py:540} INFO - Filling up the DagBag from /home/airflow/.local/lib/python3.8/site-packages/airflow/example_dags/example_setup_teardown.py
[2024-10-29T23:47:37.745+0000] {processor.py:840} INFO - DAG(s) 'example_setup_teardown' retrieved from /home/airflow/.local/lib/python3.8/site-packages/airflow/example_dags/example_setup_teardown.py
[2024-10-29T23:47:37.760+0000] {logging_mixin.py:188} INFO - [2024-10-29T23:47:37.760+0000] {dag.py:3047} INFO - Sync 1 DAGs
[2024-10-29T23:47:37.779+0000] {logging_mixin.py:188} INFO - [2024-10-29T23:47:37.779+0000] {dag.py:3834} INFO - Setting next_dagrun for example_setup_teardown to 2024-10-28 00:00:00+00:00, run_after=2024-10-29 00:00:00+00:00
[2024-10-29T23:47:37.794+0000] {processor.py:183} INFO - Processing /home/airflow/.local/lib/python3.8/site-packages/airflow/example_dags/example_setup_teardown.py took 0.058 seconds
[2024-10-29T23:48:08.050+0000] {processor.py:161} INFO - Started process (PID=1594) to work on /home/airflow/.local/lib/python3.8/site-packages/airflow/example_dags/example_setup_teardown.py
[2024-10-29T23:48:08.051+0000] {processor.py:830} INFO - Processing file /home/airflow/.local/lib/python3.8/site-packages/airflow/example_dags/example_setup_teardown.py for tasks to queue
[2024-10-29T23:48:08.052+0000] {logging_mixin.py:188} INFO - [2024-10-29T23:48:08.052+0000] {dagbag.py:540} INFO - Filling up the DagBag from /home/airflow/.local/lib/python3.8/site-packages/airflow/example_dags/example_setup_teardown.py
[2024-10-29T23:48:08.058+0000] {processor.py:840} INFO - DAG(s) 'example_setup_teardown' retrieved from /home/airflow/.local/lib/python3.8/site-packages/airflow/example_dags/example_setup_teardown.py
[2024-10-29T23:48:08.075+0000] {logging_mixin.py:188} INFO - [2024-10-29T23:48:08.075+0000] {dag.py:3047} INFO - Sync 1 DAGs
[2024-10-29T23:48:08.099+0000] {logging_mixin.py:188} INFO - [2024-10-29T23:48:08.099+0000] {dag.py:3834} INFO - Setting next_dagrun for example_setup_teardown to 2024-10-28 00:00:00+00:00, run_after=2024-10-29 00:00:00+00:00
[2024-10-29T23:48:08.116+0000] {processor.py:183} INFO - Processing /home/airflow/.local/lib/python3.8/site-packages/airflow/example_dags/example_setup_teardown.py took 0.068 seconds
[2024-10-29T23:48:39.036+0000] {processor.py:161} INFO - Started process (PID=1650) to work on /home/airflow/.local/lib/python3.8/site-packages/airflow/example_dags/example_setup_teardown.py
[2024-10-29T23:48:39.036+0000] {processor.py:830} INFO - Processing file /home/airflow/.local/lib/python3.8/site-packages/airflow/example_dags/example_setup_teardown.py for tasks to queue
[2024-10-29T23:48:39.038+0000] {logging_mixin.py:188} INFO - [2024-10-29T23:48:39.037+0000] {dagbag.py:540} INFO - Filling up the DagBag from /home/airflow/.local/lib/python3.8/site-packages/airflow/example_dags/example_setup_teardown.py
[2024-10-29T23:48:39.044+0000] {processor.py:840} INFO - DAG(s) 'example_setup_teardown' retrieved from /home/airflow/.local/lib/python3.8/site-packages/airflow/example_dags/example_setup_teardown.py
[2024-10-29T23:48:39.063+0000] {logging_mixin.py:188} INFO - [2024-10-29T23:48:39.063+0000] {dag.py:3047} INFO - Sync 1 DAGs
[2024-10-29T23:48:39.085+0000] {logging_mixin.py:188} INFO - [2024-10-29T23:48:39.084+0000] {dag.py:3834} INFO - Setting next_dagrun for example_setup_teardown to 2024-10-28 00:00:00+00:00, run_after=2024-10-29 00:00:00+00:00
[2024-10-29T23:48:39.103+0000] {processor.py:183} INFO - Processing /home/airflow/.local/lib/python3.8/site-packages/airflow/example_dags/example_setup_teardown.py took 0.070 seconds
[2024-10-29T23:49:09.734+0000] {processor.py:161} INFO - Started process (PID=1706) to work on /home/airflow/.local/lib/python3.8/site-packages/airflow/example_dags/example_setup_teardown.py
[2024-10-29T23:49:09.735+0000] {processor.py:830} INFO - Processing file /home/airflow/.local/lib/python3.8/site-packages/airflow/example_dags/example_setup_teardown.py for tasks to queue
[2024-10-29T23:49:09.737+0000] {logging_mixin.py:188} INFO - [2024-10-29T23:49:09.736+0000] {dagbag.py:540} INFO - Filling up the DagBag from /home/airflow/.local/lib/python3.8/site-packages/airflow/example_dags/example_setup_teardown.py
[2024-10-29T23:49:09.746+0000] {processor.py:840} INFO - DAG(s) 'example_setup_teardown' retrieved from /home/airflow/.local/lib/python3.8/site-packages/airflow/example_dags/example_setup_teardown.py
[2024-10-29T23:49:09.770+0000] {logging_mixin.py:188} INFO - [2024-10-29T23:49:09.769+0000] {dag.py:3047} INFO - Sync 1 DAGs
[2024-10-29T23:49:09.802+0000] {logging_mixin.py:188} INFO - [2024-10-29T23:49:09.802+0000] {dag.py:3834} INFO - Setting next_dagrun for example_setup_teardown to 2024-10-28 00:00:00+00:00, run_after=2024-10-29 00:00:00+00:00
[2024-10-29T23:49:09.834+0000] {processor.py:183} INFO - Processing /home/airflow/.local/lib/python3.8/site-packages/airflow/example_dags/example_setup_teardown.py took 0.103 seconds
[2024-10-29T23:49:40.929+0000] {processor.py:161} INFO - Started process (PID=1762) to work on /home/airflow/.local/lib/python3.8/site-packages/airflow/example_dags/example_setup_teardown.py
[2024-10-29T23:49:40.930+0000] {processor.py:830} INFO - Processing file /home/airflow/.local/lib/python3.8/site-packages/airflow/example_dags/example_setup_teardown.py for tasks to queue
[2024-10-29T23:49:40.932+0000] {logging_mixin.py:188} INFO - [2024-10-29T23:49:40.932+0000] {dagbag.py:540} INFO - Filling up the DagBag from /home/airflow/.local/lib/python3.8/site-packages/airflow/example_dags/example_setup_teardown.py
[2024-10-29T23:49:40.940+0000] {processor.py:840} INFO - DAG(s) 'example_setup_teardown' retrieved from /home/airflow/.local/lib/python3.8/site-packages/airflow/example_dags/example_setup_teardown.py
[2024-10-29T23:49:40.975+0000] {logging_mixin.py:188} INFO - [2024-10-29T23:49:40.974+0000] {dag.py:3047} INFO - Sync 1 DAGs
[2024-10-29T23:49:41.020+0000] {logging_mixin.py:188} INFO - [2024-10-29T23:49:41.020+0000] {dag.py:3834} INFO - Setting next_dagrun for example_setup_teardown to 2024-10-28 00:00:00+00:00, run_after=2024-10-29 00:00:00+00:00
[2024-10-29T23:49:41.049+0000] {processor.py:183} INFO - Processing /home/airflow/.local/lib/python3.8/site-packages/airflow/example_dags/example_setup_teardown.py took 0.124 seconds
[2024-10-29T23:50:11.080+0000] {processor.py:161} INFO - Started process (PID=1818) to work on /home/airflow/.local/lib/python3.8/site-packages/airflow/example_dags/example_setup_teardown.py
[2024-10-29T23:50:11.081+0000] {processor.py:830} INFO - Processing file /home/airflow/.local/lib/python3.8/site-packages/airflow/example_dags/example_setup_teardown.py for tasks to queue
[2024-10-29T23:50:11.082+0000] {logging_mixin.py:188} INFO - [2024-10-29T23:50:11.082+0000] {dagbag.py:540} INFO - Filling up the DagBag from /home/airflow/.local/lib/python3.8/site-packages/airflow/example_dags/example_setup_teardown.py
[2024-10-29T23:50:11.087+0000] {processor.py:840} INFO - DAG(s) 'example_setup_teardown' retrieved from /home/airflow/.local/lib/python3.8/site-packages/airflow/example_dags/example_setup_teardown.py
[2024-10-29T23:50:11.103+0000] {logging_mixin.py:188} INFO - [2024-10-29T23:50:11.103+0000] {dag.py:3047} INFO - Sync 1 DAGs
[2024-10-29T23:50:11.120+0000] {logging_mixin.py:188} INFO - [2024-10-29T23:50:11.120+0000] {dag.py:3834} INFO - Setting next_dagrun for example_setup_teardown to 2024-10-28 00:00:00+00:00, run_after=2024-10-29 00:00:00+00:00
[2024-10-29T23:50:11.135+0000] {processor.py:183} INFO - Processing /home/airflow/.local/lib/python3.8/site-packages/airflow/example_dags/example_setup_teardown.py took 0.058 seconds
[2024-10-29T23:50:41.326+0000] {processor.py:161} INFO - Started process (PID=1874) to work on /home/airflow/.local/lib/python3.8/site-packages/airflow/example_dags/example_setup_teardown.py
[2024-10-29T23:50:41.327+0000] {processor.py:830} INFO - Processing file /home/airflow/.local/lib/python3.8/site-packages/airflow/example_dags/example_setup_teardown.py for tasks to queue
[2024-10-29T23:50:41.329+0000] {logging_mixin.py:188} INFO - [2024-10-29T23:50:41.329+0000] {dagbag.py:540} INFO - Filling up the DagBag from /home/airflow/.local/lib/python3.8/site-packages/airflow/example_dags/example_setup_teardown.py
[2024-10-29T23:50:41.335+0000] {processor.py:840} INFO - DAG(s) 'example_setup_teardown' retrieved from /home/airflow/.local/lib/python3.8/site-packages/airflow/example_dags/example_setup_teardown.py
[2024-10-29T23:50:41.355+0000] {logging_mixin.py:188} INFO - [2024-10-29T23:50:41.355+0000] {dag.py:3047} INFO - Sync 1 DAGs
[2024-10-29T23:50:41.378+0000] {logging_mixin.py:188} INFO - [2024-10-29T23:50:41.378+0000] {dag.py:3834} INFO - Setting next_dagrun for example_setup_teardown to 2024-10-28 00:00:00+00:00, run_after=2024-10-29 00:00:00+00:00
[2024-10-29T23:50:41.397+0000] {processor.py:183} INFO - Processing /home/airflow/.local/lib/python3.8/site-packages/airflow/example_dags/example_setup_teardown.py took 0.073 seconds
[2024-10-29T23:51:12.202+0000] {processor.py:161} INFO - Started process (PID=1930) to work on /home/airflow/.local/lib/python3.8/site-packages/airflow/example_dags/example_setup_teardown.py
[2024-10-29T23:51:12.204+0000] {processor.py:830} INFO - Processing file /home/airflow/.local/lib/python3.8/site-packages/airflow/example_dags/example_setup_teardown.py for tasks to queue
[2024-10-29T23:51:12.205+0000] {logging_mixin.py:188} INFO - [2024-10-29T23:51:12.205+0000] {dagbag.py:540} INFO - Filling up the DagBag from /home/airflow/.local/lib/python3.8/site-packages/airflow/example_dags/example_setup_teardown.py
[2024-10-29T23:51:12.212+0000] {processor.py:840} INFO - DAG(s) 'example_setup_teardown' retrieved from /home/airflow/.local/lib/python3.8/site-packages/airflow/example_dags/example_setup_teardown.py
[2024-10-29T23:51:12.233+0000] {logging_mixin.py:188} INFO - [2024-10-29T23:51:12.233+0000] {dag.py:3047} INFO - Sync 1 DAGs
[2024-10-29T23:51:12.259+0000] {logging_mixin.py:188} INFO - [2024-10-29T23:51:12.258+0000] {dag.py:3834} INFO - Setting next_dagrun for example_setup_teardown to 2024-10-28 00:00:00+00:00, run_after=2024-10-29 00:00:00+00:00
[2024-10-29T23:51:12.281+0000] {processor.py:183} INFO - Processing /home/airflow/.local/lib/python3.8/site-packages/airflow/example_dags/example_setup_teardown.py took 0.081 seconds
[2024-10-29T23:51:42.580+0000] {processor.py:161} INFO - Started process (PID=1985) to work on /home/airflow/.local/lib/python3.8/site-packages/airflow/example_dags/example_setup_teardown.py
[2024-10-29T23:51:42.581+0000] {processor.py:830} INFO - Processing file /home/airflow/.local/lib/python3.8/site-packages/airflow/example_dags/example_setup_teardown.py for tasks to queue
[2024-10-29T23:51:42.582+0000] {logging_mixin.py:188} INFO - [2024-10-29T23:51:42.582+0000] {dagbag.py:540} INFO - Filling up the DagBag from /home/airflow/.local/lib/python3.8/site-packages/airflow/example_dags/example_setup_teardown.py
[2024-10-29T23:51:42.588+0000] {processor.py:840} INFO - DAG(s) 'example_setup_teardown' retrieved from /home/airflow/.local/lib/python3.8/site-packages/airflow/example_dags/example_setup_teardown.py
[2024-10-29T23:51:42.606+0000] {logging_mixin.py:188} INFO - [2024-10-29T23:51:42.606+0000] {dag.py:3047} INFO - Sync 1 DAGs
[2024-10-29T23:51:42.626+0000] {logging_mixin.py:188} INFO - [2024-10-29T23:51:42.626+0000] {dag.py:3834} INFO - Setting next_dagrun for example_setup_teardown to 2024-10-28 00:00:00+00:00, run_after=2024-10-29 00:00:00+00:00
[2024-10-29T23:51:42.643+0000] {processor.py:183} INFO - Processing /home/airflow/.local/lib/python3.8/site-packages/airflow/example_dags/example_setup_teardown.py took 0.066 seconds
[2024-10-29T23:52:13.019+0000] {processor.py:161} INFO - Started process (PID=2041) to work on /home/airflow/.local/lib/python3.8/site-packages/airflow/example_dags/example_setup_teardown.py
[2024-10-29T23:52:13.020+0000] {processor.py:830} INFO - Processing file /home/airflow/.local/lib/python3.8/site-packages/airflow/example_dags/example_setup_teardown.py for tasks to queue
[2024-10-29T23:52:13.022+0000] {logging_mixin.py:188} INFO - [2024-10-29T23:52:13.021+0000] {dagbag.py:540} INFO - Filling up the DagBag from /home/airflow/.local/lib/python3.8/site-packages/airflow/example_dags/example_setup_teardown.py
[2024-10-29T23:52:13.027+0000] {processor.py:840} INFO - DAG(s) 'example_setup_teardown' retrieved from /home/airflow/.local/lib/python3.8/site-packages/airflow/example_dags/example_setup_teardown.py
[2024-10-29T23:52:13.043+0000] {logging_mixin.py:188} INFO - [2024-10-29T23:52:13.043+0000] {dag.py:3047} INFO - Sync 1 DAGs
[2024-10-29T23:52:13.063+0000] {logging_mixin.py:188} INFO - [2024-10-29T23:52:13.063+0000] {dag.py:3834} INFO - Setting next_dagrun for example_setup_teardown to 2024-10-28 00:00:00+00:00, run_after=2024-10-29 00:00:00+00:00
[2024-10-29T23:52:13.080+0000] {processor.py:183} INFO - Processing /home/airflow/.local/lib/python3.8/site-packages/airflow/example_dags/example_setup_teardown.py took 0.063 seconds
[2024-10-29T23:52:43.228+0000] {processor.py:161} INFO - Started process (PID=2097) to work on /home/airflow/.local/lib/python3.8/site-packages/airflow/example_dags/example_setup_teardown.py
[2024-10-29T23:52:43.229+0000] {processor.py:830} INFO - Processing file /home/airflow/.local/lib/python3.8/site-packages/airflow/example_dags/example_setup_teardown.py for tasks to queue
[2024-10-29T23:52:43.231+0000] {logging_mixin.py:188} INFO - [2024-10-29T23:52:43.230+0000] {dagbag.py:540} INFO - Filling up the DagBag from /home/airflow/.local/lib/python3.8/site-packages/airflow/example_dags/example_setup_teardown.py
[2024-10-29T23:52:43.237+0000] {processor.py:840} INFO - DAG(s) 'example_setup_teardown' retrieved from /home/airflow/.local/lib/python3.8/site-packages/airflow/example_dags/example_setup_teardown.py
[2024-10-29T23:52:43.258+0000] {logging_mixin.py:188} INFO - [2024-10-29T23:52:43.257+0000] {dag.py:3047} INFO - Sync 1 DAGs
[2024-10-29T23:52:43.281+0000] {logging_mixin.py:188} INFO - [2024-10-29T23:52:43.281+0000] {dag.py:3834} INFO - Setting next_dagrun for example_setup_teardown to 2024-10-28 00:00:00+00:00, run_after=2024-10-29 00:00:00+00:00
[2024-10-29T23:52:43.300+0000] {processor.py:183} INFO - Processing /home/airflow/.local/lib/python3.8/site-packages/airflow/example_dags/example_setup_teardown.py took 0.075 seconds
[2024-10-29T23:53:13.552+0000] {processor.py:161} INFO - Started process (PID=2152) to work on /home/airflow/.local/lib/python3.8/site-packages/airflow/example_dags/example_setup_teardown.py
[2024-10-29T23:53:13.553+0000] {processor.py:830} INFO - Processing file /home/airflow/.local/lib/python3.8/site-packages/airflow/example_dags/example_setup_teardown.py for tasks to queue
[2024-10-29T23:53:13.555+0000] {logging_mixin.py:188} INFO - [2024-10-29T23:53:13.554+0000] {dagbag.py:540} INFO - Filling up the DagBag from /home/airflow/.local/lib/python3.8/site-packages/airflow/example_dags/example_setup_teardown.py
[2024-10-29T23:53:13.563+0000] {processor.py:840} INFO - DAG(s) 'example_setup_teardown' retrieved from /home/airflow/.local/lib/python3.8/site-packages/airflow/example_dags/example_setup_teardown.py
[2024-10-29T23:53:13.585+0000] {logging_mixin.py:188} INFO - [2024-10-29T23:53:13.584+0000] {dag.py:3047} INFO - Sync 1 DAGs
[2024-10-29T23:53:13.611+0000] {logging_mixin.py:188} INFO - [2024-10-29T23:53:13.610+0000] {dag.py:3834} INFO - Setting next_dagrun for example_setup_teardown to 2024-10-28 00:00:00+00:00, run_after=2024-10-29 00:00:00+00:00
[2024-10-29T23:53:13.632+0000] {processor.py:183} INFO - Processing /home/airflow/.local/lib/python3.8/site-packages/airflow/example_dags/example_setup_teardown.py took 0.083 seconds
[2024-10-29T23:53:44.048+0000] {processor.py:161} INFO - Started process (PID=2208) to work on /home/airflow/.local/lib/python3.8/site-packages/airflow/example_dags/example_setup_teardown.py
[2024-10-29T23:53:44.050+0000] {processor.py:830} INFO - Processing file /home/airflow/.local/lib/python3.8/site-packages/airflow/example_dags/example_setup_teardown.py for tasks to queue
[2024-10-29T23:53:44.052+0000] {logging_mixin.py:188} INFO - [2024-10-29T23:53:44.052+0000] {dagbag.py:540} INFO - Filling up the DagBag from /home/airflow/.local/lib/python3.8/site-packages/airflow/example_dags/example_setup_teardown.py
[2024-10-29T23:53:44.065+0000] {processor.py:840} INFO - DAG(s) 'example_setup_teardown' retrieved from /home/airflow/.local/lib/python3.8/site-packages/airflow/example_dags/example_setup_teardown.py
[2024-10-29T23:53:44.119+0000] {logging_mixin.py:188} INFO - [2024-10-29T23:53:44.118+0000] {dag.py:3047} INFO - Sync 1 DAGs
[2024-10-29T23:53:44.155+0000] {logging_mixin.py:188} INFO - [2024-10-29T23:53:44.155+0000] {dag.py:3834} INFO - Setting next_dagrun for example_setup_teardown to 2024-10-28 00:00:00+00:00, run_after=2024-10-29 00:00:00+00:00
[2024-10-29T23:53:44.183+0000] {processor.py:183} INFO - Processing /home/airflow/.local/lib/python3.8/site-packages/airflow/example_dags/example_setup_teardown.py took 0.141 seconds
[2024-10-29T23:54:14.242+0000] {processor.py:161} INFO - Started process (PID=2264) to work on /home/airflow/.local/lib/python3.8/site-packages/airflow/example_dags/example_setup_teardown.py
[2024-10-29T23:54:14.243+0000] {processor.py:830} INFO - Processing file /home/airflow/.local/lib/python3.8/site-packages/airflow/example_dags/example_setup_teardown.py for tasks to queue
[2024-10-29T23:54:14.244+0000] {logging_mixin.py:188} INFO - [2024-10-29T23:54:14.244+0000] {dagbag.py:540} INFO - Filling up the DagBag from /home/airflow/.local/lib/python3.8/site-packages/airflow/example_dags/example_setup_teardown.py
[2024-10-29T23:54:14.249+0000] {processor.py:840} INFO - DAG(s) 'example_setup_teardown' retrieved from /home/airflow/.local/lib/python3.8/site-packages/airflow/example_dags/example_setup_teardown.py
[2024-10-29T23:54:14.271+0000] {logging_mixin.py:188} INFO - [2024-10-29T23:54:14.270+0000] {dag.py:3047} INFO - Sync 1 DAGs
[2024-10-29T23:54:14.295+0000] {logging_mixin.py:188} INFO - [2024-10-29T23:54:14.295+0000] {dag.py:3834} INFO - Setting next_dagrun for example_setup_teardown to 2024-10-28 00:00:00+00:00, run_after=2024-10-29 00:00:00+00:00
[2024-10-29T23:54:14.312+0000] {processor.py:183} INFO - Processing /home/airflow/.local/lib/python3.8/site-packages/airflow/example_dags/example_setup_teardown.py took 0.073 seconds
[2024-10-29T23:54:44.940+0000] {processor.py:161} INFO - Started process (PID=2320) to work on /home/airflow/.local/lib/python3.8/site-packages/airflow/example_dags/example_setup_teardown.py
[2024-10-29T23:54:44.940+0000] {processor.py:830} INFO - Processing file /home/airflow/.local/lib/python3.8/site-packages/airflow/example_dags/example_setup_teardown.py for tasks to queue
[2024-10-29T23:54:44.942+0000] {logging_mixin.py:188} INFO - [2024-10-29T23:54:44.941+0000] {dagbag.py:540} INFO - Filling up the DagBag from /home/airflow/.local/lib/python3.8/site-packages/airflow/example_dags/example_setup_teardown.py
[2024-10-29T23:54:44.947+0000] {processor.py:840} INFO - DAG(s) 'example_setup_teardown' retrieved from /home/airflow/.local/lib/python3.8/site-packages/airflow/example_dags/example_setup_teardown.py
[2024-10-29T23:54:44.969+0000] {logging_mixin.py:188} INFO - [2024-10-29T23:54:44.969+0000] {dag.py:3047} INFO - Sync 1 DAGs
[2024-10-29T23:54:44.991+0000] {logging_mixin.py:188} INFO - [2024-10-29T23:54:44.991+0000] {dag.py:3834} INFO - Setting next_dagrun for example_setup_teardown to 2024-10-28 00:00:00+00:00, run_after=2024-10-29 00:00:00+00:00
[2024-10-29T23:54:45.007+0000] {processor.py:183} INFO - Processing /home/airflow/.local/lib/python3.8/site-packages/airflow/example_dags/example_setup_teardown.py took 0.071 seconds
[2024-10-29T23:55:15.208+0000] {processor.py:161} INFO - Started process (PID=2376) to work on /home/airflow/.local/lib/python3.8/site-packages/airflow/example_dags/example_setup_teardown.py
[2024-10-29T23:55:15.209+0000] {processor.py:830} INFO - Processing file /home/airflow/.local/lib/python3.8/site-packages/airflow/example_dags/example_setup_teardown.py for tasks to queue
[2024-10-29T23:55:15.210+0000] {logging_mixin.py:188} INFO - [2024-10-29T23:55:15.210+0000] {dagbag.py:540} INFO - Filling up the DagBag from /home/airflow/.local/lib/python3.8/site-packages/airflow/example_dags/example_setup_teardown.py
[2024-10-29T23:55:15.215+0000] {processor.py:840} INFO - DAG(s) 'example_setup_teardown' retrieved from /home/airflow/.local/lib/python3.8/site-packages/airflow/example_dags/example_setup_teardown.py
[2024-10-29T23:55:15.231+0000] {logging_mixin.py:188} INFO - [2024-10-29T23:55:15.231+0000] {dag.py:3047} INFO - Sync 1 DAGs
[2024-10-29T23:55:15.249+0000] {logging_mixin.py:188} INFO - [2024-10-29T23:55:15.249+0000] {dag.py:3834} INFO - Setting next_dagrun for example_setup_teardown to 2024-10-28 00:00:00+00:00, run_after=2024-10-29 00:00:00+00:00
[2024-10-29T23:55:15.264+0000] {processor.py:183} INFO - Processing /home/airflow/.local/lib/python3.8/site-packages/airflow/example_dags/example_setup_teardown.py took 0.058 seconds
[2024-10-29T23:55:45.527+0000] {processor.py:161} INFO - Started process (PID=2432) to work on /home/airflow/.local/lib/python3.8/site-packages/airflow/example_dags/example_setup_teardown.py
[2024-10-29T23:55:45.528+0000] {processor.py:830} INFO - Processing file /home/airflow/.local/lib/python3.8/site-packages/airflow/example_dags/example_setup_teardown.py for tasks to queue
[2024-10-29T23:55:45.530+0000] {logging_mixin.py:188} INFO - [2024-10-29T23:55:45.530+0000] {dagbag.py:540} INFO - Filling up the DagBag from /home/airflow/.local/lib/python3.8/site-packages/airflow/example_dags/example_setup_teardown.py
[2024-10-29T23:55:45.537+0000] {processor.py:840} INFO - DAG(s) 'example_setup_teardown' retrieved from /home/airflow/.local/lib/python3.8/site-packages/airflow/example_dags/example_setup_teardown.py
[2024-10-29T23:55:45.558+0000] {logging_mixin.py:188} INFO - [2024-10-29T23:55:45.558+0000] {dag.py:3047} INFO - Sync 1 DAGs
[2024-10-29T23:55:45.583+0000] {logging_mixin.py:188} INFO - [2024-10-29T23:55:45.583+0000] {dag.py:3834} INFO - Setting next_dagrun for example_setup_teardown to 2024-10-28 00:00:00+00:00, run_after=2024-10-29 00:00:00+00:00
[2024-10-29T23:55:45.606+0000] {processor.py:183} INFO - Processing /home/airflow/.local/lib/python3.8/site-packages/airflow/example_dags/example_setup_teardown.py took 0.082 seconds
[2024-10-29T23:56:16.457+0000] {processor.py:161} INFO - Started process (PID=2488) to work on /home/airflow/.local/lib/python3.8/site-packages/airflow/example_dags/example_setup_teardown.py
[2024-10-29T23:56:16.457+0000] {processor.py:830} INFO - Processing file /home/airflow/.local/lib/python3.8/site-packages/airflow/example_dags/example_setup_teardown.py for tasks to queue
[2024-10-29T23:56:16.459+0000] {logging_mixin.py:188} INFO - [2024-10-29T23:56:16.459+0000] {dagbag.py:540} INFO - Filling up the DagBag from /home/airflow/.local/lib/python3.8/site-packages/airflow/example_dags/example_setup_teardown.py
[2024-10-29T23:56:16.464+0000] {processor.py:840} INFO - DAG(s) 'example_setup_teardown' retrieved from /home/airflow/.local/lib/python3.8/site-packages/airflow/example_dags/example_setup_teardown.py
[2024-10-29T23:56:16.482+0000] {logging_mixin.py:188} INFO - [2024-10-29T23:56:16.482+0000] {dag.py:3047} INFO - Sync 1 DAGs
[2024-10-29T23:56:16.503+0000] {logging_mixin.py:188} INFO - [2024-10-29T23:56:16.503+0000] {dag.py:3834} INFO - Setting next_dagrun for example_setup_teardown to 2024-10-28 00:00:00+00:00, run_after=2024-10-29 00:00:00+00:00
[2024-10-29T23:56:16.519+0000] {processor.py:183} INFO - Processing /home/airflow/.local/lib/python3.8/site-packages/airflow/example_dags/example_setup_teardown.py took 0.065 seconds
[2024-10-29T23:56:46.901+0000] {processor.py:161} INFO - Started process (PID=2544) to work on /home/airflow/.local/lib/python3.8/site-packages/airflow/example_dags/example_setup_teardown.py
[2024-10-29T23:56:46.902+0000] {processor.py:830} INFO - Processing file /home/airflow/.local/lib/python3.8/site-packages/airflow/example_dags/example_setup_teardown.py for tasks to queue
[2024-10-29T23:56:46.904+0000] {logging_mixin.py:188} INFO - [2024-10-29T23:56:46.904+0000] {dagbag.py:540} INFO - Filling up the DagBag from /home/airflow/.local/lib/python3.8/site-packages/airflow/example_dags/example_setup_teardown.py
[2024-10-29T23:56:46.914+0000] {processor.py:840} INFO - DAG(s) 'example_setup_teardown' retrieved from /home/airflow/.local/lib/python3.8/site-packages/airflow/example_dags/example_setup_teardown.py
[2024-10-29T23:56:46.939+0000] {logging_mixin.py:188} INFO - [2024-10-29T23:56:46.939+0000] {dag.py:3047} INFO - Sync 1 DAGs
[2024-10-29T23:56:46.969+0000] {logging_mixin.py:188} INFO - [2024-10-29T23:56:46.969+0000] {dag.py:3834} INFO - Setting next_dagrun for example_setup_teardown to 2024-10-28 00:00:00+00:00, run_after=2024-10-29 00:00:00+00:00
[2024-10-29T23:56:46.991+0000] {processor.py:183} INFO - Processing /home/airflow/.local/lib/python3.8/site-packages/airflow/example_dags/example_setup_teardown.py took 0.093 seconds
[2024-10-29T23:57:17.701+0000] {processor.py:161} INFO - Started process (PID=2600) to work on /home/airflow/.local/lib/python3.8/site-packages/airflow/example_dags/example_setup_teardown.py
[2024-10-29T23:57:17.703+0000] {processor.py:830} INFO - Processing file /home/airflow/.local/lib/python3.8/site-packages/airflow/example_dags/example_setup_teardown.py for tasks to queue
[2024-10-29T23:57:17.705+0000] {logging_mixin.py:188} INFO - [2024-10-29T23:57:17.705+0000] {dagbag.py:540} INFO - Filling up the DagBag from /home/airflow/.local/lib/python3.8/site-packages/airflow/example_dags/example_setup_teardown.py
[2024-10-29T23:57:17.712+0000] {processor.py:840} INFO - DAG(s) 'example_setup_teardown' retrieved from /home/airflow/.local/lib/python3.8/site-packages/airflow/example_dags/example_setup_teardown.py
[2024-10-29T23:57:17.747+0000] {logging_mixin.py:188} INFO - [2024-10-29T23:57:17.747+0000] {dag.py:3047} INFO - Sync 1 DAGs
[2024-10-29T23:57:17.780+0000] {logging_mixin.py:188} INFO - [2024-10-29T23:57:17.780+0000] {dag.py:3834} INFO - Setting next_dagrun for example_setup_teardown to 2024-10-28 00:00:00+00:00, run_after=2024-10-29 00:00:00+00:00
[2024-10-29T23:57:17.802+0000] {processor.py:183} INFO - Processing /home/airflow/.local/lib/python3.8/site-packages/airflow/example_dags/example_setup_teardown.py took 0.105 seconds
[2024-10-29T23:57:47.947+0000] {processor.py:161} INFO - Started process (PID=2656) to work on /home/airflow/.local/lib/python3.8/site-packages/airflow/example_dags/example_setup_teardown.py
[2024-10-29T23:57:47.948+0000] {processor.py:830} INFO - Processing file /home/airflow/.local/lib/python3.8/site-packages/airflow/example_dags/example_setup_teardown.py for tasks to queue
[2024-10-29T23:57:47.950+0000] {logging_mixin.py:188} INFO - [2024-10-29T23:57:47.949+0000] {dagbag.py:540} INFO - Filling up the DagBag from /home/airflow/.local/lib/python3.8/site-packages/airflow/example_dags/example_setup_teardown.py
[2024-10-29T23:57:47.957+0000] {processor.py:840} INFO - DAG(s) 'example_setup_teardown' retrieved from /home/airflow/.local/lib/python3.8/site-packages/airflow/example_dags/example_setup_teardown.py
[2024-10-29T23:57:47.980+0000] {logging_mixin.py:188} INFO - [2024-10-29T23:57:47.979+0000] {dag.py:3047} INFO - Sync 1 DAGs
[2024-10-29T23:57:48.009+0000] {logging_mixin.py:188} INFO - [2024-10-29T23:57:48.008+0000] {dag.py:3834} INFO - Setting next_dagrun for example_setup_teardown to 2024-10-28 00:00:00+00:00, run_after=2024-10-29 00:00:00+00:00
[2024-10-29T23:57:48.036+0000] {processor.py:183} INFO - Processing /home/airflow/.local/lib/python3.8/site-packages/airflow/example_dags/example_setup_teardown.py took 0.092 seconds
[2024-10-29T23:58:18.728+0000] {processor.py:161} INFO - Started process (PID=2712) to work on /home/airflow/.local/lib/python3.8/site-packages/airflow/example_dags/example_setup_teardown.py
[2024-10-29T23:58:18.729+0000] {processor.py:830} INFO - Processing file /home/airflow/.local/lib/python3.8/site-packages/airflow/example_dags/example_setup_teardown.py for tasks to queue
[2024-10-29T23:58:18.731+0000] {logging_mixin.py:188} INFO - [2024-10-29T23:58:18.730+0000] {dagbag.py:540} INFO - Filling up the DagBag from /home/airflow/.local/lib/python3.8/site-packages/airflow/example_dags/example_setup_teardown.py
[2024-10-29T23:58:18.738+0000] {processor.py:840} INFO - DAG(s) 'example_setup_teardown' retrieved from /home/airflow/.local/lib/python3.8/site-packages/airflow/example_dags/example_setup_teardown.py
[2024-10-29T23:58:18.763+0000] {logging_mixin.py:188} INFO - [2024-10-29T23:58:18.762+0000] {dag.py:3047} INFO - Sync 1 DAGs
[2024-10-29T23:58:18.789+0000] {logging_mixin.py:188} INFO - [2024-10-29T23:58:18.789+0000] {dag.py:3834} INFO - Setting next_dagrun for example_setup_teardown to 2024-10-28 00:00:00+00:00, run_after=2024-10-29 00:00:00+00:00
[2024-10-29T23:58:18.808+0000] {processor.py:183} INFO - Processing /home/airflow/.local/lib/python3.8/site-packages/airflow/example_dags/example_setup_teardown.py took 0.083 seconds
[2024-10-29T23:58:49.863+0000] {processor.py:161} INFO - Started process (PID=2768) to work on /home/airflow/.local/lib/python3.8/site-packages/airflow/example_dags/example_setup_teardown.py
[2024-10-29T23:58:49.864+0000] {processor.py:830} INFO - Processing file /home/airflow/.local/lib/python3.8/site-packages/airflow/example_dags/example_setup_teardown.py for tasks to queue
[2024-10-29T23:58:49.865+0000] {logging_mixin.py:188} INFO - [2024-10-29T23:58:49.865+0000] {dagbag.py:540} INFO - Filling up the DagBag from /home/airflow/.local/lib/python3.8/site-packages/airflow/example_dags/example_setup_teardown.py
[2024-10-29T23:58:49.871+0000] {processor.py:840} INFO - DAG(s) 'example_setup_teardown' retrieved from /home/airflow/.local/lib/python3.8/site-packages/airflow/example_dags/example_setup_teardown.py
[2024-10-29T23:58:49.888+0000] {logging_mixin.py:188} INFO - [2024-10-29T23:58:49.888+0000] {dag.py:3047} INFO - Sync 1 DAGs
[2024-10-29T23:58:49.909+0000] {logging_mixin.py:188} INFO - [2024-10-29T23:58:49.908+0000] {dag.py:3834} INFO - Setting next_dagrun for example_setup_teardown to 2024-10-28 00:00:00+00:00, run_after=2024-10-29 00:00:00+00:00
[2024-10-29T23:58:49.924+0000] {processor.py:183} INFO - Processing /home/airflow/.local/lib/python3.8/site-packages/airflow/example_dags/example_setup_teardown.py took 0.064 seconds
[2024-10-29T23:59:20.253+0000] {processor.py:161} INFO - Started process (PID=2824) to work on /home/airflow/.local/lib/python3.8/site-packages/airflow/example_dags/example_setup_teardown.py
[2024-10-29T23:59:20.253+0000] {processor.py:830} INFO - Processing file /home/airflow/.local/lib/python3.8/site-packages/airflow/example_dags/example_setup_teardown.py for tasks to queue
[2024-10-29T23:59:20.256+0000] {logging_mixin.py:188} INFO - [2024-10-29T23:59:20.256+0000] {dagbag.py:540} INFO - Filling up the DagBag from /home/airflow/.local/lib/python3.8/site-packages/airflow/example_dags/example_setup_teardown.py
[2024-10-29T23:59:20.264+0000] {processor.py:840} INFO - DAG(s) 'example_setup_teardown' retrieved from /home/airflow/.local/lib/python3.8/site-packages/airflow/example_dags/example_setup_teardown.py
[2024-10-29T23:59:20.283+0000] {logging_mixin.py:188} INFO - [2024-10-29T23:59:20.283+0000] {dag.py:3047} INFO - Sync 1 DAGs
[2024-10-29T23:59:20.307+0000] {logging_mixin.py:188} INFO - [2024-10-29T23:59:20.307+0000] {dag.py:3834} INFO - Setting next_dagrun for example_setup_teardown to 2024-10-28 00:00:00+00:00, run_after=2024-10-29 00:00:00+00:00
[2024-10-29T23:59:20.325+0000] {processor.py:183} INFO - Processing /home/airflow/.local/lib/python3.8/site-packages/airflow/example_dags/example_setup_teardown.py took 0.075 seconds
[2024-10-29T23:59:50.605+0000] {processor.py:161} INFO - Started process (PID=2880) to work on /home/airflow/.local/lib/python3.8/site-packages/airflow/example_dags/example_setup_teardown.py
[2024-10-29T23:59:50.606+0000] {processor.py:830} INFO - Processing file /home/airflow/.local/lib/python3.8/site-packages/airflow/example_dags/example_setup_teardown.py for tasks to queue
[2024-10-29T23:59:50.608+0000] {logging_mixin.py:188} INFO - [2024-10-29T23:59:50.608+0000] {dagbag.py:540} INFO - Filling up the DagBag from /home/airflow/.local/lib/python3.8/site-packages/airflow/example_dags/example_setup_teardown.py
[2024-10-29T23:59:50.615+0000] {processor.py:840} INFO - DAG(s) 'example_setup_teardown' retrieved from /home/airflow/.local/lib/python3.8/site-packages/airflow/example_dags/example_setup_teardown.py
[2024-10-29T23:59:50.642+0000] {logging_mixin.py:188} INFO - [2024-10-29T23:59:50.642+0000] {dag.py:3047} INFO - Sync 1 DAGs
[2024-10-29T23:59:50.671+0000] {logging_mixin.py:188} INFO - [2024-10-29T23:59:50.670+0000] {dag.py:3834} INFO - Setting next_dagrun for example_setup_teardown to 2024-10-28 00:00:00+00:00, run_after=2024-10-29 00:00:00+00:00
[2024-10-29T23:59:50.695+0000] {processor.py:183} INFO - Processing /home/airflow/.local/lib/python3.8/site-packages/airflow/example_dags/example_setup_teardown.py took 0.093 seconds
