[2024-10-29T23:27:23.587+0000] {processor.py:161} INFO - Started process (PID=16658) to work on /home/airflow/.local/lib/python3.8/site-packages/airflow/example_dags/example_branch_operator.py
[2024-10-29T23:27:23.588+0000] {processor.py:830} INFO - Processing file /home/airflow/.local/lib/python3.8/site-packages/airflow/example_dags/example_branch_operator.py for tasks to queue
[2024-10-29T23:27:23.589+0000] {logging_mixin.py:188} INFO - [2024-10-29T23:27:23.589+0000] {dagbag.py:540} INFO - Filling up the DagBag from /home/airflow/.local/lib/python3.8/site-packages/airflow/example_dags/example_branch_operator.py
[2024-10-29T23:27:23.625+0000] {processor.py:840} INFO - DAG(s) 'example_branch_operator' retrieved from /home/airflow/.local/lib/python3.8/site-packages/airflow/example_dags/example_branch_operator.py
[2024-10-29T23:27:23.652+0000] {logging_mixin.py:188} INFO - [2024-10-29T23:27:23.651+0000] {dag.py:3047} INFO - Sync 1 DAGs
[2024-10-29T23:27:23.689+0000] {logging_mixin.py:188} INFO - [2024-10-29T23:27:23.689+0000] {dag.py:3834} INFO - Setting next_dagrun for example_branch_operator to 2024-10-28 00:00:00+00:00, run_after=2024-10-29 00:00:00+00:00
[2024-10-29T23:27:23.710+0000] {processor.py:183} INFO - Processing /home/airflow/.local/lib/python3.8/site-packages/airflow/example_dags/example_branch_operator.py took 0.126 seconds
[2024-10-29T23:27:54.061+0000] {processor.py:161} INFO - Started process (PID=16714) to work on /home/airflow/.local/lib/python3.8/site-packages/airflow/example_dags/example_branch_operator.py
[2024-10-29T23:27:54.061+0000] {processor.py:830} INFO - Processing file /home/airflow/.local/lib/python3.8/site-packages/airflow/example_dags/example_branch_operator.py for tasks to queue
[2024-10-29T23:27:54.063+0000] {logging_mixin.py:188} INFO - [2024-10-29T23:27:54.063+0000] {dagbag.py:540} INFO - Filling up the DagBag from /home/airflow/.local/lib/python3.8/site-packages/airflow/example_dags/example_branch_operator.py
[2024-10-29T23:27:54.081+0000] {processor.py:840} INFO - DAG(s) 'example_branch_operator' retrieved from /home/airflow/.local/lib/python3.8/site-packages/airflow/example_dags/example_branch_operator.py
[2024-10-29T23:27:54.106+0000] {logging_mixin.py:188} INFO - [2024-10-29T23:27:54.105+0000] {dag.py:3047} INFO - Sync 1 DAGs
[2024-10-29T23:27:54.128+0000] {logging_mixin.py:188} INFO - [2024-10-29T23:27:54.128+0000] {dag.py:3834} INFO - Setting next_dagrun for example_branch_operator to 2024-10-28 00:00:00+00:00, run_after=2024-10-29 00:00:00+00:00
[2024-10-29T23:27:54.142+0000] {processor.py:183} INFO - Processing /home/airflow/.local/lib/python3.8/site-packages/airflow/example_dags/example_branch_operator.py took 0.084 seconds
[2024-10-29T23:28:24.890+0000] {processor.py:161} INFO - Started process (PID=16770) to work on /home/airflow/.local/lib/python3.8/site-packages/airflow/example_dags/example_branch_operator.py
[2024-10-29T23:28:24.891+0000] {processor.py:830} INFO - Processing file /home/airflow/.local/lib/python3.8/site-packages/airflow/example_dags/example_branch_operator.py for tasks to queue
[2024-10-29T23:28:24.893+0000] {logging_mixin.py:188} INFO - [2024-10-29T23:28:24.893+0000] {dagbag.py:540} INFO - Filling up the DagBag from /home/airflow/.local/lib/python3.8/site-packages/airflow/example_dags/example_branch_operator.py
[2024-10-29T23:28:24.913+0000] {processor.py:840} INFO - DAG(s) 'example_branch_operator' retrieved from /home/airflow/.local/lib/python3.8/site-packages/airflow/example_dags/example_branch_operator.py
[2024-10-29T23:28:24.951+0000] {logging_mixin.py:188} INFO - [2024-10-29T23:28:24.951+0000] {dag.py:3047} INFO - Sync 1 DAGs
[2024-10-29T23:28:24.984+0000] {logging_mixin.py:188} INFO - [2024-10-29T23:28:24.983+0000] {dag.py:3834} INFO - Setting next_dagrun for example_branch_operator to 2024-10-28 00:00:00+00:00, run_after=2024-10-29 00:00:00+00:00
[2024-10-29T23:28:25.009+0000] {processor.py:183} INFO - Processing /home/airflow/.local/lib/python3.8/site-packages/airflow/example_dags/example_branch_operator.py took 0.122 seconds
[2024-10-29T23:28:55.808+0000] {processor.py:161} INFO - Started process (PID=16826) to work on /home/airflow/.local/lib/python3.8/site-packages/airflow/example_dags/example_branch_operator.py
[2024-10-29T23:28:55.809+0000] {processor.py:830} INFO - Processing file /home/airflow/.local/lib/python3.8/site-packages/airflow/example_dags/example_branch_operator.py for tasks to queue
[2024-10-29T23:28:55.810+0000] {logging_mixin.py:188} INFO - [2024-10-29T23:28:55.810+0000] {dagbag.py:540} INFO - Filling up the DagBag from /home/airflow/.local/lib/python3.8/site-packages/airflow/example_dags/example_branch_operator.py
[2024-10-29T23:28:55.822+0000] {processor.py:840} INFO - DAG(s) 'example_branch_operator' retrieved from /home/airflow/.local/lib/python3.8/site-packages/airflow/example_dags/example_branch_operator.py
[2024-10-29T23:28:55.843+0000] {logging_mixin.py:188} INFO - [2024-10-29T23:28:55.842+0000] {dag.py:3047} INFO - Sync 1 DAGs
[2024-10-29T23:28:55.861+0000] {logging_mixin.py:188} INFO - [2024-10-29T23:28:55.861+0000] {dag.py:3834} INFO - Setting next_dagrun for example_branch_operator to 2024-10-28 00:00:00+00:00, run_after=2024-10-29 00:00:00+00:00
[2024-10-29T23:28:55.874+0000] {processor.py:183} INFO - Processing /home/airflow/.local/lib/python3.8/site-packages/airflow/example_dags/example_branch_operator.py took 0.068 seconds
[2024-10-29T23:29:27.016+0000] {processor.py:161} INFO - Started process (PID=16882) to work on /home/airflow/.local/lib/python3.8/site-packages/airflow/example_dags/example_branch_operator.py
[2024-10-29T23:29:27.017+0000] {processor.py:830} INFO - Processing file /home/airflow/.local/lib/python3.8/site-packages/airflow/example_dags/example_branch_operator.py for tasks to queue
[2024-10-29T23:29:27.018+0000] {logging_mixin.py:188} INFO - [2024-10-29T23:29:27.018+0000] {dagbag.py:540} INFO - Filling up the DagBag from /home/airflow/.local/lib/python3.8/site-packages/airflow/example_dags/example_branch_operator.py
[2024-10-29T23:29:27.036+0000] {processor.py:840} INFO - DAG(s) 'example_branch_operator' retrieved from /home/airflow/.local/lib/python3.8/site-packages/airflow/example_dags/example_branch_operator.py
[2024-10-29T23:29:27.062+0000] {logging_mixin.py:188} INFO - [2024-10-29T23:29:27.062+0000] {dag.py:3047} INFO - Sync 1 DAGs
[2024-10-29T23:29:27.092+0000] {logging_mixin.py:188} INFO - [2024-10-29T23:29:27.091+0000] {dag.py:3834} INFO - Setting next_dagrun for example_branch_operator to 2024-10-28 00:00:00+00:00, run_after=2024-10-29 00:00:00+00:00
[2024-10-29T23:29:27.111+0000] {processor.py:183} INFO - Processing /home/airflow/.local/lib/python3.8/site-packages/airflow/example_dags/example_branch_operator.py took 0.098 seconds
[2024-10-29T23:29:57.153+0000] {processor.py:161} INFO - Started process (PID=16938) to work on /home/airflow/.local/lib/python3.8/site-packages/airflow/example_dags/example_branch_operator.py
[2024-10-29T23:29:57.154+0000] {processor.py:830} INFO - Processing file /home/airflow/.local/lib/python3.8/site-packages/airflow/example_dags/example_branch_operator.py for tasks to queue
[2024-10-29T23:29:57.156+0000] {logging_mixin.py:188} INFO - [2024-10-29T23:29:57.155+0000] {dagbag.py:540} INFO - Filling up the DagBag from /home/airflow/.local/lib/python3.8/site-packages/airflow/example_dags/example_branch_operator.py
[2024-10-29T23:29:57.175+0000] {processor.py:840} INFO - DAG(s) 'example_branch_operator' retrieved from /home/airflow/.local/lib/python3.8/site-packages/airflow/example_dags/example_branch_operator.py
[2024-10-29T23:29:57.202+0000] {logging_mixin.py:188} INFO - [2024-10-29T23:29:57.201+0000] {dag.py:3047} INFO - Sync 1 DAGs
[2024-10-29T23:29:57.226+0000] {logging_mixin.py:188} INFO - [2024-10-29T23:29:57.225+0000] {dag.py:3834} INFO - Setting next_dagrun for example_branch_operator to 2024-10-28 00:00:00+00:00, run_after=2024-10-29 00:00:00+00:00
[2024-10-29T23:29:57.244+0000] {processor.py:183} INFO - Processing /home/airflow/.local/lib/python3.8/site-packages/airflow/example_dags/example_branch_operator.py took 0.093 seconds
[2024-10-29T23:30:27.699+0000] {processor.py:161} INFO - Started process (PID=16994) to work on /home/airflow/.local/lib/python3.8/site-packages/airflow/example_dags/example_branch_operator.py
[2024-10-29T23:30:27.700+0000] {processor.py:830} INFO - Processing file /home/airflow/.local/lib/python3.8/site-packages/airflow/example_dags/example_branch_operator.py for tasks to queue
[2024-10-29T23:30:27.701+0000] {logging_mixin.py:188} INFO - [2024-10-29T23:30:27.701+0000] {dagbag.py:540} INFO - Filling up the DagBag from /home/airflow/.local/lib/python3.8/site-packages/airflow/example_dags/example_branch_operator.py
[2024-10-29T23:30:27.718+0000] {processor.py:840} INFO - DAG(s) 'example_branch_operator' retrieved from /home/airflow/.local/lib/python3.8/site-packages/airflow/example_dags/example_branch_operator.py
[2024-10-29T23:30:27.743+0000] {logging_mixin.py:188} INFO - [2024-10-29T23:30:27.743+0000] {dag.py:3047} INFO - Sync 1 DAGs
[2024-10-29T23:30:27.766+0000] {logging_mixin.py:188} INFO - [2024-10-29T23:30:27.766+0000] {dag.py:3834} INFO - Setting next_dagrun for example_branch_operator to 2024-10-28 00:00:00+00:00, run_after=2024-10-29 00:00:00+00:00
[2024-10-29T23:30:27.783+0000] {processor.py:183} INFO - Processing /home/airflow/.local/lib/python3.8/site-packages/airflow/example_dags/example_branch_operator.py took 0.088 seconds
[2024-10-29T23:30:58.568+0000] {processor.py:161} INFO - Started process (PID=17049) to work on /home/airflow/.local/lib/python3.8/site-packages/airflow/example_dags/example_branch_operator.py
[2024-10-29T23:30:58.569+0000] {processor.py:830} INFO - Processing file /home/airflow/.local/lib/python3.8/site-packages/airflow/example_dags/example_branch_operator.py for tasks to queue
[2024-10-29T23:30:58.570+0000] {logging_mixin.py:188} INFO - [2024-10-29T23:30:58.570+0000] {dagbag.py:540} INFO - Filling up the DagBag from /home/airflow/.local/lib/python3.8/site-packages/airflow/example_dags/example_branch_operator.py
[2024-10-29T23:30:58.589+0000] {processor.py:840} INFO - DAG(s) 'example_branch_operator' retrieved from /home/airflow/.local/lib/python3.8/site-packages/airflow/example_dags/example_branch_operator.py
[2024-10-29T23:30:58.628+0000] {logging_mixin.py:188} INFO - [2024-10-29T23:30:58.627+0000] {dag.py:3047} INFO - Sync 1 DAGs
[2024-10-29T23:30:58.667+0000] {logging_mixin.py:188} INFO - [2024-10-29T23:30:58.666+0000] {dag.py:3834} INFO - Setting next_dagrun for example_branch_operator to 2024-10-28 00:00:00+00:00, run_after=2024-10-29 00:00:00+00:00
[2024-10-29T23:30:58.687+0000] {processor.py:183} INFO - Processing /home/airflow/.local/lib/python3.8/site-packages/airflow/example_dags/example_branch_operator.py took 0.122 seconds
[2024-10-29T23:31:29.583+0000] {processor.py:161} INFO - Started process (PID=17105) to work on /home/airflow/.local/lib/python3.8/site-packages/airflow/example_dags/example_branch_operator.py
[2024-10-29T23:31:29.584+0000] {processor.py:830} INFO - Processing file /home/airflow/.local/lib/python3.8/site-packages/airflow/example_dags/example_branch_operator.py for tasks to queue
[2024-10-29T23:31:29.586+0000] {logging_mixin.py:188} INFO - [2024-10-29T23:31:29.586+0000] {dagbag.py:540} INFO - Filling up the DagBag from /home/airflow/.local/lib/python3.8/site-packages/airflow/example_dags/example_branch_operator.py
[2024-10-29T23:31:29.612+0000] {processor.py:840} INFO - DAG(s) 'example_branch_operator' retrieved from /home/airflow/.local/lib/python3.8/site-packages/airflow/example_dags/example_branch_operator.py
[2024-10-29T23:31:29.643+0000] {logging_mixin.py:188} INFO - [2024-10-29T23:31:29.643+0000] {dag.py:3047} INFO - Sync 1 DAGs
[2024-10-29T23:31:29.761+0000] {logging_mixin.py:188} INFO - [2024-10-29T23:31:29.760+0000] {dag.py:3834} INFO - Setting next_dagrun for example_branch_operator to 2024-10-28 00:00:00+00:00, run_after=2024-10-29 00:00:00+00:00
[2024-10-29T23:31:29.780+0000] {processor.py:183} INFO - Processing /home/airflow/.local/lib/python3.8/site-packages/airflow/example_dags/example_branch_operator.py took 0.201 seconds
[2024-10-29T23:31:59.894+0000] {processor.py:161} INFO - Started process (PID=17161) to work on /home/airflow/.local/lib/python3.8/site-packages/airflow/example_dags/example_branch_operator.py
[2024-10-29T23:31:59.895+0000] {processor.py:830} INFO - Processing file /home/airflow/.local/lib/python3.8/site-packages/airflow/example_dags/example_branch_operator.py for tasks to queue
[2024-10-29T23:31:59.896+0000] {logging_mixin.py:188} INFO - [2024-10-29T23:31:59.896+0000] {dagbag.py:540} INFO - Filling up the DagBag from /home/airflow/.local/lib/python3.8/site-packages/airflow/example_dags/example_branch_operator.py
[2024-10-29T23:31:59.913+0000] {processor.py:840} INFO - DAG(s) 'example_branch_operator' retrieved from /home/airflow/.local/lib/python3.8/site-packages/airflow/example_dags/example_branch_operator.py
[2024-10-29T23:31:59.935+0000] {logging_mixin.py:188} INFO - [2024-10-29T23:31:59.935+0000] {dag.py:3047} INFO - Sync 1 DAGs
[2024-10-29T23:32:00.063+0000] {logging_mixin.py:188} INFO - [2024-10-29T23:32:00.063+0000] {dag.py:3834} INFO - Setting next_dagrun for example_branch_operator to 2024-10-28 00:00:00+00:00, run_after=2024-10-29 00:00:00+00:00
[2024-10-29T23:32:00.088+0000] {processor.py:183} INFO - Processing /home/airflow/.local/lib/python3.8/site-packages/airflow/example_dags/example_branch_operator.py took 0.196 seconds
[2024-10-29T23:32:31.846+0000] {processor.py:161} INFO - Started process (PID=17216) to work on /home/airflow/.local/lib/python3.8/site-packages/airflow/example_dags/example_branch_operator.py
[2024-10-29T23:32:31.847+0000] {processor.py:830} INFO - Processing file /home/airflow/.local/lib/python3.8/site-packages/airflow/example_dags/example_branch_operator.py for tasks to queue
[2024-10-29T23:32:31.848+0000] {logging_mixin.py:188} INFO - [2024-10-29T23:32:31.848+0000] {dagbag.py:540} INFO - Filling up the DagBag from /home/airflow/.local/lib/python3.8/site-packages/airflow/example_dags/example_branch_operator.py
[2024-10-29T23:32:31.866+0000] {processor.py:840} INFO - DAG(s) 'example_branch_operator' retrieved from /home/airflow/.local/lib/python3.8/site-packages/airflow/example_dags/example_branch_operator.py
[2024-10-29T23:32:31.892+0000] {logging_mixin.py:188} INFO - [2024-10-29T23:32:31.892+0000] {dag.py:3047} INFO - Sync 1 DAGs
[2024-10-29T23:32:32.034+0000] {logging_mixin.py:188} INFO - [2024-10-29T23:32:32.034+0000] {dag.py:3834} INFO - Setting next_dagrun for example_branch_operator to 2024-10-28 00:00:00+00:00, run_after=2024-10-29 00:00:00+00:00
[2024-10-29T23:32:32.052+0000] {processor.py:183} INFO - Processing /home/airflow/.local/lib/python3.8/site-packages/airflow/example_dags/example_branch_operator.py took 0.209 seconds
[2024-10-29T23:33:02.475+0000] {processor.py:161} INFO - Started process (PID=17272) to work on /home/airflow/.local/lib/python3.8/site-packages/airflow/example_dags/example_branch_operator.py
[2024-10-29T23:33:02.476+0000] {processor.py:830} INFO - Processing file /home/airflow/.local/lib/python3.8/site-packages/airflow/example_dags/example_branch_operator.py for tasks to queue
[2024-10-29T23:33:02.477+0000] {logging_mixin.py:188} INFO - [2024-10-29T23:33:02.477+0000] {dagbag.py:540} INFO - Filling up the DagBag from /home/airflow/.local/lib/python3.8/site-packages/airflow/example_dags/example_branch_operator.py
[2024-10-29T23:33:02.494+0000] {processor.py:840} INFO - DAG(s) 'example_branch_operator' retrieved from /home/airflow/.local/lib/python3.8/site-packages/airflow/example_dags/example_branch_operator.py
[2024-10-29T23:33:02.519+0000] {logging_mixin.py:188} INFO - [2024-10-29T23:33:02.519+0000] {dag.py:3047} INFO - Sync 1 DAGs
[2024-10-29T23:33:02.650+0000] {logging_mixin.py:188} INFO - [2024-10-29T23:33:02.650+0000] {dag.py:3834} INFO - Setting next_dagrun for example_branch_operator to 2024-10-28 00:00:00+00:00, run_after=2024-10-29 00:00:00+00:00
[2024-10-29T23:33:02.672+0000] {processor.py:183} INFO - Processing /home/airflow/.local/lib/python3.8/site-packages/airflow/example_dags/example_branch_operator.py took 0.200 seconds
[2024-10-29T23:34:18.773+0000] {processor.py:161} INFO - Started process (PID=71) to work on /home/airflow/.local/lib/python3.8/site-packages/airflow/example_dags/example_branch_operator.py
[2024-10-29T23:34:18.774+0000] {processor.py:830} INFO - Processing file /home/airflow/.local/lib/python3.8/site-packages/airflow/example_dags/example_branch_operator.py for tasks to queue
[2024-10-29T23:34:18.776+0000] {logging_mixin.py:188} INFO - [2024-10-29T23:34:18.776+0000] {dagbag.py:540} INFO - Filling up the DagBag from /home/airflow/.local/lib/python3.8/site-packages/airflow/example_dags/example_branch_operator.py
[2024-10-29T23:34:18.801+0000] {processor.py:840} INFO - DAG(s) 'example_branch_operator' retrieved from /home/airflow/.local/lib/python3.8/site-packages/airflow/example_dags/example_branch_operator.py
[2024-10-29T23:34:18.813+0000] {logging_mixin.py:188} INFO - [2024-10-29T23:34:18.812+0000] {dag.py:3047} INFO - Sync 1 DAGs
[2024-10-29T23:34:18.842+0000] {logging_mixin.py:188} INFO - [2024-10-29T23:34:18.841+0000] {dag.py:3834} INFO - Setting next_dagrun for example_branch_operator to 2024-10-28 00:00:00+00:00, run_after=2024-10-29 00:00:00+00:00
[2024-10-29T23:34:18.864+0000] {processor.py:183} INFO - Processing /home/airflow/.local/lib/python3.8/site-packages/airflow/example_dags/example_branch_operator.py took 0.094 seconds
[2024-10-29T23:34:51.396+0000] {processor.py:161} INFO - Started process (PID=127) to work on /home/airflow/.local/lib/python3.8/site-packages/airflow/example_dags/example_branch_operator.py
[2024-10-29T23:34:51.397+0000] {processor.py:830} INFO - Processing file /home/airflow/.local/lib/python3.8/site-packages/airflow/example_dags/example_branch_operator.py for tasks to queue
[2024-10-29T23:34:51.400+0000] {logging_mixin.py:188} INFO - [2024-10-29T23:34:51.399+0000] {dagbag.py:540} INFO - Filling up the DagBag from /home/airflow/.local/lib/python3.8/site-packages/airflow/example_dags/example_branch_operator.py
[2024-10-29T23:34:51.429+0000] {processor.py:840} INFO - DAG(s) 'example_branch_operator' retrieved from /home/airflow/.local/lib/python3.8/site-packages/airflow/example_dags/example_branch_operator.py
[2024-10-29T23:34:51.606+0000] {logging_mixin.py:188} INFO - [2024-10-29T23:34:51.606+0000] {dag.py:3047} INFO - Sync 1 DAGs
[2024-10-29T23:34:51.652+0000] {logging_mixin.py:188} INFO - [2024-10-29T23:34:51.652+0000] {dag.py:3834} INFO - Setting next_dagrun for example_branch_operator to 2024-10-28 00:00:00+00:00, run_after=2024-10-29 00:00:00+00:00
[2024-10-29T23:34:51.693+0000] {processor.py:183} INFO - Processing /home/airflow/.local/lib/python3.8/site-packages/airflow/example_dags/example_branch_operator.py took 0.301 seconds
[2024-10-29T23:35:22.064+0000] {processor.py:161} INFO - Started process (PID=183) to work on /home/airflow/.local/lib/python3.8/site-packages/airflow/example_dags/example_branch_operator.py
[2024-10-29T23:35:22.065+0000] {processor.py:830} INFO - Processing file /home/airflow/.local/lib/python3.8/site-packages/airflow/example_dags/example_branch_operator.py for tasks to queue
[2024-10-29T23:35:22.067+0000] {logging_mixin.py:188} INFO - [2024-10-29T23:35:22.067+0000] {dagbag.py:540} INFO - Filling up the DagBag from /home/airflow/.local/lib/python3.8/site-packages/airflow/example_dags/example_branch_operator.py
[2024-10-29T23:35:22.094+0000] {processor.py:840} INFO - DAG(s) 'example_branch_operator' retrieved from /home/airflow/.local/lib/python3.8/site-packages/airflow/example_dags/example_branch_operator.py
[2024-10-29T23:35:22.142+0000] {logging_mixin.py:188} INFO - [2024-10-29T23:35:22.142+0000] {dag.py:3047} INFO - Sync 1 DAGs
[2024-10-29T23:35:22.180+0000] {logging_mixin.py:188} INFO - [2024-10-29T23:35:22.180+0000] {dag.py:3834} INFO - Setting next_dagrun for example_branch_operator to 2024-10-28 00:00:00+00:00, run_after=2024-10-29 00:00:00+00:00
[2024-10-29T23:35:22.205+0000] {processor.py:183} INFO - Processing /home/airflow/.local/lib/python3.8/site-packages/airflow/example_dags/example_branch_operator.py took 0.145 seconds
[2024-10-29T23:35:52.340+0000] {processor.py:161} INFO - Started process (PID=240) to work on /home/airflow/.local/lib/python3.8/site-packages/airflow/example_dags/example_branch_operator.py
[2024-10-29T23:35:52.340+0000] {processor.py:830} INFO - Processing file /home/airflow/.local/lib/python3.8/site-packages/airflow/example_dags/example_branch_operator.py for tasks to queue
[2024-10-29T23:35:52.341+0000] {logging_mixin.py:188} INFO - [2024-10-29T23:35:52.341+0000] {dagbag.py:540} INFO - Filling up the DagBag from /home/airflow/.local/lib/python3.8/site-packages/airflow/example_dags/example_branch_operator.py
[2024-10-29T23:35:52.356+0000] {processor.py:840} INFO - DAG(s) 'example_branch_operator' retrieved from /home/airflow/.local/lib/python3.8/site-packages/airflow/example_dags/example_branch_operator.py
[2024-10-29T23:35:52.381+0000] {logging_mixin.py:188} INFO - [2024-10-29T23:35:52.381+0000] {dag.py:3047} INFO - Sync 1 DAGs
[2024-10-29T23:35:52.413+0000] {logging_mixin.py:188} INFO - [2024-10-29T23:35:52.412+0000] {dag.py:3834} INFO - Setting next_dagrun for example_branch_operator to 2024-10-28 00:00:00+00:00, run_after=2024-10-29 00:00:00+00:00
[2024-10-29T23:35:52.431+0000] {processor.py:183} INFO - Processing /home/airflow/.local/lib/python3.8/site-packages/airflow/example_dags/example_branch_operator.py took 0.093 seconds
[2024-10-29T23:36:23.309+0000] {processor.py:161} INFO - Started process (PID=295) to work on /home/airflow/.local/lib/python3.8/site-packages/airflow/example_dags/example_branch_operator.py
[2024-10-29T23:36:23.310+0000] {processor.py:830} INFO - Processing file /home/airflow/.local/lib/python3.8/site-packages/airflow/example_dags/example_branch_operator.py for tasks to queue
[2024-10-29T23:36:23.311+0000] {logging_mixin.py:188} INFO - [2024-10-29T23:36:23.311+0000] {dagbag.py:540} INFO - Filling up the DagBag from /home/airflow/.local/lib/python3.8/site-packages/airflow/example_dags/example_branch_operator.py
[2024-10-29T23:36:23.328+0000] {processor.py:840} INFO - DAG(s) 'example_branch_operator' retrieved from /home/airflow/.local/lib/python3.8/site-packages/airflow/example_dags/example_branch_operator.py
[2024-10-29T23:36:23.356+0000] {logging_mixin.py:188} INFO - [2024-10-29T23:36:23.355+0000] {dag.py:3047} INFO - Sync 1 DAGs
[2024-10-29T23:36:23.381+0000] {logging_mixin.py:188} INFO - [2024-10-29T23:36:23.381+0000] {dag.py:3834} INFO - Setting next_dagrun for example_branch_operator to 2024-10-28 00:00:00+00:00, run_after=2024-10-29 00:00:00+00:00
[2024-10-29T23:36:23.403+0000] {processor.py:183} INFO - Processing /home/airflow/.local/lib/python3.8/site-packages/airflow/example_dags/example_branch_operator.py took 0.096 seconds
[2024-10-29T23:36:54.110+0000] {processor.py:161} INFO - Started process (PID=351) to work on /home/airflow/.local/lib/python3.8/site-packages/airflow/example_dags/example_branch_operator.py
[2024-10-29T23:36:54.111+0000] {processor.py:830} INFO - Processing file /home/airflow/.local/lib/python3.8/site-packages/airflow/example_dags/example_branch_operator.py for tasks to queue
[2024-10-29T23:36:54.112+0000] {logging_mixin.py:188} INFO - [2024-10-29T23:36:54.112+0000] {dagbag.py:540} INFO - Filling up the DagBag from /home/airflow/.local/lib/python3.8/site-packages/airflow/example_dags/example_branch_operator.py
[2024-10-29T23:36:54.131+0000] {processor.py:840} INFO - DAG(s) 'example_branch_operator' retrieved from /home/airflow/.local/lib/python3.8/site-packages/airflow/example_dags/example_branch_operator.py
[2024-10-29T23:36:54.164+0000] {logging_mixin.py:188} INFO - [2024-10-29T23:36:54.164+0000] {dag.py:3047} INFO - Sync 1 DAGs
[2024-10-29T23:36:54.190+0000] {logging_mixin.py:188} INFO - [2024-10-29T23:36:54.190+0000] {dag.py:3834} INFO - Setting next_dagrun for example_branch_operator to 2024-10-28 00:00:00+00:00, run_after=2024-10-29 00:00:00+00:00
[2024-10-29T23:36:54.208+0000] {processor.py:183} INFO - Processing /home/airflow/.local/lib/python3.8/site-packages/airflow/example_dags/example_branch_operator.py took 0.103 seconds
[2024-10-29T23:37:24.350+0000] {processor.py:161} INFO - Started process (PID=407) to work on /home/airflow/.local/lib/python3.8/site-packages/airflow/example_dags/example_branch_operator.py
[2024-10-29T23:37:24.350+0000] {processor.py:830} INFO - Processing file /home/airflow/.local/lib/python3.8/site-packages/airflow/example_dags/example_branch_operator.py for tasks to queue
[2024-10-29T23:37:24.352+0000] {logging_mixin.py:188} INFO - [2024-10-29T23:37:24.352+0000] {dagbag.py:540} INFO - Filling up the DagBag from /home/airflow/.local/lib/python3.8/site-packages/airflow/example_dags/example_branch_operator.py
[2024-10-29T23:37:24.367+0000] {processor.py:840} INFO - DAG(s) 'example_branch_operator' retrieved from /home/airflow/.local/lib/python3.8/site-packages/airflow/example_dags/example_branch_operator.py
[2024-10-29T23:37:24.393+0000] {logging_mixin.py:188} INFO - [2024-10-29T23:37:24.393+0000] {dag.py:3047} INFO - Sync 1 DAGs
[2024-10-29T23:37:24.417+0000] {logging_mixin.py:188} INFO - [2024-10-29T23:37:24.417+0000] {dag.py:3834} INFO - Setting next_dagrun for example_branch_operator to 2024-10-28 00:00:00+00:00, run_after=2024-10-29 00:00:00+00:00
[2024-10-29T23:37:24.433+0000] {processor.py:183} INFO - Processing /home/airflow/.local/lib/python3.8/site-packages/airflow/example_dags/example_branch_operator.py took 0.086 seconds
[2024-10-29T23:37:55.295+0000] {processor.py:161} INFO - Started process (PID=463) to work on /home/airflow/.local/lib/python3.8/site-packages/airflow/example_dags/example_branch_operator.py
[2024-10-29T23:37:55.296+0000] {processor.py:830} INFO - Processing file /home/airflow/.local/lib/python3.8/site-packages/airflow/example_dags/example_branch_operator.py for tasks to queue
[2024-10-29T23:37:55.297+0000] {logging_mixin.py:188} INFO - [2024-10-29T23:37:55.297+0000] {dagbag.py:540} INFO - Filling up the DagBag from /home/airflow/.local/lib/python3.8/site-packages/airflow/example_dags/example_branch_operator.py
[2024-10-29T23:37:55.315+0000] {processor.py:840} INFO - DAG(s) 'example_branch_operator' retrieved from /home/airflow/.local/lib/python3.8/site-packages/airflow/example_dags/example_branch_operator.py
[2024-10-29T23:37:55.349+0000] {logging_mixin.py:188} INFO - [2024-10-29T23:37:55.349+0000] {dag.py:3047} INFO - Sync 1 DAGs
[2024-10-29T23:37:55.375+0000] {logging_mixin.py:188} INFO - [2024-10-29T23:37:55.375+0000] {dag.py:3834} INFO - Setting next_dagrun for example_branch_operator to 2024-10-28 00:00:00+00:00, run_after=2024-10-29 00:00:00+00:00
[2024-10-29T23:37:55.393+0000] {processor.py:183} INFO - Processing /home/airflow/.local/lib/python3.8/site-packages/airflow/example_dags/example_branch_operator.py took 0.100 seconds
[2024-10-29T23:38:25.745+0000] {processor.py:161} INFO - Started process (PID=519) to work on /home/airflow/.local/lib/python3.8/site-packages/airflow/example_dags/example_branch_operator.py
[2024-10-29T23:38:25.746+0000] {processor.py:830} INFO - Processing file /home/airflow/.local/lib/python3.8/site-packages/airflow/example_dags/example_branch_operator.py for tasks to queue
[2024-10-29T23:38:25.747+0000] {logging_mixin.py:188} INFO - [2024-10-29T23:38:25.747+0000] {dagbag.py:540} INFO - Filling up the DagBag from /home/airflow/.local/lib/python3.8/site-packages/airflow/example_dags/example_branch_operator.py
[2024-10-29T23:38:25.762+0000] {processor.py:840} INFO - DAG(s) 'example_branch_operator' retrieved from /home/airflow/.local/lib/python3.8/site-packages/airflow/example_dags/example_branch_operator.py
[2024-10-29T23:38:25.785+0000] {logging_mixin.py:188} INFO - [2024-10-29T23:38:25.785+0000] {dag.py:3047} INFO - Sync 1 DAGs
[2024-10-29T23:38:25.809+0000] {logging_mixin.py:188} INFO - [2024-10-29T23:38:25.809+0000] {dag.py:3834} INFO - Setting next_dagrun for example_branch_operator to 2024-10-28 00:00:00+00:00, run_after=2024-10-29 00:00:00+00:00
[2024-10-29T23:38:25.826+0000] {processor.py:183} INFO - Processing /home/airflow/.local/lib/python3.8/site-packages/airflow/example_dags/example_branch_operator.py took 0.083 seconds
[2024-10-29T23:38:56.472+0000] {processor.py:161} INFO - Started process (PID=575) to work on /home/airflow/.local/lib/python3.8/site-packages/airflow/example_dags/example_branch_operator.py
[2024-10-29T23:38:56.474+0000] {processor.py:830} INFO - Processing file /home/airflow/.local/lib/python3.8/site-packages/airflow/example_dags/example_branch_operator.py for tasks to queue
[2024-10-29T23:38:56.476+0000] {logging_mixin.py:188} INFO - [2024-10-29T23:38:56.475+0000] {dagbag.py:540} INFO - Filling up the DagBag from /home/airflow/.local/lib/python3.8/site-packages/airflow/example_dags/example_branch_operator.py
[2024-10-29T23:38:56.503+0000] {processor.py:840} INFO - DAG(s) 'example_branch_operator' retrieved from /home/airflow/.local/lib/python3.8/site-packages/airflow/example_dags/example_branch_operator.py
[2024-10-29T23:38:56.540+0000] {logging_mixin.py:188} INFO - [2024-10-29T23:38:56.540+0000] {dag.py:3047} INFO - Sync 1 DAGs
[2024-10-29T23:38:56.577+0000] {logging_mixin.py:188} INFO - [2024-10-29T23:38:56.576+0000] {dag.py:3834} INFO - Setting next_dagrun for example_branch_operator to 2024-10-28 00:00:00+00:00, run_after=2024-10-29 00:00:00+00:00
[2024-10-29T23:38:56.601+0000] {processor.py:183} INFO - Processing /home/airflow/.local/lib/python3.8/site-packages/airflow/example_dags/example_branch_operator.py took 0.132 seconds
[2024-10-29T23:39:27.556+0000] {processor.py:161} INFO - Started process (PID=631) to work on /home/airflow/.local/lib/python3.8/site-packages/airflow/example_dags/example_branch_operator.py
[2024-10-29T23:39:27.557+0000] {processor.py:830} INFO - Processing file /home/airflow/.local/lib/python3.8/site-packages/airflow/example_dags/example_branch_operator.py for tasks to queue
[2024-10-29T23:39:27.559+0000] {logging_mixin.py:188} INFO - [2024-10-29T23:39:27.559+0000] {dagbag.py:540} INFO - Filling up the DagBag from /home/airflow/.local/lib/python3.8/site-packages/airflow/example_dags/example_branch_operator.py
[2024-10-29T23:39:27.580+0000] {processor.py:840} INFO - DAG(s) 'example_branch_operator' retrieved from /home/airflow/.local/lib/python3.8/site-packages/airflow/example_dags/example_branch_operator.py
[2024-10-29T23:39:27.615+0000] {logging_mixin.py:188} INFO - [2024-10-29T23:39:27.615+0000] {dag.py:3047} INFO - Sync 1 DAGs
[2024-10-29T23:39:27.651+0000] {logging_mixin.py:188} INFO - [2024-10-29T23:39:27.651+0000] {dag.py:3834} INFO - Setting next_dagrun for example_branch_operator to 2024-10-28 00:00:00+00:00, run_after=2024-10-29 00:00:00+00:00
[2024-10-29T23:39:27.675+0000] {processor.py:183} INFO - Processing /home/airflow/.local/lib/python3.8/site-packages/airflow/example_dags/example_branch_operator.py took 0.122 seconds
[2024-10-29T23:39:58.162+0000] {processor.py:161} INFO - Started process (PID=687) to work on /home/airflow/.local/lib/python3.8/site-packages/airflow/example_dags/example_branch_operator.py
[2024-10-29T23:39:58.163+0000] {processor.py:830} INFO - Processing file /home/airflow/.local/lib/python3.8/site-packages/airflow/example_dags/example_branch_operator.py for tasks to queue
[2024-10-29T23:39:58.165+0000] {logging_mixin.py:188} INFO - [2024-10-29T23:39:58.164+0000] {dagbag.py:540} INFO - Filling up the DagBag from /home/airflow/.local/lib/python3.8/site-packages/airflow/example_dags/example_branch_operator.py
[2024-10-29T23:39:58.183+0000] {processor.py:840} INFO - DAG(s) 'example_branch_operator' retrieved from /home/airflow/.local/lib/python3.8/site-packages/airflow/example_dags/example_branch_operator.py
[2024-10-29T23:39:58.223+0000] {logging_mixin.py:188} INFO - [2024-10-29T23:39:58.223+0000] {dag.py:3047} INFO - Sync 1 DAGs
[2024-10-29T23:39:58.262+0000] {logging_mixin.py:188} INFO - [2024-10-29T23:39:58.261+0000] {dag.py:3834} INFO - Setting next_dagrun for example_branch_operator to 2024-10-28 00:00:00+00:00, run_after=2024-10-29 00:00:00+00:00
[2024-10-29T23:39:58.292+0000] {processor.py:183} INFO - Processing /home/airflow/.local/lib/python3.8/site-packages/airflow/example_dags/example_branch_operator.py took 0.133 seconds
[2024-10-29T23:40:28.586+0000] {processor.py:161} INFO - Started process (PID=743) to work on /home/airflow/.local/lib/python3.8/site-packages/airflow/example_dags/example_branch_operator.py
[2024-10-29T23:40:28.587+0000] {processor.py:830} INFO - Processing file /home/airflow/.local/lib/python3.8/site-packages/airflow/example_dags/example_branch_operator.py for tasks to queue
[2024-10-29T23:40:28.590+0000] {logging_mixin.py:188} INFO - [2024-10-29T23:40:28.589+0000] {dagbag.py:540} INFO - Filling up the DagBag from /home/airflow/.local/lib/python3.8/site-packages/airflow/example_dags/example_branch_operator.py
[2024-10-29T23:40:28.613+0000] {processor.py:840} INFO - DAG(s) 'example_branch_operator' retrieved from /home/airflow/.local/lib/python3.8/site-packages/airflow/example_dags/example_branch_operator.py
[2024-10-29T23:40:28.668+0000] {logging_mixin.py:188} INFO - [2024-10-29T23:40:28.668+0000] {dag.py:3047} INFO - Sync 1 DAGs
[2024-10-29T23:40:28.705+0000] {logging_mixin.py:188} INFO - [2024-10-29T23:40:28.705+0000] {dag.py:3834} INFO - Setting next_dagrun for example_branch_operator to 2024-10-28 00:00:00+00:00, run_after=2024-10-29 00:00:00+00:00
[2024-10-29T23:40:28.732+0000] {processor.py:183} INFO - Processing /home/airflow/.local/lib/python3.8/site-packages/airflow/example_dags/example_branch_operator.py took 0.149 seconds
[2024-10-29T23:40:58.978+0000] {processor.py:161} INFO - Started process (PID=798) to work on /home/airflow/.local/lib/python3.8/site-packages/airflow/example_dags/example_branch_operator.py
[2024-10-29T23:40:58.979+0000] {processor.py:830} INFO - Processing file /home/airflow/.local/lib/python3.8/site-packages/airflow/example_dags/example_branch_operator.py for tasks to queue
[2024-10-29T23:40:58.981+0000] {logging_mixin.py:188} INFO - [2024-10-29T23:40:58.981+0000] {dagbag.py:540} INFO - Filling up the DagBag from /home/airflow/.local/lib/python3.8/site-packages/airflow/example_dags/example_branch_operator.py
[2024-10-29T23:40:59.001+0000] {processor.py:840} INFO - DAG(s) 'example_branch_operator' retrieved from /home/airflow/.local/lib/python3.8/site-packages/airflow/example_dags/example_branch_operator.py
[2024-10-29T23:40:59.028+0000] {logging_mixin.py:188} INFO - [2024-10-29T23:40:59.028+0000] {dag.py:3047} INFO - Sync 1 DAGs
[2024-10-29T23:40:59.060+0000] {logging_mixin.py:188} INFO - [2024-10-29T23:40:59.059+0000] {dag.py:3834} INFO - Setting next_dagrun for example_branch_operator to 2024-10-28 00:00:00+00:00, run_after=2024-10-29 00:00:00+00:00
[2024-10-29T23:40:59.078+0000] {processor.py:183} INFO - Processing /home/airflow/.local/lib/python3.8/site-packages/airflow/example_dags/example_branch_operator.py took 0.102 seconds
[2024-10-29T23:41:30.097+0000] {processor.py:161} INFO - Started process (PID=854) to work on /home/airflow/.local/lib/python3.8/site-packages/airflow/example_dags/example_branch_operator.py
[2024-10-29T23:41:30.099+0000] {processor.py:830} INFO - Processing file /home/airflow/.local/lib/python3.8/site-packages/airflow/example_dags/example_branch_operator.py for tasks to queue
[2024-10-29T23:41:30.101+0000] {logging_mixin.py:188} INFO - [2024-10-29T23:41:30.101+0000] {dagbag.py:540} INFO - Filling up the DagBag from /home/airflow/.local/lib/python3.8/site-packages/airflow/example_dags/example_branch_operator.py
[2024-10-29T23:41:30.131+0000] {processor.py:840} INFO - DAG(s) 'example_branch_operator' retrieved from /home/airflow/.local/lib/python3.8/site-packages/airflow/example_dags/example_branch_operator.py
[2024-10-29T23:41:30.175+0000] {logging_mixin.py:188} INFO - [2024-10-29T23:41:30.175+0000] {dag.py:3047} INFO - Sync 1 DAGs
[2024-10-29T23:41:30.205+0000] {logging_mixin.py:188} INFO - [2024-10-29T23:41:30.205+0000] {dag.py:3834} INFO - Setting next_dagrun for example_branch_operator to 2024-10-28 00:00:00+00:00, run_after=2024-10-29 00:00:00+00:00
[2024-10-29T23:41:30.235+0000] {processor.py:183} INFO - Processing /home/airflow/.local/lib/python3.8/site-packages/airflow/example_dags/example_branch_operator.py took 0.142 seconds
[2024-10-29T23:42:00.766+0000] {processor.py:161} INFO - Started process (PID=916) to work on /home/airflow/.local/lib/python3.8/site-packages/airflow/example_dags/example_branch_operator.py
[2024-10-29T23:42:00.767+0000] {processor.py:830} INFO - Processing file /home/airflow/.local/lib/python3.8/site-packages/airflow/example_dags/example_branch_operator.py for tasks to queue
[2024-10-29T23:42:00.769+0000] {logging_mixin.py:188} INFO - [2024-10-29T23:42:00.769+0000] {dagbag.py:540} INFO - Filling up the DagBag from /home/airflow/.local/lib/python3.8/site-packages/airflow/example_dags/example_branch_operator.py
[2024-10-29T23:42:00.789+0000] {processor.py:840} INFO - DAG(s) 'example_branch_operator' retrieved from /home/airflow/.local/lib/python3.8/site-packages/airflow/example_dags/example_branch_operator.py
[2024-10-29T23:42:00.822+0000] {logging_mixin.py:188} INFO - [2024-10-29T23:42:00.821+0000] {dag.py:3047} INFO - Sync 1 DAGs
[2024-10-29T23:42:00.858+0000] {logging_mixin.py:188} INFO - [2024-10-29T23:42:00.858+0000] {dag.py:3834} INFO - Setting next_dagrun for example_branch_operator to 2024-10-28 00:00:00+00:00, run_after=2024-10-29 00:00:00+00:00
[2024-10-29T23:42:00.883+0000] {processor.py:183} INFO - Processing /home/airflow/.local/lib/python3.8/site-packages/airflow/example_dags/example_branch_operator.py took 0.120 seconds
[2024-10-29T23:42:31.633+0000] {processor.py:161} INFO - Started process (PID=972) to work on /home/airflow/.local/lib/python3.8/site-packages/airflow/example_dags/example_branch_operator.py
[2024-10-29T23:42:31.635+0000] {processor.py:830} INFO - Processing file /home/airflow/.local/lib/python3.8/site-packages/airflow/example_dags/example_branch_operator.py for tasks to queue
[2024-10-29T23:42:31.637+0000] {logging_mixin.py:188} INFO - [2024-10-29T23:42:31.636+0000] {dagbag.py:540} INFO - Filling up the DagBag from /home/airflow/.local/lib/python3.8/site-packages/airflow/example_dags/example_branch_operator.py
[2024-10-29T23:42:31.666+0000] {processor.py:840} INFO - DAG(s) 'example_branch_operator' retrieved from /home/airflow/.local/lib/python3.8/site-packages/airflow/example_dags/example_branch_operator.py
[2024-10-29T23:42:31.712+0000] {logging_mixin.py:188} INFO - [2024-10-29T23:42:31.711+0000] {dag.py:3047} INFO - Sync 1 DAGs
[2024-10-29T23:42:31.753+0000] {logging_mixin.py:188} INFO - [2024-10-29T23:42:31.752+0000] {dag.py:3834} INFO - Setting next_dagrun for example_branch_operator to 2024-10-28 00:00:00+00:00, run_after=2024-10-29 00:00:00+00:00
[2024-10-29T23:42:31.777+0000] {processor.py:183} INFO - Processing /home/airflow/.local/lib/python3.8/site-packages/airflow/example_dags/example_branch_operator.py took 0.149 seconds
[2024-10-29T23:43:02.525+0000] {processor.py:161} INFO - Started process (PID=1028) to work on /home/airflow/.local/lib/python3.8/site-packages/airflow/example_dags/example_branch_operator.py
[2024-10-29T23:43:02.526+0000] {processor.py:830} INFO - Processing file /home/airflow/.local/lib/python3.8/site-packages/airflow/example_dags/example_branch_operator.py for tasks to queue
[2024-10-29T23:43:02.527+0000] {logging_mixin.py:188} INFO - [2024-10-29T23:43:02.527+0000] {dagbag.py:540} INFO - Filling up the DagBag from /home/airflow/.local/lib/python3.8/site-packages/airflow/example_dags/example_branch_operator.py
[2024-10-29T23:43:02.549+0000] {processor.py:840} INFO - DAG(s) 'example_branch_operator' retrieved from /home/airflow/.local/lib/python3.8/site-packages/airflow/example_dags/example_branch_operator.py
[2024-10-29T23:43:02.585+0000] {logging_mixin.py:188} INFO - [2024-10-29T23:43:02.584+0000] {dag.py:3047} INFO - Sync 1 DAGs
[2024-10-29T23:43:02.615+0000] {logging_mixin.py:188} INFO - [2024-10-29T23:43:02.615+0000] {dag.py:3834} INFO - Setting next_dagrun for example_branch_operator to 2024-10-28 00:00:00+00:00, run_after=2024-10-29 00:00:00+00:00
[2024-10-29T23:43:02.637+0000] {processor.py:183} INFO - Processing /home/airflow/.local/lib/python3.8/site-packages/airflow/example_dags/example_branch_operator.py took 0.116 seconds
[2024-10-29T23:43:32.910+0000] {processor.py:161} INFO - Started process (PID=1084) to work on /home/airflow/.local/lib/python3.8/site-packages/airflow/example_dags/example_branch_operator.py
[2024-10-29T23:43:32.911+0000] {processor.py:830} INFO - Processing file /home/airflow/.local/lib/python3.8/site-packages/airflow/example_dags/example_branch_operator.py for tasks to queue
[2024-10-29T23:43:32.913+0000] {logging_mixin.py:188} INFO - [2024-10-29T23:43:32.913+0000] {dagbag.py:540} INFO - Filling up the DagBag from /home/airflow/.local/lib/python3.8/site-packages/airflow/example_dags/example_branch_operator.py
[2024-10-29T23:43:32.936+0000] {processor.py:840} INFO - DAG(s) 'example_branch_operator' retrieved from /home/airflow/.local/lib/python3.8/site-packages/airflow/example_dags/example_branch_operator.py
[2024-10-29T23:43:32.970+0000] {logging_mixin.py:188} INFO - [2024-10-29T23:43:32.970+0000] {dag.py:3047} INFO - Sync 1 DAGs
[2024-10-29T23:43:32.999+0000] {logging_mixin.py:188} INFO - [2024-10-29T23:43:32.999+0000] {dag.py:3834} INFO - Setting next_dagrun for example_branch_operator to 2024-10-28 00:00:00+00:00, run_after=2024-10-29 00:00:00+00:00
[2024-10-29T23:43:33.020+0000] {processor.py:183} INFO - Processing /home/airflow/.local/lib/python3.8/site-packages/airflow/example_dags/example_branch_operator.py took 0.113 seconds
[2024-10-29T23:44:03.380+0000] {processor.py:161} INFO - Started process (PID=1140) to work on /home/airflow/.local/lib/python3.8/site-packages/airflow/example_dags/example_branch_operator.py
[2024-10-29T23:44:03.381+0000] {processor.py:830} INFO - Processing file /home/airflow/.local/lib/python3.8/site-packages/airflow/example_dags/example_branch_operator.py for tasks to queue
[2024-10-29T23:44:03.382+0000] {logging_mixin.py:188} INFO - [2024-10-29T23:44:03.382+0000] {dagbag.py:540} INFO - Filling up the DagBag from /home/airflow/.local/lib/python3.8/site-packages/airflow/example_dags/example_branch_operator.py
[2024-10-29T23:44:03.398+0000] {processor.py:840} INFO - DAG(s) 'example_branch_operator' retrieved from /home/airflow/.local/lib/python3.8/site-packages/airflow/example_dags/example_branch_operator.py
[2024-10-29T23:44:03.434+0000] {logging_mixin.py:188} INFO - [2024-10-29T23:44:03.434+0000] {dag.py:3047} INFO - Sync 1 DAGs
[2024-10-29T23:44:03.475+0000] {logging_mixin.py:188} INFO - [2024-10-29T23:44:03.474+0000] {dag.py:3834} INFO - Setting next_dagrun for example_branch_operator to 2024-10-28 00:00:00+00:00, run_after=2024-10-29 00:00:00+00:00
[2024-10-29T23:44:03.505+0000] {processor.py:183} INFO - Processing /home/airflow/.local/lib/python3.8/site-packages/airflow/example_dags/example_branch_operator.py took 0.127 seconds
[2024-10-29T23:44:33.647+0000] {processor.py:161} INFO - Started process (PID=1196) to work on /home/airflow/.local/lib/python3.8/site-packages/airflow/example_dags/example_branch_operator.py
[2024-10-29T23:44:33.648+0000] {processor.py:830} INFO - Processing file /home/airflow/.local/lib/python3.8/site-packages/airflow/example_dags/example_branch_operator.py for tasks to queue
[2024-10-29T23:44:33.650+0000] {logging_mixin.py:188} INFO - [2024-10-29T23:44:33.650+0000] {dagbag.py:540} INFO - Filling up the DagBag from /home/airflow/.local/lib/python3.8/site-packages/airflow/example_dags/example_branch_operator.py
[2024-10-29T23:44:33.670+0000] {processor.py:840} INFO - DAG(s) 'example_branch_operator' retrieved from /home/airflow/.local/lib/python3.8/site-packages/airflow/example_dags/example_branch_operator.py
[2024-10-29T23:44:33.701+0000] {logging_mixin.py:188} INFO - [2024-10-29T23:44:33.700+0000] {dag.py:3047} INFO - Sync 1 DAGs
[2024-10-29T23:44:33.728+0000] {logging_mixin.py:188} INFO - [2024-10-29T23:44:33.728+0000] {dag.py:3834} INFO - Setting next_dagrun for example_branch_operator to 2024-10-28 00:00:00+00:00, run_after=2024-10-29 00:00:00+00:00
[2024-10-29T23:44:33.745+0000] {processor.py:183} INFO - Processing /home/airflow/.local/lib/python3.8/site-packages/airflow/example_dags/example_branch_operator.py took 0.102 seconds
[2024-10-29T23:45:03.895+0000] {processor.py:161} INFO - Started process (PID=1252) to work on /home/airflow/.local/lib/python3.8/site-packages/airflow/example_dags/example_branch_operator.py
[2024-10-29T23:45:03.896+0000] {processor.py:830} INFO - Processing file /home/airflow/.local/lib/python3.8/site-packages/airflow/example_dags/example_branch_operator.py for tasks to queue
[2024-10-29T23:45:03.897+0000] {logging_mixin.py:188} INFO - [2024-10-29T23:45:03.897+0000] {dagbag.py:540} INFO - Filling up the DagBag from /home/airflow/.local/lib/python3.8/site-packages/airflow/example_dags/example_branch_operator.py
[2024-10-29T23:45:03.914+0000] {processor.py:840} INFO - DAG(s) 'example_branch_operator' retrieved from /home/airflow/.local/lib/python3.8/site-packages/airflow/example_dags/example_branch_operator.py
[2024-10-29T23:45:03.941+0000] {logging_mixin.py:188} INFO - [2024-10-29T23:45:03.940+0000] {dag.py:3047} INFO - Sync 1 DAGs
[2024-10-29T23:45:03.964+0000] {logging_mixin.py:188} INFO - [2024-10-29T23:45:03.964+0000] {dag.py:3834} INFO - Setting next_dagrun for example_branch_operator to 2024-10-28 00:00:00+00:00, run_after=2024-10-29 00:00:00+00:00
[2024-10-29T23:45:03.981+0000] {processor.py:183} INFO - Processing /home/airflow/.local/lib/python3.8/site-packages/airflow/example_dags/example_branch_operator.py took 0.088 seconds
[2024-10-29T23:45:34.159+0000] {processor.py:161} INFO - Started process (PID=1308) to work on /home/airflow/.local/lib/python3.8/site-packages/airflow/example_dags/example_branch_operator.py
[2024-10-29T23:45:34.159+0000] {processor.py:830} INFO - Processing file /home/airflow/.local/lib/python3.8/site-packages/airflow/example_dags/example_branch_operator.py for tasks to queue
[2024-10-29T23:45:34.161+0000] {logging_mixin.py:188} INFO - [2024-10-29T23:45:34.161+0000] {dagbag.py:540} INFO - Filling up the DagBag from /home/airflow/.local/lib/python3.8/site-packages/airflow/example_dags/example_branch_operator.py
[2024-10-29T23:45:34.177+0000] {processor.py:840} INFO - DAG(s) 'example_branch_operator' retrieved from /home/airflow/.local/lib/python3.8/site-packages/airflow/example_dags/example_branch_operator.py
[2024-10-29T23:45:34.198+0000] {logging_mixin.py:188} INFO - [2024-10-29T23:45:34.198+0000] {dag.py:3047} INFO - Sync 1 DAGs
[2024-10-29T23:45:34.216+0000] {logging_mixin.py:188} INFO - [2024-10-29T23:45:34.216+0000] {dag.py:3834} INFO - Setting next_dagrun for example_branch_operator to 2024-10-28 00:00:00+00:00, run_after=2024-10-29 00:00:00+00:00
[2024-10-29T23:45:34.229+0000] {processor.py:183} INFO - Processing /home/airflow/.local/lib/python3.8/site-packages/airflow/example_dags/example_branch_operator.py took 0.073 seconds
[2024-10-29T23:46:04.547+0000] {processor.py:161} INFO - Started process (PID=1364) to work on /home/airflow/.local/lib/python3.8/site-packages/airflow/example_dags/example_branch_operator.py
[2024-10-29T23:46:04.548+0000] {processor.py:830} INFO - Processing file /home/airflow/.local/lib/python3.8/site-packages/airflow/example_dags/example_branch_operator.py for tasks to queue
[2024-10-29T23:46:04.550+0000] {logging_mixin.py:188} INFO - [2024-10-29T23:46:04.550+0000] {dagbag.py:540} INFO - Filling up the DagBag from /home/airflow/.local/lib/python3.8/site-packages/airflow/example_dags/example_branch_operator.py
[2024-10-29T23:46:04.573+0000] {processor.py:840} INFO - DAG(s) 'example_branch_operator' retrieved from /home/airflow/.local/lib/python3.8/site-packages/airflow/example_dags/example_branch_operator.py
[2024-10-29T23:46:04.619+0000] {logging_mixin.py:188} INFO - [2024-10-29T23:46:04.618+0000] {dag.py:3047} INFO - Sync 1 DAGs
[2024-10-29T23:46:04.657+0000] {logging_mixin.py:188} INFO - [2024-10-29T23:46:04.657+0000] {dag.py:3834} INFO - Setting next_dagrun for example_branch_operator to 2024-10-28 00:00:00+00:00, run_after=2024-10-29 00:00:00+00:00
[2024-10-29T23:46:04.681+0000] {processor.py:183} INFO - Processing /home/airflow/.local/lib/python3.8/site-packages/airflow/example_dags/example_branch_operator.py took 0.137 seconds
[2024-10-29T23:46:34.902+0000] {processor.py:161} INFO - Started process (PID=1420) to work on /home/airflow/.local/lib/python3.8/site-packages/airflow/example_dags/example_branch_operator.py
[2024-10-29T23:46:34.903+0000] {processor.py:830} INFO - Processing file /home/airflow/.local/lib/python3.8/site-packages/airflow/example_dags/example_branch_operator.py for tasks to queue
[2024-10-29T23:46:34.904+0000] {logging_mixin.py:188} INFO - [2024-10-29T23:46:34.904+0000] {dagbag.py:540} INFO - Filling up the DagBag from /home/airflow/.local/lib/python3.8/site-packages/airflow/example_dags/example_branch_operator.py
[2024-10-29T23:46:34.924+0000] {processor.py:840} INFO - DAG(s) 'example_branch_operator' retrieved from /home/airflow/.local/lib/python3.8/site-packages/airflow/example_dags/example_branch_operator.py
[2024-10-29T23:46:34.957+0000] {logging_mixin.py:188} INFO - [2024-10-29T23:46:34.957+0000] {dag.py:3047} INFO - Sync 1 DAGs
[2024-10-29T23:46:34.989+0000] {logging_mixin.py:188} INFO - [2024-10-29T23:46:34.989+0000] {dag.py:3834} INFO - Setting next_dagrun for example_branch_operator to 2024-10-28 00:00:00+00:00, run_after=2024-10-29 00:00:00+00:00
[2024-10-29T23:46:35.014+0000] {processor.py:183} INFO - Processing /home/airflow/.local/lib/python3.8/site-packages/airflow/example_dags/example_branch_operator.py took 0.115 seconds
[2024-10-29T23:47:05.162+0000] {processor.py:161} INFO - Started process (PID=1476) to work on /home/airflow/.local/lib/python3.8/site-packages/airflow/example_dags/example_branch_operator.py
[2024-10-29T23:47:05.163+0000] {processor.py:830} INFO - Processing file /home/airflow/.local/lib/python3.8/site-packages/airflow/example_dags/example_branch_operator.py for tasks to queue
[2024-10-29T23:47:05.165+0000] {logging_mixin.py:188} INFO - [2024-10-29T23:47:05.164+0000] {dagbag.py:540} INFO - Filling up the DagBag from /home/airflow/.local/lib/python3.8/site-packages/airflow/example_dags/example_branch_operator.py
[2024-10-29T23:47:05.181+0000] {processor.py:840} INFO - DAG(s) 'example_branch_operator' retrieved from /home/airflow/.local/lib/python3.8/site-packages/airflow/example_dags/example_branch_operator.py
[2024-10-29T23:47:05.206+0000] {logging_mixin.py:188} INFO - [2024-10-29T23:47:05.206+0000] {dag.py:3047} INFO - Sync 1 DAGs
[2024-10-29T23:47:05.228+0000] {logging_mixin.py:188} INFO - [2024-10-29T23:47:05.228+0000] {dag.py:3834} INFO - Setting next_dagrun for example_branch_operator to 2024-10-28 00:00:00+00:00, run_after=2024-10-29 00:00:00+00:00
[2024-10-29T23:47:05.243+0000] {processor.py:183} INFO - Processing /home/airflow/.local/lib/python3.8/site-packages/airflow/example_dags/example_branch_operator.py took 0.084 seconds
[2024-10-29T23:47:35.324+0000] {processor.py:161} INFO - Started process (PID=1532) to work on /home/airflow/.local/lib/python3.8/site-packages/airflow/example_dags/example_branch_operator.py
[2024-10-29T23:47:35.325+0000] {processor.py:830} INFO - Processing file /home/airflow/.local/lib/python3.8/site-packages/airflow/example_dags/example_branch_operator.py for tasks to queue
[2024-10-29T23:47:35.326+0000] {logging_mixin.py:188} INFO - [2024-10-29T23:47:35.326+0000] {dagbag.py:540} INFO - Filling up the DagBag from /home/airflow/.local/lib/python3.8/site-packages/airflow/example_dags/example_branch_operator.py
[2024-10-29T23:47:35.340+0000] {processor.py:840} INFO - DAG(s) 'example_branch_operator' retrieved from /home/airflow/.local/lib/python3.8/site-packages/airflow/example_dags/example_branch_operator.py
[2024-10-29T23:47:35.363+0000] {logging_mixin.py:188} INFO - [2024-10-29T23:47:35.362+0000] {dag.py:3047} INFO - Sync 1 DAGs
[2024-10-29T23:47:35.382+0000] {logging_mixin.py:188} INFO - [2024-10-29T23:47:35.382+0000] {dag.py:3834} INFO - Setting next_dagrun for example_branch_operator to 2024-10-28 00:00:00+00:00, run_after=2024-10-29 00:00:00+00:00
[2024-10-29T23:47:35.398+0000] {processor.py:183} INFO - Processing /home/airflow/.local/lib/python3.8/site-packages/airflow/example_dags/example_branch_operator.py took 0.076 seconds
[2024-10-29T23:48:06.611+0000] {processor.py:161} INFO - Started process (PID=1588) to work on /home/airflow/.local/lib/python3.8/site-packages/airflow/example_dags/example_branch_operator.py
[2024-10-29T23:48:06.612+0000] {processor.py:830} INFO - Processing file /home/airflow/.local/lib/python3.8/site-packages/airflow/example_dags/example_branch_operator.py for tasks to queue
[2024-10-29T23:48:06.614+0000] {logging_mixin.py:188} INFO - [2024-10-29T23:48:06.614+0000] {dagbag.py:540} INFO - Filling up the DagBag from /home/airflow/.local/lib/python3.8/site-packages/airflow/example_dags/example_branch_operator.py
[2024-10-29T23:48:06.633+0000] {processor.py:840} INFO - DAG(s) 'example_branch_operator' retrieved from /home/airflow/.local/lib/python3.8/site-packages/airflow/example_dags/example_branch_operator.py
[2024-10-29T23:48:06.663+0000] {logging_mixin.py:188} INFO - [2024-10-29T23:48:06.663+0000] {dag.py:3047} INFO - Sync 1 DAGs
[2024-10-29T23:48:06.701+0000] {logging_mixin.py:188} INFO - [2024-10-29T23:48:06.701+0000] {dag.py:3834} INFO - Setting next_dagrun for example_branch_operator to 2024-10-28 00:00:00+00:00, run_after=2024-10-29 00:00:00+00:00
[2024-10-29T23:48:06.723+0000] {processor.py:183} INFO - Processing /home/airflow/.local/lib/python3.8/site-packages/airflow/example_dags/example_branch_operator.py took 0.115 seconds
[2024-10-29T23:48:37.705+0000] {processor.py:161} INFO - Started process (PID=1644) to work on /home/airflow/.local/lib/python3.8/site-packages/airflow/example_dags/example_branch_operator.py
[2024-10-29T23:48:37.705+0000] {processor.py:830} INFO - Processing file /home/airflow/.local/lib/python3.8/site-packages/airflow/example_dags/example_branch_operator.py for tasks to queue
[2024-10-29T23:48:37.707+0000] {logging_mixin.py:188} INFO - [2024-10-29T23:48:37.707+0000] {dagbag.py:540} INFO - Filling up the DagBag from /home/airflow/.local/lib/python3.8/site-packages/airflow/example_dags/example_branch_operator.py
[2024-10-29T23:48:37.720+0000] {processor.py:840} INFO - DAG(s) 'example_branch_operator' retrieved from /home/airflow/.local/lib/python3.8/site-packages/airflow/example_dags/example_branch_operator.py
[2024-10-29T23:48:37.745+0000] {logging_mixin.py:188} INFO - [2024-10-29T23:48:37.744+0000] {dag.py:3047} INFO - Sync 1 DAGs
[2024-10-29T23:48:37.767+0000] {logging_mixin.py:188} INFO - [2024-10-29T23:48:37.767+0000] {dag.py:3834} INFO - Setting next_dagrun for example_branch_operator to 2024-10-28 00:00:00+00:00, run_after=2024-10-29 00:00:00+00:00
[2024-10-29T23:48:37.785+0000] {processor.py:183} INFO - Processing /home/airflow/.local/lib/python3.8/site-packages/airflow/example_dags/example_branch_operator.py took 0.083 seconds
[2024-10-29T23:49:08.288+0000] {processor.py:161} INFO - Started process (PID=1700) to work on /home/airflow/.local/lib/python3.8/site-packages/airflow/example_dags/example_branch_operator.py
[2024-10-29T23:49:08.289+0000] {processor.py:830} INFO - Processing file /home/airflow/.local/lib/python3.8/site-packages/airflow/example_dags/example_branch_operator.py for tasks to queue
[2024-10-29T23:49:08.291+0000] {logging_mixin.py:188} INFO - [2024-10-29T23:49:08.290+0000] {dagbag.py:540} INFO - Filling up the DagBag from /home/airflow/.local/lib/python3.8/site-packages/airflow/example_dags/example_branch_operator.py
[2024-10-29T23:49:08.312+0000] {processor.py:840} INFO - DAG(s) 'example_branch_operator' retrieved from /home/airflow/.local/lib/python3.8/site-packages/airflow/example_dags/example_branch_operator.py
[2024-10-29T23:49:08.342+0000] {logging_mixin.py:188} INFO - [2024-10-29T23:49:08.341+0000] {dag.py:3047} INFO - Sync 1 DAGs
[2024-10-29T23:49:08.368+0000] {logging_mixin.py:188} INFO - [2024-10-29T23:49:08.367+0000] {dag.py:3834} INFO - Setting next_dagrun for example_branch_operator to 2024-10-28 00:00:00+00:00, run_after=2024-10-29 00:00:00+00:00
[2024-10-29T23:49:08.386+0000] {processor.py:183} INFO - Processing /home/airflow/.local/lib/python3.8/site-packages/airflow/example_dags/example_branch_operator.py took 0.101 seconds
[2024-10-29T23:49:39.358+0000] {processor.py:161} INFO - Started process (PID=1756) to work on /home/airflow/.local/lib/python3.8/site-packages/airflow/example_dags/example_branch_operator.py
[2024-10-29T23:49:39.359+0000] {processor.py:830} INFO - Processing file /home/airflow/.local/lib/python3.8/site-packages/airflow/example_dags/example_branch_operator.py for tasks to queue
[2024-10-29T23:49:39.361+0000] {logging_mixin.py:188} INFO - [2024-10-29T23:49:39.361+0000] {dagbag.py:540} INFO - Filling up the DagBag from /home/airflow/.local/lib/python3.8/site-packages/airflow/example_dags/example_branch_operator.py
[2024-10-29T23:49:39.380+0000] {processor.py:840} INFO - DAG(s) 'example_branch_operator' retrieved from /home/airflow/.local/lib/python3.8/site-packages/airflow/example_dags/example_branch_operator.py
[2024-10-29T23:49:39.408+0000] {logging_mixin.py:188} INFO - [2024-10-29T23:49:39.408+0000] {dag.py:3047} INFO - Sync 1 DAGs
[2024-10-29T23:49:39.440+0000] {logging_mixin.py:188} INFO - [2024-10-29T23:49:39.440+0000] {dag.py:3834} INFO - Setting next_dagrun for example_branch_operator to 2024-10-28 00:00:00+00:00, run_after=2024-10-29 00:00:00+00:00
[2024-10-29T23:49:39.466+0000] {processor.py:183} INFO - Processing /home/airflow/.local/lib/python3.8/site-packages/airflow/example_dags/example_branch_operator.py took 0.112 seconds
[2024-10-29T23:50:09.653+0000] {processor.py:161} INFO - Started process (PID=1812) to work on /home/airflow/.local/lib/python3.8/site-packages/airflow/example_dags/example_branch_operator.py
[2024-10-29T23:50:09.654+0000] {processor.py:830} INFO - Processing file /home/airflow/.local/lib/python3.8/site-packages/airflow/example_dags/example_branch_operator.py for tasks to queue
[2024-10-29T23:50:09.656+0000] {logging_mixin.py:188} INFO - [2024-10-29T23:50:09.655+0000] {dagbag.py:540} INFO - Filling up the DagBag from /home/airflow/.local/lib/python3.8/site-packages/airflow/example_dags/example_branch_operator.py
[2024-10-29T23:50:09.677+0000] {processor.py:840} INFO - DAG(s) 'example_branch_operator' retrieved from /home/airflow/.local/lib/python3.8/site-packages/airflow/example_dags/example_branch_operator.py
[2024-10-29T23:50:09.708+0000] {logging_mixin.py:188} INFO - [2024-10-29T23:50:09.708+0000] {dag.py:3047} INFO - Sync 1 DAGs
[2024-10-29T23:50:09.736+0000] {logging_mixin.py:188} INFO - [2024-10-29T23:50:09.735+0000] {dag.py:3834} INFO - Setting next_dagrun for example_branch_operator to 2024-10-28 00:00:00+00:00, run_after=2024-10-29 00:00:00+00:00
[2024-10-29T23:50:09.755+0000] {processor.py:183} INFO - Processing /home/airflow/.local/lib/python3.8/site-packages/airflow/example_dags/example_branch_operator.py took 0.106 seconds
[2024-10-29T23:50:40.680+0000] {processor.py:161} INFO - Started process (PID=1868) to work on /home/airflow/.local/lib/python3.8/site-packages/airflow/example_dags/example_branch_operator.py
[2024-10-29T23:50:40.681+0000] {processor.py:830} INFO - Processing file /home/airflow/.local/lib/python3.8/site-packages/airflow/example_dags/example_branch_operator.py for tasks to queue
[2024-10-29T23:50:40.683+0000] {logging_mixin.py:188} INFO - [2024-10-29T23:50:40.682+0000] {dagbag.py:540} INFO - Filling up the DagBag from /home/airflow/.local/lib/python3.8/site-packages/airflow/example_dags/example_branch_operator.py
[2024-10-29T23:50:40.700+0000] {processor.py:840} INFO - DAG(s) 'example_branch_operator' retrieved from /home/airflow/.local/lib/python3.8/site-packages/airflow/example_dags/example_branch_operator.py
[2024-10-29T23:50:40.728+0000] {logging_mixin.py:188} INFO - [2024-10-29T23:50:40.727+0000] {dag.py:3047} INFO - Sync 1 DAGs
[2024-10-29T23:50:40.754+0000] {logging_mixin.py:188} INFO - [2024-10-29T23:50:40.753+0000] {dag.py:3834} INFO - Setting next_dagrun for example_branch_operator to 2024-10-28 00:00:00+00:00, run_after=2024-10-29 00:00:00+00:00
[2024-10-29T23:50:40.772+0000] {processor.py:183} INFO - Processing /home/airflow/.local/lib/python3.8/site-packages/airflow/example_dags/example_branch_operator.py took 0.094 seconds
[2024-10-29T23:51:11.584+0000] {processor.py:161} INFO - Started process (PID=1924) to work on /home/airflow/.local/lib/python3.8/site-packages/airflow/example_dags/example_branch_operator.py
[2024-10-29T23:51:11.586+0000] {processor.py:830} INFO - Processing file /home/airflow/.local/lib/python3.8/site-packages/airflow/example_dags/example_branch_operator.py for tasks to queue
[2024-10-29T23:51:11.591+0000] {logging_mixin.py:188} INFO - [2024-10-29T23:51:11.590+0000] {dagbag.py:540} INFO - Filling up the DagBag from /home/airflow/.local/lib/python3.8/site-packages/airflow/example_dags/example_branch_operator.py
[2024-10-29T23:51:11.644+0000] {processor.py:840} INFO - DAG(s) 'example_branch_operator' retrieved from /home/airflow/.local/lib/python3.8/site-packages/airflow/example_dags/example_branch_operator.py
[2024-10-29T23:51:11.706+0000] {logging_mixin.py:188} INFO - [2024-10-29T23:51:11.706+0000] {dag.py:3047} INFO - Sync 1 DAGs
[2024-10-29T23:51:11.730+0000] {logging_mixin.py:188} INFO - [2024-10-29T23:51:11.730+0000] {dag.py:3834} INFO - Setting next_dagrun for example_branch_operator to 2024-10-28 00:00:00+00:00, run_after=2024-10-29 00:00:00+00:00
[2024-10-29T23:51:11.749+0000] {processor.py:183} INFO - Processing /home/airflow/.local/lib/python3.8/site-packages/airflow/example_dags/example_branch_operator.py took 0.174 seconds
[2024-10-29T23:51:42.065+0000] {processor.py:161} INFO - Started process (PID=1979) to work on /home/airflow/.local/lib/python3.8/site-packages/airflow/example_dags/example_branch_operator.py
[2024-10-29T23:51:42.066+0000] {processor.py:830} INFO - Processing file /home/airflow/.local/lib/python3.8/site-packages/airflow/example_dags/example_branch_operator.py for tasks to queue
[2024-10-29T23:51:42.067+0000] {logging_mixin.py:188} INFO - [2024-10-29T23:51:42.067+0000] {dagbag.py:540} INFO - Filling up the DagBag from /home/airflow/.local/lib/python3.8/site-packages/airflow/example_dags/example_branch_operator.py
[2024-10-29T23:51:42.084+0000] {processor.py:840} INFO - DAG(s) 'example_branch_operator' retrieved from /home/airflow/.local/lib/python3.8/site-packages/airflow/example_dags/example_branch_operator.py
[2024-10-29T23:51:42.111+0000] {logging_mixin.py:188} INFO - [2024-10-29T23:51:42.111+0000] {dag.py:3047} INFO - Sync 1 DAGs
[2024-10-29T23:51:42.136+0000] {logging_mixin.py:188} INFO - [2024-10-29T23:51:42.136+0000] {dag.py:3834} INFO - Setting next_dagrun for example_branch_operator to 2024-10-28 00:00:00+00:00, run_after=2024-10-29 00:00:00+00:00
[2024-10-29T23:51:42.155+0000] {processor.py:183} INFO - Processing /home/airflow/.local/lib/python3.8/site-packages/airflow/example_dags/example_branch_operator.py took 0.093 seconds
[2024-10-29T23:52:12.202+0000] {processor.py:161} INFO - Started process (PID=2034) to work on /home/airflow/.local/lib/python3.8/site-packages/airflow/example_dags/example_branch_operator.py
[2024-10-29T23:52:12.208+0000] {processor.py:830} INFO - Processing file /home/airflow/.local/lib/python3.8/site-packages/airflow/example_dags/example_branch_operator.py for tasks to queue
[2024-10-29T23:52:12.211+0000] {logging_mixin.py:188} INFO - [2024-10-29T23:52:12.211+0000] {dagbag.py:540} INFO - Filling up the DagBag from /home/airflow/.local/lib/python3.8/site-packages/airflow/example_dags/example_branch_operator.py
[2024-10-29T23:52:12.230+0000] {processor.py:840} INFO - DAG(s) 'example_branch_operator' retrieved from /home/airflow/.local/lib/python3.8/site-packages/airflow/example_dags/example_branch_operator.py
[2024-10-29T23:52:12.260+0000] {logging_mixin.py:188} INFO - [2024-10-29T23:52:12.260+0000] {dag.py:3047} INFO - Sync 1 DAGs
[2024-10-29T23:52:12.287+0000] {logging_mixin.py:188} INFO - [2024-10-29T23:52:12.287+0000] {dag.py:3834} INFO - Setting next_dagrun for example_branch_operator to 2024-10-28 00:00:00+00:00, run_after=2024-10-29 00:00:00+00:00
[2024-10-29T23:52:12.308+0000] {processor.py:183} INFO - Processing /home/airflow/.local/lib/python3.8/site-packages/airflow/example_dags/example_branch_operator.py took 0.109 seconds
[2024-10-29T23:52:42.438+0000] {processor.py:161} INFO - Started process (PID=2090) to work on /home/airflow/.local/lib/python3.8/site-packages/airflow/example_dags/example_branch_operator.py
[2024-10-29T23:52:42.445+0000] {processor.py:830} INFO - Processing file /home/airflow/.local/lib/python3.8/site-packages/airflow/example_dags/example_branch_operator.py for tasks to queue
[2024-10-29T23:52:42.449+0000] {logging_mixin.py:188} INFO - [2024-10-29T23:52:42.448+0000] {dagbag.py:540} INFO - Filling up the DagBag from /home/airflow/.local/lib/python3.8/site-packages/airflow/example_dags/example_branch_operator.py
[2024-10-29T23:52:42.511+0000] {processor.py:840} INFO - DAG(s) 'example_branch_operator' retrieved from /home/airflow/.local/lib/python3.8/site-packages/airflow/example_dags/example_branch_operator.py
[2024-10-29T23:52:42.597+0000] {logging_mixin.py:188} INFO - [2024-10-29T23:52:42.597+0000] {dag.py:3047} INFO - Sync 1 DAGs
[2024-10-29T23:52:42.666+0000] {logging_mixin.py:188} INFO - [2024-10-29T23:52:42.665+0000] {dag.py:3834} INFO - Setting next_dagrun for example_branch_operator to 2024-10-28 00:00:00+00:00, run_after=2024-10-29 00:00:00+00:00
[2024-10-29T23:52:42.719+0000] {processor.py:183} INFO - Processing /home/airflow/.local/lib/python3.8/site-packages/airflow/example_dags/example_branch_operator.py took 0.288 seconds
[2024-10-29T23:53:13.169+0000] {processor.py:161} INFO - Started process (PID=2146) to work on /home/airflow/.local/lib/python3.8/site-packages/airflow/example_dags/example_branch_operator.py
[2024-10-29T23:53:13.175+0000] {processor.py:830} INFO - Processing file /home/airflow/.local/lib/python3.8/site-packages/airflow/example_dags/example_branch_operator.py for tasks to queue
[2024-10-29T23:53:13.177+0000] {logging_mixin.py:188} INFO - [2024-10-29T23:53:13.176+0000] {dagbag.py:540} INFO - Filling up the DagBag from /home/airflow/.local/lib/python3.8/site-packages/airflow/example_dags/example_branch_operator.py
[2024-10-29T23:53:13.195+0000] {processor.py:840} INFO - DAG(s) 'example_branch_operator' retrieved from /home/airflow/.local/lib/python3.8/site-packages/airflow/example_dags/example_branch_operator.py
[2024-10-29T23:53:13.224+0000] {logging_mixin.py:188} INFO - [2024-10-29T23:53:13.224+0000] {dag.py:3047} INFO - Sync 1 DAGs
[2024-10-29T23:53:13.250+0000] {logging_mixin.py:188} INFO - [2024-10-29T23:53:13.249+0000] {dag.py:3834} INFO - Setting next_dagrun for example_branch_operator to 2024-10-28 00:00:00+00:00, run_after=2024-10-29 00:00:00+00:00
[2024-10-29T23:53:13.271+0000] {processor.py:183} INFO - Processing /home/airflow/.local/lib/python3.8/site-packages/airflow/example_dags/example_branch_operator.py took 0.105 seconds
[2024-10-29T23:53:43.303+0000] {processor.py:161} INFO - Started process (PID=2202) to work on /home/airflow/.local/lib/python3.8/site-packages/airflow/example_dags/example_branch_operator.py
[2024-10-29T23:53:43.309+0000] {processor.py:830} INFO - Processing file /home/airflow/.local/lib/python3.8/site-packages/airflow/example_dags/example_branch_operator.py for tasks to queue
[2024-10-29T23:53:43.311+0000] {logging_mixin.py:188} INFO - [2024-10-29T23:53:43.311+0000] {dagbag.py:540} INFO - Filling up the DagBag from /home/airflow/.local/lib/python3.8/site-packages/airflow/example_dags/example_branch_operator.py
[2024-10-29T23:53:43.342+0000] {processor.py:840} INFO - DAG(s) 'example_branch_operator' retrieved from /home/airflow/.local/lib/python3.8/site-packages/airflow/example_dags/example_branch_operator.py
[2024-10-29T23:53:43.386+0000] {logging_mixin.py:188} INFO - [2024-10-29T23:53:43.386+0000] {dag.py:3047} INFO - Sync 1 DAGs
[2024-10-29T23:53:43.429+0000] {logging_mixin.py:188} INFO - [2024-10-29T23:53:43.428+0000] {dag.py:3834} INFO - Setting next_dagrun for example_branch_operator to 2024-10-28 00:00:00+00:00, run_after=2024-10-29 00:00:00+00:00
[2024-10-29T23:53:43.461+0000] {processor.py:183} INFO - Processing /home/airflow/.local/lib/python3.8/site-packages/airflow/example_dags/example_branch_operator.py took 0.163 seconds
[2024-10-29T23:54:13.776+0000] {processor.py:161} INFO - Started process (PID=2258) to work on /home/airflow/.local/lib/python3.8/site-packages/airflow/example_dags/example_branch_operator.py
[2024-10-29T23:54:13.783+0000] {processor.py:830} INFO - Processing file /home/airflow/.local/lib/python3.8/site-packages/airflow/example_dags/example_branch_operator.py for tasks to queue
[2024-10-29T23:54:13.787+0000] {logging_mixin.py:188} INFO - [2024-10-29T23:54:13.787+0000] {dagbag.py:540} INFO - Filling up the DagBag from /home/airflow/.local/lib/python3.8/site-packages/airflow/example_dags/example_branch_operator.py
[2024-10-29T23:54:13.843+0000] {processor.py:840} INFO - DAG(s) 'example_branch_operator' retrieved from /home/airflow/.local/lib/python3.8/site-packages/airflow/example_dags/example_branch_operator.py
[2024-10-29T23:54:13.896+0000] {logging_mixin.py:188} INFO - [2024-10-29T23:54:13.896+0000] {dag.py:3047} INFO - Sync 1 DAGs
[2024-10-29T23:54:13.923+0000] {logging_mixin.py:188} INFO - [2024-10-29T23:54:13.923+0000] {dag.py:3834} INFO - Setting next_dagrun for example_branch_operator to 2024-10-28 00:00:00+00:00, run_after=2024-10-29 00:00:00+00:00
[2024-10-29T23:54:13.943+0000] {processor.py:183} INFO - Processing /home/airflow/.local/lib/python3.8/site-packages/airflow/example_dags/example_branch_operator.py took 0.175 seconds
[2024-10-29T23:54:44.446+0000] {processor.py:161} INFO - Started process (PID=2314) to work on /home/airflow/.local/lib/python3.8/site-packages/airflow/example_dags/example_branch_operator.py
[2024-10-29T23:54:44.454+0000] {processor.py:830} INFO - Processing file /home/airflow/.local/lib/python3.8/site-packages/airflow/example_dags/example_branch_operator.py for tasks to queue
[2024-10-29T23:54:44.459+0000] {logging_mixin.py:188} INFO - [2024-10-29T23:54:44.458+0000] {dagbag.py:540} INFO - Filling up the DagBag from /home/airflow/.local/lib/python3.8/site-packages/airflow/example_dags/example_branch_operator.py
[2024-10-29T23:54:44.519+0000] {processor.py:840} INFO - DAG(s) 'example_branch_operator' retrieved from /home/airflow/.local/lib/python3.8/site-packages/airflow/example_dags/example_branch_operator.py
[2024-10-29T23:54:44.618+0000] {logging_mixin.py:188} INFO - [2024-10-29T23:54:44.617+0000] {dag.py:3047} INFO - Sync 1 DAGs
[2024-10-29T23:54:44.695+0000] {logging_mixin.py:188} INFO - [2024-10-29T23:54:44.694+0000] {dag.py:3834} INFO - Setting next_dagrun for example_branch_operator to 2024-10-28 00:00:00+00:00, run_after=2024-10-29 00:00:00+00:00
[2024-10-29T23:54:44.727+0000] {processor.py:183} INFO - Processing /home/airflow/.local/lib/python3.8/site-packages/airflow/example_dags/example_branch_operator.py took 0.289 seconds
[2024-10-29T23:55:14.914+0000] {processor.py:161} INFO - Started process (PID=2370) to work on /home/airflow/.local/lib/python3.8/site-packages/airflow/example_dags/example_branch_operator.py
[2024-10-29T23:55:14.920+0000] {processor.py:830} INFO - Processing file /home/airflow/.local/lib/python3.8/site-packages/airflow/example_dags/example_branch_operator.py for tasks to queue
[2024-10-29T23:55:14.922+0000] {logging_mixin.py:188} INFO - [2024-10-29T23:55:14.922+0000] {dagbag.py:540} INFO - Filling up the DagBag from /home/airflow/.local/lib/python3.8/site-packages/airflow/example_dags/example_branch_operator.py
[2024-10-29T23:55:14.937+0000] {processor.py:840} INFO - DAG(s) 'example_branch_operator' retrieved from /home/airflow/.local/lib/python3.8/site-packages/airflow/example_dags/example_branch_operator.py
[2024-10-29T23:55:14.962+0000] {logging_mixin.py:188} INFO - [2024-10-29T23:55:14.962+0000] {dag.py:3047} INFO - Sync 1 DAGs
[2024-10-29T23:55:14.983+0000] {logging_mixin.py:188} INFO - [2024-10-29T23:55:14.983+0000] {dag.py:3834} INFO - Setting next_dagrun for example_branch_operator to 2024-10-28 00:00:00+00:00, run_after=2024-10-29 00:00:00+00:00
[2024-10-29T23:55:14.999+0000] {processor.py:183} INFO - Processing /home/airflow/.local/lib/python3.8/site-packages/airflow/example_dags/example_branch_operator.py took 0.087 seconds
[2024-10-29T23:55:45.160+0000] {processor.py:161} INFO - Started process (PID=2426) to work on /home/airflow/.local/lib/python3.8/site-packages/airflow/example_dags/example_branch_operator.py
[2024-10-29T23:55:45.165+0000] {processor.py:830} INFO - Processing file /home/airflow/.local/lib/python3.8/site-packages/airflow/example_dags/example_branch_operator.py for tasks to queue
[2024-10-29T23:55:45.168+0000] {logging_mixin.py:188} INFO - [2024-10-29T23:55:45.167+0000] {dagbag.py:540} INFO - Filling up the DagBag from /home/airflow/.local/lib/python3.8/site-packages/airflow/example_dags/example_branch_operator.py
[2024-10-29T23:55:45.188+0000] {processor.py:840} INFO - DAG(s) 'example_branch_operator' retrieved from /home/airflow/.local/lib/python3.8/site-packages/airflow/example_dags/example_branch_operator.py
[2024-10-29T23:55:45.218+0000] {logging_mixin.py:188} INFO - [2024-10-29T23:55:45.218+0000] {dag.py:3047} INFO - Sync 1 DAGs
[2024-10-29T23:55:45.247+0000] {logging_mixin.py:188} INFO - [2024-10-29T23:55:45.246+0000] {dag.py:3834} INFO - Setting next_dagrun for example_branch_operator to 2024-10-28 00:00:00+00:00, run_after=2024-10-29 00:00:00+00:00
[2024-10-29T23:55:45.268+0000] {processor.py:183} INFO - Processing /home/airflow/.local/lib/python3.8/site-packages/airflow/example_dags/example_branch_operator.py took 0.111 seconds
[2024-10-29T23:56:16.177+0000] {processor.py:161} INFO - Started process (PID=2482) to work on /home/airflow/.local/lib/python3.8/site-packages/airflow/example_dags/example_branch_operator.py
[2024-10-29T23:56:16.182+0000] {processor.py:830} INFO - Processing file /home/airflow/.local/lib/python3.8/site-packages/airflow/example_dags/example_branch_operator.py for tasks to queue
[2024-10-29T23:56:16.184+0000] {logging_mixin.py:188} INFO - [2024-10-29T23:56:16.184+0000] {dagbag.py:540} INFO - Filling up the DagBag from /home/airflow/.local/lib/python3.8/site-packages/airflow/example_dags/example_branch_operator.py
[2024-10-29T23:56:16.201+0000] {processor.py:840} INFO - DAG(s) 'example_branch_operator' retrieved from /home/airflow/.local/lib/python3.8/site-packages/airflow/example_dags/example_branch_operator.py
[2024-10-29T23:56:16.228+0000] {logging_mixin.py:188} INFO - [2024-10-29T23:56:16.228+0000] {dag.py:3047} INFO - Sync 1 DAGs
[2024-10-29T23:56:16.249+0000] {logging_mixin.py:188} INFO - [2024-10-29T23:56:16.249+0000] {dag.py:3834} INFO - Setting next_dagrun for example_branch_operator to 2024-10-28 00:00:00+00:00, run_after=2024-10-29 00:00:00+00:00
[2024-10-29T23:56:16.266+0000] {processor.py:183} INFO - Processing /home/airflow/.local/lib/python3.8/site-packages/airflow/example_dags/example_branch_operator.py took 0.092 seconds
[2024-10-29T23:56:46.596+0000] {processor.py:161} INFO - Started process (PID=2538) to work on /home/airflow/.local/lib/python3.8/site-packages/airflow/example_dags/example_branch_operator.py
[2024-10-29T23:56:46.597+0000] {processor.py:830} INFO - Processing file /home/airflow/.local/lib/python3.8/site-packages/airflow/example_dags/example_branch_operator.py for tasks to queue
[2024-10-29T23:56:46.599+0000] {logging_mixin.py:188} INFO - [2024-10-29T23:56:46.599+0000] {dagbag.py:540} INFO - Filling up the DagBag from /home/airflow/.local/lib/python3.8/site-packages/airflow/example_dags/example_branch_operator.py
[2024-10-29T23:56:46.619+0000] {processor.py:840} INFO - DAG(s) 'example_branch_operator' retrieved from /home/airflow/.local/lib/python3.8/site-packages/airflow/example_dags/example_branch_operator.py
[2024-10-29T23:56:46.644+0000] {logging_mixin.py:188} INFO - [2024-10-29T23:56:46.644+0000] {dag.py:3047} INFO - Sync 1 DAGs
[2024-10-29T23:56:46.666+0000] {logging_mixin.py:188} INFO - [2024-10-29T23:56:46.665+0000] {dag.py:3834} INFO - Setting next_dagrun for example_branch_operator to 2024-10-28 00:00:00+00:00, run_after=2024-10-29 00:00:00+00:00
[2024-10-29T23:56:46.683+0000] {processor.py:183} INFO - Processing /home/airflow/.local/lib/python3.8/site-packages/airflow/example_dags/example_branch_operator.py took 0.091 seconds
[2024-10-29T23:57:17.220+0000] {processor.py:161} INFO - Started process (PID=2594) to work on /home/airflow/.local/lib/python3.8/site-packages/airflow/example_dags/example_branch_operator.py
[2024-10-29T23:57:17.223+0000] {processor.py:830} INFO - Processing file /home/airflow/.local/lib/python3.8/site-packages/airflow/example_dags/example_branch_operator.py for tasks to queue
[2024-10-29T23:57:17.225+0000] {logging_mixin.py:188} INFO - [2024-10-29T23:57:17.225+0000] {dagbag.py:540} INFO - Filling up the DagBag from /home/airflow/.local/lib/python3.8/site-packages/airflow/example_dags/example_branch_operator.py
[2024-10-29T23:57:17.283+0000] {processor.py:840} INFO - DAG(s) 'example_branch_operator' retrieved from /home/airflow/.local/lib/python3.8/site-packages/airflow/example_dags/example_branch_operator.py
[2024-10-29T23:57:17.363+0000] {logging_mixin.py:188} INFO - [2024-10-29T23:57:17.363+0000] {dag.py:3047} INFO - Sync 1 DAGs
[2024-10-29T23:57:17.407+0000] {logging_mixin.py:188} INFO - [2024-10-29T23:57:17.407+0000] {dag.py:3834} INFO - Setting next_dagrun for example_branch_operator to 2024-10-28 00:00:00+00:00, run_after=2024-10-29 00:00:00+00:00
[2024-10-29T23:57:17.438+0000] {processor.py:183} INFO - Processing /home/airflow/.local/lib/python3.8/site-packages/airflow/example_dags/example_branch_operator.py took 0.222 seconds
[2024-10-29T23:57:47.548+0000] {processor.py:161} INFO - Started process (PID=2650) to work on /home/airflow/.local/lib/python3.8/site-packages/airflow/example_dags/example_branch_operator.py
[2024-10-29T23:57:47.552+0000] {processor.py:830} INFO - Processing file /home/airflow/.local/lib/python3.8/site-packages/airflow/example_dags/example_branch_operator.py for tasks to queue
[2024-10-29T23:57:47.555+0000] {logging_mixin.py:188} INFO - [2024-10-29T23:57:47.555+0000] {dagbag.py:540} INFO - Filling up the DagBag from /home/airflow/.local/lib/python3.8/site-packages/airflow/example_dags/example_branch_operator.py
[2024-10-29T23:57:47.587+0000] {processor.py:840} INFO - DAG(s) 'example_branch_operator' retrieved from /home/airflow/.local/lib/python3.8/site-packages/airflow/example_dags/example_branch_operator.py
[2024-10-29T23:57:47.633+0000] {logging_mixin.py:188} INFO - [2024-10-29T23:57:47.632+0000] {dag.py:3047} INFO - Sync 1 DAGs
[2024-10-29T23:57:47.671+0000] {logging_mixin.py:188} INFO - [2024-10-29T23:57:47.670+0000] {dag.py:3834} INFO - Setting next_dagrun for example_branch_operator to 2024-10-28 00:00:00+00:00, run_after=2024-10-29 00:00:00+00:00
[2024-10-29T23:57:47.695+0000] {processor.py:183} INFO - Processing /home/airflow/.local/lib/python3.8/site-packages/airflow/example_dags/example_branch_operator.py took 0.150 seconds
[2024-10-29T23:58:18.380+0000] {processor.py:161} INFO - Started process (PID=2706) to work on /home/airflow/.local/lib/python3.8/site-packages/airflow/example_dags/example_branch_operator.py
[2024-10-29T23:58:18.381+0000] {processor.py:830} INFO - Processing file /home/airflow/.local/lib/python3.8/site-packages/airflow/example_dags/example_branch_operator.py for tasks to queue
[2024-10-29T23:58:18.383+0000] {logging_mixin.py:188} INFO - [2024-10-29T23:58:18.383+0000] {dagbag.py:540} INFO - Filling up the DagBag from /home/airflow/.local/lib/python3.8/site-packages/airflow/example_dags/example_branch_operator.py
[2024-10-29T23:58:18.401+0000] {processor.py:840} INFO - DAG(s) 'example_branch_operator' retrieved from /home/airflow/.local/lib/python3.8/site-packages/airflow/example_dags/example_branch_operator.py
[2024-10-29T23:58:18.431+0000] {logging_mixin.py:188} INFO - [2024-10-29T23:58:18.431+0000] {dag.py:3047} INFO - Sync 1 DAGs
[2024-10-29T23:58:18.459+0000] {logging_mixin.py:188} INFO - [2024-10-29T23:58:18.459+0000] {dag.py:3834} INFO - Setting next_dagrun for example_branch_operator to 2024-10-28 00:00:00+00:00, run_after=2024-10-29 00:00:00+00:00
[2024-10-29T23:58:18.481+0000] {processor.py:183} INFO - Processing /home/airflow/.local/lib/python3.8/site-packages/airflow/example_dags/example_branch_operator.py took 0.103 seconds
[2024-10-29T23:58:49.452+0000] {processor.py:161} INFO - Started process (PID=2762) to work on /home/airflow/.local/lib/python3.8/site-packages/airflow/example_dags/example_branch_operator.py
[2024-10-29T23:58:49.459+0000] {processor.py:830} INFO - Processing file /home/airflow/.local/lib/python3.8/site-packages/airflow/example_dags/example_branch_operator.py for tasks to queue
[2024-10-29T23:58:49.464+0000] {logging_mixin.py:188} INFO - [2024-10-29T23:58:49.463+0000] {dagbag.py:540} INFO - Filling up the DagBag from /home/airflow/.local/lib/python3.8/site-packages/airflow/example_dags/example_branch_operator.py
[2024-10-29T23:58:49.518+0000] {processor.py:840} INFO - DAG(s) 'example_branch_operator' retrieved from /home/airflow/.local/lib/python3.8/site-packages/airflow/example_dags/example_branch_operator.py
[2024-10-29T23:58:49.600+0000] {logging_mixin.py:188} INFO - [2024-10-29T23:58:49.599+0000] {dag.py:3047} INFO - Sync 1 DAGs
[2024-10-29T23:58:49.646+0000] {logging_mixin.py:188} INFO - [2024-10-29T23:58:49.645+0000] {dag.py:3834} INFO - Setting next_dagrun for example_branch_operator to 2024-10-28 00:00:00+00:00, run_after=2024-10-29 00:00:00+00:00
[2024-10-29T23:58:49.662+0000] {processor.py:183} INFO - Processing /home/airflow/.local/lib/python3.8/site-packages/airflow/example_dags/example_branch_operator.py took 0.218 seconds
[2024-10-29T23:59:19.895+0000] {processor.py:161} INFO - Started process (PID=2818) to work on /home/airflow/.local/lib/python3.8/site-packages/airflow/example_dags/example_branch_operator.py
[2024-10-29T23:59:19.901+0000] {processor.py:830} INFO - Processing file /home/airflow/.local/lib/python3.8/site-packages/airflow/example_dags/example_branch_operator.py for tasks to queue
[2024-10-29T23:59:19.903+0000] {logging_mixin.py:188} INFO - [2024-10-29T23:59:19.903+0000] {dagbag.py:540} INFO - Filling up the DagBag from /home/airflow/.local/lib/python3.8/site-packages/airflow/example_dags/example_branch_operator.py
[2024-10-29T23:59:19.927+0000] {processor.py:840} INFO - DAG(s) 'example_branch_operator' retrieved from /home/airflow/.local/lib/python3.8/site-packages/airflow/example_dags/example_branch_operator.py
[2024-10-29T23:59:19.962+0000] {logging_mixin.py:188} INFO - [2024-10-29T23:59:19.962+0000] {dag.py:3047} INFO - Sync 1 DAGs
[2024-10-29T23:59:19.990+0000] {logging_mixin.py:188} INFO - [2024-10-29T23:59:19.990+0000] {dag.py:3834} INFO - Setting next_dagrun for example_branch_operator to 2024-10-28 00:00:00+00:00, run_after=2024-10-29 00:00:00+00:00
[2024-10-29T23:59:20.010+0000] {processor.py:183} INFO - Processing /home/airflow/.local/lib/python3.8/site-packages/airflow/example_dags/example_branch_operator.py took 0.118 seconds
[2024-10-29T23:59:50.071+0000] {processor.py:161} INFO - Started process (PID=2874) to work on /home/airflow/.local/lib/python3.8/site-packages/airflow/example_dags/example_branch_operator.py
[2024-10-29T23:59:50.078+0000] {processor.py:830} INFO - Processing file /home/airflow/.local/lib/python3.8/site-packages/airflow/example_dags/example_branch_operator.py for tasks to queue
[2024-10-29T23:59:50.080+0000] {logging_mixin.py:188} INFO - [2024-10-29T23:59:50.080+0000] {dagbag.py:540} INFO - Filling up the DagBag from /home/airflow/.local/lib/python3.8/site-packages/airflow/example_dags/example_branch_operator.py
[2024-10-29T23:59:50.111+0000] {processor.py:840} INFO - DAG(s) 'example_branch_operator' retrieved from /home/airflow/.local/lib/python3.8/site-packages/airflow/example_dags/example_branch_operator.py
[2024-10-29T23:59:50.152+0000] {logging_mixin.py:188} INFO - [2024-10-29T23:59:50.152+0000] {dag.py:3047} INFO - Sync 1 DAGs
[2024-10-29T23:59:50.182+0000] {logging_mixin.py:188} INFO - [2024-10-29T23:59:50.182+0000] {dag.py:3834} INFO - Setting next_dagrun for example_branch_operator to 2024-10-28 00:00:00+00:00, run_after=2024-10-29 00:00:00+00:00
[2024-10-29T23:59:50.205+0000] {processor.py:183} INFO - Processing /home/airflow/.local/lib/python3.8/site-packages/airflow/example_dags/example_branch_operator.py took 0.139 seconds
