[2024-10-29T23:27:23.528+0000] {processor.py:161} INFO - Started process (PID=16657) to work on /home/airflow/.local/lib/python3.8/site-packages/airflow/example_dags/example_python_decorator.py
[2024-10-29T23:27:23.530+0000] {processor.py:830} INFO - Processing file /home/airflow/.local/lib/python3.8/site-packages/airflow/example_dags/example_python_decorator.py for tasks to queue
[2024-10-29T23:27:23.533+0000] {logging_mixin.py:188} INFO - [2024-10-29T23:27:23.533+0000] {dagbag.py:540} INFO - Filling up the DagBag from /home/airflow/.local/lib/python3.8/site-packages/airflow/example_dags/example_python_decorator.py
[2024-10-29T23:27:23.553+0000] {processor.py:840} INFO - DAG(s) 'example_python_decorator' retrieved from /home/airflow/.local/lib/python3.8/site-packages/airflow/example_dags/example_python_decorator.py
[2024-10-29T23:27:23.575+0000] {logging_mixin.py:188} INFO - [2024-10-29T23:27:23.575+0000] {dag.py:3047} INFO - Sync 1 DAGs
[2024-10-29T23:27:23.587+0000] {logging_mixin.py:188} INFO - [2024-10-29T23:27:23.587+0000] {dag.py:3834} INFO - Setting next_dagrun for example_python_decorator to None, run_after=None
[2024-10-29T23:27:23.623+0000] {processor.py:183} INFO - Processing /home/airflow/.local/lib/python3.8/site-packages/airflow/example_dags/example_python_decorator.py took 0.105 seconds
[2024-10-29T23:27:54.018+0000] {processor.py:161} INFO - Started process (PID=16713) to work on /home/airflow/.local/lib/python3.8/site-packages/airflow/example_dags/example_python_decorator.py
[2024-10-29T23:27:54.018+0000] {processor.py:830} INFO - Processing file /home/airflow/.local/lib/python3.8/site-packages/airflow/example_dags/example_python_decorator.py for tasks to queue
[2024-10-29T23:27:54.020+0000] {logging_mixin.py:188} INFO - [2024-10-29T23:27:54.019+0000] {dagbag.py:540} INFO - Filling up the DagBag from /home/airflow/.local/lib/python3.8/site-packages/airflow/example_dags/example_python_decorator.py
[2024-10-29T23:27:54.031+0000] {processor.py:840} INFO - DAG(s) 'example_python_decorator' retrieved from /home/airflow/.local/lib/python3.8/site-packages/airflow/example_dags/example_python_decorator.py
[2024-10-29T23:27:54.050+0000] {logging_mixin.py:188} INFO - [2024-10-29T23:27:54.050+0000] {dag.py:3047} INFO - Sync 1 DAGs
[2024-10-29T23:27:54.061+0000] {logging_mixin.py:188} INFO - [2024-10-29T23:27:54.061+0000] {dag.py:3834} INFO - Setting next_dagrun for example_python_decorator to None, run_after=None
[2024-10-29T23:27:54.083+0000] {processor.py:183} INFO - Processing /home/airflow/.local/lib/python3.8/site-packages/airflow/example_dags/example_python_decorator.py took 0.068 seconds
[2024-10-29T23:28:24.856+0000] {processor.py:161} INFO - Started process (PID=16769) to work on /home/airflow/.local/lib/python3.8/site-packages/airflow/example_dags/example_python_decorator.py
[2024-10-29T23:28:24.857+0000] {processor.py:830} INFO - Processing file /home/airflow/.local/lib/python3.8/site-packages/airflow/example_dags/example_python_decorator.py for tasks to queue
[2024-10-29T23:28:24.859+0000] {logging_mixin.py:188} INFO - [2024-10-29T23:28:24.858+0000] {dagbag.py:540} INFO - Filling up the DagBag from /home/airflow/.local/lib/python3.8/site-packages/airflow/example_dags/example_python_decorator.py
[2024-10-29T23:28:24.875+0000] {processor.py:840} INFO - DAG(s) 'example_python_decorator' retrieved from /home/airflow/.local/lib/python3.8/site-packages/airflow/example_dags/example_python_decorator.py
[2024-10-29T23:28:24.906+0000] {logging_mixin.py:188} INFO - [2024-10-29T23:28:24.905+0000] {dag.py:3047} INFO - Sync 1 DAGs
[2024-10-29T23:28:24.926+0000] {logging_mixin.py:188} INFO - [2024-10-29T23:28:24.925+0000] {dag.py:3834} INFO - Setting next_dagrun for example_python_decorator to None, run_after=None
[2024-10-29T23:28:24.950+0000] {processor.py:183} INFO - Processing /home/airflow/.local/lib/python3.8/site-packages/airflow/example_dags/example_python_decorator.py took 0.097 seconds
[2024-10-29T23:28:55.742+0000] {processor.py:161} INFO - Started process (PID=16825) to work on /home/airflow/.local/lib/python3.8/site-packages/airflow/example_dags/example_python_decorator.py
[2024-10-29T23:28:55.743+0000] {processor.py:830} INFO - Processing file /home/airflow/.local/lib/python3.8/site-packages/airflow/example_dags/example_python_decorator.py for tasks to queue
[2024-10-29T23:28:55.744+0000] {logging_mixin.py:188} INFO - [2024-10-29T23:28:55.744+0000] {dagbag.py:540} INFO - Filling up the DagBag from /home/airflow/.local/lib/python3.8/site-packages/airflow/example_dags/example_python_decorator.py
[2024-10-29T23:28:55.754+0000] {processor.py:840} INFO - DAG(s) 'example_python_decorator' retrieved from /home/airflow/.local/lib/python3.8/site-packages/airflow/example_dags/example_python_decorator.py
[2024-10-29T23:28:55.770+0000] {logging_mixin.py:188} INFO - [2024-10-29T23:28:55.769+0000] {dag.py:3047} INFO - Sync 1 DAGs
[2024-10-29T23:28:55.779+0000] {logging_mixin.py:188} INFO - [2024-10-29T23:28:55.779+0000] {dag.py:3834} INFO - Setting next_dagrun for example_python_decorator to None, run_after=None
[2024-10-29T23:28:55.792+0000] {processor.py:183} INFO - Processing /home/airflow/.local/lib/python3.8/site-packages/airflow/example_dags/example_python_decorator.py took 0.053 seconds
[2024-10-29T23:29:26.926+0000] {processor.py:161} INFO - Started process (PID=16881) to work on /home/airflow/.local/lib/python3.8/site-packages/airflow/example_dags/example_python_decorator.py
[2024-10-29T23:29:26.927+0000] {processor.py:830} INFO - Processing file /home/airflow/.local/lib/python3.8/site-packages/airflow/example_dags/example_python_decorator.py for tasks to queue
[2024-10-29T23:29:26.928+0000] {logging_mixin.py:188} INFO - [2024-10-29T23:29:26.928+0000] {dagbag.py:540} INFO - Filling up the DagBag from /home/airflow/.local/lib/python3.8/site-packages/airflow/example_dags/example_python_decorator.py
[2024-10-29T23:29:26.940+0000] {processor.py:840} INFO - DAG(s) 'example_python_decorator' retrieved from /home/airflow/.local/lib/python3.8/site-packages/airflow/example_dags/example_python_decorator.py
[2024-10-29T23:29:26.960+0000] {logging_mixin.py:188} INFO - [2024-10-29T23:29:26.960+0000] {dag.py:3047} INFO - Sync 1 DAGs
[2024-10-29T23:29:26.972+0000] {logging_mixin.py:188} INFO - [2024-10-29T23:29:26.972+0000] {dag.py:3834} INFO - Setting next_dagrun for example_python_decorator to None, run_after=None
[2024-10-29T23:29:26.990+0000] {processor.py:183} INFO - Processing /home/airflow/.local/lib/python3.8/site-packages/airflow/example_dags/example_python_decorator.py took 0.067 seconds
[2024-10-29T23:29:57.064+0000] {processor.py:161} INFO - Started process (PID=16937) to work on /home/airflow/.local/lib/python3.8/site-packages/airflow/example_dags/example_python_decorator.py
[2024-10-29T23:29:57.064+0000] {processor.py:830} INFO - Processing file /home/airflow/.local/lib/python3.8/site-packages/airflow/example_dags/example_python_decorator.py for tasks to queue
[2024-10-29T23:29:57.066+0000] {logging_mixin.py:188} INFO - [2024-10-29T23:29:57.066+0000] {dagbag.py:540} INFO - Filling up the DagBag from /home/airflow/.local/lib/python3.8/site-packages/airflow/example_dags/example_python_decorator.py
[2024-10-29T23:29:57.079+0000] {processor.py:840} INFO - DAG(s) 'example_python_decorator' retrieved from /home/airflow/.local/lib/python3.8/site-packages/airflow/example_dags/example_python_decorator.py
[2024-10-29T23:29:57.101+0000] {logging_mixin.py:188} INFO - [2024-10-29T23:29:57.101+0000] {dag.py:3047} INFO - Sync 1 DAGs
[2024-10-29T23:29:57.113+0000] {logging_mixin.py:188} INFO - [2024-10-29T23:29:57.113+0000] {dag.py:3834} INFO - Setting next_dagrun for example_python_decorator to None, run_after=None
[2024-10-29T23:29:57.131+0000] {processor.py:183} INFO - Processing /home/airflow/.local/lib/python3.8/site-packages/airflow/example_dags/example_python_decorator.py took 0.070 seconds
[2024-10-29T23:30:27.618+0000] {processor.py:161} INFO - Started process (PID=16993) to work on /home/airflow/.local/lib/python3.8/site-packages/airflow/example_dags/example_python_decorator.py
[2024-10-29T23:30:27.618+0000] {processor.py:830} INFO - Processing file /home/airflow/.local/lib/python3.8/site-packages/airflow/example_dags/example_python_decorator.py for tasks to queue
[2024-10-29T23:30:27.620+0000] {logging_mixin.py:188} INFO - [2024-10-29T23:30:27.619+0000] {dagbag.py:540} INFO - Filling up the DagBag from /home/airflow/.local/lib/python3.8/site-packages/airflow/example_dags/example_python_decorator.py
[2024-10-29T23:30:27.631+0000] {processor.py:840} INFO - DAG(s) 'example_python_decorator' retrieved from /home/airflow/.local/lib/python3.8/site-packages/airflow/example_dags/example_python_decorator.py
[2024-10-29T23:30:27.649+0000] {logging_mixin.py:188} INFO - [2024-10-29T23:30:27.649+0000] {dag.py:3047} INFO - Sync 1 DAGs
[2024-10-29T23:30:27.662+0000] {logging_mixin.py:188} INFO - [2024-10-29T23:30:27.662+0000] {dag.py:3834} INFO - Setting next_dagrun for example_python_decorator to None, run_after=None
[2024-10-29T23:30:27.678+0000] {processor.py:183} INFO - Processing /home/airflow/.local/lib/python3.8/site-packages/airflow/example_dags/example_python_decorator.py took 0.062 seconds
[2024-10-29T23:30:58.476+0000] {processor.py:161} INFO - Started process (PID=17048) to work on /home/airflow/.local/lib/python3.8/site-packages/airflow/example_dags/example_python_decorator.py
[2024-10-29T23:30:58.477+0000] {processor.py:830} INFO - Processing file /home/airflow/.local/lib/python3.8/site-packages/airflow/example_dags/example_python_decorator.py for tasks to queue
[2024-10-29T23:30:58.479+0000] {logging_mixin.py:188} INFO - [2024-10-29T23:30:58.478+0000] {dagbag.py:540} INFO - Filling up the DagBag from /home/airflow/.local/lib/python3.8/site-packages/airflow/example_dags/example_python_decorator.py
[2024-10-29T23:30:58.491+0000] {processor.py:840} INFO - DAG(s) 'example_python_decorator' retrieved from /home/airflow/.local/lib/python3.8/site-packages/airflow/example_dags/example_python_decorator.py
[2024-10-29T23:30:58.512+0000] {logging_mixin.py:188} INFO - [2024-10-29T23:30:58.511+0000] {dag.py:3047} INFO - Sync 1 DAGs
[2024-10-29T23:30:58.525+0000] {logging_mixin.py:188} INFO - [2024-10-29T23:30:58.525+0000] {dag.py:3834} INFO - Setting next_dagrun for example_python_decorator to None, run_after=None
[2024-10-29T23:30:58.543+0000] {processor.py:183} INFO - Processing /home/airflow/.local/lib/python3.8/site-packages/airflow/example_dags/example_python_decorator.py took 0.070 seconds
[2024-10-29T23:31:29.403+0000] {processor.py:161} INFO - Started process (PID=17104) to work on /home/airflow/.local/lib/python3.8/site-packages/airflow/example_dags/example_python_decorator.py
[2024-10-29T23:31:29.404+0000] {processor.py:830} INFO - Processing file /home/airflow/.local/lib/python3.8/site-packages/airflow/example_dags/example_python_decorator.py for tasks to queue
[2024-10-29T23:31:29.406+0000] {logging_mixin.py:188} INFO - [2024-10-29T23:31:29.406+0000] {dagbag.py:540} INFO - Filling up the DagBag from /home/airflow/.local/lib/python3.8/site-packages/airflow/example_dags/example_python_decorator.py
[2024-10-29T23:31:29.419+0000] {processor.py:840} INFO - DAG(s) 'example_python_decorator' retrieved from /home/airflow/.local/lib/python3.8/site-packages/airflow/example_dags/example_python_decorator.py
[2024-10-29T23:31:29.444+0000] {logging_mixin.py:188} INFO - [2024-10-29T23:31:29.444+0000] {dag.py:3047} INFO - Sync 1 DAGs
[2024-10-29T23:31:29.461+0000] {logging_mixin.py:188} INFO - [2024-10-29T23:31:29.461+0000] {dag.py:3834} INFO - Setting next_dagrun for example_python_decorator to None, run_after=None
[2024-10-29T23:31:29.611+0000] {processor.py:183} INFO - Processing /home/airflow/.local/lib/python3.8/site-packages/airflow/example_dags/example_python_decorator.py took 0.211 seconds
[2024-10-29T23:31:59.777+0000] {processor.py:161} INFO - Started process (PID=17160) to work on /home/airflow/.local/lib/python3.8/site-packages/airflow/example_dags/example_python_decorator.py
[2024-10-29T23:31:59.778+0000] {processor.py:830} INFO - Processing file /home/airflow/.local/lib/python3.8/site-packages/airflow/example_dags/example_python_decorator.py for tasks to queue
[2024-10-29T23:31:59.779+0000] {logging_mixin.py:188} INFO - [2024-10-29T23:31:59.779+0000] {dagbag.py:540} INFO - Filling up the DagBag from /home/airflow/.local/lib/python3.8/site-packages/airflow/example_dags/example_python_decorator.py
[2024-10-29T23:31:59.792+0000] {processor.py:840} INFO - DAG(s) 'example_python_decorator' retrieved from /home/airflow/.local/lib/python3.8/site-packages/airflow/example_dags/example_python_decorator.py
[2024-10-29T23:31:59.815+0000] {logging_mixin.py:188} INFO - [2024-10-29T23:31:59.815+0000] {dag.py:3047} INFO - Sync 1 DAGs
[2024-10-29T23:31:59.829+0000] {logging_mixin.py:188} INFO - [2024-10-29T23:31:59.828+0000] {dag.py:3834} INFO - Setting next_dagrun for example_python_decorator to None, run_after=None
[2024-10-29T23:31:59.949+0000] {processor.py:183} INFO - Processing /home/airflow/.local/lib/python3.8/site-packages/airflow/example_dags/example_python_decorator.py took 0.175 seconds
[2024-10-29T23:32:31.733+0000] {processor.py:161} INFO - Started process (PID=17215) to work on /home/airflow/.local/lib/python3.8/site-packages/airflow/example_dags/example_python_decorator.py
[2024-10-29T23:32:31.734+0000] {processor.py:830} INFO - Processing file /home/airflow/.local/lib/python3.8/site-packages/airflow/example_dags/example_python_decorator.py for tasks to queue
[2024-10-29T23:32:31.736+0000] {logging_mixin.py:188} INFO - [2024-10-29T23:32:31.735+0000] {dagbag.py:540} INFO - Filling up the DagBag from /home/airflow/.local/lib/python3.8/site-packages/airflow/example_dags/example_python_decorator.py
[2024-10-29T23:32:31.750+0000] {processor.py:840} INFO - DAG(s) 'example_python_decorator' retrieved from /home/airflow/.local/lib/python3.8/site-packages/airflow/example_dags/example_python_decorator.py
[2024-10-29T23:32:31.772+0000] {logging_mixin.py:188} INFO - [2024-10-29T23:32:31.772+0000] {dag.py:3047} INFO - Sync 1 DAGs
[2024-10-29T23:32:31.893+0000] {logging_mixin.py:188} INFO - [2024-10-29T23:32:31.893+0000] {dag.py:3834} INFO - Setting next_dagrun for example_python_decorator to None, run_after=None
[2024-10-29T23:32:31.910+0000] {processor.py:183} INFO - Processing /home/airflow/.local/lib/python3.8/site-packages/airflow/example_dags/example_python_decorator.py took 0.180 seconds
[2024-10-29T23:33:02.301+0000] {processor.py:161} INFO - Started process (PID=17271) to work on /home/airflow/.local/lib/python3.8/site-packages/airflow/example_dags/example_python_decorator.py
[2024-10-29T23:33:02.302+0000] {processor.py:830} INFO - Processing file /home/airflow/.local/lib/python3.8/site-packages/airflow/example_dags/example_python_decorator.py for tasks to queue
[2024-10-29T23:33:02.303+0000] {logging_mixin.py:188} INFO - [2024-10-29T23:33:02.303+0000] {dagbag.py:540} INFO - Filling up the DagBag from /home/airflow/.local/lib/python3.8/site-packages/airflow/example_dags/example_python_decorator.py
[2024-10-29T23:33:02.315+0000] {processor.py:840} INFO - DAG(s) 'example_python_decorator' retrieved from /home/airflow/.local/lib/python3.8/site-packages/airflow/example_dags/example_python_decorator.py
[2024-10-29T23:33:02.335+0000] {logging_mixin.py:188} INFO - [2024-10-29T23:33:02.335+0000] {dag.py:3047} INFO - Sync 1 DAGs
[2024-10-29T23:33:02.460+0000] {logging_mixin.py:188} INFO - [2024-10-29T23:33:02.460+0000] {dag.py:3834} INFO - Setting next_dagrun for example_python_decorator to None, run_after=None
[2024-10-29T23:33:02.477+0000] {processor.py:183} INFO - Processing /home/airflow/.local/lib/python3.8/site-packages/airflow/example_dags/example_python_decorator.py took 0.178 seconds
[2024-10-29T23:34:18.707+0000] {processor.py:161} INFO - Started process (PID=70) to work on /home/airflow/.local/lib/python3.8/site-packages/airflow/example_dags/example_python_decorator.py
[2024-10-29T23:34:18.710+0000] {processor.py:830} INFO - Processing file /home/airflow/.local/lib/python3.8/site-packages/airflow/example_dags/example_python_decorator.py for tasks to queue
[2024-10-29T23:34:18.714+0000] {logging_mixin.py:188} INFO - [2024-10-29T23:34:18.713+0000] {dagbag.py:540} INFO - Filling up the DagBag from /home/airflow/.local/lib/python3.8/site-packages/airflow/example_dags/example_python_decorator.py
[2024-10-29T23:34:18.745+0000] {processor.py:840} INFO - DAG(s) 'example_python_decorator' retrieved from /home/airflow/.local/lib/python3.8/site-packages/airflow/example_dags/example_python_decorator.py
[2024-10-29T23:34:18.762+0000] {logging_mixin.py:188} INFO - [2024-10-29T23:34:18.762+0000] {dag.py:3047} INFO - Sync 1 DAGs
[2024-10-29T23:34:18.785+0000] {logging_mixin.py:188} INFO - [2024-10-29T23:34:18.784+0000] {dag.py:3834} INFO - Setting next_dagrun for example_python_decorator to None, run_after=None
[2024-10-29T23:34:18.813+0000] {processor.py:183} INFO - Processing /home/airflow/.local/lib/python3.8/site-packages/airflow/example_dags/example_python_decorator.py took 0.115 seconds
[2024-10-29T23:34:51.212+0000] {processor.py:161} INFO - Started process (PID=126) to work on /home/airflow/.local/lib/python3.8/site-packages/airflow/example_dags/example_python_decorator.py
[2024-10-29T23:34:51.213+0000] {processor.py:830} INFO - Processing file /home/airflow/.local/lib/python3.8/site-packages/airflow/example_dags/example_python_decorator.py for tasks to queue
[2024-10-29T23:34:51.215+0000] {logging_mixin.py:188} INFO - [2024-10-29T23:34:51.215+0000] {dagbag.py:540} INFO - Filling up the DagBag from /home/airflow/.local/lib/python3.8/site-packages/airflow/example_dags/example_python_decorator.py
[2024-10-29T23:34:51.230+0000] {processor.py:840} INFO - DAG(s) 'example_python_decorator' retrieved from /home/airflow/.local/lib/python3.8/site-packages/airflow/example_dags/example_python_decorator.py
[2024-10-29T23:34:51.382+0000] {logging_mixin.py:188} INFO - [2024-10-29T23:34:51.382+0000] {dag.py:3047} INFO - Sync 1 DAGs
[2024-10-29T23:34:51.397+0000] {logging_mixin.py:188} INFO - [2024-10-29T23:34:51.397+0000] {dag.py:3834} INFO - Setting next_dagrun for example_python_decorator to None, run_after=None
[2024-10-29T23:34:51.421+0000] {processor.py:183} INFO - Processing /home/airflow/.local/lib/python3.8/site-packages/airflow/example_dags/example_python_decorator.py took 0.212 seconds
[2024-10-29T23:35:21.970+0000] {processor.py:161} INFO - Started process (PID=182) to work on /home/airflow/.local/lib/python3.8/site-packages/airflow/example_dags/example_python_decorator.py
[2024-10-29T23:35:21.971+0000] {processor.py:830} INFO - Processing file /home/airflow/.local/lib/python3.8/site-packages/airflow/example_dags/example_python_decorator.py for tasks to queue
[2024-10-29T23:35:21.973+0000] {logging_mixin.py:188} INFO - [2024-10-29T23:35:21.972+0000] {dagbag.py:540} INFO - Filling up the DagBag from /home/airflow/.local/lib/python3.8/site-packages/airflow/example_dags/example_python_decorator.py
[2024-10-29T23:35:21.986+0000] {processor.py:840} INFO - DAG(s) 'example_python_decorator' retrieved from /home/airflow/.local/lib/python3.8/site-packages/airflow/example_dags/example_python_decorator.py
[2024-10-29T23:35:22.015+0000] {logging_mixin.py:188} INFO - [2024-10-29T23:35:22.015+0000] {dag.py:3047} INFO - Sync 1 DAGs
[2024-10-29T23:35:22.035+0000] {logging_mixin.py:188} INFO - [2024-10-29T23:35:22.035+0000] {dag.py:3834} INFO - Setting next_dagrun for example_python_decorator to None, run_after=None
[2024-10-29T23:35:22.067+0000] {processor.py:183} INFO - Processing /home/airflow/.local/lib/python3.8/site-packages/airflow/example_dags/example_python_decorator.py took 0.100 seconds
[2024-10-29T23:35:52.265+0000] {processor.py:161} INFO - Started process (PID=238) to work on /home/airflow/.local/lib/python3.8/site-packages/airflow/example_dags/example_python_decorator.py
[2024-10-29T23:35:52.266+0000] {processor.py:830} INFO - Processing file /home/airflow/.local/lib/python3.8/site-packages/airflow/example_dags/example_python_decorator.py for tasks to queue
[2024-10-29T23:35:52.267+0000] {logging_mixin.py:188} INFO - [2024-10-29T23:35:52.267+0000] {dagbag.py:540} INFO - Filling up the DagBag from /home/airflow/.local/lib/python3.8/site-packages/airflow/example_dags/example_python_decorator.py
[2024-10-29T23:35:52.278+0000] {processor.py:840} INFO - DAG(s) 'example_python_decorator' retrieved from /home/airflow/.local/lib/python3.8/site-packages/airflow/example_dags/example_python_decorator.py
[2024-10-29T23:35:52.296+0000] {logging_mixin.py:188} INFO - [2024-10-29T23:35:52.296+0000] {dag.py:3047} INFO - Sync 1 DAGs
[2024-10-29T23:35:52.307+0000] {logging_mixin.py:188} INFO - [2024-10-29T23:35:52.306+0000] {dag.py:3834} INFO - Setting next_dagrun for example_python_decorator to None, run_after=None
[2024-10-29T23:35:52.322+0000] {processor.py:183} INFO - Processing /home/airflow/.local/lib/python3.8/site-packages/airflow/example_dags/example_python_decorator.py took 0.059 seconds
[2024-10-29T23:36:23.251+0000] {processor.py:161} INFO - Started process (PID=294) to work on /home/airflow/.local/lib/python3.8/site-packages/airflow/example_dags/example_python_decorator.py
[2024-10-29T23:36:23.251+0000] {processor.py:830} INFO - Processing file /home/airflow/.local/lib/python3.8/site-packages/airflow/example_dags/example_python_decorator.py for tasks to queue
[2024-10-29T23:36:23.253+0000] {logging_mixin.py:188} INFO - [2024-10-29T23:36:23.253+0000] {dagbag.py:540} INFO - Filling up the DagBag from /home/airflow/.local/lib/python3.8/site-packages/airflow/example_dags/example_python_decorator.py
[2024-10-29T23:36:23.265+0000] {processor.py:840} INFO - DAG(s) 'example_python_decorator' retrieved from /home/airflow/.local/lib/python3.8/site-packages/airflow/example_dags/example_python_decorator.py
[2024-10-29T23:36:23.285+0000] {logging_mixin.py:188} INFO - [2024-10-29T23:36:23.285+0000] {dag.py:3047} INFO - Sync 1 DAGs
[2024-10-29T23:36:23.298+0000] {logging_mixin.py:188} INFO - [2024-10-29T23:36:23.298+0000] {dag.py:3834} INFO - Setting next_dagrun for example_python_decorator to None, run_after=None
[2024-10-29T23:36:23.316+0000] {processor.py:183} INFO - Processing /home/airflow/.local/lib/python3.8/site-packages/airflow/example_dags/example_python_decorator.py took 0.069 seconds
[2024-10-29T23:36:54.022+0000] {processor.py:161} INFO - Started process (PID=350) to work on /home/airflow/.local/lib/python3.8/site-packages/airflow/example_dags/example_python_decorator.py
[2024-10-29T23:36:54.023+0000] {processor.py:830} INFO - Processing file /home/airflow/.local/lib/python3.8/site-packages/airflow/example_dags/example_python_decorator.py for tasks to queue
[2024-10-29T23:36:54.025+0000] {logging_mixin.py:188} INFO - [2024-10-29T23:36:54.025+0000] {dagbag.py:540} INFO - Filling up the DagBag from /home/airflow/.local/lib/python3.8/site-packages/airflow/example_dags/example_python_decorator.py
[2024-10-29T23:36:54.036+0000] {processor.py:840} INFO - DAG(s) 'example_python_decorator' retrieved from /home/airflow/.local/lib/python3.8/site-packages/airflow/example_dags/example_python_decorator.py
[2024-10-29T23:36:54.054+0000] {logging_mixin.py:188} INFO - [2024-10-29T23:36:54.054+0000] {dag.py:3047} INFO - Sync 1 DAGs
[2024-10-29T23:36:54.067+0000] {logging_mixin.py:188} INFO - [2024-10-29T23:36:54.067+0000] {dag.py:3834} INFO - Setting next_dagrun for example_python_decorator to None, run_after=None
[2024-10-29T23:36:54.085+0000] {processor.py:183} INFO - Processing /home/airflow/.local/lib/python3.8/site-packages/airflow/example_dags/example_python_decorator.py took 0.066 seconds
[2024-10-29T23:37:24.330+0000] {processor.py:161} INFO - Started process (PID=406) to work on /home/airflow/.local/lib/python3.8/site-packages/airflow/example_dags/example_python_decorator.py
[2024-10-29T23:37:24.331+0000] {processor.py:830} INFO - Processing file /home/airflow/.local/lib/python3.8/site-packages/airflow/example_dags/example_python_decorator.py for tasks to queue
[2024-10-29T23:37:24.333+0000] {logging_mixin.py:188} INFO - [2024-10-29T23:37:24.332+0000] {dagbag.py:540} INFO - Filling up the DagBag from /home/airflow/.local/lib/python3.8/site-packages/airflow/example_dags/example_python_decorator.py
[2024-10-29T23:37:24.343+0000] {processor.py:840} INFO - DAG(s) 'example_python_decorator' retrieved from /home/airflow/.local/lib/python3.8/site-packages/airflow/example_dags/example_python_decorator.py
[2024-10-29T23:37:24.362+0000] {logging_mixin.py:188} INFO - [2024-10-29T23:37:24.361+0000] {dag.py:3047} INFO - Sync 1 DAGs
[2024-10-29T23:37:24.374+0000] {logging_mixin.py:188} INFO - [2024-10-29T23:37:24.373+0000] {dag.py:3834} INFO - Setting next_dagrun for example_python_decorator to None, run_after=None
[2024-10-29T23:37:24.391+0000] {processor.py:183} INFO - Processing /home/airflow/.local/lib/python3.8/site-packages/airflow/example_dags/example_python_decorator.py took 0.064 seconds
[2024-10-29T23:37:55.199+0000] {processor.py:161} INFO - Started process (PID=462) to work on /home/airflow/.local/lib/python3.8/site-packages/airflow/example_dags/example_python_decorator.py
[2024-10-29T23:37:55.200+0000] {processor.py:830} INFO - Processing file /home/airflow/.local/lib/python3.8/site-packages/airflow/example_dags/example_python_decorator.py for tasks to queue
[2024-10-29T23:37:55.202+0000] {logging_mixin.py:188} INFO - [2024-10-29T23:37:55.201+0000] {dagbag.py:540} INFO - Filling up the DagBag from /home/airflow/.local/lib/python3.8/site-packages/airflow/example_dags/example_python_decorator.py
[2024-10-29T23:37:55.218+0000] {processor.py:840} INFO - DAG(s) 'example_python_decorator' retrieved from /home/airflow/.local/lib/python3.8/site-packages/airflow/example_dags/example_python_decorator.py
[2024-10-29T23:37:55.241+0000] {logging_mixin.py:188} INFO - [2024-10-29T23:37:55.241+0000] {dag.py:3047} INFO - Sync 1 DAGs
[2024-10-29T23:37:55.257+0000] {logging_mixin.py:188} INFO - [2024-10-29T23:37:55.257+0000] {dag.py:3834} INFO - Setting next_dagrun for example_python_decorator to None, run_after=None
[2024-10-29T23:37:55.276+0000] {processor.py:183} INFO - Processing /home/airflow/.local/lib/python3.8/site-packages/airflow/example_dags/example_python_decorator.py took 0.080 seconds
[2024-10-29T23:38:25.737+0000] {processor.py:161} INFO - Started process (PID=518) to work on /home/airflow/.local/lib/python3.8/site-packages/airflow/example_dags/example_python_decorator.py
[2024-10-29T23:38:25.738+0000] {processor.py:830} INFO - Processing file /home/airflow/.local/lib/python3.8/site-packages/airflow/example_dags/example_python_decorator.py for tasks to queue
[2024-10-29T23:38:25.739+0000] {logging_mixin.py:188} INFO - [2024-10-29T23:38:25.739+0000] {dagbag.py:540} INFO - Filling up the DagBag from /home/airflow/.local/lib/python3.8/site-packages/airflow/example_dags/example_python_decorator.py
[2024-10-29T23:38:25.750+0000] {processor.py:840} INFO - DAG(s) 'example_python_decorator' retrieved from /home/airflow/.local/lib/python3.8/site-packages/airflow/example_dags/example_python_decorator.py
[2024-10-29T23:38:25.768+0000] {logging_mixin.py:188} INFO - [2024-10-29T23:38:25.768+0000] {dag.py:3047} INFO - Sync 1 DAGs
[2024-10-29T23:38:25.779+0000] {logging_mixin.py:188} INFO - [2024-10-29T23:38:25.779+0000] {dag.py:3834} INFO - Setting next_dagrun for example_python_decorator to None, run_after=None
[2024-10-29T23:38:25.796+0000] {processor.py:183} INFO - Processing /home/airflow/.local/lib/python3.8/site-packages/airflow/example_dags/example_python_decorator.py took 0.061 seconds
[2024-10-29T23:38:56.387+0000] {processor.py:161} INFO - Started process (PID=574) to work on /home/airflow/.local/lib/python3.8/site-packages/airflow/example_dags/example_python_decorator.py
[2024-10-29T23:38:56.389+0000] {processor.py:830} INFO - Processing file /home/airflow/.local/lib/python3.8/site-packages/airflow/example_dags/example_python_decorator.py for tasks to queue
[2024-10-29T23:38:56.391+0000] {logging_mixin.py:188} INFO - [2024-10-29T23:38:56.391+0000] {dagbag.py:540} INFO - Filling up the DagBag from /home/airflow/.local/lib/python3.8/site-packages/airflow/example_dags/example_python_decorator.py
[2024-10-29T23:38:56.414+0000] {processor.py:840} INFO - DAG(s) 'example_python_decorator' retrieved from /home/airflow/.local/lib/python3.8/site-packages/airflow/example_dags/example_python_decorator.py
[2024-10-29T23:38:56.448+0000] {logging_mixin.py:188} INFO - [2024-10-29T23:38:56.448+0000] {dag.py:3047} INFO - Sync 1 DAGs
[2024-10-29T23:38:56.474+0000] {logging_mixin.py:188} INFO - [2024-10-29T23:38:56.473+0000] {dag.py:3834} INFO - Setting next_dagrun for example_python_decorator to None, run_after=None
[2024-10-29T23:38:56.504+0000] {processor.py:183} INFO - Processing /home/airflow/.local/lib/python3.8/site-packages/airflow/example_dags/example_python_decorator.py took 0.122 seconds
[2024-10-29T23:39:27.541+0000] {processor.py:161} INFO - Started process (PID=630) to work on /home/airflow/.local/lib/python3.8/site-packages/airflow/example_dags/example_python_decorator.py
[2024-10-29T23:39:27.542+0000] {processor.py:830} INFO - Processing file /home/airflow/.local/lib/python3.8/site-packages/airflow/example_dags/example_python_decorator.py for tasks to queue
[2024-10-29T23:39:27.544+0000] {logging_mixin.py:188} INFO - [2024-10-29T23:39:27.544+0000] {dagbag.py:540} INFO - Filling up the DagBag from /home/airflow/.local/lib/python3.8/site-packages/airflow/example_dags/example_python_decorator.py
[2024-10-29T23:39:27.561+0000] {processor.py:840} INFO - DAG(s) 'example_python_decorator' retrieved from /home/airflow/.local/lib/python3.8/site-packages/airflow/example_dags/example_python_decorator.py
[2024-10-29T23:39:27.586+0000] {logging_mixin.py:188} INFO - [2024-10-29T23:39:27.586+0000] {dag.py:3047} INFO - Sync 1 DAGs
[2024-10-29T23:39:27.602+0000] {logging_mixin.py:188} INFO - [2024-10-29T23:39:27.601+0000] {dag.py:3834} INFO - Setting next_dagrun for example_python_decorator to None, run_after=None
[2024-10-29T23:39:27.628+0000] {processor.py:183} INFO - Processing /home/airflow/.local/lib/python3.8/site-packages/airflow/example_dags/example_python_decorator.py took 0.091 seconds
[2024-10-29T23:39:58.096+0000] {processor.py:161} INFO - Started process (PID=686) to work on /home/airflow/.local/lib/python3.8/site-packages/airflow/example_dags/example_python_decorator.py
[2024-10-29T23:39:58.097+0000] {processor.py:830} INFO - Processing file /home/airflow/.local/lib/python3.8/site-packages/airflow/example_dags/example_python_decorator.py for tasks to queue
[2024-10-29T23:39:58.099+0000] {logging_mixin.py:188} INFO - [2024-10-29T23:39:58.098+0000] {dagbag.py:540} INFO - Filling up the DagBag from /home/airflow/.local/lib/python3.8/site-packages/airflow/example_dags/example_python_decorator.py
[2024-10-29T23:39:58.112+0000] {processor.py:840} INFO - DAG(s) 'example_python_decorator' retrieved from /home/airflow/.local/lib/python3.8/site-packages/airflow/example_dags/example_python_decorator.py
[2024-10-29T23:39:58.134+0000] {logging_mixin.py:188} INFO - [2024-10-29T23:39:58.134+0000] {dag.py:3047} INFO - Sync 1 DAGs
[2024-10-29T23:39:58.146+0000] {logging_mixin.py:188} INFO - [2024-10-29T23:39:58.146+0000] {dag.py:3834} INFO - Setting next_dagrun for example_python_decorator to None, run_after=None
[2024-10-29T23:39:58.166+0000] {processor.py:183} INFO - Processing /home/airflow/.local/lib/python3.8/site-packages/airflow/example_dags/example_python_decorator.py took 0.073 seconds
[2024-10-29T23:40:28.485+0000] {processor.py:161} INFO - Started process (PID=742) to work on /home/airflow/.local/lib/python3.8/site-packages/airflow/example_dags/example_python_decorator.py
[2024-10-29T23:40:28.487+0000] {processor.py:830} INFO - Processing file /home/airflow/.local/lib/python3.8/site-packages/airflow/example_dags/example_python_decorator.py for tasks to queue
[2024-10-29T23:40:28.490+0000] {logging_mixin.py:188} INFO - [2024-10-29T23:40:28.489+0000] {dagbag.py:540} INFO - Filling up the DagBag from /home/airflow/.local/lib/python3.8/site-packages/airflow/example_dags/example_python_decorator.py
[2024-10-29T23:40:28.507+0000] {processor.py:840} INFO - DAG(s) 'example_python_decorator' retrieved from /home/airflow/.local/lib/python3.8/site-packages/airflow/example_dags/example_python_decorator.py
[2024-10-29T23:40:28.544+0000] {logging_mixin.py:188} INFO - [2024-10-29T23:40:28.543+0000] {dag.py:3047} INFO - Sync 1 DAGs
[2024-10-29T23:40:28.568+0000] {logging_mixin.py:188} INFO - [2024-10-29T23:40:28.567+0000] {dag.py:3834} INFO - Setting next_dagrun for example_python_decorator to None, run_after=None
[2024-10-29T23:40:28.601+0000] {processor.py:183} INFO - Processing /home/airflow/.local/lib/python3.8/site-packages/airflow/example_dags/example_python_decorator.py took 0.119 seconds
[2024-10-29T23:40:58.930+0000] {processor.py:161} INFO - Started process (PID=797) to work on /home/airflow/.local/lib/python3.8/site-packages/airflow/example_dags/example_python_decorator.py
[2024-10-29T23:40:58.931+0000] {processor.py:830} INFO - Processing file /home/airflow/.local/lib/python3.8/site-packages/airflow/example_dags/example_python_decorator.py for tasks to queue
[2024-10-29T23:40:58.933+0000] {logging_mixin.py:188} INFO - [2024-10-29T23:40:58.933+0000] {dagbag.py:540} INFO - Filling up the DagBag from /home/airflow/.local/lib/python3.8/site-packages/airflow/example_dags/example_python_decorator.py
[2024-10-29T23:40:58.948+0000] {processor.py:840} INFO - DAG(s) 'example_python_decorator' retrieved from /home/airflow/.local/lib/python3.8/site-packages/airflow/example_dags/example_python_decorator.py
[2024-10-29T23:40:58.971+0000] {logging_mixin.py:188} INFO - [2024-10-29T23:40:58.971+0000] {dag.py:3047} INFO - Sync 1 DAGs
[2024-10-29T23:40:58.983+0000] {logging_mixin.py:188} INFO - [2024-10-29T23:40:58.983+0000] {dag.py:3834} INFO - Setting next_dagrun for example_python_decorator to None, run_after=None
[2024-10-29T23:40:59.008+0000] {processor.py:183} INFO - Processing /home/airflow/.local/lib/python3.8/site-packages/airflow/example_dags/example_python_decorator.py took 0.081 seconds
[2024-10-29T23:41:30.017+0000] {processor.py:161} INFO - Started process (PID=853) to work on /home/airflow/.local/lib/python3.8/site-packages/airflow/example_dags/example_python_decorator.py
[2024-10-29T23:41:30.019+0000] {processor.py:830} INFO - Processing file /home/airflow/.local/lib/python3.8/site-packages/airflow/example_dags/example_python_decorator.py for tasks to queue
[2024-10-29T23:41:30.021+0000] {logging_mixin.py:188} INFO - [2024-10-29T23:41:30.021+0000] {dagbag.py:540} INFO - Filling up the DagBag from /home/airflow/.local/lib/python3.8/site-packages/airflow/example_dags/example_python_decorator.py
[2024-10-29T23:41:30.045+0000] {processor.py:840} INFO - DAG(s) 'example_python_decorator' retrieved from /home/airflow/.local/lib/python3.8/site-packages/airflow/example_dags/example_python_decorator.py
[2024-10-29T23:41:30.086+0000] {logging_mixin.py:188} INFO - [2024-10-29T23:41:30.085+0000] {dag.py:3047} INFO - Sync 1 DAGs
[2024-10-29T23:41:30.107+0000] {logging_mixin.py:188} INFO - [2024-10-29T23:41:30.107+0000] {dag.py:3834} INFO - Setting next_dagrun for example_python_decorator to None, run_after=None
[2024-10-29T23:41:30.137+0000] {processor.py:183} INFO - Processing /home/airflow/.local/lib/python3.8/site-packages/airflow/example_dags/example_python_decorator.py took 0.125 seconds
[2024-10-29T23:42:00.696+0000] {processor.py:161} INFO - Started process (PID=915) to work on /home/airflow/.local/lib/python3.8/site-packages/airflow/example_dags/example_python_decorator.py
[2024-10-29T23:42:00.697+0000] {processor.py:830} INFO - Processing file /home/airflow/.local/lib/python3.8/site-packages/airflow/example_dags/example_python_decorator.py for tasks to queue
[2024-10-29T23:42:00.699+0000] {logging_mixin.py:188} INFO - [2024-10-29T23:42:00.698+0000] {dagbag.py:540} INFO - Filling up the DagBag from /home/airflow/.local/lib/python3.8/site-packages/airflow/example_dags/example_python_decorator.py
[2024-10-29T23:42:00.717+0000] {processor.py:840} INFO - DAG(s) 'example_python_decorator' retrieved from /home/airflow/.local/lib/python3.8/site-packages/airflow/example_dags/example_python_decorator.py
[2024-10-29T23:42:00.741+0000] {logging_mixin.py:188} INFO - [2024-10-29T23:42:00.741+0000] {dag.py:3047} INFO - Sync 1 DAGs
[2024-10-29T23:42:00.757+0000] {logging_mixin.py:188} INFO - [2024-10-29T23:42:00.756+0000] {dag.py:3834} INFO - Setting next_dagrun for example_python_decorator to None, run_after=None
[2024-10-29T23:42:00.777+0000] {processor.py:183} INFO - Processing /home/airflow/.local/lib/python3.8/site-packages/airflow/example_dags/example_python_decorator.py took 0.085 seconds
[2024-10-29T23:42:31.561+0000] {processor.py:161} INFO - Started process (PID=971) to work on /home/airflow/.local/lib/python3.8/site-packages/airflow/example_dags/example_python_decorator.py
[2024-10-29T23:42:31.562+0000] {processor.py:830} INFO - Processing file /home/airflow/.local/lib/python3.8/site-packages/airflow/example_dags/example_python_decorator.py for tasks to queue
[2024-10-29T23:42:31.564+0000] {logging_mixin.py:188} INFO - [2024-10-29T23:42:31.564+0000] {dagbag.py:540} INFO - Filling up the DagBag from /home/airflow/.local/lib/python3.8/site-packages/airflow/example_dags/example_python_decorator.py
[2024-10-29T23:42:31.578+0000] {processor.py:840} INFO - DAG(s) 'example_python_decorator' retrieved from /home/airflow/.local/lib/python3.8/site-packages/airflow/example_dags/example_python_decorator.py
[2024-10-29T23:42:31.609+0000] {logging_mixin.py:188} INFO - [2024-10-29T23:42:31.609+0000] {dag.py:3047} INFO - Sync 1 DAGs
[2024-10-29T23:42:31.629+0000] {logging_mixin.py:188} INFO - [2024-10-29T23:42:31.629+0000] {dag.py:3834} INFO - Setting next_dagrun for example_python_decorator to None, run_after=None
[2024-10-29T23:42:31.659+0000] {processor.py:183} INFO - Processing /home/airflow/.local/lib/python3.8/site-packages/airflow/example_dags/example_python_decorator.py took 0.101 seconds
[2024-10-29T23:43:02.440+0000] {processor.py:161} INFO - Started process (PID=1027) to work on /home/airflow/.local/lib/python3.8/site-packages/airflow/example_dags/example_python_decorator.py
[2024-10-29T23:43:02.441+0000] {processor.py:830} INFO - Processing file /home/airflow/.local/lib/python3.8/site-packages/airflow/example_dags/example_python_decorator.py for tasks to queue
[2024-10-29T23:43:02.442+0000] {logging_mixin.py:188} INFO - [2024-10-29T23:43:02.442+0000] {dagbag.py:540} INFO - Filling up the DagBag from /home/airflow/.local/lib/python3.8/site-packages/airflow/example_dags/example_python_decorator.py
[2024-10-29T23:43:02.454+0000] {processor.py:840} INFO - DAG(s) 'example_python_decorator' retrieved from /home/airflow/.local/lib/python3.8/site-packages/airflow/example_dags/example_python_decorator.py
[2024-10-29T23:43:02.474+0000] {logging_mixin.py:188} INFO - [2024-10-29T23:43:02.474+0000] {dag.py:3047} INFO - Sync 1 DAGs
[2024-10-29T23:43:02.488+0000] {logging_mixin.py:188} INFO - [2024-10-29T23:43:02.487+0000] {dag.py:3834} INFO - Setting next_dagrun for example_python_decorator to None, run_after=None
[2024-10-29T23:43:02.506+0000] {processor.py:183} INFO - Processing /home/airflow/.local/lib/python3.8/site-packages/airflow/example_dags/example_python_decorator.py took 0.068 seconds
[2024-10-29T23:43:32.815+0000] {processor.py:161} INFO - Started process (PID=1083) to work on /home/airflow/.local/lib/python3.8/site-packages/airflow/example_dags/example_python_decorator.py
[2024-10-29T23:43:32.816+0000] {processor.py:830} INFO - Processing file /home/airflow/.local/lib/python3.8/site-packages/airflow/example_dags/example_python_decorator.py for tasks to queue
[2024-10-29T23:43:32.818+0000] {logging_mixin.py:188} INFO - [2024-10-29T23:43:32.817+0000] {dagbag.py:540} INFO - Filling up the DagBag from /home/airflow/.local/lib/python3.8/site-packages/airflow/example_dags/example_python_decorator.py
[2024-10-29T23:43:32.832+0000] {processor.py:840} INFO - DAG(s) 'example_python_decorator' retrieved from /home/airflow/.local/lib/python3.8/site-packages/airflow/example_dags/example_python_decorator.py
[2024-10-29T23:43:32.856+0000] {logging_mixin.py:188} INFO - [2024-10-29T23:43:32.856+0000] {dag.py:3047} INFO - Sync 1 DAGs
[2024-10-29T23:43:32.870+0000] {logging_mixin.py:188} INFO - [2024-10-29T23:43:32.870+0000] {dag.py:3834} INFO - Setting next_dagrun for example_python_decorator to None, run_after=None
[2024-10-29T23:43:32.889+0000] {processor.py:183} INFO - Processing /home/airflow/.local/lib/python3.8/site-packages/airflow/example_dags/example_python_decorator.py took 0.076 seconds
[2024-10-29T23:44:03.278+0000] {processor.py:161} INFO - Started process (PID=1139) to work on /home/airflow/.local/lib/python3.8/site-packages/airflow/example_dags/example_python_decorator.py
[2024-10-29T23:44:03.280+0000] {processor.py:830} INFO - Processing file /home/airflow/.local/lib/python3.8/site-packages/airflow/example_dags/example_python_decorator.py for tasks to queue
[2024-10-29T23:44:03.282+0000] {logging_mixin.py:188} INFO - [2024-10-29T23:44:03.282+0000] {dagbag.py:540} INFO - Filling up the DagBag from /home/airflow/.local/lib/python3.8/site-packages/airflow/example_dags/example_python_decorator.py
[2024-10-29T23:44:03.299+0000] {processor.py:840} INFO - DAG(s) 'example_python_decorator' retrieved from /home/airflow/.local/lib/python3.8/site-packages/airflow/example_dags/example_python_decorator.py
[2024-10-29T23:44:03.325+0000] {logging_mixin.py:188} INFO - [2024-10-29T23:44:03.324+0000] {dag.py:3047} INFO - Sync 1 DAGs
[2024-10-29T23:44:03.338+0000] {logging_mixin.py:188} INFO - [2024-10-29T23:44:03.338+0000] {dag.py:3834} INFO - Setting next_dagrun for example_python_decorator to None, run_after=None
[2024-10-29T23:44:03.358+0000] {processor.py:183} INFO - Processing /home/airflow/.local/lib/python3.8/site-packages/airflow/example_dags/example_python_decorator.py took 0.083 seconds
[2024-10-29T23:44:33.569+0000] {processor.py:161} INFO - Started process (PID=1195) to work on /home/airflow/.local/lib/python3.8/site-packages/airflow/example_dags/example_python_decorator.py
[2024-10-29T23:44:33.570+0000] {processor.py:830} INFO - Processing file /home/airflow/.local/lib/python3.8/site-packages/airflow/example_dags/example_python_decorator.py for tasks to queue
[2024-10-29T23:44:33.572+0000] {logging_mixin.py:188} INFO - [2024-10-29T23:44:33.571+0000] {dagbag.py:540} INFO - Filling up the DagBag from /home/airflow/.local/lib/python3.8/site-packages/airflow/example_dags/example_python_decorator.py
[2024-10-29T23:44:33.585+0000] {processor.py:840} INFO - DAG(s) 'example_python_decorator' retrieved from /home/airflow/.local/lib/python3.8/site-packages/airflow/example_dags/example_python_decorator.py
[2024-10-29T23:44:33.608+0000] {logging_mixin.py:188} INFO - [2024-10-29T23:44:33.607+0000] {dag.py:3047} INFO - Sync 1 DAGs
[2024-10-29T23:44:33.629+0000] {logging_mixin.py:188} INFO - [2024-10-29T23:44:33.629+0000] {dag.py:3834} INFO - Setting next_dagrun for example_python_decorator to None, run_after=None
[2024-10-29T23:44:33.650+0000] {processor.py:183} INFO - Processing /home/airflow/.local/lib/python3.8/site-packages/airflow/example_dags/example_python_decorator.py took 0.084 seconds
[2024-10-29T23:45:03.807+0000] {processor.py:161} INFO - Started process (PID=1251) to work on /home/airflow/.local/lib/python3.8/site-packages/airflow/example_dags/example_python_decorator.py
[2024-10-29T23:45:03.810+0000] {processor.py:830} INFO - Processing file /home/airflow/.local/lib/python3.8/site-packages/airflow/example_dags/example_python_decorator.py for tasks to queue
[2024-10-29T23:45:03.815+0000] {logging_mixin.py:188} INFO - [2024-10-29T23:45:03.814+0000] {dagbag.py:540} INFO - Filling up the DagBag from /home/airflow/.local/lib/python3.8/site-packages/airflow/example_dags/example_python_decorator.py
[2024-10-29T23:45:03.829+0000] {processor.py:840} INFO - DAG(s) 'example_python_decorator' retrieved from /home/airflow/.local/lib/python3.8/site-packages/airflow/example_dags/example_python_decorator.py
[2024-10-29T23:45:03.852+0000] {logging_mixin.py:188} INFO - [2024-10-29T23:45:03.851+0000] {dag.py:3047} INFO - Sync 1 DAGs
[2024-10-29T23:45:03.865+0000] {logging_mixin.py:188} INFO - [2024-10-29T23:45:03.864+0000] {dag.py:3834} INFO - Setting next_dagrun for example_python_decorator to None, run_after=None
[2024-10-29T23:45:03.884+0000] {processor.py:183} INFO - Processing /home/airflow/.local/lib/python3.8/site-packages/airflow/example_dags/example_python_decorator.py took 0.081 seconds
[2024-10-29T23:45:34.075+0000] {processor.py:161} INFO - Started process (PID=1307) to work on /home/airflow/.local/lib/python3.8/site-packages/airflow/example_dags/example_python_decorator.py
[2024-10-29T23:45:34.075+0000] {processor.py:830} INFO - Processing file /home/airflow/.local/lib/python3.8/site-packages/airflow/example_dags/example_python_decorator.py for tasks to queue
[2024-10-29T23:45:34.077+0000] {logging_mixin.py:188} INFO - [2024-10-29T23:45:34.077+0000] {dagbag.py:540} INFO - Filling up the DagBag from /home/airflow/.local/lib/python3.8/site-packages/airflow/example_dags/example_python_decorator.py
[2024-10-29T23:45:34.089+0000] {processor.py:840} INFO - DAG(s) 'example_python_decorator' retrieved from /home/airflow/.local/lib/python3.8/site-packages/airflow/example_dags/example_python_decorator.py
[2024-10-29T23:45:34.110+0000] {logging_mixin.py:188} INFO - [2024-10-29T23:45:34.110+0000] {dag.py:3047} INFO - Sync 1 DAGs
[2024-10-29T23:45:34.123+0000] {logging_mixin.py:188} INFO - [2024-10-29T23:45:34.123+0000] {dag.py:3834} INFO - Setting next_dagrun for example_python_decorator to None, run_after=None
[2024-10-29T23:45:34.140+0000] {processor.py:183} INFO - Processing /home/airflow/.local/lib/python3.8/site-packages/airflow/example_dags/example_python_decorator.py took 0.069 seconds
[2024-10-29T23:46:04.426+0000] {processor.py:161} INFO - Started process (PID=1362) to work on /home/airflow/.local/lib/python3.8/site-packages/airflow/example_dags/example_python_decorator.py
[2024-10-29T23:46:04.427+0000] {processor.py:830} INFO - Processing file /home/airflow/.local/lib/python3.8/site-packages/airflow/example_dags/example_python_decorator.py for tasks to queue
[2024-10-29T23:46:04.429+0000] {logging_mixin.py:188} INFO - [2024-10-29T23:46:04.428+0000] {dagbag.py:540} INFO - Filling up the DagBag from /home/airflow/.local/lib/python3.8/site-packages/airflow/example_dags/example_python_decorator.py
[2024-10-29T23:46:04.445+0000] {processor.py:840} INFO - DAG(s) 'example_python_decorator' retrieved from /home/airflow/.local/lib/python3.8/site-packages/airflow/example_dags/example_python_decorator.py
[2024-10-29T23:46:04.478+0000] {logging_mixin.py:188} INFO - [2024-10-29T23:46:04.477+0000] {dag.py:3047} INFO - Sync 1 DAGs
[2024-10-29T23:46:04.499+0000] {logging_mixin.py:188} INFO - [2024-10-29T23:46:04.499+0000] {dag.py:3834} INFO - Setting next_dagrun for example_python_decorator to None, run_after=None
[2024-10-29T23:46:04.523+0000] {processor.py:183} INFO - Processing /home/airflow/.local/lib/python3.8/site-packages/airflow/example_dags/example_python_decorator.py took 0.101 seconds
[2024-10-29T23:46:34.735+0000] {processor.py:161} INFO - Started process (PID=1419) to work on /home/airflow/.local/lib/python3.8/site-packages/airflow/example_dags/example_python_decorator.py
[2024-10-29T23:46:34.753+0000] {processor.py:830} INFO - Processing file /home/airflow/.local/lib/python3.8/site-packages/airflow/example_dags/example_python_decorator.py for tasks to queue
[2024-10-29T23:46:34.755+0000] {logging_mixin.py:188} INFO - [2024-10-29T23:46:34.755+0000] {dagbag.py:540} INFO - Filling up the DagBag from /home/airflow/.local/lib/python3.8/site-packages/airflow/example_dags/example_python_decorator.py
[2024-10-29T23:46:34.776+0000] {processor.py:840} INFO - DAG(s) 'example_python_decorator' retrieved from /home/airflow/.local/lib/python3.8/site-packages/airflow/example_dags/example_python_decorator.py
[2024-10-29T23:46:34.809+0000] {logging_mixin.py:188} INFO - [2024-10-29T23:46:34.809+0000] {dag.py:3047} INFO - Sync 1 DAGs
[2024-10-29T23:46:34.831+0000] {logging_mixin.py:188} INFO - [2024-10-29T23:46:34.830+0000] {dag.py:3834} INFO - Setting next_dagrun for example_python_decorator to None, run_after=None
[2024-10-29T23:46:34.879+0000] {processor.py:183} INFO - Processing /home/airflow/.local/lib/python3.8/site-packages/airflow/example_dags/example_python_decorator.py took 0.147 seconds
[2024-10-29T23:47:05.040+0000] {processor.py:161} INFO - Started process (PID=1475) to work on /home/airflow/.local/lib/python3.8/site-packages/airflow/example_dags/example_python_decorator.py
[2024-10-29T23:47:05.041+0000] {processor.py:830} INFO - Processing file /home/airflow/.local/lib/python3.8/site-packages/airflow/example_dags/example_python_decorator.py for tasks to queue
[2024-10-29T23:47:05.045+0000] {logging_mixin.py:188} INFO - [2024-10-29T23:47:05.044+0000] {dagbag.py:540} INFO - Filling up the DagBag from /home/airflow/.local/lib/python3.8/site-packages/airflow/example_dags/example_python_decorator.py
[2024-10-29T23:47:05.068+0000] {processor.py:840} INFO - DAG(s) 'example_python_decorator' retrieved from /home/airflow/.local/lib/python3.8/site-packages/airflow/example_dags/example_python_decorator.py
[2024-10-29T23:47:05.101+0000] {logging_mixin.py:188} INFO - [2024-10-29T23:47:05.100+0000] {dag.py:3047} INFO - Sync 1 DAGs
[2024-10-29T23:47:05.123+0000] {logging_mixin.py:188} INFO - [2024-10-29T23:47:05.122+0000] {dag.py:3834} INFO - Setting next_dagrun for example_python_decorator to None, run_after=None
[2024-10-29T23:47:05.142+0000] {processor.py:183} INFO - Processing /home/airflow/.local/lib/python3.8/site-packages/airflow/example_dags/example_python_decorator.py took 0.107 seconds
[2024-10-29T23:47:35.252+0000] {processor.py:161} INFO - Started process (PID=1531) to work on /home/airflow/.local/lib/python3.8/site-packages/airflow/example_dags/example_python_decorator.py
[2024-10-29T23:47:35.252+0000] {processor.py:830} INFO - Processing file /home/airflow/.local/lib/python3.8/site-packages/airflow/example_dags/example_python_decorator.py for tasks to queue
[2024-10-29T23:47:35.254+0000] {logging_mixin.py:188} INFO - [2024-10-29T23:47:35.254+0000] {dagbag.py:540} INFO - Filling up the DagBag from /home/airflow/.local/lib/python3.8/site-packages/airflow/example_dags/example_python_decorator.py
[2024-10-29T23:47:35.266+0000] {processor.py:840} INFO - DAG(s) 'example_python_decorator' retrieved from /home/airflow/.local/lib/python3.8/site-packages/airflow/example_dags/example_python_decorator.py
[2024-10-29T23:47:35.284+0000] {logging_mixin.py:188} INFO - [2024-10-29T23:47:35.283+0000] {dag.py:3047} INFO - Sync 1 DAGs
[2024-10-29T23:47:35.294+0000] {logging_mixin.py:188} INFO - [2024-10-29T23:47:35.294+0000] {dag.py:3834} INFO - Setting next_dagrun for example_python_decorator to None, run_after=None
[2024-10-29T23:47:35.309+0000] {processor.py:183} INFO - Processing /home/airflow/.local/lib/python3.8/site-packages/airflow/example_dags/example_python_decorator.py took 0.060 seconds
[2024-10-29T23:48:06.534+0000] {processor.py:161} INFO - Started process (PID=1587) to work on /home/airflow/.local/lib/python3.8/site-packages/airflow/example_dags/example_python_decorator.py
[2024-10-29T23:48:06.535+0000] {processor.py:830} INFO - Processing file /home/airflow/.local/lib/python3.8/site-packages/airflow/example_dags/example_python_decorator.py for tasks to queue
[2024-10-29T23:48:06.536+0000] {logging_mixin.py:188} INFO - [2024-10-29T23:48:06.536+0000] {dagbag.py:540} INFO - Filling up the DagBag from /home/airflow/.local/lib/python3.8/site-packages/airflow/example_dags/example_python_decorator.py
[2024-10-29T23:48:06.551+0000] {processor.py:840} INFO - DAG(s) 'example_python_decorator' retrieved from /home/airflow/.local/lib/python3.8/site-packages/airflow/example_dags/example_python_decorator.py
[2024-10-29T23:48:06.575+0000] {logging_mixin.py:188} INFO - [2024-10-29T23:48:06.575+0000] {dag.py:3047} INFO - Sync 1 DAGs
[2024-10-29T23:48:06.590+0000] {logging_mixin.py:188} INFO - [2024-10-29T23:48:06.589+0000] {dag.py:3834} INFO - Setting next_dagrun for example_python_decorator to None, run_after=None
[2024-10-29T23:48:06.612+0000] {processor.py:183} INFO - Processing /home/airflow/.local/lib/python3.8/site-packages/airflow/example_dags/example_python_decorator.py took 0.081 seconds
[2024-10-29T23:48:37.636+0000] {processor.py:161} INFO - Started process (PID=1643) to work on /home/airflow/.local/lib/python3.8/site-packages/airflow/example_dags/example_python_decorator.py
[2024-10-29T23:48:37.637+0000] {processor.py:830} INFO - Processing file /home/airflow/.local/lib/python3.8/site-packages/airflow/example_dags/example_python_decorator.py for tasks to queue
[2024-10-29T23:48:37.638+0000] {logging_mixin.py:188} INFO - [2024-10-29T23:48:37.638+0000] {dagbag.py:540} INFO - Filling up the DagBag from /home/airflow/.local/lib/python3.8/site-packages/airflow/example_dags/example_python_decorator.py
[2024-10-29T23:48:37.649+0000] {processor.py:840} INFO - DAG(s) 'example_python_decorator' retrieved from /home/airflow/.local/lib/python3.8/site-packages/airflow/example_dags/example_python_decorator.py
[2024-10-29T23:48:37.666+0000] {logging_mixin.py:188} INFO - [2024-10-29T23:48:37.666+0000] {dag.py:3047} INFO - Sync 1 DAGs
[2024-10-29T23:48:37.676+0000] {logging_mixin.py:188} INFO - [2024-10-29T23:48:37.676+0000] {dag.py:3834} INFO - Setting next_dagrun for example_python_decorator to None, run_after=None
[2024-10-29T23:48:37.690+0000] {processor.py:183} INFO - Processing /home/airflow/.local/lib/python3.8/site-packages/airflow/example_dags/example_python_decorator.py took 0.056 seconds
[2024-10-29T23:49:08.171+0000] {processor.py:161} INFO - Started process (PID=1699) to work on /home/airflow/.local/lib/python3.8/site-packages/airflow/example_dags/example_python_decorator.py
[2024-10-29T23:49:08.171+0000] {processor.py:830} INFO - Processing file /home/airflow/.local/lib/python3.8/site-packages/airflow/example_dags/example_python_decorator.py for tasks to queue
[2024-10-29T23:49:08.174+0000] {logging_mixin.py:188} INFO - [2024-10-29T23:49:08.173+0000] {dagbag.py:540} INFO - Filling up the DagBag from /home/airflow/.local/lib/python3.8/site-packages/airflow/example_dags/example_python_decorator.py
[2024-10-29T23:49:08.192+0000] {processor.py:840} INFO - DAG(s) 'example_python_decorator' retrieved from /home/airflow/.local/lib/python3.8/site-packages/airflow/example_dags/example_python_decorator.py
[2024-10-29T23:49:08.219+0000] {logging_mixin.py:188} INFO - [2024-10-29T23:49:08.219+0000] {dag.py:3047} INFO - Sync 1 DAGs
[2024-10-29T23:49:08.236+0000] {logging_mixin.py:188} INFO - [2024-10-29T23:49:08.235+0000] {dag.py:3834} INFO - Setting next_dagrun for example_python_decorator to None, run_after=None
[2024-10-29T23:49:08.263+0000] {processor.py:183} INFO - Processing /home/airflow/.local/lib/python3.8/site-packages/airflow/example_dags/example_python_decorator.py took 0.096 seconds
[2024-10-29T23:49:39.245+0000] {processor.py:161} INFO - Started process (PID=1755) to work on /home/airflow/.local/lib/python3.8/site-packages/airflow/example_dags/example_python_decorator.py
[2024-10-29T23:49:39.248+0000] {processor.py:830} INFO - Processing file /home/airflow/.local/lib/python3.8/site-packages/airflow/example_dags/example_python_decorator.py for tasks to queue
[2024-10-29T23:49:39.251+0000] {logging_mixin.py:188} INFO - [2024-10-29T23:49:39.250+0000] {dagbag.py:540} INFO - Filling up the DagBag from /home/airflow/.local/lib/python3.8/site-packages/airflow/example_dags/example_python_decorator.py
[2024-10-29T23:49:39.272+0000] {processor.py:840} INFO - DAG(s) 'example_python_decorator' retrieved from /home/airflow/.local/lib/python3.8/site-packages/airflow/example_dags/example_python_decorator.py
[2024-10-29T23:49:39.303+0000] {logging_mixin.py:188} INFO - [2024-10-29T23:49:39.302+0000] {dag.py:3047} INFO - Sync 1 DAGs
[2024-10-29T23:49:39.318+0000] {logging_mixin.py:188} INFO - [2024-10-29T23:49:39.318+0000] {dag.py:3834} INFO - Setting next_dagrun for example_python_decorator to None, run_after=None
[2024-10-29T23:49:39.337+0000] {processor.py:183} INFO - Processing /home/airflow/.local/lib/python3.8/site-packages/airflow/example_dags/example_python_decorator.py took 0.098 seconds
[2024-10-29T23:50:09.534+0000] {processor.py:161} INFO - Started process (PID=1810) to work on /home/airflow/.local/lib/python3.8/site-packages/airflow/example_dags/example_python_decorator.py
[2024-10-29T23:50:09.535+0000] {processor.py:830} INFO - Processing file /home/airflow/.local/lib/python3.8/site-packages/airflow/example_dags/example_python_decorator.py for tasks to queue
[2024-10-29T23:50:09.536+0000] {logging_mixin.py:188} INFO - [2024-10-29T23:50:09.536+0000] {dagbag.py:540} INFO - Filling up the DagBag from /home/airflow/.local/lib/python3.8/site-packages/airflow/example_dags/example_python_decorator.py
[2024-10-29T23:50:09.550+0000] {processor.py:840} INFO - DAG(s) 'example_python_decorator' retrieved from /home/airflow/.local/lib/python3.8/site-packages/airflow/example_dags/example_python_decorator.py
[2024-10-29T23:50:09.573+0000] {logging_mixin.py:188} INFO - [2024-10-29T23:50:09.573+0000] {dag.py:3047} INFO - Sync 1 DAGs
[2024-10-29T23:50:09.591+0000] {logging_mixin.py:188} INFO - [2024-10-29T23:50:09.591+0000] {dag.py:3834} INFO - Setting next_dagrun for example_python_decorator to None, run_after=None
[2024-10-29T23:50:09.622+0000] {processor.py:183} INFO - Processing /home/airflow/.local/lib/python3.8/site-packages/airflow/example_dags/example_python_decorator.py took 0.090 seconds
[2024-10-29T23:50:39.667+0000] {processor.py:161} INFO - Started process (PID=1866) to work on /home/airflow/.local/lib/python3.8/site-packages/airflow/example_dags/example_python_decorator.py
[2024-10-29T23:50:39.667+0000] {processor.py:830} INFO - Processing file /home/airflow/.local/lib/python3.8/site-packages/airflow/example_dags/example_python_decorator.py for tasks to queue
[2024-10-29T23:50:39.669+0000] {logging_mixin.py:188} INFO - [2024-10-29T23:50:39.669+0000] {dagbag.py:540} INFO - Filling up the DagBag from /home/airflow/.local/lib/python3.8/site-packages/airflow/example_dags/example_python_decorator.py
[2024-10-29T23:50:39.680+0000] {processor.py:840} INFO - DAG(s) 'example_python_decorator' retrieved from /home/airflow/.local/lib/python3.8/site-packages/airflow/example_dags/example_python_decorator.py
[2024-10-29T23:50:39.698+0000] {logging_mixin.py:188} INFO - [2024-10-29T23:50:39.697+0000] {dag.py:3047} INFO - Sync 1 DAGs
[2024-10-29T23:50:39.708+0000] {logging_mixin.py:188} INFO - [2024-10-29T23:50:39.708+0000] {dag.py:3834} INFO - Setting next_dagrun for example_python_decorator to None, run_after=None
[2024-10-29T23:50:39.723+0000] {processor.py:183} INFO - Processing /home/airflow/.local/lib/python3.8/site-packages/airflow/example_dags/example_python_decorator.py took 0.059 seconds
[2024-10-29T23:51:10.534+0000] {processor.py:161} INFO - Started process (PID=1922) to work on /home/airflow/.local/lib/python3.8/site-packages/airflow/example_dags/example_python_decorator.py
[2024-10-29T23:51:10.535+0000] {processor.py:830} INFO - Processing file /home/airflow/.local/lib/python3.8/site-packages/airflow/example_dags/example_python_decorator.py for tasks to queue
[2024-10-29T23:51:10.537+0000] {logging_mixin.py:188} INFO - [2024-10-29T23:51:10.536+0000] {dagbag.py:540} INFO - Filling up the DagBag from /home/airflow/.local/lib/python3.8/site-packages/airflow/example_dags/example_python_decorator.py
[2024-10-29T23:51:10.548+0000] {processor.py:840} INFO - DAG(s) 'example_python_decorator' retrieved from /home/airflow/.local/lib/python3.8/site-packages/airflow/example_dags/example_python_decorator.py
[2024-10-29T23:51:10.567+0000] {logging_mixin.py:188} INFO - [2024-10-29T23:51:10.567+0000] {dag.py:3047} INFO - Sync 1 DAGs
[2024-10-29T23:51:10.578+0000] {logging_mixin.py:188} INFO - [2024-10-29T23:51:10.578+0000] {dag.py:3834} INFO - Setting next_dagrun for example_python_decorator to None, run_after=None
[2024-10-29T23:51:10.595+0000] {processor.py:183} INFO - Processing /home/airflow/.local/lib/python3.8/site-packages/airflow/example_dags/example_python_decorator.py took 0.063 seconds
[2024-10-29T23:51:41.044+0000] {processor.py:161} INFO - Started process (PID=1977) to work on /home/airflow/.local/lib/python3.8/site-packages/airflow/example_dags/example_python_decorator.py
[2024-10-29T23:51:41.045+0000] {processor.py:830} INFO - Processing file /home/airflow/.local/lib/python3.8/site-packages/airflow/example_dags/example_python_decorator.py for tasks to queue
[2024-10-29T23:51:41.047+0000] {logging_mixin.py:188} INFO - [2024-10-29T23:51:41.046+0000] {dagbag.py:540} INFO - Filling up the DagBag from /home/airflow/.local/lib/python3.8/site-packages/airflow/example_dags/example_python_decorator.py
[2024-10-29T23:51:41.061+0000] {processor.py:840} INFO - DAG(s) 'example_python_decorator' retrieved from /home/airflow/.local/lib/python3.8/site-packages/airflow/example_dags/example_python_decorator.py
[2024-10-29T23:51:41.085+0000] {logging_mixin.py:188} INFO - [2024-10-29T23:51:41.085+0000] {dag.py:3047} INFO - Sync 1 DAGs
[2024-10-29T23:51:41.099+0000] {logging_mixin.py:188} INFO - [2024-10-29T23:51:41.099+0000] {dag.py:3834} INFO - Setting next_dagrun for example_python_decorator to None, run_after=None
[2024-10-29T23:51:41.121+0000] {processor.py:183} INFO - Processing /home/airflow/.local/lib/python3.8/site-packages/airflow/example_dags/example_python_decorator.py took 0.080 seconds
[2024-10-29T23:52:11.185+0000] {processor.py:161} INFO - Started process (PID=2033) to work on /home/airflow/.local/lib/python3.8/site-packages/airflow/example_dags/example_python_decorator.py
[2024-10-29T23:52:11.185+0000] {processor.py:830} INFO - Processing file /home/airflow/.local/lib/python3.8/site-packages/airflow/example_dags/example_python_decorator.py for tasks to queue
[2024-10-29T23:52:11.187+0000] {logging_mixin.py:188} INFO - [2024-10-29T23:52:11.187+0000] {dagbag.py:540} INFO - Filling up the DagBag from /home/airflow/.local/lib/python3.8/site-packages/airflow/example_dags/example_python_decorator.py
[2024-10-29T23:52:11.197+0000] {processor.py:840} INFO - DAG(s) 'example_python_decorator' retrieved from /home/airflow/.local/lib/python3.8/site-packages/airflow/example_dags/example_python_decorator.py
[2024-10-29T23:52:11.215+0000] {logging_mixin.py:188} INFO - [2024-10-29T23:52:11.215+0000] {dag.py:3047} INFO - Sync 1 DAGs
[2024-10-29T23:52:11.225+0000] {logging_mixin.py:188} INFO - [2024-10-29T23:52:11.225+0000] {dag.py:3834} INFO - Setting next_dagrun for example_python_decorator to None, run_after=None
[2024-10-29T23:52:11.238+0000] {processor.py:183} INFO - Processing /home/airflow/.local/lib/python3.8/site-packages/airflow/example_dags/example_python_decorator.py took 0.056 seconds
[2024-10-29T23:52:41.401+0000] {processor.py:161} INFO - Started process (PID=2089) to work on /home/airflow/.local/lib/python3.8/site-packages/airflow/example_dags/example_python_decorator.py
[2024-10-29T23:52:41.402+0000] {processor.py:830} INFO - Processing file /home/airflow/.local/lib/python3.8/site-packages/airflow/example_dags/example_python_decorator.py for tasks to queue
[2024-10-29T23:52:41.403+0000] {logging_mixin.py:188} INFO - [2024-10-29T23:52:41.403+0000] {dagbag.py:540} INFO - Filling up the DagBag from /home/airflow/.local/lib/python3.8/site-packages/airflow/example_dags/example_python_decorator.py
[2024-10-29T23:52:41.416+0000] {processor.py:840} INFO - DAG(s) 'example_python_decorator' retrieved from /home/airflow/.local/lib/python3.8/site-packages/airflow/example_dags/example_python_decorator.py
[2024-10-29T23:52:41.435+0000] {logging_mixin.py:188} INFO - [2024-10-29T23:52:41.435+0000] {dag.py:3047} INFO - Sync 1 DAGs
[2024-10-29T23:52:41.447+0000] {logging_mixin.py:188} INFO - [2024-10-29T23:52:41.447+0000] {dag.py:3834} INFO - Setting next_dagrun for example_python_decorator to None, run_after=None
[2024-10-29T23:52:41.462+0000] {processor.py:183} INFO - Processing /home/airflow/.local/lib/python3.8/site-packages/airflow/example_dags/example_python_decorator.py took 0.063 seconds
[2024-10-29T23:53:12.155+0000] {processor.py:161} INFO - Started process (PID=2145) to work on /home/airflow/.local/lib/python3.8/site-packages/airflow/example_dags/example_python_decorator.py
[2024-10-29T23:53:12.156+0000] {processor.py:830} INFO - Processing file /home/airflow/.local/lib/python3.8/site-packages/airflow/example_dags/example_python_decorator.py for tasks to queue
[2024-10-29T23:53:12.158+0000] {logging_mixin.py:188} INFO - [2024-10-29T23:53:12.157+0000] {dagbag.py:540} INFO - Filling up the DagBag from /home/airflow/.local/lib/python3.8/site-packages/airflow/example_dags/example_python_decorator.py
[2024-10-29T23:53:12.173+0000] {processor.py:840} INFO - DAG(s) 'example_python_decorator' retrieved from /home/airflow/.local/lib/python3.8/site-packages/airflow/example_dags/example_python_decorator.py
[2024-10-29T23:53:12.196+0000] {logging_mixin.py:188} INFO - [2024-10-29T23:53:12.195+0000] {dag.py:3047} INFO - Sync 1 DAGs
[2024-10-29T23:53:12.213+0000] {logging_mixin.py:188} INFO - [2024-10-29T23:53:12.212+0000] {dag.py:3834} INFO - Setting next_dagrun for example_python_decorator to None, run_after=None
[2024-10-29T23:53:12.238+0000] {processor.py:183} INFO - Processing /home/airflow/.local/lib/python3.8/site-packages/airflow/example_dags/example_python_decorator.py took 0.085 seconds
[2024-10-29T23:53:42.276+0000] {processor.py:161} INFO - Started process (PID=2201) to work on /home/airflow/.local/lib/python3.8/site-packages/airflow/example_dags/example_python_decorator.py
[2024-10-29T23:53:42.277+0000] {processor.py:830} INFO - Processing file /home/airflow/.local/lib/python3.8/site-packages/airflow/example_dags/example_python_decorator.py for tasks to queue
[2024-10-29T23:53:42.278+0000] {logging_mixin.py:188} INFO - [2024-10-29T23:53:42.278+0000] {dagbag.py:540} INFO - Filling up the DagBag from /home/airflow/.local/lib/python3.8/site-packages/airflow/example_dags/example_python_decorator.py
[2024-10-29T23:53:42.291+0000] {processor.py:840} INFO - DAG(s) 'example_python_decorator' retrieved from /home/airflow/.local/lib/python3.8/site-packages/airflow/example_dags/example_python_decorator.py
[2024-10-29T23:53:42.312+0000] {logging_mixin.py:188} INFO - [2024-10-29T23:53:42.311+0000] {dag.py:3047} INFO - Sync 1 DAGs
[2024-10-29T23:53:42.323+0000] {logging_mixin.py:188} INFO - [2024-10-29T23:53:42.323+0000] {dag.py:3834} INFO - Setting next_dagrun for example_python_decorator to None, run_after=None
[2024-10-29T23:53:42.341+0000] {processor.py:183} INFO - Processing /home/airflow/.local/lib/python3.8/site-packages/airflow/example_dags/example_python_decorator.py took 0.069 seconds
[2024-10-29T23:54:12.739+0000] {processor.py:161} INFO - Started process (PID=2257) to work on /home/airflow/.local/lib/python3.8/site-packages/airflow/example_dags/example_python_decorator.py
[2024-10-29T23:54:12.740+0000] {processor.py:830} INFO - Processing file /home/airflow/.local/lib/python3.8/site-packages/airflow/example_dags/example_python_decorator.py for tasks to queue
[2024-10-29T23:54:12.742+0000] {logging_mixin.py:188} INFO - [2024-10-29T23:54:12.741+0000] {dagbag.py:540} INFO - Filling up the DagBag from /home/airflow/.local/lib/python3.8/site-packages/airflow/example_dags/example_python_decorator.py
[2024-10-29T23:54:12.760+0000] {processor.py:840} INFO - DAG(s) 'example_python_decorator' retrieved from /home/airflow/.local/lib/python3.8/site-packages/airflow/example_dags/example_python_decorator.py
[2024-10-29T23:54:12.805+0000] {logging_mixin.py:188} INFO - [2024-10-29T23:54:12.804+0000] {dag.py:3047} INFO - Sync 1 DAGs
[2024-10-29T23:54:12.837+0000] {logging_mixin.py:188} INFO - [2024-10-29T23:54:12.836+0000] {dag.py:3834} INFO - Setting next_dagrun for example_python_decorator to None, run_after=None
[2024-10-29T23:54:12.887+0000] {processor.py:183} INFO - Processing /home/airflow/.local/lib/python3.8/site-packages/airflow/example_dags/example_python_decorator.py took 0.151 seconds
[2024-10-29T23:54:43.413+0000] {processor.py:161} INFO - Started process (PID=2313) to work on /home/airflow/.local/lib/python3.8/site-packages/airflow/example_dags/example_python_decorator.py
[2024-10-29T23:54:43.414+0000] {processor.py:830} INFO - Processing file /home/airflow/.local/lib/python3.8/site-packages/airflow/example_dags/example_python_decorator.py for tasks to queue
[2024-10-29T23:54:43.415+0000] {logging_mixin.py:188} INFO - [2024-10-29T23:54:43.415+0000] {dagbag.py:540} INFO - Filling up the DagBag from /home/airflow/.local/lib/python3.8/site-packages/airflow/example_dags/example_python_decorator.py
[2024-10-29T23:54:43.428+0000] {processor.py:840} INFO - DAG(s) 'example_python_decorator' retrieved from /home/airflow/.local/lib/python3.8/site-packages/airflow/example_dags/example_python_decorator.py
[2024-10-29T23:54:43.451+0000] {logging_mixin.py:188} INFO - [2024-10-29T23:54:43.451+0000] {dag.py:3047} INFO - Sync 1 DAGs
[2024-10-29T23:54:43.465+0000] {logging_mixin.py:188} INFO - [2024-10-29T23:54:43.465+0000] {dag.py:3834} INFO - Setting next_dagrun for example_python_decorator to None, run_after=None
[2024-10-29T23:54:43.484+0000] {processor.py:183} INFO - Processing /home/airflow/.local/lib/python3.8/site-packages/airflow/example_dags/example_python_decorator.py took 0.074 seconds
[2024-10-29T23:55:13.900+0000] {processor.py:161} INFO - Started process (PID=2369) to work on /home/airflow/.local/lib/python3.8/site-packages/airflow/example_dags/example_python_decorator.py
[2024-10-29T23:55:13.901+0000] {processor.py:830} INFO - Processing file /home/airflow/.local/lib/python3.8/site-packages/airflow/example_dags/example_python_decorator.py for tasks to queue
[2024-10-29T23:55:13.903+0000] {logging_mixin.py:188} INFO - [2024-10-29T23:55:13.902+0000] {dagbag.py:540} INFO - Filling up the DagBag from /home/airflow/.local/lib/python3.8/site-packages/airflow/example_dags/example_python_decorator.py
[2024-10-29T23:55:13.917+0000] {processor.py:840} INFO - DAG(s) 'example_python_decorator' retrieved from /home/airflow/.local/lib/python3.8/site-packages/airflow/example_dags/example_python_decorator.py
[2024-10-29T23:55:13.940+0000] {logging_mixin.py:188} INFO - [2024-10-29T23:55:13.940+0000] {dag.py:3047} INFO - Sync 1 DAGs
[2024-10-29T23:55:13.954+0000] {logging_mixin.py:188} INFO - [2024-10-29T23:55:13.954+0000] {dag.py:3834} INFO - Setting next_dagrun for example_python_decorator to None, run_after=None
[2024-10-29T23:55:13.975+0000] {processor.py:183} INFO - Processing /home/airflow/.local/lib/python3.8/site-packages/airflow/example_dags/example_python_decorator.py took 0.077 seconds
[2024-10-29T23:55:44.147+0000] {processor.py:161} INFO - Started process (PID=2425) to work on /home/airflow/.local/lib/python3.8/site-packages/airflow/example_dags/example_python_decorator.py
[2024-10-29T23:55:44.148+0000] {processor.py:830} INFO - Processing file /home/airflow/.local/lib/python3.8/site-packages/airflow/example_dags/example_python_decorator.py for tasks to queue
[2024-10-29T23:55:44.149+0000] {logging_mixin.py:188} INFO - [2024-10-29T23:55:44.149+0000] {dagbag.py:540} INFO - Filling up the DagBag from /home/airflow/.local/lib/python3.8/site-packages/airflow/example_dags/example_python_decorator.py
[2024-10-29T23:55:44.161+0000] {processor.py:840} INFO - DAG(s) 'example_python_decorator' retrieved from /home/airflow/.local/lib/python3.8/site-packages/airflow/example_dags/example_python_decorator.py
[2024-10-29T23:55:44.180+0000] {logging_mixin.py:188} INFO - [2024-10-29T23:55:44.179+0000] {dag.py:3047} INFO - Sync 1 DAGs
[2024-10-29T23:55:44.191+0000] {logging_mixin.py:188} INFO - [2024-10-29T23:55:44.191+0000] {dag.py:3834} INFO - Setting next_dagrun for example_python_decorator to None, run_after=None
[2024-10-29T23:55:44.207+0000] {processor.py:183} INFO - Processing /home/airflow/.local/lib/python3.8/site-packages/airflow/example_dags/example_python_decorator.py took 0.062 seconds
[2024-10-29T23:56:15.162+0000] {processor.py:161} INFO - Started process (PID=2481) to work on /home/airflow/.local/lib/python3.8/site-packages/airflow/example_dags/example_python_decorator.py
[2024-10-29T23:56:15.162+0000] {processor.py:830} INFO - Processing file /home/airflow/.local/lib/python3.8/site-packages/airflow/example_dags/example_python_decorator.py for tasks to queue
[2024-10-29T23:56:15.164+0000] {logging_mixin.py:188} INFO - [2024-10-29T23:56:15.164+0000] {dagbag.py:540} INFO - Filling up the DagBag from /home/airflow/.local/lib/python3.8/site-packages/airflow/example_dags/example_python_decorator.py
[2024-10-29T23:56:15.175+0000] {processor.py:840} INFO - DAG(s) 'example_python_decorator' retrieved from /home/airflow/.local/lib/python3.8/site-packages/airflow/example_dags/example_python_decorator.py
[2024-10-29T23:56:15.198+0000] {logging_mixin.py:188} INFO - [2024-10-29T23:56:15.197+0000] {dag.py:3047} INFO - Sync 1 DAGs
[2024-10-29T23:56:15.211+0000] {logging_mixin.py:188} INFO - [2024-10-29T23:56:15.211+0000] {dag.py:3834} INFO - Setting next_dagrun for example_python_decorator to None, run_after=None
[2024-10-29T23:56:15.228+0000] {processor.py:183} INFO - Processing /home/airflow/.local/lib/python3.8/site-packages/airflow/example_dags/example_python_decorator.py took 0.069 seconds
[2024-10-29T23:56:45.574+0000] {processor.py:161} INFO - Started process (PID=2537) to work on /home/airflow/.local/lib/python3.8/site-packages/airflow/example_dags/example_python_decorator.py
[2024-10-29T23:56:45.575+0000] {processor.py:830} INFO - Processing file /home/airflow/.local/lib/python3.8/site-packages/airflow/example_dags/example_python_decorator.py for tasks to queue
[2024-10-29T23:56:45.576+0000] {logging_mixin.py:188} INFO - [2024-10-29T23:56:45.576+0000] {dagbag.py:540} INFO - Filling up the DagBag from /home/airflow/.local/lib/python3.8/site-packages/airflow/example_dags/example_python_decorator.py
[2024-10-29T23:56:45.590+0000] {processor.py:840} INFO - DAG(s) 'example_python_decorator' retrieved from /home/airflow/.local/lib/python3.8/site-packages/airflow/example_dags/example_python_decorator.py
[2024-10-29T23:56:45.615+0000] {logging_mixin.py:188} INFO - [2024-10-29T23:56:45.614+0000] {dag.py:3047} INFO - Sync 1 DAGs
[2024-10-29T23:56:45.626+0000] {logging_mixin.py:188} INFO - [2024-10-29T23:56:45.626+0000] {dag.py:3834} INFO - Setting next_dagrun for example_python_decorator to None, run_after=None
[2024-10-29T23:56:45.643+0000] {processor.py:183} INFO - Processing /home/airflow/.local/lib/python3.8/site-packages/airflow/example_dags/example_python_decorator.py took 0.072 seconds
[2024-10-29T23:57:16.204+0000] {processor.py:161} INFO - Started process (PID=2593) to work on /home/airflow/.local/lib/python3.8/site-packages/airflow/example_dags/example_python_decorator.py
[2024-10-29T23:57:16.206+0000] {processor.py:830} INFO - Processing file /home/airflow/.local/lib/python3.8/site-packages/airflow/example_dags/example_python_decorator.py for tasks to queue
[2024-10-29T23:57:16.207+0000] {logging_mixin.py:188} INFO - [2024-10-29T23:57:16.207+0000] {dagbag.py:540} INFO - Filling up the DagBag from /home/airflow/.local/lib/python3.8/site-packages/airflow/example_dags/example_python_decorator.py
[2024-10-29T23:57:16.221+0000] {processor.py:840} INFO - DAG(s) 'example_python_decorator' retrieved from /home/airflow/.local/lib/python3.8/site-packages/airflow/example_dags/example_python_decorator.py
[2024-10-29T23:57:16.241+0000] {logging_mixin.py:188} INFO - [2024-10-29T23:57:16.241+0000] {dag.py:3047} INFO - Sync 1 DAGs
[2024-10-29T23:57:16.252+0000] {logging_mixin.py:188} INFO - [2024-10-29T23:57:16.252+0000] {dag.py:3834} INFO - Setting next_dagrun for example_python_decorator to None, run_after=None
[2024-10-29T23:57:16.268+0000] {processor.py:183} INFO - Processing /home/airflow/.local/lib/python3.8/site-packages/airflow/example_dags/example_python_decorator.py took 0.068 seconds
[2024-10-29T23:57:46.535+0000] {processor.py:161} INFO - Started process (PID=2649) to work on /home/airflow/.local/lib/python3.8/site-packages/airflow/example_dags/example_python_decorator.py
[2024-10-29T23:57:46.536+0000] {processor.py:830} INFO - Processing file /home/airflow/.local/lib/python3.8/site-packages/airflow/example_dags/example_python_decorator.py for tasks to queue
[2024-10-29T23:57:46.538+0000] {logging_mixin.py:188} INFO - [2024-10-29T23:57:46.537+0000] {dagbag.py:540} INFO - Filling up the DagBag from /home/airflow/.local/lib/python3.8/site-packages/airflow/example_dags/example_python_decorator.py
[2024-10-29T23:57:46.553+0000] {processor.py:840} INFO - DAG(s) 'example_python_decorator' retrieved from /home/airflow/.local/lib/python3.8/site-packages/airflow/example_dags/example_python_decorator.py
[2024-10-29T23:57:46.580+0000] {logging_mixin.py:188} INFO - [2024-10-29T23:57:46.580+0000] {dag.py:3047} INFO - Sync 1 DAGs
[2024-10-29T23:57:46.596+0000] {logging_mixin.py:188} INFO - [2024-10-29T23:57:46.595+0000] {dag.py:3834} INFO - Setting next_dagrun for example_python_decorator to None, run_after=None
[2024-10-29T23:57:46.617+0000] {processor.py:183} INFO - Processing /home/airflow/.local/lib/python3.8/site-packages/airflow/example_dags/example_python_decorator.py took 0.086 seconds
[2024-10-29T23:58:17.373+0000] {processor.py:161} INFO - Started process (PID=2705) to work on /home/airflow/.local/lib/python3.8/site-packages/airflow/example_dags/example_python_decorator.py
[2024-10-29T23:58:17.374+0000] {processor.py:830} INFO - Processing file /home/airflow/.local/lib/python3.8/site-packages/airflow/example_dags/example_python_decorator.py for tasks to queue
[2024-10-29T23:58:17.375+0000] {logging_mixin.py:188} INFO - [2024-10-29T23:58:17.375+0000] {dagbag.py:540} INFO - Filling up the DagBag from /home/airflow/.local/lib/python3.8/site-packages/airflow/example_dags/example_python_decorator.py
[2024-10-29T23:58:17.393+0000] {processor.py:840} INFO - DAG(s) 'example_python_decorator' retrieved from /home/airflow/.local/lib/python3.8/site-packages/airflow/example_dags/example_python_decorator.py
[2024-10-29T23:58:17.424+0000] {logging_mixin.py:188} INFO - [2024-10-29T23:58:17.424+0000] {dag.py:3047} INFO - Sync 1 DAGs
[2024-10-29T23:58:17.437+0000] {logging_mixin.py:188} INFO - [2024-10-29T23:58:17.437+0000] {dag.py:3834} INFO - Setting next_dagrun for example_python_decorator to None, run_after=None
[2024-10-29T23:58:17.450+0000] {processor.py:183} INFO - Processing /home/airflow/.local/lib/python3.8/site-packages/airflow/example_dags/example_python_decorator.py took 0.080 seconds
[2024-10-29T23:58:48.420+0000] {processor.py:161} INFO - Started process (PID=2761) to work on /home/airflow/.local/lib/python3.8/site-packages/airflow/example_dags/example_python_decorator.py
[2024-10-29T23:58:48.420+0000] {processor.py:830} INFO - Processing file /home/airflow/.local/lib/python3.8/site-packages/airflow/example_dags/example_python_decorator.py for tasks to queue
[2024-10-29T23:58:48.422+0000] {logging_mixin.py:188} INFO - [2024-10-29T23:58:48.421+0000] {dagbag.py:540} INFO - Filling up the DagBag from /home/airflow/.local/lib/python3.8/site-packages/airflow/example_dags/example_python_decorator.py
[2024-10-29T23:58:48.432+0000] {processor.py:840} INFO - DAG(s) 'example_python_decorator' retrieved from /home/airflow/.local/lib/python3.8/site-packages/airflow/example_dags/example_python_decorator.py
[2024-10-29T23:58:48.449+0000] {logging_mixin.py:188} INFO - [2024-10-29T23:58:48.449+0000] {dag.py:3047} INFO - Sync 1 DAGs
[2024-10-29T23:58:48.460+0000] {logging_mixin.py:188} INFO - [2024-10-29T23:58:48.459+0000] {dag.py:3834} INFO - Setting next_dagrun for example_python_decorator to None, run_after=None
[2024-10-29T23:58:48.474+0000] {processor.py:183} INFO - Processing /home/airflow/.local/lib/python3.8/site-packages/airflow/example_dags/example_python_decorator.py took 0.057 seconds
[2024-10-29T23:59:18.884+0000] {processor.py:161} INFO - Started process (PID=2817) to work on /home/airflow/.local/lib/python3.8/site-packages/airflow/example_dags/example_python_decorator.py
[2024-10-29T23:59:18.886+0000] {processor.py:830} INFO - Processing file /home/airflow/.local/lib/python3.8/site-packages/airflow/example_dags/example_python_decorator.py for tasks to queue
[2024-10-29T23:59:18.888+0000] {logging_mixin.py:188} INFO - [2024-10-29T23:59:18.887+0000] {dagbag.py:540} INFO - Filling up the DagBag from /home/airflow/.local/lib/python3.8/site-packages/airflow/example_dags/example_python_decorator.py
[2024-10-29T23:59:18.903+0000] {processor.py:840} INFO - DAG(s) 'example_python_decorator' retrieved from /home/airflow/.local/lib/python3.8/site-packages/airflow/example_dags/example_python_decorator.py
[2024-10-29T23:59:18.924+0000] {logging_mixin.py:188} INFO - [2024-10-29T23:59:18.924+0000] {dag.py:3047} INFO - Sync 1 DAGs
[2024-10-29T23:59:18.938+0000] {logging_mixin.py:188} INFO - [2024-10-29T23:59:18.937+0000] {dag.py:3834} INFO - Setting next_dagrun for example_python_decorator to None, run_after=None
[2024-10-29T23:59:18.961+0000] {processor.py:183} INFO - Processing /home/airflow/.local/lib/python3.8/site-packages/airflow/example_dags/example_python_decorator.py took 0.081 seconds
[2024-10-29T23:59:49.049+0000] {processor.py:161} INFO - Started process (PID=2873) to work on /home/airflow/.local/lib/python3.8/site-packages/airflow/example_dags/example_python_decorator.py
[2024-10-29T23:59:49.051+0000] {processor.py:830} INFO - Processing file /home/airflow/.local/lib/python3.8/site-packages/airflow/example_dags/example_python_decorator.py for tasks to queue
[2024-10-29T23:59:49.052+0000] {logging_mixin.py:188} INFO - [2024-10-29T23:59:49.052+0000] {dagbag.py:540} INFO - Filling up the DagBag from /home/airflow/.local/lib/python3.8/site-packages/airflow/example_dags/example_python_decorator.py
[2024-10-29T23:59:49.065+0000] {processor.py:840} INFO - DAG(s) 'example_python_decorator' retrieved from /home/airflow/.local/lib/python3.8/site-packages/airflow/example_dags/example_python_decorator.py
[2024-10-29T23:59:49.091+0000] {logging_mixin.py:188} INFO - [2024-10-29T23:59:49.091+0000] {dag.py:3047} INFO - Sync 1 DAGs
[2024-10-29T23:59:49.105+0000] {logging_mixin.py:188} INFO - [2024-10-29T23:59:49.104+0000] {dag.py:3834} INFO - Setting next_dagrun for example_python_decorator to None, run_after=None
[2024-10-29T23:59:49.124+0000] {processor.py:183} INFO - Processing /home/airflow/.local/lib/python3.8/site-packages/airflow/example_dags/example_python_decorator.py took 0.078 seconds
