[2024-10-29T23:27:21.725+0000] {processor.py:161} INFO - Started process (PID=16634) to work on /home/airflow/.local/lib/python3.8/site-packages/airflow/example_dags/example_python_operator.py
[2024-10-29T23:27:21.727+0000] {processor.py:830} INFO - Processing file /home/airflow/.local/lib/python3.8/site-packages/airflow/example_dags/example_python_operator.py for tasks to queue
[2024-10-29T23:27:21.732+0000] {logging_mixin.py:188} INFO - [2024-10-29T23:27:21.731+0000] {dagbag.py:540} INFO - Filling up the DagBag from /home/airflow/.local/lib/python3.8/site-packages/airflow/example_dags/example_python_operator.py
[2024-10-29T23:27:21.750+0000] {processor.py:840} INFO - DAG(s) 'example_python_operator' retrieved from /home/airflow/.local/lib/python3.8/site-packages/airflow/example_dags/example_python_operator.py
[2024-10-29T23:27:21.781+0000] {logging_mixin.py:188} INFO - [2024-10-29T23:27:21.781+0000] {dag.py:3047} INFO - Sync 1 DAGs
[2024-10-29T23:27:21.820+0000] {logging_mixin.py:188} INFO - [2024-10-29T23:27:21.820+0000] {dag.py:3834} INFO - Setting next_dagrun for example_python_operator to None, run_after=None
[2024-10-29T23:27:21.845+0000] {processor.py:183} INFO - Processing /home/airflow/.local/lib/python3.8/site-packages/airflow/example_dags/example_python_operator.py took 0.130 seconds
[2024-10-29T23:27:51.871+0000] {processor.py:161} INFO - Started process (PID=16690) to work on /home/airflow/.local/lib/python3.8/site-packages/airflow/example_dags/example_python_operator.py
[2024-10-29T23:27:51.871+0000] {processor.py:830} INFO - Processing file /home/airflow/.local/lib/python3.8/site-packages/airflow/example_dags/example_python_operator.py for tasks to queue
[2024-10-29T23:27:51.873+0000] {logging_mixin.py:188} INFO - [2024-10-29T23:27:51.872+0000] {dagbag.py:540} INFO - Filling up the DagBag from /home/airflow/.local/lib/python3.8/site-packages/airflow/example_dags/example_python_operator.py
[2024-10-29T23:27:51.881+0000] {processor.py:840} INFO - DAG(s) 'example_python_operator' retrieved from /home/airflow/.local/lib/python3.8/site-packages/airflow/example_dags/example_python_operator.py
[2024-10-29T23:27:51.899+0000] {logging_mixin.py:188} INFO - [2024-10-29T23:27:51.899+0000] {dag.py:3047} INFO - Sync 1 DAGs
[2024-10-29T23:27:51.910+0000] {logging_mixin.py:188} INFO - [2024-10-29T23:27:51.909+0000] {dag.py:3834} INFO - Setting next_dagrun for example_python_operator to None, run_after=None
[2024-10-29T23:27:51.924+0000] {processor.py:183} INFO - Processing /home/airflow/.local/lib/python3.8/site-packages/airflow/example_dags/example_python_operator.py took 0.056 seconds
[2024-10-29T23:28:22.494+0000] {processor.py:161} INFO - Started process (PID=16746) to work on /home/airflow/.local/lib/python3.8/site-packages/airflow/example_dags/example_python_operator.py
[2024-10-29T23:28:22.495+0000] {processor.py:830} INFO - Processing file /home/airflow/.local/lib/python3.8/site-packages/airflow/example_dags/example_python_operator.py for tasks to queue
[2024-10-29T23:28:22.496+0000] {logging_mixin.py:188} INFO - [2024-10-29T23:28:22.496+0000] {dagbag.py:540} INFO - Filling up the DagBag from /home/airflow/.local/lib/python3.8/site-packages/airflow/example_dags/example_python_operator.py
[2024-10-29T23:28:22.503+0000] {processor.py:840} INFO - DAG(s) 'example_python_operator' retrieved from /home/airflow/.local/lib/python3.8/site-packages/airflow/example_dags/example_python_operator.py
[2024-10-29T23:28:22.519+0000] {logging_mixin.py:188} INFO - [2024-10-29T23:28:22.519+0000] {dag.py:3047} INFO - Sync 1 DAGs
[2024-10-29T23:28:22.528+0000] {logging_mixin.py:188} INFO - [2024-10-29T23:28:22.528+0000] {dag.py:3834} INFO - Setting next_dagrun for example_python_operator to None, run_after=None
[2024-10-29T23:28:22.541+0000] {processor.py:183} INFO - Processing /home/airflow/.local/lib/python3.8/site-packages/airflow/example_dags/example_python_operator.py took 0.049 seconds
[2024-10-29T23:28:53.254+0000] {processor.py:161} INFO - Started process (PID=16802) to work on /home/airflow/.local/lib/python3.8/site-packages/airflow/example_dags/example_python_operator.py
[2024-10-29T23:28:53.255+0000] {processor.py:830} INFO - Processing file /home/airflow/.local/lib/python3.8/site-packages/airflow/example_dags/example_python_operator.py for tasks to queue
[2024-10-29T23:28:53.257+0000] {logging_mixin.py:188} INFO - [2024-10-29T23:28:53.256+0000] {dagbag.py:540} INFO - Filling up the DagBag from /home/airflow/.local/lib/python3.8/site-packages/airflow/example_dags/example_python_operator.py
[2024-10-29T23:28:53.272+0000] {processor.py:840} INFO - DAG(s) 'example_python_operator' retrieved from /home/airflow/.local/lib/python3.8/site-packages/airflow/example_dags/example_python_operator.py
[2024-10-29T23:28:53.302+0000] {logging_mixin.py:188} INFO - [2024-10-29T23:28:53.302+0000] {dag.py:3047} INFO - Sync 1 DAGs
[2024-10-29T23:28:53.317+0000] {logging_mixin.py:188} INFO - [2024-10-29T23:28:53.316+0000] {dag.py:3834} INFO - Setting next_dagrun for example_python_operator to None, run_after=None
[2024-10-29T23:28:53.332+0000] {processor.py:183} INFO - Processing /home/airflow/.local/lib/python3.8/site-packages/airflow/example_dags/example_python_operator.py took 0.082 seconds
[2024-10-29T23:29:23.489+0000] {processor.py:161} INFO - Started process (PID=16858) to work on /home/airflow/.local/lib/python3.8/site-packages/airflow/example_dags/example_python_operator.py
[2024-10-29T23:29:23.491+0000] {processor.py:830} INFO - Processing file /home/airflow/.local/lib/python3.8/site-packages/airflow/example_dags/example_python_operator.py for tasks to queue
[2024-10-29T23:29:23.493+0000] {logging_mixin.py:188} INFO - [2024-10-29T23:29:23.492+0000] {dagbag.py:540} INFO - Filling up the DagBag from /home/airflow/.local/lib/python3.8/site-packages/airflow/example_dags/example_python_operator.py
[2024-10-29T23:29:23.507+0000] {processor.py:840} INFO - DAG(s) 'example_python_operator' retrieved from /home/airflow/.local/lib/python3.8/site-packages/airflow/example_dags/example_python_operator.py
[2024-10-29T23:29:23.531+0000] {logging_mixin.py:188} INFO - [2024-10-29T23:29:23.530+0000] {dag.py:3047} INFO - Sync 1 DAGs
[2024-10-29T23:29:23.549+0000] {logging_mixin.py:188} INFO - [2024-10-29T23:29:23.549+0000] {dag.py:3834} INFO - Setting next_dagrun for example_python_operator to None, run_after=None
[2024-10-29T23:29:23.572+0000] {processor.py:183} INFO - Processing /home/airflow/.local/lib/python3.8/site-packages/airflow/example_dags/example_python_operator.py took 0.086 seconds
[2024-10-29T23:29:53.860+0000] {processor.py:161} INFO - Started process (PID=16914) to work on /home/airflow/.local/lib/python3.8/site-packages/airflow/example_dags/example_python_operator.py
[2024-10-29T23:29:53.860+0000] {processor.py:830} INFO - Processing file /home/airflow/.local/lib/python3.8/site-packages/airflow/example_dags/example_python_operator.py for tasks to queue
[2024-10-29T23:29:53.862+0000] {logging_mixin.py:188} INFO - [2024-10-29T23:29:53.862+0000] {dagbag.py:540} INFO - Filling up the DagBag from /home/airflow/.local/lib/python3.8/site-packages/airflow/example_dags/example_python_operator.py
[2024-10-29T23:29:53.874+0000] {processor.py:840} INFO - DAG(s) 'example_python_operator' retrieved from /home/airflow/.local/lib/python3.8/site-packages/airflow/example_dags/example_python_operator.py
[2024-10-29T23:29:53.895+0000] {logging_mixin.py:188} INFO - [2024-10-29T23:29:53.895+0000] {dag.py:3047} INFO - Sync 1 DAGs
[2024-10-29T23:29:53.909+0000] {logging_mixin.py:188} INFO - [2024-10-29T23:29:53.908+0000] {dag.py:3834} INFO - Setting next_dagrun for example_python_operator to None, run_after=None
[2024-10-29T23:29:53.930+0000] {processor.py:183} INFO - Processing /home/airflow/.local/lib/python3.8/site-packages/airflow/example_dags/example_python_operator.py took 0.073 seconds
[2024-10-29T23:30:24.290+0000] {processor.py:161} INFO - Started process (PID=16970) to work on /home/airflow/.local/lib/python3.8/site-packages/airflow/example_dags/example_python_operator.py
[2024-10-29T23:30:24.290+0000] {processor.py:830} INFO - Processing file /home/airflow/.local/lib/python3.8/site-packages/airflow/example_dags/example_python_operator.py for tasks to queue
[2024-10-29T23:30:24.292+0000] {logging_mixin.py:188} INFO - [2024-10-29T23:30:24.292+0000] {dagbag.py:540} INFO - Filling up the DagBag from /home/airflow/.local/lib/python3.8/site-packages/airflow/example_dags/example_python_operator.py
[2024-10-29T23:30:24.301+0000] {processor.py:840} INFO - DAG(s) 'example_python_operator' retrieved from /home/airflow/.local/lib/python3.8/site-packages/airflow/example_dags/example_python_operator.py
[2024-10-29T23:30:24.321+0000] {logging_mixin.py:188} INFO - [2024-10-29T23:30:24.321+0000] {dag.py:3047} INFO - Sync 1 DAGs
[2024-10-29T23:30:24.333+0000] {logging_mixin.py:188} INFO - [2024-10-29T23:30:24.333+0000] {dag.py:3834} INFO - Setting next_dagrun for example_python_operator to None, run_after=None
[2024-10-29T23:30:24.349+0000] {processor.py:183} INFO - Processing /home/airflow/.local/lib/python3.8/site-packages/airflow/example_dags/example_python_operator.py took 0.062 seconds
[2024-10-29T23:30:54.869+0000] {processor.py:161} INFO - Started process (PID=17025) to work on /home/airflow/.local/lib/python3.8/site-packages/airflow/example_dags/example_python_operator.py
[2024-10-29T23:30:54.870+0000] {processor.py:830} INFO - Processing file /home/airflow/.local/lib/python3.8/site-packages/airflow/example_dags/example_python_operator.py for tasks to queue
[2024-10-29T23:30:54.871+0000] {logging_mixin.py:188} INFO - [2024-10-29T23:30:54.871+0000] {dagbag.py:540} INFO - Filling up the DagBag from /home/airflow/.local/lib/python3.8/site-packages/airflow/example_dags/example_python_operator.py
[2024-10-29T23:30:54.879+0000] {processor.py:840} INFO - DAG(s) 'example_python_operator' retrieved from /home/airflow/.local/lib/python3.8/site-packages/airflow/example_dags/example_python_operator.py
[2024-10-29T23:30:54.896+0000] {logging_mixin.py:188} INFO - [2024-10-29T23:30:54.896+0000] {dag.py:3047} INFO - Sync 1 DAGs
[2024-10-29T23:30:54.907+0000] {logging_mixin.py:188} INFO - [2024-10-29T23:30:54.906+0000] {dag.py:3834} INFO - Setting next_dagrun for example_python_operator to None, run_after=None
[2024-10-29T23:30:54.922+0000] {processor.py:183} INFO - Processing /home/airflow/.local/lib/python3.8/site-packages/airflow/example_dags/example_python_operator.py took 0.055 seconds
[2024-10-29T23:31:25.440+0000] {processor.py:161} INFO - Started process (PID=17081) to work on /home/airflow/.local/lib/python3.8/site-packages/airflow/example_dags/example_python_operator.py
[2024-10-29T23:31:25.440+0000] {processor.py:830} INFO - Processing file /home/airflow/.local/lib/python3.8/site-packages/airflow/example_dags/example_python_operator.py for tasks to queue
[2024-10-29T23:31:25.442+0000] {logging_mixin.py:188} INFO - [2024-10-29T23:31:25.442+0000] {dagbag.py:540} INFO - Filling up the DagBag from /home/airflow/.local/lib/python3.8/site-packages/airflow/example_dags/example_python_operator.py
[2024-10-29T23:31:25.450+0000] {processor.py:840} INFO - DAG(s) 'example_python_operator' retrieved from /home/airflow/.local/lib/python3.8/site-packages/airflow/example_dags/example_python_operator.py
[2024-10-29T23:31:25.468+0000] {logging_mixin.py:188} INFO - [2024-10-29T23:31:25.468+0000] {dag.py:3047} INFO - Sync 1 DAGs
[2024-10-29T23:31:25.480+0000] {logging_mixin.py:188} INFO - [2024-10-29T23:31:25.479+0000] {dag.py:3834} INFO - Setting next_dagrun for example_python_operator to None, run_after=None
[2024-10-29T23:31:25.495+0000] {processor.py:183} INFO - Processing /home/airflow/.local/lib/python3.8/site-packages/airflow/example_dags/example_python_operator.py took 0.058 seconds
[2024-10-29T23:31:56.164+0000] {processor.py:161} INFO - Started process (PID=17137) to work on /home/airflow/.local/lib/python3.8/site-packages/airflow/example_dags/example_python_operator.py
[2024-10-29T23:31:56.165+0000] {processor.py:830} INFO - Processing file /home/airflow/.local/lib/python3.8/site-packages/airflow/example_dags/example_python_operator.py for tasks to queue
[2024-10-29T23:31:56.166+0000] {logging_mixin.py:188} INFO - [2024-10-29T23:31:56.166+0000] {dagbag.py:540} INFO - Filling up the DagBag from /home/airflow/.local/lib/python3.8/site-packages/airflow/example_dags/example_python_operator.py
[2024-10-29T23:31:56.173+0000] {processor.py:840} INFO - DAG(s) 'example_python_operator' retrieved from /home/airflow/.local/lib/python3.8/site-packages/airflow/example_dags/example_python_operator.py
[2024-10-29T23:31:56.189+0000] {logging_mixin.py:188} INFO - [2024-10-29T23:31:56.189+0000] {dag.py:3047} INFO - Sync 1 DAGs
[2024-10-29T23:31:56.198+0000] {logging_mixin.py:188} INFO - [2024-10-29T23:31:56.198+0000] {dag.py:3834} INFO - Setting next_dagrun for example_python_operator to None, run_after=None
[2024-10-29T23:31:56.211+0000] {processor.py:183} INFO - Processing /home/airflow/.local/lib/python3.8/site-packages/airflow/example_dags/example_python_operator.py took 0.049 seconds
[2024-10-29T23:32:26.970+0000] {processor.py:161} INFO - Started process (PID=17192) to work on /home/airflow/.local/lib/python3.8/site-packages/airflow/example_dags/example_python_operator.py
[2024-10-29T23:32:26.971+0000] {processor.py:830} INFO - Processing file /home/airflow/.local/lib/python3.8/site-packages/airflow/example_dags/example_python_operator.py for tasks to queue
[2024-10-29T23:32:26.973+0000] {logging_mixin.py:188} INFO - [2024-10-29T23:32:26.972+0000] {dagbag.py:540} INFO - Filling up the DagBag from /home/airflow/.local/lib/python3.8/site-packages/airflow/example_dags/example_python_operator.py
[2024-10-29T23:32:26.983+0000] {processor.py:840} INFO - DAG(s) 'example_python_operator' retrieved from /home/airflow/.local/lib/python3.8/site-packages/airflow/example_dags/example_python_operator.py
[2024-10-29T23:32:27.004+0000] {logging_mixin.py:188} INFO - [2024-10-29T23:32:27.003+0000] {dag.py:3047} INFO - Sync 1 DAGs
[2024-10-29T23:32:27.016+0000] {logging_mixin.py:188} INFO - [2024-10-29T23:32:27.015+0000] {dag.py:3834} INFO - Setting next_dagrun for example_python_operator to None, run_after=None
[2024-10-29T23:32:27.033+0000] {processor.py:183} INFO - Processing /home/airflow/.local/lib/python3.8/site-packages/airflow/example_dags/example_python_operator.py took 0.065 seconds
[2024-10-29T23:32:57.329+0000] {processor.py:161} INFO - Started process (PID=17248) to work on /home/airflow/.local/lib/python3.8/site-packages/airflow/example_dags/example_python_operator.py
[2024-10-29T23:32:57.330+0000] {processor.py:830} INFO - Processing file /home/airflow/.local/lib/python3.8/site-packages/airflow/example_dags/example_python_operator.py for tasks to queue
[2024-10-29T23:32:57.332+0000] {logging_mixin.py:188} INFO - [2024-10-29T23:32:57.331+0000] {dagbag.py:540} INFO - Filling up the DagBag from /home/airflow/.local/lib/python3.8/site-packages/airflow/example_dags/example_python_operator.py
[2024-10-29T23:32:57.342+0000] {processor.py:840} INFO - DAG(s) 'example_python_operator' retrieved from /home/airflow/.local/lib/python3.8/site-packages/airflow/example_dags/example_python_operator.py
[2024-10-29T23:32:57.364+0000] {logging_mixin.py:188} INFO - [2024-10-29T23:32:57.364+0000] {dag.py:3047} INFO - Sync 1 DAGs
[2024-10-29T23:32:57.376+0000] {logging_mixin.py:188} INFO - [2024-10-29T23:32:57.376+0000] {dag.py:3834} INFO - Setting next_dagrun for example_python_operator to None, run_after=None
[2024-10-29T23:32:57.393+0000] {processor.py:183} INFO - Processing /home/airflow/.local/lib/python3.8/site-packages/airflow/example_dags/example_python_operator.py took 0.067 seconds
[2024-10-29T23:34:16.815+0000] {processor.py:161} INFO - Started process (PID=47) to work on /home/airflow/.local/lib/python3.8/site-packages/airflow/example_dags/example_python_operator.py
[2024-10-29T23:34:16.817+0000] {processor.py:830} INFO - Processing file /home/airflow/.local/lib/python3.8/site-packages/airflow/example_dags/example_python_operator.py for tasks to queue
[2024-10-29T23:34:16.819+0000] {logging_mixin.py:188} INFO - [2024-10-29T23:34:16.818+0000] {dagbag.py:540} INFO - Filling up the DagBag from /home/airflow/.local/lib/python3.8/site-packages/airflow/example_dags/example_python_operator.py
[2024-10-29T23:34:16.851+0000] {processor.py:840} INFO - DAG(s) 'example_python_operator' retrieved from /home/airflow/.local/lib/python3.8/site-packages/airflow/example_dags/example_python_operator.py
[2024-10-29T23:34:16.870+0000] {logging_mixin.py:188} INFO - [2024-10-29T23:34:16.870+0000] {dag.py:3047} INFO - Sync 1 DAGs
[2024-10-29T23:34:16.894+0000] {logging_mixin.py:188} INFO - [2024-10-29T23:34:16.893+0000] {dag.py:3834} INFO - Setting next_dagrun for example_python_operator to None, run_after=None
[2024-10-29T23:34:16.916+0000] {processor.py:183} INFO - Processing /home/airflow/.local/lib/python3.8/site-packages/airflow/example_dags/example_python_operator.py took 0.110 seconds
[2024-10-29T23:34:48.110+0000] {processor.py:161} INFO - Started process (PID=103) to work on /home/airflow/.local/lib/python3.8/site-packages/airflow/example_dags/example_python_operator.py
[2024-10-29T23:34:48.111+0000] {processor.py:830} INFO - Processing file /home/airflow/.local/lib/python3.8/site-packages/airflow/example_dags/example_python_operator.py for tasks to queue
[2024-10-29T23:34:48.113+0000] {logging_mixin.py:188} INFO - [2024-10-29T23:34:48.113+0000] {dagbag.py:540} INFO - Filling up the DagBag from /home/airflow/.local/lib/python3.8/site-packages/airflow/example_dags/example_python_operator.py
[2024-10-29T23:34:48.124+0000] {processor.py:840} INFO - DAG(s) 'example_python_operator' retrieved from /home/airflow/.local/lib/python3.8/site-packages/airflow/example_dags/example_python_operator.py
[2024-10-29T23:34:48.250+0000] {logging_mixin.py:188} INFO - [2024-10-29T23:34:48.249+0000] {dag.py:3047} INFO - Sync 1 DAGs
[2024-10-29T23:34:48.262+0000] {logging_mixin.py:188} INFO - [2024-10-29T23:34:48.262+0000] {dag.py:3834} INFO - Setting next_dagrun for example_python_operator to None, run_after=None
[2024-10-29T23:34:48.293+0000] {processor.py:183} INFO - Processing /home/airflow/.local/lib/python3.8/site-packages/airflow/example_dags/example_python_operator.py took 0.186 seconds
[2024-10-29T23:35:18.654+0000] {processor.py:161} INFO - Started process (PID=159) to work on /home/airflow/.local/lib/python3.8/site-packages/airflow/example_dags/example_python_operator.py
[2024-10-29T23:35:18.655+0000] {processor.py:830} INFO - Processing file /home/airflow/.local/lib/python3.8/site-packages/airflow/example_dags/example_python_operator.py for tasks to queue
[2024-10-29T23:35:18.657+0000] {logging_mixin.py:188} INFO - [2024-10-29T23:35:18.657+0000] {dagbag.py:540} INFO - Filling up the DagBag from /home/airflow/.local/lib/python3.8/site-packages/airflow/example_dags/example_python_operator.py
[2024-10-29T23:35:18.668+0000] {processor.py:840} INFO - DAG(s) 'example_python_operator' retrieved from /home/airflow/.local/lib/python3.8/site-packages/airflow/example_dags/example_python_operator.py
[2024-10-29T23:35:18.697+0000] {logging_mixin.py:188} INFO - [2024-10-29T23:35:18.696+0000] {dag.py:3047} INFO - Sync 1 DAGs
[2024-10-29T23:35:18.717+0000] {logging_mixin.py:188} INFO - [2024-10-29T23:35:18.717+0000] {dag.py:3834} INFO - Setting next_dagrun for example_python_operator to None, run_after=None
[2024-10-29T23:35:18.743+0000] {processor.py:183} INFO - Processing /home/airflow/.local/lib/python3.8/site-packages/airflow/example_dags/example_python_operator.py took 0.091 seconds
[2024-10-29T23:35:48.783+0000] {processor.py:161} INFO - Started process (PID=215) to work on /home/airflow/.local/lib/python3.8/site-packages/airflow/example_dags/example_python_operator.py
[2024-10-29T23:35:48.784+0000] {processor.py:830} INFO - Processing file /home/airflow/.local/lib/python3.8/site-packages/airflow/example_dags/example_python_operator.py for tasks to queue
[2024-10-29T23:35:48.785+0000] {logging_mixin.py:188} INFO - [2024-10-29T23:35:48.785+0000] {dagbag.py:540} INFO - Filling up the DagBag from /home/airflow/.local/lib/python3.8/site-packages/airflow/example_dags/example_python_operator.py
[2024-10-29T23:35:48.794+0000] {processor.py:840} INFO - DAG(s) 'example_python_operator' retrieved from /home/airflow/.local/lib/python3.8/site-packages/airflow/example_dags/example_python_operator.py
[2024-10-29T23:35:48.817+0000] {logging_mixin.py:188} INFO - [2024-10-29T23:35:48.817+0000] {dag.py:3047} INFO - Sync 1 DAGs
[2024-10-29T23:35:48.836+0000] {logging_mixin.py:188} INFO - [2024-10-29T23:35:48.836+0000] {dag.py:3834} INFO - Setting next_dagrun for example_python_operator to None, run_after=None
[2024-10-29T23:35:48.858+0000] {processor.py:183} INFO - Processing /home/airflow/.local/lib/python3.8/site-packages/airflow/example_dags/example_python_operator.py took 0.077 seconds
[2024-10-29T23:36:19.118+0000] {processor.py:161} INFO - Started process (PID=271) to work on /home/airflow/.local/lib/python3.8/site-packages/airflow/example_dags/example_python_operator.py
[2024-10-29T23:36:19.119+0000] {processor.py:830} INFO - Processing file /home/airflow/.local/lib/python3.8/site-packages/airflow/example_dags/example_python_operator.py for tasks to queue
[2024-10-29T23:36:19.120+0000] {logging_mixin.py:188} INFO - [2024-10-29T23:36:19.120+0000] {dagbag.py:540} INFO - Filling up the DagBag from /home/airflow/.local/lib/python3.8/site-packages/airflow/example_dags/example_python_operator.py
[2024-10-29T23:36:19.130+0000] {processor.py:840} INFO - DAG(s) 'example_python_operator' retrieved from /home/airflow/.local/lib/python3.8/site-packages/airflow/example_dags/example_python_operator.py
[2024-10-29T23:36:19.154+0000] {logging_mixin.py:188} INFO - [2024-10-29T23:36:19.153+0000] {dag.py:3047} INFO - Sync 1 DAGs
[2024-10-29T23:36:19.167+0000] {logging_mixin.py:188} INFO - [2024-10-29T23:36:19.167+0000] {dag.py:3834} INFO - Setting next_dagrun for example_python_operator to None, run_after=None
[2024-10-29T23:36:19.186+0000] {processor.py:183} INFO - Processing /home/airflow/.local/lib/python3.8/site-packages/airflow/example_dags/example_python_operator.py took 0.072 seconds
[2024-10-29T23:36:49.685+0000] {processor.py:161} INFO - Started process (PID=327) to work on /home/airflow/.local/lib/python3.8/site-packages/airflow/example_dags/example_python_operator.py
[2024-10-29T23:36:49.686+0000] {processor.py:830} INFO - Processing file /home/airflow/.local/lib/python3.8/site-packages/airflow/example_dags/example_python_operator.py for tasks to queue
[2024-10-29T23:36:49.687+0000] {logging_mixin.py:188} INFO - [2024-10-29T23:36:49.687+0000] {dagbag.py:540} INFO - Filling up the DagBag from /home/airflow/.local/lib/python3.8/site-packages/airflow/example_dags/example_python_operator.py
[2024-10-29T23:36:49.697+0000] {processor.py:840} INFO - DAG(s) 'example_python_operator' retrieved from /home/airflow/.local/lib/python3.8/site-packages/airflow/example_dags/example_python_operator.py
[2024-10-29T23:36:49.722+0000] {logging_mixin.py:188} INFO - [2024-10-29T23:36:49.722+0000] {dag.py:3047} INFO - Sync 1 DAGs
[2024-10-29T23:36:49.734+0000] {logging_mixin.py:188} INFO - [2024-10-29T23:36:49.734+0000] {dag.py:3834} INFO - Setting next_dagrun for example_python_operator to None, run_after=None
[2024-10-29T23:36:49.751+0000] {processor.py:183} INFO - Processing /home/airflow/.local/lib/python3.8/site-packages/airflow/example_dags/example_python_operator.py took 0.069 seconds
[2024-10-29T23:37:19.969+0000] {processor.py:161} INFO - Started process (PID=383) to work on /home/airflow/.local/lib/python3.8/site-packages/airflow/example_dags/example_python_operator.py
[2024-10-29T23:37:19.970+0000] {processor.py:830} INFO - Processing file /home/airflow/.local/lib/python3.8/site-packages/airflow/example_dags/example_python_operator.py for tasks to queue
[2024-10-29T23:37:19.972+0000] {logging_mixin.py:188} INFO - [2024-10-29T23:37:19.972+0000] {dagbag.py:540} INFO - Filling up the DagBag from /home/airflow/.local/lib/python3.8/site-packages/airflow/example_dags/example_python_operator.py
[2024-10-29T23:37:19.983+0000] {processor.py:840} INFO - DAG(s) 'example_python_operator' retrieved from /home/airflow/.local/lib/python3.8/site-packages/airflow/example_dags/example_python_operator.py
[2024-10-29T23:37:20.017+0000] {logging_mixin.py:188} INFO - [2024-10-29T23:37:20.016+0000] {dag.py:3047} INFO - Sync 1 DAGs
[2024-10-29T23:37:20.036+0000] {logging_mixin.py:188} INFO - [2024-10-29T23:37:20.036+0000] {dag.py:3834} INFO - Setting next_dagrun for example_python_operator to None, run_after=None
[2024-10-29T23:37:20.057+0000] {processor.py:183} INFO - Processing /home/airflow/.local/lib/python3.8/site-packages/airflow/example_dags/example_python_operator.py took 0.092 seconds
[2024-10-29T23:37:50.701+0000] {processor.py:161} INFO - Started process (PID=439) to work on /home/airflow/.local/lib/python3.8/site-packages/airflow/example_dags/example_python_operator.py
[2024-10-29T23:37:50.702+0000] {processor.py:830} INFO - Processing file /home/airflow/.local/lib/python3.8/site-packages/airflow/example_dags/example_python_operator.py for tasks to queue
[2024-10-29T23:37:50.704+0000] {logging_mixin.py:188} INFO - [2024-10-29T23:37:50.703+0000] {dagbag.py:540} INFO - Filling up the DagBag from /home/airflow/.local/lib/python3.8/site-packages/airflow/example_dags/example_python_operator.py
[2024-10-29T23:37:50.716+0000] {processor.py:840} INFO - DAG(s) 'example_python_operator' retrieved from /home/airflow/.local/lib/python3.8/site-packages/airflow/example_dags/example_python_operator.py
[2024-10-29T23:37:50.750+0000] {logging_mixin.py:188} INFO - [2024-10-29T23:37:50.749+0000] {dag.py:3047} INFO - Sync 1 DAGs
[2024-10-29T23:37:50.771+0000] {logging_mixin.py:188} INFO - [2024-10-29T23:37:50.771+0000] {dag.py:3834} INFO - Setting next_dagrun for example_python_operator to None, run_after=None
[2024-10-29T23:37:50.804+0000] {processor.py:183} INFO - Processing /home/airflow/.local/lib/python3.8/site-packages/airflow/example_dags/example_python_operator.py took 0.106 seconds
[2024-10-29T23:38:21.299+0000] {processor.py:161} INFO - Started process (PID=495) to work on /home/airflow/.local/lib/python3.8/site-packages/airflow/example_dags/example_python_operator.py
[2024-10-29T23:38:21.300+0000] {processor.py:830} INFO - Processing file /home/airflow/.local/lib/python3.8/site-packages/airflow/example_dags/example_python_operator.py for tasks to queue
[2024-10-29T23:38:21.302+0000] {logging_mixin.py:188} INFO - [2024-10-29T23:38:21.302+0000] {dagbag.py:540} INFO - Filling up the DagBag from /home/airflow/.local/lib/python3.8/site-packages/airflow/example_dags/example_python_operator.py
[2024-10-29T23:38:21.318+0000] {processor.py:840} INFO - DAG(s) 'example_python_operator' retrieved from /home/airflow/.local/lib/python3.8/site-packages/airflow/example_dags/example_python_operator.py
[2024-10-29T23:38:21.351+0000] {logging_mixin.py:188} INFO - [2024-10-29T23:38:21.350+0000] {dag.py:3047} INFO - Sync 1 DAGs
[2024-10-29T23:38:21.371+0000] {logging_mixin.py:188} INFO - [2024-10-29T23:38:21.371+0000] {dag.py:3834} INFO - Setting next_dagrun for example_python_operator to None, run_after=None
[2024-10-29T23:38:21.399+0000] {processor.py:183} INFO - Processing /home/airflow/.local/lib/python3.8/site-packages/airflow/example_dags/example_python_operator.py took 0.105 seconds
[2024-10-29T23:38:51.492+0000] {processor.py:161} INFO - Started process (PID=551) to work on /home/airflow/.local/lib/python3.8/site-packages/airflow/example_dags/example_python_operator.py
[2024-10-29T23:38:51.493+0000] {processor.py:830} INFO - Processing file /home/airflow/.local/lib/python3.8/site-packages/airflow/example_dags/example_python_operator.py for tasks to queue
[2024-10-29T23:38:51.494+0000] {logging_mixin.py:188} INFO - [2024-10-29T23:38:51.494+0000] {dagbag.py:540} INFO - Filling up the DagBag from /home/airflow/.local/lib/python3.8/site-packages/airflow/example_dags/example_python_operator.py
[2024-10-29T23:38:51.507+0000] {processor.py:840} INFO - DAG(s) 'example_python_operator' retrieved from /home/airflow/.local/lib/python3.8/site-packages/airflow/example_dags/example_python_operator.py
[2024-10-29T23:38:51.536+0000] {logging_mixin.py:188} INFO - [2024-10-29T23:38:51.536+0000] {dag.py:3047} INFO - Sync 1 DAGs
[2024-10-29T23:38:51.559+0000] {logging_mixin.py:188} INFO - [2024-10-29T23:38:51.559+0000] {dag.py:3834} INFO - Setting next_dagrun for example_python_operator to None, run_after=None
[2024-10-29T23:38:51.591+0000] {processor.py:183} INFO - Processing /home/airflow/.local/lib/python3.8/site-packages/airflow/example_dags/example_python_operator.py took 0.103 seconds
[2024-10-29T23:39:21.923+0000] {processor.py:161} INFO - Started process (PID=607) to work on /home/airflow/.local/lib/python3.8/site-packages/airflow/example_dags/example_python_operator.py
[2024-10-29T23:39:21.924+0000] {processor.py:830} INFO - Processing file /home/airflow/.local/lib/python3.8/site-packages/airflow/example_dags/example_python_operator.py for tasks to queue
[2024-10-29T23:39:21.927+0000] {logging_mixin.py:188} INFO - [2024-10-29T23:39:21.926+0000] {dagbag.py:540} INFO - Filling up the DagBag from /home/airflow/.local/lib/python3.8/site-packages/airflow/example_dags/example_python_operator.py
[2024-10-29T23:39:21.943+0000] {processor.py:840} INFO - DAG(s) 'example_python_operator' retrieved from /home/airflow/.local/lib/python3.8/site-packages/airflow/example_dags/example_python_operator.py
[2024-10-29T23:39:21.976+0000] {logging_mixin.py:188} INFO - [2024-10-29T23:39:21.975+0000] {dag.py:3047} INFO - Sync 1 DAGs
[2024-10-29T23:39:21.999+0000] {logging_mixin.py:188} INFO - [2024-10-29T23:39:21.999+0000] {dag.py:3834} INFO - Setting next_dagrun for example_python_operator to None, run_after=None
[2024-10-29T23:39:22.033+0000] {processor.py:183} INFO - Processing /home/airflow/.local/lib/python3.8/site-packages/airflow/example_dags/example_python_operator.py took 0.116 seconds
[2024-10-29T23:39:52.588+0000] {processor.py:161} INFO - Started process (PID=663) to work on /home/airflow/.local/lib/python3.8/site-packages/airflow/example_dags/example_python_operator.py
[2024-10-29T23:39:52.588+0000] {processor.py:830} INFO - Processing file /home/airflow/.local/lib/python3.8/site-packages/airflow/example_dags/example_python_operator.py for tasks to queue
[2024-10-29T23:39:52.590+0000] {logging_mixin.py:188} INFO - [2024-10-29T23:39:52.590+0000] {dagbag.py:540} INFO - Filling up the DagBag from /home/airflow/.local/lib/python3.8/site-packages/airflow/example_dags/example_python_operator.py
[2024-10-29T23:39:52.599+0000] {processor.py:840} INFO - DAG(s) 'example_python_operator' retrieved from /home/airflow/.local/lib/python3.8/site-packages/airflow/example_dags/example_python_operator.py
[2024-10-29T23:39:52.618+0000] {logging_mixin.py:188} INFO - [2024-10-29T23:39:52.618+0000] {dag.py:3047} INFO - Sync 1 DAGs
[2024-10-29T23:39:52.630+0000] {logging_mixin.py:188} INFO - [2024-10-29T23:39:52.630+0000] {dag.py:3834} INFO - Setting next_dagrun for example_python_operator to None, run_after=None
[2024-10-29T23:39:52.649+0000] {processor.py:183} INFO - Processing /home/airflow/.local/lib/python3.8/site-packages/airflow/example_dags/example_python_operator.py took 0.064 seconds
[2024-10-29T23:40:23.015+0000] {processor.py:161} INFO - Started process (PID=719) to work on /home/airflow/.local/lib/python3.8/site-packages/airflow/example_dags/example_python_operator.py
[2024-10-29T23:40:23.016+0000] {processor.py:830} INFO - Processing file /home/airflow/.local/lib/python3.8/site-packages/airflow/example_dags/example_python_operator.py for tasks to queue
[2024-10-29T23:40:23.018+0000] {logging_mixin.py:188} INFO - [2024-10-29T23:40:23.018+0000] {dagbag.py:540} INFO - Filling up the DagBag from /home/airflow/.local/lib/python3.8/site-packages/airflow/example_dags/example_python_operator.py
[2024-10-29T23:40:23.029+0000] {processor.py:840} INFO - DAG(s) 'example_python_operator' retrieved from /home/airflow/.local/lib/python3.8/site-packages/airflow/example_dags/example_python_operator.py
[2024-10-29T23:40:23.051+0000] {logging_mixin.py:188} INFO - [2024-10-29T23:40:23.051+0000] {dag.py:3047} INFO - Sync 1 DAGs
[2024-10-29T23:40:23.064+0000] {logging_mixin.py:188} INFO - [2024-10-29T23:40:23.063+0000] {dag.py:3834} INFO - Setting next_dagrun for example_python_operator to None, run_after=None
[2024-10-29T23:40:23.084+0000] {processor.py:183} INFO - Processing /home/airflow/.local/lib/python3.8/site-packages/airflow/example_dags/example_python_operator.py took 0.072 seconds
[2024-10-29T23:40:53.517+0000] {processor.py:161} INFO - Started process (PID=774) to work on /home/airflow/.local/lib/python3.8/site-packages/airflow/example_dags/example_python_operator.py
[2024-10-29T23:40:53.518+0000] {processor.py:830} INFO - Processing file /home/airflow/.local/lib/python3.8/site-packages/airflow/example_dags/example_python_operator.py for tasks to queue
[2024-10-29T23:40:53.520+0000] {logging_mixin.py:188} INFO - [2024-10-29T23:40:53.520+0000] {dagbag.py:540} INFO - Filling up the DagBag from /home/airflow/.local/lib/python3.8/site-packages/airflow/example_dags/example_python_operator.py
[2024-10-29T23:40:53.531+0000] {processor.py:840} INFO - DAG(s) 'example_python_operator' retrieved from /home/airflow/.local/lib/python3.8/site-packages/airflow/example_dags/example_python_operator.py
[2024-10-29T23:40:53.564+0000] {logging_mixin.py:188} INFO - [2024-10-29T23:40:53.564+0000] {dag.py:3047} INFO - Sync 1 DAGs
[2024-10-29T23:40:53.581+0000] {logging_mixin.py:188} INFO - [2024-10-29T23:40:53.580+0000] {dag.py:3834} INFO - Setting next_dagrun for example_python_operator to None, run_after=None
[2024-10-29T23:40:53.606+0000] {processor.py:183} INFO - Processing /home/airflow/.local/lib/python3.8/site-packages/airflow/example_dags/example_python_operator.py took 0.092 seconds
[2024-10-29T23:41:24.130+0000] {processor.py:161} INFO - Started process (PID=830) to work on /home/airflow/.local/lib/python3.8/site-packages/airflow/example_dags/example_python_operator.py
[2024-10-29T23:41:24.131+0000] {processor.py:830} INFO - Processing file /home/airflow/.local/lib/python3.8/site-packages/airflow/example_dags/example_python_operator.py for tasks to queue
[2024-10-29T23:41:24.134+0000] {logging_mixin.py:188} INFO - [2024-10-29T23:41:24.133+0000] {dagbag.py:540} INFO - Filling up the DagBag from /home/airflow/.local/lib/python3.8/site-packages/airflow/example_dags/example_python_operator.py
[2024-10-29T23:41:24.150+0000] {processor.py:840} INFO - DAG(s) 'example_python_operator' retrieved from /home/airflow/.local/lib/python3.8/site-packages/airflow/example_dags/example_python_operator.py
[2024-10-29T23:41:24.178+0000] {logging_mixin.py:188} INFO - [2024-10-29T23:41:24.178+0000] {dag.py:3047} INFO - Sync 1 DAGs
[2024-10-29T23:41:24.202+0000] {logging_mixin.py:188} INFO - [2024-10-29T23:41:24.201+0000] {dag.py:3834} INFO - Setting next_dagrun for example_python_operator to None, run_after=None
[2024-10-29T23:41:24.236+0000] {processor.py:183} INFO - Processing /home/airflow/.local/lib/python3.8/site-packages/airflow/example_dags/example_python_operator.py took 0.111 seconds
[2024-10-29T23:41:54.293+0000] {processor.py:161} INFO - Started process (PID=886) to work on /home/airflow/.local/lib/python3.8/site-packages/airflow/example_dags/example_python_operator.py
[2024-10-29T23:41:54.294+0000] {processor.py:830} INFO - Processing file /home/airflow/.local/lib/python3.8/site-packages/airflow/example_dags/example_python_operator.py for tasks to queue
[2024-10-29T23:41:54.296+0000] {logging_mixin.py:188} INFO - [2024-10-29T23:41:54.296+0000] {dagbag.py:540} INFO - Filling up the DagBag from /home/airflow/.local/lib/python3.8/site-packages/airflow/example_dags/example_python_operator.py
[2024-10-29T23:41:54.308+0000] {processor.py:840} INFO - DAG(s) 'example_python_operator' retrieved from /home/airflow/.local/lib/python3.8/site-packages/airflow/example_dags/example_python_operator.py
[2024-10-29T23:41:54.334+0000] {logging_mixin.py:188} INFO - [2024-10-29T23:41:54.333+0000] {dag.py:3047} INFO - Sync 1 DAGs
[2024-10-29T23:41:54.353+0000] {logging_mixin.py:188} INFO - [2024-10-29T23:41:54.353+0000] {dag.py:3834} INFO - Setting next_dagrun for example_python_operator to None, run_after=None
[2024-10-29T23:41:54.372+0000] {processor.py:183} INFO - Processing /home/airflow/.local/lib/python3.8/site-packages/airflow/example_dags/example_python_operator.py took 0.082 seconds
[2024-10-29T23:42:24.622+0000] {processor.py:161} INFO - Started process (PID=942) to work on /home/airflow/.local/lib/python3.8/site-packages/airflow/example_dags/example_python_operator.py
[2024-10-29T23:42:24.623+0000] {processor.py:830} INFO - Processing file /home/airflow/.local/lib/python3.8/site-packages/airflow/example_dags/example_python_operator.py for tasks to queue
[2024-10-29T23:42:24.624+0000] {logging_mixin.py:188} INFO - [2024-10-29T23:42:24.624+0000] {dagbag.py:540} INFO - Filling up the DagBag from /home/airflow/.local/lib/python3.8/site-packages/airflow/example_dags/example_python_operator.py
[2024-10-29T23:42:24.632+0000] {processor.py:840} INFO - DAG(s) 'example_python_operator' retrieved from /home/airflow/.local/lib/python3.8/site-packages/airflow/example_dags/example_python_operator.py
[2024-10-29T23:42:24.650+0000] {logging_mixin.py:188} INFO - [2024-10-29T23:42:24.650+0000] {dag.py:3047} INFO - Sync 1 DAGs
[2024-10-29T23:42:24.660+0000] {logging_mixin.py:188} INFO - [2024-10-29T23:42:24.660+0000] {dag.py:3834} INFO - Setting next_dagrun for example_python_operator to None, run_after=None
[2024-10-29T23:42:24.673+0000] {processor.py:183} INFO - Processing /home/airflow/.local/lib/python3.8/site-packages/airflow/example_dags/example_python_operator.py took 0.053 seconds
[2024-10-29T23:42:55.185+0000] {processor.py:161} INFO - Started process (PID=998) to work on /home/airflow/.local/lib/python3.8/site-packages/airflow/example_dags/example_python_operator.py
[2024-10-29T23:42:55.186+0000] {processor.py:830} INFO - Processing file /home/airflow/.local/lib/python3.8/site-packages/airflow/example_dags/example_python_operator.py for tasks to queue
[2024-10-29T23:42:55.187+0000] {logging_mixin.py:188} INFO - [2024-10-29T23:42:55.187+0000] {dagbag.py:540} INFO - Filling up the DagBag from /home/airflow/.local/lib/python3.8/site-packages/airflow/example_dags/example_python_operator.py
[2024-10-29T23:42:55.198+0000] {processor.py:840} INFO - DAG(s) 'example_python_operator' retrieved from /home/airflow/.local/lib/python3.8/site-packages/airflow/example_dags/example_python_operator.py
[2024-10-29T23:42:55.221+0000] {logging_mixin.py:188} INFO - [2024-10-29T23:42:55.221+0000] {dag.py:3047} INFO - Sync 1 DAGs
[2024-10-29T23:42:55.235+0000] {logging_mixin.py:188} INFO - [2024-10-29T23:42:55.235+0000] {dag.py:3834} INFO - Setting next_dagrun for example_python_operator to None, run_after=None
[2024-10-29T23:42:55.256+0000] {processor.py:183} INFO - Processing /home/airflow/.local/lib/python3.8/site-packages/airflow/example_dags/example_python_operator.py took 0.075 seconds
[2024-10-29T23:43:25.497+0000] {processor.py:161} INFO - Started process (PID=1054) to work on /home/airflow/.local/lib/python3.8/site-packages/airflow/example_dags/example_python_operator.py
[2024-10-29T23:43:25.499+0000] {processor.py:830} INFO - Processing file /home/airflow/.local/lib/python3.8/site-packages/airflow/example_dags/example_python_operator.py for tasks to queue
[2024-10-29T23:43:25.505+0000] {logging_mixin.py:188} INFO - [2024-10-29T23:43:25.504+0000] {dagbag.py:540} INFO - Filling up the DagBag from /home/airflow/.local/lib/python3.8/site-packages/airflow/example_dags/example_python_operator.py
[2024-10-29T23:43:25.548+0000] {processor.py:840} INFO - DAG(s) 'example_python_operator' retrieved from /home/airflow/.local/lib/python3.8/site-packages/airflow/example_dags/example_python_operator.py
[2024-10-29T23:43:25.591+0000] {logging_mixin.py:188} INFO - [2024-10-29T23:43:25.591+0000] {dag.py:3047} INFO - Sync 1 DAGs
[2024-10-29T23:43:25.607+0000] {logging_mixin.py:188} INFO - [2024-10-29T23:43:25.607+0000] {dag.py:3834} INFO - Setting next_dagrun for example_python_operator to None, run_after=None
[2024-10-29T23:43:25.634+0000] {processor.py:183} INFO - Processing /home/airflow/.local/lib/python3.8/site-packages/airflow/example_dags/example_python_operator.py took 0.147 seconds
[2024-10-29T23:43:55.715+0000] {processor.py:161} INFO - Started process (PID=1110) to work on /home/airflow/.local/lib/python3.8/site-packages/airflow/example_dags/example_python_operator.py
[2024-10-29T23:43:55.716+0000] {processor.py:830} INFO - Processing file /home/airflow/.local/lib/python3.8/site-packages/airflow/example_dags/example_python_operator.py for tasks to queue
[2024-10-29T23:43:55.717+0000] {logging_mixin.py:188} INFO - [2024-10-29T23:43:55.717+0000] {dagbag.py:540} INFO - Filling up the DagBag from /home/airflow/.local/lib/python3.8/site-packages/airflow/example_dags/example_python_operator.py
[2024-10-29T23:43:55.728+0000] {processor.py:840} INFO - DAG(s) 'example_python_operator' retrieved from /home/airflow/.local/lib/python3.8/site-packages/airflow/example_dags/example_python_operator.py
[2024-10-29T23:43:55.750+0000] {logging_mixin.py:188} INFO - [2024-10-29T23:43:55.750+0000] {dag.py:3047} INFO - Sync 1 DAGs
[2024-10-29T23:43:55.767+0000] {logging_mixin.py:188} INFO - [2024-10-29T23:43:55.767+0000] {dag.py:3834} INFO - Setting next_dagrun for example_python_operator to None, run_after=None
[2024-10-29T23:43:55.787+0000] {processor.py:183} INFO - Processing /home/airflow/.local/lib/python3.8/site-packages/airflow/example_dags/example_python_operator.py took 0.074 seconds
[2024-10-29T23:44:26.059+0000] {processor.py:161} INFO - Started process (PID=1166) to work on /home/airflow/.local/lib/python3.8/site-packages/airflow/example_dags/example_python_operator.py
[2024-10-29T23:44:26.060+0000] {processor.py:830} INFO - Processing file /home/airflow/.local/lib/python3.8/site-packages/airflow/example_dags/example_python_operator.py for tasks to queue
[2024-10-29T23:44:26.062+0000] {logging_mixin.py:188} INFO - [2024-10-29T23:44:26.061+0000] {dagbag.py:540} INFO - Filling up the DagBag from /home/airflow/.local/lib/python3.8/site-packages/airflow/example_dags/example_python_operator.py
[2024-10-29T23:44:26.076+0000] {processor.py:840} INFO - DAG(s) 'example_python_operator' retrieved from /home/airflow/.local/lib/python3.8/site-packages/airflow/example_dags/example_python_operator.py
[2024-10-29T23:44:26.103+0000] {logging_mixin.py:188} INFO - [2024-10-29T23:44:26.102+0000] {dag.py:3047} INFO - Sync 1 DAGs
[2024-10-29T23:44:26.118+0000] {logging_mixin.py:188} INFO - [2024-10-29T23:44:26.117+0000] {dag.py:3834} INFO - Setting next_dagrun for example_python_operator to None, run_after=None
[2024-10-29T23:44:26.138+0000] {processor.py:183} INFO - Processing /home/airflow/.local/lib/python3.8/site-packages/airflow/example_dags/example_python_operator.py took 0.082 seconds
[2024-10-29T23:44:56.322+0000] {processor.py:161} INFO - Started process (PID=1222) to work on /home/airflow/.local/lib/python3.8/site-packages/airflow/example_dags/example_python_operator.py
[2024-10-29T23:44:56.323+0000] {processor.py:830} INFO - Processing file /home/airflow/.local/lib/python3.8/site-packages/airflow/example_dags/example_python_operator.py for tasks to queue
[2024-10-29T23:44:56.325+0000] {logging_mixin.py:188} INFO - [2024-10-29T23:44:56.325+0000] {dagbag.py:540} INFO - Filling up the DagBag from /home/airflow/.local/lib/python3.8/site-packages/airflow/example_dags/example_python_operator.py
[2024-10-29T23:44:56.337+0000] {processor.py:840} INFO - DAG(s) 'example_python_operator' retrieved from /home/airflow/.local/lib/python3.8/site-packages/airflow/example_dags/example_python_operator.py
[2024-10-29T23:44:56.369+0000] {logging_mixin.py:188} INFO - [2024-10-29T23:44:56.369+0000] {dag.py:3047} INFO - Sync 1 DAGs
[2024-10-29T23:44:56.388+0000] {logging_mixin.py:188} INFO - [2024-10-29T23:44:56.387+0000] {dag.py:3834} INFO - Setting next_dagrun for example_python_operator to None, run_after=None
[2024-10-29T23:44:56.413+0000] {processor.py:183} INFO - Processing /home/airflow/.local/lib/python3.8/site-packages/airflow/example_dags/example_python_operator.py took 0.094 seconds
[2024-10-29T23:45:26.465+0000] {processor.py:161} INFO - Started process (PID=1278) to work on /home/airflow/.local/lib/python3.8/site-packages/airflow/example_dags/example_python_operator.py
[2024-10-29T23:45:26.466+0000] {processor.py:830} INFO - Processing file /home/airflow/.local/lib/python3.8/site-packages/airflow/example_dags/example_python_operator.py for tasks to queue
[2024-10-29T23:45:26.468+0000] {logging_mixin.py:188} INFO - [2024-10-29T23:45:26.467+0000] {dagbag.py:540} INFO - Filling up the DagBag from /home/airflow/.local/lib/python3.8/site-packages/airflow/example_dags/example_python_operator.py
[2024-10-29T23:45:26.476+0000] {processor.py:840} INFO - DAG(s) 'example_python_operator' retrieved from /home/airflow/.local/lib/python3.8/site-packages/airflow/example_dags/example_python_operator.py
[2024-10-29T23:45:26.494+0000] {logging_mixin.py:188} INFO - [2024-10-29T23:45:26.494+0000] {dag.py:3047} INFO - Sync 1 DAGs
[2024-10-29T23:45:26.504+0000] {logging_mixin.py:188} INFO - [2024-10-29T23:45:26.504+0000] {dag.py:3834} INFO - Setting next_dagrun for example_python_operator to None, run_after=None
[2024-10-29T23:45:26.522+0000] {processor.py:183} INFO - Processing /home/airflow/.local/lib/python3.8/site-packages/airflow/example_dags/example_python_operator.py took 0.059 seconds
[2024-10-29T23:45:57.011+0000] {processor.py:161} INFO - Started process (PID=1334) to work on /home/airflow/.local/lib/python3.8/site-packages/airflow/example_dags/example_python_operator.py
[2024-10-29T23:45:57.012+0000] {processor.py:830} INFO - Processing file /home/airflow/.local/lib/python3.8/site-packages/airflow/example_dags/example_python_operator.py for tasks to queue
[2024-10-29T23:45:57.015+0000] {logging_mixin.py:188} INFO - [2024-10-29T23:45:57.014+0000] {dagbag.py:540} INFO - Filling up the DagBag from /home/airflow/.local/lib/python3.8/site-packages/airflow/example_dags/example_python_operator.py
[2024-10-29T23:45:57.029+0000] {processor.py:840} INFO - DAG(s) 'example_python_operator' retrieved from /home/airflow/.local/lib/python3.8/site-packages/airflow/example_dags/example_python_operator.py
[2024-10-29T23:45:57.062+0000] {logging_mixin.py:188} INFO - [2024-10-29T23:45:57.061+0000] {dag.py:3047} INFO - Sync 1 DAGs
[2024-10-29T23:45:57.083+0000] {logging_mixin.py:188} INFO - [2024-10-29T23:45:57.083+0000] {dag.py:3834} INFO - Setting next_dagrun for example_python_operator to None, run_after=None
[2024-10-29T23:45:57.113+0000] {processor.py:183} INFO - Processing /home/airflow/.local/lib/python3.8/site-packages/airflow/example_dags/example_python_operator.py took 0.107 seconds
[2024-10-29T23:46:27.332+0000] {processor.py:161} INFO - Started process (PID=1390) to work on /home/airflow/.local/lib/python3.8/site-packages/airflow/example_dags/example_python_operator.py
[2024-10-29T23:46:27.332+0000] {processor.py:830} INFO - Processing file /home/airflow/.local/lib/python3.8/site-packages/airflow/example_dags/example_python_operator.py for tasks to queue
[2024-10-29T23:46:27.334+0000] {logging_mixin.py:188} INFO - [2024-10-29T23:46:27.333+0000] {dagbag.py:540} INFO - Filling up the DagBag from /home/airflow/.local/lib/python3.8/site-packages/airflow/example_dags/example_python_operator.py
[2024-10-29T23:46:27.341+0000] {processor.py:840} INFO - DAG(s) 'example_python_operator' retrieved from /home/airflow/.local/lib/python3.8/site-packages/airflow/example_dags/example_python_operator.py
[2024-10-29T23:46:27.360+0000] {logging_mixin.py:188} INFO - [2024-10-29T23:46:27.360+0000] {dag.py:3047} INFO - Sync 1 DAGs
[2024-10-29T23:46:27.372+0000] {logging_mixin.py:188} INFO - [2024-10-29T23:46:27.372+0000] {dag.py:3834} INFO - Setting next_dagrun for example_python_operator to None, run_after=None
[2024-10-29T23:46:27.395+0000] {processor.py:183} INFO - Processing /home/airflow/.local/lib/python3.8/site-packages/airflow/example_dags/example_python_operator.py took 0.065 seconds
[2024-10-29T23:46:57.500+0000] {processor.py:161} INFO - Started process (PID=1446) to work on /home/airflow/.local/lib/python3.8/site-packages/airflow/example_dags/example_python_operator.py
[2024-10-29T23:46:57.501+0000] {processor.py:830} INFO - Processing file /home/airflow/.local/lib/python3.8/site-packages/airflow/example_dags/example_python_operator.py for tasks to queue
[2024-10-29T23:46:57.502+0000] {logging_mixin.py:188} INFO - [2024-10-29T23:46:57.502+0000] {dagbag.py:540} INFO - Filling up the DagBag from /home/airflow/.local/lib/python3.8/site-packages/airflow/example_dags/example_python_operator.py
[2024-10-29T23:46:57.511+0000] {processor.py:840} INFO - DAG(s) 'example_python_operator' retrieved from /home/airflow/.local/lib/python3.8/site-packages/airflow/example_dags/example_python_operator.py
[2024-10-29T23:46:57.533+0000] {logging_mixin.py:188} INFO - [2024-10-29T23:46:57.533+0000] {dag.py:3047} INFO - Sync 1 DAGs
[2024-10-29T23:46:57.545+0000] {logging_mixin.py:188} INFO - [2024-10-29T23:46:57.545+0000] {dag.py:3834} INFO - Setting next_dagrun for example_python_operator to None, run_after=None
[2024-10-29T23:46:57.563+0000] {processor.py:183} INFO - Processing /home/airflow/.local/lib/python3.8/site-packages/airflow/example_dags/example_python_operator.py took 0.065 seconds
[2024-10-29T23:47:28.673+0000] {processor.py:161} INFO - Started process (PID=1502) to work on /home/airflow/.local/lib/python3.8/site-packages/airflow/example_dags/example_python_operator.py
[2024-10-29T23:47:28.674+0000] {processor.py:830} INFO - Processing file /home/airflow/.local/lib/python3.8/site-packages/airflow/example_dags/example_python_operator.py for tasks to queue
[2024-10-29T23:47:28.676+0000] {logging_mixin.py:188} INFO - [2024-10-29T23:47:28.675+0000] {dagbag.py:540} INFO - Filling up the DagBag from /home/airflow/.local/lib/python3.8/site-packages/airflow/example_dags/example_python_operator.py
[2024-10-29T23:47:28.684+0000] {processor.py:840} INFO - DAG(s) 'example_python_operator' retrieved from /home/airflow/.local/lib/python3.8/site-packages/airflow/example_dags/example_python_operator.py
[2024-10-29T23:47:28.701+0000] {logging_mixin.py:188} INFO - [2024-10-29T23:47:28.701+0000] {dag.py:3047} INFO - Sync 1 DAGs
[2024-10-29T23:47:28.711+0000] {logging_mixin.py:188} INFO - [2024-10-29T23:47:28.711+0000] {dag.py:3834} INFO - Setting next_dagrun for example_python_operator to None, run_after=None
[2024-10-29T23:47:28.725+0000] {processor.py:183} INFO - Processing /home/airflow/.local/lib/python3.8/site-packages/airflow/example_dags/example_python_operator.py took 0.054 seconds
[2024-10-29T23:47:58.843+0000] {processor.py:161} INFO - Started process (PID=1558) to work on /home/airflow/.local/lib/python3.8/site-packages/airflow/example_dags/example_python_operator.py
[2024-10-29T23:47:58.843+0000] {processor.py:830} INFO - Processing file /home/airflow/.local/lib/python3.8/site-packages/airflow/example_dags/example_python_operator.py for tasks to queue
[2024-10-29T23:47:58.845+0000] {logging_mixin.py:188} INFO - [2024-10-29T23:47:58.845+0000] {dagbag.py:540} INFO - Filling up the DagBag from /home/airflow/.local/lib/python3.8/site-packages/airflow/example_dags/example_python_operator.py
[2024-10-29T23:47:58.855+0000] {processor.py:840} INFO - DAG(s) 'example_python_operator' retrieved from /home/airflow/.local/lib/python3.8/site-packages/airflow/example_dags/example_python_operator.py
[2024-10-29T23:47:58.874+0000] {logging_mixin.py:188} INFO - [2024-10-29T23:47:58.874+0000] {dag.py:3047} INFO - Sync 1 DAGs
[2024-10-29T23:47:58.886+0000] {logging_mixin.py:188} INFO - [2024-10-29T23:47:58.885+0000] {dag.py:3834} INFO - Setting next_dagrun for example_python_operator to None, run_after=None
[2024-10-29T23:47:58.902+0000] {processor.py:183} INFO - Processing /home/airflow/.local/lib/python3.8/site-packages/airflow/example_dags/example_python_operator.py took 0.062 seconds
[2024-10-29T23:48:29.008+0000] {processor.py:161} INFO - Started process (PID=1614) to work on /home/airflow/.local/lib/python3.8/site-packages/airflow/example_dags/example_python_operator.py
[2024-10-29T23:48:29.008+0000] {processor.py:830} INFO - Processing file /home/airflow/.local/lib/python3.8/site-packages/airflow/example_dags/example_python_operator.py for tasks to queue
[2024-10-29T23:48:29.010+0000] {logging_mixin.py:188} INFO - [2024-10-29T23:48:29.009+0000] {dagbag.py:540} INFO - Filling up the DagBag from /home/airflow/.local/lib/python3.8/site-packages/airflow/example_dags/example_python_operator.py
[2024-10-29T23:48:29.018+0000] {processor.py:840} INFO - DAG(s) 'example_python_operator' retrieved from /home/airflow/.local/lib/python3.8/site-packages/airflow/example_dags/example_python_operator.py
[2024-10-29T23:48:29.041+0000] {logging_mixin.py:188} INFO - [2024-10-29T23:48:29.040+0000] {dag.py:3047} INFO - Sync 1 DAGs
[2024-10-29T23:48:29.054+0000] {logging_mixin.py:188} INFO - [2024-10-29T23:48:29.053+0000] {dag.py:3834} INFO - Setting next_dagrun for example_python_operator to None, run_after=None
[2024-10-29T23:48:29.070+0000] {processor.py:183} INFO - Processing /home/airflow/.local/lib/python3.8/site-packages/airflow/example_dags/example_python_operator.py took 0.065 seconds
[2024-10-29T23:48:59.375+0000] {processor.py:161} INFO - Started process (PID=1670) to work on /home/airflow/.local/lib/python3.8/site-packages/airflow/example_dags/example_python_operator.py
[2024-10-29T23:48:59.376+0000] {processor.py:830} INFO - Processing file /home/airflow/.local/lib/python3.8/site-packages/airflow/example_dags/example_python_operator.py for tasks to queue
[2024-10-29T23:48:59.378+0000] {logging_mixin.py:188} INFO - [2024-10-29T23:48:59.378+0000] {dagbag.py:540} INFO - Filling up the DagBag from /home/airflow/.local/lib/python3.8/site-packages/airflow/example_dags/example_python_operator.py
[2024-10-29T23:48:59.389+0000] {processor.py:840} INFO - DAG(s) 'example_python_operator' retrieved from /home/airflow/.local/lib/python3.8/site-packages/airflow/example_dags/example_python_operator.py
[2024-10-29T23:48:59.421+0000] {logging_mixin.py:188} INFO - [2024-10-29T23:48:59.420+0000] {dag.py:3047} INFO - Sync 1 DAGs
[2024-10-29T23:48:59.442+0000] {logging_mixin.py:188} INFO - [2024-10-29T23:48:59.442+0000] {dag.py:3834} INFO - Setting next_dagrun for example_python_operator to None, run_after=None
[2024-10-29T23:48:59.463+0000] {processor.py:183} INFO - Processing /home/airflow/.local/lib/python3.8/site-packages/airflow/example_dags/example_python_operator.py took 0.092 seconds
[2024-10-29T23:49:29.842+0000] {processor.py:161} INFO - Started process (PID=1726) to work on /home/airflow/.local/lib/python3.8/site-packages/airflow/example_dags/example_python_operator.py
[2024-10-29T23:49:29.844+0000] {processor.py:830} INFO - Processing file /home/airflow/.local/lib/python3.8/site-packages/airflow/example_dags/example_python_operator.py for tasks to queue
[2024-10-29T23:49:29.847+0000] {logging_mixin.py:188} INFO - [2024-10-29T23:49:29.846+0000] {dagbag.py:540} INFO - Filling up the DagBag from /home/airflow/.local/lib/python3.8/site-packages/airflow/example_dags/example_python_operator.py
[2024-10-29T23:49:29.859+0000] {processor.py:840} INFO - DAG(s) 'example_python_operator' retrieved from /home/airflow/.local/lib/python3.8/site-packages/airflow/example_dags/example_python_operator.py
[2024-10-29T23:49:29.897+0000] {logging_mixin.py:188} INFO - [2024-10-29T23:49:29.896+0000] {dag.py:3047} INFO - Sync 1 DAGs
[2024-10-29T23:49:29.927+0000] {logging_mixin.py:188} INFO - [2024-10-29T23:49:29.926+0000] {dag.py:3834} INFO - Setting next_dagrun for example_python_operator to None, run_after=None
[2024-10-29T23:49:29.976+0000] {processor.py:183} INFO - Processing /home/airflow/.local/lib/python3.8/site-packages/airflow/example_dags/example_python_operator.py took 0.137 seconds
[2024-10-29T23:50:00.884+0000] {processor.py:161} INFO - Started process (PID=1782) to work on /home/airflow/.local/lib/python3.8/site-packages/airflow/example_dags/example_python_operator.py
[2024-10-29T23:50:00.885+0000] {processor.py:830} INFO - Processing file /home/airflow/.local/lib/python3.8/site-packages/airflow/example_dags/example_python_operator.py for tasks to queue
[2024-10-29T23:50:00.886+0000] {logging_mixin.py:188} INFO - [2024-10-29T23:50:00.886+0000] {dagbag.py:540} INFO - Filling up the DagBag from /home/airflow/.local/lib/python3.8/site-packages/airflow/example_dags/example_python_operator.py
[2024-10-29T23:50:00.896+0000] {processor.py:840} INFO - DAG(s) 'example_python_operator' retrieved from /home/airflow/.local/lib/python3.8/site-packages/airflow/example_dags/example_python_operator.py
[2024-10-29T23:50:00.923+0000] {logging_mixin.py:188} INFO - [2024-10-29T23:50:00.923+0000] {dag.py:3047} INFO - Sync 1 DAGs
[2024-10-29T23:50:00.942+0000] {logging_mixin.py:188} INFO - [2024-10-29T23:50:00.942+0000] {dag.py:3834} INFO - Setting next_dagrun for example_python_operator to None, run_after=None
[2024-10-29T23:50:00.966+0000] {processor.py:183} INFO - Processing /home/airflow/.local/lib/python3.8/site-packages/airflow/example_dags/example_python_operator.py took 0.084 seconds
[2024-10-29T23:50:31.243+0000] {processor.py:161} INFO - Started process (PID=1838) to work on /home/airflow/.local/lib/python3.8/site-packages/airflow/example_dags/example_python_operator.py
[2024-10-29T23:50:31.245+0000] {processor.py:830} INFO - Processing file /home/airflow/.local/lib/python3.8/site-packages/airflow/example_dags/example_python_operator.py for tasks to queue
[2024-10-29T23:50:31.247+0000] {logging_mixin.py:188} INFO - [2024-10-29T23:50:31.247+0000] {dagbag.py:540} INFO - Filling up the DagBag from /home/airflow/.local/lib/python3.8/site-packages/airflow/example_dags/example_python_operator.py
[2024-10-29T23:50:31.259+0000] {processor.py:840} INFO - DAG(s) 'example_python_operator' retrieved from /home/airflow/.local/lib/python3.8/site-packages/airflow/example_dags/example_python_operator.py
[2024-10-29T23:50:31.284+0000] {logging_mixin.py:188} INFO - [2024-10-29T23:50:31.284+0000] {dag.py:3047} INFO - Sync 1 DAGs
[2024-10-29T23:50:31.300+0000] {logging_mixin.py:188} INFO - [2024-10-29T23:50:31.300+0000] {dag.py:3834} INFO - Setting next_dagrun for example_python_operator to None, run_after=None
[2024-10-29T23:50:31.334+0000] {processor.py:183} INFO - Processing /home/airflow/.local/lib/python3.8/site-packages/airflow/example_dags/example_python_operator.py took 0.095 seconds
[2024-10-29T23:51:01.469+0000] {processor.py:161} INFO - Started process (PID=1894) to work on /home/airflow/.local/lib/python3.8/site-packages/airflow/example_dags/example_python_operator.py
[2024-10-29T23:51:01.474+0000] {processor.py:830} INFO - Processing file /home/airflow/.local/lib/python3.8/site-packages/airflow/example_dags/example_python_operator.py for tasks to queue
[2024-10-29T23:51:01.476+0000] {logging_mixin.py:188} INFO - [2024-10-29T23:51:01.476+0000] {dagbag.py:540} INFO - Filling up the DagBag from /home/airflow/.local/lib/python3.8/site-packages/airflow/example_dags/example_python_operator.py
[2024-10-29T23:51:01.484+0000] {processor.py:840} INFO - DAG(s) 'example_python_operator' retrieved from /home/airflow/.local/lib/python3.8/site-packages/airflow/example_dags/example_python_operator.py
[2024-10-29T23:51:01.504+0000] {logging_mixin.py:188} INFO - [2024-10-29T23:51:01.504+0000] {dag.py:3047} INFO - Sync 1 DAGs
[2024-10-29T23:51:01.516+0000] {logging_mixin.py:188} INFO - [2024-10-29T23:51:01.516+0000] {dag.py:3834} INFO - Setting next_dagrun for example_python_operator to None, run_after=None
[2024-10-29T23:51:01.532+0000] {processor.py:183} INFO - Processing /home/airflow/.local/lib/python3.8/site-packages/airflow/example_dags/example_python_operator.py took 0.066 seconds
[2024-10-29T23:51:32.468+0000] {processor.py:161} INFO - Started process (PID=1955) to work on /home/airflow/.local/lib/python3.8/site-packages/airflow/example_dags/example_python_operator.py
[2024-10-29T23:51:32.469+0000] {processor.py:830} INFO - Processing file /home/airflow/.local/lib/python3.8/site-packages/airflow/example_dags/example_python_operator.py for tasks to queue
[2024-10-29T23:51:32.473+0000] {logging_mixin.py:188} INFO - [2024-10-29T23:51:32.473+0000] {dagbag.py:540} INFO - Filling up the DagBag from /home/airflow/.local/lib/python3.8/site-packages/airflow/example_dags/example_python_operator.py
[2024-10-29T23:51:32.491+0000] {processor.py:840} INFO - DAG(s) 'example_python_operator' retrieved from /home/airflow/.local/lib/python3.8/site-packages/airflow/example_dags/example_python_operator.py
[2024-10-29T23:51:32.532+0000] {logging_mixin.py:188} INFO - [2024-10-29T23:51:32.532+0000] {dag.py:3047} INFO - Sync 1 DAGs
[2024-10-29T23:51:32.556+0000] {logging_mixin.py:188} INFO - [2024-10-29T23:51:32.555+0000] {dag.py:3834} INFO - Setting next_dagrun for example_python_operator to None, run_after=None
[2024-10-29T23:51:32.596+0000] {processor.py:183} INFO - Processing /home/airflow/.local/lib/python3.8/site-packages/airflow/example_dags/example_python_operator.py took 0.133 seconds
[2024-10-29T23:52:02.982+0000] {processor.py:161} INFO - Started process (PID=2011) to work on /home/airflow/.local/lib/python3.8/site-packages/airflow/example_dags/example_python_operator.py
[2024-10-29T23:52:02.983+0000] {processor.py:830} INFO - Processing file /home/airflow/.local/lib/python3.8/site-packages/airflow/example_dags/example_python_operator.py for tasks to queue
[2024-10-29T23:52:02.984+0000] {logging_mixin.py:188} INFO - [2024-10-29T23:52:02.984+0000] {dagbag.py:540} INFO - Filling up the DagBag from /home/airflow/.local/lib/python3.8/site-packages/airflow/example_dags/example_python_operator.py
[2024-10-29T23:52:02.994+0000] {processor.py:840} INFO - DAG(s) 'example_python_operator' retrieved from /home/airflow/.local/lib/python3.8/site-packages/airflow/example_dags/example_python_operator.py
[2024-10-29T23:52:03.016+0000] {logging_mixin.py:188} INFO - [2024-10-29T23:52:03.016+0000] {dag.py:3047} INFO - Sync 1 DAGs
[2024-10-29T23:52:03.030+0000] {logging_mixin.py:188} INFO - [2024-10-29T23:52:03.030+0000] {dag.py:3834} INFO - Setting next_dagrun for example_python_operator to None, run_after=None
[2024-10-29T23:52:03.050+0000] {processor.py:183} INFO - Processing /home/airflow/.local/lib/python3.8/site-packages/airflow/example_dags/example_python_operator.py took 0.070 seconds
[2024-10-29T23:52:33.960+0000] {processor.py:161} INFO - Started process (PID=2067) to work on /home/airflow/.local/lib/python3.8/site-packages/airflow/example_dags/example_python_operator.py
[2024-10-29T23:52:33.967+0000] {processor.py:830} INFO - Processing file /home/airflow/.local/lib/python3.8/site-packages/airflow/example_dags/example_python_operator.py for tasks to queue
[2024-10-29T23:52:33.969+0000] {logging_mixin.py:188} INFO - [2024-10-29T23:52:33.968+0000] {dagbag.py:540} INFO - Filling up the DagBag from /home/airflow/.local/lib/python3.8/site-packages/airflow/example_dags/example_python_operator.py
[2024-10-29T23:52:33.985+0000] {processor.py:840} INFO - DAG(s) 'example_python_operator' retrieved from /home/airflow/.local/lib/python3.8/site-packages/airflow/example_dags/example_python_operator.py
[2024-10-29T23:52:34.013+0000] {logging_mixin.py:188} INFO - [2024-10-29T23:52:34.013+0000] {dag.py:3047} INFO - Sync 1 DAGs
[2024-10-29T23:52:34.026+0000] {logging_mixin.py:188} INFO - [2024-10-29T23:52:34.025+0000] {dag.py:3834} INFO - Setting next_dagrun for example_python_operator to None, run_after=None
[2024-10-29T23:52:34.048+0000] {processor.py:183} INFO - Processing /home/airflow/.local/lib/python3.8/site-packages/airflow/example_dags/example_python_operator.py took 0.093 seconds
[2024-10-29T23:53:04.948+0000] {processor.py:161} INFO - Started process (PID=2123) to work on /home/airflow/.local/lib/python3.8/site-packages/airflow/example_dags/example_python_operator.py
[2024-10-29T23:53:04.950+0000] {processor.py:830} INFO - Processing file /home/airflow/.local/lib/python3.8/site-packages/airflow/example_dags/example_python_operator.py for tasks to queue
[2024-10-29T23:53:04.954+0000] {logging_mixin.py:188} INFO - [2024-10-29T23:53:04.953+0000] {dagbag.py:540} INFO - Filling up the DagBag from /home/airflow/.local/lib/python3.8/site-packages/airflow/example_dags/example_python_operator.py
[2024-10-29T23:53:04.973+0000] {processor.py:840} INFO - DAG(s) 'example_python_operator' retrieved from /home/airflow/.local/lib/python3.8/site-packages/airflow/example_dags/example_python_operator.py
[2024-10-29T23:53:05.000+0000] {logging_mixin.py:188} INFO - [2024-10-29T23:53:05.000+0000] {dag.py:3047} INFO - Sync 1 DAGs
[2024-10-29T23:53:05.015+0000] {logging_mixin.py:188} INFO - [2024-10-29T23:53:05.015+0000] {dag.py:3834} INFO - Setting next_dagrun for example_python_operator to None, run_after=None
[2024-10-29T23:53:05.038+0000] {processor.py:183} INFO - Processing /home/airflow/.local/lib/python3.8/site-packages/airflow/example_dags/example_python_operator.py took 0.097 seconds
[2024-10-29T23:53:35.648+0000] {processor.py:161} INFO - Started process (PID=2179) to work on /home/airflow/.local/lib/python3.8/site-packages/airflow/example_dags/example_python_operator.py
[2024-10-29T23:53:35.653+0000] {processor.py:830} INFO - Processing file /home/airflow/.local/lib/python3.8/site-packages/airflow/example_dags/example_python_operator.py for tasks to queue
[2024-10-29T23:53:35.656+0000] {logging_mixin.py:188} INFO - [2024-10-29T23:53:35.655+0000] {dagbag.py:540} INFO - Filling up the DagBag from /home/airflow/.local/lib/python3.8/site-packages/airflow/example_dags/example_python_operator.py
[2024-10-29T23:53:35.666+0000] {processor.py:840} INFO - DAG(s) 'example_python_operator' retrieved from /home/airflow/.local/lib/python3.8/site-packages/airflow/example_dags/example_python_operator.py
[2024-10-29T23:53:35.852+0000] {logging_mixin.py:188} INFO - [2024-10-29T23:53:35.852+0000] {dag.py:3047} INFO - Sync 1 DAGs
[2024-10-29T23:53:35.866+0000] {logging_mixin.py:188} INFO - [2024-10-29T23:53:35.866+0000] {dag.py:3834} INFO - Setting next_dagrun for example_python_operator to None, run_after=None
[2024-10-29T23:53:35.891+0000] {processor.py:183} INFO - Processing /home/airflow/.local/lib/python3.8/site-packages/airflow/example_dags/example_python_operator.py took 0.246 seconds
[2024-10-29T23:54:06.113+0000] {processor.py:161} INFO - Started process (PID=2235) to work on /home/airflow/.local/lib/python3.8/site-packages/airflow/example_dags/example_python_operator.py
[2024-10-29T23:54:06.120+0000] {processor.py:830} INFO - Processing file /home/airflow/.local/lib/python3.8/site-packages/airflow/example_dags/example_python_operator.py for tasks to queue
[2024-10-29T23:54:06.125+0000] {logging_mixin.py:188} INFO - [2024-10-29T23:54:06.124+0000] {dagbag.py:540} INFO - Filling up the DagBag from /home/airflow/.local/lib/python3.8/site-packages/airflow/example_dags/example_python_operator.py
[2024-10-29T23:54:06.154+0000] {processor.py:840} INFO - DAG(s) 'example_python_operator' retrieved from /home/airflow/.local/lib/python3.8/site-packages/airflow/example_dags/example_python_operator.py
[2024-10-29T23:54:06.369+0000] {logging_mixin.py:188} INFO - [2024-10-29T23:54:06.369+0000] {dag.py:3047} INFO - Sync 1 DAGs
[2024-10-29T23:54:06.381+0000] {logging_mixin.py:188} INFO - [2024-10-29T23:54:06.381+0000] {dag.py:3834} INFO - Setting next_dagrun for example_python_operator to None, run_after=None
[2024-10-29T23:54:06.401+0000] {processor.py:183} INFO - Processing /home/airflow/.local/lib/python3.8/site-packages/airflow/example_dags/example_python_operator.py took 0.297 seconds
[2024-10-29T23:54:36.788+0000] {processor.py:161} INFO - Started process (PID=2291) to work on /home/airflow/.local/lib/python3.8/site-packages/airflow/example_dags/example_python_operator.py
[2024-10-29T23:54:36.796+0000] {processor.py:830} INFO - Processing file /home/airflow/.local/lib/python3.8/site-packages/airflow/example_dags/example_python_operator.py for tasks to queue
[2024-10-29T23:54:36.802+0000] {logging_mixin.py:188} INFO - [2024-10-29T23:54:36.801+0000] {dagbag.py:540} INFO - Filling up the DagBag from /home/airflow/.local/lib/python3.8/site-packages/airflow/example_dags/example_python_operator.py
[2024-10-29T23:54:36.834+0000] {processor.py:840} INFO - DAG(s) 'example_python_operator' retrieved from /home/airflow/.local/lib/python3.8/site-packages/airflow/example_dags/example_python_operator.py
[2024-10-29T23:54:36.897+0000] {logging_mixin.py:188} INFO - [2024-10-29T23:54:36.897+0000] {dag.py:3047} INFO - Sync 1 DAGs
[2024-10-29T23:54:36.917+0000] {logging_mixin.py:188} INFO - [2024-10-29T23:54:36.917+0000] {dag.py:3834} INFO - Setting next_dagrun for example_python_operator to None, run_after=None
[2024-10-29T23:54:36.938+0000] {processor.py:183} INFO - Processing /home/airflow/.local/lib/python3.8/site-packages/airflow/example_dags/example_python_operator.py took 0.161 seconds
[2024-10-29T23:55:07.115+0000] {processor.py:161} INFO - Started process (PID=2347) to work on /home/airflow/.local/lib/python3.8/site-packages/airflow/example_dags/example_python_operator.py
[2024-10-29T23:55:07.121+0000] {processor.py:830} INFO - Processing file /home/airflow/.local/lib/python3.8/site-packages/airflow/example_dags/example_python_operator.py for tasks to queue
[2024-10-29T23:55:07.123+0000] {logging_mixin.py:188} INFO - [2024-10-29T23:55:07.123+0000] {dagbag.py:540} INFO - Filling up the DagBag from /home/airflow/.local/lib/python3.8/site-packages/airflow/example_dags/example_python_operator.py
[2024-10-29T23:55:07.139+0000] {processor.py:840} INFO - DAG(s) 'example_python_operator' retrieved from /home/airflow/.local/lib/python3.8/site-packages/airflow/example_dags/example_python_operator.py
[2024-10-29T23:55:07.163+0000] {logging_mixin.py:188} INFO - [2024-10-29T23:55:07.163+0000] {dag.py:3047} INFO - Sync 1 DAGs
[2024-10-29T23:55:07.179+0000] {logging_mixin.py:188} INFO - [2024-10-29T23:55:07.179+0000] {dag.py:3834} INFO - Setting next_dagrun for example_python_operator to None, run_after=None
[2024-10-29T23:55:07.199+0000] {processor.py:183} INFO - Processing /home/airflow/.local/lib/python3.8/site-packages/airflow/example_dags/example_python_operator.py took 0.089 seconds
[2024-10-29T23:55:37.813+0000] {processor.py:161} INFO - Started process (PID=2403) to work on /home/airflow/.local/lib/python3.8/site-packages/airflow/example_dags/example_python_operator.py
[2024-10-29T23:55:37.814+0000] {processor.py:830} INFO - Processing file /home/airflow/.local/lib/python3.8/site-packages/airflow/example_dags/example_python_operator.py for tasks to queue
[2024-10-29T23:55:37.816+0000] {logging_mixin.py:188} INFO - [2024-10-29T23:55:37.815+0000] {dagbag.py:540} INFO - Filling up the DagBag from /home/airflow/.local/lib/python3.8/site-packages/airflow/example_dags/example_python_operator.py
[2024-10-29T23:55:37.826+0000] {processor.py:840} INFO - DAG(s) 'example_python_operator' retrieved from /home/airflow/.local/lib/python3.8/site-packages/airflow/example_dags/example_python_operator.py
[2024-10-29T23:55:37.857+0000] {logging_mixin.py:188} INFO - [2024-10-29T23:55:37.857+0000] {dag.py:3047} INFO - Sync 1 DAGs
[2024-10-29T23:55:37.873+0000] {logging_mixin.py:188} INFO - [2024-10-29T23:55:37.872+0000] {dag.py:3834} INFO - Setting next_dagrun for example_python_operator to None, run_after=None
[2024-10-29T23:55:37.899+0000] {processor.py:183} INFO - Processing /home/airflow/.local/lib/python3.8/site-packages/airflow/example_dags/example_python_operator.py took 0.089 seconds
[2024-10-29T23:56:07.961+0000] {processor.py:161} INFO - Started process (PID=2459) to work on /home/airflow/.local/lib/python3.8/site-packages/airflow/example_dags/example_python_operator.py
[2024-10-29T23:56:07.967+0000] {processor.py:830} INFO - Processing file /home/airflow/.local/lib/python3.8/site-packages/airflow/example_dags/example_python_operator.py for tasks to queue
[2024-10-29T23:56:07.969+0000] {logging_mixin.py:188} INFO - [2024-10-29T23:56:07.969+0000] {dagbag.py:540} INFO - Filling up the DagBag from /home/airflow/.local/lib/python3.8/site-packages/airflow/example_dags/example_python_operator.py
[2024-10-29T23:56:07.982+0000] {processor.py:840} INFO - DAG(s) 'example_python_operator' retrieved from /home/airflow/.local/lib/python3.8/site-packages/airflow/example_dags/example_python_operator.py
[2024-10-29T23:56:08.017+0000] {logging_mixin.py:188} INFO - [2024-10-29T23:56:08.016+0000] {dag.py:3047} INFO - Sync 1 DAGs
[2024-10-29T23:56:08.038+0000] {logging_mixin.py:188} INFO - [2024-10-29T23:56:08.037+0000] {dag.py:3834} INFO - Setting next_dagrun for example_python_operator to None, run_after=None
[2024-10-29T23:56:08.060+0000] {processor.py:183} INFO - Processing /home/airflow/.local/lib/python3.8/site-packages/airflow/example_dags/example_python_operator.py took 0.102 seconds
[2024-10-29T23:56:38.217+0000] {processor.py:161} INFO - Started process (PID=2515) to work on /home/airflow/.local/lib/python3.8/site-packages/airflow/example_dags/example_python_operator.py
[2024-10-29T23:56:38.224+0000] {processor.py:830} INFO - Processing file /home/airflow/.local/lib/python3.8/site-packages/airflow/example_dags/example_python_operator.py for tasks to queue
[2024-10-29T23:56:38.229+0000] {logging_mixin.py:188} INFO - [2024-10-29T23:56:38.228+0000] {dagbag.py:540} INFO - Filling up the DagBag from /home/airflow/.local/lib/python3.8/site-packages/airflow/example_dags/example_python_operator.py
[2024-10-29T23:56:38.257+0000] {processor.py:840} INFO - DAG(s) 'example_python_operator' retrieved from /home/airflow/.local/lib/python3.8/site-packages/airflow/example_dags/example_python_operator.py
[2024-10-29T23:56:38.325+0000] {logging_mixin.py:188} INFO - [2024-10-29T23:56:38.324+0000] {dag.py:3047} INFO - Sync 1 DAGs
[2024-10-29T23:56:38.358+0000] {logging_mixin.py:188} INFO - [2024-10-29T23:56:38.357+0000] {dag.py:3834} INFO - Setting next_dagrun for example_python_operator to None, run_after=None
[2024-10-29T23:56:38.384+0000] {processor.py:183} INFO - Processing /home/airflow/.local/lib/python3.8/site-packages/airflow/example_dags/example_python_operator.py took 0.175 seconds
[2024-10-29T23:57:08.584+0000] {processor.py:161} INFO - Started process (PID=2571) to work on /home/airflow/.local/lib/python3.8/site-packages/airflow/example_dags/example_python_operator.py
[2024-10-29T23:57:08.587+0000] {processor.py:830} INFO - Processing file /home/airflow/.local/lib/python3.8/site-packages/airflow/example_dags/example_python_operator.py for tasks to queue
[2024-10-29T23:57:08.594+0000] {logging_mixin.py:188} INFO - [2024-10-29T23:57:08.593+0000] {dagbag.py:540} INFO - Filling up the DagBag from /home/airflow/.local/lib/python3.8/site-packages/airflow/example_dags/example_python_operator.py
[2024-10-29T23:57:08.638+0000] {processor.py:840} INFO - DAG(s) 'example_python_operator' retrieved from /home/airflow/.local/lib/python3.8/site-packages/airflow/example_dags/example_python_operator.py
[2024-10-29T23:57:08.699+0000] {logging_mixin.py:188} INFO - [2024-10-29T23:57:08.699+0000] {dag.py:3047} INFO - Sync 1 DAGs
[2024-10-29T23:57:08.715+0000] {logging_mixin.py:188} INFO - [2024-10-29T23:57:08.714+0000] {dag.py:3834} INFO - Setting next_dagrun for example_python_operator to None, run_after=None
[2024-10-29T23:57:08.761+0000] {processor.py:183} INFO - Processing /home/airflow/.local/lib/python3.8/site-packages/airflow/example_dags/example_python_operator.py took 0.189 seconds
[2024-10-29T23:57:38.910+0000] {processor.py:161} INFO - Started process (PID=2627) to work on /home/airflow/.local/lib/python3.8/site-packages/airflow/example_dags/example_python_operator.py
[2024-10-29T23:57:38.912+0000] {processor.py:830} INFO - Processing file /home/airflow/.local/lib/python3.8/site-packages/airflow/example_dags/example_python_operator.py for tasks to queue
[2024-10-29T23:57:38.917+0000] {logging_mixin.py:188} INFO - [2024-10-29T23:57:38.916+0000] {dagbag.py:540} INFO - Filling up the DagBag from /home/airflow/.local/lib/python3.8/site-packages/airflow/example_dags/example_python_operator.py
[2024-10-29T23:57:38.947+0000] {processor.py:840} INFO - DAG(s) 'example_python_operator' retrieved from /home/airflow/.local/lib/python3.8/site-packages/airflow/example_dags/example_python_operator.py
[2024-10-29T23:57:39.021+0000] {logging_mixin.py:188} INFO - [2024-10-29T23:57:39.021+0000] {dag.py:3047} INFO - Sync 1 DAGs
[2024-10-29T23:57:39.040+0000] {logging_mixin.py:188} INFO - [2024-10-29T23:57:39.039+0000] {dag.py:3834} INFO - Setting next_dagrun for example_python_operator to None, run_after=None
[2024-10-29T23:57:39.059+0000] {processor.py:183} INFO - Processing /home/airflow/.local/lib/python3.8/site-packages/airflow/example_dags/example_python_operator.py took 0.159 seconds
[2024-10-29T23:58:09.178+0000] {processor.py:161} INFO - Started process (PID=2683) to work on /home/airflow/.local/lib/python3.8/site-packages/airflow/example_dags/example_python_operator.py
[2024-10-29T23:58:09.183+0000] {processor.py:830} INFO - Processing file /home/airflow/.local/lib/python3.8/site-packages/airflow/example_dags/example_python_operator.py for tasks to queue
[2024-10-29T23:58:09.186+0000] {logging_mixin.py:188} INFO - [2024-10-29T23:58:09.185+0000] {dagbag.py:540} INFO - Filling up the DagBag from /home/airflow/.local/lib/python3.8/site-packages/airflow/example_dags/example_python_operator.py
[2024-10-29T23:58:09.194+0000] {processor.py:840} INFO - DAG(s) 'example_python_operator' retrieved from /home/airflow/.local/lib/python3.8/site-packages/airflow/example_dags/example_python_operator.py
[2024-10-29T23:58:09.212+0000] {logging_mixin.py:188} INFO - [2024-10-29T23:58:09.212+0000] {dag.py:3047} INFO - Sync 1 DAGs
[2024-10-29T23:58:09.223+0000] {logging_mixin.py:188} INFO - [2024-10-29T23:58:09.223+0000] {dag.py:3834} INFO - Setting next_dagrun for example_python_operator to None, run_after=None
[2024-10-29T23:58:09.237+0000] {processor.py:183} INFO - Processing /home/airflow/.local/lib/python3.8/site-packages/airflow/example_dags/example_python_operator.py took 0.061 seconds
[2024-10-29T23:58:39.810+0000] {processor.py:161} INFO - Started process (PID=2739) to work on /home/airflow/.local/lib/python3.8/site-packages/airflow/example_dags/example_python_operator.py
[2024-10-29T23:58:39.811+0000] {processor.py:830} INFO - Processing file /home/airflow/.local/lib/python3.8/site-packages/airflow/example_dags/example_python_operator.py for tasks to queue
[2024-10-29T23:58:39.813+0000] {logging_mixin.py:188} INFO - [2024-10-29T23:58:39.812+0000] {dagbag.py:540} INFO - Filling up the DagBag from /home/airflow/.local/lib/python3.8/site-packages/airflow/example_dags/example_python_operator.py
[2024-10-29T23:58:39.830+0000] {processor.py:840} INFO - DAG(s) 'example_python_operator' retrieved from /home/airflow/.local/lib/python3.8/site-packages/airflow/example_dags/example_python_operator.py
[2024-10-29T23:58:39.890+0000] {logging_mixin.py:188} INFO - [2024-10-29T23:58:39.889+0000] {dag.py:3047} INFO - Sync 1 DAGs
[2024-10-29T23:58:39.926+0000] {logging_mixin.py:188} INFO - [2024-10-29T23:58:39.925+0000] {dag.py:3834} INFO - Setting next_dagrun for example_python_operator to None, run_after=None
[2024-10-29T23:58:39.982+0000] {processor.py:183} INFO - Processing /home/airflow/.local/lib/python3.8/site-packages/airflow/example_dags/example_python_operator.py took 0.176 seconds
[2024-10-29T23:59:10.103+0000] {processor.py:161} INFO - Started process (PID=2793) to work on /home/airflow/.local/lib/python3.8/site-packages/airflow/example_dags/example_python_operator.py
[2024-10-29T23:59:10.103+0000] {processor.py:830} INFO - Processing file /home/airflow/.local/lib/python3.8/site-packages/airflow/example_dags/example_python_operator.py for tasks to queue
[2024-10-29T23:59:10.105+0000] {logging_mixin.py:188} INFO - [2024-10-29T23:59:10.105+0000] {dagbag.py:540} INFO - Filling up the DagBag from /home/airflow/.local/lib/python3.8/site-packages/airflow/example_dags/example_python_operator.py
[2024-10-29T23:59:10.116+0000] {processor.py:840} INFO - DAG(s) 'example_python_operator' retrieved from /home/airflow/.local/lib/python3.8/site-packages/airflow/example_dags/example_python_operator.py
[2024-10-29T23:59:10.138+0000] {logging_mixin.py:188} INFO - [2024-10-29T23:59:10.138+0000] {dag.py:3047} INFO - Sync 1 DAGs
[2024-10-29T23:59:10.150+0000] {logging_mixin.py:188} INFO - [2024-10-29T23:59:10.150+0000] {dag.py:3834} INFO - Setting next_dagrun for example_python_operator to None, run_after=None
[2024-10-29T23:59:10.169+0000] {processor.py:183} INFO - Processing /home/airflow/.local/lib/python3.8/site-packages/airflow/example_dags/example_python_operator.py took 0.070 seconds
[2024-10-29T23:59:40.608+0000] {processor.py:161} INFO - Started process (PID=2849) to work on /home/airflow/.local/lib/python3.8/site-packages/airflow/example_dags/example_python_operator.py
[2024-10-29T23:59:40.613+0000] {processor.py:830} INFO - Processing file /home/airflow/.local/lib/python3.8/site-packages/airflow/example_dags/example_python_operator.py for tasks to queue
[2024-10-29T23:59:40.615+0000] {logging_mixin.py:188} INFO - [2024-10-29T23:59:40.615+0000] {dagbag.py:540} INFO - Filling up the DagBag from /home/airflow/.local/lib/python3.8/site-packages/airflow/example_dags/example_python_operator.py
[2024-10-29T23:59:40.625+0000] {processor.py:840} INFO - DAG(s) 'example_python_operator' retrieved from /home/airflow/.local/lib/python3.8/site-packages/airflow/example_dags/example_python_operator.py
[2024-10-29T23:59:40.646+0000] {logging_mixin.py:188} INFO - [2024-10-29T23:59:40.646+0000] {dag.py:3047} INFO - Sync 1 DAGs
[2024-10-29T23:59:40.659+0000] {logging_mixin.py:188} INFO - [2024-10-29T23:59:40.659+0000] {dag.py:3834} INFO - Setting next_dagrun for example_python_operator to None, run_after=None
[2024-10-29T23:59:40.678+0000] {processor.py:183} INFO - Processing /home/airflow/.local/lib/python3.8/site-packages/airflow/example_dags/example_python_operator.py took 0.073 seconds
