[2024-10-29T23:27:23.051+0000] {processor.py:161} INFO - Started process (PID=16649) to work on /home/airflow/.local/lib/python3.8/site-packages/airflow/example_dags/example_short_circuit_decorator.py
[2024-10-29T23:27:23.052+0000] {processor.py:830} INFO - Processing file /home/airflow/.local/lib/python3.8/site-packages/airflow/example_dags/example_short_circuit_decorator.py for tasks to queue
[2024-10-29T23:27:23.054+0000] {logging_mixin.py:188} INFO - [2024-10-29T23:27:23.053+0000] {dagbag.py:540} INFO - Filling up the DagBag from /home/airflow/.local/lib/python3.8/site-packages/airflow/example_dags/example_short_circuit_decorator.py
[2024-10-29T23:27:23.063+0000] {processor.py:840} INFO - DAG(s) 'example_short_circuit_decorator' retrieved from /home/airflow/.local/lib/python3.8/site-packages/airflow/example_dags/example_short_circuit_decorator.py
[2024-10-29T23:27:23.086+0000] {logging_mixin.py:188} INFO - [2024-10-29T23:27:23.085+0000] {dag.py:3047} INFO - Sync 1 DAGs
[2024-10-29T23:27:23.126+0000] {logging_mixin.py:188} INFO - [2024-10-29T23:27:23.126+0000] {dag.py:3834} INFO - Setting next_dagrun for example_short_circuit_decorator to 2024-10-28 00:00:00+00:00, run_after=2024-10-29 00:00:00+00:00
[2024-10-29T23:27:23.150+0000] {processor.py:183} INFO - Processing /home/airflow/.local/lib/python3.8/site-packages/airflow/example_dags/example_short_circuit_decorator.py took 0.102 seconds
[2024-10-29T23:27:53.687+0000] {processor.py:161} INFO - Started process (PID=16705) to work on /home/airflow/.local/lib/python3.8/site-packages/airflow/example_dags/example_short_circuit_decorator.py
[2024-10-29T23:27:53.688+0000] {processor.py:830} INFO - Processing file /home/airflow/.local/lib/python3.8/site-packages/airflow/example_dags/example_short_circuit_decorator.py for tasks to queue
[2024-10-29T23:27:53.689+0000] {logging_mixin.py:188} INFO - [2024-10-29T23:27:53.689+0000] {dagbag.py:540} INFO - Filling up the DagBag from /home/airflow/.local/lib/python3.8/site-packages/airflow/example_dags/example_short_circuit_decorator.py
[2024-10-29T23:27:53.697+0000] {processor.py:840} INFO - DAG(s) 'example_short_circuit_decorator' retrieved from /home/airflow/.local/lib/python3.8/site-packages/airflow/example_dags/example_short_circuit_decorator.py
[2024-10-29T23:27:53.717+0000] {logging_mixin.py:188} INFO - [2024-10-29T23:27:53.717+0000] {dag.py:3047} INFO - Sync 1 DAGs
[2024-10-29T23:27:53.738+0000] {logging_mixin.py:188} INFO - [2024-10-29T23:27:53.738+0000] {dag.py:3834} INFO - Setting next_dagrun for example_short_circuit_decorator to 2024-10-28 00:00:00+00:00, run_after=2024-10-29 00:00:00+00:00
[2024-10-29T23:27:53.755+0000] {processor.py:183} INFO - Processing /home/airflow/.local/lib/python3.8/site-packages/airflow/example_dags/example_short_circuit_decorator.py took 0.071 seconds
[2024-10-29T23:28:24.434+0000] {processor.py:161} INFO - Started process (PID=16761) to work on /home/airflow/.local/lib/python3.8/site-packages/airflow/example_dags/example_short_circuit_decorator.py
[2024-10-29T23:28:24.434+0000] {processor.py:830} INFO - Processing file /home/airflow/.local/lib/python3.8/site-packages/airflow/example_dags/example_short_circuit_decorator.py for tasks to queue
[2024-10-29T23:28:24.436+0000] {logging_mixin.py:188} INFO - [2024-10-29T23:28:24.436+0000] {dagbag.py:540} INFO - Filling up the DagBag from /home/airflow/.local/lib/python3.8/site-packages/airflow/example_dags/example_short_circuit_decorator.py
[2024-10-29T23:28:24.444+0000] {processor.py:840} INFO - DAG(s) 'example_short_circuit_decorator' retrieved from /home/airflow/.local/lib/python3.8/site-packages/airflow/example_dags/example_short_circuit_decorator.py
[2024-10-29T23:28:24.465+0000] {logging_mixin.py:188} INFO - [2024-10-29T23:28:24.465+0000] {dag.py:3047} INFO - Sync 1 DAGs
[2024-10-29T23:28:24.486+0000] {logging_mixin.py:188} INFO - [2024-10-29T23:28:24.485+0000] {dag.py:3834} INFO - Setting next_dagrun for example_short_circuit_decorator to 2024-10-28 00:00:00+00:00, run_after=2024-10-29 00:00:00+00:00
[2024-10-29T23:28:24.503+0000] {processor.py:183} INFO - Processing /home/airflow/.local/lib/python3.8/site-packages/airflow/example_dags/example_short_circuit_decorator.py took 0.072 seconds
[2024-10-29T23:28:55.346+0000] {processor.py:161} INFO - Started process (PID=16817) to work on /home/airflow/.local/lib/python3.8/site-packages/airflow/example_dags/example_short_circuit_decorator.py
[2024-10-29T23:28:55.347+0000] {processor.py:830} INFO - Processing file /home/airflow/.local/lib/python3.8/site-packages/airflow/example_dags/example_short_circuit_decorator.py for tasks to queue
[2024-10-29T23:28:55.348+0000] {logging_mixin.py:188} INFO - [2024-10-29T23:28:55.348+0000] {dagbag.py:540} INFO - Filling up the DagBag from /home/airflow/.local/lib/python3.8/site-packages/airflow/example_dags/example_short_circuit_decorator.py
[2024-10-29T23:28:55.361+0000] {processor.py:840} INFO - DAG(s) 'example_short_circuit_decorator' retrieved from /home/airflow/.local/lib/python3.8/site-packages/airflow/example_dags/example_short_circuit_decorator.py
[2024-10-29T23:28:55.389+0000] {logging_mixin.py:188} INFO - [2024-10-29T23:28:55.388+0000] {dag.py:3047} INFO - Sync 1 DAGs
[2024-10-29T23:28:55.418+0000] {logging_mixin.py:188} INFO - [2024-10-29T23:28:55.418+0000] {dag.py:3834} INFO - Setting next_dagrun for example_short_circuit_decorator to 2024-10-28 00:00:00+00:00, run_after=2024-10-29 00:00:00+00:00
[2024-10-29T23:28:55.437+0000] {processor.py:183} INFO - Processing /home/airflow/.local/lib/python3.8/site-packages/airflow/example_dags/example_short_circuit_decorator.py took 0.094 seconds
[2024-10-29T23:29:26.468+0000] {processor.py:161} INFO - Started process (PID=16873) to work on /home/airflow/.local/lib/python3.8/site-packages/airflow/example_dags/example_short_circuit_decorator.py
[2024-10-29T23:29:26.469+0000] {processor.py:830} INFO - Processing file /home/airflow/.local/lib/python3.8/site-packages/airflow/example_dags/example_short_circuit_decorator.py for tasks to queue
[2024-10-29T23:29:26.470+0000] {logging_mixin.py:188} INFO - [2024-10-29T23:29:26.470+0000] {dagbag.py:540} INFO - Filling up the DagBag from /home/airflow/.local/lib/python3.8/site-packages/airflow/example_dags/example_short_circuit_decorator.py
[2024-10-29T23:29:26.478+0000] {processor.py:840} INFO - DAG(s) 'example_short_circuit_decorator' retrieved from /home/airflow/.local/lib/python3.8/site-packages/airflow/example_dags/example_short_circuit_decorator.py
[2024-10-29T23:29:26.499+0000] {logging_mixin.py:188} INFO - [2024-10-29T23:29:26.499+0000] {dag.py:3047} INFO - Sync 1 DAGs
[2024-10-29T23:29:26.523+0000] {logging_mixin.py:188} INFO - [2024-10-29T23:29:26.523+0000] {dag.py:3834} INFO - Setting next_dagrun for example_short_circuit_decorator to 2024-10-28 00:00:00+00:00, run_after=2024-10-29 00:00:00+00:00
[2024-10-29T23:29:26.542+0000] {processor.py:183} INFO - Processing /home/airflow/.local/lib/python3.8/site-packages/airflow/example_dags/example_short_circuit_decorator.py took 0.077 seconds
[2024-10-29T23:29:56.656+0000] {processor.py:161} INFO - Started process (PID=16929) to work on /home/airflow/.local/lib/python3.8/site-packages/airflow/example_dags/example_short_circuit_decorator.py
[2024-10-29T23:29:56.657+0000] {processor.py:830} INFO - Processing file /home/airflow/.local/lib/python3.8/site-packages/airflow/example_dags/example_short_circuit_decorator.py for tasks to queue
[2024-10-29T23:29:56.658+0000] {logging_mixin.py:188} INFO - [2024-10-29T23:29:56.658+0000] {dagbag.py:540} INFO - Filling up the DagBag from /home/airflow/.local/lib/python3.8/site-packages/airflow/example_dags/example_short_circuit_decorator.py
[2024-10-29T23:29:56.666+0000] {processor.py:840} INFO - DAG(s) 'example_short_circuit_decorator' retrieved from /home/airflow/.local/lib/python3.8/site-packages/airflow/example_dags/example_short_circuit_decorator.py
[2024-10-29T23:29:56.687+0000] {logging_mixin.py:188} INFO - [2024-10-29T23:29:56.686+0000] {dag.py:3047} INFO - Sync 1 DAGs
[2024-10-29T23:29:56.709+0000] {logging_mixin.py:188} INFO - [2024-10-29T23:29:56.708+0000] {dag.py:3834} INFO - Setting next_dagrun for example_short_circuit_decorator to 2024-10-28 00:00:00+00:00, run_after=2024-10-29 00:00:00+00:00
[2024-10-29T23:29:56.725+0000] {processor.py:183} INFO - Processing /home/airflow/.local/lib/python3.8/site-packages/airflow/example_dags/example_short_circuit_decorator.py took 0.072 seconds
[2024-10-29T23:30:27.216+0000] {processor.py:161} INFO - Started process (PID=16985) to work on /home/airflow/.local/lib/python3.8/site-packages/airflow/example_dags/example_short_circuit_decorator.py
[2024-10-29T23:30:27.216+0000] {processor.py:830} INFO - Processing file /home/airflow/.local/lib/python3.8/site-packages/airflow/example_dags/example_short_circuit_decorator.py for tasks to queue
[2024-10-29T23:30:27.218+0000] {logging_mixin.py:188} INFO - [2024-10-29T23:30:27.218+0000] {dagbag.py:540} INFO - Filling up the DagBag from /home/airflow/.local/lib/python3.8/site-packages/airflow/example_dags/example_short_circuit_decorator.py
[2024-10-29T23:30:27.227+0000] {processor.py:840} INFO - DAG(s) 'example_short_circuit_decorator' retrieved from /home/airflow/.local/lib/python3.8/site-packages/airflow/example_dags/example_short_circuit_decorator.py
[2024-10-29T23:30:27.251+0000] {logging_mixin.py:188} INFO - [2024-10-29T23:30:27.251+0000] {dag.py:3047} INFO - Sync 1 DAGs
[2024-10-29T23:30:27.279+0000] {logging_mixin.py:188} INFO - [2024-10-29T23:30:27.279+0000] {dag.py:3834} INFO - Setting next_dagrun for example_short_circuit_decorator to 2024-10-28 00:00:00+00:00, run_after=2024-10-29 00:00:00+00:00
[2024-10-29T23:30:27.299+0000] {processor.py:183} INFO - Processing /home/airflow/.local/lib/python3.8/site-packages/airflow/example_dags/example_short_circuit_decorator.py took 0.086 seconds
[2024-10-29T23:30:57.862+0000] {processor.py:161} INFO - Started process (PID=17040) to work on /home/airflow/.local/lib/python3.8/site-packages/airflow/example_dags/example_short_circuit_decorator.py
[2024-10-29T23:30:57.863+0000] {processor.py:830} INFO - Processing file /home/airflow/.local/lib/python3.8/site-packages/airflow/example_dags/example_short_circuit_decorator.py for tasks to queue
[2024-10-29T23:30:57.865+0000] {logging_mixin.py:188} INFO - [2024-10-29T23:30:57.865+0000] {dagbag.py:540} INFO - Filling up the DagBag from /home/airflow/.local/lib/python3.8/site-packages/airflow/example_dags/example_short_circuit_decorator.py
[2024-10-29T23:30:57.875+0000] {processor.py:840} INFO - DAG(s) 'example_short_circuit_decorator' retrieved from /home/airflow/.local/lib/python3.8/site-packages/airflow/example_dags/example_short_circuit_decorator.py
[2024-10-29T23:30:57.910+0000] {logging_mixin.py:188} INFO - [2024-10-29T23:30:57.909+0000] {dag.py:3047} INFO - Sync 1 DAGs
[2024-10-29T23:30:57.950+0000] {logging_mixin.py:188} INFO - [2024-10-29T23:30:57.950+0000] {dag.py:3834} INFO - Setting next_dagrun for example_short_circuit_decorator to 2024-10-28 00:00:00+00:00, run_after=2024-10-29 00:00:00+00:00
[2024-10-29T23:30:57.981+0000] {processor.py:183} INFO - Processing /home/airflow/.local/lib/python3.8/site-packages/airflow/example_dags/example_short_circuit_decorator.py took 0.122 seconds
[2024-10-29T23:31:28.630+0000] {processor.py:161} INFO - Started process (PID=17096) to work on /home/airflow/.local/lib/python3.8/site-packages/airflow/example_dags/example_short_circuit_decorator.py
[2024-10-29T23:31:28.631+0000] {processor.py:830} INFO - Processing file /home/airflow/.local/lib/python3.8/site-packages/airflow/example_dags/example_short_circuit_decorator.py for tasks to queue
[2024-10-29T23:31:28.633+0000] {logging_mixin.py:188} INFO - [2024-10-29T23:31:28.632+0000] {dagbag.py:540} INFO - Filling up the DagBag from /home/airflow/.local/lib/python3.8/site-packages/airflow/example_dags/example_short_circuit_decorator.py
[2024-10-29T23:31:28.642+0000] {processor.py:840} INFO - DAG(s) 'example_short_circuit_decorator' retrieved from /home/airflow/.local/lib/python3.8/site-packages/airflow/example_dags/example_short_circuit_decorator.py
[2024-10-29T23:31:28.667+0000] {logging_mixin.py:188} INFO - [2024-10-29T23:31:28.667+0000] {dag.py:3047} INFO - Sync 1 DAGs
[2024-10-29T23:31:28.697+0000] {logging_mixin.py:188} INFO - [2024-10-29T23:31:28.697+0000] {dag.py:3834} INFO - Setting next_dagrun for example_short_circuit_decorator to 2024-10-28 00:00:00+00:00, run_after=2024-10-29 00:00:00+00:00
[2024-10-29T23:31:28.838+0000] {processor.py:183} INFO - Processing /home/airflow/.local/lib/python3.8/site-packages/airflow/example_dags/example_short_circuit_decorator.py took 0.210 seconds
[2024-10-29T23:31:59.225+0000] {processor.py:161} INFO - Started process (PID=17152) to work on /home/airflow/.local/lib/python3.8/site-packages/airflow/example_dags/example_short_circuit_decorator.py
[2024-10-29T23:31:59.226+0000] {processor.py:830} INFO - Processing file /home/airflow/.local/lib/python3.8/site-packages/airflow/example_dags/example_short_circuit_decorator.py for tasks to queue
[2024-10-29T23:31:59.227+0000] {logging_mixin.py:188} INFO - [2024-10-29T23:31:59.227+0000] {dagbag.py:540} INFO - Filling up the DagBag from /home/airflow/.local/lib/python3.8/site-packages/airflow/example_dags/example_short_circuit_decorator.py
[2024-10-29T23:31:59.234+0000] {processor.py:840} INFO - DAG(s) 'example_short_circuit_decorator' retrieved from /home/airflow/.local/lib/python3.8/site-packages/airflow/example_dags/example_short_circuit_decorator.py
[2024-10-29T23:31:59.251+0000] {logging_mixin.py:188} INFO - [2024-10-29T23:31:59.251+0000] {dag.py:3047} INFO - Sync 1 DAGs
[2024-10-29T23:31:59.268+0000] {logging_mixin.py:188} INFO - [2024-10-29T23:31:59.268+0000] {dag.py:3834} INFO - Setting next_dagrun for example_short_circuit_decorator to 2024-10-28 00:00:00+00:00, run_after=2024-10-29 00:00:00+00:00
[2024-10-29T23:31:59.382+0000] {processor.py:183} INFO - Processing /home/airflow/.local/lib/python3.8/site-packages/airflow/example_dags/example_short_circuit_decorator.py took 0.159 seconds
[2024-10-29T23:32:30.879+0000] {processor.py:161} INFO - Started process (PID=17207) to work on /home/airflow/.local/lib/python3.8/site-packages/airflow/example_dags/example_short_circuit_decorator.py
[2024-10-29T23:32:30.880+0000] {processor.py:830} INFO - Processing file /home/airflow/.local/lib/python3.8/site-packages/airflow/example_dags/example_short_circuit_decorator.py for tasks to queue
[2024-10-29T23:32:30.881+0000] {logging_mixin.py:188} INFO - [2024-10-29T23:32:30.881+0000] {dagbag.py:540} INFO - Filling up the DagBag from /home/airflow/.local/lib/python3.8/site-packages/airflow/example_dags/example_short_circuit_decorator.py
[2024-10-29T23:32:30.892+0000] {processor.py:840} INFO - DAG(s) 'example_short_circuit_decorator' retrieved from /home/airflow/.local/lib/python3.8/site-packages/airflow/example_dags/example_short_circuit_decorator.py
[2024-10-29T23:32:30.919+0000] {logging_mixin.py:188} INFO - [2024-10-29T23:32:30.918+0000] {dag.py:3047} INFO - Sync 1 DAGs
[2024-10-29T23:32:31.069+0000] {logging_mixin.py:188} INFO - [2024-10-29T23:32:31.069+0000] {dag.py:3834} INFO - Setting next_dagrun for example_short_circuit_decorator to 2024-10-28 00:00:00+00:00, run_after=2024-10-29 00:00:00+00:00
[2024-10-29T23:32:31.092+0000] {processor.py:183} INFO - Processing /home/airflow/.local/lib/python3.8/site-packages/airflow/example_dags/example_short_circuit_decorator.py took 0.217 seconds
[2024-10-29T23:33:01.699+0000] {processor.py:161} INFO - Started process (PID=17264) to work on /home/airflow/.local/lib/python3.8/site-packages/airflow/example_dags/example_short_circuit_decorator.py
[2024-10-29T23:33:01.699+0000] {processor.py:830} INFO - Processing file /home/airflow/.local/lib/python3.8/site-packages/airflow/example_dags/example_short_circuit_decorator.py for tasks to queue
[2024-10-29T23:33:01.701+0000] {logging_mixin.py:188} INFO - [2024-10-29T23:33:01.701+0000] {dagbag.py:540} INFO - Filling up the DagBag from /home/airflow/.local/lib/python3.8/site-packages/airflow/example_dags/example_short_circuit_decorator.py
[2024-10-29T23:33:01.709+0000] {processor.py:840} INFO - DAG(s) 'example_short_circuit_decorator' retrieved from /home/airflow/.local/lib/python3.8/site-packages/airflow/example_dags/example_short_circuit_decorator.py
[2024-10-29T23:33:01.730+0000] {logging_mixin.py:188} INFO - [2024-10-29T23:33:01.730+0000] {dag.py:3047} INFO - Sync 1 DAGs
[2024-10-29T23:33:01.858+0000] {logging_mixin.py:188} INFO - [2024-10-29T23:33:01.857+0000] {dag.py:3834} INFO - Setting next_dagrun for example_short_circuit_decorator to 2024-10-28 00:00:00+00:00, run_after=2024-10-29 00:00:00+00:00
[2024-10-29T23:33:01.876+0000] {processor.py:183} INFO - Processing /home/airflow/.local/lib/python3.8/site-packages/airflow/example_dags/example_short_circuit_decorator.py took 0.180 seconds
[2024-10-29T23:34:18.118+0000] {processor.py:161} INFO - Started process (PID=62) to work on /home/airflow/.local/lib/python3.8/site-packages/airflow/example_dags/example_short_circuit_decorator.py
[2024-10-29T23:34:18.119+0000] {processor.py:830} INFO - Processing file /home/airflow/.local/lib/python3.8/site-packages/airflow/example_dags/example_short_circuit_decorator.py for tasks to queue
[2024-10-29T23:34:18.122+0000] {logging_mixin.py:188} INFO - [2024-10-29T23:34:18.121+0000] {dagbag.py:540} INFO - Filling up the DagBag from /home/airflow/.local/lib/python3.8/site-packages/airflow/example_dags/example_short_circuit_decorator.py
[2024-10-29T23:34:18.141+0000] {processor.py:840} INFO - DAG(s) 'example_short_circuit_decorator' retrieved from /home/airflow/.local/lib/python3.8/site-packages/airflow/example_dags/example_short_circuit_decorator.py
[2024-10-29T23:34:18.158+0000] {logging_mixin.py:188} INFO - [2024-10-29T23:34:18.158+0000] {dag.py:3047} INFO - Sync 1 DAGs
[2024-10-29T23:34:18.191+0000] {logging_mixin.py:188} INFO - [2024-10-29T23:34:18.191+0000] {dag.py:3834} INFO - Setting next_dagrun for example_short_circuit_decorator to 2024-10-28 00:00:00+00:00, run_after=2024-10-29 00:00:00+00:00
[2024-10-29T23:34:18.220+0000] {processor.py:183} INFO - Processing /home/airflow/.local/lib/python3.8/site-packages/airflow/example_dags/example_short_circuit_decorator.py took 0.105 seconds
[2024-10-29T23:34:50.109+0000] {processor.py:161} INFO - Started process (PID=118) to work on /home/airflow/.local/lib/python3.8/site-packages/airflow/example_dags/example_short_circuit_decorator.py
[2024-10-29T23:34:50.110+0000] {processor.py:830} INFO - Processing file /home/airflow/.local/lib/python3.8/site-packages/airflow/example_dags/example_short_circuit_decorator.py for tasks to queue
[2024-10-29T23:34:50.112+0000] {logging_mixin.py:188} INFO - [2024-10-29T23:34:50.112+0000] {dagbag.py:540} INFO - Filling up the DagBag from /home/airflow/.local/lib/python3.8/site-packages/airflow/example_dags/example_short_circuit_decorator.py
[2024-10-29T23:34:50.124+0000] {processor.py:840} INFO - DAG(s) 'example_short_circuit_decorator' retrieved from /home/airflow/.local/lib/python3.8/site-packages/airflow/example_dags/example_short_circuit_decorator.py
[2024-10-29T23:34:50.287+0000] {logging_mixin.py:188} INFO - [2024-10-29T23:34:50.287+0000] {dag.py:3047} INFO - Sync 1 DAGs
[2024-10-29T23:34:50.318+0000] {logging_mixin.py:188} INFO - [2024-10-29T23:34:50.318+0000] {dag.py:3834} INFO - Setting next_dagrun for example_short_circuit_decorator to 2024-10-28 00:00:00+00:00, run_after=2024-10-29 00:00:00+00:00
[2024-10-29T23:34:50.343+0000] {processor.py:183} INFO - Processing /home/airflow/.local/lib/python3.8/site-packages/airflow/example_dags/example_short_circuit_decorator.py took 0.239 seconds
[2024-10-29T23:35:20.572+0000] {processor.py:161} INFO - Started process (PID=174) to work on /home/airflow/.local/lib/python3.8/site-packages/airflow/example_dags/example_short_circuit_decorator.py
[2024-10-29T23:35:20.573+0000] {processor.py:830} INFO - Processing file /home/airflow/.local/lib/python3.8/site-packages/airflow/example_dags/example_short_circuit_decorator.py for tasks to queue
[2024-10-29T23:35:20.574+0000] {logging_mixin.py:188} INFO - [2024-10-29T23:35:20.574+0000] {dagbag.py:540} INFO - Filling up the DagBag from /home/airflow/.local/lib/python3.8/site-packages/airflow/example_dags/example_short_circuit_decorator.py
[2024-10-29T23:35:20.582+0000] {processor.py:840} INFO - DAG(s) 'example_short_circuit_decorator' retrieved from /home/airflow/.local/lib/python3.8/site-packages/airflow/example_dags/example_short_circuit_decorator.py
[2024-10-29T23:35:20.602+0000] {logging_mixin.py:188} INFO - [2024-10-29T23:35:20.602+0000] {dag.py:3047} INFO - Sync 1 DAGs
[2024-10-29T23:35:20.622+0000] {logging_mixin.py:188} INFO - [2024-10-29T23:35:20.622+0000] {dag.py:3834} INFO - Setting next_dagrun for example_short_circuit_decorator to 2024-10-28 00:00:00+00:00, run_after=2024-10-29 00:00:00+00:00
[2024-10-29T23:35:20.640+0000] {processor.py:183} INFO - Processing /home/airflow/.local/lib/python3.8/site-packages/airflow/example_dags/example_short_circuit_decorator.py took 0.071 seconds
[2024-10-29T23:35:50.872+0000] {processor.py:161} INFO - Started process (PID=230) to work on /home/airflow/.local/lib/python3.8/site-packages/airflow/example_dags/example_short_circuit_decorator.py
[2024-10-29T23:35:50.873+0000] {processor.py:830} INFO - Processing file /home/airflow/.local/lib/python3.8/site-packages/airflow/example_dags/example_short_circuit_decorator.py for tasks to queue
[2024-10-29T23:35:50.874+0000] {logging_mixin.py:188} INFO - [2024-10-29T23:35:50.874+0000] {dagbag.py:540} INFO - Filling up the DagBag from /home/airflow/.local/lib/python3.8/site-packages/airflow/example_dags/example_short_circuit_decorator.py
[2024-10-29T23:35:50.882+0000] {processor.py:840} INFO - DAG(s) 'example_short_circuit_decorator' retrieved from /home/airflow/.local/lib/python3.8/site-packages/airflow/example_dags/example_short_circuit_decorator.py
[2024-10-29T23:35:50.901+0000] {logging_mixin.py:188} INFO - [2024-10-29T23:35:50.900+0000] {dag.py:3047} INFO - Sync 1 DAGs
[2024-10-29T23:35:50.921+0000] {logging_mixin.py:188} INFO - [2024-10-29T23:35:50.921+0000] {dag.py:3834} INFO - Setting next_dagrun for example_short_circuit_decorator to 2024-10-28 00:00:00+00:00, run_after=2024-10-29 00:00:00+00:00
[2024-10-29T23:35:50.941+0000] {processor.py:183} INFO - Processing /home/airflow/.local/lib/python3.8/site-packages/airflow/example_dags/example_short_circuit_decorator.py took 0.072 seconds
[2024-10-29T23:36:21.876+0000] {processor.py:161} INFO - Started process (PID=286) to work on /home/airflow/.local/lib/python3.8/site-packages/airflow/example_dags/example_short_circuit_decorator.py
[2024-10-29T23:36:21.877+0000] {processor.py:830} INFO - Processing file /home/airflow/.local/lib/python3.8/site-packages/airflow/example_dags/example_short_circuit_decorator.py for tasks to queue
[2024-10-29T23:36:21.878+0000] {logging_mixin.py:188} INFO - [2024-10-29T23:36:21.878+0000] {dagbag.py:540} INFO - Filling up the DagBag from /home/airflow/.local/lib/python3.8/site-packages/airflow/example_dags/example_short_circuit_decorator.py
[2024-10-29T23:36:21.888+0000] {processor.py:840} INFO - DAG(s) 'example_short_circuit_decorator' retrieved from /home/airflow/.local/lib/python3.8/site-packages/airflow/example_dags/example_short_circuit_decorator.py
[2024-10-29T23:36:21.912+0000] {logging_mixin.py:188} INFO - [2024-10-29T23:36:21.912+0000] {dag.py:3047} INFO - Sync 1 DAGs
[2024-10-29T23:36:21.944+0000] {logging_mixin.py:188} INFO - [2024-10-29T23:36:21.943+0000] {dag.py:3834} INFO - Setting next_dagrun for example_short_circuit_decorator to 2024-10-28 00:00:00+00:00, run_after=2024-10-29 00:00:00+00:00
[2024-10-29T23:36:21.967+0000] {processor.py:183} INFO - Processing /home/airflow/.local/lib/python3.8/site-packages/airflow/example_dags/example_short_circuit_decorator.py took 0.095 seconds
[2024-10-29T23:36:52.591+0000] {processor.py:161} INFO - Started process (PID=342) to work on /home/airflow/.local/lib/python3.8/site-packages/airflow/example_dags/example_short_circuit_decorator.py
[2024-10-29T23:36:52.591+0000] {processor.py:830} INFO - Processing file /home/airflow/.local/lib/python3.8/site-packages/airflow/example_dags/example_short_circuit_decorator.py for tasks to queue
[2024-10-29T23:36:52.593+0000] {logging_mixin.py:188} INFO - [2024-10-29T23:36:52.593+0000] {dagbag.py:540} INFO - Filling up the DagBag from /home/airflow/.local/lib/python3.8/site-packages/airflow/example_dags/example_short_circuit_decorator.py
[2024-10-29T23:36:52.604+0000] {processor.py:840} INFO - DAG(s) 'example_short_circuit_decorator' retrieved from /home/airflow/.local/lib/python3.8/site-packages/airflow/example_dags/example_short_circuit_decorator.py
[2024-10-29T23:36:52.632+0000] {logging_mixin.py:188} INFO - [2024-10-29T23:36:52.631+0000] {dag.py:3047} INFO - Sync 1 DAGs
[2024-10-29T23:36:52.655+0000] {logging_mixin.py:188} INFO - [2024-10-29T23:36:52.655+0000] {dag.py:3834} INFO - Setting next_dagrun for example_short_circuit_decorator to 2024-10-28 00:00:00+00:00, run_after=2024-10-29 00:00:00+00:00
[2024-10-29T23:36:52.673+0000] {processor.py:183} INFO - Processing /home/airflow/.local/lib/python3.8/site-packages/airflow/example_dags/example_short_circuit_decorator.py took 0.086 seconds
[2024-10-29T23:37:22.904+0000] {processor.py:161} INFO - Started process (PID=398) to work on /home/airflow/.local/lib/python3.8/site-packages/airflow/example_dags/example_short_circuit_decorator.py
[2024-10-29T23:37:22.905+0000] {processor.py:830} INFO - Processing file /home/airflow/.local/lib/python3.8/site-packages/airflow/example_dags/example_short_circuit_decorator.py for tasks to queue
[2024-10-29T23:37:22.907+0000] {logging_mixin.py:188} INFO - [2024-10-29T23:37:22.906+0000] {dagbag.py:540} INFO - Filling up the DagBag from /home/airflow/.local/lib/python3.8/site-packages/airflow/example_dags/example_short_circuit_decorator.py
[2024-10-29T23:37:22.916+0000] {processor.py:840} INFO - DAG(s) 'example_short_circuit_decorator' retrieved from /home/airflow/.local/lib/python3.8/site-packages/airflow/example_dags/example_short_circuit_decorator.py
[2024-10-29T23:37:22.936+0000] {logging_mixin.py:188} INFO - [2024-10-29T23:37:22.936+0000] {dag.py:3047} INFO - Sync 1 DAGs
[2024-10-29T23:37:22.959+0000] {logging_mixin.py:188} INFO - [2024-10-29T23:37:22.959+0000] {dag.py:3834} INFO - Setting next_dagrun for example_short_circuit_decorator to 2024-10-28 00:00:00+00:00, run_after=2024-10-29 00:00:00+00:00
[2024-10-29T23:37:22.980+0000] {processor.py:183} INFO - Processing /home/airflow/.local/lib/python3.8/site-packages/airflow/example_dags/example_short_circuit_decorator.py took 0.079 seconds
[2024-10-29T23:37:53.716+0000] {processor.py:161} INFO - Started process (PID=454) to work on /home/airflow/.local/lib/python3.8/site-packages/airflow/example_dags/example_short_circuit_decorator.py
[2024-10-29T23:37:53.717+0000] {processor.py:830} INFO - Processing file /home/airflow/.local/lib/python3.8/site-packages/airflow/example_dags/example_short_circuit_decorator.py for tasks to queue
[2024-10-29T23:37:53.719+0000] {logging_mixin.py:188} INFO - [2024-10-29T23:37:53.719+0000] {dagbag.py:540} INFO - Filling up the DagBag from /home/airflow/.local/lib/python3.8/site-packages/airflow/example_dags/example_short_circuit_decorator.py
[2024-10-29T23:37:53.730+0000] {processor.py:840} INFO - DAG(s) 'example_short_circuit_decorator' retrieved from /home/airflow/.local/lib/python3.8/site-packages/airflow/example_dags/example_short_circuit_decorator.py
[2024-10-29T23:37:53.755+0000] {logging_mixin.py:188} INFO - [2024-10-29T23:37:53.755+0000] {dag.py:3047} INFO - Sync 1 DAGs
[2024-10-29T23:37:53.781+0000] {logging_mixin.py:188} INFO - [2024-10-29T23:37:53.781+0000] {dag.py:3834} INFO - Setting next_dagrun for example_short_circuit_decorator to 2024-10-28 00:00:00+00:00, run_after=2024-10-29 00:00:00+00:00
[2024-10-29T23:37:53.802+0000] {processor.py:183} INFO - Processing /home/airflow/.local/lib/python3.8/site-packages/airflow/example_dags/example_short_circuit_decorator.py took 0.088 seconds
[2024-10-29T23:38:24.338+0000] {processor.py:161} INFO - Started process (PID=510) to work on /home/airflow/.local/lib/python3.8/site-packages/airflow/example_dags/example_short_circuit_decorator.py
[2024-10-29T23:38:24.338+0000] {processor.py:830} INFO - Processing file /home/airflow/.local/lib/python3.8/site-packages/airflow/example_dags/example_short_circuit_decorator.py for tasks to queue
[2024-10-29T23:38:24.340+0000] {logging_mixin.py:188} INFO - [2024-10-29T23:38:24.340+0000] {dagbag.py:540} INFO - Filling up the DagBag from /home/airflow/.local/lib/python3.8/site-packages/airflow/example_dags/example_short_circuit_decorator.py
[2024-10-29T23:38:24.349+0000] {processor.py:840} INFO - DAG(s) 'example_short_circuit_decorator' retrieved from /home/airflow/.local/lib/python3.8/site-packages/airflow/example_dags/example_short_circuit_decorator.py
[2024-10-29T23:38:24.371+0000] {logging_mixin.py:188} INFO - [2024-10-29T23:38:24.370+0000] {dag.py:3047} INFO - Sync 1 DAGs
[2024-10-29T23:38:24.394+0000] {logging_mixin.py:188} INFO - [2024-10-29T23:38:24.394+0000] {dag.py:3834} INFO - Setting next_dagrun for example_short_circuit_decorator to 2024-10-28 00:00:00+00:00, run_after=2024-10-29 00:00:00+00:00
[2024-10-29T23:38:24.411+0000] {processor.py:183} INFO - Processing /home/airflow/.local/lib/python3.8/site-packages/airflow/example_dags/example_short_circuit_decorator.py took 0.077 seconds
[2024-10-29T23:38:54.841+0000] {processor.py:161} INFO - Started process (PID=566) to work on /home/airflow/.local/lib/python3.8/site-packages/airflow/example_dags/example_short_circuit_decorator.py
[2024-10-29T23:38:54.842+0000] {processor.py:830} INFO - Processing file /home/airflow/.local/lib/python3.8/site-packages/airflow/example_dags/example_short_circuit_decorator.py for tasks to queue
[2024-10-29T23:38:54.844+0000] {logging_mixin.py:188} INFO - [2024-10-29T23:38:54.844+0000] {dagbag.py:540} INFO - Filling up the DagBag from /home/airflow/.local/lib/python3.8/site-packages/airflow/example_dags/example_short_circuit_decorator.py
[2024-10-29T23:38:54.855+0000] {processor.py:840} INFO - DAG(s) 'example_short_circuit_decorator' retrieved from /home/airflow/.local/lib/python3.8/site-packages/airflow/example_dags/example_short_circuit_decorator.py
[2024-10-29T23:38:54.884+0000] {logging_mixin.py:188} INFO - [2024-10-29T23:38:54.883+0000] {dag.py:3047} INFO - Sync 1 DAGs
[2024-10-29T23:38:54.914+0000] {logging_mixin.py:188} INFO - [2024-10-29T23:38:54.914+0000] {dag.py:3834} INFO - Setting next_dagrun for example_short_circuit_decorator to 2024-10-28 00:00:00+00:00, run_after=2024-10-29 00:00:00+00:00
[2024-10-29T23:38:54.939+0000] {processor.py:183} INFO - Processing /home/airflow/.local/lib/python3.8/site-packages/airflow/example_dags/example_short_circuit_decorator.py took 0.101 seconds
[2024-10-29T23:39:25.909+0000] {processor.py:161} INFO - Started process (PID=622) to work on /home/airflow/.local/lib/python3.8/site-packages/airflow/example_dags/example_short_circuit_decorator.py
[2024-10-29T23:39:25.910+0000] {processor.py:830} INFO - Processing file /home/airflow/.local/lib/python3.8/site-packages/airflow/example_dags/example_short_circuit_decorator.py for tasks to queue
[2024-10-29T23:39:25.913+0000] {logging_mixin.py:188} INFO - [2024-10-29T23:39:25.912+0000] {dagbag.py:540} INFO - Filling up the DagBag from /home/airflow/.local/lib/python3.8/site-packages/airflow/example_dags/example_short_circuit_decorator.py
[2024-10-29T23:39:25.928+0000] {processor.py:840} INFO - DAG(s) 'example_short_circuit_decorator' retrieved from /home/airflow/.local/lib/python3.8/site-packages/airflow/example_dags/example_short_circuit_decorator.py
[2024-10-29T23:39:25.964+0000] {logging_mixin.py:188} INFO - [2024-10-29T23:39:25.964+0000] {dag.py:3047} INFO - Sync 1 DAGs
[2024-10-29T23:39:26.003+0000] {logging_mixin.py:188} INFO - [2024-10-29T23:39:26.002+0000] {dag.py:3834} INFO - Setting next_dagrun for example_short_circuit_decorator to 2024-10-28 00:00:00+00:00, run_after=2024-10-29 00:00:00+00:00
[2024-10-29T23:39:26.029+0000] {processor.py:183} INFO - Processing /home/airflow/.local/lib/python3.8/site-packages/airflow/example_dags/example_short_circuit_decorator.py took 0.125 seconds
[2024-10-29T23:39:56.652+0000] {processor.py:161} INFO - Started process (PID=678) to work on /home/airflow/.local/lib/python3.8/site-packages/airflow/example_dags/example_short_circuit_decorator.py
[2024-10-29T23:39:56.653+0000] {processor.py:830} INFO - Processing file /home/airflow/.local/lib/python3.8/site-packages/airflow/example_dags/example_short_circuit_decorator.py for tasks to queue
[2024-10-29T23:39:56.656+0000] {logging_mixin.py:188} INFO - [2024-10-29T23:39:56.656+0000] {dagbag.py:540} INFO - Filling up the DagBag from /home/airflow/.local/lib/python3.8/site-packages/airflow/example_dags/example_short_circuit_decorator.py
[2024-10-29T23:39:56.672+0000] {processor.py:840} INFO - DAG(s) 'example_short_circuit_decorator' retrieved from /home/airflow/.local/lib/python3.8/site-packages/airflow/example_dags/example_short_circuit_decorator.py
[2024-10-29T23:39:56.710+0000] {logging_mixin.py:188} INFO - [2024-10-29T23:39:56.710+0000] {dag.py:3047} INFO - Sync 1 DAGs
[2024-10-29T23:39:56.756+0000] {logging_mixin.py:188} INFO - [2024-10-29T23:39:56.756+0000] {dag.py:3834} INFO - Setting next_dagrun for example_short_circuit_decorator to 2024-10-28 00:00:00+00:00, run_after=2024-10-29 00:00:00+00:00
[2024-10-29T23:39:56.786+0000] {processor.py:183} INFO - Processing /home/airflow/.local/lib/python3.8/site-packages/airflow/example_dags/example_short_circuit_decorator.py took 0.139 seconds
[2024-10-29T23:40:26.882+0000] {processor.py:161} INFO - Started process (PID=734) to work on /home/airflow/.local/lib/python3.8/site-packages/airflow/example_dags/example_short_circuit_decorator.py
[2024-10-29T23:40:26.883+0000] {processor.py:830} INFO - Processing file /home/airflow/.local/lib/python3.8/site-packages/airflow/example_dags/example_short_circuit_decorator.py for tasks to queue
[2024-10-29T23:40:26.885+0000] {logging_mixin.py:188} INFO - [2024-10-29T23:40:26.885+0000] {dagbag.py:540} INFO - Filling up the DagBag from /home/airflow/.local/lib/python3.8/site-packages/airflow/example_dags/example_short_circuit_decorator.py
[2024-10-29T23:40:26.895+0000] {processor.py:840} INFO - DAG(s) 'example_short_circuit_decorator' retrieved from /home/airflow/.local/lib/python3.8/site-packages/airflow/example_dags/example_short_circuit_decorator.py
[2024-10-29T23:40:26.923+0000] {logging_mixin.py:188} INFO - [2024-10-29T23:40:26.922+0000] {dag.py:3047} INFO - Sync 1 DAGs
[2024-10-29T23:40:26.953+0000] {logging_mixin.py:188} INFO - [2024-10-29T23:40:26.953+0000] {dag.py:3834} INFO - Setting next_dagrun for example_short_circuit_decorator to 2024-10-28 00:00:00+00:00, run_after=2024-10-29 00:00:00+00:00
[2024-10-29T23:40:26.977+0000] {processor.py:183} INFO - Processing /home/airflow/.local/lib/python3.8/site-packages/airflow/example_dags/example_short_circuit_decorator.py took 0.099 seconds
[2024-10-29T23:40:57.498+0000] {processor.py:161} INFO - Started process (PID=789) to work on /home/airflow/.local/lib/python3.8/site-packages/airflow/example_dags/example_short_circuit_decorator.py
[2024-10-29T23:40:57.499+0000] {processor.py:830} INFO - Processing file /home/airflow/.local/lib/python3.8/site-packages/airflow/example_dags/example_short_circuit_decorator.py for tasks to queue
[2024-10-29T23:40:57.501+0000] {logging_mixin.py:188} INFO - [2024-10-29T23:40:57.501+0000] {dagbag.py:540} INFO - Filling up the DagBag from /home/airflow/.local/lib/python3.8/site-packages/airflow/example_dags/example_short_circuit_decorator.py
[2024-10-29T23:40:57.513+0000] {processor.py:840} INFO - DAG(s) 'example_short_circuit_decorator' retrieved from /home/airflow/.local/lib/python3.8/site-packages/airflow/example_dags/example_short_circuit_decorator.py
[2024-10-29T23:40:57.550+0000] {logging_mixin.py:188} INFO - [2024-10-29T23:40:57.549+0000] {dag.py:3047} INFO - Sync 1 DAGs
[2024-10-29T23:40:57.591+0000] {logging_mixin.py:188} INFO - [2024-10-29T23:40:57.590+0000] {dag.py:3834} INFO - Setting next_dagrun for example_short_circuit_decorator to 2024-10-28 00:00:00+00:00, run_after=2024-10-29 00:00:00+00:00
[2024-10-29T23:40:57.617+0000] {processor.py:183} INFO - Processing /home/airflow/.local/lib/python3.8/site-packages/airflow/example_dags/example_short_circuit_decorator.py took 0.123 seconds
[2024-10-29T23:41:28.418+0000] {processor.py:161} INFO - Started process (PID=845) to work on /home/airflow/.local/lib/python3.8/site-packages/airflow/example_dags/example_short_circuit_decorator.py
[2024-10-29T23:41:28.419+0000] {processor.py:830} INFO - Processing file /home/airflow/.local/lib/python3.8/site-packages/airflow/example_dags/example_short_circuit_decorator.py for tasks to queue
[2024-10-29T23:41:28.422+0000] {logging_mixin.py:188} INFO - [2024-10-29T23:41:28.421+0000] {dagbag.py:540} INFO - Filling up the DagBag from /home/airflow/.local/lib/python3.8/site-packages/airflow/example_dags/example_short_circuit_decorator.py
[2024-10-29T23:41:28.433+0000] {processor.py:840} INFO - DAG(s) 'example_short_circuit_decorator' retrieved from /home/airflow/.local/lib/python3.8/site-packages/airflow/example_dags/example_short_circuit_decorator.py
[2024-10-29T23:41:28.460+0000] {logging_mixin.py:188} INFO - [2024-10-29T23:41:28.460+0000] {dag.py:3047} INFO - Sync 1 DAGs
[2024-10-29T23:41:28.494+0000] {logging_mixin.py:188} INFO - [2024-10-29T23:41:28.493+0000] {dag.py:3834} INFO - Setting next_dagrun for example_short_circuit_decorator to 2024-10-28 00:00:00+00:00, run_after=2024-10-29 00:00:00+00:00
[2024-10-29T23:41:28.517+0000] {processor.py:183} INFO - Processing /home/airflow/.local/lib/python3.8/site-packages/airflow/example_dags/example_short_circuit_decorator.py took 0.102 seconds
[2024-10-29T23:41:59.325+0000] {processor.py:161} INFO - Started process (PID=901) to work on /home/airflow/.local/lib/python3.8/site-packages/airflow/example_dags/example_short_circuit_decorator.py
[2024-10-29T23:41:59.326+0000] {processor.py:830} INFO - Processing file /home/airflow/.local/lib/python3.8/site-packages/airflow/example_dags/example_short_circuit_decorator.py for tasks to queue
[2024-10-29T23:41:59.327+0000] {logging_mixin.py:188} INFO - [2024-10-29T23:41:59.327+0000] {dagbag.py:540} INFO - Filling up the DagBag from /home/airflow/.local/lib/python3.8/site-packages/airflow/example_dags/example_short_circuit_decorator.py
[2024-10-29T23:41:59.335+0000] {processor.py:840} INFO - DAG(s) 'example_short_circuit_decorator' retrieved from /home/airflow/.local/lib/python3.8/site-packages/airflow/example_dags/example_short_circuit_decorator.py
[2024-10-29T23:41:59.355+0000] {logging_mixin.py:188} INFO - [2024-10-29T23:41:59.354+0000] {dag.py:3047} INFO - Sync 1 DAGs
[2024-10-29T23:41:59.374+0000] {logging_mixin.py:188} INFO - [2024-10-29T23:41:59.374+0000] {dag.py:3834} INFO - Setting next_dagrun for example_short_circuit_decorator to 2024-10-28 00:00:00+00:00, run_after=2024-10-29 00:00:00+00:00
[2024-10-29T23:41:59.391+0000] {processor.py:183} INFO - Processing /home/airflow/.local/lib/python3.8/site-packages/airflow/example_dags/example_short_circuit_decorator.py took 0.068 seconds
[2024-10-29T23:42:29.765+0000] {processor.py:161} INFO - Started process (PID=957) to work on /home/airflow/.local/lib/python3.8/site-packages/airflow/example_dags/example_short_circuit_decorator.py
[2024-10-29T23:42:29.766+0000] {processor.py:830} INFO - Processing file /home/airflow/.local/lib/python3.8/site-packages/airflow/example_dags/example_short_circuit_decorator.py for tasks to queue
[2024-10-29T23:42:29.768+0000] {logging_mixin.py:188} INFO - [2024-10-29T23:42:29.768+0000] {dagbag.py:540} INFO - Filling up the DagBag from /home/airflow/.local/lib/python3.8/site-packages/airflow/example_dags/example_short_circuit_decorator.py
[2024-10-29T23:42:29.777+0000] {processor.py:840} INFO - DAG(s) 'example_short_circuit_decorator' retrieved from /home/airflow/.local/lib/python3.8/site-packages/airflow/example_dags/example_short_circuit_decorator.py
[2024-10-29T23:42:29.800+0000] {logging_mixin.py:188} INFO - [2024-10-29T23:42:29.800+0000] {dag.py:3047} INFO - Sync 1 DAGs
[2024-10-29T23:42:29.827+0000] {logging_mixin.py:188} INFO - [2024-10-29T23:42:29.826+0000] {dag.py:3834} INFO - Setting next_dagrun for example_short_circuit_decorator to 2024-10-28 00:00:00+00:00, run_after=2024-10-29 00:00:00+00:00
[2024-10-29T23:42:29.852+0000] {processor.py:183} INFO - Processing /home/airflow/.local/lib/python3.8/site-packages/airflow/example_dags/example_short_circuit_decorator.py took 0.089 seconds
[2024-10-29T23:43:00.043+0000] {processor.py:161} INFO - Started process (PID=1013) to work on /home/airflow/.local/lib/python3.8/site-packages/airflow/example_dags/example_short_circuit_decorator.py
[2024-10-29T23:43:00.044+0000] {processor.py:830} INFO - Processing file /home/airflow/.local/lib/python3.8/site-packages/airflow/example_dags/example_short_circuit_decorator.py for tasks to queue
[2024-10-29T23:43:00.046+0000] {logging_mixin.py:188} INFO - [2024-10-29T23:43:00.045+0000] {dagbag.py:540} INFO - Filling up the DagBag from /home/airflow/.local/lib/python3.8/site-packages/airflow/example_dags/example_short_circuit_decorator.py
[2024-10-29T23:43:00.054+0000] {processor.py:840} INFO - DAG(s) 'example_short_circuit_decorator' retrieved from /home/airflow/.local/lib/python3.8/site-packages/airflow/example_dags/example_short_circuit_decorator.py
[2024-10-29T23:43:00.076+0000] {logging_mixin.py:188} INFO - [2024-10-29T23:43:00.075+0000] {dag.py:3047} INFO - Sync 1 DAGs
[2024-10-29T23:43:00.098+0000] {logging_mixin.py:188} INFO - [2024-10-29T23:43:00.098+0000] {dag.py:3834} INFO - Setting next_dagrun for example_short_circuit_decorator to 2024-10-28 00:00:00+00:00, run_after=2024-10-29 00:00:00+00:00
[2024-10-29T23:43:00.118+0000] {processor.py:183} INFO - Processing /home/airflow/.local/lib/python3.8/site-packages/airflow/example_dags/example_short_circuit_decorator.py took 0.077 seconds
[2024-10-29T23:43:30.452+0000] {processor.py:161} INFO - Started process (PID=1069) to work on /home/airflow/.local/lib/python3.8/site-packages/airflow/example_dags/example_short_circuit_decorator.py
[2024-10-29T23:43:30.453+0000] {processor.py:830} INFO - Processing file /home/airflow/.local/lib/python3.8/site-packages/airflow/example_dags/example_short_circuit_decorator.py for tasks to queue
[2024-10-29T23:43:30.454+0000] {logging_mixin.py:188} INFO - [2024-10-29T23:43:30.454+0000] {dagbag.py:540} INFO - Filling up the DagBag from /home/airflow/.local/lib/python3.8/site-packages/airflow/example_dags/example_short_circuit_decorator.py
[2024-10-29T23:43:30.463+0000] {processor.py:840} INFO - DAG(s) 'example_short_circuit_decorator' retrieved from /home/airflow/.local/lib/python3.8/site-packages/airflow/example_dags/example_short_circuit_decorator.py
[2024-10-29T23:43:30.488+0000] {logging_mixin.py:188} INFO - [2024-10-29T23:43:30.487+0000] {dag.py:3047} INFO - Sync 1 DAGs
[2024-10-29T23:43:30.516+0000] {logging_mixin.py:188} INFO - [2024-10-29T23:43:30.516+0000] {dag.py:3834} INFO - Setting next_dagrun for example_short_circuit_decorator to 2024-10-28 00:00:00+00:00, run_after=2024-10-29 00:00:00+00:00
[2024-10-29T23:43:30.538+0000] {processor.py:183} INFO - Processing /home/airflow/.local/lib/python3.8/site-packages/airflow/example_dags/example_short_circuit_decorator.py took 0.090 seconds
[2024-10-29T23:44:00.773+0000] {processor.py:161} INFO - Started process (PID=1131) to work on /home/airflow/.local/lib/python3.8/site-packages/airflow/example_dags/example_short_circuit_decorator.py
[2024-10-29T23:44:00.774+0000] {processor.py:830} INFO - Processing file /home/airflow/.local/lib/python3.8/site-packages/airflow/example_dags/example_short_circuit_decorator.py for tasks to queue
[2024-10-29T23:44:00.775+0000] {logging_mixin.py:188} INFO - [2024-10-29T23:44:00.775+0000] {dagbag.py:540} INFO - Filling up the DagBag from /home/airflow/.local/lib/python3.8/site-packages/airflow/example_dags/example_short_circuit_decorator.py
[2024-10-29T23:44:00.785+0000] {processor.py:840} INFO - DAG(s) 'example_short_circuit_decorator' retrieved from /home/airflow/.local/lib/python3.8/site-packages/airflow/example_dags/example_short_circuit_decorator.py
[2024-10-29T23:44:00.806+0000] {logging_mixin.py:188} INFO - [2024-10-29T23:44:00.806+0000] {dag.py:3047} INFO - Sync 1 DAGs
[2024-10-29T23:44:00.829+0000] {logging_mixin.py:188} INFO - [2024-10-29T23:44:00.829+0000] {dag.py:3834} INFO - Setting next_dagrun for example_short_circuit_decorator to 2024-10-28 00:00:00+00:00, run_after=2024-10-29 00:00:00+00:00
[2024-10-29T23:44:00.848+0000] {processor.py:183} INFO - Processing /home/airflow/.local/lib/python3.8/site-packages/airflow/example_dags/example_short_circuit_decorator.py took 0.077 seconds
[2024-10-29T23:44:31.270+0000] {processor.py:161} INFO - Started process (PID=1187) to work on /home/airflow/.local/lib/python3.8/site-packages/airflow/example_dags/example_short_circuit_decorator.py
[2024-10-29T23:44:31.276+0000] {processor.py:830} INFO - Processing file /home/airflow/.local/lib/python3.8/site-packages/airflow/example_dags/example_short_circuit_decorator.py for tasks to queue
[2024-10-29T23:44:31.279+0000] {logging_mixin.py:188} INFO - [2024-10-29T23:44:31.278+0000] {dagbag.py:540} INFO - Filling up the DagBag from /home/airflow/.local/lib/python3.8/site-packages/airflow/example_dags/example_short_circuit_decorator.py
[2024-10-29T23:44:31.295+0000] {processor.py:840} INFO - DAG(s) 'example_short_circuit_decorator' retrieved from /home/airflow/.local/lib/python3.8/site-packages/airflow/example_dags/example_short_circuit_decorator.py
[2024-10-29T23:44:31.323+0000] {logging_mixin.py:188} INFO - [2024-10-29T23:44:31.322+0000] {dag.py:3047} INFO - Sync 1 DAGs
[2024-10-29T23:44:31.345+0000] {logging_mixin.py:188} INFO - [2024-10-29T23:44:31.345+0000] {dag.py:3834} INFO - Setting next_dagrun for example_short_circuit_decorator to 2024-10-28 00:00:00+00:00, run_after=2024-10-29 00:00:00+00:00
[2024-10-29T23:44:31.361+0000] {processor.py:183} INFO - Processing /home/airflow/.local/lib/python3.8/site-packages/airflow/example_dags/example_short_circuit_decorator.py took 0.094 seconds
[2024-10-29T23:45:02.213+0000] {processor.py:161} INFO - Started process (PID=1243) to work on /home/airflow/.local/lib/python3.8/site-packages/airflow/example_dags/example_short_circuit_decorator.py
[2024-10-29T23:45:02.214+0000] {processor.py:830} INFO - Processing file /home/airflow/.local/lib/python3.8/site-packages/airflow/example_dags/example_short_circuit_decorator.py for tasks to queue
[2024-10-29T23:45:02.216+0000] {logging_mixin.py:188} INFO - [2024-10-29T23:45:02.216+0000] {dagbag.py:540} INFO - Filling up the DagBag from /home/airflow/.local/lib/python3.8/site-packages/airflow/example_dags/example_short_circuit_decorator.py
[2024-10-29T23:45:02.228+0000] {processor.py:840} INFO - DAG(s) 'example_short_circuit_decorator' retrieved from /home/airflow/.local/lib/python3.8/site-packages/airflow/example_dags/example_short_circuit_decorator.py
[2024-10-29T23:45:02.258+0000] {logging_mixin.py:188} INFO - [2024-10-29T23:45:02.257+0000] {dag.py:3047} INFO - Sync 1 DAGs
[2024-10-29T23:45:02.287+0000] {logging_mixin.py:188} INFO - [2024-10-29T23:45:02.287+0000] {dag.py:3834} INFO - Setting next_dagrun for example_short_circuit_decorator to 2024-10-28 00:00:00+00:00, run_after=2024-10-29 00:00:00+00:00
[2024-10-29T23:45:02.306+0000] {processor.py:183} INFO - Processing /home/airflow/.local/lib/python3.8/site-packages/airflow/example_dags/example_short_circuit_decorator.py took 0.098 seconds
[2024-10-29T23:45:32.493+0000] {processor.py:161} INFO - Started process (PID=1298) to work on /home/airflow/.local/lib/python3.8/site-packages/airflow/example_dags/example_short_circuit_decorator.py
[2024-10-29T23:45:32.500+0000] {processor.py:830} INFO - Processing file /home/airflow/.local/lib/python3.8/site-packages/airflow/example_dags/example_short_circuit_decorator.py for tasks to queue
[2024-10-29T23:45:32.505+0000] {logging_mixin.py:188} INFO - [2024-10-29T23:45:32.504+0000] {dagbag.py:540} INFO - Filling up the DagBag from /home/airflow/.local/lib/python3.8/site-packages/airflow/example_dags/example_short_circuit_decorator.py
[2024-10-29T23:45:32.531+0000] {processor.py:840} INFO - DAG(s) 'example_short_circuit_decorator' retrieved from /home/airflow/.local/lib/python3.8/site-packages/airflow/example_dags/example_short_circuit_decorator.py
[2024-10-29T23:45:32.605+0000] {logging_mixin.py:188} INFO - [2024-10-29T23:45:32.604+0000] {dag.py:3047} INFO - Sync 1 DAGs
[2024-10-29T23:45:32.660+0000] {logging_mixin.py:188} INFO - [2024-10-29T23:45:32.659+0000] {dag.py:3834} INFO - Setting next_dagrun for example_short_circuit_decorator to 2024-10-28 00:00:00+00:00, run_after=2024-10-29 00:00:00+00:00
[2024-10-29T23:45:32.688+0000] {processor.py:183} INFO - Processing /home/airflow/.local/lib/python3.8/site-packages/airflow/example_dags/example_short_circuit_decorator.py took 0.203 seconds
[2024-10-29T23:46:02.987+0000] {processor.py:161} INFO - Started process (PID=1354) to work on /home/airflow/.local/lib/python3.8/site-packages/airflow/example_dags/example_short_circuit_decorator.py
[2024-10-29T23:46:02.993+0000] {processor.py:830} INFO - Processing file /home/airflow/.local/lib/python3.8/site-packages/airflow/example_dags/example_short_circuit_decorator.py for tasks to queue
[2024-10-29T23:46:02.994+0000] {logging_mixin.py:188} INFO - [2024-10-29T23:46:02.994+0000] {dagbag.py:540} INFO - Filling up the DagBag from /home/airflow/.local/lib/python3.8/site-packages/airflow/example_dags/example_short_circuit_decorator.py
[2024-10-29T23:46:03.005+0000] {processor.py:840} INFO - DAG(s) 'example_short_circuit_decorator' retrieved from /home/airflow/.local/lib/python3.8/site-packages/airflow/example_dags/example_short_circuit_decorator.py
[2024-10-29T23:46:03.032+0000] {logging_mixin.py:188} INFO - [2024-10-29T23:46:03.032+0000] {dag.py:3047} INFO - Sync 1 DAGs
[2024-10-29T23:46:03.060+0000] {logging_mixin.py:188} INFO - [2024-10-29T23:46:03.060+0000] {dag.py:3834} INFO - Setting next_dagrun for example_short_circuit_decorator to 2024-10-28 00:00:00+00:00, run_after=2024-10-29 00:00:00+00:00
[2024-10-29T23:46:03.080+0000] {processor.py:183} INFO - Processing /home/airflow/.local/lib/python3.8/site-packages/airflow/example_dags/example_short_circuit_decorator.py took 0.096 seconds
[2024-10-29T23:46:33.152+0000] {processor.py:161} INFO - Started process (PID=1410) to work on /home/airflow/.local/lib/python3.8/site-packages/airflow/example_dags/example_short_circuit_decorator.py
[2024-10-29T23:46:33.162+0000] {processor.py:830} INFO - Processing file /home/airflow/.local/lib/python3.8/site-packages/airflow/example_dags/example_short_circuit_decorator.py for tasks to queue
[2024-10-29T23:46:33.164+0000] {logging_mixin.py:188} INFO - [2024-10-29T23:46:33.163+0000] {dagbag.py:540} INFO - Filling up the DagBag from /home/airflow/.local/lib/python3.8/site-packages/airflow/example_dags/example_short_circuit_decorator.py
[2024-10-29T23:46:33.174+0000] {processor.py:840} INFO - DAG(s) 'example_short_circuit_decorator' retrieved from /home/airflow/.local/lib/python3.8/site-packages/airflow/example_dags/example_short_circuit_decorator.py
[2024-10-29T23:46:33.205+0000] {logging_mixin.py:188} INFO - [2024-10-29T23:46:33.204+0000] {dag.py:3047} INFO - Sync 1 DAGs
[2024-10-29T23:46:33.247+0000] {logging_mixin.py:188} INFO - [2024-10-29T23:46:33.247+0000] {dag.py:3834} INFO - Setting next_dagrun for example_short_circuit_decorator to 2024-10-28 00:00:00+00:00, run_after=2024-10-29 00:00:00+00:00
[2024-10-29T23:46:33.277+0000] {processor.py:183} INFO - Processing /home/airflow/.local/lib/python3.8/site-packages/airflow/example_dags/example_short_circuit_decorator.py took 0.128 seconds
[2024-10-29T23:47:03.388+0000] {processor.py:161} INFO - Started process (PID=1466) to work on /home/airflow/.local/lib/python3.8/site-packages/airflow/example_dags/example_short_circuit_decorator.py
[2024-10-29T23:47:03.394+0000] {processor.py:830} INFO - Processing file /home/airflow/.local/lib/python3.8/site-packages/airflow/example_dags/example_short_circuit_decorator.py for tasks to queue
[2024-10-29T23:47:03.397+0000] {logging_mixin.py:188} INFO - [2024-10-29T23:47:03.396+0000] {dagbag.py:540} INFO - Filling up the DagBag from /home/airflow/.local/lib/python3.8/site-packages/airflow/example_dags/example_short_circuit_decorator.py
[2024-10-29T23:47:03.411+0000] {processor.py:840} INFO - DAG(s) 'example_short_circuit_decorator' retrieved from /home/airflow/.local/lib/python3.8/site-packages/airflow/example_dags/example_short_circuit_decorator.py
[2024-10-29T23:47:03.447+0000] {logging_mixin.py:188} INFO - [2024-10-29T23:47:03.446+0000] {dag.py:3047} INFO - Sync 1 DAGs
[2024-10-29T23:47:03.488+0000] {logging_mixin.py:188} INFO - [2024-10-29T23:47:03.488+0000] {dag.py:3834} INFO - Setting next_dagrun for example_short_circuit_decorator to 2024-10-28 00:00:00+00:00, run_after=2024-10-29 00:00:00+00:00
[2024-10-29T23:47:03.525+0000] {processor.py:183} INFO - Processing /home/airflow/.local/lib/python3.8/site-packages/airflow/example_dags/example_short_circuit_decorator.py took 0.141 seconds
[2024-10-29T23:47:33.555+0000] {processor.py:161} INFO - Started process (PID=1522) to work on /home/airflow/.local/lib/python3.8/site-packages/airflow/example_dags/example_short_circuit_decorator.py
[2024-10-29T23:47:33.556+0000] {processor.py:830} INFO - Processing file /home/airflow/.local/lib/python3.8/site-packages/airflow/example_dags/example_short_circuit_decorator.py for tasks to queue
[2024-10-29T23:47:33.558+0000] {logging_mixin.py:188} INFO - [2024-10-29T23:47:33.557+0000] {dagbag.py:540} INFO - Filling up the DagBag from /home/airflow/.local/lib/python3.8/site-packages/airflow/example_dags/example_short_circuit_decorator.py
[2024-10-29T23:47:33.565+0000] {processor.py:840} INFO - DAG(s) 'example_short_circuit_decorator' retrieved from /home/airflow/.local/lib/python3.8/site-packages/airflow/example_dags/example_short_circuit_decorator.py
[2024-10-29T23:47:33.583+0000] {logging_mixin.py:188} INFO - [2024-10-29T23:47:33.583+0000] {dag.py:3047} INFO - Sync 1 DAGs
[2024-10-29T23:47:33.603+0000] {logging_mixin.py:188} INFO - [2024-10-29T23:47:33.603+0000] {dag.py:3834} INFO - Setting next_dagrun for example_short_circuit_decorator to 2024-10-28 00:00:00+00:00, run_after=2024-10-29 00:00:00+00:00
[2024-10-29T23:47:33.617+0000] {processor.py:183} INFO - Processing /home/airflow/.local/lib/python3.8/site-packages/airflow/example_dags/example_short_circuit_decorator.py took 0.064 seconds
[2024-10-29T23:48:03.803+0000] {processor.py:161} INFO - Started process (PID=1578) to work on /home/airflow/.local/lib/python3.8/site-packages/airflow/example_dags/example_short_circuit_decorator.py
[2024-10-29T23:48:03.804+0000] {processor.py:830} INFO - Processing file /home/airflow/.local/lib/python3.8/site-packages/airflow/example_dags/example_short_circuit_decorator.py for tasks to queue
[2024-10-29T23:48:03.805+0000] {logging_mixin.py:188} INFO - [2024-10-29T23:48:03.805+0000] {dagbag.py:540} INFO - Filling up the DagBag from /home/airflow/.local/lib/python3.8/site-packages/airflow/example_dags/example_short_circuit_decorator.py
[2024-10-29T23:48:03.812+0000] {processor.py:840} INFO - DAG(s) 'example_short_circuit_decorator' retrieved from /home/airflow/.local/lib/python3.8/site-packages/airflow/example_dags/example_short_circuit_decorator.py
[2024-10-29T23:48:03.830+0000] {logging_mixin.py:188} INFO - [2024-10-29T23:48:03.830+0000] {dag.py:3047} INFO - Sync 1 DAGs
[2024-10-29T23:48:03.849+0000] {logging_mixin.py:188} INFO - [2024-10-29T23:48:03.849+0000] {dag.py:3834} INFO - Setting next_dagrun for example_short_circuit_decorator to 2024-10-28 00:00:00+00:00, run_after=2024-10-29 00:00:00+00:00
[2024-10-29T23:48:03.863+0000] {processor.py:183} INFO - Processing /home/airflow/.local/lib/python3.8/site-packages/airflow/example_dags/example_short_circuit_decorator.py took 0.063 seconds
[2024-10-29T23:48:33.900+0000] {processor.py:161} INFO - Started process (PID=1634) to work on /home/airflow/.local/lib/python3.8/site-packages/airflow/example_dags/example_short_circuit_decorator.py
[2024-10-29T23:48:33.901+0000] {processor.py:830} INFO - Processing file /home/airflow/.local/lib/python3.8/site-packages/airflow/example_dags/example_short_circuit_decorator.py for tasks to queue
[2024-10-29T23:48:33.902+0000] {logging_mixin.py:188} INFO - [2024-10-29T23:48:33.902+0000] {dagbag.py:540} INFO - Filling up the DagBag from /home/airflow/.local/lib/python3.8/site-packages/airflow/example_dags/example_short_circuit_decorator.py
[2024-10-29T23:48:33.910+0000] {processor.py:840} INFO - DAG(s) 'example_short_circuit_decorator' retrieved from /home/airflow/.local/lib/python3.8/site-packages/airflow/example_dags/example_short_circuit_decorator.py
[2024-10-29T23:48:33.929+0000] {logging_mixin.py:188} INFO - [2024-10-29T23:48:33.929+0000] {dag.py:3047} INFO - Sync 1 DAGs
[2024-10-29T23:48:33.949+0000] {logging_mixin.py:188} INFO - [2024-10-29T23:48:33.949+0000] {dag.py:3834} INFO - Setting next_dagrun for example_short_circuit_decorator to 2024-10-28 00:00:00+00:00, run_after=2024-10-29 00:00:00+00:00
[2024-10-29T23:48:33.964+0000] {processor.py:183} INFO - Processing /home/airflow/.local/lib/python3.8/site-packages/airflow/example_dags/example_short_circuit_decorator.py took 0.066 seconds
[2024-10-29T23:49:04.326+0000] {processor.py:161} INFO - Started process (PID=1690) to work on /home/airflow/.local/lib/python3.8/site-packages/airflow/example_dags/example_short_circuit_decorator.py
[2024-10-29T23:49:04.328+0000] {processor.py:830} INFO - Processing file /home/airflow/.local/lib/python3.8/site-packages/airflow/example_dags/example_short_circuit_decorator.py for tasks to queue
[2024-10-29T23:49:04.331+0000] {logging_mixin.py:188} INFO - [2024-10-29T23:49:04.330+0000] {dagbag.py:540} INFO - Filling up the DagBag from /home/airflow/.local/lib/python3.8/site-packages/airflow/example_dags/example_short_circuit_decorator.py
[2024-10-29T23:49:04.346+0000] {processor.py:840} INFO - DAG(s) 'example_short_circuit_decorator' retrieved from /home/airflow/.local/lib/python3.8/site-packages/airflow/example_dags/example_short_circuit_decorator.py
[2024-10-29T23:49:04.386+0000] {logging_mixin.py:188} INFO - [2024-10-29T23:49:04.385+0000] {dag.py:3047} INFO - Sync 1 DAGs
[2024-10-29T23:49:04.423+0000] {logging_mixin.py:188} INFO - [2024-10-29T23:49:04.423+0000] {dag.py:3834} INFO - Setting next_dagrun for example_short_circuit_decorator to 2024-10-28 00:00:00+00:00, run_after=2024-10-29 00:00:00+00:00
[2024-10-29T23:49:04.455+0000] {processor.py:183} INFO - Processing /home/airflow/.local/lib/python3.8/site-packages/airflow/example_dags/example_short_circuit_decorator.py took 0.133 seconds
[2024-10-29T23:49:34.720+0000] {processor.py:161} INFO - Started process (PID=1746) to work on /home/airflow/.local/lib/python3.8/site-packages/airflow/example_dags/example_short_circuit_decorator.py
[2024-10-29T23:49:34.721+0000] {processor.py:830} INFO - Processing file /home/airflow/.local/lib/python3.8/site-packages/airflow/example_dags/example_short_circuit_decorator.py for tasks to queue
[2024-10-29T23:49:34.723+0000] {logging_mixin.py:188} INFO - [2024-10-29T23:49:34.722+0000] {dagbag.py:540} INFO - Filling up the DagBag from /home/airflow/.local/lib/python3.8/site-packages/airflow/example_dags/example_short_circuit_decorator.py
[2024-10-29T23:49:34.735+0000] {processor.py:840} INFO - DAG(s) 'example_short_circuit_decorator' retrieved from /home/airflow/.local/lib/python3.8/site-packages/airflow/example_dags/example_short_circuit_decorator.py
[2024-10-29T23:49:34.771+0000] {logging_mixin.py:188} INFO - [2024-10-29T23:49:34.771+0000] {dag.py:3047} INFO - Sync 1 DAGs
[2024-10-29T23:49:34.813+0000] {logging_mixin.py:188} INFO - [2024-10-29T23:49:34.813+0000] {dag.py:3834} INFO - Setting next_dagrun for example_short_circuit_decorator to 2024-10-28 00:00:00+00:00, run_after=2024-10-29 00:00:00+00:00
[2024-10-29T23:49:34.843+0000] {processor.py:183} INFO - Processing /home/airflow/.local/lib/python3.8/site-packages/airflow/example_dags/example_short_circuit_decorator.py took 0.127 seconds
[2024-10-29T23:50:04.960+0000] {processor.py:161} INFO - Started process (PID=1803) to work on /home/airflow/.local/lib/python3.8/site-packages/airflow/example_dags/example_short_circuit_decorator.py
[2024-10-29T23:50:04.961+0000] {processor.py:830} INFO - Processing file /home/airflow/.local/lib/python3.8/site-packages/airflow/example_dags/example_short_circuit_decorator.py for tasks to queue
[2024-10-29T23:50:04.962+0000] {logging_mixin.py:188} INFO - [2024-10-29T23:50:04.962+0000] {dagbag.py:540} INFO - Filling up the DagBag from /home/airflow/.local/lib/python3.8/site-packages/airflow/example_dags/example_short_circuit_decorator.py
[2024-10-29T23:50:04.972+0000] {processor.py:840} INFO - DAG(s) 'example_short_circuit_decorator' retrieved from /home/airflow/.local/lib/python3.8/site-packages/airflow/example_dags/example_short_circuit_decorator.py
[2024-10-29T23:50:04.995+0000] {logging_mixin.py:188} INFO - [2024-10-29T23:50:04.995+0000] {dag.py:3047} INFO - Sync 1 DAGs
[2024-10-29T23:50:05.020+0000] {logging_mixin.py:188} INFO - [2024-10-29T23:50:05.020+0000] {dag.py:3834} INFO - Setting next_dagrun for example_short_circuit_decorator to 2024-10-28 00:00:00+00:00, run_after=2024-10-29 00:00:00+00:00
[2024-10-29T23:50:05.042+0000] {processor.py:183} INFO - Processing /home/airflow/.local/lib/python3.8/site-packages/airflow/example_dags/example_short_circuit_decorator.py took 0.085 seconds
[2024-10-29T23:50:35.249+0000] {processor.py:161} INFO - Started process (PID=1858) to work on /home/airflow/.local/lib/python3.8/site-packages/airflow/example_dags/example_short_circuit_decorator.py
[2024-10-29T23:50:35.250+0000] {processor.py:830} INFO - Processing file /home/airflow/.local/lib/python3.8/site-packages/airflow/example_dags/example_short_circuit_decorator.py for tasks to queue
[2024-10-29T23:50:35.251+0000] {logging_mixin.py:188} INFO - [2024-10-29T23:50:35.251+0000] {dagbag.py:540} INFO - Filling up the DagBag from /home/airflow/.local/lib/python3.8/site-packages/airflow/example_dags/example_short_circuit_decorator.py
[2024-10-29T23:50:35.258+0000] {processor.py:840} INFO - DAG(s) 'example_short_circuit_decorator' retrieved from /home/airflow/.local/lib/python3.8/site-packages/airflow/example_dags/example_short_circuit_decorator.py
[2024-10-29T23:50:35.277+0000] {logging_mixin.py:188} INFO - [2024-10-29T23:50:35.277+0000] {dag.py:3047} INFO - Sync 1 DAGs
[2024-10-29T23:50:35.296+0000] {logging_mixin.py:188} INFO - [2024-10-29T23:50:35.296+0000] {dag.py:3834} INFO - Setting next_dagrun for example_short_circuit_decorator to 2024-10-28 00:00:00+00:00, run_after=2024-10-29 00:00:00+00:00
[2024-10-29T23:50:35.311+0000] {processor.py:183} INFO - Processing /home/airflow/.local/lib/python3.8/site-packages/airflow/example_dags/example_short_circuit_decorator.py took 0.065 seconds
[2024-10-29T23:51:06.208+0000] {processor.py:161} INFO - Started process (PID=1914) to work on /home/airflow/.local/lib/python3.8/site-packages/airflow/example_dags/example_short_circuit_decorator.py
[2024-10-29T23:51:06.208+0000] {processor.py:830} INFO - Processing file /home/airflow/.local/lib/python3.8/site-packages/airflow/example_dags/example_short_circuit_decorator.py for tasks to queue
[2024-10-29T23:51:06.210+0000] {logging_mixin.py:188} INFO - [2024-10-29T23:51:06.210+0000] {dagbag.py:540} INFO - Filling up the DagBag from /home/airflow/.local/lib/python3.8/site-packages/airflow/example_dags/example_short_circuit_decorator.py
[2024-10-29T23:51:06.217+0000] {processor.py:840} INFO - DAG(s) 'example_short_circuit_decorator' retrieved from /home/airflow/.local/lib/python3.8/site-packages/airflow/example_dags/example_short_circuit_decorator.py
[2024-10-29T23:51:06.238+0000] {logging_mixin.py:188} INFO - [2024-10-29T23:51:06.238+0000] {dag.py:3047} INFO - Sync 1 DAGs
[2024-10-29T23:51:06.260+0000] {logging_mixin.py:188} INFO - [2024-10-29T23:51:06.259+0000] {dag.py:3834} INFO - Setting next_dagrun for example_short_circuit_decorator to 2024-10-28 00:00:00+00:00, run_after=2024-10-29 00:00:00+00:00
[2024-10-29T23:51:06.274+0000] {processor.py:183} INFO - Processing /home/airflow/.local/lib/python3.8/site-packages/airflow/example_dags/example_short_circuit_decorator.py took 0.069 seconds
[2024-10-29T23:51:36.543+0000] {processor.py:161} INFO - Started process (PID=1969) to work on /home/airflow/.local/lib/python3.8/site-packages/airflow/example_dags/example_short_circuit_decorator.py
[2024-10-29T23:51:36.544+0000] {processor.py:830} INFO - Processing file /home/airflow/.local/lib/python3.8/site-packages/airflow/example_dags/example_short_circuit_decorator.py for tasks to queue
[2024-10-29T23:51:36.547+0000] {logging_mixin.py:188} INFO - [2024-10-29T23:51:36.546+0000] {dagbag.py:540} INFO - Filling up the DagBag from /home/airflow/.local/lib/python3.8/site-packages/airflow/example_dags/example_short_circuit_decorator.py
[2024-10-29T23:51:36.559+0000] {processor.py:840} INFO - DAG(s) 'example_short_circuit_decorator' retrieved from /home/airflow/.local/lib/python3.8/site-packages/airflow/example_dags/example_short_circuit_decorator.py
[2024-10-29T23:51:36.597+0000] {logging_mixin.py:188} INFO - [2024-10-29T23:51:36.597+0000] {dag.py:3047} INFO - Sync 1 DAGs
[2024-10-29T23:51:36.637+0000] {logging_mixin.py:188} INFO - [2024-10-29T23:51:36.637+0000] {dag.py:3834} INFO - Setting next_dagrun for example_short_circuit_decorator to 2024-10-28 00:00:00+00:00, run_after=2024-10-29 00:00:00+00:00
[2024-10-29T23:51:36.667+0000] {processor.py:183} INFO - Processing /home/airflow/.local/lib/python3.8/site-packages/airflow/example_dags/example_short_circuit_decorator.py took 0.127 seconds
[2024-10-29T23:52:06.806+0000] {processor.py:161} INFO - Started process (PID=2025) to work on /home/airflow/.local/lib/python3.8/site-packages/airflow/example_dags/example_short_circuit_decorator.py
[2024-10-29T23:52:06.806+0000] {processor.py:830} INFO - Processing file /home/airflow/.local/lib/python3.8/site-packages/airflow/example_dags/example_short_circuit_decorator.py for tasks to queue
[2024-10-29T23:52:06.808+0000] {logging_mixin.py:188} INFO - [2024-10-29T23:52:06.808+0000] {dagbag.py:540} INFO - Filling up the DagBag from /home/airflow/.local/lib/python3.8/site-packages/airflow/example_dags/example_short_circuit_decorator.py
[2024-10-29T23:52:06.816+0000] {processor.py:840} INFO - DAG(s) 'example_short_circuit_decorator' retrieved from /home/airflow/.local/lib/python3.8/site-packages/airflow/example_dags/example_short_circuit_decorator.py
[2024-10-29T23:52:06.837+0000] {logging_mixin.py:188} INFO - [2024-10-29T23:52:06.836+0000] {dag.py:3047} INFO - Sync 1 DAGs
[2024-10-29T23:52:06.857+0000] {logging_mixin.py:188} INFO - [2024-10-29T23:52:06.857+0000] {dag.py:3834} INFO - Setting next_dagrun for example_short_circuit_decorator to 2024-10-28 00:00:00+00:00, run_after=2024-10-29 00:00:00+00:00
[2024-10-29T23:52:06.873+0000] {processor.py:183} INFO - Processing /home/airflow/.local/lib/python3.8/site-packages/airflow/example_dags/example_short_circuit_decorator.py took 0.070 seconds
[2024-10-29T23:52:36.950+0000] {processor.py:161} INFO - Started process (PID=2081) to work on /home/airflow/.local/lib/python3.8/site-packages/airflow/example_dags/example_short_circuit_decorator.py
[2024-10-29T23:52:36.951+0000] {processor.py:830} INFO - Processing file /home/airflow/.local/lib/python3.8/site-packages/airflow/example_dags/example_short_circuit_decorator.py for tasks to queue
[2024-10-29T23:52:36.952+0000] {logging_mixin.py:188} INFO - [2024-10-29T23:52:36.952+0000] {dagbag.py:540} INFO - Filling up the DagBag from /home/airflow/.local/lib/python3.8/site-packages/airflow/example_dags/example_short_circuit_decorator.py
[2024-10-29T23:52:36.960+0000] {processor.py:840} INFO - DAG(s) 'example_short_circuit_decorator' retrieved from /home/airflow/.local/lib/python3.8/site-packages/airflow/example_dags/example_short_circuit_decorator.py
[2024-10-29T23:52:36.987+0000] {logging_mixin.py:188} INFO - [2024-10-29T23:52:36.986+0000] {dag.py:3047} INFO - Sync 1 DAGs
[2024-10-29T23:52:37.017+0000] {logging_mixin.py:188} INFO - [2024-10-29T23:52:37.017+0000] {dag.py:3834} INFO - Setting next_dagrun for example_short_circuit_decorator to 2024-10-28 00:00:00+00:00, run_after=2024-10-29 00:00:00+00:00
[2024-10-29T23:52:37.039+0000] {processor.py:183} INFO - Processing /home/airflow/.local/lib/python3.8/site-packages/airflow/example_dags/example_short_circuit_decorator.py took 0.092 seconds
[2024-10-29T23:53:07.752+0000] {processor.py:161} INFO - Started process (PID=2137) to work on /home/airflow/.local/lib/python3.8/site-packages/airflow/example_dags/example_short_circuit_decorator.py
[2024-10-29T23:53:07.753+0000] {processor.py:830} INFO - Processing file /home/airflow/.local/lib/python3.8/site-packages/airflow/example_dags/example_short_circuit_decorator.py for tasks to queue
[2024-10-29T23:53:07.755+0000] {logging_mixin.py:188} INFO - [2024-10-29T23:53:07.755+0000] {dagbag.py:540} INFO - Filling up the DagBag from /home/airflow/.local/lib/python3.8/site-packages/airflow/example_dags/example_short_circuit_decorator.py
[2024-10-29T23:53:07.766+0000] {processor.py:840} INFO - DAG(s) 'example_short_circuit_decorator' retrieved from /home/airflow/.local/lib/python3.8/site-packages/airflow/example_dags/example_short_circuit_decorator.py
[2024-10-29T23:53:07.790+0000] {logging_mixin.py:188} INFO - [2024-10-29T23:53:07.789+0000] {dag.py:3047} INFO - Sync 1 DAGs
[2024-10-29T23:53:07.816+0000] {logging_mixin.py:188} INFO - [2024-10-29T23:53:07.816+0000] {dag.py:3834} INFO - Setting next_dagrun for example_short_circuit_decorator to 2024-10-28 00:00:00+00:00, run_after=2024-10-29 00:00:00+00:00
[2024-10-29T23:53:07.837+0000] {processor.py:183} INFO - Processing /home/airflow/.local/lib/python3.8/site-packages/airflow/example_dags/example_short_circuit_decorator.py took 0.088 seconds
[2024-10-29T23:53:38.491+0000] {processor.py:161} INFO - Started process (PID=2193) to work on /home/airflow/.local/lib/python3.8/site-packages/airflow/example_dags/example_short_circuit_decorator.py
[2024-10-29T23:53:38.492+0000] {processor.py:830} INFO - Processing file /home/airflow/.local/lib/python3.8/site-packages/airflow/example_dags/example_short_circuit_decorator.py for tasks to queue
[2024-10-29T23:53:38.493+0000] {logging_mixin.py:188} INFO - [2024-10-29T23:53:38.493+0000] {dagbag.py:540} INFO - Filling up the DagBag from /home/airflow/.local/lib/python3.8/site-packages/airflow/example_dags/example_short_circuit_decorator.py
[2024-10-29T23:53:38.500+0000] {processor.py:840} INFO - DAG(s) 'example_short_circuit_decorator' retrieved from /home/airflow/.local/lib/python3.8/site-packages/airflow/example_dags/example_short_circuit_decorator.py
[2024-10-29T23:53:38.518+0000] {logging_mixin.py:188} INFO - [2024-10-29T23:53:38.518+0000] {dag.py:3047} INFO - Sync 1 DAGs
[2024-10-29T23:53:38.536+0000] {logging_mixin.py:188} INFO - [2024-10-29T23:53:38.536+0000] {dag.py:3834} INFO - Setting next_dagrun for example_short_circuit_decorator to 2024-10-28 00:00:00+00:00, run_after=2024-10-29 00:00:00+00:00
[2024-10-29T23:53:38.550+0000] {processor.py:183} INFO - Processing /home/airflow/.local/lib/python3.8/site-packages/airflow/example_dags/example_short_circuit_decorator.py took 0.061 seconds
[2024-10-29T23:54:09.277+0000] {processor.py:161} INFO - Started process (PID=2249) to work on /home/airflow/.local/lib/python3.8/site-packages/airflow/example_dags/example_short_circuit_decorator.py
[2024-10-29T23:54:09.278+0000] {processor.py:830} INFO - Processing file /home/airflow/.local/lib/python3.8/site-packages/airflow/example_dags/example_short_circuit_decorator.py for tasks to queue
[2024-10-29T23:54:09.280+0000] {logging_mixin.py:188} INFO - [2024-10-29T23:54:09.280+0000] {dagbag.py:540} INFO - Filling up the DagBag from /home/airflow/.local/lib/python3.8/site-packages/airflow/example_dags/example_short_circuit_decorator.py
[2024-10-29T23:54:09.290+0000] {processor.py:840} INFO - DAG(s) 'example_short_circuit_decorator' retrieved from /home/airflow/.local/lib/python3.8/site-packages/airflow/example_dags/example_short_circuit_decorator.py
[2024-10-29T23:54:09.311+0000] {logging_mixin.py:188} INFO - [2024-10-29T23:54:09.311+0000] {dag.py:3047} INFO - Sync 1 DAGs
[2024-10-29T23:54:09.331+0000] {logging_mixin.py:188} INFO - [2024-10-29T23:54:09.331+0000] {dag.py:3834} INFO - Setting next_dagrun for example_short_circuit_decorator to 2024-10-28 00:00:00+00:00, run_after=2024-10-29 00:00:00+00:00
[2024-10-29T23:54:09.348+0000] {processor.py:183} INFO - Processing /home/airflow/.local/lib/python3.8/site-packages/airflow/example_dags/example_short_circuit_decorator.py took 0.075 seconds
[2024-10-29T23:54:39.811+0000] {processor.py:161} INFO - Started process (PID=2305) to work on /home/airflow/.local/lib/python3.8/site-packages/airflow/example_dags/example_short_circuit_decorator.py
[2024-10-29T23:54:39.813+0000] {processor.py:830} INFO - Processing file /home/airflow/.local/lib/python3.8/site-packages/airflow/example_dags/example_short_circuit_decorator.py for tasks to queue
[2024-10-29T23:54:39.817+0000] {logging_mixin.py:188} INFO - [2024-10-29T23:54:39.816+0000] {dagbag.py:540} INFO - Filling up the DagBag from /home/airflow/.local/lib/python3.8/site-packages/airflow/example_dags/example_short_circuit_decorator.py
[2024-10-29T23:54:39.855+0000] {processor.py:840} INFO - DAG(s) 'example_short_circuit_decorator' retrieved from /home/airflow/.local/lib/python3.8/site-packages/airflow/example_dags/example_short_circuit_decorator.py
[2024-10-29T23:54:39.928+0000] {logging_mixin.py:188} INFO - [2024-10-29T23:54:39.927+0000] {dag.py:3047} INFO - Sync 1 DAGs
[2024-10-29T23:54:39.998+0000] {logging_mixin.py:188} INFO - [2024-10-29T23:54:39.997+0000] {dag.py:3834} INFO - Setting next_dagrun for example_short_circuit_decorator to 2024-10-28 00:00:00+00:00, run_after=2024-10-29 00:00:00+00:00
[2024-10-29T23:54:40.036+0000] {processor.py:183} INFO - Processing /home/airflow/.local/lib/python3.8/site-packages/airflow/example_dags/example_short_circuit_decorator.py took 0.233 seconds
[2024-10-29T23:55:10.346+0000] {processor.py:161} INFO - Started process (PID=2361) to work on /home/airflow/.local/lib/python3.8/site-packages/airflow/example_dags/example_short_circuit_decorator.py
[2024-10-29T23:55:10.347+0000] {processor.py:830} INFO - Processing file /home/airflow/.local/lib/python3.8/site-packages/airflow/example_dags/example_short_circuit_decorator.py for tasks to queue
[2024-10-29T23:55:10.349+0000] {logging_mixin.py:188} INFO - [2024-10-29T23:55:10.349+0000] {dagbag.py:540} INFO - Filling up the DagBag from /home/airflow/.local/lib/python3.8/site-packages/airflow/example_dags/example_short_circuit_decorator.py
[2024-10-29T23:55:10.361+0000] {processor.py:840} INFO - DAG(s) 'example_short_circuit_decorator' retrieved from /home/airflow/.local/lib/python3.8/site-packages/airflow/example_dags/example_short_circuit_decorator.py
[2024-10-29T23:55:10.392+0000] {logging_mixin.py:188} INFO - [2024-10-29T23:55:10.392+0000] {dag.py:3047} INFO - Sync 1 DAGs
[2024-10-29T23:55:10.423+0000] {logging_mixin.py:188} INFO - [2024-10-29T23:55:10.423+0000] {dag.py:3834} INFO - Setting next_dagrun for example_short_circuit_decorator to 2024-10-28 00:00:00+00:00, run_after=2024-10-29 00:00:00+00:00
[2024-10-29T23:55:10.446+0000] {processor.py:183} INFO - Processing /home/airflow/.local/lib/python3.8/site-packages/airflow/example_dags/example_short_circuit_decorator.py took 0.104 seconds
[2024-10-29T23:55:40.756+0000] {processor.py:161} INFO - Started process (PID=2417) to work on /home/airflow/.local/lib/python3.8/site-packages/airflow/example_dags/example_short_circuit_decorator.py
[2024-10-29T23:55:40.757+0000] {processor.py:830} INFO - Processing file /home/airflow/.local/lib/python3.8/site-packages/airflow/example_dags/example_short_circuit_decorator.py for tasks to queue
[2024-10-29T23:55:40.758+0000] {logging_mixin.py:188} INFO - [2024-10-29T23:55:40.758+0000] {dagbag.py:540} INFO - Filling up the DagBag from /home/airflow/.local/lib/python3.8/site-packages/airflow/example_dags/example_short_circuit_decorator.py
[2024-10-29T23:55:40.767+0000] {processor.py:840} INFO - DAG(s) 'example_short_circuit_decorator' retrieved from /home/airflow/.local/lib/python3.8/site-packages/airflow/example_dags/example_short_circuit_decorator.py
[2024-10-29T23:55:40.791+0000] {logging_mixin.py:188} INFO - [2024-10-29T23:55:40.791+0000] {dag.py:3047} INFO - Sync 1 DAGs
[2024-10-29T23:55:40.818+0000] {logging_mixin.py:188} INFO - [2024-10-29T23:55:40.818+0000] {dag.py:3834} INFO - Setting next_dagrun for example_short_circuit_decorator to 2024-10-28 00:00:00+00:00, run_after=2024-10-29 00:00:00+00:00
[2024-10-29T23:55:40.837+0000] {processor.py:183} INFO - Processing /home/airflow/.local/lib/python3.8/site-packages/airflow/example_dags/example_short_circuit_decorator.py took 0.085 seconds
[2024-10-29T23:56:11.715+0000] {processor.py:161} INFO - Started process (PID=2473) to work on /home/airflow/.local/lib/python3.8/site-packages/airflow/example_dags/example_short_circuit_decorator.py
[2024-10-29T23:56:11.716+0000] {processor.py:830} INFO - Processing file /home/airflow/.local/lib/python3.8/site-packages/airflow/example_dags/example_short_circuit_decorator.py for tasks to queue
[2024-10-29T23:56:11.717+0000] {logging_mixin.py:188} INFO - [2024-10-29T23:56:11.717+0000] {dagbag.py:540} INFO - Filling up the DagBag from /home/airflow/.local/lib/python3.8/site-packages/airflow/example_dags/example_short_circuit_decorator.py
[2024-10-29T23:56:11.726+0000] {processor.py:840} INFO - DAG(s) 'example_short_circuit_decorator' retrieved from /home/airflow/.local/lib/python3.8/site-packages/airflow/example_dags/example_short_circuit_decorator.py
[2024-10-29T23:56:11.746+0000] {logging_mixin.py:188} INFO - [2024-10-29T23:56:11.746+0000] {dag.py:3047} INFO - Sync 1 DAGs
[2024-10-29T23:56:11.767+0000] {logging_mixin.py:188} INFO - [2024-10-29T23:56:11.767+0000] {dag.py:3834} INFO - Setting next_dagrun for example_short_circuit_decorator to 2024-10-28 00:00:00+00:00, run_after=2024-10-29 00:00:00+00:00
[2024-10-29T23:56:11.784+0000] {processor.py:183} INFO - Processing /home/airflow/.local/lib/python3.8/site-packages/airflow/example_dags/example_short_circuit_decorator.py took 0.071 seconds
[2024-10-29T23:56:42.116+0000] {processor.py:161} INFO - Started process (PID=2529) to work on /home/airflow/.local/lib/python3.8/site-packages/airflow/example_dags/example_short_circuit_decorator.py
[2024-10-29T23:56:42.117+0000] {processor.py:830} INFO - Processing file /home/airflow/.local/lib/python3.8/site-packages/airflow/example_dags/example_short_circuit_decorator.py for tasks to queue
[2024-10-29T23:56:42.118+0000] {logging_mixin.py:188} INFO - [2024-10-29T23:56:42.118+0000] {dagbag.py:540} INFO - Filling up the DagBag from /home/airflow/.local/lib/python3.8/site-packages/airflow/example_dags/example_short_circuit_decorator.py
[2024-10-29T23:56:42.128+0000] {processor.py:840} INFO - DAG(s) 'example_short_circuit_decorator' retrieved from /home/airflow/.local/lib/python3.8/site-packages/airflow/example_dags/example_short_circuit_decorator.py
[2024-10-29T23:56:42.150+0000] {logging_mixin.py:188} INFO - [2024-10-29T23:56:42.150+0000] {dag.py:3047} INFO - Sync 1 DAGs
[2024-10-29T23:56:42.175+0000] {logging_mixin.py:188} INFO - [2024-10-29T23:56:42.174+0000] {dag.py:3834} INFO - Setting next_dagrun for example_short_circuit_decorator to 2024-10-28 00:00:00+00:00, run_after=2024-10-29 00:00:00+00:00
[2024-10-29T23:56:42.194+0000] {processor.py:183} INFO - Processing /home/airflow/.local/lib/python3.8/site-packages/airflow/example_dags/example_short_circuit_decorator.py took 0.080 seconds
[2024-10-29T23:57:12.688+0000] {processor.py:161} INFO - Started process (PID=2585) to work on /home/airflow/.local/lib/python3.8/site-packages/airflow/example_dags/example_short_circuit_decorator.py
[2024-10-29T23:57:12.690+0000] {processor.py:830} INFO - Processing file /home/airflow/.local/lib/python3.8/site-packages/airflow/example_dags/example_short_circuit_decorator.py for tasks to queue
[2024-10-29T23:57:12.692+0000] {logging_mixin.py:188} INFO - [2024-10-29T23:57:12.691+0000] {dagbag.py:540} INFO - Filling up the DagBag from /home/airflow/.local/lib/python3.8/site-packages/airflow/example_dags/example_short_circuit_decorator.py
[2024-10-29T23:57:12.701+0000] {processor.py:840} INFO - DAG(s) 'example_short_circuit_decorator' retrieved from /home/airflow/.local/lib/python3.8/site-packages/airflow/example_dags/example_short_circuit_decorator.py
[2024-10-29T23:57:12.729+0000] {logging_mixin.py:188} INFO - [2024-10-29T23:57:12.728+0000] {dag.py:3047} INFO - Sync 1 DAGs
[2024-10-29T23:57:12.760+0000] {logging_mixin.py:188} INFO - [2024-10-29T23:57:12.759+0000] {dag.py:3834} INFO - Setting next_dagrun for example_short_circuit_decorator to 2024-10-28 00:00:00+00:00, run_after=2024-10-29 00:00:00+00:00
[2024-10-29T23:57:12.779+0000] {processor.py:183} INFO - Processing /home/airflow/.local/lib/python3.8/site-packages/airflow/example_dags/example_short_circuit_decorator.py took 0.096 seconds
[2024-10-29T23:57:43.042+0000] {processor.py:161} INFO - Started process (PID=2641) to work on /home/airflow/.local/lib/python3.8/site-packages/airflow/example_dags/example_short_circuit_decorator.py
[2024-10-29T23:57:43.043+0000] {processor.py:830} INFO - Processing file /home/airflow/.local/lib/python3.8/site-packages/airflow/example_dags/example_short_circuit_decorator.py for tasks to queue
[2024-10-29T23:57:43.045+0000] {logging_mixin.py:188} INFO - [2024-10-29T23:57:43.044+0000] {dagbag.py:540} INFO - Filling up the DagBag from /home/airflow/.local/lib/python3.8/site-packages/airflow/example_dags/example_short_circuit_decorator.py
[2024-10-29T23:57:43.053+0000] {processor.py:840} INFO - DAG(s) 'example_short_circuit_decorator' retrieved from /home/airflow/.local/lib/python3.8/site-packages/airflow/example_dags/example_short_circuit_decorator.py
[2024-10-29T23:57:43.074+0000] {logging_mixin.py:188} INFO - [2024-10-29T23:57:43.074+0000] {dag.py:3047} INFO - Sync 1 DAGs
[2024-10-29T23:57:43.098+0000] {logging_mixin.py:188} INFO - [2024-10-29T23:57:43.098+0000] {dag.py:3834} INFO - Setting next_dagrun for example_short_circuit_decorator to 2024-10-28 00:00:00+00:00, run_after=2024-10-29 00:00:00+00:00
[2024-10-29T23:57:43.117+0000] {processor.py:183} INFO - Processing /home/airflow/.local/lib/python3.8/site-packages/airflow/example_dags/example_short_circuit_decorator.py took 0.077 seconds
[2024-10-29T23:58:13.800+0000] {processor.py:161} INFO - Started process (PID=2697) to work on /home/airflow/.local/lib/python3.8/site-packages/airflow/example_dags/example_short_circuit_decorator.py
[2024-10-29T23:58:13.801+0000] {processor.py:830} INFO - Processing file /home/airflow/.local/lib/python3.8/site-packages/airflow/example_dags/example_short_circuit_decorator.py for tasks to queue
[2024-10-29T23:58:13.803+0000] {logging_mixin.py:188} INFO - [2024-10-29T23:58:13.803+0000] {dagbag.py:540} INFO - Filling up the DagBag from /home/airflow/.local/lib/python3.8/site-packages/airflow/example_dags/example_short_circuit_decorator.py
[2024-10-29T23:58:13.813+0000] {processor.py:840} INFO - DAG(s) 'example_short_circuit_decorator' retrieved from /home/airflow/.local/lib/python3.8/site-packages/airflow/example_dags/example_short_circuit_decorator.py
[2024-10-29T23:58:13.839+0000] {logging_mixin.py:188} INFO - [2024-10-29T23:58:13.839+0000] {dag.py:3047} INFO - Sync 1 DAGs
[2024-10-29T23:58:13.863+0000] {logging_mixin.py:188} INFO - [2024-10-29T23:58:13.863+0000] {dag.py:3834} INFO - Setting next_dagrun for example_short_circuit_decorator to 2024-10-28 00:00:00+00:00, run_after=2024-10-29 00:00:00+00:00
[2024-10-29T23:58:13.879+0000] {processor.py:183} INFO - Processing /home/airflow/.local/lib/python3.8/site-packages/airflow/example_dags/example_short_circuit_decorator.py took 0.083 seconds
[2024-10-29T23:58:44.914+0000] {processor.py:161} INFO - Started process (PID=2753) to work on /home/airflow/.local/lib/python3.8/site-packages/airflow/example_dags/example_short_circuit_decorator.py
[2024-10-29T23:58:44.914+0000] {processor.py:830} INFO - Processing file /home/airflow/.local/lib/python3.8/site-packages/airflow/example_dags/example_short_circuit_decorator.py for tasks to queue
[2024-10-29T23:58:44.916+0000] {logging_mixin.py:188} INFO - [2024-10-29T23:58:44.916+0000] {dagbag.py:540} INFO - Filling up the DagBag from /home/airflow/.local/lib/python3.8/site-packages/airflow/example_dags/example_short_circuit_decorator.py
[2024-10-29T23:58:44.925+0000] {processor.py:840} INFO - DAG(s) 'example_short_circuit_decorator' retrieved from /home/airflow/.local/lib/python3.8/site-packages/airflow/example_dags/example_short_circuit_decorator.py
[2024-10-29T23:58:44.948+0000] {logging_mixin.py:188} INFO - [2024-10-29T23:58:44.948+0000] {dag.py:3047} INFO - Sync 1 DAGs
[2024-10-29T23:58:44.972+0000] {logging_mixin.py:188} INFO - [2024-10-29T23:58:44.972+0000] {dag.py:3834} INFO - Setting next_dagrun for example_short_circuit_decorator to 2024-10-28 00:00:00+00:00, run_after=2024-10-29 00:00:00+00:00
[2024-10-29T23:58:44.990+0000] {processor.py:183} INFO - Processing /home/airflow/.local/lib/python3.8/site-packages/airflow/example_dags/example_short_circuit_decorator.py took 0.080 seconds
[2024-10-29T23:59:15.127+0000] {processor.py:161} INFO - Started process (PID=2809) to work on /home/airflow/.local/lib/python3.8/site-packages/airflow/example_dags/example_short_circuit_decorator.py
[2024-10-29T23:59:15.128+0000] {processor.py:830} INFO - Processing file /home/airflow/.local/lib/python3.8/site-packages/airflow/example_dags/example_short_circuit_decorator.py for tasks to queue
[2024-10-29T23:59:15.129+0000] {logging_mixin.py:188} INFO - [2024-10-29T23:59:15.129+0000] {dagbag.py:540} INFO - Filling up the DagBag from /home/airflow/.local/lib/python3.8/site-packages/airflow/example_dags/example_short_circuit_decorator.py
[2024-10-29T23:59:15.139+0000] {processor.py:840} INFO - DAG(s) 'example_short_circuit_decorator' retrieved from /home/airflow/.local/lib/python3.8/site-packages/airflow/example_dags/example_short_circuit_decorator.py
[2024-10-29T23:59:15.162+0000] {logging_mixin.py:188} INFO - [2024-10-29T23:59:15.162+0000] {dag.py:3047} INFO - Sync 1 DAGs
[2024-10-29T23:59:15.188+0000] {logging_mixin.py:188} INFO - [2024-10-29T23:59:15.187+0000] {dag.py:3834} INFO - Setting next_dagrun for example_short_circuit_decorator to 2024-10-28 00:00:00+00:00, run_after=2024-10-29 00:00:00+00:00
[2024-10-29T23:59:15.210+0000] {processor.py:183} INFO - Processing /home/airflow/.local/lib/python3.8/site-packages/airflow/example_dags/example_short_circuit_decorator.py took 0.086 seconds
[2024-10-29T23:59:45.491+0000] {processor.py:161} INFO - Started process (PID=2865) to work on /home/airflow/.local/lib/python3.8/site-packages/airflow/example_dags/example_short_circuit_decorator.py
[2024-10-29T23:59:45.492+0000] {processor.py:830} INFO - Processing file /home/airflow/.local/lib/python3.8/site-packages/airflow/example_dags/example_short_circuit_decorator.py for tasks to queue
[2024-10-29T23:59:45.494+0000] {logging_mixin.py:188} INFO - [2024-10-29T23:59:45.494+0000] {dagbag.py:540} INFO - Filling up the DagBag from /home/airflow/.local/lib/python3.8/site-packages/airflow/example_dags/example_short_circuit_decorator.py
[2024-10-29T23:59:45.505+0000] {processor.py:840} INFO - DAG(s) 'example_short_circuit_decorator' retrieved from /home/airflow/.local/lib/python3.8/site-packages/airflow/example_dags/example_short_circuit_decorator.py
[2024-10-29T23:59:45.542+0000] {logging_mixin.py:188} INFO - [2024-10-29T23:59:45.542+0000] {dag.py:3047} INFO - Sync 1 DAGs
[2024-10-29T23:59:45.589+0000] {logging_mixin.py:188} INFO - [2024-10-29T23:59:45.588+0000] {dag.py:3834} INFO - Setting next_dagrun for example_short_circuit_decorator to 2024-10-28 00:00:00+00:00, run_after=2024-10-29 00:00:00+00:00
[2024-10-29T23:59:45.622+0000] {processor.py:183} INFO - Processing /home/airflow/.local/lib/python3.8/site-packages/airflow/example_dags/example_short_circuit_decorator.py took 0.134 seconds
