[2024-10-29T23:27:23.729+0000] {processor.py:161} INFO - Started process (PID=16660) to work on /home/airflow/.local/lib/python3.8/site-packages/airflow/example_dags/example_task_group.py
[2024-10-29T23:27:23.729+0000] {processor.py:830} INFO - Processing file /home/airflow/.local/lib/python3.8/site-packages/airflow/example_dags/example_task_group.py for tasks to queue
[2024-10-29T23:27:23.731+0000] {logging_mixin.py:188} INFO - [2024-10-29T23:27:23.730+0000] {dagbag.py:540} INFO - Filling up the DagBag from /home/airflow/.local/lib/python3.8/site-packages/airflow/example_dags/example_task_group.py
[2024-10-29T23:27:23.750+0000] {processor.py:840} INFO - DAG(s) 'example_task_group' retrieved from /home/airflow/.local/lib/python3.8/site-packages/airflow/example_dags/example_task_group.py
[2024-10-29T23:27:23.782+0000] {logging_mixin.py:188} INFO - [2024-10-29T23:27:23.781+0000] {dag.py:3047} INFO - Sync 1 DAGs
[2024-10-29T23:27:23.810+0000] {logging_mixin.py:188} INFO - [2024-10-29T23:27:23.809+0000] {dag.py:3834} INFO - Setting next_dagrun for example_task_group to 2024-10-28 00:00:00+00:00, run_after=2024-10-29 00:00:00+00:00
[2024-10-29T23:27:23.854+0000] {processor.py:183} INFO - Processing /home/airflow/.local/lib/python3.8/site-packages/airflow/example_dags/example_task_group.py took 0.128 seconds
[2024-10-29T23:27:54.158+0000] {processor.py:161} INFO - Started process (PID=16716) to work on /home/airflow/.local/lib/python3.8/site-packages/airflow/example_dags/example_task_group.py
[2024-10-29T23:27:54.159+0000] {processor.py:830} INFO - Processing file /home/airflow/.local/lib/python3.8/site-packages/airflow/example_dags/example_task_group.py for tasks to queue
[2024-10-29T23:27:54.160+0000] {logging_mixin.py:188} INFO - [2024-10-29T23:27:54.160+0000] {dagbag.py:540} INFO - Filling up the DagBag from /home/airflow/.local/lib/python3.8/site-packages/airflow/example_dags/example_task_group.py
[2024-10-29T23:27:54.165+0000] {processor.py:840} INFO - DAG(s) 'example_task_group' retrieved from /home/airflow/.local/lib/python3.8/site-packages/airflow/example_dags/example_task_group.py
[2024-10-29T23:27:54.180+0000] {logging_mixin.py:188} INFO - [2024-10-29T23:27:54.180+0000] {dag.py:3047} INFO - Sync 1 DAGs
[2024-10-29T23:27:54.200+0000] {logging_mixin.py:188} INFO - [2024-10-29T23:27:54.200+0000] {dag.py:3834} INFO - Setting next_dagrun for example_task_group to 2024-10-28 00:00:00+00:00, run_after=2024-10-29 00:00:00+00:00
[2024-10-29T23:27:54.218+0000] {processor.py:183} INFO - Processing /home/airflow/.local/lib/python3.8/site-packages/airflow/example_dags/example_task_group.py took 0.062 seconds
[2024-10-29T23:28:25.035+0000] {processor.py:161} INFO - Started process (PID=16772) to work on /home/airflow/.local/lib/python3.8/site-packages/airflow/example_dags/example_task_group.py
[2024-10-29T23:28:25.036+0000] {processor.py:830} INFO - Processing file /home/airflow/.local/lib/python3.8/site-packages/airflow/example_dags/example_task_group.py for tasks to queue
[2024-10-29T23:28:25.038+0000] {logging_mixin.py:188} INFO - [2024-10-29T23:28:25.038+0000] {dagbag.py:540} INFO - Filling up the DagBag from /home/airflow/.local/lib/python3.8/site-packages/airflow/example_dags/example_task_group.py
[2024-10-29T23:28:25.045+0000] {processor.py:840} INFO - DAG(s) 'example_task_group' retrieved from /home/airflow/.local/lib/python3.8/site-packages/airflow/example_dags/example_task_group.py
[2024-10-29T23:28:25.073+0000] {logging_mixin.py:188} INFO - [2024-10-29T23:28:25.072+0000] {dag.py:3047} INFO - Sync 1 DAGs
[2024-10-29T23:28:25.106+0000] {logging_mixin.py:188} INFO - [2024-10-29T23:28:25.106+0000] {dag.py:3834} INFO - Setting next_dagrun for example_task_group to 2024-10-28 00:00:00+00:00, run_after=2024-10-29 00:00:00+00:00
[2024-10-29T23:28:25.130+0000] {processor.py:183} INFO - Processing /home/airflow/.local/lib/python3.8/site-packages/airflow/example_dags/example_task_group.py took 0.098 seconds
[2024-10-29T23:28:55.896+0000] {processor.py:161} INFO - Started process (PID=16828) to work on /home/airflow/.local/lib/python3.8/site-packages/airflow/example_dags/example_task_group.py
[2024-10-29T23:28:55.897+0000] {processor.py:830} INFO - Processing file /home/airflow/.local/lib/python3.8/site-packages/airflow/example_dags/example_task_group.py for tasks to queue
[2024-10-29T23:28:55.898+0000] {logging_mixin.py:188} INFO - [2024-10-29T23:28:55.898+0000] {dagbag.py:540} INFO - Filling up the DagBag from /home/airflow/.local/lib/python3.8/site-packages/airflow/example_dags/example_task_group.py
[2024-10-29T23:28:55.905+0000] {processor.py:840} INFO - DAG(s) 'example_task_group' retrieved from /home/airflow/.local/lib/python3.8/site-packages/airflow/example_dags/example_task_group.py
[2024-10-29T23:28:55.923+0000] {logging_mixin.py:188} INFO - [2024-10-29T23:28:55.923+0000] {dag.py:3047} INFO - Sync 1 DAGs
[2024-10-29T23:28:55.944+0000] {logging_mixin.py:188} INFO - [2024-10-29T23:28:55.944+0000] {dag.py:3834} INFO - Setting next_dagrun for example_task_group to 2024-10-28 00:00:00+00:00, run_after=2024-10-29 00:00:00+00:00
[2024-10-29T23:28:55.960+0000] {processor.py:183} INFO - Processing /home/airflow/.local/lib/python3.8/site-packages/airflow/example_dags/example_task_group.py took 0.066 seconds
[2024-10-29T23:29:27.130+0000] {processor.py:161} INFO - Started process (PID=16884) to work on /home/airflow/.local/lib/python3.8/site-packages/airflow/example_dags/example_task_group.py
[2024-10-29T23:29:27.131+0000] {processor.py:830} INFO - Processing file /home/airflow/.local/lib/python3.8/site-packages/airflow/example_dags/example_task_group.py for tasks to queue
[2024-10-29T23:29:27.133+0000] {logging_mixin.py:188} INFO - [2024-10-29T23:29:27.133+0000] {dagbag.py:540} INFO - Filling up the DagBag from /home/airflow/.local/lib/python3.8/site-packages/airflow/example_dags/example_task_group.py
[2024-10-29T23:29:27.140+0000] {processor.py:840} INFO - DAG(s) 'example_task_group' retrieved from /home/airflow/.local/lib/python3.8/site-packages/airflow/example_dags/example_task_group.py
[2024-10-29T23:29:27.161+0000] {logging_mixin.py:188} INFO - [2024-10-29T23:29:27.161+0000] {dag.py:3047} INFO - Sync 1 DAGs
[2024-10-29T23:29:27.185+0000] {logging_mixin.py:188} INFO - [2024-10-29T23:29:27.185+0000] {dag.py:3834} INFO - Setting next_dagrun for example_task_group to 2024-10-28 00:00:00+00:00, run_after=2024-10-29 00:00:00+00:00
[2024-10-29T23:29:27.204+0000] {processor.py:183} INFO - Processing /home/airflow/.local/lib/python3.8/site-packages/airflow/example_dags/example_task_group.py took 0.077 seconds
[2024-10-29T23:29:57.264+0000] {processor.py:161} INFO - Started process (PID=16940) to work on /home/airflow/.local/lib/python3.8/site-packages/airflow/example_dags/example_task_group.py
[2024-10-29T23:29:57.265+0000] {processor.py:830} INFO - Processing file /home/airflow/.local/lib/python3.8/site-packages/airflow/example_dags/example_task_group.py for tasks to queue
[2024-10-29T23:29:57.266+0000] {logging_mixin.py:188} INFO - [2024-10-29T23:29:57.266+0000] {dagbag.py:540} INFO - Filling up the DagBag from /home/airflow/.local/lib/python3.8/site-packages/airflow/example_dags/example_task_group.py
[2024-10-29T23:29:57.273+0000] {processor.py:840} INFO - DAG(s) 'example_task_group' retrieved from /home/airflow/.local/lib/python3.8/site-packages/airflow/example_dags/example_task_group.py
[2024-10-29T23:29:57.294+0000] {logging_mixin.py:188} INFO - [2024-10-29T23:29:57.293+0000] {dag.py:3047} INFO - Sync 1 DAGs
[2024-10-29T23:29:57.315+0000] {logging_mixin.py:188} INFO - [2024-10-29T23:29:57.315+0000] {dag.py:3834} INFO - Setting next_dagrun for example_task_group to 2024-10-28 00:00:00+00:00, run_after=2024-10-29 00:00:00+00:00
[2024-10-29T23:29:57.332+0000] {processor.py:183} INFO - Processing /home/airflow/.local/lib/python3.8/site-packages/airflow/example_dags/example_task_group.py took 0.071 seconds
[2024-10-29T23:30:27.791+0000] {processor.py:161} INFO - Started process (PID=16996) to work on /home/airflow/.local/lib/python3.8/site-packages/airflow/example_dags/example_task_group.py
[2024-10-29T23:30:27.791+0000] {processor.py:830} INFO - Processing file /home/airflow/.local/lib/python3.8/site-packages/airflow/example_dags/example_task_group.py for tasks to queue
[2024-10-29T23:30:27.793+0000] {logging_mixin.py:188} INFO - [2024-10-29T23:30:27.792+0000] {dagbag.py:540} INFO - Filling up the DagBag from /home/airflow/.local/lib/python3.8/site-packages/airflow/example_dags/example_task_group.py
[2024-10-29T23:30:27.799+0000] {processor.py:840} INFO - DAG(s) 'example_task_group' retrieved from /home/airflow/.local/lib/python3.8/site-packages/airflow/example_dags/example_task_group.py
[2024-10-29T23:30:27.817+0000] {logging_mixin.py:188} INFO - [2024-10-29T23:30:27.817+0000] {dag.py:3047} INFO - Sync 1 DAGs
[2024-10-29T23:30:27.838+0000] {logging_mixin.py:188} INFO - [2024-10-29T23:30:27.838+0000] {dag.py:3834} INFO - Setting next_dagrun for example_task_group to 2024-10-28 00:00:00+00:00, run_after=2024-10-29 00:00:00+00:00
[2024-10-29T23:30:27.854+0000] {processor.py:183} INFO - Processing /home/airflow/.local/lib/python3.8/site-packages/airflow/example_dags/example_task_group.py took 0.066 seconds
[2024-10-29T23:30:58.714+0000] {processor.py:161} INFO - Started process (PID=17051) to work on /home/airflow/.local/lib/python3.8/site-packages/airflow/example_dags/example_task_group.py
[2024-10-29T23:30:58.715+0000] {processor.py:830} INFO - Processing file /home/airflow/.local/lib/python3.8/site-packages/airflow/example_dags/example_task_group.py for tasks to queue
[2024-10-29T23:30:58.716+0000] {logging_mixin.py:188} INFO - [2024-10-29T23:30:58.716+0000] {dagbag.py:540} INFO - Filling up the DagBag from /home/airflow/.local/lib/python3.8/site-packages/airflow/example_dags/example_task_group.py
[2024-10-29T23:30:58.723+0000] {processor.py:840} INFO - DAG(s) 'example_task_group' retrieved from /home/airflow/.local/lib/python3.8/site-packages/airflow/example_dags/example_task_group.py
[2024-10-29T23:30:58.742+0000] {logging_mixin.py:188} INFO - [2024-10-29T23:30:58.742+0000] {dag.py:3047} INFO - Sync 1 DAGs
[2024-10-29T23:30:58.764+0000] {logging_mixin.py:188} INFO - [2024-10-29T23:30:58.764+0000] {dag.py:3834} INFO - Setting next_dagrun for example_task_group to 2024-10-28 00:00:00+00:00, run_after=2024-10-29 00:00:00+00:00
[2024-10-29T23:30:58.783+0000] {processor.py:183} INFO - Processing /home/airflow/.local/lib/python3.8/site-packages/airflow/example_dags/example_task_group.py took 0.072 seconds
[2024-10-29T23:31:29.801+0000] {processor.py:161} INFO - Started process (PID=17107) to work on /home/airflow/.local/lib/python3.8/site-packages/airflow/example_dags/example_task_group.py
[2024-10-29T23:31:29.802+0000] {processor.py:830} INFO - Processing file /home/airflow/.local/lib/python3.8/site-packages/airflow/example_dags/example_task_group.py for tasks to queue
[2024-10-29T23:31:29.804+0000] {logging_mixin.py:188} INFO - [2024-10-29T23:31:29.803+0000] {dagbag.py:540} INFO - Filling up the DagBag from /home/airflow/.local/lib/python3.8/site-packages/airflow/example_dags/example_task_group.py
[2024-10-29T23:31:29.810+0000] {processor.py:840} INFO - DAG(s) 'example_task_group' retrieved from /home/airflow/.local/lib/python3.8/site-packages/airflow/example_dags/example_task_group.py
[2024-10-29T23:31:29.828+0000] {logging_mixin.py:188} INFO - [2024-10-29T23:31:29.828+0000] {dag.py:3047} INFO - Sync 1 DAGs
[2024-10-29T23:31:29.954+0000] {logging_mixin.py:188} INFO - [2024-10-29T23:31:29.954+0000] {dag.py:3834} INFO - Setting next_dagrun for example_task_group to 2024-10-28 00:00:00+00:00, run_after=2024-10-29 00:00:00+00:00
[2024-10-29T23:31:29.975+0000] {processor.py:183} INFO - Processing /home/airflow/.local/lib/python3.8/site-packages/airflow/example_dags/example_task_group.py took 0.177 seconds
[2024-10-29T23:32:00.114+0000] {processor.py:161} INFO - Started process (PID=17163) to work on /home/airflow/.local/lib/python3.8/site-packages/airflow/example_dags/example_task_group.py
[2024-10-29T23:32:00.115+0000] {processor.py:830} INFO - Processing file /home/airflow/.local/lib/python3.8/site-packages/airflow/example_dags/example_task_group.py for tasks to queue
[2024-10-29T23:32:00.116+0000] {logging_mixin.py:188} INFO - [2024-10-29T23:32:00.116+0000] {dagbag.py:540} INFO - Filling up the DagBag from /home/airflow/.local/lib/python3.8/site-packages/airflow/example_dags/example_task_group.py
[2024-10-29T23:32:00.124+0000] {processor.py:840} INFO - DAG(s) 'example_task_group' retrieved from /home/airflow/.local/lib/python3.8/site-packages/airflow/example_dags/example_task_group.py
[2024-10-29T23:32:00.143+0000] {logging_mixin.py:188} INFO - [2024-10-29T23:32:00.142+0000] {dag.py:3047} INFO - Sync 1 DAGs
[2024-10-29T23:32:00.300+0000] {logging_mixin.py:188} INFO - [2024-10-29T23:32:00.300+0000] {dag.py:3834} INFO - Setting next_dagrun for example_task_group to 2024-10-28 00:00:00+00:00, run_after=2024-10-29 00:00:00+00:00
[2024-10-29T23:32:00.321+0000] {processor.py:183} INFO - Processing /home/airflow/.local/lib/python3.8/site-packages/airflow/example_dags/example_task_group.py took 0.210 seconds
[2024-10-29T23:32:32.076+0000] {processor.py:161} INFO - Started process (PID=17218) to work on /home/airflow/.local/lib/python3.8/site-packages/airflow/example_dags/example_task_group.py
[2024-10-29T23:32:32.078+0000] {processor.py:830} INFO - Processing file /home/airflow/.local/lib/python3.8/site-packages/airflow/example_dags/example_task_group.py for tasks to queue
[2024-10-29T23:32:32.080+0000] {logging_mixin.py:188} INFO - [2024-10-29T23:32:32.079+0000] {dagbag.py:540} INFO - Filling up the DagBag from /home/airflow/.local/lib/python3.8/site-packages/airflow/example_dags/example_task_group.py
[2024-10-29T23:32:32.086+0000] {processor.py:840} INFO - DAG(s) 'example_task_group' retrieved from /home/airflow/.local/lib/python3.8/site-packages/airflow/example_dags/example_task_group.py
[2024-10-29T23:32:32.106+0000] {logging_mixin.py:188} INFO - [2024-10-29T23:32:32.105+0000] {dag.py:3047} INFO - Sync 1 DAGs
[2024-10-29T23:32:32.249+0000] {logging_mixin.py:188} INFO - [2024-10-29T23:32:32.249+0000] {dag.py:3834} INFO - Setting next_dagrun for example_task_group to 2024-10-28 00:00:00+00:00, run_after=2024-10-29 00:00:00+00:00
[2024-10-29T23:32:32.271+0000] {processor.py:183} INFO - Processing /home/airflow/.local/lib/python3.8/site-packages/airflow/example_dags/example_task_group.py took 0.198 seconds
[2024-10-29T23:33:02.695+0000] {processor.py:161} INFO - Started process (PID=17274) to work on /home/airflow/.local/lib/python3.8/site-packages/airflow/example_dags/example_task_group.py
[2024-10-29T23:33:02.695+0000] {processor.py:830} INFO - Processing file /home/airflow/.local/lib/python3.8/site-packages/airflow/example_dags/example_task_group.py for tasks to queue
[2024-10-29T23:33:02.697+0000] {logging_mixin.py:188} INFO - [2024-10-29T23:33:02.696+0000] {dagbag.py:540} INFO - Filling up the DagBag from /home/airflow/.local/lib/python3.8/site-packages/airflow/example_dags/example_task_group.py
[2024-10-29T23:33:02.702+0000] {processor.py:840} INFO - DAG(s) 'example_task_group' retrieved from /home/airflow/.local/lib/python3.8/site-packages/airflow/example_dags/example_task_group.py
[2024-10-29T23:33:02.719+0000] {logging_mixin.py:188} INFO - [2024-10-29T23:33:02.719+0000] {dag.py:3047} INFO - Sync 1 DAGs
[2024-10-29T23:33:02.832+0000] {logging_mixin.py:188} INFO - [2024-10-29T23:33:02.832+0000] {dag.py:3834} INFO - Setting next_dagrun for example_task_group to 2024-10-28 00:00:00+00:00, run_after=2024-10-29 00:00:00+00:00
[2024-10-29T23:33:02.851+0000] {processor.py:183} INFO - Processing /home/airflow/.local/lib/python3.8/site-packages/airflow/example_dags/example_task_group.py took 0.158 seconds
[2024-10-29T23:34:18.895+0000] {processor.py:161} INFO - Started process (PID=73) to work on /home/airflow/.local/lib/python3.8/site-packages/airflow/example_dags/example_task_group.py
[2024-10-29T23:34:18.897+0000] {processor.py:830} INFO - Processing file /home/airflow/.local/lib/python3.8/site-packages/airflow/example_dags/example_task_group.py for tasks to queue
[2024-10-29T23:34:18.899+0000] {logging_mixin.py:188} INFO - [2024-10-29T23:34:18.899+0000] {dagbag.py:540} INFO - Filling up the DagBag from /home/airflow/.local/lib/python3.8/site-packages/airflow/example_dags/example_task_group.py
[2024-10-29T23:34:18.916+0000] {processor.py:840} INFO - DAG(s) 'example_task_group' retrieved from /home/airflow/.local/lib/python3.8/site-packages/airflow/example_dags/example_task_group.py
[2024-10-29T23:34:18.933+0000] {logging_mixin.py:188} INFO - [2024-10-29T23:34:18.932+0000] {dag.py:3047} INFO - Sync 1 DAGs
[2024-10-29T23:34:18.974+0000] {logging_mixin.py:188} INFO - [2024-10-29T23:34:18.974+0000] {dag.py:3834} INFO - Setting next_dagrun for example_task_group to 2024-10-28 00:00:00+00:00, run_after=2024-10-29 00:00:00+00:00
[2024-10-29T23:34:19.004+0000] {processor.py:183} INFO - Processing /home/airflow/.local/lib/python3.8/site-packages/airflow/example_dags/example_task_group.py took 0.113 seconds
[2024-10-29T23:34:51.721+0000] {processor.py:161} INFO - Started process (PID=129) to work on /home/airflow/.local/lib/python3.8/site-packages/airflow/example_dags/example_task_group.py
[2024-10-29T23:34:51.722+0000] {processor.py:830} INFO - Processing file /home/airflow/.local/lib/python3.8/site-packages/airflow/example_dags/example_task_group.py for tasks to queue
[2024-10-29T23:34:51.724+0000] {logging_mixin.py:188} INFO - [2024-10-29T23:34:51.723+0000] {dagbag.py:540} INFO - Filling up the DagBag from /home/airflow/.local/lib/python3.8/site-packages/airflow/example_dags/example_task_group.py
[2024-10-29T23:34:51.734+0000] {processor.py:840} INFO - DAG(s) 'example_task_group' retrieved from /home/airflow/.local/lib/python3.8/site-packages/airflow/example_dags/example_task_group.py
[2024-10-29T23:34:51.859+0000] {logging_mixin.py:188} INFO - [2024-10-29T23:34:51.859+0000] {dag.py:3047} INFO - Sync 1 DAGs
[2024-10-29T23:34:51.884+0000] {logging_mixin.py:188} INFO - [2024-10-29T23:34:51.884+0000] {dag.py:3834} INFO - Setting next_dagrun for example_task_group to 2024-10-28 00:00:00+00:00, run_after=2024-10-29 00:00:00+00:00
[2024-10-29T23:34:51.908+0000] {processor.py:183} INFO - Processing /home/airflow/.local/lib/python3.8/site-packages/airflow/example_dags/example_task_group.py took 0.191 seconds
[2024-10-29T23:35:22.223+0000] {processor.py:161} INFO - Started process (PID=185) to work on /home/airflow/.local/lib/python3.8/site-packages/airflow/example_dags/example_task_group.py
[2024-10-29T23:35:22.224+0000] {processor.py:830} INFO - Processing file /home/airflow/.local/lib/python3.8/site-packages/airflow/example_dags/example_task_group.py for tasks to queue
[2024-10-29T23:35:22.226+0000] {logging_mixin.py:188} INFO - [2024-10-29T23:35:22.226+0000] {dagbag.py:540} INFO - Filling up the DagBag from /home/airflow/.local/lib/python3.8/site-packages/airflow/example_dags/example_task_group.py
[2024-10-29T23:35:22.233+0000] {processor.py:840} INFO - DAG(s) 'example_task_group' retrieved from /home/airflow/.local/lib/python3.8/site-packages/airflow/example_dags/example_task_group.py
[2024-10-29T23:35:22.264+0000] {logging_mixin.py:188} INFO - [2024-10-29T23:35:22.263+0000] {dag.py:3047} INFO - Sync 1 DAGs
[2024-10-29T23:35:22.304+0000] {logging_mixin.py:188} INFO - [2024-10-29T23:35:22.303+0000] {dag.py:3834} INFO - Setting next_dagrun for example_task_group to 2024-10-28 00:00:00+00:00, run_after=2024-10-29 00:00:00+00:00
[2024-10-29T23:35:22.334+0000] {processor.py:183} INFO - Processing /home/airflow/.local/lib/python3.8/site-packages/airflow/example_dags/example_task_group.py took 0.114 seconds
[2024-10-29T23:35:52.386+0000] {processor.py:161} INFO - Started process (PID=241) to work on /home/airflow/.local/lib/python3.8/site-packages/airflow/example_dags/example_task_group.py
[2024-10-29T23:35:52.387+0000] {processor.py:830} INFO - Processing file /home/airflow/.local/lib/python3.8/site-packages/airflow/example_dags/example_task_group.py for tasks to queue
[2024-10-29T23:35:52.389+0000] {logging_mixin.py:188} INFO - [2024-10-29T23:35:52.388+0000] {dagbag.py:540} INFO - Filling up the DagBag from /home/airflow/.local/lib/python3.8/site-packages/airflow/example_dags/example_task_group.py
[2024-10-29T23:35:52.399+0000] {processor.py:840} INFO - DAG(s) 'example_task_group' retrieved from /home/airflow/.local/lib/python3.8/site-packages/airflow/example_dags/example_task_group.py
[2024-10-29T23:35:52.427+0000] {logging_mixin.py:188} INFO - [2024-10-29T23:35:52.426+0000] {dag.py:3047} INFO - Sync 1 DAGs
[2024-10-29T23:35:52.456+0000] {logging_mixin.py:188} INFO - [2024-10-29T23:35:52.456+0000] {dag.py:3834} INFO - Setting next_dagrun for example_task_group to 2024-10-28 00:00:00+00:00, run_after=2024-10-29 00:00:00+00:00
[2024-10-29T23:35:52.470+0000] {processor.py:183} INFO - Processing /home/airflow/.local/lib/python3.8/site-packages/airflow/example_dags/example_task_group.py took 0.087 seconds
[2024-10-29T23:36:23.423+0000] {processor.py:161} INFO - Started process (PID=297) to work on /home/airflow/.local/lib/python3.8/site-packages/airflow/example_dags/example_task_group.py
[2024-10-29T23:36:23.424+0000] {processor.py:830} INFO - Processing file /home/airflow/.local/lib/python3.8/site-packages/airflow/example_dags/example_task_group.py for tasks to queue
[2024-10-29T23:36:23.426+0000] {logging_mixin.py:188} INFO - [2024-10-29T23:36:23.425+0000] {dagbag.py:540} INFO - Filling up the DagBag from /home/airflow/.local/lib/python3.8/site-packages/airflow/example_dags/example_task_group.py
[2024-10-29T23:36:23.432+0000] {processor.py:840} INFO - DAG(s) 'example_task_group' retrieved from /home/airflow/.local/lib/python3.8/site-packages/airflow/example_dags/example_task_group.py
[2024-10-29T23:36:23.451+0000] {logging_mixin.py:188} INFO - [2024-10-29T23:36:23.450+0000] {dag.py:3047} INFO - Sync 1 DAGs
[2024-10-29T23:36:23.473+0000] {logging_mixin.py:188} INFO - [2024-10-29T23:36:23.473+0000] {dag.py:3834} INFO - Setting next_dagrun for example_task_group to 2024-10-28 00:00:00+00:00, run_after=2024-10-29 00:00:00+00:00
[2024-10-29T23:36:23.489+0000] {processor.py:183} INFO - Processing /home/airflow/.local/lib/python3.8/site-packages/airflow/example_dags/example_task_group.py took 0.069 seconds
[2024-10-29T23:36:54.232+0000] {processor.py:161} INFO - Started process (PID=353) to work on /home/airflow/.local/lib/python3.8/site-packages/airflow/example_dags/example_task_group.py
[2024-10-29T23:36:54.233+0000] {processor.py:830} INFO - Processing file /home/airflow/.local/lib/python3.8/site-packages/airflow/example_dags/example_task_group.py for tasks to queue
[2024-10-29T23:36:54.234+0000] {logging_mixin.py:188} INFO - [2024-10-29T23:36:54.234+0000] {dagbag.py:540} INFO - Filling up the DagBag from /home/airflow/.local/lib/python3.8/site-packages/airflow/example_dags/example_task_group.py
[2024-10-29T23:36:54.241+0000] {processor.py:840} INFO - DAG(s) 'example_task_group' retrieved from /home/airflow/.local/lib/python3.8/site-packages/airflow/example_dags/example_task_group.py
[2024-10-29T23:36:54.265+0000] {logging_mixin.py:188} INFO - [2024-10-29T23:36:54.265+0000] {dag.py:3047} INFO - Sync 1 DAGs
[2024-10-29T23:36:54.287+0000] {logging_mixin.py:188} INFO - [2024-10-29T23:36:54.287+0000] {dag.py:3834} INFO - Setting next_dagrun for example_task_group to 2024-10-28 00:00:00+00:00, run_after=2024-10-29 00:00:00+00:00
[2024-10-29T23:36:54.306+0000] {processor.py:183} INFO - Processing /home/airflow/.local/lib/python3.8/site-packages/airflow/example_dags/example_task_group.py took 0.077 seconds
[2024-10-29T23:37:24.454+0000] {processor.py:161} INFO - Started process (PID=409) to work on /home/airflow/.local/lib/python3.8/site-packages/airflow/example_dags/example_task_group.py
[2024-10-29T23:37:24.455+0000] {processor.py:830} INFO - Processing file /home/airflow/.local/lib/python3.8/site-packages/airflow/example_dags/example_task_group.py for tasks to queue
[2024-10-29T23:37:24.456+0000] {logging_mixin.py:188} INFO - [2024-10-29T23:37:24.456+0000] {dagbag.py:540} INFO - Filling up the DagBag from /home/airflow/.local/lib/python3.8/site-packages/airflow/example_dags/example_task_group.py
[2024-10-29T23:37:24.462+0000] {processor.py:840} INFO - DAG(s) 'example_task_group' retrieved from /home/airflow/.local/lib/python3.8/site-packages/airflow/example_dags/example_task_group.py
[2024-10-29T23:37:24.481+0000] {logging_mixin.py:188} INFO - [2024-10-29T23:37:24.481+0000] {dag.py:3047} INFO - Sync 1 DAGs
[2024-10-29T23:37:24.506+0000] {logging_mixin.py:188} INFO - [2024-10-29T23:37:24.505+0000] {dag.py:3834} INFO - Setting next_dagrun for example_task_group to 2024-10-28 00:00:00+00:00, run_after=2024-10-29 00:00:00+00:00
[2024-10-29T23:37:24.522+0000] {processor.py:183} INFO - Processing /home/airflow/.local/lib/python3.8/site-packages/airflow/example_dags/example_task_group.py took 0.070 seconds
[2024-10-29T23:37:55.395+0000] {processor.py:161} INFO - Started process (PID=465) to work on /home/airflow/.local/lib/python3.8/site-packages/airflow/example_dags/example_task_group.py
[2024-10-29T23:37:55.395+0000] {processor.py:830} INFO - Processing file /home/airflow/.local/lib/python3.8/site-packages/airflow/example_dags/example_task_group.py for tasks to queue
[2024-10-29T23:37:55.397+0000] {logging_mixin.py:188} INFO - [2024-10-29T23:37:55.397+0000] {dagbag.py:540} INFO - Filling up the DagBag from /home/airflow/.local/lib/python3.8/site-packages/airflow/example_dags/example_task_group.py
[2024-10-29T23:37:55.404+0000] {processor.py:840} INFO - DAG(s) 'example_task_group' retrieved from /home/airflow/.local/lib/python3.8/site-packages/airflow/example_dags/example_task_group.py
[2024-10-29T23:37:55.424+0000] {logging_mixin.py:188} INFO - [2024-10-29T23:37:55.424+0000] {dag.py:3047} INFO - Sync 1 DAGs
[2024-10-29T23:37:55.445+0000] {logging_mixin.py:188} INFO - [2024-10-29T23:37:55.445+0000] {dag.py:3834} INFO - Setting next_dagrun for example_task_group to 2024-10-28 00:00:00+00:00, run_after=2024-10-29 00:00:00+00:00
[2024-10-29T23:37:55.462+0000] {processor.py:183} INFO - Processing /home/airflow/.local/lib/python3.8/site-packages/airflow/example_dags/example_task_group.py took 0.070 seconds
[2024-10-29T23:38:25.845+0000] {processor.py:161} INFO - Started process (PID=521) to work on /home/airflow/.local/lib/python3.8/site-packages/airflow/example_dags/example_task_group.py
[2024-10-29T23:38:25.846+0000] {processor.py:830} INFO - Processing file /home/airflow/.local/lib/python3.8/site-packages/airflow/example_dags/example_task_group.py for tasks to queue
[2024-10-29T23:38:25.847+0000] {logging_mixin.py:188} INFO - [2024-10-29T23:38:25.847+0000] {dagbag.py:540} INFO - Filling up the DagBag from /home/airflow/.local/lib/python3.8/site-packages/airflow/example_dags/example_task_group.py
[2024-10-29T23:38:25.854+0000] {processor.py:840} INFO - DAG(s) 'example_task_group' retrieved from /home/airflow/.local/lib/python3.8/site-packages/airflow/example_dags/example_task_group.py
[2024-10-29T23:38:25.874+0000] {logging_mixin.py:188} INFO - [2024-10-29T23:38:25.874+0000] {dag.py:3047} INFO - Sync 1 DAGs
[2024-10-29T23:38:25.897+0000] {logging_mixin.py:188} INFO - [2024-10-29T23:38:25.897+0000] {dag.py:3834} INFO - Setting next_dagrun for example_task_group to 2024-10-28 00:00:00+00:00, run_after=2024-10-29 00:00:00+00:00
[2024-10-29T23:38:25.912+0000] {processor.py:183} INFO - Processing /home/airflow/.local/lib/python3.8/site-packages/airflow/example_dags/example_task_group.py took 0.070 seconds
[2024-10-29T23:38:56.626+0000] {processor.py:161} INFO - Started process (PID=577) to work on /home/airflow/.local/lib/python3.8/site-packages/airflow/example_dags/example_task_group.py
[2024-10-29T23:38:56.627+0000] {processor.py:830} INFO - Processing file /home/airflow/.local/lib/python3.8/site-packages/airflow/example_dags/example_task_group.py for tasks to queue
[2024-10-29T23:38:56.629+0000] {logging_mixin.py:188} INFO - [2024-10-29T23:38:56.629+0000] {dagbag.py:540} INFO - Filling up the DagBag from /home/airflow/.local/lib/python3.8/site-packages/airflow/example_dags/example_task_group.py
[2024-10-29T23:38:56.638+0000] {processor.py:840} INFO - DAG(s) 'example_task_group' retrieved from /home/airflow/.local/lib/python3.8/site-packages/airflow/example_dags/example_task_group.py
[2024-10-29T23:38:56.667+0000] {logging_mixin.py:188} INFO - [2024-10-29T23:38:56.666+0000] {dag.py:3047} INFO - Sync 1 DAGs
[2024-10-29T23:38:56.703+0000] {logging_mixin.py:188} INFO - [2024-10-29T23:38:56.703+0000] {dag.py:3834} INFO - Setting next_dagrun for example_task_group to 2024-10-28 00:00:00+00:00, run_after=2024-10-29 00:00:00+00:00
[2024-10-29T23:38:56.732+0000] {processor.py:183} INFO - Processing /home/airflow/.local/lib/python3.8/site-packages/airflow/example_dags/example_task_group.py took 0.109 seconds
[2024-10-29T23:39:27.699+0000] {processor.py:161} INFO - Started process (PID=633) to work on /home/airflow/.local/lib/python3.8/site-packages/airflow/example_dags/example_task_group.py
[2024-10-29T23:39:27.700+0000] {processor.py:830} INFO - Processing file /home/airflow/.local/lib/python3.8/site-packages/airflow/example_dags/example_task_group.py for tasks to queue
[2024-10-29T23:39:27.702+0000] {logging_mixin.py:188} INFO - [2024-10-29T23:39:27.702+0000] {dagbag.py:540} INFO - Filling up the DagBag from /home/airflow/.local/lib/python3.8/site-packages/airflow/example_dags/example_task_group.py
[2024-10-29T23:39:27.710+0000] {processor.py:840} INFO - DAG(s) 'example_task_group' retrieved from /home/airflow/.local/lib/python3.8/site-packages/airflow/example_dags/example_task_group.py
[2024-10-29T23:39:27.736+0000] {logging_mixin.py:188} INFO - [2024-10-29T23:39:27.736+0000] {dag.py:3047} INFO - Sync 1 DAGs
[2024-10-29T23:39:27.768+0000] {logging_mixin.py:188} INFO - [2024-10-29T23:39:27.768+0000] {dag.py:3834} INFO - Setting next_dagrun for example_task_group to 2024-10-28 00:00:00+00:00, run_after=2024-10-29 00:00:00+00:00
[2024-10-29T23:39:27.792+0000] {processor.py:183} INFO - Processing /home/airflow/.local/lib/python3.8/site-packages/airflow/example_dags/example_task_group.py took 0.097 seconds
[2024-10-29T23:39:58.314+0000] {processor.py:161} INFO - Started process (PID=689) to work on /home/airflow/.local/lib/python3.8/site-packages/airflow/example_dags/example_task_group.py
[2024-10-29T23:39:58.315+0000] {processor.py:830} INFO - Processing file /home/airflow/.local/lib/python3.8/site-packages/airflow/example_dags/example_task_group.py for tasks to queue
[2024-10-29T23:39:58.317+0000] {logging_mixin.py:188} INFO - [2024-10-29T23:39:58.316+0000] {dagbag.py:540} INFO - Filling up the DagBag from /home/airflow/.local/lib/python3.8/site-packages/airflow/example_dags/example_task_group.py
[2024-10-29T23:39:58.333+0000] {processor.py:840} INFO - DAG(s) 'example_task_group' retrieved from /home/airflow/.local/lib/python3.8/site-packages/airflow/example_dags/example_task_group.py
[2024-10-29T23:39:58.424+0000] {logging_mixin.py:188} INFO - [2024-10-29T23:39:58.422+0000] {dag.py:3047} INFO - Sync 1 DAGs
[2024-10-29T23:39:58.496+0000] {logging_mixin.py:188} INFO - [2024-10-29T23:39:58.496+0000] {dag.py:3834} INFO - Setting next_dagrun for example_task_group to 2024-10-28 00:00:00+00:00, run_after=2024-10-29 00:00:00+00:00
[2024-10-29T23:39:58.530+0000] {processor.py:183} INFO - Processing /home/airflow/.local/lib/python3.8/site-packages/airflow/example_dags/example_task_group.py took 0.219 seconds
[2024-10-29T23:40:28.761+0000] {processor.py:161} INFO - Started process (PID=745) to work on /home/airflow/.local/lib/python3.8/site-packages/airflow/example_dags/example_task_group.py
[2024-10-29T23:40:28.762+0000] {processor.py:830} INFO - Processing file /home/airflow/.local/lib/python3.8/site-packages/airflow/example_dags/example_task_group.py for tasks to queue
[2024-10-29T23:40:28.765+0000] {logging_mixin.py:188} INFO - [2024-10-29T23:40:28.764+0000] {dagbag.py:540} INFO - Filling up the DagBag from /home/airflow/.local/lib/python3.8/site-packages/airflow/example_dags/example_task_group.py
[2024-10-29T23:40:28.774+0000] {processor.py:840} INFO - DAG(s) 'example_task_group' retrieved from /home/airflow/.local/lib/python3.8/site-packages/airflow/example_dags/example_task_group.py
[2024-10-29T23:40:28.801+0000] {logging_mixin.py:188} INFO - [2024-10-29T23:40:28.801+0000] {dag.py:3047} INFO - Sync 1 DAGs
[2024-10-29T23:40:28.836+0000] {logging_mixin.py:188} INFO - [2024-10-29T23:40:28.836+0000] {dag.py:3834} INFO - Setting next_dagrun for example_task_group to 2024-10-28 00:00:00+00:00, run_after=2024-10-29 00:00:00+00:00
[2024-10-29T23:40:28.876+0000] {processor.py:183} INFO - Processing /home/airflow/.local/lib/python3.8/site-packages/airflow/example_dags/example_task_group.py took 0.119 seconds
[2024-10-29T23:40:59.104+0000] {processor.py:161} INFO - Started process (PID=800) to work on /home/airflow/.local/lib/python3.8/site-packages/airflow/example_dags/example_task_group.py
[2024-10-29T23:40:59.106+0000] {processor.py:830} INFO - Processing file /home/airflow/.local/lib/python3.8/site-packages/airflow/example_dags/example_task_group.py for tasks to queue
[2024-10-29T23:40:59.108+0000] {logging_mixin.py:188} INFO - [2024-10-29T23:40:59.108+0000] {dagbag.py:540} INFO - Filling up the DagBag from /home/airflow/.local/lib/python3.8/site-packages/airflow/example_dags/example_task_group.py
[2024-10-29T23:40:59.120+0000] {processor.py:840} INFO - DAG(s) 'example_task_group' retrieved from /home/airflow/.local/lib/python3.8/site-packages/airflow/example_dags/example_task_group.py
[2024-10-29T23:40:59.148+0000] {logging_mixin.py:188} INFO - [2024-10-29T23:40:59.148+0000] {dag.py:3047} INFO - Sync 1 DAGs
[2024-10-29T23:40:59.178+0000] {logging_mixin.py:188} INFO - [2024-10-29T23:40:59.177+0000] {dag.py:3834} INFO - Setting next_dagrun for example_task_group to 2024-10-28 00:00:00+00:00, run_after=2024-10-29 00:00:00+00:00
[2024-10-29T23:40:59.200+0000] {processor.py:183} INFO - Processing /home/airflow/.local/lib/python3.8/site-packages/airflow/example_dags/example_task_group.py took 0.101 seconds
[2024-10-29T23:41:30.266+0000] {processor.py:161} INFO - Started process (PID=856) to work on /home/airflow/.local/lib/python3.8/site-packages/airflow/example_dags/example_task_group.py
[2024-10-29T23:41:30.267+0000] {processor.py:830} INFO - Processing file /home/airflow/.local/lib/python3.8/site-packages/airflow/example_dags/example_task_group.py for tasks to queue
[2024-10-29T23:41:30.270+0000] {logging_mixin.py:188} INFO - [2024-10-29T23:41:30.269+0000] {dagbag.py:540} INFO - Filling up the DagBag from /home/airflow/.local/lib/python3.8/site-packages/airflow/example_dags/example_task_group.py
[2024-10-29T23:41:30.278+0000] {processor.py:840} INFO - DAG(s) 'example_task_group' retrieved from /home/airflow/.local/lib/python3.8/site-packages/airflow/example_dags/example_task_group.py
[2024-10-29T23:41:30.309+0000] {logging_mixin.py:188} INFO - [2024-10-29T23:41:30.308+0000] {dag.py:3047} INFO - Sync 1 DAGs
[2024-10-29T23:41:30.347+0000] {logging_mixin.py:188} INFO - [2024-10-29T23:41:30.346+0000] {dag.py:3834} INFO - Setting next_dagrun for example_task_group to 2024-10-28 00:00:00+00:00, run_after=2024-10-29 00:00:00+00:00
[2024-10-29T23:41:30.379+0000] {processor.py:183} INFO - Processing /home/airflow/.local/lib/python3.8/site-packages/airflow/example_dags/example_task_group.py took 0.117 seconds
[2024-10-29T23:42:00.908+0000] {processor.py:161} INFO - Started process (PID=918) to work on /home/airflow/.local/lib/python3.8/site-packages/airflow/example_dags/example_task_group.py
[2024-10-29T23:42:00.909+0000] {processor.py:830} INFO - Processing file /home/airflow/.local/lib/python3.8/site-packages/airflow/example_dags/example_task_group.py for tasks to queue
[2024-10-29T23:42:00.910+0000] {logging_mixin.py:188} INFO - [2024-10-29T23:42:00.910+0000] {dagbag.py:540} INFO - Filling up the DagBag from /home/airflow/.local/lib/python3.8/site-packages/airflow/example_dags/example_task_group.py
[2024-10-29T23:42:00.918+0000] {processor.py:840} INFO - DAG(s) 'example_task_group' retrieved from /home/airflow/.local/lib/python3.8/site-packages/airflow/example_dags/example_task_group.py
[2024-10-29T23:42:00.939+0000] {logging_mixin.py:188} INFO - [2024-10-29T23:42:00.939+0000] {dag.py:3047} INFO - Sync 1 DAGs
[2024-10-29T23:42:00.963+0000] {logging_mixin.py:188} INFO - [2024-10-29T23:42:00.963+0000] {dag.py:3834} INFO - Setting next_dagrun for example_task_group to 2024-10-28 00:00:00+00:00, run_after=2024-10-29 00:00:00+00:00
[2024-10-29T23:42:00.983+0000] {processor.py:183} INFO - Processing /home/airflow/.local/lib/python3.8/site-packages/airflow/example_dags/example_task_group.py took 0.078 seconds
[2024-10-29T23:42:31.809+0000] {processor.py:161} INFO - Started process (PID=974) to work on /home/airflow/.local/lib/python3.8/site-packages/airflow/example_dags/example_task_group.py
[2024-10-29T23:42:31.810+0000] {processor.py:830} INFO - Processing file /home/airflow/.local/lib/python3.8/site-packages/airflow/example_dags/example_task_group.py for tasks to queue
[2024-10-29T23:42:31.812+0000] {logging_mixin.py:188} INFO - [2024-10-29T23:42:31.812+0000] {dagbag.py:540} INFO - Filling up the DagBag from /home/airflow/.local/lib/python3.8/site-packages/airflow/example_dags/example_task_group.py
[2024-10-29T23:42:31.824+0000] {processor.py:840} INFO - DAG(s) 'example_task_group' retrieved from /home/airflow/.local/lib/python3.8/site-packages/airflow/example_dags/example_task_group.py
[2024-10-29T23:42:31.856+0000] {logging_mixin.py:188} INFO - [2024-10-29T23:42:31.856+0000] {dag.py:3047} INFO - Sync 1 DAGs
[2024-10-29T23:42:31.893+0000] {logging_mixin.py:188} INFO - [2024-10-29T23:42:31.892+0000] {dag.py:3834} INFO - Setting next_dagrun for example_task_group to 2024-10-28 00:00:00+00:00, run_after=2024-10-29 00:00:00+00:00
[2024-10-29T23:42:31.921+0000] {processor.py:183} INFO - Processing /home/airflow/.local/lib/python3.8/site-packages/airflow/example_dags/example_task_group.py took 0.115 seconds
[2024-10-29T23:43:02.647+0000] {processor.py:161} INFO - Started process (PID=1030) to work on /home/airflow/.local/lib/python3.8/site-packages/airflow/example_dags/example_task_group.py
[2024-10-29T23:43:02.648+0000] {processor.py:830} INFO - Processing file /home/airflow/.local/lib/python3.8/site-packages/airflow/example_dags/example_task_group.py for tasks to queue
[2024-10-29T23:43:02.649+0000] {logging_mixin.py:188} INFO - [2024-10-29T23:43:02.649+0000] {dagbag.py:540} INFO - Filling up the DagBag from /home/airflow/.local/lib/python3.8/site-packages/airflow/example_dags/example_task_group.py
[2024-10-29T23:43:02.656+0000] {processor.py:840} INFO - DAG(s) 'example_task_group' retrieved from /home/airflow/.local/lib/python3.8/site-packages/airflow/example_dags/example_task_group.py
[2024-10-29T23:43:02.677+0000] {logging_mixin.py:188} INFO - [2024-10-29T23:43:02.677+0000] {dag.py:3047} INFO - Sync 1 DAGs
[2024-10-29T23:43:02.701+0000] {logging_mixin.py:188} INFO - [2024-10-29T23:43:02.700+0000] {dag.py:3834} INFO - Setting next_dagrun for example_task_group to 2024-10-28 00:00:00+00:00, run_after=2024-10-29 00:00:00+00:00
[2024-10-29T23:43:02.721+0000] {processor.py:183} INFO - Processing /home/airflow/.local/lib/python3.8/site-packages/airflow/example_dags/example_task_group.py took 0.077 seconds
[2024-10-29T23:43:33.040+0000] {processor.py:161} INFO - Started process (PID=1086) to work on /home/airflow/.local/lib/python3.8/site-packages/airflow/example_dags/example_task_group.py
[2024-10-29T23:43:33.041+0000] {processor.py:830} INFO - Processing file /home/airflow/.local/lib/python3.8/site-packages/airflow/example_dags/example_task_group.py for tasks to queue
[2024-10-29T23:43:33.043+0000] {logging_mixin.py:188} INFO - [2024-10-29T23:43:33.042+0000] {dagbag.py:540} INFO - Filling up the DagBag from /home/airflow/.local/lib/python3.8/site-packages/airflow/example_dags/example_task_group.py
[2024-10-29T23:43:33.050+0000] {processor.py:840} INFO - DAG(s) 'example_task_group' retrieved from /home/airflow/.local/lib/python3.8/site-packages/airflow/example_dags/example_task_group.py
[2024-10-29T23:43:33.074+0000] {logging_mixin.py:188} INFO - [2024-10-29T23:43:33.074+0000] {dag.py:3047} INFO - Sync 1 DAGs
[2024-10-29T23:43:33.105+0000] {logging_mixin.py:188} INFO - [2024-10-29T23:43:33.105+0000] {dag.py:3834} INFO - Setting next_dagrun for example_task_group to 2024-10-28 00:00:00+00:00, run_after=2024-10-29 00:00:00+00:00
[2024-10-29T23:43:33.129+0000] {processor.py:183} INFO - Processing /home/airflow/.local/lib/python3.8/site-packages/airflow/example_dags/example_task_group.py took 0.092 seconds
[2024-10-29T23:44:03.541+0000] {processor.py:161} INFO - Started process (PID=1142) to work on /home/airflow/.local/lib/python3.8/site-packages/airflow/example_dags/example_task_group.py
[2024-10-29T23:44:03.542+0000] {processor.py:830} INFO - Processing file /home/airflow/.local/lib/python3.8/site-packages/airflow/example_dags/example_task_group.py for tasks to queue
[2024-10-29T23:44:03.544+0000] {logging_mixin.py:188} INFO - [2024-10-29T23:44:03.543+0000] {dagbag.py:540} INFO - Filling up the DagBag from /home/airflow/.local/lib/python3.8/site-packages/airflow/example_dags/example_task_group.py
[2024-10-29T23:44:03.553+0000] {processor.py:840} INFO - DAG(s) 'example_task_group' retrieved from /home/airflow/.local/lib/python3.8/site-packages/airflow/example_dags/example_task_group.py
[2024-10-29T23:44:03.586+0000] {logging_mixin.py:188} INFO - [2024-10-29T23:44:03.586+0000] {dag.py:3047} INFO - Sync 1 DAGs
[2024-10-29T23:44:03.624+0000] {logging_mixin.py:188} INFO - [2024-10-29T23:44:03.623+0000] {dag.py:3834} INFO - Setting next_dagrun for example_task_group to 2024-10-28 00:00:00+00:00, run_after=2024-10-29 00:00:00+00:00
[2024-10-29T23:44:03.654+0000] {processor.py:183} INFO - Processing /home/airflow/.local/lib/python3.8/site-packages/airflow/example_dags/example_task_group.py took 0.116 seconds
[2024-10-29T23:44:33.766+0000] {processor.py:161} INFO - Started process (PID=1198) to work on /home/airflow/.local/lib/python3.8/site-packages/airflow/example_dags/example_task_group.py
[2024-10-29T23:44:33.767+0000] {processor.py:830} INFO - Processing file /home/airflow/.local/lib/python3.8/site-packages/airflow/example_dags/example_task_group.py for tasks to queue
[2024-10-29T23:44:33.769+0000] {logging_mixin.py:188} INFO - [2024-10-29T23:44:33.769+0000] {dagbag.py:540} INFO - Filling up the DagBag from /home/airflow/.local/lib/python3.8/site-packages/airflow/example_dags/example_task_group.py
[2024-10-29T23:44:33.776+0000] {processor.py:840} INFO - DAG(s) 'example_task_group' retrieved from /home/airflow/.local/lib/python3.8/site-packages/airflow/example_dags/example_task_group.py
[2024-10-29T23:44:33.804+0000] {logging_mixin.py:188} INFO - [2024-10-29T23:44:33.803+0000] {dag.py:3047} INFO - Sync 1 DAGs
[2024-10-29T23:44:33.830+0000] {logging_mixin.py:188} INFO - [2024-10-29T23:44:33.830+0000] {dag.py:3834} INFO - Setting next_dagrun for example_task_group to 2024-10-28 00:00:00+00:00, run_after=2024-10-29 00:00:00+00:00
[2024-10-29T23:44:33.849+0000] {processor.py:183} INFO - Processing /home/airflow/.local/lib/python3.8/site-packages/airflow/example_dags/example_task_group.py took 0.085 seconds
[2024-10-29T23:45:04.094+0000] {processor.py:161} INFO - Started process (PID=1254) to work on /home/airflow/.local/lib/python3.8/site-packages/airflow/example_dags/example_task_group.py
[2024-10-29T23:45:04.095+0000] {processor.py:830} INFO - Processing file /home/airflow/.local/lib/python3.8/site-packages/airflow/example_dags/example_task_group.py for tasks to queue
[2024-10-29T23:45:04.097+0000] {logging_mixin.py:188} INFO - [2024-10-29T23:45:04.097+0000] {dagbag.py:540} INFO - Filling up the DagBag from /home/airflow/.local/lib/python3.8/site-packages/airflow/example_dags/example_task_group.py
[2024-10-29T23:45:04.106+0000] {processor.py:840} INFO - DAG(s) 'example_task_group' retrieved from /home/airflow/.local/lib/python3.8/site-packages/airflow/example_dags/example_task_group.py
[2024-10-29T23:45:04.132+0000] {logging_mixin.py:188} INFO - [2024-10-29T23:45:04.131+0000] {dag.py:3047} INFO - Sync 1 DAGs
[2024-10-29T23:45:04.158+0000] {logging_mixin.py:188} INFO - [2024-10-29T23:45:04.157+0000] {dag.py:3834} INFO - Setting next_dagrun for example_task_group to 2024-10-28 00:00:00+00:00, run_after=2024-10-29 00:00:00+00:00
[2024-10-29T23:45:04.178+0000] {processor.py:183} INFO - Processing /home/airflow/.local/lib/python3.8/site-packages/airflow/example_dags/example_task_group.py took 0.086 seconds
[2024-10-29T23:45:34.251+0000] {processor.py:161} INFO - Started process (PID=1310) to work on /home/airflow/.local/lib/python3.8/site-packages/airflow/example_dags/example_task_group.py
[2024-10-29T23:45:34.252+0000] {processor.py:830} INFO - Processing file /home/airflow/.local/lib/python3.8/site-packages/airflow/example_dags/example_task_group.py for tasks to queue
[2024-10-29T23:45:34.253+0000] {logging_mixin.py:188} INFO - [2024-10-29T23:45:34.253+0000] {dagbag.py:540} INFO - Filling up the DagBag from /home/airflow/.local/lib/python3.8/site-packages/airflow/example_dags/example_task_group.py
[2024-10-29T23:45:34.260+0000] {processor.py:840} INFO - DAG(s) 'example_task_group' retrieved from /home/airflow/.local/lib/python3.8/site-packages/airflow/example_dags/example_task_group.py
[2024-10-29T23:45:34.280+0000] {logging_mixin.py:188} INFO - [2024-10-29T23:45:34.280+0000] {dag.py:3047} INFO - Sync 1 DAGs
[2024-10-29T23:45:34.302+0000] {logging_mixin.py:188} INFO - [2024-10-29T23:45:34.302+0000] {dag.py:3834} INFO - Setting next_dagrun for example_task_group to 2024-10-28 00:00:00+00:00, run_after=2024-10-29 00:00:00+00:00
[2024-10-29T23:45:34.325+0000] {processor.py:183} INFO - Processing /home/airflow/.local/lib/python3.8/site-packages/airflow/example_dags/example_task_group.py took 0.076 seconds
[2024-10-29T23:46:04.695+0000] {processor.py:161} INFO - Started process (PID=1366) to work on /home/airflow/.local/lib/python3.8/site-packages/airflow/example_dags/example_task_group.py
[2024-10-29T23:46:04.697+0000] {processor.py:830} INFO - Processing file /home/airflow/.local/lib/python3.8/site-packages/airflow/example_dags/example_task_group.py for tasks to queue
[2024-10-29T23:46:04.699+0000] {logging_mixin.py:188} INFO - [2024-10-29T23:46:04.699+0000] {dagbag.py:540} INFO - Filling up the DagBag from /home/airflow/.local/lib/python3.8/site-packages/airflow/example_dags/example_task_group.py
[2024-10-29T23:46:04.710+0000] {processor.py:840} INFO - DAG(s) 'example_task_group' retrieved from /home/airflow/.local/lib/python3.8/site-packages/airflow/example_dags/example_task_group.py
[2024-10-29T23:46:04.745+0000] {logging_mixin.py:188} INFO - [2024-10-29T23:46:04.745+0000] {dag.py:3047} INFO - Sync 1 DAGs
[2024-10-29T23:46:04.782+0000] {logging_mixin.py:188} INFO - [2024-10-29T23:46:04.781+0000] {dag.py:3834} INFO - Setting next_dagrun for example_task_group to 2024-10-28 00:00:00+00:00, run_after=2024-10-29 00:00:00+00:00
[2024-10-29T23:46:04.805+0000] {processor.py:183} INFO - Processing /home/airflow/.local/lib/python3.8/site-packages/airflow/example_dags/example_task_group.py took 0.113 seconds
[2024-10-29T23:46:35.202+0000] {processor.py:161} INFO - Started process (PID=1422) to work on /home/airflow/.local/lib/python3.8/site-packages/airflow/example_dags/example_task_group.py
[2024-10-29T23:46:35.203+0000] {processor.py:830} INFO - Processing file /home/airflow/.local/lib/python3.8/site-packages/airflow/example_dags/example_task_group.py for tasks to queue
[2024-10-29T23:46:35.204+0000] {logging_mixin.py:188} INFO - [2024-10-29T23:46:35.204+0000] {dagbag.py:540} INFO - Filling up the DagBag from /home/airflow/.local/lib/python3.8/site-packages/airflow/example_dags/example_task_group.py
[2024-10-29T23:46:35.216+0000] {processor.py:840} INFO - DAG(s) 'example_task_group' retrieved from /home/airflow/.local/lib/python3.8/site-packages/airflow/example_dags/example_task_group.py
[2024-10-29T23:46:35.244+0000] {logging_mixin.py:188} INFO - [2024-10-29T23:46:35.244+0000] {dag.py:3047} INFO - Sync 1 DAGs
[2024-10-29T23:46:35.287+0000] {logging_mixin.py:188} INFO - [2024-10-29T23:46:35.287+0000] {dag.py:3834} INFO - Setting next_dagrun for example_task_group to 2024-10-28 00:00:00+00:00, run_after=2024-10-29 00:00:00+00:00
[2024-10-29T23:46:35.335+0000] {processor.py:183} INFO - Processing /home/airflow/.local/lib/python3.8/site-packages/airflow/example_dags/example_task_group.py took 0.136 seconds
[2024-10-29T23:47:06.292+0000] {processor.py:161} INFO - Started process (PID=1478) to work on /home/airflow/.local/lib/python3.8/site-packages/airflow/example_dags/example_task_group.py
[2024-10-29T23:47:06.299+0000] {processor.py:830} INFO - Processing file /home/airflow/.local/lib/python3.8/site-packages/airflow/example_dags/example_task_group.py for tasks to queue
[2024-10-29T23:47:06.302+0000] {logging_mixin.py:188} INFO - [2024-10-29T23:47:06.301+0000] {dagbag.py:540} INFO - Filling up the DagBag from /home/airflow/.local/lib/python3.8/site-packages/airflow/example_dags/example_task_group.py
[2024-10-29T23:47:06.314+0000] {processor.py:840} INFO - DAG(s) 'example_task_group' retrieved from /home/airflow/.local/lib/python3.8/site-packages/airflow/example_dags/example_task_group.py
[2024-10-29T23:47:06.369+0000] {logging_mixin.py:188} INFO - [2024-10-29T23:47:06.368+0000] {dag.py:3047} INFO - Sync 1 DAGs
[2024-10-29T23:47:06.410+0000] {logging_mixin.py:188} INFO - [2024-10-29T23:47:06.409+0000] {dag.py:3834} INFO - Setting next_dagrun for example_task_group to 2024-10-28 00:00:00+00:00, run_after=2024-10-29 00:00:00+00:00
[2024-10-29T23:47:06.463+0000] {processor.py:183} INFO - Processing /home/airflow/.local/lib/python3.8/site-packages/airflow/example_dags/example_task_group.py took 0.181 seconds
[2024-10-29T23:47:36.522+0000] {processor.py:161} INFO - Started process (PID=1534) to work on /home/airflow/.local/lib/python3.8/site-packages/airflow/example_dags/example_task_group.py
[2024-10-29T23:47:36.523+0000] {processor.py:830} INFO - Processing file /home/airflow/.local/lib/python3.8/site-packages/airflow/example_dags/example_task_group.py for tasks to queue
[2024-10-29T23:47:36.525+0000] {logging_mixin.py:188} INFO - [2024-10-29T23:47:36.525+0000] {dagbag.py:540} INFO - Filling up the DagBag from /home/airflow/.local/lib/python3.8/site-packages/airflow/example_dags/example_task_group.py
[2024-10-29T23:47:36.532+0000] {processor.py:840} INFO - DAG(s) 'example_task_group' retrieved from /home/airflow/.local/lib/python3.8/site-packages/airflow/example_dags/example_task_group.py
[2024-10-29T23:47:36.555+0000] {logging_mixin.py:188} INFO - [2024-10-29T23:47:36.555+0000] {dag.py:3047} INFO - Sync 1 DAGs
[2024-10-29T23:47:36.581+0000] {logging_mixin.py:188} INFO - [2024-10-29T23:47:36.581+0000] {dag.py:3834} INFO - Setting next_dagrun for example_task_group to 2024-10-28 00:00:00+00:00, run_after=2024-10-29 00:00:00+00:00
[2024-10-29T23:47:36.601+0000] {processor.py:183} INFO - Processing /home/airflow/.local/lib/python3.8/site-packages/airflow/example_dags/example_task_group.py took 0.081 seconds
[2024-10-29T23:48:06.736+0000] {processor.py:161} INFO - Started process (PID=1590) to work on /home/airflow/.local/lib/python3.8/site-packages/airflow/example_dags/example_task_group.py
[2024-10-29T23:48:06.737+0000] {processor.py:830} INFO - Processing file /home/airflow/.local/lib/python3.8/site-packages/airflow/example_dags/example_task_group.py for tasks to queue
[2024-10-29T23:48:06.739+0000] {logging_mixin.py:188} INFO - [2024-10-29T23:48:06.739+0000] {dagbag.py:540} INFO - Filling up the DagBag from /home/airflow/.local/lib/python3.8/site-packages/airflow/example_dags/example_task_group.py
[2024-10-29T23:48:06.746+0000] {processor.py:840} INFO - DAG(s) 'example_task_group' retrieved from /home/airflow/.local/lib/python3.8/site-packages/airflow/example_dags/example_task_group.py
[2024-10-29T23:48:06.771+0000] {logging_mixin.py:188} INFO - [2024-10-29T23:48:06.771+0000] {dag.py:3047} INFO - Sync 1 DAGs
[2024-10-29T23:48:06.797+0000] {logging_mixin.py:188} INFO - [2024-10-29T23:48:06.797+0000] {dag.py:3834} INFO - Setting next_dagrun for example_task_group to 2024-10-28 00:00:00+00:00, run_after=2024-10-29 00:00:00+00:00
[2024-10-29T23:48:06.816+0000] {processor.py:183} INFO - Processing /home/airflow/.local/lib/python3.8/site-packages/airflow/example_dags/example_task_group.py took 0.083 seconds
[2024-10-29T23:48:37.811+0000] {processor.py:161} INFO - Started process (PID=1646) to work on /home/airflow/.local/lib/python3.8/site-packages/airflow/example_dags/example_task_group.py
[2024-10-29T23:48:37.812+0000] {processor.py:830} INFO - Processing file /home/airflow/.local/lib/python3.8/site-packages/airflow/example_dags/example_task_group.py for tasks to queue
[2024-10-29T23:48:37.814+0000] {logging_mixin.py:188} INFO - [2024-10-29T23:48:37.814+0000] {dagbag.py:540} INFO - Filling up the DagBag from /home/airflow/.local/lib/python3.8/site-packages/airflow/example_dags/example_task_group.py
[2024-10-29T23:48:37.821+0000] {processor.py:840} INFO - DAG(s) 'example_task_group' retrieved from /home/airflow/.local/lib/python3.8/site-packages/airflow/example_dags/example_task_group.py
[2024-10-29T23:48:37.847+0000] {logging_mixin.py:188} INFO - [2024-10-29T23:48:37.847+0000] {dag.py:3047} INFO - Sync 1 DAGs
[2024-10-29T23:48:37.876+0000] {logging_mixin.py:188} INFO - [2024-10-29T23:48:37.876+0000] {dag.py:3834} INFO - Setting next_dagrun for example_task_group to 2024-10-28 00:00:00+00:00, run_after=2024-10-29 00:00:00+00:00
[2024-10-29T23:48:37.897+0000] {processor.py:183} INFO - Processing /home/airflow/.local/lib/python3.8/site-packages/airflow/example_dags/example_task_group.py took 0.089 seconds
[2024-10-29T23:49:08.411+0000] {processor.py:161} INFO - Started process (PID=1702) to work on /home/airflow/.local/lib/python3.8/site-packages/airflow/example_dags/example_task_group.py
[2024-10-29T23:49:08.412+0000] {processor.py:830} INFO - Processing file /home/airflow/.local/lib/python3.8/site-packages/airflow/example_dags/example_task_group.py for tasks to queue
[2024-10-29T23:49:08.414+0000] {logging_mixin.py:188} INFO - [2024-10-29T23:49:08.414+0000] {dagbag.py:540} INFO - Filling up the DagBag from /home/airflow/.local/lib/python3.8/site-packages/airflow/example_dags/example_task_group.py
[2024-10-29T23:49:08.421+0000] {processor.py:840} INFO - DAG(s) 'example_task_group' retrieved from /home/airflow/.local/lib/python3.8/site-packages/airflow/example_dags/example_task_group.py
[2024-10-29T23:49:08.449+0000] {logging_mixin.py:188} INFO - [2024-10-29T23:49:08.449+0000] {dag.py:3047} INFO - Sync 1 DAGs
[2024-10-29T23:49:08.478+0000] {logging_mixin.py:188} INFO - [2024-10-29T23:49:08.477+0000] {dag.py:3834} INFO - Setting next_dagrun for example_task_group to 2024-10-28 00:00:00+00:00, run_after=2024-10-29 00:00:00+00:00
[2024-10-29T23:49:08.504+0000] {processor.py:183} INFO - Processing /home/airflow/.local/lib/python3.8/site-packages/airflow/example_dags/example_task_group.py took 0.096 seconds
[2024-10-29T23:49:39.487+0000] {processor.py:161} INFO - Started process (PID=1758) to work on /home/airflow/.local/lib/python3.8/site-packages/airflow/example_dags/example_task_group.py
[2024-10-29T23:49:39.488+0000] {processor.py:830} INFO - Processing file /home/airflow/.local/lib/python3.8/site-packages/airflow/example_dags/example_task_group.py for tasks to queue
[2024-10-29T23:49:39.490+0000] {logging_mixin.py:188} INFO - [2024-10-29T23:49:39.490+0000] {dagbag.py:540} INFO - Filling up the DagBag from /home/airflow/.local/lib/python3.8/site-packages/airflow/example_dags/example_task_group.py
[2024-10-29T23:49:39.496+0000] {processor.py:840} INFO - DAG(s) 'example_task_group' retrieved from /home/airflow/.local/lib/python3.8/site-packages/airflow/example_dags/example_task_group.py
[2024-10-29T23:49:39.515+0000] {logging_mixin.py:188} INFO - [2024-10-29T23:49:39.515+0000] {dag.py:3047} INFO - Sync 1 DAGs
[2024-10-29T23:49:39.535+0000] {logging_mixin.py:188} INFO - [2024-10-29T23:49:39.535+0000] {dag.py:3834} INFO - Setting next_dagrun for example_task_group to 2024-10-28 00:00:00+00:00, run_after=2024-10-29 00:00:00+00:00
[2024-10-29T23:49:39.554+0000] {processor.py:183} INFO - Processing /home/airflow/.local/lib/python3.8/site-packages/airflow/example_dags/example_task_group.py took 0.070 seconds
[2024-10-29T23:50:09.868+0000] {processor.py:161} INFO - Started process (PID=1814) to work on /home/airflow/.local/lib/python3.8/site-packages/airflow/example_dags/example_task_group.py
[2024-10-29T23:50:09.869+0000] {processor.py:830} INFO - Processing file /home/airflow/.local/lib/python3.8/site-packages/airflow/example_dags/example_task_group.py for tasks to queue
[2024-10-29T23:50:09.870+0000] {logging_mixin.py:188} INFO - [2024-10-29T23:50:09.870+0000] {dagbag.py:540} INFO - Filling up the DagBag from /home/airflow/.local/lib/python3.8/site-packages/airflow/example_dags/example_task_group.py
[2024-10-29T23:50:09.878+0000] {processor.py:840} INFO - DAG(s) 'example_task_group' retrieved from /home/airflow/.local/lib/python3.8/site-packages/airflow/example_dags/example_task_group.py
[2024-10-29T23:50:09.897+0000] {logging_mixin.py:188} INFO - [2024-10-29T23:50:09.897+0000] {dag.py:3047} INFO - Sync 1 DAGs
[2024-10-29T23:50:09.921+0000] {logging_mixin.py:188} INFO - [2024-10-29T23:50:09.920+0000] {dag.py:3834} INFO - Setting next_dagrun for example_task_group to 2024-10-28 00:00:00+00:00, run_after=2024-10-29 00:00:00+00:00
[2024-10-29T23:50:09.940+0000] {processor.py:183} INFO - Processing /home/airflow/.local/lib/python3.8/site-packages/airflow/example_dags/example_task_group.py took 0.074 seconds
[2024-10-29T23:50:40.889+0000] {processor.py:161} INFO - Started process (PID=1870) to work on /home/airflow/.local/lib/python3.8/site-packages/airflow/example_dags/example_task_group.py
[2024-10-29T23:50:40.890+0000] {processor.py:830} INFO - Processing file /home/airflow/.local/lib/python3.8/site-packages/airflow/example_dags/example_task_group.py for tasks to queue
[2024-10-29T23:50:40.892+0000] {logging_mixin.py:188} INFO - [2024-10-29T23:50:40.892+0000] {dagbag.py:540} INFO - Filling up the DagBag from /home/airflow/.local/lib/python3.8/site-packages/airflow/example_dags/example_task_group.py
[2024-10-29T23:50:40.898+0000] {processor.py:840} INFO - DAG(s) 'example_task_group' retrieved from /home/airflow/.local/lib/python3.8/site-packages/airflow/example_dags/example_task_group.py
[2024-10-29T23:50:40.919+0000] {logging_mixin.py:188} INFO - [2024-10-29T23:50:40.919+0000] {dag.py:3047} INFO - Sync 1 DAGs
[2024-10-29T23:50:40.945+0000] {logging_mixin.py:188} INFO - [2024-10-29T23:50:40.945+0000] {dag.py:3834} INFO - Setting next_dagrun for example_task_group to 2024-10-28 00:00:00+00:00, run_after=2024-10-29 00:00:00+00:00
[2024-10-29T23:50:40.966+0000] {processor.py:183} INFO - Processing /home/airflow/.local/lib/python3.8/site-packages/airflow/example_dags/example_task_group.py took 0.080 seconds
[2024-10-29T23:51:11.846+0000] {processor.py:161} INFO - Started process (PID=1926) to work on /home/airflow/.local/lib/python3.8/site-packages/airflow/example_dags/example_task_group.py
[2024-10-29T23:51:11.847+0000] {processor.py:830} INFO - Processing file /home/airflow/.local/lib/python3.8/site-packages/airflow/example_dags/example_task_group.py for tasks to queue
[2024-10-29T23:51:11.848+0000] {logging_mixin.py:188} INFO - [2024-10-29T23:51:11.848+0000] {dagbag.py:540} INFO - Filling up the DagBag from /home/airflow/.local/lib/python3.8/site-packages/airflow/example_dags/example_task_group.py
[2024-10-29T23:51:11.855+0000] {processor.py:840} INFO - DAG(s) 'example_task_group' retrieved from /home/airflow/.local/lib/python3.8/site-packages/airflow/example_dags/example_task_group.py
[2024-10-29T23:51:11.880+0000] {logging_mixin.py:188} INFO - [2024-10-29T23:51:11.880+0000] {dag.py:3047} INFO - Sync 1 DAGs
[2024-10-29T23:51:11.903+0000] {logging_mixin.py:188} INFO - [2024-10-29T23:51:11.902+0000] {dag.py:3834} INFO - Setting next_dagrun for example_task_group to 2024-10-28 00:00:00+00:00, run_after=2024-10-29 00:00:00+00:00
[2024-10-29T23:51:11.922+0000] {processor.py:183} INFO - Processing /home/airflow/.local/lib/python3.8/site-packages/airflow/example_dags/example_task_group.py took 0.078 seconds
[2024-10-29T23:51:42.279+0000] {processor.py:161} INFO - Started process (PID=1981) to work on /home/airflow/.local/lib/python3.8/site-packages/airflow/example_dags/example_task_group.py
[2024-10-29T23:51:42.280+0000] {processor.py:830} INFO - Processing file /home/airflow/.local/lib/python3.8/site-packages/airflow/example_dags/example_task_group.py for tasks to queue
[2024-10-29T23:51:42.281+0000] {logging_mixin.py:188} INFO - [2024-10-29T23:51:42.281+0000] {dagbag.py:540} INFO - Filling up the DagBag from /home/airflow/.local/lib/python3.8/site-packages/airflow/example_dags/example_task_group.py
[2024-10-29T23:51:42.290+0000] {processor.py:840} INFO - DAG(s) 'example_task_group' retrieved from /home/airflow/.local/lib/python3.8/site-packages/airflow/example_dags/example_task_group.py
[2024-10-29T23:51:42.312+0000] {logging_mixin.py:188} INFO - [2024-10-29T23:51:42.312+0000] {dag.py:3047} INFO - Sync 1 DAGs
[2024-10-29T23:51:42.336+0000] {logging_mixin.py:188} INFO - [2024-10-29T23:51:42.335+0000] {dag.py:3834} INFO - Setting next_dagrun for example_task_group to 2024-10-28 00:00:00+00:00, run_after=2024-10-29 00:00:00+00:00
[2024-10-29T23:51:42.356+0000] {processor.py:183} INFO - Processing /home/airflow/.local/lib/python3.8/site-packages/airflow/example_dags/example_task_group.py took 0.079 seconds
[2024-10-29T23:52:12.440+0000] {processor.py:161} INFO - Started process (PID=2036) to work on /home/airflow/.local/lib/python3.8/site-packages/airflow/example_dags/example_task_group.py
[2024-10-29T23:52:12.441+0000] {processor.py:830} INFO - Processing file /home/airflow/.local/lib/python3.8/site-packages/airflow/example_dags/example_task_group.py for tasks to queue
[2024-10-29T23:52:12.443+0000] {logging_mixin.py:188} INFO - [2024-10-29T23:52:12.443+0000] {dagbag.py:540} INFO - Filling up the DagBag from /home/airflow/.local/lib/python3.8/site-packages/airflow/example_dags/example_task_group.py
[2024-10-29T23:52:12.453+0000] {processor.py:840} INFO - DAG(s) 'example_task_group' retrieved from /home/airflow/.local/lib/python3.8/site-packages/airflow/example_dags/example_task_group.py
[2024-10-29T23:52:12.483+0000] {logging_mixin.py:188} INFO - [2024-10-29T23:52:12.483+0000] {dag.py:3047} INFO - Sync 1 DAGs
[2024-10-29T23:52:12.518+0000] {logging_mixin.py:188} INFO - [2024-10-29T23:52:12.518+0000] {dag.py:3834} INFO - Setting next_dagrun for example_task_group to 2024-10-28 00:00:00+00:00, run_after=2024-10-29 00:00:00+00:00
[2024-10-29T23:52:12.545+0000] {processor.py:183} INFO - Processing /home/airflow/.local/lib/python3.8/site-packages/airflow/example_dags/example_task_group.py took 0.109 seconds
[2024-10-29T23:52:42.750+0000] {processor.py:161} INFO - Started process (PID=2092) to work on /home/airflow/.local/lib/python3.8/site-packages/airflow/example_dags/example_task_group.py
[2024-10-29T23:52:42.752+0000] {processor.py:830} INFO - Processing file /home/airflow/.local/lib/python3.8/site-packages/airflow/example_dags/example_task_group.py for tasks to queue
[2024-10-29T23:52:42.754+0000] {logging_mixin.py:188} INFO - [2024-10-29T23:52:42.754+0000] {dagbag.py:540} INFO - Filling up the DagBag from /home/airflow/.local/lib/python3.8/site-packages/airflow/example_dags/example_task_group.py
[2024-10-29T23:52:42.768+0000] {processor.py:840} INFO - DAG(s) 'example_task_group' retrieved from /home/airflow/.local/lib/python3.8/site-packages/airflow/example_dags/example_task_group.py
[2024-10-29T23:52:42.792+0000] {logging_mixin.py:188} INFO - [2024-10-29T23:52:42.792+0000] {dag.py:3047} INFO - Sync 1 DAGs
[2024-10-29T23:52:42.828+0000] {logging_mixin.py:188} INFO - [2024-10-29T23:52:42.827+0000] {dag.py:3834} INFO - Setting next_dagrun for example_task_group to 2024-10-28 00:00:00+00:00, run_after=2024-10-29 00:00:00+00:00
[2024-10-29T23:52:42.871+0000] {processor.py:183} INFO - Processing /home/airflow/.local/lib/python3.8/site-packages/airflow/example_dags/example_task_group.py took 0.125 seconds
[2024-10-29T23:53:13.294+0000] {processor.py:161} INFO - Started process (PID=2148) to work on /home/airflow/.local/lib/python3.8/site-packages/airflow/example_dags/example_task_group.py
[2024-10-29T23:53:13.295+0000] {processor.py:830} INFO - Processing file /home/airflow/.local/lib/python3.8/site-packages/airflow/example_dags/example_task_group.py for tasks to queue
[2024-10-29T23:53:13.297+0000] {logging_mixin.py:188} INFO - [2024-10-29T23:53:13.296+0000] {dagbag.py:540} INFO - Filling up the DagBag from /home/airflow/.local/lib/python3.8/site-packages/airflow/example_dags/example_task_group.py
[2024-10-29T23:53:13.303+0000] {processor.py:840} INFO - DAG(s) 'example_task_group' retrieved from /home/airflow/.local/lib/python3.8/site-packages/airflow/example_dags/example_task_group.py
[2024-10-29T23:53:13.334+0000] {logging_mixin.py:188} INFO - [2024-10-29T23:53:13.334+0000] {dag.py:3047} INFO - Sync 1 DAGs
[2024-10-29T23:53:13.363+0000] {logging_mixin.py:188} INFO - [2024-10-29T23:53:13.363+0000] {dag.py:3834} INFO - Setting next_dagrun for example_task_group to 2024-10-28 00:00:00+00:00, run_after=2024-10-29 00:00:00+00:00
[2024-10-29T23:53:13.379+0000] {processor.py:183} INFO - Processing /home/airflow/.local/lib/python3.8/site-packages/airflow/example_dags/example_task_group.py took 0.088 seconds
[2024-10-29T23:53:43.491+0000] {processor.py:161} INFO - Started process (PID=2204) to work on /home/airflow/.local/lib/python3.8/site-packages/airflow/example_dags/example_task_group.py
[2024-10-29T23:53:43.492+0000] {processor.py:830} INFO - Processing file /home/airflow/.local/lib/python3.8/site-packages/airflow/example_dags/example_task_group.py for tasks to queue
[2024-10-29T23:53:43.494+0000] {logging_mixin.py:188} INFO - [2024-10-29T23:53:43.493+0000] {dagbag.py:540} INFO - Filling up the DagBag from /home/airflow/.local/lib/python3.8/site-packages/airflow/example_dags/example_task_group.py
[2024-10-29T23:53:43.502+0000] {processor.py:840} INFO - DAG(s) 'example_task_group' retrieved from /home/airflow/.local/lib/python3.8/site-packages/airflow/example_dags/example_task_group.py
[2024-10-29T23:53:43.538+0000] {logging_mixin.py:188} INFO - [2024-10-29T23:53:43.537+0000] {dag.py:3047} INFO - Sync 1 DAGs
[2024-10-29T23:53:43.583+0000] {logging_mixin.py:188} INFO - [2024-10-29T23:53:43.582+0000] {dag.py:3834} INFO - Setting next_dagrun for example_task_group to 2024-10-28 00:00:00+00:00, run_after=2024-10-29 00:00:00+00:00
[2024-10-29T23:53:43.608+0000] {processor.py:183} INFO - Processing /home/airflow/.local/lib/python3.8/site-packages/airflow/example_dags/example_task_group.py took 0.121 seconds
[2024-10-29T23:54:13.948+0000] {processor.py:161} INFO - Started process (PID=2260) to work on /home/airflow/.local/lib/python3.8/site-packages/airflow/example_dags/example_task_group.py
[2024-10-29T23:54:13.949+0000] {processor.py:830} INFO - Processing file /home/airflow/.local/lib/python3.8/site-packages/airflow/example_dags/example_task_group.py for tasks to queue
[2024-10-29T23:54:13.951+0000] {logging_mixin.py:188} INFO - [2024-10-29T23:54:13.951+0000] {dagbag.py:540} INFO - Filling up the DagBag from /home/airflow/.local/lib/python3.8/site-packages/airflow/example_dags/example_task_group.py
[2024-10-29T23:54:13.960+0000] {processor.py:840} INFO - DAG(s) 'example_task_group' retrieved from /home/airflow/.local/lib/python3.8/site-packages/airflow/example_dags/example_task_group.py
[2024-10-29T23:54:13.982+0000] {logging_mixin.py:188} INFO - [2024-10-29T23:54:13.982+0000] {dag.py:3047} INFO - Sync 1 DAGs
[2024-10-29T23:54:14.005+0000] {logging_mixin.py:188} INFO - [2024-10-29T23:54:14.004+0000] {dag.py:3834} INFO - Setting next_dagrun for example_task_group to 2024-10-28 00:00:00+00:00, run_after=2024-10-29 00:00:00+00:00
[2024-10-29T23:54:14.022+0000] {processor.py:183} INFO - Processing /home/airflow/.local/lib/python3.8/site-packages/airflow/example_dags/example_task_group.py took 0.077 seconds
[2024-10-29T23:54:44.740+0000] {processor.py:161} INFO - Started process (PID=2316) to work on /home/airflow/.local/lib/python3.8/site-packages/airflow/example_dags/example_task_group.py
[2024-10-29T23:54:44.741+0000] {processor.py:830} INFO - Processing file /home/airflow/.local/lib/python3.8/site-packages/airflow/example_dags/example_task_group.py for tasks to queue
[2024-10-29T23:54:44.742+0000] {logging_mixin.py:188} INFO - [2024-10-29T23:54:44.742+0000] {dagbag.py:540} INFO - Filling up the DagBag from /home/airflow/.local/lib/python3.8/site-packages/airflow/example_dags/example_task_group.py
[2024-10-29T23:54:44.748+0000] {processor.py:840} INFO - DAG(s) 'example_task_group' retrieved from /home/airflow/.local/lib/python3.8/site-packages/airflow/example_dags/example_task_group.py
[2024-10-29T23:54:44.765+0000] {logging_mixin.py:188} INFO - [2024-10-29T23:54:44.765+0000] {dag.py:3047} INFO - Sync 1 DAGs
[2024-10-29T23:54:44.784+0000] {logging_mixin.py:188} INFO - [2024-10-29T23:54:44.784+0000] {dag.py:3834} INFO - Setting next_dagrun for example_task_group to 2024-10-28 00:00:00+00:00, run_after=2024-10-29 00:00:00+00:00
[2024-10-29T23:54:44.798+0000] {processor.py:183} INFO - Processing /home/airflow/.local/lib/python3.8/site-packages/airflow/example_dags/example_task_group.py took 0.061 seconds
[2024-10-29T23:55:15.003+0000] {processor.py:161} INFO - Started process (PID=2372) to work on /home/airflow/.local/lib/python3.8/site-packages/airflow/example_dags/example_task_group.py
[2024-10-29T23:55:15.004+0000] {processor.py:830} INFO - Processing file /home/airflow/.local/lib/python3.8/site-packages/airflow/example_dags/example_task_group.py for tasks to queue
[2024-10-29T23:55:15.006+0000] {logging_mixin.py:188} INFO - [2024-10-29T23:55:15.006+0000] {dagbag.py:540} INFO - Filling up the DagBag from /home/airflow/.local/lib/python3.8/site-packages/airflow/example_dags/example_task_group.py
[2024-10-29T23:55:15.012+0000] {processor.py:840} INFO - DAG(s) 'example_task_group' retrieved from /home/airflow/.local/lib/python3.8/site-packages/airflow/example_dags/example_task_group.py
[2024-10-29T23:55:15.033+0000] {logging_mixin.py:188} INFO - [2024-10-29T23:55:15.033+0000] {dag.py:3047} INFO - Sync 1 DAGs
[2024-10-29T23:55:15.054+0000] {logging_mixin.py:188} INFO - [2024-10-29T23:55:15.053+0000] {dag.py:3834} INFO - Setting next_dagrun for example_task_group to 2024-10-28 00:00:00+00:00, run_after=2024-10-29 00:00:00+00:00
[2024-10-29T23:55:15.072+0000] {processor.py:183} INFO - Processing /home/airflow/.local/lib/python3.8/site-packages/airflow/example_dags/example_task_group.py took 0.072 seconds
[2024-10-29T23:55:45.279+0000] {processor.py:161} INFO - Started process (PID=2428) to work on /home/airflow/.local/lib/python3.8/site-packages/airflow/example_dags/example_task_group.py
[2024-10-29T23:55:45.280+0000] {processor.py:830} INFO - Processing file /home/airflow/.local/lib/python3.8/site-packages/airflow/example_dags/example_task_group.py for tasks to queue
[2024-10-29T23:55:45.282+0000] {logging_mixin.py:188} INFO - [2024-10-29T23:55:45.282+0000] {dagbag.py:540} INFO - Filling up the DagBag from /home/airflow/.local/lib/python3.8/site-packages/airflow/example_dags/example_task_group.py
[2024-10-29T23:55:45.290+0000] {processor.py:840} INFO - DAG(s) 'example_task_group' retrieved from /home/airflow/.local/lib/python3.8/site-packages/airflow/example_dags/example_task_group.py
[2024-10-29T23:55:45.312+0000] {logging_mixin.py:188} INFO - [2024-10-29T23:55:45.312+0000] {dag.py:3047} INFO - Sync 1 DAGs
[2024-10-29T23:55:45.338+0000] {logging_mixin.py:188} INFO - [2024-10-29T23:55:45.337+0000] {dag.py:3834} INFO - Setting next_dagrun for example_task_group to 2024-10-28 00:00:00+00:00, run_after=2024-10-29 00:00:00+00:00
[2024-10-29T23:55:45.359+0000] {processor.py:183} INFO - Processing /home/airflow/.local/lib/python3.8/site-packages/airflow/example_dags/example_task_group.py took 0.083 seconds
[2024-10-29T23:56:16.274+0000] {processor.py:161} INFO - Started process (PID=2484) to work on /home/airflow/.local/lib/python3.8/site-packages/airflow/example_dags/example_task_group.py
[2024-10-29T23:56:16.274+0000] {processor.py:830} INFO - Processing file /home/airflow/.local/lib/python3.8/site-packages/airflow/example_dags/example_task_group.py for tasks to queue
[2024-10-29T23:56:16.275+0000] {logging_mixin.py:188} INFO - [2024-10-29T23:56:16.275+0000] {dagbag.py:540} INFO - Filling up the DagBag from /home/airflow/.local/lib/python3.8/site-packages/airflow/example_dags/example_task_group.py
[2024-10-29T23:56:16.281+0000] {processor.py:840} INFO - DAG(s) 'example_task_group' retrieved from /home/airflow/.local/lib/python3.8/site-packages/airflow/example_dags/example_task_group.py
[2024-10-29T23:56:16.298+0000] {logging_mixin.py:188} INFO - [2024-10-29T23:56:16.298+0000] {dag.py:3047} INFO - Sync 1 DAGs
[2024-10-29T23:56:16.316+0000] {logging_mixin.py:188} INFO - [2024-10-29T23:56:16.316+0000] {dag.py:3834} INFO - Setting next_dagrun for example_task_group to 2024-10-28 00:00:00+00:00, run_after=2024-10-29 00:00:00+00:00
[2024-10-29T23:56:16.331+0000] {processor.py:183} INFO - Processing /home/airflow/.local/lib/python3.8/site-packages/airflow/example_dags/example_task_group.py took 0.059 seconds
[2024-10-29T23:56:46.691+0000] {processor.py:161} INFO - Started process (PID=2540) to work on /home/airflow/.local/lib/python3.8/site-packages/airflow/example_dags/example_task_group.py
[2024-10-29T23:56:46.692+0000] {processor.py:830} INFO - Processing file /home/airflow/.local/lib/python3.8/site-packages/airflow/example_dags/example_task_group.py for tasks to queue
[2024-10-29T23:56:46.693+0000] {logging_mixin.py:188} INFO - [2024-10-29T23:56:46.693+0000] {dagbag.py:540} INFO - Filling up the DagBag from /home/airflow/.local/lib/python3.8/site-packages/airflow/example_dags/example_task_group.py
[2024-10-29T23:56:46.699+0000] {processor.py:840} INFO - DAG(s) 'example_task_group' retrieved from /home/airflow/.local/lib/python3.8/site-packages/airflow/example_dags/example_task_group.py
[2024-10-29T23:56:46.717+0000] {logging_mixin.py:188} INFO - [2024-10-29T23:56:46.717+0000] {dag.py:3047} INFO - Sync 1 DAGs
[2024-10-29T23:56:46.745+0000] {logging_mixin.py:188} INFO - [2024-10-29T23:56:46.745+0000] {dag.py:3834} INFO - Setting next_dagrun for example_task_group to 2024-10-28 00:00:00+00:00, run_after=2024-10-29 00:00:00+00:00
[2024-10-29T23:56:46.766+0000] {processor.py:183} INFO - Processing /home/airflow/.local/lib/python3.8/site-packages/airflow/example_dags/example_task_group.py took 0.078 seconds
[2024-10-29T23:57:17.403+0000] {processor.py:161} INFO - Started process (PID=2596) to work on /home/airflow/.local/lib/python3.8/site-packages/airflow/example_dags/example_task_group.py
[2024-10-29T23:57:17.404+0000] {processor.py:830} INFO - Processing file /home/airflow/.local/lib/python3.8/site-packages/airflow/example_dags/example_task_group.py for tasks to queue
[2024-10-29T23:57:17.406+0000] {logging_mixin.py:188} INFO - [2024-10-29T23:57:17.406+0000] {dagbag.py:540} INFO - Filling up the DagBag from /home/airflow/.local/lib/python3.8/site-packages/airflow/example_dags/example_task_group.py
[2024-10-29T23:57:17.413+0000] {processor.py:840} INFO - DAG(s) 'example_task_group' retrieved from /home/airflow/.local/lib/python3.8/site-packages/airflow/example_dags/example_task_group.py
[2024-10-29T23:57:17.438+0000] {logging_mixin.py:188} INFO - [2024-10-29T23:57:17.437+0000] {dag.py:3047} INFO - Sync 1 DAGs
[2024-10-29T23:57:17.466+0000] {logging_mixin.py:188} INFO - [2024-10-29T23:57:17.465+0000] {dag.py:3834} INFO - Setting next_dagrun for example_task_group to 2024-10-28 00:00:00+00:00, run_after=2024-10-29 00:00:00+00:00
[2024-10-29T23:57:17.490+0000] {processor.py:183} INFO - Processing /home/airflow/.local/lib/python3.8/site-packages/airflow/example_dags/example_task_group.py took 0.091 seconds
[2024-10-29T23:57:47.676+0000] {processor.py:161} INFO - Started process (PID=2652) to work on /home/airflow/.local/lib/python3.8/site-packages/airflow/example_dags/example_task_group.py
[2024-10-29T23:57:47.677+0000] {processor.py:830} INFO - Processing file /home/airflow/.local/lib/python3.8/site-packages/airflow/example_dags/example_task_group.py for tasks to queue
[2024-10-29T23:57:47.679+0000] {logging_mixin.py:188} INFO - [2024-10-29T23:57:47.679+0000] {dagbag.py:540} INFO - Filling up the DagBag from /home/airflow/.local/lib/python3.8/site-packages/airflow/example_dags/example_task_group.py
[2024-10-29T23:57:47.687+0000] {processor.py:840} INFO - DAG(s) 'example_task_group' retrieved from /home/airflow/.local/lib/python3.8/site-packages/airflow/example_dags/example_task_group.py
[2024-10-29T23:57:47.711+0000] {logging_mixin.py:188} INFO - [2024-10-29T23:57:47.710+0000] {dag.py:3047} INFO - Sync 1 DAGs
[2024-10-29T23:57:47.742+0000] {logging_mixin.py:188} INFO - [2024-10-29T23:57:47.742+0000] {dag.py:3834} INFO - Setting next_dagrun for example_task_group to 2024-10-28 00:00:00+00:00, run_after=2024-10-29 00:00:00+00:00
[2024-10-29T23:57:47.765+0000] {processor.py:183} INFO - Processing /home/airflow/.local/lib/python3.8/site-packages/airflow/example_dags/example_task_group.py took 0.091 seconds
[2024-10-29T23:58:18.501+0000] {processor.py:161} INFO - Started process (PID=2708) to work on /home/airflow/.local/lib/python3.8/site-packages/airflow/example_dags/example_task_group.py
[2024-10-29T23:58:18.502+0000] {processor.py:830} INFO - Processing file /home/airflow/.local/lib/python3.8/site-packages/airflow/example_dags/example_task_group.py for tasks to queue
[2024-10-29T23:58:18.504+0000] {logging_mixin.py:188} INFO - [2024-10-29T23:58:18.503+0000] {dagbag.py:540} INFO - Filling up the DagBag from /home/airflow/.local/lib/python3.8/site-packages/airflow/example_dags/example_task_group.py
[2024-10-29T23:58:18.510+0000] {processor.py:840} INFO - DAG(s) 'example_task_group' retrieved from /home/airflow/.local/lib/python3.8/site-packages/airflow/example_dags/example_task_group.py
[2024-10-29T23:58:18.528+0000] {logging_mixin.py:188} INFO - [2024-10-29T23:58:18.528+0000] {dag.py:3047} INFO - Sync 1 DAGs
[2024-10-29T23:58:18.548+0000] {logging_mixin.py:188} INFO - [2024-10-29T23:58:18.548+0000] {dag.py:3834} INFO - Setting next_dagrun for example_task_group to 2024-10-28 00:00:00+00:00, run_after=2024-10-29 00:00:00+00:00
[2024-10-29T23:58:18.564+0000] {processor.py:183} INFO - Processing /home/airflow/.local/lib/python3.8/site-packages/airflow/example_dags/example_task_group.py took 0.066 seconds
[2024-10-29T23:58:49.668+0000] {processor.py:161} INFO - Started process (PID=2764) to work on /home/airflow/.local/lib/python3.8/site-packages/airflow/example_dags/example_task_group.py
[2024-10-29T23:58:49.669+0000] {processor.py:830} INFO - Processing file /home/airflow/.local/lib/python3.8/site-packages/airflow/example_dags/example_task_group.py for tasks to queue
[2024-10-29T23:58:49.670+0000] {logging_mixin.py:188} INFO - [2024-10-29T23:58:49.670+0000] {dagbag.py:540} INFO - Filling up the DagBag from /home/airflow/.local/lib/python3.8/site-packages/airflow/example_dags/example_task_group.py
[2024-10-29T23:58:49.675+0000] {processor.py:840} INFO - DAG(s) 'example_task_group' retrieved from /home/airflow/.local/lib/python3.8/site-packages/airflow/example_dags/example_task_group.py
[2024-10-29T23:58:49.691+0000] {logging_mixin.py:188} INFO - [2024-10-29T23:58:49.691+0000] {dag.py:3047} INFO - Sync 1 DAGs
[2024-10-29T23:58:49.712+0000] {logging_mixin.py:188} INFO - [2024-10-29T23:58:49.711+0000] {dag.py:3834} INFO - Setting next_dagrun for example_task_group to 2024-10-28 00:00:00+00:00, run_after=2024-10-29 00:00:00+00:00
[2024-10-29T23:58:49.732+0000] {processor.py:183} INFO - Processing /home/airflow/.local/lib/python3.8/site-packages/airflow/example_dags/example_task_group.py took 0.066 seconds
[2024-10-29T23:59:20.028+0000] {processor.py:161} INFO - Started process (PID=2820) to work on /home/airflow/.local/lib/python3.8/site-packages/airflow/example_dags/example_task_group.py
[2024-10-29T23:59:20.028+0000] {processor.py:830} INFO - Processing file /home/airflow/.local/lib/python3.8/site-packages/airflow/example_dags/example_task_group.py for tasks to queue
[2024-10-29T23:59:20.030+0000] {logging_mixin.py:188} INFO - [2024-10-29T23:59:20.029+0000] {dagbag.py:540} INFO - Filling up the DagBag from /home/airflow/.local/lib/python3.8/site-packages/airflow/example_dags/example_task_group.py
[2024-10-29T23:59:20.036+0000] {processor.py:840} INFO - DAG(s) 'example_task_group' retrieved from /home/airflow/.local/lib/python3.8/site-packages/airflow/example_dags/example_task_group.py
[2024-10-29T23:59:20.056+0000] {logging_mixin.py:188} INFO - [2024-10-29T23:59:20.056+0000] {dag.py:3047} INFO - Sync 1 DAGs
[2024-10-29T23:59:20.078+0000] {logging_mixin.py:188} INFO - [2024-10-29T23:59:20.078+0000] {dag.py:3834} INFO - Setting next_dagrun for example_task_group to 2024-10-28 00:00:00+00:00, run_after=2024-10-29 00:00:00+00:00
[2024-10-29T23:59:20.095+0000] {processor.py:183} INFO - Processing /home/airflow/.local/lib/python3.8/site-packages/airflow/example_dags/example_task_group.py took 0.069 seconds
[2024-10-29T23:59:50.228+0000] {processor.py:161} INFO - Started process (PID=2876) to work on /home/airflow/.local/lib/python3.8/site-packages/airflow/example_dags/example_task_group.py
[2024-10-29T23:59:50.229+0000] {processor.py:830} INFO - Processing file /home/airflow/.local/lib/python3.8/site-packages/airflow/example_dags/example_task_group.py for tasks to queue
[2024-10-29T23:59:50.231+0000] {logging_mixin.py:188} INFO - [2024-10-29T23:59:50.230+0000] {dagbag.py:540} INFO - Filling up the DagBag from /home/airflow/.local/lib/python3.8/site-packages/airflow/example_dags/example_task_group.py
[2024-10-29T23:59:50.239+0000] {processor.py:840} INFO - DAG(s) 'example_task_group' retrieved from /home/airflow/.local/lib/python3.8/site-packages/airflow/example_dags/example_task_group.py
[2024-10-29T23:59:50.272+0000] {logging_mixin.py:188} INFO - [2024-10-29T23:59:50.272+0000] {dag.py:3047} INFO - Sync 1 DAGs
[2024-10-29T23:59:50.309+0000] {logging_mixin.py:188} INFO - [2024-10-29T23:59:50.309+0000] {dag.py:3834} INFO - Setting next_dagrun for example_task_group to 2024-10-28 00:00:00+00:00, run_after=2024-10-29 00:00:00+00:00
[2024-10-29T23:59:50.337+0000] {processor.py:183} INFO - Processing /home/airflow/.local/lib/python3.8/site-packages/airflow/example_dags/example_task_group.py took 0.113 seconds
