[2024-10-29T23:27:22.029+0000] {processor.py:161} INFO - Started process (PID=16637) to work on /home/airflow/.local/lib/python3.8/site-packages/airflow/example_dags/example_complex.py
[2024-10-29T23:27:22.031+0000] {processor.py:830} INFO - Processing file /home/airflow/.local/lib/python3.8/site-packages/airflow/example_dags/example_complex.py for tasks to queue
[2024-10-29T23:27:22.034+0000] {logging_mixin.py:188} INFO - [2024-10-29T23:27:22.034+0000] {dagbag.py:540} INFO - Filling up the DagBag from /home/airflow/.local/lib/python3.8/site-packages/airflow/example_dags/example_complex.py
[2024-10-29T23:27:22.053+0000] {processor.py:840} INFO - DAG(s) 'example_complex' retrieved from /home/airflow/.local/lib/python3.8/site-packages/airflow/example_dags/example_complex.py
[2024-10-29T23:27:22.121+0000] {logging_mixin.py:188} INFO - [2024-10-29T23:27:22.121+0000] {dag.py:3047} INFO - Sync 1 DAGs
[2024-10-29T23:27:22.139+0000] {logging_mixin.py:188} INFO - [2024-10-29T23:27:22.139+0000] {dag.py:3834} INFO - Setting next_dagrun for example_complex to None, run_after=None
[2024-10-29T23:27:22.179+0000] {processor.py:183} INFO - Processing /home/airflow/.local/lib/python3.8/site-packages/airflow/example_dags/example_complex.py took 0.155 seconds
[2024-10-29T23:27:52.986+0000] {processor.py:161} INFO - Started process (PID=16693) to work on /home/airflow/.local/lib/python3.8/site-packages/airflow/example_dags/example_complex.py
[2024-10-29T23:27:52.987+0000] {processor.py:830} INFO - Processing file /home/airflow/.local/lib/python3.8/site-packages/airflow/example_dags/example_complex.py for tasks to queue
[2024-10-29T23:27:52.989+0000] {logging_mixin.py:188} INFO - [2024-10-29T23:27:52.989+0000] {dagbag.py:540} INFO - Filling up the DagBag from /home/airflow/.local/lib/python3.8/site-packages/airflow/example_dags/example_complex.py
[2024-10-29T23:27:53.003+0000] {processor.py:840} INFO - DAG(s) 'example_complex' retrieved from /home/airflow/.local/lib/python3.8/site-packages/airflow/example_dags/example_complex.py
[2024-10-29T23:27:53.038+0000] {logging_mixin.py:188} INFO - [2024-10-29T23:27:53.038+0000] {dag.py:3047} INFO - Sync 1 DAGs
[2024-10-29T23:27:53.053+0000] {logging_mixin.py:188} INFO - [2024-10-29T23:27:53.053+0000] {dag.py:3834} INFO - Setting next_dagrun for example_complex to None, run_after=None
[2024-10-29T23:27:53.075+0000] {processor.py:183} INFO - Processing /home/airflow/.local/lib/python3.8/site-packages/airflow/example_dags/example_complex.py took 0.093 seconds
[2024-10-29T23:28:23.607+0000] {processor.py:161} INFO - Started process (PID=16749) to work on /home/airflow/.local/lib/python3.8/site-packages/airflow/example_dags/example_complex.py
[2024-10-29T23:28:23.608+0000] {processor.py:830} INFO - Processing file /home/airflow/.local/lib/python3.8/site-packages/airflow/example_dags/example_complex.py for tasks to queue
[2024-10-29T23:28:23.609+0000] {logging_mixin.py:188} INFO - [2024-10-29T23:28:23.609+0000] {dagbag.py:540} INFO - Filling up the DagBag from /home/airflow/.local/lib/python3.8/site-packages/airflow/example_dags/example_complex.py
[2024-10-29T23:28:23.620+0000] {processor.py:840} INFO - DAG(s) 'example_complex' retrieved from /home/airflow/.local/lib/python3.8/site-packages/airflow/example_dags/example_complex.py
[2024-10-29T23:28:23.649+0000] {logging_mixin.py:188} INFO - [2024-10-29T23:28:23.649+0000] {dag.py:3047} INFO - Sync 1 DAGs
[2024-10-29T23:28:23.661+0000] {logging_mixin.py:188} INFO - [2024-10-29T23:28:23.660+0000] {dag.py:3834} INFO - Setting next_dagrun for example_complex to None, run_after=None
[2024-10-29T23:28:23.677+0000] {processor.py:183} INFO - Processing /home/airflow/.local/lib/python3.8/site-packages/airflow/example_dags/example_complex.py took 0.073 seconds
[2024-10-29T23:28:54.435+0000] {processor.py:161} INFO - Started process (PID=16805) to work on /home/airflow/.local/lib/python3.8/site-packages/airflow/example_dags/example_complex.py
[2024-10-29T23:28:54.436+0000] {processor.py:830} INFO - Processing file /home/airflow/.local/lib/python3.8/site-packages/airflow/example_dags/example_complex.py for tasks to queue
[2024-10-29T23:28:54.437+0000] {logging_mixin.py:188} INFO - [2024-10-29T23:28:54.437+0000] {dagbag.py:540} INFO - Filling up the DagBag from /home/airflow/.local/lib/python3.8/site-packages/airflow/example_dags/example_complex.py
[2024-10-29T23:28:54.449+0000] {processor.py:840} INFO - DAG(s) 'example_complex' retrieved from /home/airflow/.local/lib/python3.8/site-packages/airflow/example_dags/example_complex.py
[2024-10-29T23:28:54.499+0000] {logging_mixin.py:188} INFO - [2024-10-29T23:28:54.499+0000] {dag.py:3047} INFO - Sync 1 DAGs
[2024-10-29T23:28:54.519+0000] {logging_mixin.py:188} INFO - [2024-10-29T23:28:54.519+0000] {dag.py:3834} INFO - Setting next_dagrun for example_complex to None, run_after=None
[2024-10-29T23:28:54.546+0000] {processor.py:183} INFO - Processing /home/airflow/.local/lib/python3.8/site-packages/airflow/example_dags/example_complex.py took 0.114 seconds
[2024-10-29T23:29:24.582+0000] {processor.py:161} INFO - Started process (PID=16861) to work on /home/airflow/.local/lib/python3.8/site-packages/airflow/example_dags/example_complex.py
[2024-10-29T23:29:24.583+0000] {processor.py:830} INFO - Processing file /home/airflow/.local/lib/python3.8/site-packages/airflow/example_dags/example_complex.py for tasks to queue
[2024-10-29T23:29:24.585+0000] {logging_mixin.py:188} INFO - [2024-10-29T23:29:24.585+0000] {dagbag.py:540} INFO - Filling up the DagBag from /home/airflow/.local/lib/python3.8/site-packages/airflow/example_dags/example_complex.py
[2024-10-29T23:29:24.604+0000] {processor.py:840} INFO - DAG(s) 'example_complex' retrieved from /home/airflow/.local/lib/python3.8/site-packages/airflow/example_dags/example_complex.py
[2024-10-29T23:29:24.656+0000] {logging_mixin.py:188} INFO - [2024-10-29T23:29:24.656+0000] {dag.py:3047} INFO - Sync 1 DAGs
[2024-10-29T23:29:24.673+0000] {logging_mixin.py:188} INFO - [2024-10-29T23:29:24.673+0000] {dag.py:3834} INFO - Setting next_dagrun for example_complex to None, run_after=None
[2024-10-29T23:29:24.689+0000] {processor.py:183} INFO - Processing /home/airflow/.local/lib/python3.8/site-packages/airflow/example_dags/example_complex.py took 0.112 seconds
[2024-10-29T23:29:55.043+0000] {processor.py:161} INFO - Started process (PID=16917) to work on /home/airflow/.local/lib/python3.8/site-packages/airflow/example_dags/example_complex.py
[2024-10-29T23:29:55.044+0000] {processor.py:830} INFO - Processing file /home/airflow/.local/lib/python3.8/site-packages/airflow/example_dags/example_complex.py for tasks to queue
[2024-10-29T23:29:55.045+0000] {logging_mixin.py:188} INFO - [2024-10-29T23:29:55.045+0000] {dagbag.py:540} INFO - Filling up the DagBag from /home/airflow/.local/lib/python3.8/site-packages/airflow/example_dags/example_complex.py
[2024-10-29T23:29:55.057+0000] {processor.py:840} INFO - DAG(s) 'example_complex' retrieved from /home/airflow/.local/lib/python3.8/site-packages/airflow/example_dags/example_complex.py
[2024-10-29T23:29:55.088+0000] {logging_mixin.py:188} INFO - [2024-10-29T23:29:55.088+0000] {dag.py:3047} INFO - Sync 1 DAGs
[2024-10-29T23:29:55.101+0000] {logging_mixin.py:188} INFO - [2024-10-29T23:29:55.100+0000] {dag.py:3834} INFO - Setting next_dagrun for example_complex to None, run_after=None
[2024-10-29T23:29:55.119+0000] {processor.py:183} INFO - Processing /home/airflow/.local/lib/python3.8/site-packages/airflow/example_dags/example_complex.py took 0.079 seconds
[2024-10-29T23:30:25.426+0000] {processor.py:161} INFO - Started process (PID=16973) to work on /home/airflow/.local/lib/python3.8/site-packages/airflow/example_dags/example_complex.py
[2024-10-29T23:30:25.426+0000] {processor.py:830} INFO - Processing file /home/airflow/.local/lib/python3.8/site-packages/airflow/example_dags/example_complex.py for tasks to queue
[2024-10-29T23:30:25.428+0000] {logging_mixin.py:188} INFO - [2024-10-29T23:30:25.427+0000] {dagbag.py:540} INFO - Filling up the DagBag from /home/airflow/.local/lib/python3.8/site-packages/airflow/example_dags/example_complex.py
[2024-10-29T23:30:25.441+0000] {processor.py:840} INFO - DAG(s) 'example_complex' retrieved from /home/airflow/.local/lib/python3.8/site-packages/airflow/example_dags/example_complex.py
[2024-10-29T23:30:25.477+0000] {logging_mixin.py:188} INFO - [2024-10-29T23:30:25.477+0000] {dag.py:3047} INFO - Sync 1 DAGs
[2024-10-29T23:30:25.497+0000] {logging_mixin.py:188} INFO - [2024-10-29T23:30:25.496+0000] {dag.py:3834} INFO - Setting next_dagrun for example_complex to None, run_after=None
[2024-10-29T23:30:25.526+0000] {processor.py:183} INFO - Processing /home/airflow/.local/lib/python3.8/site-packages/airflow/example_dags/example_complex.py took 0.103 seconds
[2024-10-29T23:30:55.972+0000] {processor.py:161} INFO - Started process (PID=17028) to work on /home/airflow/.local/lib/python3.8/site-packages/airflow/example_dags/example_complex.py
[2024-10-29T23:30:55.973+0000] {processor.py:830} INFO - Processing file /home/airflow/.local/lib/python3.8/site-packages/airflow/example_dags/example_complex.py for tasks to queue
[2024-10-29T23:30:55.974+0000] {logging_mixin.py:188} INFO - [2024-10-29T23:30:55.974+0000] {dagbag.py:540} INFO - Filling up the DagBag from /home/airflow/.local/lib/python3.8/site-packages/airflow/example_dags/example_complex.py
[2024-10-29T23:30:55.985+0000] {processor.py:840} INFO - DAG(s) 'example_complex' retrieved from /home/airflow/.local/lib/python3.8/site-packages/airflow/example_dags/example_complex.py
[2024-10-29T23:30:56.013+0000] {logging_mixin.py:188} INFO - [2024-10-29T23:30:56.013+0000] {dag.py:3047} INFO - Sync 1 DAGs
[2024-10-29T23:30:56.026+0000] {logging_mixin.py:188} INFO - [2024-10-29T23:30:56.026+0000] {dag.py:3834} INFO - Setting next_dagrun for example_complex to None, run_after=None
[2024-10-29T23:30:56.043+0000] {processor.py:183} INFO - Processing /home/airflow/.local/lib/python3.8/site-packages/airflow/example_dags/example_complex.py took 0.074 seconds
[2024-10-29T23:31:26.583+0000] {processor.py:161} INFO - Started process (PID=17084) to work on /home/airflow/.local/lib/python3.8/site-packages/airflow/example_dags/example_complex.py
[2024-10-29T23:31:26.584+0000] {processor.py:830} INFO - Processing file /home/airflow/.local/lib/python3.8/site-packages/airflow/example_dags/example_complex.py for tasks to queue
[2024-10-29T23:31:26.586+0000] {logging_mixin.py:188} INFO - [2024-10-29T23:31:26.585+0000] {dagbag.py:540} INFO - Filling up the DagBag from /home/airflow/.local/lib/python3.8/site-packages/airflow/example_dags/example_complex.py
[2024-10-29T23:31:26.600+0000] {processor.py:840} INFO - DAG(s) 'example_complex' retrieved from /home/airflow/.local/lib/python3.8/site-packages/airflow/example_dags/example_complex.py
[2024-10-29T23:31:26.639+0000] {logging_mixin.py:188} INFO - [2024-10-29T23:31:26.639+0000] {dag.py:3047} INFO - Sync 1 DAGs
[2024-10-29T23:31:26.655+0000] {logging_mixin.py:188} INFO - [2024-10-29T23:31:26.655+0000] {dag.py:3834} INFO - Setting next_dagrun for example_complex to None, run_after=None
[2024-10-29T23:31:26.678+0000] {processor.py:183} INFO - Processing /home/airflow/.local/lib/python3.8/site-packages/airflow/example_dags/example_complex.py took 0.099 seconds
[2024-10-29T23:31:57.249+0000] {processor.py:161} INFO - Started process (PID=17140) to work on /home/airflow/.local/lib/python3.8/site-packages/airflow/example_dags/example_complex.py
[2024-10-29T23:31:57.249+0000] {processor.py:830} INFO - Processing file /home/airflow/.local/lib/python3.8/site-packages/airflow/example_dags/example_complex.py for tasks to queue
[2024-10-29T23:31:57.250+0000] {logging_mixin.py:188} INFO - [2024-10-29T23:31:57.250+0000] {dagbag.py:540} INFO - Filling up the DagBag from /home/airflow/.local/lib/python3.8/site-packages/airflow/example_dags/example_complex.py
[2024-10-29T23:31:57.259+0000] {processor.py:840} INFO - DAG(s) 'example_complex' retrieved from /home/airflow/.local/lib/python3.8/site-packages/airflow/example_dags/example_complex.py
[2024-10-29T23:31:57.300+0000] {logging_mixin.py:188} INFO - [2024-10-29T23:31:57.300+0000] {dag.py:3047} INFO - Sync 1 DAGs
[2024-10-29T23:31:57.311+0000] {logging_mixin.py:188} INFO - [2024-10-29T23:31:57.310+0000] {dag.py:3834} INFO - Setting next_dagrun for example_complex to None, run_after=None
[2024-10-29T23:31:57.326+0000] {processor.py:183} INFO - Processing /home/airflow/.local/lib/python3.8/site-packages/airflow/example_dags/example_complex.py took 0.080 seconds
[2024-10-29T23:32:28.064+0000] {processor.py:161} INFO - Started process (PID=17195) to work on /home/airflow/.local/lib/python3.8/site-packages/airflow/example_dags/example_complex.py
[2024-10-29T23:32:28.065+0000] {processor.py:830} INFO - Processing file /home/airflow/.local/lib/python3.8/site-packages/airflow/example_dags/example_complex.py for tasks to queue
[2024-10-29T23:32:28.066+0000] {logging_mixin.py:188} INFO - [2024-10-29T23:32:28.066+0000] {dagbag.py:540} INFO - Filling up the DagBag from /home/airflow/.local/lib/python3.8/site-packages/airflow/example_dags/example_complex.py
[2024-10-29T23:32:28.078+0000] {processor.py:840} INFO - DAG(s) 'example_complex' retrieved from /home/airflow/.local/lib/python3.8/site-packages/airflow/example_dags/example_complex.py
[2024-10-29T23:32:28.107+0000] {logging_mixin.py:188} INFO - [2024-10-29T23:32:28.107+0000] {dag.py:3047} INFO - Sync 1 DAGs
[2024-10-29T23:32:28.120+0000] {logging_mixin.py:188} INFO - [2024-10-29T23:32:28.120+0000] {dag.py:3834} INFO - Setting next_dagrun for example_complex to None, run_after=None
[2024-10-29T23:32:28.139+0000] {processor.py:183} INFO - Processing /home/airflow/.local/lib/python3.8/site-packages/airflow/example_dags/example_complex.py took 0.078 seconds
[2024-10-29T23:32:58.445+0000] {processor.py:161} INFO - Started process (PID=17251) to work on /home/airflow/.local/lib/python3.8/site-packages/airflow/example_dags/example_complex.py
[2024-10-29T23:32:58.446+0000] {processor.py:830} INFO - Processing file /home/airflow/.local/lib/python3.8/site-packages/airflow/example_dags/example_complex.py for tasks to queue
[2024-10-29T23:32:58.447+0000] {logging_mixin.py:188} INFO - [2024-10-29T23:32:58.447+0000] {dagbag.py:540} INFO - Filling up the DagBag from /home/airflow/.local/lib/python3.8/site-packages/airflow/example_dags/example_complex.py
[2024-10-29T23:32:58.457+0000] {processor.py:840} INFO - DAG(s) 'example_complex' retrieved from /home/airflow/.local/lib/python3.8/site-packages/airflow/example_dags/example_complex.py
[2024-10-29T23:32:58.483+0000] {logging_mixin.py:188} INFO - [2024-10-29T23:32:58.483+0000] {dag.py:3047} INFO - Sync 1 DAGs
[2024-10-29T23:32:58.495+0000] {logging_mixin.py:188} INFO - [2024-10-29T23:32:58.494+0000] {dag.py:3834} INFO - Setting next_dagrun for example_complex to None, run_after=None
[2024-10-29T23:32:58.510+0000] {processor.py:183} INFO - Processing /home/airflow/.local/lib/python3.8/site-packages/airflow/example_dags/example_complex.py took 0.067 seconds
[2024-10-29T23:34:17.175+0000] {processor.py:161} INFO - Started process (PID=50) to work on /home/airflow/.local/lib/python3.8/site-packages/airflow/example_dags/example_complex.py
[2024-10-29T23:34:17.176+0000] {processor.py:830} INFO - Processing file /home/airflow/.local/lib/python3.8/site-packages/airflow/example_dags/example_complex.py for tasks to queue
[2024-10-29T23:34:17.178+0000] {logging_mixin.py:188} INFO - [2024-10-29T23:34:17.177+0000] {dagbag.py:540} INFO - Filling up the DagBag from /home/airflow/.local/lib/python3.8/site-packages/airflow/example_dags/example_complex.py
[2024-10-29T23:34:17.194+0000] {processor.py:840} INFO - DAG(s) 'example_complex' retrieved from /home/airflow/.local/lib/python3.8/site-packages/airflow/example_dags/example_complex.py
[2024-10-29T23:34:17.208+0000] {logging_mixin.py:188} INFO - [2024-10-29T23:34:17.207+0000] {dag.py:3047} INFO - Sync 1 DAGs
[2024-10-29T23:34:17.228+0000] {logging_mixin.py:188} INFO - [2024-10-29T23:34:17.228+0000] {dag.py:3834} INFO - Setting next_dagrun for example_complex to None, run_after=None
[2024-10-29T23:34:17.258+0000] {processor.py:183} INFO - Processing /home/airflow/.local/lib/python3.8/site-packages/airflow/example_dags/example_complex.py took 0.086 seconds
[2024-10-29T23:34:48.363+0000] {processor.py:161} INFO - Started process (PID=106) to work on /home/airflow/.local/lib/python3.8/site-packages/airflow/example_dags/example_complex.py
[2024-10-29T23:34:48.364+0000] {processor.py:830} INFO - Processing file /home/airflow/.local/lib/python3.8/site-packages/airflow/example_dags/example_complex.py for tasks to queue
[2024-10-29T23:34:48.366+0000] {logging_mixin.py:188} INFO - [2024-10-29T23:34:48.366+0000] {dagbag.py:540} INFO - Filling up the DagBag from /home/airflow/.local/lib/python3.8/site-packages/airflow/example_dags/example_complex.py
[2024-10-29T23:34:48.379+0000] {processor.py:840} INFO - DAG(s) 'example_complex' retrieved from /home/airflow/.local/lib/python3.8/site-packages/airflow/example_dags/example_complex.py
[2024-10-29T23:34:48.530+0000] {logging_mixin.py:188} INFO - [2024-10-29T23:34:48.530+0000] {dag.py:3047} INFO - Sync 1 DAGs
[2024-10-29T23:34:48.544+0000] {logging_mixin.py:188} INFO - [2024-10-29T23:34:48.543+0000] {dag.py:3834} INFO - Setting next_dagrun for example_complex to None, run_after=None
[2024-10-29T23:34:48.570+0000] {processor.py:183} INFO - Processing /home/airflow/.local/lib/python3.8/site-packages/airflow/example_dags/example_complex.py took 0.210 seconds
[2024-10-29T23:35:18.829+0000] {processor.py:161} INFO - Started process (PID=162) to work on /home/airflow/.local/lib/python3.8/site-packages/airflow/example_dags/example_complex.py
[2024-10-29T23:35:18.830+0000] {processor.py:830} INFO - Processing file /home/airflow/.local/lib/python3.8/site-packages/airflow/example_dags/example_complex.py for tasks to queue
[2024-10-29T23:35:18.832+0000] {logging_mixin.py:188} INFO - [2024-10-29T23:35:18.831+0000] {dagbag.py:540} INFO - Filling up the DagBag from /home/airflow/.local/lib/python3.8/site-packages/airflow/example_dags/example_complex.py
[2024-10-29T23:35:18.845+0000] {processor.py:840} INFO - DAG(s) 'example_complex' retrieved from /home/airflow/.local/lib/python3.8/site-packages/airflow/example_dags/example_complex.py
[2024-10-29T23:35:18.897+0000] {logging_mixin.py:188} INFO - [2024-10-29T23:35:18.896+0000] {dag.py:3047} INFO - Sync 1 DAGs
[2024-10-29T23:35:18.915+0000] {logging_mixin.py:188} INFO - [2024-10-29T23:35:18.915+0000] {dag.py:3834} INFO - Setting next_dagrun for example_complex to None, run_after=None
[2024-10-29T23:35:18.942+0000] {processor.py:183} INFO - Processing /home/airflow/.local/lib/python3.8/site-packages/airflow/example_dags/example_complex.py took 0.116 seconds
[2024-10-29T23:35:48.979+0000] {processor.py:161} INFO - Started process (PID=218) to work on /home/airflow/.local/lib/python3.8/site-packages/airflow/example_dags/example_complex.py
[2024-10-29T23:35:48.980+0000] {processor.py:830} INFO - Processing file /home/airflow/.local/lib/python3.8/site-packages/airflow/example_dags/example_complex.py for tasks to queue
[2024-10-29T23:35:48.981+0000] {logging_mixin.py:188} INFO - [2024-10-29T23:35:48.981+0000] {dagbag.py:540} INFO - Filling up the DagBag from /home/airflow/.local/lib/python3.8/site-packages/airflow/example_dags/example_complex.py
[2024-10-29T23:35:48.994+0000] {processor.py:840} INFO - DAG(s) 'example_complex' retrieved from /home/airflow/.local/lib/python3.8/site-packages/airflow/example_dags/example_complex.py
[2024-10-29T23:35:49.027+0000] {logging_mixin.py:188} INFO - [2024-10-29T23:35:49.026+0000] {dag.py:3047} INFO - Sync 1 DAGs
[2024-10-29T23:35:49.041+0000] {logging_mixin.py:188} INFO - [2024-10-29T23:35:49.041+0000] {dag.py:3834} INFO - Setting next_dagrun for example_complex to None, run_after=None
[2024-10-29T23:35:49.061+0000] {processor.py:183} INFO - Processing /home/airflow/.local/lib/python3.8/site-packages/airflow/example_dags/example_complex.py took 0.085 seconds
[2024-10-29T23:36:19.232+0000] {processor.py:161} INFO - Started process (PID=274) to work on /home/airflow/.local/lib/python3.8/site-packages/airflow/example_dags/example_complex.py
[2024-10-29T23:36:19.233+0000] {processor.py:830} INFO - Processing file /home/airflow/.local/lib/python3.8/site-packages/airflow/example_dags/example_complex.py for tasks to queue
[2024-10-29T23:36:19.234+0000] {logging_mixin.py:188} INFO - [2024-10-29T23:36:19.234+0000] {dagbag.py:540} INFO - Filling up the DagBag from /home/airflow/.local/lib/python3.8/site-packages/airflow/example_dags/example_complex.py
[2024-10-29T23:36:19.246+0000] {processor.py:840} INFO - DAG(s) 'example_complex' retrieved from /home/airflow/.local/lib/python3.8/site-packages/airflow/example_dags/example_complex.py
[2024-10-29T23:36:19.282+0000] {logging_mixin.py:188} INFO - [2024-10-29T23:36:19.282+0000] {dag.py:3047} INFO - Sync 1 DAGs
[2024-10-29T23:36:19.293+0000] {logging_mixin.py:188} INFO - [2024-10-29T23:36:19.293+0000] {dag.py:3834} INFO - Setting next_dagrun for example_complex to None, run_after=None
[2024-10-29T23:36:19.308+0000] {processor.py:183} INFO - Processing /home/airflow/.local/lib/python3.8/site-packages/airflow/example_dags/example_complex.py took 0.079 seconds
[2024-10-29T23:36:49.820+0000] {processor.py:161} INFO - Started process (PID=330) to work on /home/airflow/.local/lib/python3.8/site-packages/airflow/example_dags/example_complex.py
[2024-10-29T23:36:49.821+0000] {processor.py:830} INFO - Processing file /home/airflow/.local/lib/python3.8/site-packages/airflow/example_dags/example_complex.py for tasks to queue
[2024-10-29T23:36:49.822+0000] {logging_mixin.py:188} INFO - [2024-10-29T23:36:49.822+0000] {dagbag.py:540} INFO - Filling up the DagBag from /home/airflow/.local/lib/python3.8/site-packages/airflow/example_dags/example_complex.py
[2024-10-29T23:36:49.834+0000] {processor.py:840} INFO - DAG(s) 'example_complex' retrieved from /home/airflow/.local/lib/python3.8/site-packages/airflow/example_dags/example_complex.py
[2024-10-29T23:36:49.861+0000] {logging_mixin.py:188} INFO - [2024-10-29T23:36:49.861+0000] {dag.py:3047} INFO - Sync 1 DAGs
[2024-10-29T23:36:49.872+0000] {logging_mixin.py:188} INFO - [2024-10-29T23:36:49.872+0000] {dag.py:3834} INFO - Setting next_dagrun for example_complex to None, run_after=None
[2024-10-29T23:36:49.888+0000] {processor.py:183} INFO - Processing /home/airflow/.local/lib/python3.8/site-packages/airflow/example_dags/example_complex.py took 0.070 seconds
[2024-10-29T23:37:20.183+0000] {processor.py:161} INFO - Started process (PID=386) to work on /home/airflow/.local/lib/python3.8/site-packages/airflow/example_dags/example_complex.py
[2024-10-29T23:37:20.184+0000] {processor.py:830} INFO - Processing file /home/airflow/.local/lib/python3.8/site-packages/airflow/example_dags/example_complex.py for tasks to queue
[2024-10-29T23:37:20.185+0000] {logging_mixin.py:188} INFO - [2024-10-29T23:37:20.185+0000] {dagbag.py:540} INFO - Filling up the DagBag from /home/airflow/.local/lib/python3.8/site-packages/airflow/example_dags/example_complex.py
[2024-10-29T23:37:20.196+0000] {processor.py:840} INFO - DAG(s) 'example_complex' retrieved from /home/airflow/.local/lib/python3.8/site-packages/airflow/example_dags/example_complex.py
[2024-10-29T23:37:20.227+0000] {logging_mixin.py:188} INFO - [2024-10-29T23:37:20.227+0000] {dag.py:3047} INFO - Sync 1 DAGs
[2024-10-29T23:37:20.241+0000] {logging_mixin.py:188} INFO - [2024-10-29T23:37:20.241+0000] {dag.py:3834} INFO - Setting next_dagrun for example_complex to None, run_after=None
[2024-10-29T23:37:20.268+0000] {processor.py:183} INFO - Processing /home/airflow/.local/lib/python3.8/site-packages/airflow/example_dags/example_complex.py took 0.087 seconds
[2024-10-29T23:37:50.974+0000] {processor.py:161} INFO - Started process (PID=442) to work on /home/airflow/.local/lib/python3.8/site-packages/airflow/example_dags/example_complex.py
[2024-10-29T23:37:50.975+0000] {processor.py:830} INFO - Processing file /home/airflow/.local/lib/python3.8/site-packages/airflow/example_dags/example_complex.py for tasks to queue
[2024-10-29T23:37:50.978+0000] {logging_mixin.py:188} INFO - [2024-10-29T23:37:50.977+0000] {dagbag.py:540} INFO - Filling up the DagBag from /home/airflow/.local/lib/python3.8/site-packages/airflow/example_dags/example_complex.py
[2024-10-29T23:37:50.994+0000] {processor.py:840} INFO - DAG(s) 'example_complex' retrieved from /home/airflow/.local/lib/python3.8/site-packages/airflow/example_dags/example_complex.py
[2024-10-29T23:37:51.037+0000] {logging_mixin.py:188} INFO - [2024-10-29T23:37:51.036+0000] {dag.py:3047} INFO - Sync 1 DAGs
[2024-10-29T23:37:51.054+0000] {logging_mixin.py:188} INFO - [2024-10-29T23:37:51.053+0000] {dag.py:3834} INFO - Setting next_dagrun for example_complex to None, run_after=None
[2024-10-29T23:37:51.077+0000] {processor.py:183} INFO - Processing /home/airflow/.local/lib/python3.8/site-packages/airflow/example_dags/example_complex.py took 0.108 seconds
[2024-10-29T23:38:21.482+0000] {processor.py:161} INFO - Started process (PID=498) to work on /home/airflow/.local/lib/python3.8/site-packages/airflow/example_dags/example_complex.py
[2024-10-29T23:38:21.483+0000] {processor.py:830} INFO - Processing file /home/airflow/.local/lib/python3.8/site-packages/airflow/example_dags/example_complex.py for tasks to queue
[2024-10-29T23:38:21.486+0000] {logging_mixin.py:188} INFO - [2024-10-29T23:38:21.485+0000] {dagbag.py:540} INFO - Filling up the DagBag from /home/airflow/.local/lib/python3.8/site-packages/airflow/example_dags/example_complex.py
[2024-10-29T23:38:21.507+0000] {processor.py:840} INFO - DAG(s) 'example_complex' retrieved from /home/airflow/.local/lib/python3.8/site-packages/airflow/example_dags/example_complex.py
[2024-10-29T23:38:21.561+0000] {logging_mixin.py:188} INFO - [2024-10-29T23:38:21.560+0000] {dag.py:3047} INFO - Sync 1 DAGs
[2024-10-29T23:38:21.590+0000] {logging_mixin.py:188} INFO - [2024-10-29T23:38:21.584+0000] {dag.py:3834} INFO - Setting next_dagrun for example_complex to None, run_after=None
[2024-10-29T23:38:21.636+0000] {processor.py:183} INFO - Processing /home/airflow/.local/lib/python3.8/site-packages/airflow/example_dags/example_complex.py took 0.158 seconds
[2024-10-29T23:38:51.744+0000] {processor.py:161} INFO - Started process (PID=554) to work on /home/airflow/.local/lib/python3.8/site-packages/airflow/example_dags/example_complex.py
[2024-10-29T23:38:51.745+0000] {processor.py:830} INFO - Processing file /home/airflow/.local/lib/python3.8/site-packages/airflow/example_dags/example_complex.py for tasks to queue
[2024-10-29T23:38:51.748+0000] {logging_mixin.py:188} INFO - [2024-10-29T23:38:51.747+0000] {dagbag.py:540} INFO - Filling up the DagBag from /home/airflow/.local/lib/python3.8/site-packages/airflow/example_dags/example_complex.py
[2024-10-29T23:38:51.762+0000] {processor.py:840} INFO - DAG(s) 'example_complex' retrieved from /home/airflow/.local/lib/python3.8/site-packages/airflow/example_dags/example_complex.py
[2024-10-29T23:38:51.807+0000] {logging_mixin.py:188} INFO - [2024-10-29T23:38:51.807+0000] {dag.py:3047} INFO - Sync 1 DAGs
[2024-10-29T23:38:51.827+0000] {logging_mixin.py:188} INFO - [2024-10-29T23:38:51.827+0000] {dag.py:3834} INFO - Setting next_dagrun for example_complex to None, run_after=None
[2024-10-29T23:38:51.856+0000] {processor.py:183} INFO - Processing /home/airflow/.local/lib/python3.8/site-packages/airflow/example_dags/example_complex.py took 0.115 seconds
[2024-10-29T23:39:22.222+0000] {processor.py:161} INFO - Started process (PID=611) to work on /home/airflow/.local/lib/python3.8/site-packages/airflow/example_dags/example_complex.py
[2024-10-29T23:39:22.223+0000] {processor.py:830} INFO - Processing file /home/airflow/.local/lib/python3.8/site-packages/airflow/example_dags/example_complex.py for tasks to queue
[2024-10-29T23:39:22.225+0000] {logging_mixin.py:188} INFO - [2024-10-29T23:39:22.224+0000] {dagbag.py:540} INFO - Filling up the DagBag from /home/airflow/.local/lib/python3.8/site-packages/airflow/example_dags/example_complex.py
[2024-10-29T23:39:22.236+0000] {processor.py:840} INFO - DAG(s) 'example_complex' retrieved from /home/airflow/.local/lib/python3.8/site-packages/airflow/example_dags/example_complex.py
[2024-10-29T23:39:22.266+0000] {logging_mixin.py:188} INFO - [2024-10-29T23:39:22.266+0000] {dag.py:3047} INFO - Sync 1 DAGs
[2024-10-29T23:39:22.278+0000] {logging_mixin.py:188} INFO - [2024-10-29T23:39:22.278+0000] {dag.py:3834} INFO - Setting next_dagrun for example_complex to None, run_after=None
[2024-10-29T23:39:22.297+0000] {processor.py:183} INFO - Processing /home/airflow/.local/lib/python3.8/site-packages/airflow/example_dags/example_complex.py took 0.077 seconds
[2024-10-29T23:39:52.762+0000] {processor.py:161} INFO - Started process (PID=666) to work on /home/airflow/.local/lib/python3.8/site-packages/airflow/example_dags/example_complex.py
[2024-10-29T23:39:52.763+0000] {processor.py:830} INFO - Processing file /home/airflow/.local/lib/python3.8/site-packages/airflow/example_dags/example_complex.py for tasks to queue
[2024-10-29T23:39:52.764+0000] {logging_mixin.py:188} INFO - [2024-10-29T23:39:52.764+0000] {dagbag.py:540} INFO - Filling up the DagBag from /home/airflow/.local/lib/python3.8/site-packages/airflow/example_dags/example_complex.py
[2024-10-29T23:39:52.776+0000] {processor.py:840} INFO - DAG(s) 'example_complex' retrieved from /home/airflow/.local/lib/python3.8/site-packages/airflow/example_dags/example_complex.py
[2024-10-29T23:39:52.827+0000] {logging_mixin.py:188} INFO - [2024-10-29T23:39:52.826+0000] {dag.py:3047} INFO - Sync 1 DAGs
[2024-10-29T23:39:52.844+0000] {logging_mixin.py:188} INFO - [2024-10-29T23:39:52.844+0000] {dag.py:3834} INFO - Setting next_dagrun for example_complex to None, run_after=None
[2024-10-29T23:39:52.865+0000] {processor.py:183} INFO - Processing /home/airflow/.local/lib/python3.8/site-packages/airflow/example_dags/example_complex.py took 0.106 seconds
[2024-10-29T23:40:23.208+0000] {processor.py:161} INFO - Started process (PID=722) to work on /home/airflow/.local/lib/python3.8/site-packages/airflow/example_dags/example_complex.py
[2024-10-29T23:40:23.209+0000] {processor.py:830} INFO - Processing file /home/airflow/.local/lib/python3.8/site-packages/airflow/example_dags/example_complex.py for tasks to queue
[2024-10-29T23:40:23.211+0000] {logging_mixin.py:188} INFO - [2024-10-29T23:40:23.211+0000] {dagbag.py:540} INFO - Filling up the DagBag from /home/airflow/.local/lib/python3.8/site-packages/airflow/example_dags/example_complex.py
[2024-10-29T23:40:23.225+0000] {processor.py:840} INFO - DAG(s) 'example_complex' retrieved from /home/airflow/.local/lib/python3.8/site-packages/airflow/example_dags/example_complex.py
[2024-10-29T23:40:23.265+0000] {logging_mixin.py:188} INFO - [2024-10-29T23:40:23.264+0000] {dag.py:3047} INFO - Sync 1 DAGs
[2024-10-29T23:40:23.283+0000] {logging_mixin.py:188} INFO - [2024-10-29T23:40:23.282+0000] {dag.py:3834} INFO - Setting next_dagrun for example_complex to None, run_after=None
[2024-10-29T23:40:23.307+0000] {processor.py:183} INFO - Processing /home/airflow/.local/lib/python3.8/site-packages/airflow/example_dags/example_complex.py took 0.102 seconds
[2024-10-29T23:40:53.790+0000] {processor.py:161} INFO - Started process (PID=777) to work on /home/airflow/.local/lib/python3.8/site-packages/airflow/example_dags/example_complex.py
[2024-10-29T23:40:53.791+0000] {processor.py:830} INFO - Processing file /home/airflow/.local/lib/python3.8/site-packages/airflow/example_dags/example_complex.py for tasks to queue
[2024-10-29T23:40:53.794+0000] {logging_mixin.py:188} INFO - [2024-10-29T23:40:53.793+0000] {dagbag.py:540} INFO - Filling up the DagBag from /home/airflow/.local/lib/python3.8/site-packages/airflow/example_dags/example_complex.py
[2024-10-29T23:40:53.814+0000] {processor.py:840} INFO - DAG(s) 'example_complex' retrieved from /home/airflow/.local/lib/python3.8/site-packages/airflow/example_dags/example_complex.py
[2024-10-29T23:40:53.869+0000] {logging_mixin.py:188} INFO - [2024-10-29T23:40:53.868+0000] {dag.py:3047} INFO - Sync 1 DAGs
[2024-10-29T23:40:53.889+0000] {logging_mixin.py:188} INFO - [2024-10-29T23:40:53.889+0000] {dag.py:3834} INFO - Setting next_dagrun for example_complex to None, run_after=None
[2024-10-29T23:40:53.914+0000] {processor.py:183} INFO - Processing /home/airflow/.local/lib/python3.8/site-packages/airflow/example_dags/example_complex.py took 0.129 seconds
[2024-10-29T23:41:24.410+0000] {processor.py:161} INFO - Started process (PID=833) to work on /home/airflow/.local/lib/python3.8/site-packages/airflow/example_dags/example_complex.py
[2024-10-29T23:41:24.411+0000] {processor.py:830} INFO - Processing file /home/airflow/.local/lib/python3.8/site-packages/airflow/example_dags/example_complex.py for tasks to queue
[2024-10-29T23:41:24.413+0000] {logging_mixin.py:188} INFO - [2024-10-29T23:41:24.412+0000] {dagbag.py:540} INFO - Filling up the DagBag from /home/airflow/.local/lib/python3.8/site-packages/airflow/example_dags/example_complex.py
[2024-10-29T23:41:24.428+0000] {processor.py:840} INFO - DAG(s) 'example_complex' retrieved from /home/airflow/.local/lib/python3.8/site-packages/airflow/example_dags/example_complex.py
[2024-10-29T23:41:24.486+0000] {logging_mixin.py:188} INFO - [2024-10-29T23:41:24.485+0000] {dag.py:3047} INFO - Sync 1 DAGs
[2024-10-29T23:41:24.509+0000] {logging_mixin.py:188} INFO - [2024-10-29T23:41:24.509+0000] {dag.py:3834} INFO - Setting next_dagrun for example_complex to None, run_after=None
[2024-10-29T23:41:24.539+0000] {processor.py:183} INFO - Processing /home/airflow/.local/lib/python3.8/site-packages/airflow/example_dags/example_complex.py took 0.133 seconds
[2024-10-29T23:41:55.457+0000] {processor.py:161} INFO - Started process (PID=889) to work on /home/airflow/.local/lib/python3.8/site-packages/airflow/example_dags/example_complex.py
[2024-10-29T23:41:55.458+0000] {processor.py:830} INFO - Processing file /home/airflow/.local/lib/python3.8/site-packages/airflow/example_dags/example_complex.py for tasks to queue
[2024-10-29T23:41:55.459+0000] {logging_mixin.py:188} INFO - [2024-10-29T23:41:55.459+0000] {dagbag.py:540} INFO - Filling up the DagBag from /home/airflow/.local/lib/python3.8/site-packages/airflow/example_dags/example_complex.py
[2024-10-29T23:41:55.474+0000] {processor.py:840} INFO - DAG(s) 'example_complex' retrieved from /home/airflow/.local/lib/python3.8/site-packages/airflow/example_dags/example_complex.py
[2024-10-29T23:41:55.507+0000] {logging_mixin.py:188} INFO - [2024-10-29T23:41:55.507+0000] {dag.py:3047} INFO - Sync 1 DAGs
[2024-10-29T23:41:55.521+0000] {logging_mixin.py:188} INFO - [2024-10-29T23:41:55.521+0000] {dag.py:3834} INFO - Setting next_dagrun for example_complex to None, run_after=None
[2024-10-29T23:41:55.540+0000] {processor.py:183} INFO - Processing /home/airflow/.local/lib/python3.8/site-packages/airflow/example_dags/example_complex.py took 0.087 seconds
[2024-10-29T23:42:25.846+0000] {processor.py:161} INFO - Started process (PID=945) to work on /home/airflow/.local/lib/python3.8/site-packages/airflow/example_dags/example_complex.py
[2024-10-29T23:42:25.846+0000] {processor.py:830} INFO - Processing file /home/airflow/.local/lib/python3.8/site-packages/airflow/example_dags/example_complex.py for tasks to queue
[2024-10-29T23:42:25.848+0000] {logging_mixin.py:188} INFO - [2024-10-29T23:42:25.848+0000] {dagbag.py:540} INFO - Filling up the DagBag from /home/airflow/.local/lib/python3.8/site-packages/airflow/example_dags/example_complex.py
[2024-10-29T23:42:25.858+0000] {processor.py:840} INFO - DAG(s) 'example_complex' retrieved from /home/airflow/.local/lib/python3.8/site-packages/airflow/example_dags/example_complex.py
[2024-10-29T23:42:25.890+0000] {logging_mixin.py:188} INFO - [2024-10-29T23:42:25.890+0000] {dag.py:3047} INFO - Sync 1 DAGs
[2024-10-29T23:42:25.903+0000] {logging_mixin.py:188} INFO - [2024-10-29T23:42:25.902+0000] {dag.py:3834} INFO - Setting next_dagrun for example_complex to None, run_after=None
[2024-10-29T23:42:25.920+0000] {processor.py:183} INFO - Processing /home/airflow/.local/lib/python3.8/site-packages/airflow/example_dags/example_complex.py took 0.077 seconds
[2024-10-29T23:42:56.274+0000] {processor.py:161} INFO - Started process (PID=1001) to work on /home/airflow/.local/lib/python3.8/site-packages/airflow/example_dags/example_complex.py
[2024-10-29T23:42:56.275+0000] {processor.py:830} INFO - Processing file /home/airflow/.local/lib/python3.8/site-packages/airflow/example_dags/example_complex.py for tasks to queue
[2024-10-29T23:42:56.276+0000] {logging_mixin.py:188} INFO - [2024-10-29T23:42:56.276+0000] {dagbag.py:540} INFO - Filling up the DagBag from /home/airflow/.local/lib/python3.8/site-packages/airflow/example_dags/example_complex.py
[2024-10-29T23:42:56.286+0000] {processor.py:840} INFO - DAG(s) 'example_complex' retrieved from /home/airflow/.local/lib/python3.8/site-packages/airflow/example_dags/example_complex.py
[2024-10-29T23:42:56.313+0000] {logging_mixin.py:188} INFO - [2024-10-29T23:42:56.313+0000] {dag.py:3047} INFO - Sync 1 DAGs
[2024-10-29T23:42:56.324+0000] {logging_mixin.py:188} INFO - [2024-10-29T23:42:56.324+0000] {dag.py:3834} INFO - Setting next_dagrun for example_complex to None, run_after=None
[2024-10-29T23:42:56.341+0000] {processor.py:183} INFO - Processing /home/airflow/.local/lib/python3.8/site-packages/airflow/example_dags/example_complex.py took 0.069 seconds
[2024-10-29T23:43:26.572+0000] {processor.py:161} INFO - Started process (PID=1057) to work on /home/airflow/.local/lib/python3.8/site-packages/airflow/example_dags/example_complex.py
[2024-10-29T23:43:26.573+0000] {processor.py:830} INFO - Processing file /home/airflow/.local/lib/python3.8/site-packages/airflow/example_dags/example_complex.py for tasks to queue
[2024-10-29T23:43:26.574+0000] {logging_mixin.py:188} INFO - [2024-10-29T23:43:26.574+0000] {dagbag.py:540} INFO - Filling up the DagBag from /home/airflow/.local/lib/python3.8/site-packages/airflow/example_dags/example_complex.py
[2024-10-29T23:43:26.585+0000] {processor.py:840} INFO - DAG(s) 'example_complex' retrieved from /home/airflow/.local/lib/python3.8/site-packages/airflow/example_dags/example_complex.py
[2024-10-29T23:43:26.614+0000] {logging_mixin.py:188} INFO - [2024-10-29T23:43:26.614+0000] {dag.py:3047} INFO - Sync 1 DAGs
[2024-10-29T23:43:26.627+0000] {logging_mixin.py:188} INFO - [2024-10-29T23:43:26.627+0000] {dag.py:3834} INFO - Setting next_dagrun for example_complex to None, run_after=None
[2024-10-29T23:43:26.647+0000] {processor.py:183} INFO - Processing /home/airflow/.local/lib/python3.8/site-packages/airflow/example_dags/example_complex.py took 0.078 seconds
[2024-10-29T23:43:56.824+0000] {processor.py:161} INFO - Started process (PID=1113) to work on /home/airflow/.local/lib/python3.8/site-packages/airflow/example_dags/example_complex.py
[2024-10-29T23:43:56.825+0000] {processor.py:830} INFO - Processing file /home/airflow/.local/lib/python3.8/site-packages/airflow/example_dags/example_complex.py for tasks to queue
[2024-10-29T23:43:56.827+0000] {logging_mixin.py:188} INFO - [2024-10-29T23:43:56.826+0000] {dagbag.py:540} INFO - Filling up the DagBag from /home/airflow/.local/lib/python3.8/site-packages/airflow/example_dags/example_complex.py
[2024-10-29T23:43:56.840+0000] {processor.py:840} INFO - DAG(s) 'example_complex' retrieved from /home/airflow/.local/lib/python3.8/site-packages/airflow/example_dags/example_complex.py
[2024-10-29T23:43:56.880+0000] {logging_mixin.py:188} INFO - [2024-10-29T23:43:56.880+0000] {dag.py:3047} INFO - Sync 1 DAGs
[2024-10-29T23:43:56.897+0000] {logging_mixin.py:188} INFO - [2024-10-29T23:43:56.896+0000] {dag.py:3834} INFO - Setting next_dagrun for example_complex to None, run_after=None
[2024-10-29T23:43:56.919+0000] {processor.py:183} INFO - Processing /home/airflow/.local/lib/python3.8/site-packages/airflow/example_dags/example_complex.py took 0.098 seconds
[2024-10-29T23:44:27.247+0000] {processor.py:161} INFO - Started process (PID=1169) to work on /home/airflow/.local/lib/python3.8/site-packages/airflow/example_dags/example_complex.py
[2024-10-29T23:44:27.248+0000] {processor.py:830} INFO - Processing file /home/airflow/.local/lib/python3.8/site-packages/airflow/example_dags/example_complex.py for tasks to queue
[2024-10-29T23:44:27.250+0000] {logging_mixin.py:188} INFO - [2024-10-29T23:44:27.250+0000] {dagbag.py:540} INFO - Filling up the DagBag from /home/airflow/.local/lib/python3.8/site-packages/airflow/example_dags/example_complex.py
[2024-10-29T23:44:27.264+0000] {processor.py:840} INFO - DAG(s) 'example_complex' retrieved from /home/airflow/.local/lib/python3.8/site-packages/airflow/example_dags/example_complex.py
[2024-10-29T23:44:27.297+0000] {logging_mixin.py:188} INFO - [2024-10-29T23:44:27.296+0000] {dag.py:3047} INFO - Sync 1 DAGs
[2024-10-29T23:44:27.308+0000] {logging_mixin.py:188} INFO - [2024-10-29T23:44:27.308+0000] {dag.py:3834} INFO - Setting next_dagrun for example_complex to None, run_after=None
[2024-10-29T23:44:27.324+0000] {processor.py:183} INFO - Processing /home/airflow/.local/lib/python3.8/site-packages/airflow/example_dags/example_complex.py took 0.081 seconds
[2024-10-29T23:44:57.520+0000] {processor.py:161} INFO - Started process (PID=1225) to work on /home/airflow/.local/lib/python3.8/site-packages/airflow/example_dags/example_complex.py
[2024-10-29T23:44:57.521+0000] {processor.py:830} INFO - Processing file /home/airflow/.local/lib/python3.8/site-packages/airflow/example_dags/example_complex.py for tasks to queue
[2024-10-29T23:44:57.523+0000] {logging_mixin.py:188} INFO - [2024-10-29T23:44:57.523+0000] {dagbag.py:540} INFO - Filling up the DagBag from /home/airflow/.local/lib/python3.8/site-packages/airflow/example_dags/example_complex.py
[2024-10-29T23:44:57.536+0000] {processor.py:840} INFO - DAG(s) 'example_complex' retrieved from /home/airflow/.local/lib/python3.8/site-packages/airflow/example_dags/example_complex.py
[2024-10-29T23:44:57.581+0000] {logging_mixin.py:188} INFO - [2024-10-29T23:44:57.580+0000] {dag.py:3047} INFO - Sync 1 DAGs
[2024-10-29T23:44:57.599+0000] {logging_mixin.py:188} INFO - [2024-10-29T23:44:57.598+0000] {dag.py:3834} INFO - Setting next_dagrun for example_complex to None, run_after=None
[2024-10-29T23:44:57.619+0000] {processor.py:183} INFO - Processing /home/airflow/.local/lib/python3.8/site-packages/airflow/example_dags/example_complex.py took 0.102 seconds
[2024-10-29T23:45:27.756+0000] {processor.py:161} INFO - Started process (PID=1281) to work on /home/airflow/.local/lib/python3.8/site-packages/airflow/example_dags/example_complex.py
[2024-10-29T23:45:27.757+0000] {processor.py:830} INFO - Processing file /home/airflow/.local/lib/python3.8/site-packages/airflow/example_dags/example_complex.py for tasks to queue
[2024-10-29T23:45:27.759+0000] {logging_mixin.py:188} INFO - [2024-10-29T23:45:27.759+0000] {dagbag.py:540} INFO - Filling up the DagBag from /home/airflow/.local/lib/python3.8/site-packages/airflow/example_dags/example_complex.py
[2024-10-29T23:45:27.773+0000] {processor.py:840} INFO - DAG(s) 'example_complex' retrieved from /home/airflow/.local/lib/python3.8/site-packages/airflow/example_dags/example_complex.py
[2024-10-29T23:45:27.808+0000] {logging_mixin.py:188} INFO - [2024-10-29T23:45:27.807+0000] {dag.py:3047} INFO - Sync 1 DAGs
[2024-10-29T23:45:27.821+0000] {logging_mixin.py:188} INFO - [2024-10-29T23:45:27.821+0000] {dag.py:3834} INFO - Setting next_dagrun for example_complex to None, run_after=None
[2024-10-29T23:45:27.843+0000] {processor.py:183} INFO - Processing /home/airflow/.local/lib/python3.8/site-packages/airflow/example_dags/example_complex.py took 0.090 seconds
[2024-10-29T23:45:58.139+0000] {processor.py:161} INFO - Started process (PID=1337) to work on /home/airflow/.local/lib/python3.8/site-packages/airflow/example_dags/example_complex.py
[2024-10-29T23:45:58.139+0000] {processor.py:830} INFO - Processing file /home/airflow/.local/lib/python3.8/site-packages/airflow/example_dags/example_complex.py for tasks to queue
[2024-10-29T23:45:58.141+0000] {logging_mixin.py:188} INFO - [2024-10-29T23:45:58.141+0000] {dagbag.py:540} INFO - Filling up the DagBag from /home/airflow/.local/lib/python3.8/site-packages/airflow/example_dags/example_complex.py
[2024-10-29T23:45:58.153+0000] {processor.py:840} INFO - DAG(s) 'example_complex' retrieved from /home/airflow/.local/lib/python3.8/site-packages/airflow/example_dags/example_complex.py
[2024-10-29T23:45:58.188+0000] {logging_mixin.py:188} INFO - [2024-10-29T23:45:58.187+0000] {dag.py:3047} INFO - Sync 1 DAGs
[2024-10-29T23:45:58.203+0000] {logging_mixin.py:188} INFO - [2024-10-29T23:45:58.202+0000] {dag.py:3834} INFO - Setting next_dagrun for example_complex to None, run_after=None
[2024-10-29T23:45:58.222+0000] {processor.py:183} INFO - Processing /home/airflow/.local/lib/python3.8/site-packages/airflow/example_dags/example_complex.py took 0.086 seconds
[2024-10-29T23:46:28.422+0000] {processor.py:161} INFO - Started process (PID=1393) to work on /home/airflow/.local/lib/python3.8/site-packages/airflow/example_dags/example_complex.py
[2024-10-29T23:46:28.422+0000] {processor.py:830} INFO - Processing file /home/airflow/.local/lib/python3.8/site-packages/airflow/example_dags/example_complex.py for tasks to queue
[2024-10-29T23:46:28.424+0000] {logging_mixin.py:188} INFO - [2024-10-29T23:46:28.424+0000] {dagbag.py:540} INFO - Filling up the DagBag from /home/airflow/.local/lib/python3.8/site-packages/airflow/example_dags/example_complex.py
[2024-10-29T23:46:28.434+0000] {processor.py:840} INFO - DAG(s) 'example_complex' retrieved from /home/airflow/.local/lib/python3.8/site-packages/airflow/example_dags/example_complex.py
[2024-10-29T23:46:28.463+0000] {logging_mixin.py:188} INFO - [2024-10-29T23:46:28.463+0000] {dag.py:3047} INFO - Sync 1 DAGs
[2024-10-29T23:46:28.476+0000] {logging_mixin.py:188} INFO - [2024-10-29T23:46:28.475+0000] {dag.py:3834} INFO - Setting next_dagrun for example_complex to None, run_after=None
[2024-10-29T23:46:28.493+0000] {processor.py:183} INFO - Processing /home/airflow/.local/lib/python3.8/site-packages/airflow/example_dags/example_complex.py took 0.074 seconds
[2024-10-29T23:46:58.623+0000] {processor.py:161} INFO - Started process (PID=1449) to work on /home/airflow/.local/lib/python3.8/site-packages/airflow/example_dags/example_complex.py
[2024-10-29T23:46:58.624+0000] {processor.py:830} INFO - Processing file /home/airflow/.local/lib/python3.8/site-packages/airflow/example_dags/example_complex.py for tasks to queue
[2024-10-29T23:46:58.626+0000] {logging_mixin.py:188} INFO - [2024-10-29T23:46:58.626+0000] {dagbag.py:540} INFO - Filling up the DagBag from /home/airflow/.local/lib/python3.8/site-packages/airflow/example_dags/example_complex.py
[2024-10-29T23:46:58.645+0000] {processor.py:840} INFO - DAG(s) 'example_complex' retrieved from /home/airflow/.local/lib/python3.8/site-packages/airflow/example_dags/example_complex.py
[2024-10-29T23:46:58.687+0000] {logging_mixin.py:188} INFO - [2024-10-29T23:46:58.686+0000] {dag.py:3047} INFO - Sync 1 DAGs
[2024-10-29T23:46:58.705+0000] {logging_mixin.py:188} INFO - [2024-10-29T23:46:58.705+0000] {dag.py:3834} INFO - Setting next_dagrun for example_complex to None, run_after=None
[2024-10-29T23:46:58.732+0000] {processor.py:183} INFO - Processing /home/airflow/.local/lib/python3.8/site-packages/airflow/example_dags/example_complex.py took 0.112 seconds
[2024-10-29T23:47:28.859+0000] {processor.py:161} INFO - Started process (PID=1505) to work on /home/airflow/.local/lib/python3.8/site-packages/airflow/example_dags/example_complex.py
[2024-10-29T23:47:28.860+0000] {processor.py:830} INFO - Processing file /home/airflow/.local/lib/python3.8/site-packages/airflow/example_dags/example_complex.py for tasks to queue
[2024-10-29T23:47:28.861+0000] {logging_mixin.py:188} INFO - [2024-10-29T23:47:28.861+0000] {dagbag.py:540} INFO - Filling up the DagBag from /home/airflow/.local/lib/python3.8/site-packages/airflow/example_dags/example_complex.py
[2024-10-29T23:47:28.871+0000] {processor.py:840} INFO - DAG(s) 'example_complex' retrieved from /home/airflow/.local/lib/python3.8/site-packages/airflow/example_dags/example_complex.py
[2024-10-29T23:47:28.899+0000] {logging_mixin.py:188} INFO - [2024-10-29T23:47:28.899+0000] {dag.py:3047} INFO - Sync 1 DAGs
[2024-10-29T23:47:28.910+0000] {logging_mixin.py:188} INFO - [2024-10-29T23:47:28.910+0000] {dag.py:3834} INFO - Setting next_dagrun for example_complex to None, run_after=None
[2024-10-29T23:47:28.926+0000] {processor.py:183} INFO - Processing /home/airflow/.local/lib/python3.8/site-packages/airflow/example_dags/example_complex.py took 0.070 seconds
[2024-10-29T23:47:59.010+0000] {processor.py:161} INFO - Started process (PID=1561) to work on /home/airflow/.local/lib/python3.8/site-packages/airflow/example_dags/example_complex.py
[2024-10-29T23:47:59.011+0000] {processor.py:830} INFO - Processing file /home/airflow/.local/lib/python3.8/site-packages/airflow/example_dags/example_complex.py for tasks to queue
[2024-10-29T23:47:59.012+0000] {logging_mixin.py:188} INFO - [2024-10-29T23:47:59.012+0000] {dagbag.py:540} INFO - Filling up the DagBag from /home/airflow/.local/lib/python3.8/site-packages/airflow/example_dags/example_complex.py
[2024-10-29T23:47:59.024+0000] {processor.py:840} INFO - DAG(s) 'example_complex' retrieved from /home/airflow/.local/lib/python3.8/site-packages/airflow/example_dags/example_complex.py
[2024-10-29T23:47:59.055+0000] {logging_mixin.py:188} INFO - [2024-10-29T23:47:59.055+0000] {dag.py:3047} INFO - Sync 1 DAGs
[2024-10-29T23:47:59.068+0000] {logging_mixin.py:188} INFO - [2024-10-29T23:47:59.067+0000] {dag.py:3834} INFO - Setting next_dagrun for example_complex to None, run_after=None
[2024-10-29T23:47:59.085+0000] {processor.py:183} INFO - Processing /home/airflow/.local/lib/python3.8/site-packages/airflow/example_dags/example_complex.py took 0.078 seconds
[2024-10-29T23:48:29.187+0000] {processor.py:161} INFO - Started process (PID=1617) to work on /home/airflow/.local/lib/python3.8/site-packages/airflow/example_dags/example_complex.py
[2024-10-29T23:48:29.188+0000] {processor.py:830} INFO - Processing file /home/airflow/.local/lib/python3.8/site-packages/airflow/example_dags/example_complex.py for tasks to queue
[2024-10-29T23:48:29.190+0000] {logging_mixin.py:188} INFO - [2024-10-29T23:48:29.189+0000] {dagbag.py:540} INFO - Filling up the DagBag from /home/airflow/.local/lib/python3.8/site-packages/airflow/example_dags/example_complex.py
[2024-10-29T23:48:29.201+0000] {processor.py:840} INFO - DAG(s) 'example_complex' retrieved from /home/airflow/.local/lib/python3.8/site-packages/airflow/example_dags/example_complex.py
[2024-10-29T23:48:29.231+0000] {logging_mixin.py:188} INFO - [2024-10-29T23:48:29.231+0000] {dag.py:3047} INFO - Sync 1 DAGs
[2024-10-29T23:48:29.244+0000] {logging_mixin.py:188} INFO - [2024-10-29T23:48:29.244+0000] {dag.py:3834} INFO - Setting next_dagrun for example_complex to None, run_after=None
[2024-10-29T23:48:29.266+0000] {processor.py:183} INFO - Processing /home/airflow/.local/lib/python3.8/site-packages/airflow/example_dags/example_complex.py took 0.081 seconds
[2024-10-29T23:48:59.610+0000] {processor.py:161} INFO - Started process (PID=1673) to work on /home/airflow/.local/lib/python3.8/site-packages/airflow/example_dags/example_complex.py
[2024-10-29T23:48:59.611+0000] {processor.py:830} INFO - Processing file /home/airflow/.local/lib/python3.8/site-packages/airflow/example_dags/example_complex.py for tasks to queue
[2024-10-29T23:48:59.613+0000] {logging_mixin.py:188} INFO - [2024-10-29T23:48:59.613+0000] {dagbag.py:540} INFO - Filling up the DagBag from /home/airflow/.local/lib/python3.8/site-packages/airflow/example_dags/example_complex.py
[2024-10-29T23:48:59.624+0000] {processor.py:840} INFO - DAG(s) 'example_complex' retrieved from /home/airflow/.local/lib/python3.8/site-packages/airflow/example_dags/example_complex.py
[2024-10-29T23:48:59.664+0000] {logging_mixin.py:188} INFO - [2024-10-29T23:48:59.664+0000] {dag.py:3047} INFO - Sync 1 DAGs
[2024-10-29T23:48:59.676+0000] {logging_mixin.py:188} INFO - [2024-10-29T23:48:59.676+0000] {dag.py:3834} INFO - Setting next_dagrun for example_complex to None, run_after=None
[2024-10-29T23:48:59.697+0000] {processor.py:183} INFO - Processing /home/airflow/.local/lib/python3.8/site-packages/airflow/example_dags/example_complex.py took 0.089 seconds
[2024-10-29T23:49:30.098+0000] {processor.py:161} INFO - Started process (PID=1729) to work on /home/airflow/.local/lib/python3.8/site-packages/airflow/example_dags/example_complex.py
[2024-10-29T23:49:30.100+0000] {processor.py:830} INFO - Processing file /home/airflow/.local/lib/python3.8/site-packages/airflow/example_dags/example_complex.py for tasks to queue
[2024-10-29T23:49:30.103+0000] {logging_mixin.py:188} INFO - [2024-10-29T23:49:30.102+0000] {dagbag.py:540} INFO - Filling up the DagBag from /home/airflow/.local/lib/python3.8/site-packages/airflow/example_dags/example_complex.py
[2024-10-29T23:49:30.124+0000] {processor.py:840} INFO - DAG(s) 'example_complex' retrieved from /home/airflow/.local/lib/python3.8/site-packages/airflow/example_dags/example_complex.py
[2024-10-29T23:49:30.191+0000] {logging_mixin.py:188} INFO - [2024-10-29T23:49:30.190+0000] {dag.py:3047} INFO - Sync 1 DAGs
[2024-10-29T23:49:30.214+0000] {logging_mixin.py:188} INFO - [2024-10-29T23:49:30.214+0000] {dag.py:3834} INFO - Setting next_dagrun for example_complex to None, run_after=None
[2024-10-29T23:49:30.240+0000] {processor.py:183} INFO - Processing /home/airflow/.local/lib/python3.8/site-packages/airflow/example_dags/example_complex.py took 0.154 seconds
[2024-10-29T23:50:01.072+0000] {processor.py:161} INFO - Started process (PID=1785) to work on /home/airflow/.local/lib/python3.8/site-packages/airflow/example_dags/example_complex.py
[2024-10-29T23:50:01.074+0000] {processor.py:830} INFO - Processing file /home/airflow/.local/lib/python3.8/site-packages/airflow/example_dags/example_complex.py for tasks to queue
[2024-10-29T23:50:01.076+0000] {logging_mixin.py:188} INFO - [2024-10-29T23:50:01.076+0000] {dagbag.py:540} INFO - Filling up the DagBag from /home/airflow/.local/lib/python3.8/site-packages/airflow/example_dags/example_complex.py
[2024-10-29T23:50:01.090+0000] {processor.py:840} INFO - DAG(s) 'example_complex' retrieved from /home/airflow/.local/lib/python3.8/site-packages/airflow/example_dags/example_complex.py
[2024-10-29T23:50:01.128+0000] {logging_mixin.py:188} INFO - [2024-10-29T23:50:01.128+0000] {dag.py:3047} INFO - Sync 1 DAGs
[2024-10-29T23:50:01.142+0000] {logging_mixin.py:188} INFO - [2024-10-29T23:50:01.142+0000] {dag.py:3834} INFO - Setting next_dagrun for example_complex to None, run_after=None
[2024-10-29T23:50:01.164+0000] {processor.py:183} INFO - Processing /home/airflow/.local/lib/python3.8/site-packages/airflow/example_dags/example_complex.py took 0.095 seconds
[2024-10-29T23:50:31.405+0000] {processor.py:161} INFO - Started process (PID=1841) to work on /home/airflow/.local/lib/python3.8/site-packages/airflow/example_dags/example_complex.py
[2024-10-29T23:50:31.407+0000] {processor.py:830} INFO - Processing file /home/airflow/.local/lib/python3.8/site-packages/airflow/example_dags/example_complex.py for tasks to queue
[2024-10-29T23:50:31.408+0000] {logging_mixin.py:188} INFO - [2024-10-29T23:50:31.408+0000] {dagbag.py:540} INFO - Filling up the DagBag from /home/airflow/.local/lib/python3.8/site-packages/airflow/example_dags/example_complex.py
[2024-10-29T23:50:31.422+0000] {processor.py:840} INFO - DAG(s) 'example_complex' retrieved from /home/airflow/.local/lib/python3.8/site-packages/airflow/example_dags/example_complex.py
[2024-10-29T23:50:31.470+0000] {logging_mixin.py:188} INFO - [2024-10-29T23:50:31.470+0000] {dag.py:3047} INFO - Sync 1 DAGs
[2024-10-29T23:50:31.485+0000] {logging_mixin.py:188} INFO - [2024-10-29T23:50:31.485+0000] {dag.py:3834} INFO - Setting next_dagrun for example_complex to None, run_after=None
[2024-10-29T23:50:31.508+0000] {processor.py:183} INFO - Processing /home/airflow/.local/lib/python3.8/site-packages/airflow/example_dags/example_complex.py took 0.106 seconds
[2024-10-29T23:51:01.569+0000] {processor.py:161} INFO - Started process (PID=1897) to work on /home/airflow/.local/lib/python3.8/site-packages/airflow/example_dags/example_complex.py
[2024-10-29T23:51:01.570+0000] {processor.py:830} INFO - Processing file /home/airflow/.local/lib/python3.8/site-packages/airflow/example_dags/example_complex.py for tasks to queue
[2024-10-29T23:51:01.572+0000] {logging_mixin.py:188} INFO - [2024-10-29T23:51:01.571+0000] {dagbag.py:540} INFO - Filling up the DagBag from /home/airflow/.local/lib/python3.8/site-packages/airflow/example_dags/example_complex.py
[2024-10-29T23:51:01.582+0000] {processor.py:840} INFO - DAG(s) 'example_complex' retrieved from /home/airflow/.local/lib/python3.8/site-packages/airflow/example_dags/example_complex.py
[2024-10-29T23:51:01.611+0000] {logging_mixin.py:188} INFO - [2024-10-29T23:51:01.610+0000] {dag.py:3047} INFO - Sync 1 DAGs
[2024-10-29T23:51:01.622+0000] {logging_mixin.py:188} INFO - [2024-10-29T23:51:01.622+0000] {dag.py:3834} INFO - Setting next_dagrun for example_complex to None, run_after=None
[2024-10-29T23:51:01.639+0000] {processor.py:183} INFO - Processing /home/airflow/.local/lib/python3.8/site-packages/airflow/example_dags/example_complex.py took 0.072 seconds
[2024-10-29T23:51:32.689+0000] {processor.py:161} INFO - Started process (PID=1958) to work on /home/airflow/.local/lib/python3.8/site-packages/airflow/example_dags/example_complex.py
[2024-10-29T23:51:32.690+0000] {processor.py:830} INFO - Processing file /home/airflow/.local/lib/python3.8/site-packages/airflow/example_dags/example_complex.py for tasks to queue
[2024-10-29T23:51:32.693+0000] {logging_mixin.py:188} INFO - [2024-10-29T23:51:32.692+0000] {dagbag.py:540} INFO - Filling up the DagBag from /home/airflow/.local/lib/python3.8/site-packages/airflow/example_dags/example_complex.py
[2024-10-29T23:51:32.713+0000] {processor.py:840} INFO - DAG(s) 'example_complex' retrieved from /home/airflow/.local/lib/python3.8/site-packages/airflow/example_dags/example_complex.py
[2024-10-29T23:51:32.754+0000] {logging_mixin.py:188} INFO - [2024-10-29T23:51:32.754+0000] {dag.py:3047} INFO - Sync 1 DAGs
[2024-10-29T23:51:32.770+0000] {logging_mixin.py:188} INFO - [2024-10-29T23:51:32.770+0000] {dag.py:3834} INFO - Setting next_dagrun for example_complex to None, run_after=None
[2024-10-29T23:51:32.803+0000] {processor.py:183} INFO - Processing /home/airflow/.local/lib/python3.8/site-packages/airflow/example_dags/example_complex.py took 0.118 seconds
[2024-10-29T23:52:03.219+0000] {processor.py:161} INFO - Started process (PID=2014) to work on /home/airflow/.local/lib/python3.8/site-packages/airflow/example_dags/example_complex.py
[2024-10-29T23:52:03.223+0000] {processor.py:830} INFO - Processing file /home/airflow/.local/lib/python3.8/site-packages/airflow/example_dags/example_complex.py for tasks to queue
[2024-10-29T23:52:03.229+0000] {logging_mixin.py:188} INFO - [2024-10-29T23:52:03.228+0000] {dagbag.py:540} INFO - Filling up the DagBag from /home/airflow/.local/lib/python3.8/site-packages/airflow/example_dags/example_complex.py
[2024-10-29T23:52:03.269+0000] {processor.py:840} INFO - DAG(s) 'example_complex' retrieved from /home/airflow/.local/lib/python3.8/site-packages/airflow/example_dags/example_complex.py
[2024-10-29T23:52:03.323+0000] {logging_mixin.py:188} INFO - [2024-10-29T23:52:03.323+0000] {dag.py:3047} INFO - Sync 1 DAGs
[2024-10-29T23:52:03.347+0000] {logging_mixin.py:188} INFO - [2024-10-29T23:52:03.346+0000] {dag.py:3834} INFO - Setting next_dagrun for example_complex to None, run_after=None
[2024-10-29T23:52:03.376+0000] {processor.py:183} INFO - Processing /home/airflow/.local/lib/python3.8/site-packages/airflow/example_dags/example_complex.py took 0.166 seconds
[2024-10-29T23:52:34.099+0000] {processor.py:161} INFO - Started process (PID=2070) to work on /home/airflow/.local/lib/python3.8/site-packages/airflow/example_dags/example_complex.py
[2024-10-29T23:52:34.100+0000] {processor.py:830} INFO - Processing file /home/airflow/.local/lib/python3.8/site-packages/airflow/example_dags/example_complex.py for tasks to queue
[2024-10-29T23:52:34.101+0000] {logging_mixin.py:188} INFO - [2024-10-29T23:52:34.101+0000] {dagbag.py:540} INFO - Filling up the DagBag from /home/airflow/.local/lib/python3.8/site-packages/airflow/example_dags/example_complex.py
[2024-10-29T23:52:34.112+0000] {processor.py:840} INFO - DAG(s) 'example_complex' retrieved from /home/airflow/.local/lib/python3.8/site-packages/airflow/example_dags/example_complex.py
[2024-10-29T23:52:34.141+0000] {logging_mixin.py:188} INFO - [2024-10-29T23:52:34.140+0000] {dag.py:3047} INFO - Sync 1 DAGs
[2024-10-29T23:52:34.153+0000] {logging_mixin.py:188} INFO - [2024-10-29T23:52:34.153+0000] {dag.py:3834} INFO - Setting next_dagrun for example_complex to None, run_after=None
[2024-10-29T23:52:34.170+0000] {processor.py:183} INFO - Processing /home/airflow/.local/lib/python3.8/site-packages/airflow/example_dags/example_complex.py took 0.073 seconds
[2024-10-29T23:53:05.106+0000] {processor.py:161} INFO - Started process (PID=2126) to work on /home/airflow/.local/lib/python3.8/site-packages/airflow/example_dags/example_complex.py
[2024-10-29T23:53:05.107+0000] {processor.py:830} INFO - Processing file /home/airflow/.local/lib/python3.8/site-packages/airflow/example_dags/example_complex.py for tasks to queue
[2024-10-29T23:53:05.109+0000] {logging_mixin.py:188} INFO - [2024-10-29T23:53:05.109+0000] {dagbag.py:540} INFO - Filling up the DagBag from /home/airflow/.local/lib/python3.8/site-packages/airflow/example_dags/example_complex.py
[2024-10-29T23:53:05.123+0000] {processor.py:840} INFO - DAG(s) 'example_complex' retrieved from /home/airflow/.local/lib/python3.8/site-packages/airflow/example_dags/example_complex.py
[2024-10-29T23:53:05.168+0000] {logging_mixin.py:188} INFO - [2024-10-29T23:53:05.168+0000] {dag.py:3047} INFO - Sync 1 DAGs
[2024-10-29T23:53:05.182+0000] {logging_mixin.py:188} INFO - [2024-10-29T23:53:05.182+0000] {dag.py:3834} INFO - Setting next_dagrun for example_complex to None, run_after=None
[2024-10-29T23:53:05.201+0000] {processor.py:183} INFO - Processing /home/airflow/.local/lib/python3.8/site-packages/airflow/example_dags/example_complex.py took 0.098 seconds
[2024-10-29T23:53:35.894+0000] {processor.py:161} INFO - Started process (PID=2182) to work on /home/airflow/.local/lib/python3.8/site-packages/airflow/example_dags/example_complex.py
[2024-10-29T23:53:35.895+0000] {processor.py:830} INFO - Processing file /home/airflow/.local/lib/python3.8/site-packages/airflow/example_dags/example_complex.py for tasks to queue
[2024-10-29T23:53:35.896+0000] {logging_mixin.py:188} INFO - [2024-10-29T23:53:35.896+0000] {dagbag.py:540} INFO - Filling up the DagBag from /home/airflow/.local/lib/python3.8/site-packages/airflow/example_dags/example_complex.py
[2024-10-29T23:53:35.910+0000] {processor.py:840} INFO - DAG(s) 'example_complex' retrieved from /home/airflow/.local/lib/python3.8/site-packages/airflow/example_dags/example_complex.py
[2024-10-29T23:53:35.963+0000] {logging_mixin.py:188} INFO - [2024-10-29T23:53:35.963+0000] {dag.py:3047} INFO - Sync 1 DAGs
[2024-10-29T23:53:35.987+0000] {logging_mixin.py:188} INFO - [2024-10-29T23:53:35.986+0000] {dag.py:3834} INFO - Setting next_dagrun for example_complex to None, run_after=None
[2024-10-29T23:53:36.016+0000] {processor.py:183} INFO - Processing /home/airflow/.local/lib/python3.8/site-packages/airflow/example_dags/example_complex.py took 0.126 seconds
[2024-10-29T23:54:06.586+0000] {processor.py:161} INFO - Started process (PID=2238) to work on /home/airflow/.local/lib/python3.8/site-packages/airflow/example_dags/example_complex.py
[2024-10-29T23:54:06.587+0000] {processor.py:830} INFO - Processing file /home/airflow/.local/lib/python3.8/site-packages/airflow/example_dags/example_complex.py for tasks to queue
[2024-10-29T23:54:06.589+0000] {logging_mixin.py:188} INFO - [2024-10-29T23:54:06.589+0000] {dagbag.py:540} INFO - Filling up the DagBag from /home/airflow/.local/lib/python3.8/site-packages/airflow/example_dags/example_complex.py
[2024-10-29T23:54:06.734+0000] {processor.py:840} INFO - DAG(s) 'example_complex' retrieved from /home/airflow/.local/lib/python3.8/site-packages/airflow/example_dags/example_complex.py
[2024-10-29T23:54:06.768+0000] {logging_mixin.py:188} INFO - [2024-10-29T23:54:06.768+0000] {dag.py:3047} INFO - Sync 1 DAGs
[2024-10-29T23:54:06.784+0000] {logging_mixin.py:188} INFO - [2024-10-29T23:54:06.783+0000] {dag.py:3834} INFO - Setting next_dagrun for example_complex to None, run_after=None
[2024-10-29T23:54:06.812+0000] {processor.py:183} INFO - Processing /home/airflow/.local/lib/python3.8/site-packages/airflow/example_dags/example_complex.py took 0.228 seconds
[2024-10-29T23:54:36.979+0000] {processor.py:161} INFO - Started process (PID=2294) to work on /home/airflow/.local/lib/python3.8/site-packages/airflow/example_dags/example_complex.py
[2024-10-29T23:54:36.980+0000] {processor.py:830} INFO - Processing file /home/airflow/.local/lib/python3.8/site-packages/airflow/example_dags/example_complex.py for tasks to queue
[2024-10-29T23:54:36.981+0000] {logging_mixin.py:188} INFO - [2024-10-29T23:54:36.981+0000] {dagbag.py:540} INFO - Filling up the DagBag from /home/airflow/.local/lib/python3.8/site-packages/airflow/example_dags/example_complex.py
[2024-10-29T23:54:36.991+0000] {processor.py:840} INFO - DAG(s) 'example_complex' retrieved from /home/airflow/.local/lib/python3.8/site-packages/airflow/example_dags/example_complex.py
[2024-10-29T23:54:37.018+0000] {logging_mixin.py:188} INFO - [2024-10-29T23:54:37.018+0000] {dag.py:3047} INFO - Sync 1 DAGs
[2024-10-29T23:54:37.029+0000] {logging_mixin.py:188} INFO - [2024-10-29T23:54:37.029+0000] {dag.py:3834} INFO - Setting next_dagrun for example_complex to None, run_after=None
[2024-10-29T23:54:37.044+0000] {processor.py:183} INFO - Processing /home/airflow/.local/lib/python3.8/site-packages/airflow/example_dags/example_complex.py took 0.068 seconds
[2024-10-29T23:55:07.239+0000] {processor.py:161} INFO - Started process (PID=2350) to work on /home/airflow/.local/lib/python3.8/site-packages/airflow/example_dags/example_complex.py
[2024-10-29T23:55:07.240+0000] {processor.py:830} INFO - Processing file /home/airflow/.local/lib/python3.8/site-packages/airflow/example_dags/example_complex.py for tasks to queue
[2024-10-29T23:55:07.242+0000] {logging_mixin.py:188} INFO - [2024-10-29T23:55:07.241+0000] {dagbag.py:540} INFO - Filling up the DagBag from /home/airflow/.local/lib/python3.8/site-packages/airflow/example_dags/example_complex.py
[2024-10-29T23:55:07.255+0000] {processor.py:840} INFO - DAG(s) 'example_complex' retrieved from /home/airflow/.local/lib/python3.8/site-packages/airflow/example_dags/example_complex.py
[2024-10-29T23:55:07.317+0000] {logging_mixin.py:188} INFO - [2024-10-29T23:55:07.316+0000] {dag.py:3047} INFO - Sync 1 DAGs
[2024-10-29T23:55:07.352+0000] {logging_mixin.py:188} INFO - [2024-10-29T23:55:07.351+0000] {dag.py:3834} INFO - Setting next_dagrun for example_complex to None, run_after=None
[2024-10-29T23:55:07.400+0000] {processor.py:183} INFO - Processing /home/airflow/.local/lib/python3.8/site-packages/airflow/example_dags/example_complex.py took 0.164 seconds
[2024-10-29T23:55:37.965+0000] {processor.py:161} INFO - Started process (PID=2406) to work on /home/airflow/.local/lib/python3.8/site-packages/airflow/example_dags/example_complex.py
[2024-10-29T23:55:37.966+0000] {processor.py:830} INFO - Processing file /home/airflow/.local/lib/python3.8/site-packages/airflow/example_dags/example_complex.py for tasks to queue
[2024-10-29T23:55:37.968+0000] {logging_mixin.py:188} INFO - [2024-10-29T23:55:37.967+0000] {dagbag.py:540} INFO - Filling up the DagBag from /home/airflow/.local/lib/python3.8/site-packages/airflow/example_dags/example_complex.py
[2024-10-29T23:55:37.981+0000] {processor.py:840} INFO - DAG(s) 'example_complex' retrieved from /home/airflow/.local/lib/python3.8/site-packages/airflow/example_dags/example_complex.py
[2024-10-29T23:55:38.019+0000] {logging_mixin.py:188} INFO - [2024-10-29T23:55:38.019+0000] {dag.py:3047} INFO - Sync 1 DAGs
[2024-10-29T23:55:38.032+0000] {logging_mixin.py:188} INFO - [2024-10-29T23:55:38.032+0000] {dag.py:3834} INFO - Setting next_dagrun for example_complex to None, run_after=None
[2024-10-29T23:55:38.050+0000] {processor.py:183} INFO - Processing /home/airflow/.local/lib/python3.8/site-packages/airflow/example_dags/example_complex.py took 0.089 seconds
[2024-10-29T23:56:08.117+0000] {processor.py:161} INFO - Started process (PID=2462) to work on /home/airflow/.local/lib/python3.8/site-packages/airflow/example_dags/example_complex.py
[2024-10-29T23:56:08.118+0000] {processor.py:830} INFO - Processing file /home/airflow/.local/lib/python3.8/site-packages/airflow/example_dags/example_complex.py for tasks to queue
[2024-10-29T23:56:08.120+0000] {logging_mixin.py:188} INFO - [2024-10-29T23:56:08.120+0000] {dagbag.py:540} INFO - Filling up the DagBag from /home/airflow/.local/lib/python3.8/site-packages/airflow/example_dags/example_complex.py
[2024-10-29T23:56:08.133+0000] {processor.py:840} INFO - DAG(s) 'example_complex' retrieved from /home/airflow/.local/lib/python3.8/site-packages/airflow/example_dags/example_complex.py
[2024-10-29T23:56:08.166+0000] {logging_mixin.py:188} INFO - [2024-10-29T23:56:08.166+0000] {dag.py:3047} INFO - Sync 1 DAGs
[2024-10-29T23:56:08.182+0000] {logging_mixin.py:188} INFO - [2024-10-29T23:56:08.181+0000] {dag.py:3834} INFO - Setting next_dagrun for example_complex to None, run_after=None
[2024-10-29T23:56:08.203+0000] {processor.py:183} INFO - Processing /home/airflow/.local/lib/python3.8/site-packages/airflow/example_dags/example_complex.py took 0.088 seconds
[2024-10-29T23:56:38.435+0000] {processor.py:161} INFO - Started process (PID=2518) to work on /home/airflow/.local/lib/python3.8/site-packages/airflow/example_dags/example_complex.py
[2024-10-29T23:56:38.436+0000] {processor.py:830} INFO - Processing file /home/airflow/.local/lib/python3.8/site-packages/airflow/example_dags/example_complex.py for tasks to queue
[2024-10-29T23:56:38.438+0000] {logging_mixin.py:188} INFO - [2024-10-29T23:56:38.437+0000] {dagbag.py:540} INFO - Filling up the DagBag from /home/airflow/.local/lib/python3.8/site-packages/airflow/example_dags/example_complex.py
[2024-10-29T23:56:38.449+0000] {processor.py:840} INFO - DAG(s) 'example_complex' retrieved from /home/airflow/.local/lib/python3.8/site-packages/airflow/example_dags/example_complex.py
[2024-10-29T23:56:38.481+0000] {logging_mixin.py:188} INFO - [2024-10-29T23:56:38.481+0000] {dag.py:3047} INFO - Sync 1 DAGs
[2024-10-29T23:56:38.493+0000] {logging_mixin.py:188} INFO - [2024-10-29T23:56:38.493+0000] {dag.py:3834} INFO - Setting next_dagrun for example_complex to None, run_after=None
[2024-10-29T23:56:38.511+0000] {processor.py:183} INFO - Processing /home/airflow/.local/lib/python3.8/site-packages/airflow/example_dags/example_complex.py took 0.078 seconds
[2024-10-29T23:57:08.891+0000] {processor.py:161} INFO - Started process (PID=2574) to work on /home/airflow/.local/lib/python3.8/site-packages/airflow/example_dags/example_complex.py
[2024-10-29T23:57:08.893+0000] {processor.py:830} INFO - Processing file /home/airflow/.local/lib/python3.8/site-packages/airflow/example_dags/example_complex.py for tasks to queue
[2024-10-29T23:57:08.897+0000] {logging_mixin.py:188} INFO - [2024-10-29T23:57:08.896+0000] {dagbag.py:540} INFO - Filling up the DagBag from /home/airflow/.local/lib/python3.8/site-packages/airflow/example_dags/example_complex.py
[2024-10-29T23:57:08.937+0000] {processor.py:840} INFO - DAG(s) 'example_complex' retrieved from /home/airflow/.local/lib/python3.8/site-packages/airflow/example_dags/example_complex.py
[2024-10-29T23:57:09.040+0000] {logging_mixin.py:188} INFO - [2024-10-29T23:57:09.040+0000] {dag.py:3047} INFO - Sync 1 DAGs
[2024-10-29T23:57:09.061+0000] {logging_mixin.py:188} INFO - [2024-10-29T23:57:09.060+0000] {dag.py:3834} INFO - Setting next_dagrun for example_complex to None, run_after=None
[2024-10-29T23:57:09.092+0000] {processor.py:183} INFO - Processing /home/airflow/.local/lib/python3.8/site-packages/airflow/example_dags/example_complex.py took 0.211 seconds
[2024-10-29T23:57:39.145+0000] {processor.py:161} INFO - Started process (PID=2630) to work on /home/airflow/.local/lib/python3.8/site-packages/airflow/example_dags/example_complex.py
[2024-10-29T23:57:39.146+0000] {processor.py:830} INFO - Processing file /home/airflow/.local/lib/python3.8/site-packages/airflow/example_dags/example_complex.py for tasks to queue
[2024-10-29T23:57:39.147+0000] {logging_mixin.py:188} INFO - [2024-10-29T23:57:39.147+0000] {dagbag.py:540} INFO - Filling up the DagBag from /home/airflow/.local/lib/python3.8/site-packages/airflow/example_dags/example_complex.py
[2024-10-29T23:57:39.157+0000] {processor.py:840} INFO - DAG(s) 'example_complex' retrieved from /home/airflow/.local/lib/python3.8/site-packages/airflow/example_dags/example_complex.py
[2024-10-29T23:57:39.190+0000] {logging_mixin.py:188} INFO - [2024-10-29T23:57:39.190+0000] {dag.py:3047} INFO - Sync 1 DAGs
[2024-10-29T23:57:39.204+0000] {logging_mixin.py:188} INFO - [2024-10-29T23:57:39.204+0000] {dag.py:3834} INFO - Setting next_dagrun for example_complex to None, run_after=None
[2024-10-29T23:57:39.229+0000] {processor.py:183} INFO - Processing /home/airflow/.local/lib/python3.8/site-packages/airflow/example_dags/example_complex.py took 0.086 seconds
[2024-10-29T23:58:09.278+0000] {processor.py:161} INFO - Started process (PID=2686) to work on /home/airflow/.local/lib/python3.8/site-packages/airflow/example_dags/example_complex.py
[2024-10-29T23:58:09.279+0000] {processor.py:830} INFO - Processing file /home/airflow/.local/lib/python3.8/site-packages/airflow/example_dags/example_complex.py for tasks to queue
[2024-10-29T23:58:09.280+0000] {logging_mixin.py:188} INFO - [2024-10-29T23:58:09.280+0000] {dagbag.py:540} INFO - Filling up the DagBag from /home/airflow/.local/lib/python3.8/site-packages/airflow/example_dags/example_complex.py
[2024-10-29T23:58:09.290+0000] {processor.py:840} INFO - DAG(s) 'example_complex' retrieved from /home/airflow/.local/lib/python3.8/site-packages/airflow/example_dags/example_complex.py
[2024-10-29T23:58:09.315+0000] {logging_mixin.py:188} INFO - [2024-10-29T23:58:09.315+0000] {dag.py:3047} INFO - Sync 1 DAGs
[2024-10-29T23:58:09.325+0000] {logging_mixin.py:188} INFO - [2024-10-29T23:58:09.325+0000] {dag.py:3834} INFO - Setting next_dagrun for example_complex to None, run_after=None
[2024-10-29T23:58:09.340+0000] {processor.py:183} INFO - Processing /home/airflow/.local/lib/python3.8/site-packages/airflow/example_dags/example_complex.py took 0.064 seconds
[2024-10-29T23:58:40.042+0000] {processor.py:161} INFO - Started process (PID=2742) to work on /home/airflow/.local/lib/python3.8/site-packages/airflow/example_dags/example_complex.py
[2024-10-29T23:58:40.043+0000] {processor.py:830} INFO - Processing file /home/airflow/.local/lib/python3.8/site-packages/airflow/example_dags/example_complex.py for tasks to queue
[2024-10-29T23:58:40.044+0000] {logging_mixin.py:188} INFO - [2024-10-29T23:58:40.044+0000] {dagbag.py:540} INFO - Filling up the DagBag from /home/airflow/.local/lib/python3.8/site-packages/airflow/example_dags/example_complex.py
[2024-10-29T23:58:40.055+0000] {processor.py:840} INFO - DAG(s) 'example_complex' retrieved from /home/airflow/.local/lib/python3.8/site-packages/airflow/example_dags/example_complex.py
[2024-10-29T23:58:40.087+0000] {logging_mixin.py:188} INFO - [2024-10-29T23:58:40.086+0000] {dag.py:3047} INFO - Sync 1 DAGs
[2024-10-29T23:58:40.100+0000] {logging_mixin.py:188} INFO - [2024-10-29T23:58:40.099+0000] {dag.py:3834} INFO - Setting next_dagrun for example_complex to None, run_after=None
[2024-10-29T23:58:40.120+0000] {processor.py:183} INFO - Processing /home/airflow/.local/lib/python3.8/site-packages/airflow/example_dags/example_complex.py took 0.079 seconds
[2024-10-29T23:59:10.275+0000] {processor.py:161} INFO - Started process (PID=2797) to work on /home/airflow/.local/lib/python3.8/site-packages/airflow/example_dags/example_complex.py
[2024-10-29T23:59:10.276+0000] {processor.py:830} INFO - Processing file /home/airflow/.local/lib/python3.8/site-packages/airflow/example_dags/example_complex.py for tasks to queue
[2024-10-29T23:59:10.277+0000] {logging_mixin.py:188} INFO - [2024-10-29T23:59:10.277+0000] {dagbag.py:540} INFO - Filling up the DagBag from /home/airflow/.local/lib/python3.8/site-packages/airflow/example_dags/example_complex.py
[2024-10-29T23:59:10.290+0000] {processor.py:840} INFO - DAG(s) 'example_complex' retrieved from /home/airflow/.local/lib/python3.8/site-packages/airflow/example_dags/example_complex.py
[2024-10-29T23:59:10.342+0000] {logging_mixin.py:188} INFO - [2024-10-29T23:59:10.341+0000] {dag.py:3047} INFO - Sync 1 DAGs
[2024-10-29T23:59:10.363+0000] {logging_mixin.py:188} INFO - [2024-10-29T23:59:10.362+0000] {dag.py:3834} INFO - Setting next_dagrun for example_complex to None, run_after=None
[2024-10-29T23:59:10.393+0000] {processor.py:183} INFO - Processing /home/airflow/.local/lib/python3.8/site-packages/airflow/example_dags/example_complex.py took 0.121 seconds
[2024-10-29T23:59:40.727+0000] {processor.py:161} INFO - Started process (PID=2852) to work on /home/airflow/.local/lib/python3.8/site-packages/airflow/example_dags/example_complex.py
[2024-10-29T23:59:40.728+0000] {processor.py:830} INFO - Processing file /home/airflow/.local/lib/python3.8/site-packages/airflow/example_dags/example_complex.py for tasks to queue
[2024-10-29T23:59:40.729+0000] {logging_mixin.py:188} INFO - [2024-10-29T23:59:40.729+0000] {dagbag.py:540} INFO - Filling up the DagBag from /home/airflow/.local/lib/python3.8/site-packages/airflow/example_dags/example_complex.py
[2024-10-29T23:59:40.741+0000] {processor.py:840} INFO - DAG(s) 'example_complex' retrieved from /home/airflow/.local/lib/python3.8/site-packages/airflow/example_dags/example_complex.py
[2024-10-29T23:59:40.773+0000] {logging_mixin.py:188} INFO - [2024-10-29T23:59:40.773+0000] {dag.py:3047} INFO - Sync 1 DAGs
[2024-10-29T23:59:40.786+0000] {logging_mixin.py:188} INFO - [2024-10-29T23:59:40.786+0000] {dag.py:3834} INFO - Setting next_dagrun for example_complex to None, run_after=None
[2024-10-29T23:59:40.805+0000] {processor.py:183} INFO - Processing /home/airflow/.local/lib/python3.8/site-packages/airflow/example_dags/example_complex.py took 0.081 seconds
