[2024-10-29T23:27:22.217+0000] {processor.py:161} INFO - Started process (PID=16639) to work on /home/airflow/.local/lib/python3.8/site-packages/airflow/example_dags/example_params_trigger_ui.py
[2024-10-29T23:27:22.217+0000] {processor.py:830} INFO - Processing file /home/airflow/.local/lib/python3.8/site-packages/airflow/example_dags/example_params_trigger_ui.py for tasks to queue
[2024-10-29T23:27:22.220+0000] {logging_mixin.py:188} INFO - [2024-10-29T23:27:22.219+0000] {dagbag.py:540} INFO - Filling up the DagBag from /home/airflow/.local/lib/python3.8/site-packages/airflow/example_dags/example_params_trigger_ui.py
[2024-10-29T23:27:22.254+0000] {processor.py:840} INFO - DAG(s) 'example_params_trigger_ui' retrieved from /home/airflow/.local/lib/python3.8/site-packages/airflow/example_dags/example_params_trigger_ui.py
[2024-10-29T23:27:22.330+0000] {logging_mixin.py:188} INFO - [2024-10-29T23:27:22.330+0000] {dag.py:3047} INFO - Sync 1 DAGs
[2024-10-29T23:27:22.344+0000] {logging_mixin.py:188} INFO - [2024-10-29T23:27:22.344+0000] {dag.py:3834} INFO - Setting next_dagrun for example_params_trigger_ui to None, run_after=None
[2024-10-29T23:27:22.361+0000] {processor.py:183} INFO - Processing /home/airflow/.local/lib/python3.8/site-packages/airflow/example_dags/example_params_trigger_ui.py took 0.148 seconds
[2024-10-29T23:27:53.101+0000] {processor.py:161} INFO - Started process (PID=16695) to work on /home/airflow/.local/lib/python3.8/site-packages/airflow/example_dags/example_params_trigger_ui.py
[2024-10-29T23:27:53.102+0000] {processor.py:830} INFO - Processing file /home/airflow/.local/lib/python3.8/site-packages/airflow/example_dags/example_params_trigger_ui.py for tasks to queue
[2024-10-29T23:27:53.103+0000] {logging_mixin.py:188} INFO - [2024-10-29T23:27:53.103+0000] {dagbag.py:540} INFO - Filling up the DagBag from /home/airflow/.local/lib/python3.8/site-packages/airflow/example_dags/example_params_trigger_ui.py
[2024-10-29T23:27:53.118+0000] {processor.py:840} INFO - DAG(s) 'example_params_trigger_ui' retrieved from /home/airflow/.local/lib/python3.8/site-packages/airflow/example_dags/example_params_trigger_ui.py
[2024-10-29T23:27:53.203+0000] {logging_mixin.py:188} INFO - [2024-10-29T23:27:53.202+0000] {dag.py:3047} INFO - Sync 1 DAGs
[2024-10-29T23:27:53.218+0000] {logging_mixin.py:188} INFO - [2024-10-29T23:27:53.218+0000] {dag.py:3834} INFO - Setting next_dagrun for example_params_trigger_ui to None, run_after=None
[2024-10-29T23:27:53.243+0000] {processor.py:183} INFO - Processing /home/airflow/.local/lib/python3.8/site-packages/airflow/example_dags/example_params_trigger_ui.py took 0.146 seconds
[2024-10-29T23:28:23.709+0000] {processor.py:161} INFO - Started process (PID=16751) to work on /home/airflow/.local/lib/python3.8/site-packages/airflow/example_dags/example_params_trigger_ui.py
[2024-10-29T23:28:23.710+0000] {processor.py:830} INFO - Processing file /home/airflow/.local/lib/python3.8/site-packages/airflow/example_dags/example_params_trigger_ui.py for tasks to queue
[2024-10-29T23:28:23.712+0000] {logging_mixin.py:188} INFO - [2024-10-29T23:28:23.712+0000] {dagbag.py:540} INFO - Filling up the DagBag from /home/airflow/.local/lib/python3.8/site-packages/airflow/example_dags/example_params_trigger_ui.py
[2024-10-29T23:28:23.725+0000] {processor.py:840} INFO - DAG(s) 'example_params_trigger_ui' retrieved from /home/airflow/.local/lib/python3.8/site-packages/airflow/example_dags/example_params_trigger_ui.py
[2024-10-29T23:28:23.789+0000] {logging_mixin.py:188} INFO - [2024-10-29T23:28:23.789+0000] {dag.py:3047} INFO - Sync 1 DAGs
[2024-10-29T23:28:23.803+0000] {logging_mixin.py:188} INFO - [2024-10-29T23:28:23.802+0000] {dag.py:3834} INFO - Setting next_dagrun for example_params_trigger_ui to None, run_after=None
[2024-10-29T23:28:23.822+0000] {processor.py:183} INFO - Processing /home/airflow/.local/lib/python3.8/site-packages/airflow/example_dags/example_params_trigger_ui.py took 0.116 seconds
[2024-10-29T23:28:54.554+0000] {processor.py:161} INFO - Started process (PID=16807) to work on /home/airflow/.local/lib/python3.8/site-packages/airflow/example_dags/example_params_trigger_ui.py
[2024-10-29T23:28:54.555+0000] {processor.py:830} INFO - Processing file /home/airflow/.local/lib/python3.8/site-packages/airflow/example_dags/example_params_trigger_ui.py for tasks to queue
[2024-10-29T23:28:54.557+0000] {logging_mixin.py:188} INFO - [2024-10-29T23:28:54.556+0000] {dagbag.py:540} INFO - Filling up the DagBag from /home/airflow/.local/lib/python3.8/site-packages/airflow/example_dags/example_params_trigger_ui.py
[2024-10-29T23:28:54.577+0000] {processor.py:840} INFO - DAG(s) 'example_params_trigger_ui' retrieved from /home/airflow/.local/lib/python3.8/site-packages/airflow/example_dags/example_params_trigger_ui.py
[2024-10-29T23:28:54.675+0000] {logging_mixin.py:188} INFO - [2024-10-29T23:28:54.675+0000] {dag.py:3047} INFO - Sync 1 DAGs
[2024-10-29T23:28:54.694+0000] {logging_mixin.py:188} INFO - [2024-10-29T23:28:54.694+0000] {dag.py:3834} INFO - Setting next_dagrun for example_params_trigger_ui to None, run_after=None
[2024-10-29T23:28:54.716+0000] {processor.py:183} INFO - Processing /home/airflow/.local/lib/python3.8/site-packages/airflow/example_dags/example_params_trigger_ui.py took 0.165 seconds
[2024-10-29T23:29:25.728+0000] {processor.py:161} INFO - Started process (PID=16863) to work on /home/airflow/.local/lib/python3.8/site-packages/airflow/example_dags/example_params_trigger_ui.py
[2024-10-29T23:29:25.729+0000] {processor.py:830} INFO - Processing file /home/airflow/.local/lib/python3.8/site-packages/airflow/example_dags/example_params_trigger_ui.py for tasks to queue
[2024-10-29T23:29:25.731+0000] {logging_mixin.py:188} INFO - [2024-10-29T23:29:25.731+0000] {dagbag.py:540} INFO - Filling up the DagBag from /home/airflow/.local/lib/python3.8/site-packages/airflow/example_dags/example_params_trigger_ui.py
[2024-10-29T23:29:25.745+0000] {processor.py:840} INFO - DAG(s) 'example_params_trigger_ui' retrieved from /home/airflow/.local/lib/python3.8/site-packages/airflow/example_dags/example_params_trigger_ui.py
[2024-10-29T23:29:25.798+0000] {logging_mixin.py:188} INFO - [2024-10-29T23:29:25.798+0000] {dag.py:3047} INFO - Sync 1 DAGs
[2024-10-29T23:29:25.809+0000] {logging_mixin.py:188} INFO - [2024-10-29T23:29:25.809+0000] {dag.py:3834} INFO - Setting next_dagrun for example_params_trigger_ui to None, run_after=None
[2024-10-29T23:29:25.826+0000] {processor.py:183} INFO - Processing /home/airflow/.local/lib/python3.8/site-packages/airflow/example_dags/example_params_trigger_ui.py took 0.102 seconds
[2024-10-29T23:29:56.143+0000] {processor.py:161} INFO - Started process (PID=16919) to work on /home/airflow/.local/lib/python3.8/site-packages/airflow/example_dags/example_params_trigger_ui.py
[2024-10-29T23:29:56.144+0000] {processor.py:830} INFO - Processing file /home/airflow/.local/lib/python3.8/site-packages/airflow/example_dags/example_params_trigger_ui.py for tasks to queue
[2024-10-29T23:29:56.145+0000] {logging_mixin.py:188} INFO - [2024-10-29T23:29:56.145+0000] {dagbag.py:540} INFO - Filling up the DagBag from /home/airflow/.local/lib/python3.8/site-packages/airflow/example_dags/example_params_trigger_ui.py
[2024-10-29T23:29:56.159+0000] {processor.py:840} INFO - DAG(s) 'example_params_trigger_ui' retrieved from /home/airflow/.local/lib/python3.8/site-packages/airflow/example_dags/example_params_trigger_ui.py
[2024-10-29T23:29:56.212+0000] {logging_mixin.py:188} INFO - [2024-10-29T23:29:56.211+0000] {dag.py:3047} INFO - Sync 1 DAGs
[2024-10-29T23:29:56.224+0000] {logging_mixin.py:188} INFO - [2024-10-29T23:29:56.224+0000] {dag.py:3834} INFO - Setting next_dagrun for example_params_trigger_ui to None, run_after=None
[2024-10-29T23:29:56.241+0000] {processor.py:183} INFO - Processing /home/airflow/.local/lib/python3.8/site-packages/airflow/example_dags/example_params_trigger_ui.py took 0.101 seconds
[2024-10-29T23:30:26.556+0000] {processor.py:161} INFO - Started process (PID=16975) to work on /home/airflow/.local/lib/python3.8/site-packages/airflow/example_dags/example_params_trigger_ui.py
[2024-10-29T23:30:26.562+0000] {processor.py:830} INFO - Processing file /home/airflow/.local/lib/python3.8/site-packages/airflow/example_dags/example_params_trigger_ui.py for tasks to queue
[2024-10-29T23:30:26.563+0000] {logging_mixin.py:188} INFO - [2024-10-29T23:30:26.563+0000] {dagbag.py:540} INFO - Filling up the DagBag from /home/airflow/.local/lib/python3.8/site-packages/airflow/example_dags/example_params_trigger_ui.py
[2024-10-29T23:30:26.574+0000] {processor.py:840} INFO - DAG(s) 'example_params_trigger_ui' retrieved from /home/airflow/.local/lib/python3.8/site-packages/airflow/example_dags/example_params_trigger_ui.py
[2024-10-29T23:30:26.624+0000] {logging_mixin.py:188} INFO - [2024-10-29T23:30:26.624+0000] {dag.py:3047} INFO - Sync 1 DAGs
[2024-10-29T23:30:26.635+0000] {logging_mixin.py:188} INFO - [2024-10-29T23:30:26.634+0000] {dag.py:3834} INFO - Setting next_dagrun for example_params_trigger_ui to None, run_after=None
[2024-10-29T23:30:26.650+0000] {processor.py:183} INFO - Processing /home/airflow/.local/lib/python3.8/site-packages/airflow/example_dags/example_params_trigger_ui.py took 0.096 seconds
[2024-10-29T23:30:57.068+0000] {processor.py:161} INFO - Started process (PID=17030) to work on /home/airflow/.local/lib/python3.8/site-packages/airflow/example_dags/example_params_trigger_ui.py
[2024-10-29T23:30:57.070+0000] {processor.py:830} INFO - Processing file /home/airflow/.local/lib/python3.8/site-packages/airflow/example_dags/example_params_trigger_ui.py for tasks to queue
[2024-10-29T23:30:57.071+0000] {logging_mixin.py:188} INFO - [2024-10-29T23:30:57.071+0000] {dagbag.py:540} INFO - Filling up the DagBag from /home/airflow/.local/lib/python3.8/site-packages/airflow/example_dags/example_params_trigger_ui.py
[2024-10-29T23:30:57.092+0000] {processor.py:840} INFO - DAG(s) 'example_params_trigger_ui' retrieved from /home/airflow/.local/lib/python3.8/site-packages/airflow/example_dags/example_params_trigger_ui.py
[2024-10-29T23:30:57.164+0000] {logging_mixin.py:188} INFO - [2024-10-29T23:30:57.163+0000] {dag.py:3047} INFO - Sync 1 DAGs
[2024-10-29T23:30:57.180+0000] {logging_mixin.py:188} INFO - [2024-10-29T23:30:57.179+0000] {dag.py:3834} INFO - Setting next_dagrun for example_params_trigger_ui to None, run_after=None
[2024-10-29T23:30:57.203+0000] {processor.py:183} INFO - Processing /home/airflow/.local/lib/python3.8/site-packages/airflow/example_dags/example_params_trigger_ui.py took 0.138 seconds
[2024-10-29T23:31:27.709+0000] {processor.py:161} INFO - Started process (PID=17086) to work on /home/airflow/.local/lib/python3.8/site-packages/airflow/example_dags/example_params_trigger_ui.py
[2024-10-29T23:31:27.715+0000] {processor.py:830} INFO - Processing file /home/airflow/.local/lib/python3.8/site-packages/airflow/example_dags/example_params_trigger_ui.py for tasks to queue
[2024-10-29T23:31:27.718+0000] {logging_mixin.py:188} INFO - [2024-10-29T23:31:27.717+0000] {dagbag.py:540} INFO - Filling up the DagBag from /home/airflow/.local/lib/python3.8/site-packages/airflow/example_dags/example_params_trigger_ui.py
[2024-10-29T23:31:27.739+0000] {processor.py:840} INFO - DAG(s) 'example_params_trigger_ui' retrieved from /home/airflow/.local/lib/python3.8/site-packages/airflow/example_dags/example_params_trigger_ui.py
[2024-10-29T23:31:27.842+0000] {logging_mixin.py:188} INFO - [2024-10-29T23:31:27.841+0000] {dag.py:3047} INFO - Sync 1 DAGs
[2024-10-29T23:31:27.863+0000] {logging_mixin.py:188} INFO - [2024-10-29T23:31:27.863+0000] {dag.py:3834} INFO - Setting next_dagrun for example_params_trigger_ui to None, run_after=None
[2024-10-29T23:31:27.901+0000] {processor.py:183} INFO - Processing /home/airflow/.local/lib/python3.8/site-packages/airflow/example_dags/example_params_trigger_ui.py took 0.196 seconds
[2024-10-29T23:31:58.278+0000] {processor.py:161} INFO - Started process (PID=17142) to work on /home/airflow/.local/lib/python3.8/site-packages/airflow/example_dags/example_params_trigger_ui.py
[2024-10-29T23:31:58.284+0000] {processor.py:830} INFO - Processing file /home/airflow/.local/lib/python3.8/site-packages/airflow/example_dags/example_params_trigger_ui.py for tasks to queue
[2024-10-29T23:31:58.286+0000] {logging_mixin.py:188} INFO - [2024-10-29T23:31:58.285+0000] {dagbag.py:540} INFO - Filling up the DagBag from /home/airflow/.local/lib/python3.8/site-packages/airflow/example_dags/example_params_trigger_ui.py
[2024-10-29T23:31:58.299+0000] {processor.py:840} INFO - DAG(s) 'example_params_trigger_ui' retrieved from /home/airflow/.local/lib/python3.8/site-packages/airflow/example_dags/example_params_trigger_ui.py
[2024-10-29T23:31:58.409+0000] {logging_mixin.py:188} INFO - [2024-10-29T23:31:58.408+0000] {dag.py:3047} INFO - Sync 1 DAGs
[2024-10-29T23:31:58.422+0000] {logging_mixin.py:188} INFO - [2024-10-29T23:31:58.422+0000] {dag.py:3834} INFO - Setting next_dagrun for example_params_trigger_ui to None, run_after=None
[2024-10-29T23:31:58.443+0000] {processor.py:183} INFO - Processing /home/airflow/.local/lib/python3.8/site-packages/airflow/example_dags/example_params_trigger_ui.py took 0.168 seconds
[2024-10-29T23:32:29.212+0000] {processor.py:161} INFO - Started process (PID=17197) to work on /home/airflow/.local/lib/python3.8/site-packages/airflow/example_dags/example_params_trigger_ui.py
[2024-10-29T23:32:29.218+0000] {processor.py:830} INFO - Processing file /home/airflow/.local/lib/python3.8/site-packages/airflow/example_dags/example_params_trigger_ui.py for tasks to queue
[2024-10-29T23:32:29.220+0000] {logging_mixin.py:188} INFO - [2024-10-29T23:32:29.220+0000] {dagbag.py:540} INFO - Filling up the DagBag from /home/airflow/.local/lib/python3.8/site-packages/airflow/example_dags/example_params_trigger_ui.py
[2024-10-29T23:32:29.243+0000] {processor.py:840} INFO - DAG(s) 'example_params_trigger_ui' retrieved from /home/airflow/.local/lib/python3.8/site-packages/airflow/example_dags/example_params_trigger_ui.py
[2024-10-29T23:32:29.349+0000] {logging_mixin.py:188} INFO - [2024-10-29T23:32:29.349+0000] {dag.py:3047} INFO - Sync 1 DAGs
[2024-10-29T23:32:29.371+0000] {logging_mixin.py:188} INFO - [2024-10-29T23:32:29.370+0000] {dag.py:3834} INFO - Setting next_dagrun for example_params_trigger_ui to None, run_after=None
[2024-10-29T23:32:29.539+0000] {processor.py:183} INFO - Processing /home/airflow/.local/lib/python3.8/site-packages/airflow/example_dags/example_params_trigger_ui.py took 0.332 seconds
[2024-10-29T23:32:59.571+0000] {processor.py:161} INFO - Started process (PID=17253) to work on /home/airflow/.local/lib/python3.8/site-packages/airflow/example_dags/example_params_trigger_ui.py
[2024-10-29T23:32:59.576+0000] {processor.py:830} INFO - Processing file /home/airflow/.local/lib/python3.8/site-packages/airflow/example_dags/example_params_trigger_ui.py for tasks to queue
[2024-10-29T23:32:59.578+0000] {logging_mixin.py:188} INFO - [2024-10-29T23:32:59.578+0000] {dagbag.py:540} INFO - Filling up the DagBag from /home/airflow/.local/lib/python3.8/site-packages/airflow/example_dags/example_params_trigger_ui.py
[2024-10-29T23:32:59.592+0000] {processor.py:840} INFO - DAG(s) 'example_params_trigger_ui' retrieved from /home/airflow/.local/lib/python3.8/site-packages/airflow/example_dags/example_params_trigger_ui.py
[2024-10-29T23:32:59.635+0000] {logging_mixin.py:188} INFO - [2024-10-29T23:32:59.635+0000] {dag.py:3047} INFO - Sync 1 DAGs
[2024-10-29T23:32:59.645+0000] {logging_mixin.py:188} INFO - [2024-10-29T23:32:59.645+0000] {dag.py:3834} INFO - Setting next_dagrun for example_params_trigger_ui to None, run_after=None
[2024-10-29T23:32:59.747+0000] {processor.py:183} INFO - Processing /home/airflow/.local/lib/python3.8/site-packages/airflow/example_dags/example_params_trigger_ui.py took 0.178 seconds
[2024-10-29T23:34:17.286+0000] {processor.py:161} INFO - Started process (PID=52) to work on /home/airflow/.local/lib/python3.8/site-packages/airflow/example_dags/example_params_trigger_ui.py
[2024-10-29T23:34:17.287+0000] {processor.py:830} INFO - Processing file /home/airflow/.local/lib/python3.8/site-packages/airflow/example_dags/example_params_trigger_ui.py for tasks to queue
[2024-10-29T23:34:17.290+0000] {logging_mixin.py:188} INFO - [2024-10-29T23:34:17.289+0000] {dagbag.py:540} INFO - Filling up the DagBag from /home/airflow/.local/lib/python3.8/site-packages/airflow/example_dags/example_params_trigger_ui.py
[2024-10-29T23:34:17.317+0000] {processor.py:840} INFO - DAG(s) 'example_params_trigger_ui' retrieved from /home/airflow/.local/lib/python3.8/site-packages/airflow/example_dags/example_params_trigger_ui.py
[2024-10-29T23:34:17.331+0000] {logging_mixin.py:188} INFO - [2024-10-29T23:34:17.331+0000] {dag.py:3047} INFO - Sync 1 DAGs
[2024-10-29T23:34:17.350+0000] {logging_mixin.py:188} INFO - [2024-10-29T23:34:17.350+0000] {dag.py:3834} INFO - Setting next_dagrun for example_params_trigger_ui to None, run_after=None
[2024-10-29T23:34:17.372+0000] {processor.py:183} INFO - Processing /home/airflow/.local/lib/python3.8/site-packages/airflow/example_dags/example_params_trigger_ui.py took 0.090 seconds
[2024-10-29T23:34:48.598+0000] {processor.py:161} INFO - Started process (PID=108) to work on /home/airflow/.local/lib/python3.8/site-packages/airflow/example_dags/example_params_trigger_ui.py
[2024-10-29T23:34:48.600+0000] {processor.py:830} INFO - Processing file /home/airflow/.local/lib/python3.8/site-packages/airflow/example_dags/example_params_trigger_ui.py for tasks to queue
[2024-10-29T23:34:48.602+0000] {logging_mixin.py:188} INFO - [2024-10-29T23:34:48.602+0000] {dagbag.py:540} INFO - Filling up the DagBag from /home/airflow/.local/lib/python3.8/site-packages/airflow/example_dags/example_params_trigger_ui.py
[2024-10-29T23:34:48.620+0000] {processor.py:840} INFO - DAG(s) 'example_params_trigger_ui' retrieved from /home/airflow/.local/lib/python3.8/site-packages/airflow/example_dags/example_params_trigger_ui.py
[2024-10-29T23:34:48.844+0000] {logging_mixin.py:188} INFO - [2024-10-29T23:34:48.844+0000] {dag.py:3047} INFO - Sync 1 DAGs
[2024-10-29T23:34:48.861+0000] {logging_mixin.py:188} INFO - [2024-10-29T23:34:48.861+0000] {dag.py:3834} INFO - Setting next_dagrun for example_params_trigger_ui to None, run_after=None
[2024-10-29T23:34:48.889+0000] {processor.py:183} INFO - Processing /home/airflow/.local/lib/python3.8/site-packages/airflow/example_dags/example_params_trigger_ui.py took 0.294 seconds
[2024-10-29T23:35:18.961+0000] {processor.py:161} INFO - Started process (PID=164) to work on /home/airflow/.local/lib/python3.8/site-packages/airflow/example_dags/example_params_trigger_ui.py
[2024-10-29T23:35:18.962+0000] {processor.py:830} INFO - Processing file /home/airflow/.local/lib/python3.8/site-packages/airflow/example_dags/example_params_trigger_ui.py for tasks to queue
[2024-10-29T23:35:18.964+0000] {logging_mixin.py:188} INFO - [2024-10-29T23:35:18.963+0000] {dagbag.py:540} INFO - Filling up the DagBag from /home/airflow/.local/lib/python3.8/site-packages/airflow/example_dags/example_params_trigger_ui.py
[2024-10-29T23:35:18.976+0000] {processor.py:840} INFO - DAG(s) 'example_params_trigger_ui' retrieved from /home/airflow/.local/lib/python3.8/site-packages/airflow/example_dags/example_params_trigger_ui.py
[2024-10-29T23:35:19.033+0000] {logging_mixin.py:188} INFO - [2024-10-29T23:35:19.033+0000] {dag.py:3047} INFO - Sync 1 DAGs
[2024-10-29T23:35:19.052+0000] {logging_mixin.py:188} INFO - [2024-10-29T23:35:19.051+0000] {dag.py:3834} INFO - Setting next_dagrun for example_params_trigger_ui to None, run_after=None
[2024-10-29T23:35:19.080+0000] {processor.py:183} INFO - Processing /home/airflow/.local/lib/python3.8/site-packages/airflow/example_dags/example_params_trigger_ui.py took 0.123 seconds
[2024-10-29T23:35:50.090+0000] {processor.py:161} INFO - Started process (PID=220) to work on /home/airflow/.local/lib/python3.8/site-packages/airflow/example_dags/example_params_trigger_ui.py
[2024-10-29T23:35:50.096+0000] {processor.py:830} INFO - Processing file /home/airflow/.local/lib/python3.8/site-packages/airflow/example_dags/example_params_trigger_ui.py for tasks to queue
[2024-10-29T23:35:50.098+0000] {logging_mixin.py:188} INFO - [2024-10-29T23:35:50.098+0000] {dagbag.py:540} INFO - Filling up the DagBag from /home/airflow/.local/lib/python3.8/site-packages/airflow/example_dags/example_params_trigger_ui.py
[2024-10-29T23:35:50.113+0000] {processor.py:840} INFO - DAG(s) 'example_params_trigger_ui' retrieved from /home/airflow/.local/lib/python3.8/site-packages/airflow/example_dags/example_params_trigger_ui.py
[2024-10-29T23:35:50.214+0000] {logging_mixin.py:188} INFO - [2024-10-29T23:35:50.214+0000] {dag.py:3047} INFO - Sync 1 DAGs
[2024-10-29T23:35:50.236+0000] {logging_mixin.py:188} INFO - [2024-10-29T23:35:50.235+0000] {dag.py:3834} INFO - Setting next_dagrun for example_params_trigger_ui to None, run_after=None
[2024-10-29T23:35:50.259+0000] {processor.py:183} INFO - Processing /home/airflow/.local/lib/python3.8/site-packages/airflow/example_dags/example_params_trigger_ui.py took 0.172 seconds
[2024-10-29T23:36:20.333+0000] {processor.py:161} INFO - Started process (PID=276) to work on /home/airflow/.local/lib/python3.8/site-packages/airflow/example_dags/example_params_trigger_ui.py
[2024-10-29T23:36:20.334+0000] {processor.py:830} INFO - Processing file /home/airflow/.local/lib/python3.8/site-packages/airflow/example_dags/example_params_trigger_ui.py for tasks to queue
[2024-10-29T23:36:20.336+0000] {logging_mixin.py:188} INFO - [2024-10-29T23:36:20.336+0000] {dagbag.py:540} INFO - Filling up the DagBag from /home/airflow/.local/lib/python3.8/site-packages/airflow/example_dags/example_params_trigger_ui.py
[2024-10-29T23:36:20.350+0000] {processor.py:840} INFO - DAG(s) 'example_params_trigger_ui' retrieved from /home/airflow/.local/lib/python3.8/site-packages/airflow/example_dags/example_params_trigger_ui.py
[2024-10-29T23:36:20.410+0000] {logging_mixin.py:188} INFO - [2024-10-29T23:36:20.409+0000] {dag.py:3047} INFO - Sync 1 DAGs
[2024-10-29T23:36:20.423+0000] {logging_mixin.py:188} INFO - [2024-10-29T23:36:20.422+0000] {dag.py:3834} INFO - Setting next_dagrun for example_params_trigger_ui to None, run_after=None
[2024-10-29T23:36:20.442+0000] {processor.py:183} INFO - Processing /home/airflow/.local/lib/python3.8/site-packages/airflow/example_dags/example_params_trigger_ui.py took 0.112 seconds
[2024-10-29T23:36:50.909+0000] {processor.py:161} INFO - Started process (PID=332) to work on /home/airflow/.local/lib/python3.8/site-packages/airflow/example_dags/example_params_trigger_ui.py
[2024-10-29T23:36:50.910+0000] {processor.py:830} INFO - Processing file /home/airflow/.local/lib/python3.8/site-packages/airflow/example_dags/example_params_trigger_ui.py for tasks to queue
[2024-10-29T23:36:50.912+0000] {logging_mixin.py:188} INFO - [2024-10-29T23:36:50.912+0000] {dagbag.py:540} INFO - Filling up the DagBag from /home/airflow/.local/lib/python3.8/site-packages/airflow/example_dags/example_params_trigger_ui.py
[2024-10-29T23:36:50.926+0000] {processor.py:840} INFO - DAG(s) 'example_params_trigger_ui' retrieved from /home/airflow/.local/lib/python3.8/site-packages/airflow/example_dags/example_params_trigger_ui.py
[2024-10-29T23:36:50.991+0000] {logging_mixin.py:188} INFO - [2024-10-29T23:36:50.990+0000] {dag.py:3047} INFO - Sync 1 DAGs
[2024-10-29T23:36:51.005+0000] {logging_mixin.py:188} INFO - [2024-10-29T23:36:51.004+0000] {dag.py:3834} INFO - Setting next_dagrun for example_params_trigger_ui to None, run_after=None
[2024-10-29T23:36:51.025+0000] {processor.py:183} INFO - Processing /home/airflow/.local/lib/python3.8/site-packages/airflow/example_dags/example_params_trigger_ui.py took 0.118 seconds
[2024-10-29T23:37:21.298+0000] {processor.py:161} INFO - Started process (PID=388) to work on /home/airflow/.local/lib/python3.8/site-packages/airflow/example_dags/example_params_trigger_ui.py
[2024-10-29T23:37:21.303+0000] {processor.py:830} INFO - Processing file /home/airflow/.local/lib/python3.8/site-packages/airflow/example_dags/example_params_trigger_ui.py for tasks to queue
[2024-10-29T23:37:21.305+0000] {logging_mixin.py:188} INFO - [2024-10-29T23:37:21.305+0000] {dagbag.py:540} INFO - Filling up the DagBag from /home/airflow/.local/lib/python3.8/site-packages/airflow/example_dags/example_params_trigger_ui.py
[2024-10-29T23:37:21.316+0000] {processor.py:840} INFO - DAG(s) 'example_params_trigger_ui' retrieved from /home/airflow/.local/lib/python3.8/site-packages/airflow/example_dags/example_params_trigger_ui.py
[2024-10-29T23:37:21.371+0000] {logging_mixin.py:188} INFO - [2024-10-29T23:37:21.371+0000] {dag.py:3047} INFO - Sync 1 DAGs
[2024-10-29T23:37:21.382+0000] {logging_mixin.py:188} INFO - [2024-10-29T23:37:21.382+0000] {dag.py:3834} INFO - Setting next_dagrun for example_params_trigger_ui to None, run_after=None
[2024-10-29T23:37:21.398+0000] {processor.py:183} INFO - Processing /home/airflow/.local/lib/python3.8/site-packages/airflow/example_dags/example_params_trigger_ui.py took 0.103 seconds
[2024-10-29T23:37:52.106+0000] {processor.py:161} INFO - Started process (PID=444) to work on /home/airflow/.local/lib/python3.8/site-packages/airflow/example_dags/example_params_trigger_ui.py
[2024-10-29T23:37:52.107+0000] {processor.py:830} INFO - Processing file /home/airflow/.local/lib/python3.8/site-packages/airflow/example_dags/example_params_trigger_ui.py for tasks to queue
[2024-10-29T23:37:52.109+0000] {logging_mixin.py:188} INFO - [2024-10-29T23:37:52.109+0000] {dagbag.py:540} INFO - Filling up the DagBag from /home/airflow/.local/lib/python3.8/site-packages/airflow/example_dags/example_params_trigger_ui.py
[2024-10-29T23:37:52.124+0000] {processor.py:840} INFO - DAG(s) 'example_params_trigger_ui' retrieved from /home/airflow/.local/lib/python3.8/site-packages/airflow/example_dags/example_params_trigger_ui.py
[2024-10-29T23:37:52.199+0000] {logging_mixin.py:188} INFO - [2024-10-29T23:37:52.198+0000] {dag.py:3047} INFO - Sync 1 DAGs
[2024-10-29T23:37:52.217+0000] {logging_mixin.py:188} INFO - [2024-10-29T23:37:52.217+0000] {dag.py:3834} INFO - Setting next_dagrun for example_params_trigger_ui to None, run_after=None
[2024-10-29T23:37:52.244+0000] {processor.py:183} INFO - Processing /home/airflow/.local/lib/python3.8/site-packages/airflow/example_dags/example_params_trigger_ui.py took 0.140 seconds
[2024-10-29T23:38:22.671+0000] {processor.py:161} INFO - Started process (PID=500) to work on /home/airflow/.local/lib/python3.8/site-packages/airflow/example_dags/example_params_trigger_ui.py
[2024-10-29T23:38:22.672+0000] {processor.py:830} INFO - Processing file /home/airflow/.local/lib/python3.8/site-packages/airflow/example_dags/example_params_trigger_ui.py for tasks to queue
[2024-10-29T23:38:22.674+0000] {logging_mixin.py:188} INFO - [2024-10-29T23:38:22.674+0000] {dagbag.py:540} INFO - Filling up the DagBag from /home/airflow/.local/lib/python3.8/site-packages/airflow/example_dags/example_params_trigger_ui.py
[2024-10-29T23:38:22.690+0000] {processor.py:840} INFO - DAG(s) 'example_params_trigger_ui' retrieved from /home/airflow/.local/lib/python3.8/site-packages/airflow/example_dags/example_params_trigger_ui.py
[2024-10-29T23:38:22.758+0000] {logging_mixin.py:188} INFO - [2024-10-29T23:38:22.757+0000] {dag.py:3047} INFO - Sync 1 DAGs
[2024-10-29T23:38:22.778+0000] {logging_mixin.py:188} INFO - [2024-10-29T23:38:22.777+0000] {dag.py:3834} INFO - Setting next_dagrun for example_params_trigger_ui to None, run_after=None
[2024-10-29T23:38:22.814+0000] {processor.py:183} INFO - Processing /home/airflow/.local/lib/python3.8/site-packages/airflow/example_dags/example_params_trigger_ui.py took 0.147 seconds
[2024-10-29T23:38:52.884+0000] {processor.py:161} INFO - Started process (PID=556) to work on /home/airflow/.local/lib/python3.8/site-packages/airflow/example_dags/example_params_trigger_ui.py
[2024-10-29T23:38:52.890+0000] {processor.py:830} INFO - Processing file /home/airflow/.local/lib/python3.8/site-packages/airflow/example_dags/example_params_trigger_ui.py for tasks to queue
[2024-10-29T23:38:52.892+0000] {logging_mixin.py:188} INFO - [2024-10-29T23:38:52.891+0000] {dagbag.py:540} INFO - Filling up the DagBag from /home/airflow/.local/lib/python3.8/site-packages/airflow/example_dags/example_params_trigger_ui.py
[2024-10-29T23:38:52.907+0000] {processor.py:840} INFO - DAG(s) 'example_params_trigger_ui' retrieved from /home/airflow/.local/lib/python3.8/site-packages/airflow/example_dags/example_params_trigger_ui.py
[2024-10-29T23:38:52.974+0000] {logging_mixin.py:188} INFO - [2024-10-29T23:38:52.973+0000] {dag.py:3047} INFO - Sync 1 DAGs
[2024-10-29T23:38:52.990+0000] {logging_mixin.py:188} INFO - [2024-10-29T23:38:52.990+0000] {dag.py:3834} INFO - Setting next_dagrun for example_params_trigger_ui to None, run_after=None
[2024-10-29T23:38:53.023+0000] {processor.py:183} INFO - Processing /home/airflow/.local/lib/python3.8/site-packages/airflow/example_dags/example_params_trigger_ui.py took 0.143 seconds
[2024-10-29T23:39:23.230+0000] {processor.py:161} INFO - Started process (PID=612) to work on /home/airflow/.local/lib/python3.8/site-packages/airflow/example_dags/example_params_trigger_ui.py
[2024-10-29T23:39:23.236+0000] {processor.py:830} INFO - Processing file /home/airflow/.local/lib/python3.8/site-packages/airflow/example_dags/example_params_trigger_ui.py for tasks to queue
[2024-10-29T23:39:23.237+0000] {logging_mixin.py:188} INFO - [2024-10-29T23:39:23.237+0000] {dagbag.py:540} INFO - Filling up the DagBag from /home/airflow/.local/lib/python3.8/site-packages/airflow/example_dags/example_params_trigger_ui.py
[2024-10-29T23:39:23.248+0000] {processor.py:840} INFO - DAG(s) 'example_params_trigger_ui' retrieved from /home/airflow/.local/lib/python3.8/site-packages/airflow/example_dags/example_params_trigger_ui.py
[2024-10-29T23:39:23.300+0000] {logging_mixin.py:188} INFO - [2024-10-29T23:39:23.300+0000] {dag.py:3047} INFO - Sync 1 DAGs
[2024-10-29T23:39:23.312+0000] {logging_mixin.py:188} INFO - [2024-10-29T23:39:23.312+0000] {dag.py:3834} INFO - Setting next_dagrun for example_params_trigger_ui to None, run_after=None
[2024-10-29T23:39:23.332+0000] {processor.py:183} INFO - Processing /home/airflow/.local/lib/python3.8/site-packages/airflow/example_dags/example_params_trigger_ui.py took 0.105 seconds
[2024-10-29T23:39:53.890+0000] {processor.py:161} INFO - Started process (PID=668) to work on /home/airflow/.local/lib/python3.8/site-packages/airflow/example_dags/example_params_trigger_ui.py
[2024-10-29T23:39:53.891+0000] {processor.py:830} INFO - Processing file /home/airflow/.local/lib/python3.8/site-packages/airflow/example_dags/example_params_trigger_ui.py for tasks to queue
[2024-10-29T23:39:53.893+0000] {logging_mixin.py:188} INFO - [2024-10-29T23:39:53.892+0000] {dagbag.py:540} INFO - Filling up the DagBag from /home/airflow/.local/lib/python3.8/site-packages/airflow/example_dags/example_params_trigger_ui.py
[2024-10-29T23:39:53.907+0000] {processor.py:840} INFO - DAG(s) 'example_params_trigger_ui' retrieved from /home/airflow/.local/lib/python3.8/site-packages/airflow/example_dags/example_params_trigger_ui.py
[2024-10-29T23:39:53.975+0000] {logging_mixin.py:188} INFO - [2024-10-29T23:39:53.975+0000] {dag.py:3047} INFO - Sync 1 DAGs
[2024-10-29T23:39:53.989+0000] {logging_mixin.py:188} INFO - [2024-10-29T23:39:53.989+0000] {dag.py:3834} INFO - Setting next_dagrun for example_params_trigger_ui to None, run_after=None
[2024-10-29T23:39:54.009+0000] {processor.py:183} INFO - Processing /home/airflow/.local/lib/python3.8/site-packages/airflow/example_dags/example_params_trigger_ui.py took 0.123 seconds
[2024-10-29T23:40:24.320+0000] {processor.py:161} INFO - Started process (PID=724) to work on /home/airflow/.local/lib/python3.8/site-packages/airflow/example_dags/example_params_trigger_ui.py
[2024-10-29T23:40:24.326+0000] {processor.py:830} INFO - Processing file /home/airflow/.local/lib/python3.8/site-packages/airflow/example_dags/example_params_trigger_ui.py for tasks to queue
[2024-10-29T23:40:24.327+0000] {logging_mixin.py:188} INFO - [2024-10-29T23:40:24.327+0000] {dagbag.py:540} INFO - Filling up the DagBag from /home/airflow/.local/lib/python3.8/site-packages/airflow/example_dags/example_params_trigger_ui.py
[2024-10-29T23:40:24.340+0000] {processor.py:840} INFO - DAG(s) 'example_params_trigger_ui' retrieved from /home/airflow/.local/lib/python3.8/site-packages/airflow/example_dags/example_params_trigger_ui.py
[2024-10-29T23:40:24.407+0000] {logging_mixin.py:188} INFO - [2024-10-29T23:40:24.407+0000] {dag.py:3047} INFO - Sync 1 DAGs
[2024-10-29T23:40:24.420+0000] {logging_mixin.py:188} INFO - [2024-10-29T23:40:24.420+0000] {dag.py:3834} INFO - Setting next_dagrun for example_params_trigger_ui to None, run_after=None
[2024-10-29T23:40:24.441+0000] {processor.py:183} INFO - Processing /home/airflow/.local/lib/python3.8/site-packages/airflow/example_dags/example_params_trigger_ui.py took 0.124 seconds
[2024-10-29T23:40:54.813+0000] {processor.py:161} INFO - Started process (PID=779) to work on /home/airflow/.local/lib/python3.8/site-packages/airflow/example_dags/example_params_trigger_ui.py
[2024-10-29T23:40:54.818+0000] {processor.py:830} INFO - Processing file /home/airflow/.local/lib/python3.8/site-packages/airflow/example_dags/example_params_trigger_ui.py for tasks to queue
[2024-10-29T23:40:54.820+0000] {logging_mixin.py:188} INFO - [2024-10-29T23:40:54.820+0000] {dagbag.py:540} INFO - Filling up the DagBag from /home/airflow/.local/lib/python3.8/site-packages/airflow/example_dags/example_params_trigger_ui.py
[2024-10-29T23:40:54.834+0000] {processor.py:840} INFO - DAG(s) 'example_params_trigger_ui' retrieved from /home/airflow/.local/lib/python3.8/site-packages/airflow/example_dags/example_params_trigger_ui.py
[2024-10-29T23:40:54.898+0000] {logging_mixin.py:188} INFO - [2024-10-29T23:40:54.898+0000] {dag.py:3047} INFO - Sync 1 DAGs
[2024-10-29T23:40:54.915+0000] {logging_mixin.py:188} INFO - [2024-10-29T23:40:54.914+0000] {dag.py:3834} INFO - Setting next_dagrun for example_params_trigger_ui to None, run_after=None
[2024-10-29T23:40:54.939+0000] {processor.py:183} INFO - Processing /home/airflow/.local/lib/python3.8/site-packages/airflow/example_dags/example_params_trigger_ui.py took 0.130 seconds
[2024-10-29T23:41:25.563+0000] {processor.py:161} INFO - Started process (PID=835) to work on /home/airflow/.local/lib/python3.8/site-packages/airflow/example_dags/example_params_trigger_ui.py
[2024-10-29T23:41:25.564+0000] {processor.py:830} INFO - Processing file /home/airflow/.local/lib/python3.8/site-packages/airflow/example_dags/example_params_trigger_ui.py for tasks to queue
[2024-10-29T23:41:25.567+0000] {logging_mixin.py:188} INFO - [2024-10-29T23:41:25.566+0000] {dagbag.py:540} INFO - Filling up the DagBag from /home/airflow/.local/lib/python3.8/site-packages/airflow/example_dags/example_params_trigger_ui.py
[2024-10-29T23:41:25.590+0000] {processor.py:840} INFO - DAG(s) 'example_params_trigger_ui' retrieved from /home/airflow/.local/lib/python3.8/site-packages/airflow/example_dags/example_params_trigger_ui.py
[2024-10-29T23:41:25.692+0000] {logging_mixin.py:188} INFO - [2024-10-29T23:41:25.692+0000] {dag.py:3047} INFO - Sync 1 DAGs
[2024-10-29T23:41:25.713+0000] {logging_mixin.py:188} INFO - [2024-10-29T23:41:25.713+0000] {dag.py:3834} INFO - Setting next_dagrun for example_params_trigger_ui to None, run_after=None
[2024-10-29T23:41:25.742+0000] {processor.py:183} INFO - Processing /home/airflow/.local/lib/python3.8/site-packages/airflow/example_dags/example_params_trigger_ui.py took 0.182 seconds
[2024-10-29T23:41:56.571+0000] {processor.py:161} INFO - Started process (PID=891) to work on /home/airflow/.local/lib/python3.8/site-packages/airflow/example_dags/example_params_trigger_ui.py
[2024-10-29T23:41:56.572+0000] {processor.py:830} INFO - Processing file /home/airflow/.local/lib/python3.8/site-packages/airflow/example_dags/example_params_trigger_ui.py for tasks to queue
[2024-10-29T23:41:56.575+0000] {logging_mixin.py:188} INFO - [2024-10-29T23:41:56.574+0000] {dagbag.py:540} INFO - Filling up the DagBag from /home/airflow/.local/lib/python3.8/site-packages/airflow/example_dags/example_params_trigger_ui.py
[2024-10-29T23:41:56.591+0000] {processor.py:840} INFO - DAG(s) 'example_params_trigger_ui' retrieved from /home/airflow/.local/lib/python3.8/site-packages/airflow/example_dags/example_params_trigger_ui.py
[2024-10-29T23:41:56.696+0000] {logging_mixin.py:188} INFO - [2024-10-29T23:41:56.696+0000] {dag.py:3047} INFO - Sync 1 DAGs
[2024-10-29T23:41:56.717+0000] {logging_mixin.py:188} INFO - [2024-10-29T23:41:56.717+0000] {dag.py:3834} INFO - Setting next_dagrun for example_params_trigger_ui to None, run_after=None
[2024-10-29T23:41:56.749+0000] {processor.py:183} INFO - Processing /home/airflow/.local/lib/python3.8/site-packages/airflow/example_dags/example_params_trigger_ui.py took 0.182 seconds
[2024-10-29T23:42:26.947+0000] {processor.py:161} INFO - Started process (PID=947) to work on /home/airflow/.local/lib/python3.8/site-packages/airflow/example_dags/example_params_trigger_ui.py
[2024-10-29T23:42:26.953+0000] {processor.py:830} INFO - Processing file /home/airflow/.local/lib/python3.8/site-packages/airflow/example_dags/example_params_trigger_ui.py for tasks to queue
[2024-10-29T23:42:26.955+0000] {logging_mixin.py:188} INFO - [2024-10-29T23:42:26.954+0000] {dagbag.py:540} INFO - Filling up the DagBag from /home/airflow/.local/lib/python3.8/site-packages/airflow/example_dags/example_params_trigger_ui.py
[2024-10-29T23:42:26.967+0000] {processor.py:840} INFO - DAG(s) 'example_params_trigger_ui' retrieved from /home/airflow/.local/lib/python3.8/site-packages/airflow/example_dags/example_params_trigger_ui.py
[2024-10-29T23:42:27.025+0000] {logging_mixin.py:188} INFO - [2024-10-29T23:42:27.024+0000] {dag.py:3047} INFO - Sync 1 DAGs
[2024-10-29T23:42:27.038+0000] {logging_mixin.py:188} INFO - [2024-10-29T23:42:27.037+0000] {dag.py:3834} INFO - Setting next_dagrun for example_params_trigger_ui to None, run_after=None
[2024-10-29T23:42:27.055+0000] {processor.py:183} INFO - Processing /home/airflow/.local/lib/python3.8/site-packages/airflow/example_dags/example_params_trigger_ui.py took 0.112 seconds
[2024-10-29T23:42:57.364+0000] {processor.py:161} INFO - Started process (PID=1003) to work on /home/airflow/.local/lib/python3.8/site-packages/airflow/example_dags/example_params_trigger_ui.py
[2024-10-29T23:42:57.370+0000] {processor.py:830} INFO - Processing file /home/airflow/.local/lib/python3.8/site-packages/airflow/example_dags/example_params_trigger_ui.py for tasks to queue
[2024-10-29T23:42:57.372+0000] {logging_mixin.py:188} INFO - [2024-10-29T23:42:57.372+0000] {dagbag.py:540} INFO - Filling up the DagBag from /home/airflow/.local/lib/python3.8/site-packages/airflow/example_dags/example_params_trigger_ui.py
[2024-10-29T23:42:57.389+0000] {processor.py:840} INFO - DAG(s) 'example_params_trigger_ui' retrieved from /home/airflow/.local/lib/python3.8/site-packages/airflow/example_dags/example_params_trigger_ui.py
[2024-10-29T23:42:57.452+0000] {logging_mixin.py:188} INFO - [2024-10-29T23:42:57.452+0000] {dag.py:3047} INFO - Sync 1 DAGs
[2024-10-29T23:42:57.465+0000] {logging_mixin.py:188} INFO - [2024-10-29T23:42:57.464+0000] {dag.py:3834} INFO - Setting next_dagrun for example_params_trigger_ui to None, run_after=None
[2024-10-29T23:42:57.482+0000] {processor.py:183} INFO - Processing /home/airflow/.local/lib/python3.8/site-packages/airflow/example_dags/example_params_trigger_ui.py took 0.121 seconds
[2024-10-29T23:43:27.698+0000] {processor.py:161} INFO - Started process (PID=1059) to work on /home/airflow/.local/lib/python3.8/site-packages/airflow/example_dags/example_params_trigger_ui.py
[2024-10-29T23:43:27.706+0000] {processor.py:830} INFO - Processing file /home/airflow/.local/lib/python3.8/site-packages/airflow/example_dags/example_params_trigger_ui.py for tasks to queue
[2024-10-29T23:43:27.710+0000] {logging_mixin.py:188} INFO - [2024-10-29T23:43:27.709+0000] {dagbag.py:540} INFO - Filling up the DagBag from /home/airflow/.local/lib/python3.8/site-packages/airflow/example_dags/example_params_trigger_ui.py
[2024-10-29T23:43:27.750+0000] {processor.py:840} INFO - DAG(s) 'example_params_trigger_ui' retrieved from /home/airflow/.local/lib/python3.8/site-packages/airflow/example_dags/example_params_trigger_ui.py
[2024-10-29T23:43:27.886+0000] {logging_mixin.py:188} INFO - [2024-10-29T23:43:27.885+0000] {dag.py:3047} INFO - Sync 1 DAGs
[2024-10-29T23:43:27.897+0000] {logging_mixin.py:188} INFO - [2024-10-29T23:43:27.897+0000] {dag.py:3834} INFO - Setting next_dagrun for example_params_trigger_ui to None, run_after=None
[2024-10-29T23:43:27.914+0000] {processor.py:183} INFO - Processing /home/airflow/.local/lib/python3.8/site-packages/airflow/example_dags/example_params_trigger_ui.py took 0.223 seconds
[2024-10-29T23:43:57.952+0000] {processor.py:161} INFO - Started process (PID=1115) to work on /home/airflow/.local/lib/python3.8/site-packages/airflow/example_dags/example_params_trigger_ui.py
[2024-10-29T23:43:57.958+0000] {processor.py:830} INFO - Processing file /home/airflow/.local/lib/python3.8/site-packages/airflow/example_dags/example_params_trigger_ui.py for tasks to queue
[2024-10-29T23:43:57.960+0000] {logging_mixin.py:188} INFO - [2024-10-29T23:43:57.960+0000] {dagbag.py:540} INFO - Filling up the DagBag from /home/airflow/.local/lib/python3.8/site-packages/airflow/example_dags/example_params_trigger_ui.py
[2024-10-29T23:43:57.978+0000] {processor.py:840} INFO - DAG(s) 'example_params_trigger_ui' retrieved from /home/airflow/.local/lib/python3.8/site-packages/airflow/example_dags/example_params_trigger_ui.py
[2024-10-29T23:43:58.051+0000] {logging_mixin.py:188} INFO - [2024-10-29T23:43:58.051+0000] {dag.py:3047} INFO - Sync 1 DAGs
[2024-10-29T23:43:58.068+0000] {logging_mixin.py:188} INFO - [2024-10-29T23:43:58.067+0000] {dag.py:3834} INFO - Setting next_dagrun for example_params_trigger_ui to None, run_after=None
[2024-10-29T23:43:58.093+0000] {processor.py:183} INFO - Processing /home/airflow/.local/lib/python3.8/site-packages/airflow/example_dags/example_params_trigger_ui.py took 0.144 seconds
[2024-10-29T23:44:28.347+0000] {processor.py:161} INFO - Started process (PID=1171) to work on /home/airflow/.local/lib/python3.8/site-packages/airflow/example_dags/example_params_trigger_ui.py
[2024-10-29T23:44:28.347+0000] {processor.py:830} INFO - Processing file /home/airflow/.local/lib/python3.8/site-packages/airflow/example_dags/example_params_trigger_ui.py for tasks to queue
[2024-10-29T23:44:28.349+0000] {logging_mixin.py:188} INFO - [2024-10-29T23:44:28.349+0000] {dagbag.py:540} INFO - Filling up the DagBag from /home/airflow/.local/lib/python3.8/site-packages/airflow/example_dags/example_params_trigger_ui.py
[2024-10-29T23:44:28.362+0000] {processor.py:840} INFO - DAG(s) 'example_params_trigger_ui' retrieved from /home/airflow/.local/lib/python3.8/site-packages/airflow/example_dags/example_params_trigger_ui.py
[2024-10-29T23:44:28.422+0000] {logging_mixin.py:188} INFO - [2024-10-29T23:44:28.422+0000] {dag.py:3047} INFO - Sync 1 DAGs
[2024-10-29T23:44:28.437+0000] {logging_mixin.py:188} INFO - [2024-10-29T23:44:28.436+0000] {dag.py:3834} INFO - Setting next_dagrun for example_params_trigger_ui to None, run_after=None
[2024-10-29T23:44:28.456+0000] {processor.py:183} INFO - Processing /home/airflow/.local/lib/python3.8/site-packages/airflow/example_dags/example_params_trigger_ui.py took 0.112 seconds
[2024-10-29T23:44:58.647+0000] {processor.py:161} INFO - Started process (PID=1227) to work on /home/airflow/.local/lib/python3.8/site-packages/airflow/example_dags/example_params_trigger_ui.py
[2024-10-29T23:44:58.653+0000] {processor.py:830} INFO - Processing file /home/airflow/.local/lib/python3.8/site-packages/airflow/example_dags/example_params_trigger_ui.py for tasks to queue
[2024-10-29T23:44:58.655+0000] {logging_mixin.py:188} INFO - [2024-10-29T23:44:58.655+0000] {dagbag.py:540} INFO - Filling up the DagBag from /home/airflow/.local/lib/python3.8/site-packages/airflow/example_dags/example_params_trigger_ui.py
[2024-10-29T23:44:58.671+0000] {processor.py:840} INFO - DAG(s) 'example_params_trigger_ui' retrieved from /home/airflow/.local/lib/python3.8/site-packages/airflow/example_dags/example_params_trigger_ui.py
[2024-10-29T23:44:58.760+0000] {logging_mixin.py:188} INFO - [2024-10-29T23:44:58.760+0000] {dag.py:3047} INFO - Sync 1 DAGs
[2024-10-29T23:44:58.772+0000] {logging_mixin.py:188} INFO - [2024-10-29T23:44:58.772+0000] {dag.py:3834} INFO - Setting next_dagrun for example_params_trigger_ui to None, run_after=None
[2024-10-29T23:44:58.794+0000] {processor.py:183} INFO - Processing /home/airflow/.local/lib/python3.8/site-packages/airflow/example_dags/example_params_trigger_ui.py took 0.150 seconds
[2024-10-29T23:45:28.876+0000] {processor.py:161} INFO - Started process (PID=1283) to work on /home/airflow/.local/lib/python3.8/site-packages/airflow/example_dags/example_params_trigger_ui.py
[2024-10-29T23:45:28.882+0000] {processor.py:830} INFO - Processing file /home/airflow/.local/lib/python3.8/site-packages/airflow/example_dags/example_params_trigger_ui.py for tasks to queue
[2024-10-29T23:45:28.884+0000] {logging_mixin.py:188} INFO - [2024-10-29T23:45:28.884+0000] {dagbag.py:540} INFO - Filling up the DagBag from /home/airflow/.local/lib/python3.8/site-packages/airflow/example_dags/example_params_trigger_ui.py
[2024-10-29T23:45:28.898+0000] {processor.py:840} INFO - DAG(s) 'example_params_trigger_ui' retrieved from /home/airflow/.local/lib/python3.8/site-packages/airflow/example_dags/example_params_trigger_ui.py
[2024-10-29T23:45:28.965+0000] {logging_mixin.py:188} INFO - [2024-10-29T23:45:28.964+0000] {dag.py:3047} INFO - Sync 1 DAGs
[2024-10-29T23:45:28.979+0000] {logging_mixin.py:188} INFO - [2024-10-29T23:45:28.979+0000] {dag.py:3834} INFO - Setting next_dagrun for example_params_trigger_ui to None, run_after=None
[2024-10-29T23:45:29.004+0000] {processor.py:183} INFO - Processing /home/airflow/.local/lib/python3.8/site-packages/airflow/example_dags/example_params_trigger_ui.py took 0.132 seconds
[2024-10-29T23:45:59.253+0000] {processor.py:161} INFO - Started process (PID=1339) to work on /home/airflow/.local/lib/python3.8/site-packages/airflow/example_dags/example_params_trigger_ui.py
[2024-10-29T23:45:59.254+0000] {processor.py:830} INFO - Processing file /home/airflow/.local/lib/python3.8/site-packages/airflow/example_dags/example_params_trigger_ui.py for tasks to queue
[2024-10-29T23:45:59.256+0000] {logging_mixin.py:188} INFO - [2024-10-29T23:45:59.256+0000] {dagbag.py:540} INFO - Filling up the DagBag from /home/airflow/.local/lib/python3.8/site-packages/airflow/example_dags/example_params_trigger_ui.py
[2024-10-29T23:45:59.274+0000] {processor.py:840} INFO - DAG(s) 'example_params_trigger_ui' retrieved from /home/airflow/.local/lib/python3.8/site-packages/airflow/example_dags/example_params_trigger_ui.py
[2024-10-29T23:45:59.383+0000] {logging_mixin.py:188} INFO - [2024-10-29T23:45:59.382+0000] {dag.py:3047} INFO - Sync 1 DAGs
[2024-10-29T23:45:59.406+0000] {logging_mixin.py:188} INFO - [2024-10-29T23:45:59.406+0000] {dag.py:3834} INFO - Setting next_dagrun for example_params_trigger_ui to None, run_after=None
[2024-10-29T23:45:59.438+0000] {processor.py:183} INFO - Processing /home/airflow/.local/lib/python3.8/site-packages/airflow/example_dags/example_params_trigger_ui.py took 0.188 seconds
[2024-10-29T23:46:29.539+0000] {processor.py:161} INFO - Started process (PID=1395) to work on /home/airflow/.local/lib/python3.8/site-packages/airflow/example_dags/example_params_trigger_ui.py
[2024-10-29T23:46:29.541+0000] {processor.py:830} INFO - Processing file /home/airflow/.local/lib/python3.8/site-packages/airflow/example_dags/example_params_trigger_ui.py for tasks to queue
[2024-10-29T23:46:29.546+0000] {logging_mixin.py:188} INFO - [2024-10-29T23:46:29.546+0000] {dagbag.py:540} INFO - Filling up the DagBag from /home/airflow/.local/lib/python3.8/site-packages/airflow/example_dags/example_params_trigger_ui.py
[2024-10-29T23:46:29.584+0000] {processor.py:840} INFO - DAG(s) 'example_params_trigger_ui' retrieved from /home/airflow/.local/lib/python3.8/site-packages/airflow/example_dags/example_params_trigger_ui.py
[2024-10-29T23:46:29.713+0000] {logging_mixin.py:188} INFO - [2024-10-29T23:46:29.713+0000] {dag.py:3047} INFO - Sync 1 DAGs
[2024-10-29T23:46:29.725+0000] {logging_mixin.py:188} INFO - [2024-10-29T23:46:29.724+0000] {dag.py:3834} INFO - Setting next_dagrun for example_params_trigger_ui to None, run_after=None
[2024-10-29T23:46:29.749+0000] {processor.py:183} INFO - Processing /home/airflow/.local/lib/python3.8/site-packages/airflow/example_dags/example_params_trigger_ui.py took 0.217 seconds
[2024-10-29T23:46:59.795+0000] {processor.py:161} INFO - Started process (PID=1451) to work on /home/airflow/.local/lib/python3.8/site-packages/airflow/example_dags/example_params_trigger_ui.py
[2024-10-29T23:46:59.803+0000] {processor.py:830} INFO - Processing file /home/airflow/.local/lib/python3.8/site-packages/airflow/example_dags/example_params_trigger_ui.py for tasks to queue
[2024-10-29T23:46:59.809+0000] {logging_mixin.py:188} INFO - [2024-10-29T23:46:59.808+0000] {dagbag.py:540} INFO - Filling up the DagBag from /home/airflow/.local/lib/python3.8/site-packages/airflow/example_dags/example_params_trigger_ui.py
[2024-10-29T23:46:59.847+0000] {processor.py:840} INFO - DAG(s) 'example_params_trigger_ui' retrieved from /home/airflow/.local/lib/python3.8/site-packages/airflow/example_dags/example_params_trigger_ui.py
[2024-10-29T23:46:59.978+0000] {logging_mixin.py:188} INFO - [2024-10-29T23:46:59.978+0000] {dag.py:3047} INFO - Sync 1 DAGs
[2024-10-29T23:46:59.989+0000] {logging_mixin.py:188} INFO - [2024-10-29T23:46:59.989+0000] {dag.py:3834} INFO - Setting next_dagrun for example_params_trigger_ui to None, run_after=None
[2024-10-29T23:47:00.009+0000] {processor.py:183} INFO - Processing /home/airflow/.local/lib/python3.8/site-packages/airflow/example_dags/example_params_trigger_ui.py took 0.223 seconds
[2024-10-29T23:47:30.888+0000] {processor.py:161} INFO - Started process (PID=1507) to work on /home/airflow/.local/lib/python3.8/site-packages/airflow/example_dags/example_params_trigger_ui.py
[2024-10-29T23:47:30.894+0000] {processor.py:830} INFO - Processing file /home/airflow/.local/lib/python3.8/site-packages/airflow/example_dags/example_params_trigger_ui.py for tasks to queue
[2024-10-29T23:47:30.896+0000] {logging_mixin.py:188} INFO - [2024-10-29T23:47:30.896+0000] {dagbag.py:540} INFO - Filling up the DagBag from /home/airflow/.local/lib/python3.8/site-packages/airflow/example_dags/example_params_trigger_ui.py
[2024-10-29T23:47:30.910+0000] {processor.py:840} INFO - DAG(s) 'example_params_trigger_ui' retrieved from /home/airflow/.local/lib/python3.8/site-packages/airflow/example_dags/example_params_trigger_ui.py
[2024-10-29T23:47:31.011+0000] {logging_mixin.py:188} INFO - [2024-10-29T23:47:31.011+0000] {dag.py:3047} INFO - Sync 1 DAGs
[2024-10-29T23:47:31.031+0000] {logging_mixin.py:188} INFO - [2024-10-29T23:47:31.030+0000] {dag.py:3834} INFO - Setting next_dagrun for example_params_trigger_ui to None, run_after=None
[2024-10-29T23:47:31.059+0000] {processor.py:183} INFO - Processing /home/airflow/.local/lib/python3.8/site-packages/airflow/example_dags/example_params_trigger_ui.py took 0.174 seconds
[2024-10-29T23:48:01.118+0000] {processor.py:161} INFO - Started process (PID=1563) to work on /home/airflow/.local/lib/python3.8/site-packages/airflow/example_dags/example_params_trigger_ui.py
[2024-10-29T23:48:01.123+0000] {processor.py:830} INFO - Processing file /home/airflow/.local/lib/python3.8/site-packages/airflow/example_dags/example_params_trigger_ui.py for tasks to queue
[2024-10-29T23:48:01.126+0000] {logging_mixin.py:188} INFO - [2024-10-29T23:48:01.125+0000] {dagbag.py:540} INFO - Filling up the DagBag from /home/airflow/.local/lib/python3.8/site-packages/airflow/example_dags/example_params_trigger_ui.py
[2024-10-29T23:48:01.146+0000] {processor.py:840} INFO - DAG(s) 'example_params_trigger_ui' retrieved from /home/airflow/.local/lib/python3.8/site-packages/airflow/example_dags/example_params_trigger_ui.py
[2024-10-29T23:48:01.215+0000] {logging_mixin.py:188} INFO - [2024-10-29T23:48:01.215+0000] {dag.py:3047} INFO - Sync 1 DAGs
[2024-10-29T23:48:01.231+0000] {logging_mixin.py:188} INFO - [2024-10-29T23:48:01.230+0000] {dag.py:3834} INFO - Setting next_dagrun for example_params_trigger_ui to None, run_after=None
[2024-10-29T23:48:01.258+0000] {processor.py:183} INFO - Processing /home/airflow/.local/lib/python3.8/site-packages/airflow/example_dags/example_params_trigger_ui.py took 0.143 seconds
[2024-10-29T23:48:31.322+0000] {processor.py:161} INFO - Started process (PID=1619) to work on /home/airflow/.local/lib/python3.8/site-packages/airflow/example_dags/example_params_trigger_ui.py
[2024-10-29T23:48:31.329+0000] {processor.py:830} INFO - Processing file /home/airflow/.local/lib/python3.8/site-packages/airflow/example_dags/example_params_trigger_ui.py for tasks to queue
[2024-10-29T23:48:31.334+0000] {logging_mixin.py:188} INFO - [2024-10-29T23:48:31.333+0000] {dagbag.py:540} INFO - Filling up the DagBag from /home/airflow/.local/lib/python3.8/site-packages/airflow/example_dags/example_params_trigger_ui.py
[2024-10-29T23:48:31.374+0000] {processor.py:840} INFO - DAG(s) 'example_params_trigger_ui' retrieved from /home/airflow/.local/lib/python3.8/site-packages/airflow/example_dags/example_params_trigger_ui.py
[2024-10-29T23:48:31.491+0000] {logging_mixin.py:188} INFO - [2024-10-29T23:48:31.490+0000] {dag.py:3047} INFO - Sync 1 DAGs
[2024-10-29T23:48:31.504+0000] {logging_mixin.py:188} INFO - [2024-10-29T23:48:31.504+0000] {dag.py:3834} INFO - Setting next_dagrun for example_params_trigger_ui to None, run_after=None
[2024-10-29T23:48:31.525+0000] {processor.py:183} INFO - Processing /home/airflow/.local/lib/python3.8/site-packages/airflow/example_dags/example_params_trigger_ui.py took 0.211 seconds
[2024-10-29T23:49:01.725+0000] {processor.py:161} INFO - Started process (PID=1681) to work on /home/airflow/.local/lib/python3.8/site-packages/airflow/example_dags/example_params_trigger_ui.py
[2024-10-29T23:49:01.726+0000] {processor.py:830} INFO - Processing file /home/airflow/.local/lib/python3.8/site-packages/airflow/example_dags/example_params_trigger_ui.py for tasks to queue
[2024-10-29T23:49:01.728+0000] {logging_mixin.py:188} INFO - [2024-10-29T23:49:01.728+0000] {dagbag.py:540} INFO - Filling up the DagBag from /home/airflow/.local/lib/python3.8/site-packages/airflow/example_dags/example_params_trigger_ui.py
[2024-10-29T23:49:01.742+0000] {processor.py:840} INFO - DAG(s) 'example_params_trigger_ui' retrieved from /home/airflow/.local/lib/python3.8/site-packages/airflow/example_dags/example_params_trigger_ui.py
[2024-10-29T23:49:01.804+0000] {logging_mixin.py:188} INFO - [2024-10-29T23:49:01.804+0000] {dag.py:3047} INFO - Sync 1 DAGs
[2024-10-29T23:49:01.818+0000] {logging_mixin.py:188} INFO - [2024-10-29T23:49:01.818+0000] {dag.py:3834} INFO - Setting next_dagrun for example_params_trigger_ui to None, run_after=None
[2024-10-29T23:49:01.837+0000] {processor.py:183} INFO - Processing /home/airflow/.local/lib/python3.8/site-packages/airflow/example_dags/example_params_trigger_ui.py took 0.115 seconds
[2024-10-29T23:49:32.274+0000] {processor.py:161} INFO - Started process (PID=1737) to work on /home/airflow/.local/lib/python3.8/site-packages/airflow/example_dags/example_params_trigger_ui.py
[2024-10-29T23:49:32.280+0000] {processor.py:830} INFO - Processing file /home/airflow/.local/lib/python3.8/site-packages/airflow/example_dags/example_params_trigger_ui.py for tasks to queue
[2024-10-29T23:49:32.282+0000] {logging_mixin.py:188} INFO - [2024-10-29T23:49:32.281+0000] {dagbag.py:540} INFO - Filling up the DagBag from /home/airflow/.local/lib/python3.8/site-packages/airflow/example_dags/example_params_trigger_ui.py
[2024-10-29T23:49:32.293+0000] {processor.py:840} INFO - DAG(s) 'example_params_trigger_ui' retrieved from /home/airflow/.local/lib/python3.8/site-packages/airflow/example_dags/example_params_trigger_ui.py
[2024-10-29T23:49:32.348+0000] {logging_mixin.py:188} INFO - [2024-10-29T23:49:32.347+0000] {dag.py:3047} INFO - Sync 1 DAGs
[2024-10-29T23:49:32.359+0000] {logging_mixin.py:188} INFO - [2024-10-29T23:49:32.359+0000] {dag.py:3834} INFO - Setting next_dagrun for example_params_trigger_ui to None, run_after=None
[2024-10-29T23:49:32.377+0000] {processor.py:183} INFO - Processing /home/airflow/.local/lib/python3.8/site-packages/airflow/example_dags/example_params_trigger_ui.py took 0.106 seconds
[2024-10-29T23:50:03.210+0000] {processor.py:161} INFO - Started process (PID=1793) to work on /home/airflow/.local/lib/python3.8/site-packages/airflow/example_dags/example_params_trigger_ui.py
[2024-10-29T23:50:03.213+0000] {processor.py:830} INFO - Processing file /home/airflow/.local/lib/python3.8/site-packages/airflow/example_dags/example_params_trigger_ui.py for tasks to queue
[2024-10-29T23:50:03.217+0000] {logging_mixin.py:188} INFO - [2024-10-29T23:50:03.216+0000] {dagbag.py:540} INFO - Filling up the DagBag from /home/airflow/.local/lib/python3.8/site-packages/airflow/example_dags/example_params_trigger_ui.py
[2024-10-29T23:50:03.256+0000] {processor.py:840} INFO - DAG(s) 'example_params_trigger_ui' retrieved from /home/airflow/.local/lib/python3.8/site-packages/airflow/example_dags/example_params_trigger_ui.py
[2024-10-29T23:50:03.390+0000] {logging_mixin.py:188} INFO - [2024-10-29T23:50:03.390+0000] {dag.py:3047} INFO - Sync 1 DAGs
[2024-10-29T23:50:03.401+0000] {logging_mixin.py:188} INFO - [2024-10-29T23:50:03.401+0000] {dag.py:3834} INFO - Setting next_dagrun for example_params_trigger_ui to None, run_after=None
[2024-10-29T23:50:03.420+0000] {processor.py:183} INFO - Processing /home/airflow/.local/lib/python3.8/site-packages/airflow/example_dags/example_params_trigger_ui.py took 0.219 seconds
[2024-10-29T23:50:33.552+0000] {processor.py:161} INFO - Started process (PID=1849) to work on /home/airflow/.local/lib/python3.8/site-packages/airflow/example_dags/example_params_trigger_ui.py
[2024-10-29T23:50:33.553+0000] {processor.py:830} INFO - Processing file /home/airflow/.local/lib/python3.8/site-packages/airflow/example_dags/example_params_trigger_ui.py for tasks to queue
[2024-10-29T23:50:33.560+0000] {logging_mixin.py:188} INFO - [2024-10-29T23:50:33.560+0000] {dagbag.py:540} INFO - Filling up the DagBag from /home/airflow/.local/lib/python3.8/site-packages/airflow/example_dags/example_params_trigger_ui.py
[2024-10-29T23:50:33.582+0000] {processor.py:840} INFO - DAG(s) 'example_params_trigger_ui' retrieved from /home/airflow/.local/lib/python3.8/site-packages/airflow/example_dags/example_params_trigger_ui.py
[2024-10-29T23:50:33.698+0000] {logging_mixin.py:188} INFO - [2024-10-29T23:50:33.697+0000] {dag.py:3047} INFO - Sync 1 DAGs
[2024-10-29T23:50:33.720+0000] {logging_mixin.py:188} INFO - [2024-10-29T23:50:33.720+0000] {dag.py:3834} INFO - Setting next_dagrun for example_params_trigger_ui to None, run_after=None
[2024-10-29T23:50:33.750+0000] {processor.py:183} INFO - Processing /home/airflow/.local/lib/python3.8/site-packages/airflow/example_dags/example_params_trigger_ui.py took 0.203 seconds
[2024-10-29T23:51:04.676+0000] {processor.py:161} INFO - Started process (PID=1905) to work on /home/airflow/.local/lib/python3.8/site-packages/airflow/example_dags/example_params_trigger_ui.py
[2024-10-29T23:51:04.682+0000] {processor.py:830} INFO - Processing file /home/airflow/.local/lib/python3.8/site-packages/airflow/example_dags/example_params_trigger_ui.py for tasks to queue
[2024-10-29T23:51:04.684+0000] {logging_mixin.py:188} INFO - [2024-10-29T23:51:04.684+0000] {dagbag.py:540} INFO - Filling up the DagBag from /home/airflow/.local/lib/python3.8/site-packages/airflow/example_dags/example_params_trigger_ui.py
[2024-10-29T23:51:04.699+0000] {processor.py:840} INFO - DAG(s) 'example_params_trigger_ui' retrieved from /home/airflow/.local/lib/python3.8/site-packages/airflow/example_dags/example_params_trigger_ui.py
[2024-10-29T23:51:04.795+0000] {logging_mixin.py:188} INFO - [2024-10-29T23:51:04.794+0000] {dag.py:3047} INFO - Sync 1 DAGs
[2024-10-29T23:51:04.810+0000] {logging_mixin.py:188} INFO - [2024-10-29T23:51:04.810+0000] {dag.py:3834} INFO - Setting next_dagrun for example_params_trigger_ui to None, run_after=None
[2024-10-29T23:51:04.832+0000] {processor.py:183} INFO - Processing /home/airflow/.local/lib/python3.8/site-packages/airflow/example_dags/example_params_trigger_ui.py took 0.159 seconds
[2024-10-29T23:51:34.906+0000] {processor.py:161} INFO - Started process (PID=1960) to work on /home/airflow/.local/lib/python3.8/site-packages/airflow/example_dags/example_params_trigger_ui.py
[2024-10-29T23:51:34.907+0000] {processor.py:830} INFO - Processing file /home/airflow/.local/lib/python3.8/site-packages/airflow/example_dags/example_params_trigger_ui.py for tasks to queue
[2024-10-29T23:51:34.908+0000] {logging_mixin.py:188} INFO - [2024-10-29T23:51:34.908+0000] {dagbag.py:540} INFO - Filling up the DagBag from /home/airflow/.local/lib/python3.8/site-packages/airflow/example_dags/example_params_trigger_ui.py
[2024-10-29T23:51:34.922+0000] {processor.py:840} INFO - DAG(s) 'example_params_trigger_ui' retrieved from /home/airflow/.local/lib/python3.8/site-packages/airflow/example_dags/example_params_trigger_ui.py
[2024-10-29T23:51:34.982+0000] {logging_mixin.py:188} INFO - [2024-10-29T23:51:34.982+0000] {dag.py:3047} INFO - Sync 1 DAGs
[2024-10-29T23:51:34.996+0000] {logging_mixin.py:188} INFO - [2024-10-29T23:51:34.996+0000] {dag.py:3834} INFO - Setting next_dagrun for example_params_trigger_ui to None, run_after=None
[2024-10-29T23:51:35.017+0000] {processor.py:183} INFO - Processing /home/airflow/.local/lib/python3.8/site-packages/airflow/example_dags/example_params_trigger_ui.py took 0.114 seconds
[2024-10-29T23:52:05.406+0000] {processor.py:161} INFO - Started process (PID=2016) to work on /home/airflow/.local/lib/python3.8/site-packages/airflow/example_dags/example_params_trigger_ui.py
[2024-10-29T23:52:05.412+0000] {processor.py:830} INFO - Processing file /home/airflow/.local/lib/python3.8/site-packages/airflow/example_dags/example_params_trigger_ui.py for tasks to queue
[2024-10-29T23:52:05.414+0000] {logging_mixin.py:188} INFO - [2024-10-29T23:52:05.413+0000] {dagbag.py:540} INFO - Filling up the DagBag from /home/airflow/.local/lib/python3.8/site-packages/airflow/example_dags/example_params_trigger_ui.py
[2024-10-29T23:52:05.428+0000] {processor.py:840} INFO - DAG(s) 'example_params_trigger_ui' retrieved from /home/airflow/.local/lib/python3.8/site-packages/airflow/example_dags/example_params_trigger_ui.py
[2024-10-29T23:52:05.486+0000] {logging_mixin.py:188} INFO - [2024-10-29T23:52:05.485+0000] {dag.py:3047} INFO - Sync 1 DAGs
[2024-10-29T23:52:05.500+0000] {logging_mixin.py:188} INFO - [2024-10-29T23:52:05.499+0000] {dag.py:3834} INFO - Setting next_dagrun for example_params_trigger_ui to None, run_after=None
[2024-10-29T23:52:05.520+0000] {processor.py:183} INFO - Processing /home/airflow/.local/lib/python3.8/site-packages/airflow/example_dags/example_params_trigger_ui.py took 0.117 seconds
[2024-10-29T23:52:36.209+0000] {processor.py:161} INFO - Started process (PID=2072) to work on /home/airflow/.local/lib/python3.8/site-packages/airflow/example_dags/example_params_trigger_ui.py
[2024-10-29T23:52:36.215+0000] {processor.py:830} INFO - Processing file /home/airflow/.local/lib/python3.8/site-packages/airflow/example_dags/example_params_trigger_ui.py for tasks to queue
[2024-10-29T23:52:36.218+0000] {logging_mixin.py:188} INFO - [2024-10-29T23:52:36.217+0000] {dagbag.py:540} INFO - Filling up the DagBag from /home/airflow/.local/lib/python3.8/site-packages/airflow/example_dags/example_params_trigger_ui.py
[2024-10-29T23:52:36.239+0000] {processor.py:840} INFO - DAG(s) 'example_params_trigger_ui' retrieved from /home/airflow/.local/lib/python3.8/site-packages/airflow/example_dags/example_params_trigger_ui.py
[2024-10-29T23:52:36.308+0000] {logging_mixin.py:188} INFO - [2024-10-29T23:52:36.307+0000] {dag.py:3047} INFO - Sync 1 DAGs
[2024-10-29T23:52:36.323+0000] {logging_mixin.py:188} INFO - [2024-10-29T23:52:36.322+0000] {dag.py:3834} INFO - Setting next_dagrun for example_params_trigger_ui to None, run_after=None
[2024-10-29T23:52:36.351+0000] {processor.py:183} INFO - Processing /home/airflow/.local/lib/python3.8/site-packages/airflow/example_dags/example_params_trigger_ui.py took 0.146 seconds
[2024-10-29T23:53:07.248+0000] {processor.py:161} INFO - Started process (PID=2128) to work on /home/airflow/.local/lib/python3.8/site-packages/airflow/example_dags/example_params_trigger_ui.py
[2024-10-29T23:53:07.250+0000] {processor.py:830} INFO - Processing file /home/airflow/.local/lib/python3.8/site-packages/airflow/example_dags/example_params_trigger_ui.py for tasks to queue
[2024-10-29T23:53:07.253+0000] {logging_mixin.py:188} INFO - [2024-10-29T23:53:07.252+0000] {dagbag.py:540} INFO - Filling up the DagBag from /home/airflow/.local/lib/python3.8/site-packages/airflow/example_dags/example_params_trigger_ui.py
[2024-10-29T23:53:07.270+0000] {processor.py:840} INFO - DAG(s) 'example_params_trigger_ui' retrieved from /home/airflow/.local/lib/python3.8/site-packages/airflow/example_dags/example_params_trigger_ui.py
[2024-10-29T23:53:07.322+0000] {logging_mixin.py:188} INFO - [2024-10-29T23:53:07.322+0000] {dag.py:3047} INFO - Sync 1 DAGs
[2024-10-29T23:53:07.333+0000] {logging_mixin.py:188} INFO - [2024-10-29T23:53:07.333+0000] {dag.py:3834} INFO - Setting next_dagrun for example_params_trigger_ui to None, run_after=None
[2024-10-29T23:53:07.349+0000] {processor.py:183} INFO - Processing /home/airflow/.local/lib/python3.8/site-packages/airflow/example_dags/example_params_trigger_ui.py took 0.106 seconds
[2024-10-29T23:53:38.050+0000] {processor.py:161} INFO - Started process (PID=2184) to work on /home/airflow/.local/lib/python3.8/site-packages/airflow/example_dags/example_params_trigger_ui.py
[2024-10-29T23:53:38.055+0000] {processor.py:830} INFO - Processing file /home/airflow/.local/lib/python3.8/site-packages/airflow/example_dags/example_params_trigger_ui.py for tasks to queue
[2024-10-29T23:53:38.058+0000] {logging_mixin.py:188} INFO - [2024-10-29T23:53:38.057+0000] {dagbag.py:540} INFO - Filling up the DagBag from /home/airflow/.local/lib/python3.8/site-packages/airflow/example_dags/example_params_trigger_ui.py
[2024-10-29T23:53:38.069+0000] {processor.py:840} INFO - DAG(s) 'example_params_trigger_ui' retrieved from /home/airflow/.local/lib/python3.8/site-packages/airflow/example_dags/example_params_trigger_ui.py
[2024-10-29T23:53:38.122+0000] {logging_mixin.py:188} INFO - [2024-10-29T23:53:38.122+0000] {dag.py:3047} INFO - Sync 1 DAGs
[2024-10-29T23:53:38.134+0000] {logging_mixin.py:188} INFO - [2024-10-29T23:53:38.134+0000] {dag.py:3834} INFO - Setting next_dagrun for example_params_trigger_ui to None, run_after=None
[2024-10-29T23:53:38.151+0000] {processor.py:183} INFO - Processing /home/airflow/.local/lib/python3.8/site-packages/airflow/example_dags/example_params_trigger_ui.py took 0.103 seconds
[2024-10-29T23:54:08.799+0000] {processor.py:161} INFO - Started process (PID=2240) to work on /home/airflow/.local/lib/python3.8/site-packages/airflow/example_dags/example_params_trigger_ui.py
[2024-10-29T23:54:08.805+0000] {processor.py:830} INFO - Processing file /home/airflow/.local/lib/python3.8/site-packages/airflow/example_dags/example_params_trigger_ui.py for tasks to queue
[2024-10-29T23:54:08.807+0000] {logging_mixin.py:188} INFO - [2024-10-29T23:54:08.806+0000] {dagbag.py:540} INFO - Filling up the DagBag from /home/airflow/.local/lib/python3.8/site-packages/airflow/example_dags/example_params_trigger_ui.py
[2024-10-29T23:54:08.816+0000] {processor.py:840} INFO - DAG(s) 'example_params_trigger_ui' retrieved from /home/airflow/.local/lib/python3.8/site-packages/airflow/example_dags/example_params_trigger_ui.py
[2024-10-29T23:54:08.866+0000] {logging_mixin.py:188} INFO - [2024-10-29T23:54:08.866+0000] {dag.py:3047} INFO - Sync 1 DAGs
[2024-10-29T23:54:08.878+0000] {logging_mixin.py:188} INFO - [2024-10-29T23:54:08.877+0000] {dag.py:3834} INFO - Setting next_dagrun for example_params_trigger_ui to None, run_after=None
[2024-10-29T23:54:08.894+0000] {processor.py:183} INFO - Processing /home/airflow/.local/lib/python3.8/site-packages/airflow/example_dags/example_params_trigger_ui.py took 0.097 seconds
[2024-10-29T23:54:39.093+0000] {processor.py:161} INFO - Started process (PID=2296) to work on /home/airflow/.local/lib/python3.8/site-packages/airflow/example_dags/example_params_trigger_ui.py
[2024-10-29T23:54:39.100+0000] {processor.py:830} INFO - Processing file /home/airflow/.local/lib/python3.8/site-packages/airflow/example_dags/example_params_trigger_ui.py for tasks to queue
[2024-10-29T23:54:39.105+0000] {logging_mixin.py:188} INFO - [2024-10-29T23:54:39.104+0000] {dagbag.py:540} INFO - Filling up the DagBag from /home/airflow/.local/lib/python3.8/site-packages/airflow/example_dags/example_params_trigger_ui.py
[2024-10-29T23:54:39.146+0000] {processor.py:840} INFO - DAG(s) 'example_params_trigger_ui' retrieved from /home/airflow/.local/lib/python3.8/site-packages/airflow/example_dags/example_params_trigger_ui.py
[2024-10-29T23:54:39.279+0000] {logging_mixin.py:188} INFO - [2024-10-29T23:54:39.279+0000] {dag.py:3047} INFO - Sync 1 DAGs
[2024-10-29T23:54:39.291+0000] {logging_mixin.py:188} INFO - [2024-10-29T23:54:39.290+0000] {dag.py:3834} INFO - Setting next_dagrun for example_params_trigger_ui to None, run_after=None
[2024-10-29T23:54:39.305+0000] {processor.py:183} INFO - Processing /home/airflow/.local/lib/python3.8/site-packages/airflow/example_dags/example_params_trigger_ui.py took 0.220 seconds
[2024-10-29T23:55:09.465+0000] {processor.py:161} INFO - Started process (PID=2352) to work on /home/airflow/.local/lib/python3.8/site-packages/airflow/example_dags/example_params_trigger_ui.py
[2024-10-29T23:55:09.472+0000] {processor.py:830} INFO - Processing file /home/airflow/.local/lib/python3.8/site-packages/airflow/example_dags/example_params_trigger_ui.py for tasks to queue
[2024-10-29T23:55:09.478+0000] {logging_mixin.py:188} INFO - [2024-10-29T23:55:09.477+0000] {dagbag.py:540} INFO - Filling up the DagBag from /home/airflow/.local/lib/python3.8/site-packages/airflow/example_dags/example_params_trigger_ui.py
[2024-10-29T23:55:09.517+0000] {processor.py:840} INFO - DAG(s) 'example_params_trigger_ui' retrieved from /home/airflow/.local/lib/python3.8/site-packages/airflow/example_dags/example_params_trigger_ui.py
[2024-10-29T23:55:09.710+0000] {logging_mixin.py:188} INFO - [2024-10-29T23:55:09.709+0000] {dag.py:3047} INFO - Sync 1 DAGs
[2024-10-29T23:55:09.747+0000] {logging_mixin.py:188} INFO - [2024-10-29T23:55:09.746+0000] {dag.py:3834} INFO - Setting next_dagrun for example_params_trigger_ui to None, run_after=None
[2024-10-29T23:55:09.810+0000] {processor.py:183} INFO - Processing /home/airflow/.local/lib/python3.8/site-packages/airflow/example_dags/example_params_trigger_ui.py took 0.353 seconds
[2024-10-29T23:55:40.103+0000] {processor.py:161} INFO - Started process (PID=2408) to work on /home/airflow/.local/lib/python3.8/site-packages/airflow/example_dags/example_params_trigger_ui.py
[2024-10-29T23:55:40.105+0000] {processor.py:830} INFO - Processing file /home/airflow/.local/lib/python3.8/site-packages/airflow/example_dags/example_params_trigger_ui.py for tasks to queue
[2024-10-29T23:55:40.110+0000] {logging_mixin.py:188} INFO - [2024-10-29T23:55:40.109+0000] {dagbag.py:540} INFO - Filling up the DagBag from /home/airflow/.local/lib/python3.8/site-packages/airflow/example_dags/example_params_trigger_ui.py
[2024-10-29T23:55:40.150+0000] {processor.py:840} INFO - DAG(s) 'example_params_trigger_ui' retrieved from /home/airflow/.local/lib/python3.8/site-packages/airflow/example_dags/example_params_trigger_ui.py
[2024-10-29T23:55:40.281+0000] {logging_mixin.py:188} INFO - [2024-10-29T23:55:40.280+0000] {dag.py:3047} INFO - Sync 1 DAGs
[2024-10-29T23:55:40.292+0000] {logging_mixin.py:188} INFO - [2024-10-29T23:55:40.292+0000] {dag.py:3834} INFO - Setting next_dagrun for example_params_trigger_ui to None, run_after=None
[2024-10-29T23:55:40.311+0000] {processor.py:183} INFO - Processing /home/airflow/.local/lib/python3.8/site-packages/airflow/example_dags/example_params_trigger_ui.py took 0.217 seconds
[2024-10-29T23:56:11.236+0000] {processor.py:161} INFO - Started process (PID=2464) to work on /home/airflow/.local/lib/python3.8/site-packages/airflow/example_dags/example_params_trigger_ui.py
[2024-10-29T23:56:11.237+0000] {processor.py:830} INFO - Processing file /home/airflow/.local/lib/python3.8/site-packages/airflow/example_dags/example_params_trigger_ui.py for tasks to queue
[2024-10-29T23:56:11.239+0000] {logging_mixin.py:188} INFO - [2024-10-29T23:56:11.238+0000] {dagbag.py:540} INFO - Filling up the DagBag from /home/airflow/.local/lib/python3.8/site-packages/airflow/example_dags/example_params_trigger_ui.py
[2024-10-29T23:56:11.250+0000] {processor.py:840} INFO - DAG(s) 'example_params_trigger_ui' retrieved from /home/airflow/.local/lib/python3.8/site-packages/airflow/example_dags/example_params_trigger_ui.py
[2024-10-29T23:56:11.305+0000] {logging_mixin.py:188} INFO - [2024-10-29T23:56:11.304+0000] {dag.py:3047} INFO - Sync 1 DAGs
[2024-10-29T23:56:11.317+0000] {logging_mixin.py:188} INFO - [2024-10-29T23:56:11.317+0000] {dag.py:3834} INFO - Setting next_dagrun for example_params_trigger_ui to None, run_after=None
[2024-10-29T23:56:11.333+0000] {processor.py:183} INFO - Processing /home/airflow/.local/lib/python3.8/site-packages/airflow/example_dags/example_params_trigger_ui.py took 0.100 seconds
[2024-10-29T23:56:41.554+0000] {processor.py:161} INFO - Started process (PID=2520) to work on /home/airflow/.local/lib/python3.8/site-packages/airflow/example_dags/example_params_trigger_ui.py
[2024-10-29T23:56:41.555+0000] {processor.py:830} INFO - Processing file /home/airflow/.local/lib/python3.8/site-packages/airflow/example_dags/example_params_trigger_ui.py for tasks to queue
[2024-10-29T23:56:41.557+0000] {logging_mixin.py:188} INFO - [2024-10-29T23:56:41.557+0000] {dagbag.py:540} INFO - Filling up the DagBag from /home/airflow/.local/lib/python3.8/site-packages/airflow/example_dags/example_params_trigger_ui.py
[2024-10-29T23:56:41.578+0000] {processor.py:840} INFO - DAG(s) 'example_params_trigger_ui' retrieved from /home/airflow/.local/lib/python3.8/site-packages/airflow/example_dags/example_params_trigger_ui.py
[2024-10-29T23:56:41.685+0000] {logging_mixin.py:188} INFO - [2024-10-29T23:56:41.684+0000] {dag.py:3047} INFO - Sync 1 DAGs
[2024-10-29T23:56:41.710+0000] {logging_mixin.py:188} INFO - [2024-10-29T23:56:41.710+0000] {dag.py:3834} INFO - Setting next_dagrun for example_params_trigger_ui to None, run_after=None
[2024-10-29T23:56:41.742+0000] {processor.py:183} INFO - Processing /home/airflow/.local/lib/python3.8/site-packages/airflow/example_dags/example_params_trigger_ui.py took 0.192 seconds
[2024-10-29T23:57:12.139+0000] {processor.py:161} INFO - Started process (PID=2576) to work on /home/airflow/.local/lib/python3.8/site-packages/airflow/example_dags/example_params_trigger_ui.py
[2024-10-29T23:57:12.140+0000] {processor.py:830} INFO - Processing file /home/airflow/.local/lib/python3.8/site-packages/airflow/example_dags/example_params_trigger_ui.py for tasks to queue
[2024-10-29T23:57:12.142+0000] {logging_mixin.py:188} INFO - [2024-10-29T23:57:12.142+0000] {dagbag.py:540} INFO - Filling up the DagBag from /home/airflow/.local/lib/python3.8/site-packages/airflow/example_dags/example_params_trigger_ui.py
[2024-10-29T23:57:12.158+0000] {processor.py:840} INFO - DAG(s) 'example_params_trigger_ui' retrieved from /home/airflow/.local/lib/python3.8/site-packages/airflow/example_dags/example_params_trigger_ui.py
[2024-10-29T23:57:12.258+0000] {logging_mixin.py:188} INFO - [2024-10-29T23:57:12.258+0000] {dag.py:3047} INFO - Sync 1 DAGs
[2024-10-29T23:57:12.276+0000] {logging_mixin.py:188} INFO - [2024-10-29T23:57:12.275+0000] {dag.py:3834} INFO - Setting next_dagrun for example_params_trigger_ui to None, run_after=None
[2024-10-29T23:57:12.297+0000] {processor.py:183} INFO - Processing /home/airflow/.local/lib/python3.8/site-packages/airflow/example_dags/example_params_trigger_ui.py took 0.162 seconds
[2024-10-29T23:57:42.367+0000] {processor.py:161} INFO - Started process (PID=2632) to work on /home/airflow/.local/lib/python3.8/site-packages/airflow/example_dags/example_params_trigger_ui.py
[2024-10-29T23:57:42.375+0000] {processor.py:830} INFO - Processing file /home/airflow/.local/lib/python3.8/site-packages/airflow/example_dags/example_params_trigger_ui.py for tasks to queue
[2024-10-29T23:57:42.379+0000] {logging_mixin.py:188} INFO - [2024-10-29T23:57:42.378+0000] {dagbag.py:540} INFO - Filling up the DagBag from /home/airflow/.local/lib/python3.8/site-packages/airflow/example_dags/example_params_trigger_ui.py
[2024-10-29T23:57:42.417+0000] {processor.py:840} INFO - DAG(s) 'example_params_trigger_ui' retrieved from /home/airflow/.local/lib/python3.8/site-packages/airflow/example_dags/example_params_trigger_ui.py
[2024-10-29T23:57:42.582+0000] {logging_mixin.py:188} INFO - [2024-10-29T23:57:42.582+0000] {dag.py:3047} INFO - Sync 1 DAGs
[2024-10-29T23:57:42.598+0000] {logging_mixin.py:188} INFO - [2024-10-29T23:57:42.597+0000] {dag.py:3834} INFO - Setting next_dagrun for example_params_trigger_ui to None, run_after=None
[2024-10-29T23:57:42.624+0000] {processor.py:183} INFO - Processing /home/airflow/.local/lib/python3.8/site-packages/airflow/example_dags/example_params_trigger_ui.py took 0.265 seconds
[2024-10-29T23:58:13.378+0000] {processor.py:161} INFO - Started process (PID=2688) to work on /home/airflow/.local/lib/python3.8/site-packages/airflow/example_dags/example_params_trigger_ui.py
[2024-10-29T23:58:13.379+0000] {processor.py:830} INFO - Processing file /home/airflow/.local/lib/python3.8/site-packages/airflow/example_dags/example_params_trigger_ui.py for tasks to queue
[2024-10-29T23:58:13.380+0000] {logging_mixin.py:188} INFO - [2024-10-29T23:58:13.380+0000] {dagbag.py:540} INFO - Filling up the DagBag from /home/airflow/.local/lib/python3.8/site-packages/airflow/example_dags/example_params_trigger_ui.py
[2024-10-29T23:58:13.392+0000] {processor.py:840} INFO - DAG(s) 'example_params_trigger_ui' retrieved from /home/airflow/.local/lib/python3.8/site-packages/airflow/example_dags/example_params_trigger_ui.py
[2024-10-29T23:58:13.457+0000] {logging_mixin.py:188} INFO - [2024-10-29T23:58:13.457+0000] {dag.py:3047} INFO - Sync 1 DAGs
[2024-10-29T23:58:13.467+0000] {logging_mixin.py:188} INFO - [2024-10-29T23:58:13.467+0000] {dag.py:3834} INFO - Setting next_dagrun for example_params_trigger_ui to None, run_after=None
[2024-10-29T23:58:13.481+0000] {processor.py:183} INFO - Processing /home/airflow/.local/lib/python3.8/site-packages/airflow/example_dags/example_params_trigger_ui.py took 0.106 seconds
[2024-10-29T23:58:44.194+0000] {processor.py:161} INFO - Started process (PID=2744) to work on /home/airflow/.local/lib/python3.8/site-packages/airflow/example_dags/example_params_trigger_ui.py
[2024-10-29T23:58:44.201+0000] {processor.py:830} INFO - Processing file /home/airflow/.local/lib/python3.8/site-packages/airflow/example_dags/example_params_trigger_ui.py for tasks to queue
[2024-10-29T23:58:44.206+0000] {logging_mixin.py:188} INFO - [2024-10-29T23:58:44.205+0000] {dagbag.py:540} INFO - Filling up the DagBag from /home/airflow/.local/lib/python3.8/site-packages/airflow/example_dags/example_params_trigger_ui.py
[2024-10-29T23:58:44.247+0000] {processor.py:840} INFO - DAG(s) 'example_params_trigger_ui' retrieved from /home/airflow/.local/lib/python3.8/site-packages/airflow/example_dags/example_params_trigger_ui.py
[2024-10-29T23:58:44.490+0000] {logging_mixin.py:188} INFO - [2024-10-29T23:58:44.490+0000] {dag.py:3047} INFO - Sync 1 DAGs
[2024-10-29T23:58:44.515+0000] {logging_mixin.py:188} INFO - [2024-10-29T23:58:44.514+0000] {dag.py:3834} INFO - Setting next_dagrun for example_params_trigger_ui to None, run_after=None
[2024-10-29T23:58:44.540+0000] {processor.py:183} INFO - Processing /home/airflow/.local/lib/python3.8/site-packages/airflow/example_dags/example_params_trigger_ui.py took 0.354 seconds
[2024-10-29T23:59:14.580+0000] {processor.py:161} INFO - Started process (PID=2800) to work on /home/airflow/.local/lib/python3.8/site-packages/airflow/example_dags/example_params_trigger_ui.py
[2024-10-29T23:59:14.585+0000] {processor.py:830} INFO - Processing file /home/airflow/.local/lib/python3.8/site-packages/airflow/example_dags/example_params_trigger_ui.py for tasks to queue
[2024-10-29T23:59:14.588+0000] {logging_mixin.py:188} INFO - [2024-10-29T23:59:14.587+0000] {dagbag.py:540} INFO - Filling up the DagBag from /home/airflow/.local/lib/python3.8/site-packages/airflow/example_dags/example_params_trigger_ui.py
[2024-10-29T23:59:14.602+0000] {processor.py:840} INFO - DAG(s) 'example_params_trigger_ui' retrieved from /home/airflow/.local/lib/python3.8/site-packages/airflow/example_dags/example_params_trigger_ui.py
[2024-10-29T23:59:14.675+0000] {logging_mixin.py:188} INFO - [2024-10-29T23:59:14.675+0000] {dag.py:3047} INFO - Sync 1 DAGs
[2024-10-29T23:59:14.690+0000] {logging_mixin.py:188} INFO - [2024-10-29T23:59:14.690+0000] {dag.py:3834} INFO - Setting next_dagrun for example_params_trigger_ui to None, run_after=None
[2024-10-29T23:59:14.715+0000] {processor.py:183} INFO - Processing /home/airflow/.local/lib/python3.8/site-packages/airflow/example_dags/example_params_trigger_ui.py took 0.138 seconds
[2024-10-29T23:59:44.912+0000] {processor.py:161} INFO - Started process (PID=2856) to work on /home/airflow/.local/lib/python3.8/site-packages/airflow/example_dags/example_params_trigger_ui.py
[2024-10-29T23:59:44.917+0000] {processor.py:830} INFO - Processing file /home/airflow/.local/lib/python3.8/site-packages/airflow/example_dags/example_params_trigger_ui.py for tasks to queue
[2024-10-29T23:59:44.920+0000] {logging_mixin.py:188} INFO - [2024-10-29T23:59:44.920+0000] {dagbag.py:540} INFO - Filling up the DagBag from /home/airflow/.local/lib/python3.8/site-packages/airflow/example_dags/example_params_trigger_ui.py
[2024-10-29T23:59:44.939+0000] {processor.py:840} INFO - DAG(s) 'example_params_trigger_ui' retrieved from /home/airflow/.local/lib/python3.8/site-packages/airflow/example_dags/example_params_trigger_ui.py
[2024-10-29T23:59:45.038+0000] {logging_mixin.py:188} INFO - [2024-10-29T23:59:45.037+0000] {dag.py:3047} INFO - Sync 1 DAGs
[2024-10-29T23:59:45.051+0000] {logging_mixin.py:188} INFO - [2024-10-29T23:59:45.050+0000] {dag.py:3834} INFO - Setting next_dagrun for example_params_trigger_ui to None, run_after=None
[2024-10-29T23:59:45.069+0000] {processor.py:183} INFO - Processing /home/airflow/.local/lib/python3.8/site-packages/airflow/example_dags/example_params_trigger_ui.py took 0.163 seconds
