[2024-10-29T23:27:21.562+0000] {processor.py:161} INFO - Started process (PID=16632) to work on /home/airflow/.local/lib/python3.8/site-packages/airflow/example_dags/tutorial.py
[2024-10-29T23:27:21.563+0000] {processor.py:830} INFO - Processing file /home/airflow/.local/lib/python3.8/site-packages/airflow/example_dags/tutorial.py for tasks to queue
[2024-10-29T23:27:21.564+0000] {logging_mixin.py:188} INFO - [2024-10-29T23:27:21.564+0000] {dagbag.py:540} INFO - Filling up the DagBag from /home/airflow/.local/lib/python3.8/site-packages/airflow/example_dags/tutorial.py
[2024-10-29T23:27:21.570+0000] {processor.py:840} INFO - DAG(s) 'tutorial' retrieved from /home/airflow/.local/lib/python3.8/site-packages/airflow/example_dags/tutorial.py
[2024-10-29T23:27:21.614+0000] {logging_mixin.py:188} INFO - [2024-10-29T23:27:21.614+0000] {dag.py:3047} INFO - Sync 1 DAGs
[2024-10-29T23:27:21.641+0000] {logging_mixin.py:188} INFO - [2024-10-29T23:27:21.641+0000] {dag.py:3834} INFO - Setting next_dagrun for tutorial to 2024-10-28 00:00:00+00:00, run_after=2024-10-29 00:00:00+00:00
[2024-10-29T23:27:21.690+0000] {processor.py:183} INFO - Processing /home/airflow/.local/lib/python3.8/site-packages/airflow/example_dags/tutorial.py took 0.131 seconds
[2024-10-29T23:27:51.733+0000] {processor.py:161} INFO - Started process (PID=16688) to work on /home/airflow/.local/lib/python3.8/site-packages/airflow/example_dags/tutorial.py
[2024-10-29T23:27:51.734+0000] {processor.py:830} INFO - Processing file /home/airflow/.local/lib/python3.8/site-packages/airflow/example_dags/tutorial.py for tasks to queue
[2024-10-29T23:27:51.735+0000] {logging_mixin.py:188} INFO - [2024-10-29T23:27:51.735+0000] {dagbag.py:540} INFO - Filling up the DagBag from /home/airflow/.local/lib/python3.8/site-packages/airflow/example_dags/tutorial.py
[2024-10-29T23:27:51.739+0000] {processor.py:840} INFO - DAG(s) 'tutorial' retrieved from /home/airflow/.local/lib/python3.8/site-packages/airflow/example_dags/tutorial.py
[2024-10-29T23:27:51.755+0000] {logging_mixin.py:188} INFO - [2024-10-29T23:27:51.755+0000] {dag.py:3047} INFO - Sync 1 DAGs
[2024-10-29T23:27:51.774+0000] {logging_mixin.py:188} INFO - [2024-10-29T23:27:51.774+0000] {dag.py:3834} INFO - Setting next_dagrun for tutorial to 2024-10-28 00:00:00+00:00, run_after=2024-10-29 00:00:00+00:00
[2024-10-29T23:27:51.790+0000] {processor.py:183} INFO - Processing /home/airflow/.local/lib/python3.8/site-packages/airflow/example_dags/tutorial.py took 0.059 seconds
[2024-10-29T23:28:22.423+0000] {processor.py:161} INFO - Started process (PID=16744) to work on /home/airflow/.local/lib/python3.8/site-packages/airflow/example_dags/tutorial.py
[2024-10-29T23:28:22.423+0000] {processor.py:830} INFO - Processing file /home/airflow/.local/lib/python3.8/site-packages/airflow/example_dags/tutorial.py for tasks to queue
[2024-10-29T23:28:22.425+0000] {logging_mixin.py:188} INFO - [2024-10-29T23:28:22.425+0000] {dagbag.py:540} INFO - Filling up the DagBag from /home/airflow/.local/lib/python3.8/site-packages/airflow/example_dags/tutorial.py
[2024-10-29T23:28:22.430+0000] {processor.py:840} INFO - DAG(s) 'tutorial' retrieved from /home/airflow/.local/lib/python3.8/site-packages/airflow/example_dags/tutorial.py
[2024-10-29T23:28:22.447+0000] {logging_mixin.py:188} INFO - [2024-10-29T23:28:22.446+0000] {dag.py:3047} INFO - Sync 1 DAGs
[2024-10-29T23:28:22.467+0000] {logging_mixin.py:188} INFO - [2024-10-29T23:28:22.467+0000] {dag.py:3834} INFO - Setting next_dagrun for tutorial to 2024-10-28 00:00:00+00:00, run_after=2024-10-29 00:00:00+00:00
[2024-10-29T23:28:22.481+0000] {processor.py:183} INFO - Processing /home/airflow/.local/lib/python3.8/site-packages/airflow/example_dags/tutorial.py took 0.061 seconds
[2024-10-29T23:28:53.134+0000] {processor.py:161} INFO - Started process (PID=16800) to work on /home/airflow/.local/lib/python3.8/site-packages/airflow/example_dags/tutorial.py
[2024-10-29T23:28:53.135+0000] {processor.py:830} INFO - Processing file /home/airflow/.local/lib/python3.8/site-packages/airflow/example_dags/tutorial.py for tasks to queue
[2024-10-29T23:28:53.137+0000] {logging_mixin.py:188} INFO - [2024-10-29T23:28:53.136+0000] {dagbag.py:540} INFO - Filling up the DagBag from /home/airflow/.local/lib/python3.8/site-packages/airflow/example_dags/tutorial.py
[2024-10-29T23:28:53.144+0000] {processor.py:840} INFO - DAG(s) 'tutorial' retrieved from /home/airflow/.local/lib/python3.8/site-packages/airflow/example_dags/tutorial.py
[2024-10-29T23:28:53.173+0000] {logging_mixin.py:188} INFO - [2024-10-29T23:28:53.172+0000] {dag.py:3047} INFO - Sync 1 DAGs
[2024-10-29T23:28:53.201+0000] {logging_mixin.py:188} INFO - [2024-10-29T23:28:53.200+0000] {dag.py:3834} INFO - Setting next_dagrun for tutorial to 2024-10-28 00:00:00+00:00, run_after=2024-10-29 00:00:00+00:00
[2024-10-29T23:28:53.226+0000] {processor.py:183} INFO - Processing /home/airflow/.local/lib/python3.8/site-packages/airflow/example_dags/tutorial.py took 0.095 seconds
[2024-10-29T23:29:23.375+0000] {processor.py:161} INFO - Started process (PID=16856) to work on /home/airflow/.local/lib/python3.8/site-packages/airflow/example_dags/tutorial.py
[2024-10-29T23:29:23.376+0000] {processor.py:830} INFO - Processing file /home/airflow/.local/lib/python3.8/site-packages/airflow/example_dags/tutorial.py for tasks to queue
[2024-10-29T23:29:23.378+0000] {logging_mixin.py:188} INFO - [2024-10-29T23:29:23.378+0000] {dagbag.py:540} INFO - Filling up the DagBag from /home/airflow/.local/lib/python3.8/site-packages/airflow/example_dags/tutorial.py
[2024-10-29T23:29:23.383+0000] {processor.py:840} INFO - DAG(s) 'tutorial' retrieved from /home/airflow/.local/lib/python3.8/site-packages/airflow/example_dags/tutorial.py
[2024-10-29T23:29:23.410+0000] {logging_mixin.py:188} INFO - [2024-10-29T23:29:23.410+0000] {dag.py:3047} INFO - Sync 1 DAGs
[2024-10-29T23:29:23.439+0000] {logging_mixin.py:188} INFO - [2024-10-29T23:29:23.439+0000] {dag.py:3834} INFO - Setting next_dagrun for tutorial to 2024-10-28 00:00:00+00:00, run_after=2024-10-29 00:00:00+00:00
[2024-10-29T23:29:23.466+0000] {processor.py:183} INFO - Processing /home/airflow/.local/lib/python3.8/site-packages/airflow/example_dags/tutorial.py took 0.093 seconds
[2024-10-29T23:29:53.770+0000] {processor.py:161} INFO - Started process (PID=16912) to work on /home/airflow/.local/lib/python3.8/site-packages/airflow/example_dags/tutorial.py
[2024-10-29T23:29:53.771+0000] {processor.py:830} INFO - Processing file /home/airflow/.local/lib/python3.8/site-packages/airflow/example_dags/tutorial.py for tasks to queue
[2024-10-29T23:29:53.772+0000] {logging_mixin.py:188} INFO - [2024-10-29T23:29:53.772+0000] {dagbag.py:540} INFO - Filling up the DagBag from /home/airflow/.local/lib/python3.8/site-packages/airflow/example_dags/tutorial.py
[2024-10-29T23:29:53.777+0000] {processor.py:840} INFO - DAG(s) 'tutorial' retrieved from /home/airflow/.local/lib/python3.8/site-packages/airflow/example_dags/tutorial.py
[2024-10-29T23:29:53.795+0000] {logging_mixin.py:188} INFO - [2024-10-29T23:29:53.795+0000] {dag.py:3047} INFO - Sync 1 DAGs
[2024-10-29T23:29:53.816+0000] {logging_mixin.py:188} INFO - [2024-10-29T23:29:53.816+0000] {dag.py:3834} INFO - Setting next_dagrun for tutorial to 2024-10-28 00:00:00+00:00, run_after=2024-10-29 00:00:00+00:00
[2024-10-29T23:29:53.833+0000] {processor.py:183} INFO - Processing /home/airflow/.local/lib/python3.8/site-packages/airflow/example_dags/tutorial.py took 0.066 seconds
[2024-10-29T23:30:24.201+0000] {processor.py:161} INFO - Started process (PID=16968) to work on /home/airflow/.local/lib/python3.8/site-packages/airflow/example_dags/tutorial.py
[2024-10-29T23:30:24.202+0000] {processor.py:830} INFO - Processing file /home/airflow/.local/lib/python3.8/site-packages/airflow/example_dags/tutorial.py for tasks to queue
[2024-10-29T23:30:24.204+0000] {logging_mixin.py:188} INFO - [2024-10-29T23:30:24.204+0000] {dagbag.py:540} INFO - Filling up the DagBag from /home/airflow/.local/lib/python3.8/site-packages/airflow/example_dags/tutorial.py
[2024-10-29T23:30:24.209+0000] {processor.py:840} INFO - DAG(s) 'tutorial' retrieved from /home/airflow/.local/lib/python3.8/site-packages/airflow/example_dags/tutorial.py
[2024-10-29T23:30:24.227+0000] {logging_mixin.py:188} INFO - [2024-10-29T23:30:24.227+0000] {dag.py:3047} INFO - Sync 1 DAGs
[2024-10-29T23:30:24.251+0000] {logging_mixin.py:188} INFO - [2024-10-29T23:30:24.250+0000] {dag.py:3834} INFO - Setting next_dagrun for tutorial to 2024-10-28 00:00:00+00:00, run_after=2024-10-29 00:00:00+00:00
[2024-10-29T23:30:24.268+0000] {processor.py:183} INFO - Processing /home/airflow/.local/lib/python3.8/site-packages/airflow/example_dags/tutorial.py took 0.069 seconds
[2024-10-29T23:30:54.741+0000] {processor.py:161} INFO - Started process (PID=17023) to work on /home/airflow/.local/lib/python3.8/site-packages/airflow/example_dags/tutorial.py
[2024-10-29T23:30:54.742+0000] {processor.py:830} INFO - Processing file /home/airflow/.local/lib/python3.8/site-packages/airflow/example_dags/tutorial.py for tasks to queue
[2024-10-29T23:30:54.743+0000] {logging_mixin.py:188} INFO - [2024-10-29T23:30:54.743+0000] {dagbag.py:540} INFO - Filling up the DagBag from /home/airflow/.local/lib/python3.8/site-packages/airflow/example_dags/tutorial.py
[2024-10-29T23:30:54.748+0000] {processor.py:840} INFO - DAG(s) 'tutorial' retrieved from /home/airflow/.local/lib/python3.8/site-packages/airflow/example_dags/tutorial.py
[2024-10-29T23:30:54.764+0000] {logging_mixin.py:188} INFO - [2024-10-29T23:30:54.763+0000] {dag.py:3047} INFO - Sync 1 DAGs
[2024-10-29T23:30:54.783+0000] {logging_mixin.py:188} INFO - [2024-10-29T23:30:54.782+0000] {dag.py:3834} INFO - Setting next_dagrun for tutorial to 2024-10-28 00:00:00+00:00, run_after=2024-10-29 00:00:00+00:00
[2024-10-29T23:30:54.797+0000] {processor.py:183} INFO - Processing /home/airflow/.local/lib/python3.8/site-packages/airflow/example_dags/tutorial.py took 0.058 seconds
[2024-10-29T23:31:25.340+0000] {processor.py:161} INFO - Started process (PID=17079) to work on /home/airflow/.local/lib/python3.8/site-packages/airflow/example_dags/tutorial.py
[2024-10-29T23:31:25.341+0000] {processor.py:830} INFO - Processing file /home/airflow/.local/lib/python3.8/site-packages/airflow/example_dags/tutorial.py for tasks to queue
[2024-10-29T23:31:25.342+0000] {logging_mixin.py:188} INFO - [2024-10-29T23:31:25.342+0000] {dagbag.py:540} INFO - Filling up the DagBag from /home/airflow/.local/lib/python3.8/site-packages/airflow/example_dags/tutorial.py
[2024-10-29T23:31:25.349+0000] {processor.py:840} INFO - DAG(s) 'tutorial' retrieved from /home/airflow/.local/lib/python3.8/site-packages/airflow/example_dags/tutorial.py
[2024-10-29T23:31:25.369+0000] {logging_mixin.py:188} INFO - [2024-10-29T23:31:25.368+0000] {dag.py:3047} INFO - Sync 1 DAGs
[2024-10-29T23:31:25.400+0000] {logging_mixin.py:188} INFO - [2024-10-29T23:31:25.400+0000] {dag.py:3834} INFO - Setting next_dagrun for tutorial to 2024-10-28 00:00:00+00:00, run_after=2024-10-29 00:00:00+00:00
[2024-10-29T23:31:25.418+0000] {processor.py:183} INFO - Processing /home/airflow/.local/lib/python3.8/site-packages/airflow/example_dags/tutorial.py took 0.081 seconds
[2024-10-29T23:31:56.033+0000] {processor.py:161} INFO - Started process (PID=17135) to work on /home/airflow/.local/lib/python3.8/site-packages/airflow/example_dags/tutorial.py
[2024-10-29T23:31:56.034+0000] {processor.py:830} INFO - Processing file /home/airflow/.local/lib/python3.8/site-packages/airflow/example_dags/tutorial.py for tasks to queue
[2024-10-29T23:31:56.035+0000] {logging_mixin.py:188} INFO - [2024-10-29T23:31:56.035+0000] {dagbag.py:540} INFO - Filling up the DagBag from /home/airflow/.local/lib/python3.8/site-packages/airflow/example_dags/tutorial.py
[2024-10-29T23:31:56.039+0000] {processor.py:840} INFO - DAG(s) 'tutorial' retrieved from /home/airflow/.local/lib/python3.8/site-packages/airflow/example_dags/tutorial.py
[2024-10-29T23:31:56.055+0000] {logging_mixin.py:188} INFO - [2024-10-29T23:31:56.054+0000] {dag.py:3047} INFO - Sync 1 DAGs
[2024-10-29T23:31:56.074+0000] {logging_mixin.py:188} INFO - [2024-10-29T23:31:56.074+0000] {dag.py:3834} INFO - Setting next_dagrun for tutorial to 2024-10-28 00:00:00+00:00, run_after=2024-10-29 00:00:00+00:00
[2024-10-29T23:31:56.089+0000] {processor.py:183} INFO - Processing /home/airflow/.local/lib/python3.8/site-packages/airflow/example_dags/tutorial.py took 0.058 seconds
[2024-10-29T23:32:26.786+0000] {processor.py:161} INFO - Started process (PID=17190) to work on /home/airflow/.local/lib/python3.8/site-packages/airflow/example_dags/tutorial.py
[2024-10-29T23:32:26.787+0000] {processor.py:830} INFO - Processing file /home/airflow/.local/lib/python3.8/site-packages/airflow/example_dags/tutorial.py for tasks to queue
[2024-10-29T23:32:26.789+0000] {logging_mixin.py:188} INFO - [2024-10-29T23:32:26.789+0000] {dagbag.py:540} INFO - Filling up the DagBag from /home/airflow/.local/lib/python3.8/site-packages/airflow/example_dags/tutorial.py
[2024-10-29T23:32:26.795+0000] {processor.py:840} INFO - DAG(s) 'tutorial' retrieved from /home/airflow/.local/lib/python3.8/site-packages/airflow/example_dags/tutorial.py
[2024-10-29T23:32:26.821+0000] {logging_mixin.py:188} INFO - [2024-10-29T23:32:26.820+0000] {dag.py:3047} INFO - Sync 1 DAGs
[2024-10-29T23:32:26.851+0000] {logging_mixin.py:188} INFO - [2024-10-29T23:32:26.850+0000] {dag.py:3834} INFO - Setting next_dagrun for tutorial to 2024-10-28 00:00:00+00:00, run_after=2024-10-29 00:00:00+00:00
[2024-10-29T23:32:26.876+0000] {processor.py:183} INFO - Processing /home/airflow/.local/lib/python3.8/site-packages/airflow/example_dags/tutorial.py took 0.093 seconds
[2024-10-29T23:32:57.224+0000] {processor.py:161} INFO - Started process (PID=17246) to work on /home/airflow/.local/lib/python3.8/site-packages/airflow/example_dags/tutorial.py
[2024-10-29T23:32:57.225+0000] {processor.py:830} INFO - Processing file /home/airflow/.local/lib/python3.8/site-packages/airflow/example_dags/tutorial.py for tasks to queue
[2024-10-29T23:32:57.226+0000] {logging_mixin.py:188} INFO - [2024-10-29T23:32:57.226+0000] {dagbag.py:540} INFO - Filling up the DagBag from /home/airflow/.local/lib/python3.8/site-packages/airflow/example_dags/tutorial.py
[2024-10-29T23:32:57.232+0000] {processor.py:840} INFO - DAG(s) 'tutorial' retrieved from /home/airflow/.local/lib/python3.8/site-packages/airflow/example_dags/tutorial.py
[2024-10-29T23:32:57.258+0000] {logging_mixin.py:188} INFO - [2024-10-29T23:32:57.258+0000] {dag.py:3047} INFO - Sync 1 DAGs
[2024-10-29T23:32:57.288+0000] {logging_mixin.py:188} INFO - [2024-10-29T23:32:57.288+0000] {dag.py:3834} INFO - Setting next_dagrun for tutorial to 2024-10-28 00:00:00+00:00, run_after=2024-10-29 00:00:00+00:00
[2024-10-29T23:32:57.308+0000] {processor.py:183} INFO - Processing /home/airflow/.local/lib/python3.8/site-packages/airflow/example_dags/tutorial.py took 0.087 seconds
[2024-10-29T23:34:16.604+0000] {processor.py:161} INFO - Started process (PID=45) to work on /home/airflow/.local/lib/python3.8/site-packages/airflow/example_dags/tutorial.py
[2024-10-29T23:34:16.605+0000] {processor.py:830} INFO - Processing file /home/airflow/.local/lib/python3.8/site-packages/airflow/example_dags/tutorial.py for tasks to queue
[2024-10-29T23:34:16.607+0000] {logging_mixin.py:188} INFO - [2024-10-29T23:34:16.606+0000] {dagbag.py:540} INFO - Filling up the DagBag from /home/airflow/.local/lib/python3.8/site-packages/airflow/example_dags/tutorial.py
[2024-10-29T23:34:16.616+0000] {processor.py:840} INFO - DAG(s) 'tutorial' retrieved from /home/airflow/.local/lib/python3.8/site-packages/airflow/example_dags/tutorial.py
[2024-10-29T23:34:16.628+0000] {logging_mixin.py:188} INFO - [2024-10-29T23:34:16.628+0000] {dag.py:3047} INFO - Sync 1 DAGs
[2024-10-29T23:34:16.655+0000] {logging_mixin.py:188} INFO - [2024-10-29T23:34:16.655+0000] {dag.py:3834} INFO - Setting next_dagrun for tutorial to 2024-10-28 00:00:00+00:00, run_after=2024-10-29 00:00:00+00:00
[2024-10-29T23:34:16.678+0000] {processor.py:183} INFO - Processing /home/airflow/.local/lib/python3.8/site-packages/airflow/example_dags/tutorial.py took 0.077 seconds
[2024-10-29T23:34:47.761+0000] {processor.py:161} INFO - Started process (PID=101) to work on /home/airflow/.local/lib/python3.8/site-packages/airflow/example_dags/tutorial.py
[2024-10-29T23:34:47.762+0000] {processor.py:830} INFO - Processing file /home/airflow/.local/lib/python3.8/site-packages/airflow/example_dags/tutorial.py for tasks to queue
[2024-10-29T23:34:47.763+0000] {logging_mixin.py:188} INFO - [2024-10-29T23:34:47.763+0000] {dagbag.py:540} INFO - Filling up the DagBag from /home/airflow/.local/lib/python3.8/site-packages/airflow/example_dags/tutorial.py
[2024-10-29T23:34:47.768+0000] {processor.py:840} INFO - DAG(s) 'tutorial' retrieved from /home/airflow/.local/lib/python3.8/site-packages/airflow/example_dags/tutorial.py
[2024-10-29T23:34:47.868+0000] {logging_mixin.py:188} INFO - [2024-10-29T23:34:47.868+0000] {dag.py:3047} INFO - Sync 1 DAGs
[2024-10-29T23:34:47.889+0000] {logging_mixin.py:188} INFO - [2024-10-29T23:34:47.889+0000] {dag.py:3834} INFO - Setting next_dagrun for tutorial to 2024-10-28 00:00:00+00:00, run_after=2024-10-29 00:00:00+00:00
[2024-10-29T23:34:47.906+0000] {processor.py:183} INFO - Processing /home/airflow/.local/lib/python3.8/site-packages/airflow/example_dags/tutorial.py took 0.148 seconds
[2024-10-29T23:35:18.541+0000] {processor.py:161} INFO - Started process (PID=157) to work on /home/airflow/.local/lib/python3.8/site-packages/airflow/example_dags/tutorial.py
[2024-10-29T23:35:18.542+0000] {processor.py:830} INFO - Processing file /home/airflow/.local/lib/python3.8/site-packages/airflow/example_dags/tutorial.py for tasks to queue
[2024-10-29T23:35:18.545+0000] {logging_mixin.py:188} INFO - [2024-10-29T23:35:18.544+0000] {dagbag.py:540} INFO - Filling up the DagBag from /home/airflow/.local/lib/python3.8/site-packages/airflow/example_dags/tutorial.py
[2024-10-29T23:35:18.552+0000] {processor.py:840} INFO - DAG(s) 'tutorial' retrieved from /home/airflow/.local/lib/python3.8/site-packages/airflow/example_dags/tutorial.py
[2024-10-29T23:35:18.575+0000] {logging_mixin.py:188} INFO - [2024-10-29T23:35:18.575+0000] {dag.py:3047} INFO - Sync 1 DAGs
[2024-10-29T23:35:18.604+0000] {logging_mixin.py:188} INFO - [2024-10-29T23:35:18.604+0000] {dag.py:3834} INFO - Setting next_dagrun for tutorial to 2024-10-28 00:00:00+00:00, run_after=2024-10-29 00:00:00+00:00
[2024-10-29T23:35:18.627+0000] {processor.py:183} INFO - Processing /home/airflow/.local/lib/python3.8/site-packages/airflow/example_dags/tutorial.py took 0.089 seconds
[2024-10-29T23:35:48.699+0000] {processor.py:161} INFO - Started process (PID=213) to work on /home/airflow/.local/lib/python3.8/site-packages/airflow/example_dags/tutorial.py
[2024-10-29T23:35:48.700+0000] {processor.py:830} INFO - Processing file /home/airflow/.local/lib/python3.8/site-packages/airflow/example_dags/tutorial.py for tasks to queue
[2024-10-29T23:35:48.701+0000] {logging_mixin.py:188} INFO - [2024-10-29T23:35:48.701+0000] {dagbag.py:540} INFO - Filling up the DagBag from /home/airflow/.local/lib/python3.8/site-packages/airflow/example_dags/tutorial.py
[2024-10-29T23:35:48.706+0000] {processor.py:840} INFO - DAG(s) 'tutorial' retrieved from /home/airflow/.local/lib/python3.8/site-packages/airflow/example_dags/tutorial.py
[2024-10-29T23:35:48.725+0000] {logging_mixin.py:188} INFO - [2024-10-29T23:35:48.725+0000] {dag.py:3047} INFO - Sync 1 DAGs
[2024-10-29T23:35:48.745+0000] {logging_mixin.py:188} INFO - [2024-10-29T23:35:48.745+0000] {dag.py:3834} INFO - Setting next_dagrun for tutorial to 2024-10-28 00:00:00+00:00, run_after=2024-10-29 00:00:00+00:00
[2024-10-29T23:35:48.762+0000] {processor.py:183} INFO - Processing /home/airflow/.local/lib/python3.8/site-packages/airflow/example_dags/tutorial.py took 0.066 seconds
[2024-10-29T23:36:18.969+0000] {processor.py:161} INFO - Started process (PID=269) to work on /home/airflow/.local/lib/python3.8/site-packages/airflow/example_dags/tutorial.py
[2024-10-29T23:36:18.970+0000] {processor.py:830} INFO - Processing file /home/airflow/.local/lib/python3.8/site-packages/airflow/example_dags/tutorial.py for tasks to queue
[2024-10-29T23:36:18.971+0000] {logging_mixin.py:188} INFO - [2024-10-29T23:36:18.971+0000] {dagbag.py:540} INFO - Filling up the DagBag from /home/airflow/.local/lib/python3.8/site-packages/airflow/example_dags/tutorial.py
[2024-10-29T23:36:18.976+0000] {processor.py:840} INFO - DAG(s) 'tutorial' retrieved from /home/airflow/.local/lib/python3.8/site-packages/airflow/example_dags/tutorial.py
[2024-10-29T23:36:18.995+0000] {logging_mixin.py:188} INFO - [2024-10-29T23:36:18.995+0000] {dag.py:3047} INFO - Sync 1 DAGs
[2024-10-29T23:36:19.017+0000] {logging_mixin.py:188} INFO - [2024-10-29T23:36:19.017+0000] {dag.py:3834} INFO - Setting next_dagrun for tutorial to 2024-10-28 00:00:00+00:00, run_after=2024-10-29 00:00:00+00:00
[2024-10-29T23:36:19.034+0000] {processor.py:183} INFO - Processing /home/airflow/.local/lib/python3.8/site-packages/airflow/example_dags/tutorial.py took 0.068 seconds
[2024-10-29T23:36:49.540+0000] {processor.py:161} INFO - Started process (PID=325) to work on /home/airflow/.local/lib/python3.8/site-packages/airflow/example_dags/tutorial.py
[2024-10-29T23:36:49.540+0000] {processor.py:830} INFO - Processing file /home/airflow/.local/lib/python3.8/site-packages/airflow/example_dags/tutorial.py for tasks to queue
[2024-10-29T23:36:49.542+0000] {logging_mixin.py:188} INFO - [2024-10-29T23:36:49.542+0000] {dagbag.py:540} INFO - Filling up the DagBag from /home/airflow/.local/lib/python3.8/site-packages/airflow/example_dags/tutorial.py
[2024-10-29T23:36:49.547+0000] {processor.py:840} INFO - DAG(s) 'tutorial' retrieved from /home/airflow/.local/lib/python3.8/site-packages/airflow/example_dags/tutorial.py
[2024-10-29T23:36:49.565+0000] {logging_mixin.py:188} INFO - [2024-10-29T23:36:49.564+0000] {dag.py:3047} INFO - Sync 1 DAGs
[2024-10-29T23:36:49.586+0000] {logging_mixin.py:188} INFO - [2024-10-29T23:36:49.586+0000] {dag.py:3834} INFO - Setting next_dagrun for tutorial to 2024-10-28 00:00:00+00:00, run_after=2024-10-29 00:00:00+00:00
[2024-10-29T23:36:49.603+0000] {processor.py:183} INFO - Processing /home/airflow/.local/lib/python3.8/site-packages/airflow/example_dags/tutorial.py took 0.066 seconds
[2024-10-29T23:37:19.850+0000] {processor.py:161} INFO - Started process (PID=381) to work on /home/airflow/.local/lib/python3.8/site-packages/airflow/example_dags/tutorial.py
[2024-10-29T23:37:19.851+0000] {processor.py:830} INFO - Processing file /home/airflow/.local/lib/python3.8/site-packages/airflow/example_dags/tutorial.py for tasks to queue
[2024-10-29T23:37:19.853+0000] {logging_mixin.py:188} INFO - [2024-10-29T23:37:19.853+0000] {dagbag.py:540} INFO - Filling up the DagBag from /home/airflow/.local/lib/python3.8/site-packages/airflow/example_dags/tutorial.py
[2024-10-29T23:37:19.859+0000] {processor.py:840} INFO - DAG(s) 'tutorial' retrieved from /home/airflow/.local/lib/python3.8/site-packages/airflow/example_dags/tutorial.py
[2024-10-29T23:37:19.887+0000] {logging_mixin.py:188} INFO - [2024-10-29T23:37:19.886+0000] {dag.py:3047} INFO - Sync 1 DAGs
[2024-10-29T23:37:19.923+0000] {logging_mixin.py:188} INFO - [2024-10-29T23:37:19.923+0000] {dag.py:3834} INFO - Setting next_dagrun for tutorial to 2024-10-28 00:00:00+00:00, run_after=2024-10-29 00:00:00+00:00
[2024-10-29T23:37:19.952+0000] {processor.py:183} INFO - Processing /home/airflow/.local/lib/python3.8/site-packages/airflow/example_dags/tutorial.py took 0.104 seconds
[2024-10-29T23:37:50.567+0000] {processor.py:161} INFO - Started process (PID=437) to work on /home/airflow/.local/lib/python3.8/site-packages/airflow/example_dags/tutorial.py
[2024-10-29T23:37:50.568+0000] {processor.py:830} INFO - Processing file /home/airflow/.local/lib/python3.8/site-packages/airflow/example_dags/tutorial.py for tasks to queue
[2024-10-29T23:37:50.571+0000] {logging_mixin.py:188} INFO - [2024-10-29T23:37:50.570+0000] {dagbag.py:540} INFO - Filling up the DagBag from /home/airflow/.local/lib/python3.8/site-packages/airflow/example_dags/tutorial.py
[2024-10-29T23:37:50.579+0000] {processor.py:840} INFO - DAG(s) 'tutorial' retrieved from /home/airflow/.local/lib/python3.8/site-packages/airflow/example_dags/tutorial.py
[2024-10-29T23:37:50.613+0000] {logging_mixin.py:188} INFO - [2024-10-29T23:37:50.612+0000] {dag.py:3047} INFO - Sync 1 DAGs
[2024-10-29T23:37:50.655+0000] {logging_mixin.py:188} INFO - [2024-10-29T23:37:50.654+0000] {dag.py:3834} INFO - Setting next_dagrun for tutorial to 2024-10-28 00:00:00+00:00, run_after=2024-10-29 00:00:00+00:00
[2024-10-29T23:37:50.683+0000] {processor.py:183} INFO - Processing /home/airflow/.local/lib/python3.8/site-packages/airflow/example_dags/tutorial.py took 0.122 seconds
[2024-10-29T23:38:21.045+0000] {processor.py:161} INFO - Started process (PID=493) to work on /home/airflow/.local/lib/python3.8/site-packages/airflow/example_dags/tutorial.py
[2024-10-29T23:38:21.046+0000] {processor.py:830} INFO - Processing file /home/airflow/.local/lib/python3.8/site-packages/airflow/example_dags/tutorial.py for tasks to queue
[2024-10-29T23:38:21.048+0000] {logging_mixin.py:188} INFO - [2024-10-29T23:38:21.048+0000] {dagbag.py:540} INFO - Filling up the DagBag from /home/airflow/.local/lib/python3.8/site-packages/airflow/example_dags/tutorial.py
[2024-10-29T23:38:21.057+0000] {processor.py:840} INFO - DAG(s) 'tutorial' retrieved from /home/airflow/.local/lib/python3.8/site-packages/airflow/example_dags/tutorial.py
[2024-10-29T23:38:21.087+0000] {logging_mixin.py:188} INFO - [2024-10-29T23:38:21.086+0000] {dag.py:3047} INFO - Sync 1 DAGs
[2024-10-29T23:38:21.126+0000] {logging_mixin.py:188} INFO - [2024-10-29T23:38:21.126+0000] {dag.py:3834} INFO - Setting next_dagrun for tutorial to 2024-10-28 00:00:00+00:00, run_after=2024-10-29 00:00:00+00:00
[2024-10-29T23:38:21.154+0000] {processor.py:183} INFO - Processing /home/airflow/.local/lib/python3.8/site-packages/airflow/example_dags/tutorial.py took 0.114 seconds
[2024-10-29T23:38:51.374+0000] {processor.py:161} INFO - Started process (PID=549) to work on /home/airflow/.local/lib/python3.8/site-packages/airflow/example_dags/tutorial.py
[2024-10-29T23:38:51.375+0000] {processor.py:830} INFO - Processing file /home/airflow/.local/lib/python3.8/site-packages/airflow/example_dags/tutorial.py for tasks to queue
[2024-10-29T23:38:51.376+0000] {logging_mixin.py:188} INFO - [2024-10-29T23:38:51.376+0000] {dagbag.py:540} INFO - Filling up the DagBag from /home/airflow/.local/lib/python3.8/site-packages/airflow/example_dags/tutorial.py
[2024-10-29T23:38:51.382+0000] {processor.py:840} INFO - DAG(s) 'tutorial' retrieved from /home/airflow/.local/lib/python3.8/site-packages/airflow/example_dags/tutorial.py
[2024-10-29T23:38:51.405+0000] {logging_mixin.py:188} INFO - [2024-10-29T23:38:51.405+0000] {dag.py:3047} INFO - Sync 1 DAGs
[2024-10-29T23:38:51.432+0000] {logging_mixin.py:188} INFO - [2024-10-29T23:38:51.432+0000] {dag.py:3834} INFO - Setting next_dagrun for tutorial to 2024-10-28 00:00:00+00:00, run_after=2024-10-29 00:00:00+00:00
[2024-10-29T23:38:51.454+0000] {processor.py:183} INFO - Processing /home/airflow/.local/lib/python3.8/site-packages/airflow/example_dags/tutorial.py took 0.084 seconds
[2024-10-29T23:39:21.771+0000] {processor.py:161} INFO - Started process (PID=605) to work on /home/airflow/.local/lib/python3.8/site-packages/airflow/example_dags/tutorial.py
[2024-10-29T23:39:21.772+0000] {processor.py:830} INFO - Processing file /home/airflow/.local/lib/python3.8/site-packages/airflow/example_dags/tutorial.py for tasks to queue
[2024-10-29T23:39:21.775+0000] {logging_mixin.py:188} INFO - [2024-10-29T23:39:21.774+0000] {dagbag.py:540} INFO - Filling up the DagBag from /home/airflow/.local/lib/python3.8/site-packages/airflow/example_dags/tutorial.py
[2024-10-29T23:39:21.784+0000] {processor.py:840} INFO - DAG(s) 'tutorial' retrieved from /home/airflow/.local/lib/python3.8/site-packages/airflow/example_dags/tutorial.py
[2024-10-29T23:39:21.814+0000] {logging_mixin.py:188} INFO - [2024-10-29T23:39:21.814+0000] {dag.py:3047} INFO - Sync 1 DAGs
[2024-10-29T23:39:21.857+0000] {logging_mixin.py:188} INFO - [2024-10-29T23:39:21.856+0000] {dag.py:3834} INFO - Setting next_dagrun for tutorial to 2024-10-28 00:00:00+00:00, run_after=2024-10-29 00:00:00+00:00
[2024-10-29T23:39:21.890+0000] {processor.py:183} INFO - Processing /home/airflow/.local/lib/python3.8/site-packages/airflow/example_dags/tutorial.py took 0.123 seconds
[2024-10-29T23:39:52.481+0000] {processor.py:161} INFO - Started process (PID=661) to work on /home/airflow/.local/lib/python3.8/site-packages/airflow/example_dags/tutorial.py
[2024-10-29T23:39:52.482+0000] {processor.py:830} INFO - Processing file /home/airflow/.local/lib/python3.8/site-packages/airflow/example_dags/tutorial.py for tasks to queue
[2024-10-29T23:39:52.484+0000] {logging_mixin.py:188} INFO - [2024-10-29T23:39:52.484+0000] {dagbag.py:540} INFO - Filling up the DagBag from /home/airflow/.local/lib/python3.8/site-packages/airflow/example_dags/tutorial.py
[2024-10-29T23:39:52.491+0000] {processor.py:840} INFO - DAG(s) 'tutorial' retrieved from /home/airflow/.local/lib/python3.8/site-packages/airflow/example_dags/tutorial.py
[2024-10-29T23:39:52.511+0000] {logging_mixin.py:188} INFO - [2024-10-29T23:39:52.510+0000] {dag.py:3047} INFO - Sync 1 DAGs
[2024-10-29T23:39:52.533+0000] {logging_mixin.py:188} INFO - [2024-10-29T23:39:52.532+0000] {dag.py:3834} INFO - Setting next_dagrun for tutorial to 2024-10-28 00:00:00+00:00, run_after=2024-10-29 00:00:00+00:00
[2024-10-29T23:39:52.550+0000] {processor.py:183} INFO - Processing /home/airflow/.local/lib/python3.8/site-packages/airflow/example_dags/tutorial.py took 0.074 seconds
[2024-10-29T23:40:22.810+0000] {processor.py:161} INFO - Started process (PID=716) to work on /home/airflow/.local/lib/python3.8/site-packages/airflow/example_dags/tutorial.py
[2024-10-29T23:40:22.811+0000] {processor.py:830} INFO - Processing file /home/airflow/.local/lib/python3.8/site-packages/airflow/example_dags/tutorial.py for tasks to queue
[2024-10-29T23:40:22.813+0000] {logging_mixin.py:188} INFO - [2024-10-29T23:40:22.813+0000] {dagbag.py:540} INFO - Filling up the DagBag from /home/airflow/.local/lib/python3.8/site-packages/airflow/example_dags/tutorial.py
[2024-10-29T23:40:22.820+0000] {processor.py:840} INFO - DAG(s) 'tutorial' retrieved from /home/airflow/.local/lib/python3.8/site-packages/airflow/example_dags/tutorial.py
[2024-10-29T23:40:22.843+0000] {logging_mixin.py:188} INFO - [2024-10-29T23:40:22.843+0000] {dag.py:3047} INFO - Sync 1 DAGs
[2024-10-29T23:40:22.873+0000] {logging_mixin.py:188} INFO - [2024-10-29T23:40:22.873+0000] {dag.py:3834} INFO - Setting next_dagrun for tutorial to 2024-10-28 00:00:00+00:00, run_after=2024-10-29 00:00:00+00:00
[2024-10-29T23:40:22.894+0000] {processor.py:183} INFO - Processing /home/airflow/.local/lib/python3.8/site-packages/airflow/example_dags/tutorial.py took 0.088 seconds
[2024-10-29T23:40:53.398+0000] {processor.py:161} INFO - Started process (PID=772) to work on /home/airflow/.local/lib/python3.8/site-packages/airflow/example_dags/tutorial.py
[2024-10-29T23:40:53.399+0000] {processor.py:830} INFO - Processing file /home/airflow/.local/lib/python3.8/site-packages/airflow/example_dags/tutorial.py for tasks to queue
[2024-10-29T23:40:53.401+0000] {logging_mixin.py:188} INFO - [2024-10-29T23:40:53.401+0000] {dagbag.py:540} INFO - Filling up the DagBag from /home/airflow/.local/lib/python3.8/site-packages/airflow/example_dags/tutorial.py
[2024-10-29T23:40:53.407+0000] {processor.py:840} INFO - DAG(s) 'tutorial' retrieved from /home/airflow/.local/lib/python3.8/site-packages/airflow/example_dags/tutorial.py
[2024-10-29T23:40:53.428+0000] {logging_mixin.py:188} INFO - [2024-10-29T23:40:53.427+0000] {dag.py:3047} INFO - Sync 1 DAGs
[2024-10-29T23:40:53.463+0000] {logging_mixin.py:188} INFO - [2024-10-29T23:40:53.462+0000] {dag.py:3834} INFO - Setting next_dagrun for tutorial to 2024-10-28 00:00:00+00:00, run_after=2024-10-29 00:00:00+00:00
[2024-10-29T23:40:53.492+0000] {processor.py:183} INFO - Processing /home/airflow/.local/lib/python3.8/site-packages/airflow/example_dags/tutorial.py took 0.098 seconds
[2024-10-29T23:41:23.880+0000] {processor.py:161} INFO - Started process (PID=828) to work on /home/airflow/.local/lib/python3.8/site-packages/airflow/example_dags/tutorial.py
[2024-10-29T23:41:23.881+0000] {processor.py:830} INFO - Processing file /home/airflow/.local/lib/python3.8/site-packages/airflow/example_dags/tutorial.py for tasks to queue
[2024-10-29T23:41:23.882+0000] {logging_mixin.py:188} INFO - [2024-10-29T23:41:23.882+0000] {dagbag.py:540} INFO - Filling up the DagBag from /home/airflow/.local/lib/python3.8/site-packages/airflow/example_dags/tutorial.py
[2024-10-29T23:41:23.889+0000] {processor.py:840} INFO - DAG(s) 'tutorial' retrieved from /home/airflow/.local/lib/python3.8/site-packages/airflow/example_dags/tutorial.py
[2024-10-29T23:41:23.911+0000] {logging_mixin.py:188} INFO - [2024-10-29T23:41:23.911+0000] {dag.py:3047} INFO - Sync 1 DAGs
[2024-10-29T23:41:23.943+0000] {logging_mixin.py:188} INFO - [2024-10-29T23:41:23.942+0000] {dag.py:3834} INFO - Setting next_dagrun for tutorial to 2024-10-28 00:00:00+00:00, run_after=2024-10-29 00:00:00+00:00
[2024-10-29T23:41:23.973+0000] {processor.py:183} INFO - Processing /home/airflow/.local/lib/python3.8/site-packages/airflow/example_dags/tutorial.py took 0.097 seconds
[2024-10-29T23:41:54.171+0000] {processor.py:161} INFO - Started process (PID=884) to work on /home/airflow/.local/lib/python3.8/site-packages/airflow/example_dags/tutorial.py
[2024-10-29T23:41:54.172+0000] {processor.py:830} INFO - Processing file /home/airflow/.local/lib/python3.8/site-packages/airflow/example_dags/tutorial.py for tasks to queue
[2024-10-29T23:41:54.174+0000] {logging_mixin.py:188} INFO - [2024-10-29T23:41:54.174+0000] {dagbag.py:540} INFO - Filling up the DagBag from /home/airflow/.local/lib/python3.8/site-packages/airflow/example_dags/tutorial.py
[2024-10-29T23:41:54.181+0000] {processor.py:840} INFO - DAG(s) 'tutorial' retrieved from /home/airflow/.local/lib/python3.8/site-packages/airflow/example_dags/tutorial.py
[2024-10-29T23:41:54.207+0000] {logging_mixin.py:188} INFO - [2024-10-29T23:41:54.207+0000] {dag.py:3047} INFO - Sync 1 DAGs
[2024-10-29T23:41:54.237+0000] {logging_mixin.py:188} INFO - [2024-10-29T23:41:54.237+0000] {dag.py:3834} INFO - Setting next_dagrun for tutorial to 2024-10-28 00:00:00+00:00, run_after=2024-10-29 00:00:00+00:00
[2024-10-29T23:41:54.264+0000] {processor.py:183} INFO - Processing /home/airflow/.local/lib/python3.8/site-packages/airflow/example_dags/tutorial.py took 0.095 seconds
[2024-10-29T23:42:24.542+0000] {processor.py:161} INFO - Started process (PID=940) to work on /home/airflow/.local/lib/python3.8/site-packages/airflow/example_dags/tutorial.py
[2024-10-29T23:42:24.543+0000] {processor.py:830} INFO - Processing file /home/airflow/.local/lib/python3.8/site-packages/airflow/example_dags/tutorial.py for tasks to queue
[2024-10-29T23:42:24.545+0000] {logging_mixin.py:188} INFO - [2024-10-29T23:42:24.544+0000] {dagbag.py:540} INFO - Filling up the DagBag from /home/airflow/.local/lib/python3.8/site-packages/airflow/example_dags/tutorial.py
[2024-10-29T23:42:24.550+0000] {processor.py:840} INFO - DAG(s) 'tutorial' retrieved from /home/airflow/.local/lib/python3.8/site-packages/airflow/example_dags/tutorial.py
[2024-10-29T23:42:24.568+0000] {logging_mixin.py:188} INFO - [2024-10-29T23:42:24.568+0000] {dag.py:3047} INFO - Sync 1 DAGs
[2024-10-29T23:42:24.590+0000] {logging_mixin.py:188} INFO - [2024-10-29T23:42:24.590+0000] {dag.py:3834} INFO - Setting next_dagrun for tutorial to 2024-10-28 00:00:00+00:00, run_after=2024-10-29 00:00:00+00:00
[2024-10-29T23:42:24.605+0000] {processor.py:183} INFO - Processing /home/airflow/.local/lib/python3.8/site-packages/airflow/example_dags/tutorial.py took 0.066 seconds
[2024-10-29T23:42:54.980+0000] {processor.py:161} INFO - Started process (PID=996) to work on /home/airflow/.local/lib/python3.8/site-packages/airflow/example_dags/tutorial.py
[2024-10-29T23:42:54.981+0000] {processor.py:830} INFO - Processing file /home/airflow/.local/lib/python3.8/site-packages/airflow/example_dags/tutorial.py for tasks to queue
[2024-10-29T23:42:54.983+0000] {logging_mixin.py:188} INFO - [2024-10-29T23:42:54.982+0000] {dagbag.py:540} INFO - Filling up the DagBag from /home/airflow/.local/lib/python3.8/site-packages/airflow/example_dags/tutorial.py
[2024-10-29T23:42:54.988+0000] {processor.py:840} INFO - DAG(s) 'tutorial' retrieved from /home/airflow/.local/lib/python3.8/site-packages/airflow/example_dags/tutorial.py
[2024-10-29T23:42:55.010+0000] {logging_mixin.py:188} INFO - [2024-10-29T23:42:55.009+0000] {dag.py:3047} INFO - Sync 1 DAGs
[2024-10-29T23:42:55.041+0000] {logging_mixin.py:188} INFO - [2024-10-29T23:42:55.041+0000] {dag.py:3834} INFO - Setting next_dagrun for tutorial to 2024-10-28 00:00:00+00:00, run_after=2024-10-29 00:00:00+00:00
[2024-10-29T23:42:55.065+0000] {processor.py:183} INFO - Processing /home/airflow/.local/lib/python3.8/site-packages/airflow/example_dags/tutorial.py took 0.088 seconds
[2024-10-29T23:43:25.264+0000] {processor.py:161} INFO - Started process (PID=1052) to work on /home/airflow/.local/lib/python3.8/site-packages/airflow/example_dags/tutorial.py
[2024-10-29T23:43:25.265+0000] {processor.py:830} INFO - Processing file /home/airflow/.local/lib/python3.8/site-packages/airflow/example_dags/tutorial.py for tasks to queue
[2024-10-29T23:43:25.267+0000] {logging_mixin.py:188} INFO - [2024-10-29T23:43:25.266+0000] {dagbag.py:540} INFO - Filling up the DagBag from /home/airflow/.local/lib/python3.8/site-packages/airflow/example_dags/tutorial.py
[2024-10-29T23:43:25.272+0000] {processor.py:840} INFO - DAG(s) 'tutorial' retrieved from /home/airflow/.local/lib/python3.8/site-packages/airflow/example_dags/tutorial.py
[2024-10-29T23:43:25.289+0000] {logging_mixin.py:188} INFO - [2024-10-29T23:43:25.288+0000] {dag.py:3047} INFO - Sync 1 DAGs
[2024-10-29T23:43:25.307+0000] {logging_mixin.py:188} INFO - [2024-10-29T23:43:25.307+0000] {dag.py:3834} INFO - Setting next_dagrun for tutorial to 2024-10-28 00:00:00+00:00, run_after=2024-10-29 00:00:00+00:00
[2024-10-29T23:43:25.328+0000] {processor.py:183} INFO - Processing /home/airflow/.local/lib/python3.8/site-packages/airflow/example_dags/tutorial.py took 0.067 seconds
[2024-10-29T23:43:55.551+0000] {processor.py:161} INFO - Started process (PID=1108) to work on /home/airflow/.local/lib/python3.8/site-packages/airflow/example_dags/tutorial.py
[2024-10-29T23:43:55.552+0000] {processor.py:830} INFO - Processing file /home/airflow/.local/lib/python3.8/site-packages/airflow/example_dags/tutorial.py for tasks to queue
[2024-10-29T23:43:55.554+0000] {logging_mixin.py:188} INFO - [2024-10-29T23:43:55.553+0000] {dagbag.py:540} INFO - Filling up the DagBag from /home/airflow/.local/lib/python3.8/site-packages/airflow/example_dags/tutorial.py
[2024-10-29T23:43:55.560+0000] {processor.py:840} INFO - DAG(s) 'tutorial' retrieved from /home/airflow/.local/lib/python3.8/site-packages/airflow/example_dags/tutorial.py
[2024-10-29T23:43:55.581+0000] {logging_mixin.py:188} INFO - [2024-10-29T23:43:55.580+0000] {dag.py:3047} INFO - Sync 1 DAGs
[2024-10-29T23:43:55.608+0000] {logging_mixin.py:188} INFO - [2024-10-29T23:43:55.607+0000] {dag.py:3834} INFO - Setting next_dagrun for tutorial to 2024-10-28 00:00:00+00:00, run_after=2024-10-29 00:00:00+00:00
[2024-10-29T23:43:55.629+0000] {processor.py:183} INFO - Processing /home/airflow/.local/lib/python3.8/site-packages/airflow/example_dags/tutorial.py took 0.082 seconds
[2024-10-29T23:44:25.949+0000] {processor.py:161} INFO - Started process (PID=1164) to work on /home/airflow/.local/lib/python3.8/site-packages/airflow/example_dags/tutorial.py
[2024-10-29T23:44:25.950+0000] {processor.py:830} INFO - Processing file /home/airflow/.local/lib/python3.8/site-packages/airflow/example_dags/tutorial.py for tasks to queue
[2024-10-29T23:44:25.952+0000] {logging_mixin.py:188} INFO - [2024-10-29T23:44:25.952+0000] {dagbag.py:540} INFO - Filling up the DagBag from /home/airflow/.local/lib/python3.8/site-packages/airflow/example_dags/tutorial.py
[2024-10-29T23:44:25.958+0000] {processor.py:840} INFO - DAG(s) 'tutorial' retrieved from /home/airflow/.local/lib/python3.8/site-packages/airflow/example_dags/tutorial.py
[2024-10-29T23:44:25.981+0000] {logging_mixin.py:188} INFO - [2024-10-29T23:44:25.981+0000] {dag.py:3047} INFO - Sync 1 DAGs
[2024-10-29T23:44:26.010+0000] {logging_mixin.py:188} INFO - [2024-10-29T23:44:26.010+0000] {dag.py:3834} INFO - Setting next_dagrun for tutorial to 2024-10-28 00:00:00+00:00, run_after=2024-10-29 00:00:00+00:00
[2024-10-29T23:44:26.035+0000] {processor.py:183} INFO - Processing /home/airflow/.local/lib/python3.8/site-packages/airflow/example_dags/tutorial.py took 0.090 seconds
[2024-10-29T23:44:56.160+0000] {processor.py:161} INFO - Started process (PID=1220) to work on /home/airflow/.local/lib/python3.8/site-packages/airflow/example_dags/tutorial.py
[2024-10-29T23:44:56.162+0000] {processor.py:830} INFO - Processing file /home/airflow/.local/lib/python3.8/site-packages/airflow/example_dags/tutorial.py for tasks to queue
[2024-10-29T23:44:56.164+0000] {logging_mixin.py:188} INFO - [2024-10-29T23:44:56.163+0000] {dagbag.py:540} INFO - Filling up the DagBag from /home/airflow/.local/lib/python3.8/site-packages/airflow/example_dags/tutorial.py
[2024-10-29T23:44:56.172+0000] {processor.py:840} INFO - DAG(s) 'tutorial' retrieved from /home/airflow/.local/lib/python3.8/site-packages/airflow/example_dags/tutorial.py
[2024-10-29T23:44:56.206+0000] {logging_mixin.py:188} INFO - [2024-10-29T23:44:56.206+0000] {dag.py:3047} INFO - Sync 1 DAGs
[2024-10-29T23:44:56.251+0000] {logging_mixin.py:188} INFO - [2024-10-29T23:44:56.250+0000] {dag.py:3834} INFO - Setting next_dagrun for tutorial to 2024-10-28 00:00:00+00:00, run_after=2024-10-29 00:00:00+00:00
[2024-10-29T23:44:56.286+0000] {processor.py:183} INFO - Processing /home/airflow/.local/lib/python3.8/site-packages/airflow/example_dags/tutorial.py took 0.131 seconds
[2024-10-29T23:45:26.324+0000] {processor.py:161} INFO - Started process (PID=1276) to work on /home/airflow/.local/lib/python3.8/site-packages/airflow/example_dags/tutorial.py
[2024-10-29T23:45:26.325+0000] {processor.py:830} INFO - Processing file /home/airflow/.local/lib/python3.8/site-packages/airflow/example_dags/tutorial.py for tasks to queue
[2024-10-29T23:45:26.326+0000] {logging_mixin.py:188} INFO - [2024-10-29T23:45:26.326+0000] {dagbag.py:540} INFO - Filling up the DagBag from /home/airflow/.local/lib/python3.8/site-packages/airflow/example_dags/tutorial.py
[2024-10-29T23:45:26.331+0000] {processor.py:840} INFO - DAG(s) 'tutorial' retrieved from /home/airflow/.local/lib/python3.8/site-packages/airflow/example_dags/tutorial.py
[2024-10-29T23:45:26.349+0000] {logging_mixin.py:188} INFO - [2024-10-29T23:45:26.349+0000] {dag.py:3047} INFO - Sync 1 DAGs
[2024-10-29T23:45:26.370+0000] {logging_mixin.py:188} INFO - [2024-10-29T23:45:26.370+0000] {dag.py:3834} INFO - Setting next_dagrun for tutorial to 2024-10-28 00:00:00+00:00, run_after=2024-10-29 00:00:00+00:00
[2024-10-29T23:45:26.387+0000] {processor.py:183} INFO - Processing /home/airflow/.local/lib/python3.8/site-packages/airflow/example_dags/tutorial.py took 0.065 seconds
[2024-10-29T23:45:56.886+0000] {processor.py:161} INFO - Started process (PID=1332) to work on /home/airflow/.local/lib/python3.8/site-packages/airflow/example_dags/tutorial.py
[2024-10-29T23:45:56.887+0000] {processor.py:830} INFO - Processing file /home/airflow/.local/lib/python3.8/site-packages/airflow/example_dags/tutorial.py for tasks to queue
[2024-10-29T23:45:56.889+0000] {logging_mixin.py:188} INFO - [2024-10-29T23:45:56.889+0000] {dagbag.py:540} INFO - Filling up the DagBag from /home/airflow/.local/lib/python3.8/site-packages/airflow/example_dags/tutorial.py
[2024-10-29T23:45:56.897+0000] {processor.py:840} INFO - DAG(s) 'tutorial' retrieved from /home/airflow/.local/lib/python3.8/site-packages/airflow/example_dags/tutorial.py
[2024-10-29T23:45:56.922+0000] {logging_mixin.py:188} INFO - [2024-10-29T23:45:56.921+0000] {dag.py:3047} INFO - Sync 1 DAGs
[2024-10-29T23:45:56.953+0000] {logging_mixin.py:188} INFO - [2024-10-29T23:45:56.953+0000] {dag.py:3834} INFO - Setting next_dagrun for tutorial to 2024-10-28 00:00:00+00:00, run_after=2024-10-29 00:00:00+00:00
[2024-10-29T23:45:56.979+0000] {processor.py:183} INFO - Processing /home/airflow/.local/lib/python3.8/site-packages/airflow/example_dags/tutorial.py took 0.095 seconds
[2024-10-29T23:46:27.253+0000] {processor.py:161} INFO - Started process (PID=1388) to work on /home/airflow/.local/lib/python3.8/site-packages/airflow/example_dags/tutorial.py
[2024-10-29T23:46:27.254+0000] {processor.py:830} INFO - Processing file /home/airflow/.local/lib/python3.8/site-packages/airflow/example_dags/tutorial.py for tasks to queue
[2024-10-29T23:46:27.256+0000] {logging_mixin.py:188} INFO - [2024-10-29T23:46:27.255+0000] {dagbag.py:540} INFO - Filling up the DagBag from /home/airflow/.local/lib/python3.8/site-packages/airflow/example_dags/tutorial.py
[2024-10-29T23:46:27.261+0000] {processor.py:840} INFO - DAG(s) 'tutorial' retrieved from /home/airflow/.local/lib/python3.8/site-packages/airflow/example_dags/tutorial.py
[2024-10-29T23:46:27.278+0000] {logging_mixin.py:188} INFO - [2024-10-29T23:46:27.278+0000] {dag.py:3047} INFO - Sync 1 DAGs
[2024-10-29T23:46:27.300+0000] {logging_mixin.py:188} INFO - [2024-10-29T23:46:27.300+0000] {dag.py:3834} INFO - Setting next_dagrun for tutorial to 2024-10-28 00:00:00+00:00, run_after=2024-10-29 00:00:00+00:00
[2024-10-29T23:46:27.316+0000] {processor.py:183} INFO - Processing /home/airflow/.local/lib/python3.8/site-packages/airflow/example_dags/tutorial.py took 0.065 seconds
[2024-10-29T23:46:57.416+0000] {processor.py:161} INFO - Started process (PID=1444) to work on /home/airflow/.local/lib/python3.8/site-packages/airflow/example_dags/tutorial.py
[2024-10-29T23:46:57.417+0000] {processor.py:830} INFO - Processing file /home/airflow/.local/lib/python3.8/site-packages/airflow/example_dags/tutorial.py for tasks to queue
[2024-10-29T23:46:57.419+0000] {logging_mixin.py:188} INFO - [2024-10-29T23:46:57.419+0000] {dagbag.py:540} INFO - Filling up the DagBag from /home/airflow/.local/lib/python3.8/site-packages/airflow/example_dags/tutorial.py
[2024-10-29T23:46:57.424+0000] {processor.py:840} INFO - DAG(s) 'tutorial' retrieved from /home/airflow/.local/lib/python3.8/site-packages/airflow/example_dags/tutorial.py
[2024-10-29T23:46:57.444+0000] {logging_mixin.py:188} INFO - [2024-10-29T23:46:57.443+0000] {dag.py:3047} INFO - Sync 1 DAGs
[2024-10-29T23:46:57.467+0000] {logging_mixin.py:188} INFO - [2024-10-29T23:46:57.467+0000] {dag.py:3834} INFO - Setting next_dagrun for tutorial to 2024-10-28 00:00:00+00:00, run_after=2024-10-29 00:00:00+00:00
[2024-10-29T23:46:57.485+0000] {processor.py:183} INFO - Processing /home/airflow/.local/lib/python3.8/site-packages/airflow/example_dags/tutorial.py took 0.072 seconds
[2024-10-29T23:47:28.599+0000] {processor.py:161} INFO - Started process (PID=1500) to work on /home/airflow/.local/lib/python3.8/site-packages/airflow/example_dags/tutorial.py
[2024-10-29T23:47:28.600+0000] {processor.py:830} INFO - Processing file /home/airflow/.local/lib/python3.8/site-packages/airflow/example_dags/tutorial.py for tasks to queue
[2024-10-29T23:47:28.601+0000] {logging_mixin.py:188} INFO - [2024-10-29T23:47:28.601+0000] {dagbag.py:540} INFO - Filling up the DagBag from /home/airflow/.local/lib/python3.8/site-packages/airflow/example_dags/tutorial.py
[2024-10-29T23:47:28.606+0000] {processor.py:840} INFO - DAG(s) 'tutorial' retrieved from /home/airflow/.local/lib/python3.8/site-packages/airflow/example_dags/tutorial.py
[2024-10-29T23:47:28.623+0000] {logging_mixin.py:188} INFO - [2024-10-29T23:47:28.623+0000] {dag.py:3047} INFO - Sync 1 DAGs
[2024-10-29T23:47:28.646+0000] {logging_mixin.py:188} INFO - [2024-10-29T23:47:28.645+0000] {dag.py:3834} INFO - Setting next_dagrun for tutorial to 2024-10-28 00:00:00+00:00, run_after=2024-10-29 00:00:00+00:00
[2024-10-29T23:47:28.662+0000] {processor.py:183} INFO - Processing /home/airflow/.local/lib/python3.8/site-packages/airflow/example_dags/tutorial.py took 0.065 seconds
[2024-10-29T23:47:58.741+0000] {processor.py:161} INFO - Started process (PID=1556) to work on /home/airflow/.local/lib/python3.8/site-packages/airflow/example_dags/tutorial.py
[2024-10-29T23:47:58.742+0000] {processor.py:830} INFO - Processing file /home/airflow/.local/lib/python3.8/site-packages/airflow/example_dags/tutorial.py for tasks to queue
[2024-10-29T23:47:58.744+0000] {logging_mixin.py:188} INFO - [2024-10-29T23:47:58.744+0000] {dagbag.py:540} INFO - Filling up the DagBag from /home/airflow/.local/lib/python3.8/site-packages/airflow/example_dags/tutorial.py
[2024-10-29T23:47:58.750+0000] {processor.py:840} INFO - DAG(s) 'tutorial' retrieved from /home/airflow/.local/lib/python3.8/site-packages/airflow/example_dags/tutorial.py
[2024-10-29T23:47:58.774+0000] {logging_mixin.py:188} INFO - [2024-10-29T23:47:58.773+0000] {dag.py:3047} INFO - Sync 1 DAGs
[2024-10-29T23:47:58.805+0000] {logging_mixin.py:188} INFO - [2024-10-29T23:47:58.804+0000] {dag.py:3834} INFO - Setting next_dagrun for tutorial to 2024-10-28 00:00:00+00:00, run_after=2024-10-29 00:00:00+00:00
[2024-10-29T23:47:58.825+0000] {processor.py:183} INFO - Processing /home/airflow/.local/lib/python3.8/site-packages/airflow/example_dags/tutorial.py took 0.087 seconds
[2024-10-29T23:48:28.929+0000] {processor.py:161} INFO - Started process (PID=1612) to work on /home/airflow/.local/lib/python3.8/site-packages/airflow/example_dags/tutorial.py
[2024-10-29T23:48:28.929+0000] {processor.py:830} INFO - Processing file /home/airflow/.local/lib/python3.8/site-packages/airflow/example_dags/tutorial.py for tasks to queue
[2024-10-29T23:48:28.931+0000] {logging_mixin.py:188} INFO - [2024-10-29T23:48:28.931+0000] {dagbag.py:540} INFO - Filling up the DagBag from /home/airflow/.local/lib/python3.8/site-packages/airflow/example_dags/tutorial.py
[2024-10-29T23:48:28.935+0000] {processor.py:840} INFO - DAG(s) 'tutorial' retrieved from /home/airflow/.local/lib/python3.8/site-packages/airflow/example_dags/tutorial.py
[2024-10-29T23:48:28.953+0000] {logging_mixin.py:188} INFO - [2024-10-29T23:48:28.953+0000] {dag.py:3047} INFO - Sync 1 DAGs
[2024-10-29T23:48:28.975+0000] {logging_mixin.py:188} INFO - [2024-10-29T23:48:28.975+0000] {dag.py:3834} INFO - Setting next_dagrun for tutorial to 2024-10-28 00:00:00+00:00, run_after=2024-10-29 00:00:00+00:00
[2024-10-29T23:48:28.994+0000] {processor.py:183} INFO - Processing /home/airflow/.local/lib/python3.8/site-packages/airflow/example_dags/tutorial.py took 0.068 seconds
[2024-10-29T23:48:59.364+0000] {processor.py:161} INFO - Started process (PID=1669) to work on /home/airflow/.local/lib/python3.8/site-packages/airflow/example_dags/tutorial.py
[2024-10-29T23:48:59.369+0000] {processor.py:830} INFO - Processing file /home/airflow/.local/lib/python3.8/site-packages/airflow/example_dags/tutorial.py for tasks to queue
[2024-10-29T23:48:59.371+0000] {logging_mixin.py:188} INFO - [2024-10-29T23:48:59.370+0000] {dagbag.py:540} INFO - Filling up the DagBag from /home/airflow/.local/lib/python3.8/site-packages/airflow/example_dags/tutorial.py
[2024-10-29T23:48:59.377+0000] {processor.py:840} INFO - DAG(s) 'tutorial' retrieved from /home/airflow/.local/lib/python3.8/site-packages/airflow/example_dags/tutorial.py
[2024-10-29T23:48:59.403+0000] {logging_mixin.py:188} INFO - [2024-10-29T23:48:59.402+0000] {dag.py:3047} INFO - Sync 1 DAGs
[2024-10-29T23:48:59.435+0000] {logging_mixin.py:188} INFO - [2024-10-29T23:48:59.435+0000] {dag.py:3834} INFO - Setting next_dagrun for tutorial to 2024-10-28 00:00:00+00:00, run_after=2024-10-29 00:00:00+00:00
[2024-10-29T23:48:59.461+0000] {processor.py:183} INFO - Processing /home/airflow/.local/lib/python3.8/site-packages/airflow/example_dags/tutorial.py took 0.100 seconds
[2024-10-29T23:49:29.715+0000] {processor.py:161} INFO - Started process (PID=1725) to work on /home/airflow/.local/lib/python3.8/site-packages/airflow/example_dags/tutorial.py
[2024-10-29T23:49:29.716+0000] {processor.py:830} INFO - Processing file /home/airflow/.local/lib/python3.8/site-packages/airflow/example_dags/tutorial.py for tasks to queue
[2024-10-29T23:49:29.718+0000] {logging_mixin.py:188} INFO - [2024-10-29T23:49:29.718+0000] {dagbag.py:540} INFO - Filling up the DagBag from /home/airflow/.local/lib/python3.8/site-packages/airflow/example_dags/tutorial.py
[2024-10-29T23:49:29.724+0000] {processor.py:840} INFO - DAG(s) 'tutorial' retrieved from /home/airflow/.local/lib/python3.8/site-packages/airflow/example_dags/tutorial.py
[2024-10-29T23:49:29.756+0000] {logging_mixin.py:188} INFO - [2024-10-29T23:49:29.756+0000] {dag.py:3047} INFO - Sync 1 DAGs
[2024-10-29T23:49:29.788+0000] {logging_mixin.py:188} INFO - [2024-10-29T23:49:29.787+0000] {dag.py:3834} INFO - Setting next_dagrun for tutorial to 2024-10-28 00:00:00+00:00, run_after=2024-10-29 00:00:00+00:00
[2024-10-29T23:49:29.818+0000] {processor.py:183} INFO - Processing /home/airflow/.local/lib/python3.8/site-packages/airflow/example_dags/tutorial.py took 0.109 seconds
[2024-10-29T23:49:59.873+0000] {processor.py:161} INFO - Started process (PID=1781) to work on /home/airflow/.local/lib/python3.8/site-packages/airflow/example_dags/tutorial.py
[2024-10-29T23:49:59.874+0000] {processor.py:830} INFO - Processing file /home/airflow/.local/lib/python3.8/site-packages/airflow/example_dags/tutorial.py for tasks to queue
[2024-10-29T23:49:59.875+0000] {logging_mixin.py:188} INFO - [2024-10-29T23:49:59.875+0000] {dagbag.py:540} INFO - Filling up the DagBag from /home/airflow/.local/lib/python3.8/site-packages/airflow/example_dags/tutorial.py
[2024-10-29T23:49:59.879+0000] {processor.py:840} INFO - DAG(s) 'tutorial' retrieved from /home/airflow/.local/lib/python3.8/site-packages/airflow/example_dags/tutorial.py
[2024-10-29T23:49:59.894+0000] {logging_mixin.py:188} INFO - [2024-10-29T23:49:59.894+0000] {dag.py:3047} INFO - Sync 1 DAGs
[2024-10-29T23:49:59.913+0000] {logging_mixin.py:188} INFO - [2024-10-29T23:49:59.913+0000] {dag.py:3834} INFO - Setting next_dagrun for tutorial to 2024-10-28 00:00:00+00:00, run_after=2024-10-29 00:00:00+00:00
[2024-10-29T23:49:59.926+0000] {processor.py:183} INFO - Processing /home/airflow/.local/lib/python3.8/site-packages/airflow/example_dags/tutorial.py took 0.057 seconds
[2024-10-29T23:50:30.231+0000] {processor.py:161} INFO - Started process (PID=1837) to work on /home/airflow/.local/lib/python3.8/site-packages/airflow/example_dags/tutorial.py
[2024-10-29T23:50:30.232+0000] {processor.py:830} INFO - Processing file /home/airflow/.local/lib/python3.8/site-packages/airflow/example_dags/tutorial.py for tasks to queue
[2024-10-29T23:50:30.234+0000] {logging_mixin.py:188} INFO - [2024-10-29T23:50:30.233+0000] {dagbag.py:540} INFO - Filling up the DagBag from /home/airflow/.local/lib/python3.8/site-packages/airflow/example_dags/tutorial.py
[2024-10-29T23:50:30.239+0000] {processor.py:840} INFO - DAG(s) 'tutorial' retrieved from /home/airflow/.local/lib/python3.8/site-packages/airflow/example_dags/tutorial.py
[2024-10-29T23:50:30.258+0000] {logging_mixin.py:188} INFO - [2024-10-29T23:50:30.258+0000] {dag.py:3047} INFO - Sync 1 DAGs
[2024-10-29T23:50:30.282+0000] {logging_mixin.py:188} INFO - [2024-10-29T23:50:30.281+0000] {dag.py:3834} INFO - Setting next_dagrun for tutorial to 2024-10-28 00:00:00+00:00, run_after=2024-10-29 00:00:00+00:00
[2024-10-29T23:50:30.303+0000] {processor.py:183} INFO - Processing /home/airflow/.local/lib/python3.8/site-packages/airflow/example_dags/tutorial.py took 0.075 seconds
[2024-10-29T23:51:00.462+0000] {processor.py:161} INFO - Started process (PID=1893) to work on /home/airflow/.local/lib/python3.8/site-packages/airflow/example_dags/tutorial.py
[2024-10-29T23:51:00.463+0000] {processor.py:830} INFO - Processing file /home/airflow/.local/lib/python3.8/site-packages/airflow/example_dags/tutorial.py for tasks to queue
[2024-10-29T23:51:00.465+0000] {logging_mixin.py:188} INFO - [2024-10-29T23:51:00.464+0000] {dagbag.py:540} INFO - Filling up the DagBag from /home/airflow/.local/lib/python3.8/site-packages/airflow/example_dags/tutorial.py
[2024-10-29T23:51:00.470+0000] {processor.py:840} INFO - DAG(s) 'tutorial' retrieved from /home/airflow/.local/lib/python3.8/site-packages/airflow/example_dags/tutorial.py
[2024-10-29T23:51:00.491+0000] {logging_mixin.py:188} INFO - [2024-10-29T23:51:00.490+0000] {dag.py:3047} INFO - Sync 1 DAGs
[2024-10-29T23:51:00.515+0000] {logging_mixin.py:188} INFO - [2024-10-29T23:51:00.515+0000] {dag.py:3834} INFO - Setting next_dagrun for tutorial to 2024-10-28 00:00:00+00:00, run_after=2024-10-29 00:00:00+00:00
[2024-10-29T23:51:00.534+0000] {processor.py:183} INFO - Processing /home/airflow/.local/lib/python3.8/site-packages/airflow/example_dags/tutorial.py took 0.075 seconds
[2024-10-29T23:51:31.376+0000] {processor.py:161} INFO - Started process (PID=1948) to work on /home/airflow/.local/lib/python3.8/site-packages/airflow/example_dags/tutorial.py
[2024-10-29T23:51:31.377+0000] {processor.py:830} INFO - Processing file /home/airflow/.local/lib/python3.8/site-packages/airflow/example_dags/tutorial.py for tasks to queue
[2024-10-29T23:51:31.379+0000] {logging_mixin.py:188} INFO - [2024-10-29T23:51:31.378+0000] {dagbag.py:540} INFO - Filling up the DagBag from /home/airflow/.local/lib/python3.8/site-packages/airflow/example_dags/tutorial.py
[2024-10-29T23:51:31.384+0000] {processor.py:840} INFO - DAG(s) 'tutorial' retrieved from /home/airflow/.local/lib/python3.8/site-packages/airflow/example_dags/tutorial.py
[2024-10-29T23:51:31.403+0000] {logging_mixin.py:188} INFO - [2024-10-29T23:51:31.403+0000] {dag.py:3047} INFO - Sync 1 DAGs
[2024-10-29T23:51:31.426+0000] {logging_mixin.py:188} INFO - [2024-10-29T23:51:31.426+0000] {dag.py:3834} INFO - Setting next_dagrun for tutorial to 2024-10-28 00:00:00+00:00, run_after=2024-10-29 00:00:00+00:00
[2024-10-29T23:51:31.445+0000] {processor.py:183} INFO - Processing /home/airflow/.local/lib/python3.8/site-packages/airflow/example_dags/tutorial.py took 0.072 seconds
[2024-10-29T23:52:01.905+0000] {processor.py:161} INFO - Started process (PID=2003) to work on /home/airflow/.local/lib/python3.8/site-packages/airflow/example_dags/tutorial.py
[2024-10-29T23:52:01.912+0000] {processor.py:830} INFO - Processing file /home/airflow/.local/lib/python3.8/site-packages/airflow/example_dags/tutorial.py for tasks to queue
[2024-10-29T23:52:01.917+0000] {logging_mixin.py:188} INFO - [2024-10-29T23:52:01.916+0000] {dagbag.py:540} INFO - Filling up the DagBag from /home/airflow/.local/lib/python3.8/site-packages/airflow/example_dags/tutorial.py
[2024-10-29T23:52:01.932+0000] {processor.py:840} INFO - DAG(s) 'tutorial' retrieved from /home/airflow/.local/lib/python3.8/site-packages/airflow/example_dags/tutorial.py
[2024-10-29T23:52:02.003+0000] {logging_mixin.py:188} INFO - [2024-10-29T23:52:02.002+0000] {dag.py:3047} INFO - Sync 1 DAGs
[2024-10-29T23:52:02.077+0000] {logging_mixin.py:188} INFO - [2024-10-29T23:52:02.076+0000] {dag.py:3834} INFO - Setting next_dagrun for tutorial to 2024-10-28 00:00:00+00:00, run_after=2024-10-29 00:00:00+00:00
[2024-10-29T23:52:02.121+0000] {processor.py:183} INFO - Processing /home/airflow/.local/lib/python3.8/site-packages/airflow/example_dags/tutorial.py took 0.224 seconds
[2024-10-29T23:52:32.723+0000] {processor.py:161} INFO - Started process (PID=2065) to work on /home/airflow/.local/lib/python3.8/site-packages/airflow/example_dags/tutorial.py
[2024-10-29T23:52:32.725+0000] {processor.py:830} INFO - Processing file /home/airflow/.local/lib/python3.8/site-packages/airflow/example_dags/tutorial.py for tasks to queue
[2024-10-29T23:52:32.730+0000] {logging_mixin.py:188} INFO - [2024-10-29T23:52:32.729+0000] {dagbag.py:540} INFO - Filling up the DagBag from /home/airflow/.local/lib/python3.8/site-packages/airflow/example_dags/tutorial.py
[2024-10-29T23:52:32.745+0000] {processor.py:840} INFO - DAG(s) 'tutorial' retrieved from /home/airflow/.local/lib/python3.8/site-packages/airflow/example_dags/tutorial.py
[2024-10-29T23:52:32.803+0000] {logging_mixin.py:188} INFO - [2024-10-29T23:52:32.802+0000] {dag.py:3047} INFO - Sync 1 DAGs
[2024-10-29T23:52:32.875+0000] {logging_mixin.py:188} INFO - [2024-10-29T23:52:32.874+0000] {dag.py:3834} INFO - Setting next_dagrun for tutorial to 2024-10-28 00:00:00+00:00, run_after=2024-10-29 00:00:00+00:00
[2024-10-29T23:52:32.931+0000] {processor.py:183} INFO - Processing /home/airflow/.local/lib/python3.8/site-packages/airflow/example_dags/tutorial.py took 0.217 seconds
[2024-10-29T23:53:03.817+0000] {processor.py:161} INFO - Started process (PID=2121) to work on /home/airflow/.local/lib/python3.8/site-packages/airflow/example_dags/tutorial.py
[2024-10-29T23:53:03.818+0000] {processor.py:830} INFO - Processing file /home/airflow/.local/lib/python3.8/site-packages/airflow/example_dags/tutorial.py for tasks to queue
[2024-10-29T23:53:03.819+0000] {logging_mixin.py:188} INFO - [2024-10-29T23:53:03.819+0000] {dagbag.py:540} INFO - Filling up the DagBag from /home/airflow/.local/lib/python3.8/site-packages/airflow/example_dags/tutorial.py
[2024-10-29T23:53:03.826+0000] {processor.py:840} INFO - DAG(s) 'tutorial' retrieved from /home/airflow/.local/lib/python3.8/site-packages/airflow/example_dags/tutorial.py
[2024-10-29T23:53:03.849+0000] {logging_mixin.py:188} INFO - [2024-10-29T23:53:03.849+0000] {dag.py:3047} INFO - Sync 1 DAGs
[2024-10-29T23:53:03.875+0000] {logging_mixin.py:188} INFO - [2024-10-29T23:53:03.875+0000] {dag.py:3834} INFO - Setting next_dagrun for tutorial to 2024-10-28 00:00:00+00:00, run_after=2024-10-29 00:00:00+00:00
[2024-10-29T23:53:03.896+0000] {processor.py:183} INFO - Processing /home/airflow/.local/lib/python3.8/site-packages/airflow/example_dags/tutorial.py took 0.083 seconds
[2024-10-29T23:53:34.494+0000] {processor.py:161} INFO - Started process (PID=2177) to work on /home/airflow/.local/lib/python3.8/site-packages/airflow/example_dags/tutorial.py
[2024-10-29T23:53:34.501+0000] {processor.py:830} INFO - Processing file /home/airflow/.local/lib/python3.8/site-packages/airflow/example_dags/tutorial.py for tasks to queue
[2024-10-29T23:53:34.505+0000] {logging_mixin.py:188} INFO - [2024-10-29T23:53:34.504+0000] {dagbag.py:540} INFO - Filling up the DagBag from /home/airflow/.local/lib/python3.8/site-packages/airflow/example_dags/tutorial.py
[2024-10-29T23:53:34.521+0000] {processor.py:840} INFO - DAG(s) 'tutorial' retrieved from /home/airflow/.local/lib/python3.8/site-packages/airflow/example_dags/tutorial.py
[2024-10-29T23:53:34.733+0000] {logging_mixin.py:188} INFO - [2024-10-29T23:53:34.733+0000] {dag.py:3047} INFO - Sync 1 DAGs
[2024-10-29T23:53:34.749+0000] {logging_mixin.py:188} INFO - [2024-10-29T23:53:34.749+0000] {dag.py:3834} INFO - Setting next_dagrun for tutorial to 2024-10-28 00:00:00+00:00, run_after=2024-10-29 00:00:00+00:00
[2024-10-29T23:53:34.762+0000] {processor.py:183} INFO - Processing /home/airflow/.local/lib/python3.8/site-packages/airflow/example_dags/tutorial.py took 0.276 seconds
[2024-10-29T23:54:04.986+0000] {processor.py:161} INFO - Started process (PID=2234) to work on /home/airflow/.local/lib/python3.8/site-packages/airflow/example_dags/tutorial.py
[2024-10-29T23:54:04.991+0000] {processor.py:830} INFO - Processing file /home/airflow/.local/lib/python3.8/site-packages/airflow/example_dags/tutorial.py for tasks to queue
[2024-10-29T23:54:04.993+0000] {logging_mixin.py:188} INFO - [2024-10-29T23:54:04.992+0000] {dagbag.py:540} INFO - Filling up the DagBag from /home/airflow/.local/lib/python3.8/site-packages/airflow/example_dags/tutorial.py
[2024-10-29T23:54:04.997+0000] {processor.py:840} INFO - DAG(s) 'tutorial' retrieved from /home/airflow/.local/lib/python3.8/site-packages/airflow/example_dags/tutorial.py
[2024-10-29T23:54:05.113+0000] {logging_mixin.py:188} INFO - [2024-10-29T23:54:05.112+0000] {dag.py:3047} INFO - Sync 1 DAGs
[2024-10-29T23:54:05.130+0000] {logging_mixin.py:188} INFO - [2024-10-29T23:54:05.130+0000] {dag.py:3834} INFO - Setting next_dagrun for tutorial to 2024-10-28 00:00:00+00:00, run_after=2024-10-29 00:00:00+00:00
[2024-10-29T23:54:05.142+0000] {processor.py:183} INFO - Processing /home/airflow/.local/lib/python3.8/site-packages/airflow/example_dags/tutorial.py took 0.159 seconds
[2024-10-29T23:54:35.542+0000] {processor.py:161} INFO - Started process (PID=2289) to work on /home/airflow/.local/lib/python3.8/site-packages/airflow/example_dags/tutorial.py
[2024-10-29T23:54:35.544+0000] {processor.py:830} INFO - Processing file /home/airflow/.local/lib/python3.8/site-packages/airflow/example_dags/tutorial.py for tasks to queue
[2024-10-29T23:54:35.548+0000] {logging_mixin.py:188} INFO - [2024-10-29T23:54:35.548+0000] {dagbag.py:540} INFO - Filling up the DagBag from /home/airflow/.local/lib/python3.8/site-packages/airflow/example_dags/tutorial.py
[2024-10-29T23:54:35.564+0000] {processor.py:840} INFO - DAG(s) 'tutorial' retrieved from /home/airflow/.local/lib/python3.8/site-packages/airflow/example_dags/tutorial.py
[2024-10-29T23:54:35.620+0000] {logging_mixin.py:188} INFO - [2024-10-29T23:54:35.619+0000] {dag.py:3047} INFO - Sync 1 DAGs
[2024-10-29T23:54:35.688+0000] {logging_mixin.py:188} INFO - [2024-10-29T23:54:35.687+0000] {dag.py:3834} INFO - Setting next_dagrun for tutorial to 2024-10-28 00:00:00+00:00, run_after=2024-10-29 00:00:00+00:00
[2024-10-29T23:54:35.741+0000] {processor.py:183} INFO - Processing /home/airflow/.local/lib/python3.8/site-packages/airflow/example_dags/tutorial.py took 0.208 seconds
[2024-10-29T23:55:05.990+0000] {processor.py:161} INFO - Started process (PID=2345) to work on /home/airflow/.local/lib/python3.8/site-packages/airflow/example_dags/tutorial.py
[2024-10-29T23:55:05.991+0000] {processor.py:830} INFO - Processing file /home/airflow/.local/lib/python3.8/site-packages/airflow/example_dags/tutorial.py for tasks to queue
[2024-10-29T23:55:05.993+0000] {logging_mixin.py:188} INFO - [2024-10-29T23:55:05.992+0000] {dagbag.py:540} INFO - Filling up the DagBag from /home/airflow/.local/lib/python3.8/site-packages/airflow/example_dags/tutorial.py
[2024-10-29T23:55:06.000+0000] {processor.py:840} INFO - DAG(s) 'tutorial' retrieved from /home/airflow/.local/lib/python3.8/site-packages/airflow/example_dags/tutorial.py
[2024-10-29T23:55:06.030+0000] {logging_mixin.py:188} INFO - [2024-10-29T23:55:06.030+0000] {dag.py:3047} INFO - Sync 1 DAGs
[2024-10-29T23:55:06.069+0000] {logging_mixin.py:188} INFO - [2024-10-29T23:55:06.068+0000] {dag.py:3834} INFO - Setting next_dagrun for tutorial to 2024-10-28 00:00:00+00:00, run_after=2024-10-29 00:00:00+00:00
[2024-10-29T23:55:06.098+0000] {processor.py:183} INFO - Processing /home/airflow/.local/lib/python3.8/site-packages/airflow/example_dags/tutorial.py took 0.112 seconds
[2024-10-29T23:55:36.622+0000] {processor.py:161} INFO - Started process (PID=2401) to work on /home/airflow/.local/lib/python3.8/site-packages/airflow/example_dags/tutorial.py
[2024-10-29T23:55:36.629+0000] {processor.py:830} INFO - Processing file /home/airflow/.local/lib/python3.8/site-packages/airflow/example_dags/tutorial.py for tasks to queue
[2024-10-29T23:55:36.633+0000] {logging_mixin.py:188} INFO - [2024-10-29T23:55:36.633+0000] {dagbag.py:540} INFO - Filling up the DagBag from /home/airflow/.local/lib/python3.8/site-packages/airflow/example_dags/tutorial.py
[2024-10-29T23:55:36.649+0000] {processor.py:840} INFO - DAG(s) 'tutorial' retrieved from /home/airflow/.local/lib/python3.8/site-packages/airflow/example_dags/tutorial.py
[2024-10-29T23:55:36.708+0000] {logging_mixin.py:188} INFO - [2024-10-29T23:55:36.707+0000] {dag.py:3047} INFO - Sync 1 DAGs
[2024-10-29T23:55:36.773+0000] {logging_mixin.py:188} INFO - [2024-10-29T23:55:36.772+0000] {dag.py:3834} INFO - Setting next_dagrun for tutorial to 2024-10-28 00:00:00+00:00, run_after=2024-10-29 00:00:00+00:00
[2024-10-29T23:55:36.795+0000] {processor.py:183} INFO - Processing /home/airflow/.local/lib/python3.8/site-packages/airflow/example_dags/tutorial.py took 0.181 seconds
[2024-10-29T23:56:06.846+0000] {processor.py:161} INFO - Started process (PID=2457) to work on /home/airflow/.local/lib/python3.8/site-packages/airflow/example_dags/tutorial.py
[2024-10-29T23:56:06.847+0000] {processor.py:830} INFO - Processing file /home/airflow/.local/lib/python3.8/site-packages/airflow/example_dags/tutorial.py for tasks to queue
[2024-10-29T23:56:06.849+0000] {logging_mixin.py:188} INFO - [2024-10-29T23:56:06.849+0000] {dagbag.py:540} INFO - Filling up the DagBag from /home/airflow/.local/lib/python3.8/site-packages/airflow/example_dags/tutorial.py
[2024-10-29T23:56:06.854+0000] {processor.py:840} INFO - DAG(s) 'tutorial' retrieved from /home/airflow/.local/lib/python3.8/site-packages/airflow/example_dags/tutorial.py
[2024-10-29T23:56:06.873+0000] {logging_mixin.py:188} INFO - [2024-10-29T23:56:06.873+0000] {dag.py:3047} INFO - Sync 1 DAGs
[2024-10-29T23:56:06.899+0000] {logging_mixin.py:188} INFO - [2024-10-29T23:56:06.898+0000] {dag.py:3834} INFO - Setting next_dagrun for tutorial to 2024-10-28 00:00:00+00:00, run_after=2024-10-29 00:00:00+00:00
[2024-10-29T23:56:06.930+0000] {processor.py:183} INFO - Processing /home/airflow/.local/lib/python3.8/site-packages/airflow/example_dags/tutorial.py took 0.086 seconds
[2024-10-29T23:56:37.094+0000] {processor.py:161} INFO - Started process (PID=2513) to work on /home/airflow/.local/lib/python3.8/site-packages/airflow/example_dags/tutorial.py
[2024-10-29T23:56:37.100+0000] {processor.py:830} INFO - Processing file /home/airflow/.local/lib/python3.8/site-packages/airflow/example_dags/tutorial.py for tasks to queue
[2024-10-29T23:56:37.102+0000] {logging_mixin.py:188} INFO - [2024-10-29T23:56:37.101+0000] {dagbag.py:540} INFO - Filling up the DagBag from /home/airflow/.local/lib/python3.8/site-packages/airflow/example_dags/tutorial.py
[2024-10-29T23:56:37.109+0000] {processor.py:840} INFO - DAG(s) 'tutorial' retrieved from /home/airflow/.local/lib/python3.8/site-packages/airflow/example_dags/tutorial.py
[2024-10-29T23:56:37.130+0000] {logging_mixin.py:188} INFO - [2024-10-29T23:56:37.130+0000] {dag.py:3047} INFO - Sync 1 DAGs
[2024-10-29T23:56:37.157+0000] {logging_mixin.py:188} INFO - [2024-10-29T23:56:37.156+0000] {dag.py:3834} INFO - Setting next_dagrun for tutorial to 2024-10-28 00:00:00+00:00, run_after=2024-10-29 00:00:00+00:00
[2024-10-29T23:56:37.180+0000] {processor.py:183} INFO - Processing /home/airflow/.local/lib/python3.8/site-packages/airflow/example_dags/tutorial.py took 0.090 seconds
[2024-10-29T23:57:07.458+0000] {processor.py:161} INFO - Started process (PID=2569) to work on /home/airflow/.local/lib/python3.8/site-packages/airflow/example_dags/tutorial.py
[2024-10-29T23:57:07.463+0000] {processor.py:830} INFO - Processing file /home/airflow/.local/lib/python3.8/site-packages/airflow/example_dags/tutorial.py for tasks to queue
[2024-10-29T23:57:07.464+0000] {logging_mixin.py:188} INFO - [2024-10-29T23:57:07.464+0000] {dagbag.py:540} INFO - Filling up the DagBag from /home/airflow/.local/lib/python3.8/site-packages/airflow/example_dags/tutorial.py
[2024-10-29T23:57:07.468+0000] {processor.py:840} INFO - DAG(s) 'tutorial' retrieved from /home/airflow/.local/lib/python3.8/site-packages/airflow/example_dags/tutorial.py
[2024-10-29T23:57:07.485+0000] {logging_mixin.py:188} INFO - [2024-10-29T23:57:07.485+0000] {dag.py:3047} INFO - Sync 1 DAGs
[2024-10-29T23:57:07.507+0000] {logging_mixin.py:188} INFO - [2024-10-29T23:57:07.507+0000] {dag.py:3834} INFO - Setting next_dagrun for tutorial to 2024-10-28 00:00:00+00:00, run_after=2024-10-29 00:00:00+00:00
[2024-10-29T23:57:07.526+0000] {processor.py:183} INFO - Processing /home/airflow/.local/lib/python3.8/site-packages/airflow/example_dags/tutorial.py took 0.071 seconds
[2024-10-29T23:57:37.639+0000] {processor.py:161} INFO - Started process (PID=2623) to work on /home/airflow/.local/lib/python3.8/site-packages/airflow/example_dags/tutorial.py
[2024-10-29T23:57:37.646+0000] {processor.py:830} INFO - Processing file /home/airflow/.local/lib/python3.8/site-packages/airflow/example_dags/tutorial.py for tasks to queue
[2024-10-29T23:57:37.651+0000] {logging_mixin.py:188} INFO - [2024-10-29T23:57:37.650+0000] {dagbag.py:540} INFO - Filling up the DagBag from /home/airflow/.local/lib/python3.8/site-packages/airflow/example_dags/tutorial.py
[2024-10-29T23:57:37.667+0000] {processor.py:840} INFO - DAG(s) 'tutorial' retrieved from /home/airflow/.local/lib/python3.8/site-packages/airflow/example_dags/tutorial.py
[2024-10-29T23:57:37.733+0000] {logging_mixin.py:188} INFO - [2024-10-29T23:57:37.732+0000] {dag.py:3047} INFO - Sync 1 DAGs
[2024-10-29T23:57:37.816+0000] {logging_mixin.py:188} INFO - [2024-10-29T23:57:37.816+0000] {dag.py:3834} INFO - Setting next_dagrun for tutorial to 2024-10-28 00:00:00+00:00, run_after=2024-10-29 00:00:00+00:00
[2024-10-29T23:57:37.859+0000] {processor.py:183} INFO - Processing /home/airflow/.local/lib/python3.8/site-packages/airflow/example_dags/tutorial.py took 0.229 seconds
[2024-10-29T23:58:08.088+0000] {processor.py:161} INFO - Started process (PID=2679) to work on /home/airflow/.local/lib/python3.8/site-packages/airflow/example_dags/tutorial.py
[2024-10-29T23:58:08.094+0000] {processor.py:830} INFO - Processing file /home/airflow/.local/lib/python3.8/site-packages/airflow/example_dags/tutorial.py for tasks to queue
[2024-10-29T23:58:08.095+0000] {logging_mixin.py:188} INFO - [2024-10-29T23:58:08.095+0000] {dagbag.py:540} INFO - Filling up the DagBag from /home/airflow/.local/lib/python3.8/site-packages/airflow/example_dags/tutorial.py
[2024-10-29T23:58:08.100+0000] {processor.py:840} INFO - DAG(s) 'tutorial' retrieved from /home/airflow/.local/lib/python3.8/site-packages/airflow/example_dags/tutorial.py
[2024-10-29T23:58:08.118+0000] {logging_mixin.py:188} INFO - [2024-10-29T23:58:08.117+0000] {dag.py:3047} INFO - Sync 1 DAGs
[2024-10-29T23:58:08.138+0000] {logging_mixin.py:188} INFO - [2024-10-29T23:58:08.138+0000] {dag.py:3834} INFO - Setting next_dagrun for tutorial to 2024-10-28 00:00:00+00:00, run_after=2024-10-29 00:00:00+00:00
[2024-10-29T23:58:08.155+0000] {processor.py:183} INFO - Processing /home/airflow/.local/lib/python3.8/site-packages/airflow/example_dags/tutorial.py took 0.070 seconds
[2024-10-29T23:58:38.717+0000] {processor.py:161} INFO - Started process (PID=2735) to work on /home/airflow/.local/lib/python3.8/site-packages/airflow/example_dags/tutorial.py
[2024-10-29T23:58:38.718+0000] {processor.py:830} INFO - Processing file /home/airflow/.local/lib/python3.8/site-packages/airflow/example_dags/tutorial.py for tasks to queue
[2024-10-29T23:58:38.721+0000] {logging_mixin.py:188} INFO - [2024-10-29T23:58:38.720+0000] {dagbag.py:540} INFO - Filling up the DagBag from /home/airflow/.local/lib/python3.8/site-packages/airflow/example_dags/tutorial.py
[2024-10-29T23:58:38.725+0000] {processor.py:840} INFO - DAG(s) 'tutorial' retrieved from /home/airflow/.local/lib/python3.8/site-packages/airflow/example_dags/tutorial.py
[2024-10-29T23:58:38.744+0000] {logging_mixin.py:188} INFO - [2024-10-29T23:58:38.743+0000] {dag.py:3047} INFO - Sync 1 DAGs
[2024-10-29T23:58:38.766+0000] {logging_mixin.py:188} INFO - [2024-10-29T23:58:38.765+0000] {dag.py:3834} INFO - Setting next_dagrun for tutorial to 2024-10-28 00:00:00+00:00, run_after=2024-10-29 00:00:00+00:00
[2024-10-29T23:58:38.783+0000] {processor.py:183} INFO - Processing /home/airflow/.local/lib/python3.8/site-packages/airflow/example_dags/tutorial.py took 0.069 seconds
[2024-10-29T23:59:08.988+0000] {processor.py:161} INFO - Started process (PID=2791) to work on /home/airflow/.local/lib/python3.8/site-packages/airflow/example_dags/tutorial.py
[2024-10-29T23:59:08.989+0000] {processor.py:830} INFO - Processing file /home/airflow/.local/lib/python3.8/site-packages/airflow/example_dags/tutorial.py for tasks to queue
[2024-10-29T23:59:08.992+0000] {logging_mixin.py:188} INFO - [2024-10-29T23:59:08.992+0000] {dagbag.py:540} INFO - Filling up the DagBag from /home/airflow/.local/lib/python3.8/site-packages/airflow/example_dags/tutorial.py
[2024-10-29T23:59:08.998+0000] {processor.py:840} INFO - DAG(s) 'tutorial' retrieved from /home/airflow/.local/lib/python3.8/site-packages/airflow/example_dags/tutorial.py
[2024-10-29T23:59:09.023+0000] {logging_mixin.py:188} INFO - [2024-10-29T23:59:09.023+0000] {dag.py:3047} INFO - Sync 1 DAGs
[2024-10-29T23:59:09.060+0000] {logging_mixin.py:188} INFO - [2024-10-29T23:59:09.059+0000] {dag.py:3834} INFO - Setting next_dagrun for tutorial to 2024-10-28 00:00:00+00:00, run_after=2024-10-29 00:00:00+00:00
[2024-10-29T23:59:09.085+0000] {processor.py:183} INFO - Processing /home/airflow/.local/lib/python3.8/site-packages/airflow/example_dags/tutorial.py took 0.101 seconds
[2024-10-29T23:59:39.339+0000] {processor.py:161} INFO - Started process (PID=2847) to work on /home/airflow/.local/lib/python3.8/site-packages/airflow/example_dags/tutorial.py
[2024-10-29T23:59:39.346+0000] {processor.py:830} INFO - Processing file /home/airflow/.local/lib/python3.8/site-packages/airflow/example_dags/tutorial.py for tasks to queue
[2024-10-29T23:59:39.350+0000] {logging_mixin.py:188} INFO - [2024-10-29T23:59:39.349+0000] {dagbag.py:540} INFO - Filling up the DagBag from /home/airflow/.local/lib/python3.8/site-packages/airflow/example_dags/tutorial.py
[2024-10-29T23:59:39.365+0000] {processor.py:840} INFO - DAG(s) 'tutorial' retrieved from /home/airflow/.local/lib/python3.8/site-packages/airflow/example_dags/tutorial.py
[2024-10-29T23:59:39.430+0000] {logging_mixin.py:188} INFO - [2024-10-29T23:59:39.429+0000] {dag.py:3047} INFO - Sync 1 DAGs
[2024-10-29T23:59:39.514+0000] {logging_mixin.py:188} INFO - [2024-10-29T23:59:39.513+0000] {dag.py:3834} INFO - Setting next_dagrun for tutorial to 2024-10-28 00:00:00+00:00, run_after=2024-10-29 00:00:00+00:00
[2024-10-29T23:59:39.581+0000] {processor.py:183} INFO - Processing /home/airflow/.local/lib/python3.8/site-packages/airflow/example_dags/tutorial.py took 0.250 seconds
