[2024-10-29T23:27:22.661+0000] {processor.py:161} INFO - Started process (PID=16644) to work on /home/airflow/.local/lib/python3.8/site-packages/airflow/example_dags/tutorial_dag.py
[2024-10-29T23:27:22.662+0000] {processor.py:830} INFO - Processing file /home/airflow/.local/lib/python3.8/site-packages/airflow/example_dags/tutorial_dag.py for tasks to queue
[2024-10-29T23:27:22.664+0000] {logging_mixin.py:188} INFO - [2024-10-29T23:27:22.663+0000] {dagbag.py:540} INFO - Filling up the DagBag from /home/airflow/.local/lib/python3.8/site-packages/airflow/example_dags/tutorial_dag.py
[2024-10-29T23:27:22.669+0000] {processor.py:840} INFO - DAG(s) 'tutorial_dag' retrieved from /home/airflow/.local/lib/python3.8/site-packages/airflow/example_dags/tutorial_dag.py
[2024-10-29T23:27:22.687+0000] {logging_mixin.py:188} INFO - [2024-10-29T23:27:22.687+0000] {dag.py:3047} INFO - Sync 1 DAGs
[2024-10-29T23:27:22.697+0000] {logging_mixin.py:188} INFO - [2024-10-29T23:27:22.697+0000] {dag.py:3834} INFO - Setting next_dagrun for tutorial_dag to None, run_after=None
[2024-10-29T23:27:22.726+0000] {processor.py:183} INFO - Processing /home/airflow/.local/lib/python3.8/site-packages/airflow/example_dags/tutorial_dag.py took 0.069 seconds
[2024-10-29T23:27:53.381+0000] {processor.py:161} INFO - Started process (PID=16699) to work on /home/airflow/.local/lib/python3.8/site-packages/airflow/example_dags/tutorial_dag.py
[2024-10-29T23:27:53.381+0000] {processor.py:830} INFO - Processing file /home/airflow/.local/lib/python3.8/site-packages/airflow/example_dags/tutorial_dag.py for tasks to queue
[2024-10-29T23:27:53.383+0000] {logging_mixin.py:188} INFO - [2024-10-29T23:27:53.382+0000] {dagbag.py:540} INFO - Filling up the DagBag from /home/airflow/.local/lib/python3.8/site-packages/airflow/example_dags/tutorial_dag.py
[2024-10-29T23:27:53.387+0000] {processor.py:840} INFO - DAG(s) 'tutorial_dag' retrieved from /home/airflow/.local/lib/python3.8/site-packages/airflow/example_dags/tutorial_dag.py
[2024-10-29T23:27:53.402+0000] {logging_mixin.py:188} INFO - [2024-10-29T23:27:53.402+0000] {dag.py:3047} INFO - Sync 1 DAGs
[2024-10-29T23:27:53.413+0000] {logging_mixin.py:188} INFO - [2024-10-29T23:27:53.413+0000] {dag.py:3834} INFO - Setting next_dagrun for tutorial_dag to None, run_after=None
[2024-10-29T23:27:53.426+0000] {processor.py:183} INFO - Processing /home/airflow/.local/lib/python3.8/site-packages/airflow/example_dags/tutorial_dag.py took 0.048 seconds
[2024-10-29T23:28:24.070+0000] {processor.py:161} INFO - Started process (PID=16755) to work on /home/airflow/.local/lib/python3.8/site-packages/airflow/example_dags/tutorial_dag.py
[2024-10-29T23:28:24.071+0000] {processor.py:830} INFO - Processing file /home/airflow/.local/lib/python3.8/site-packages/airflow/example_dags/tutorial_dag.py for tasks to queue
[2024-10-29T23:28:24.073+0000] {logging_mixin.py:188} INFO - [2024-10-29T23:28:24.073+0000] {dagbag.py:540} INFO - Filling up the DagBag from /home/airflow/.local/lib/python3.8/site-packages/airflow/example_dags/tutorial_dag.py
[2024-10-29T23:28:24.078+0000] {processor.py:840} INFO - DAG(s) 'tutorial_dag' retrieved from /home/airflow/.local/lib/python3.8/site-packages/airflow/example_dags/tutorial_dag.py
[2024-10-29T23:28:24.096+0000] {logging_mixin.py:188} INFO - [2024-10-29T23:28:24.096+0000] {dag.py:3047} INFO - Sync 1 DAGs
[2024-10-29T23:28:24.108+0000] {logging_mixin.py:188} INFO - [2024-10-29T23:28:24.108+0000] {dag.py:3834} INFO - Setting next_dagrun for tutorial_dag to None, run_after=None
[2024-10-29T23:28:24.135+0000] {processor.py:183} INFO - Processing /home/airflow/.local/lib/python3.8/site-packages/airflow/example_dags/tutorial_dag.py took 0.067 seconds
[2024-10-29T23:28:54.878+0000] {processor.py:161} INFO - Started process (PID=16811) to work on /home/airflow/.local/lib/python3.8/site-packages/airflow/example_dags/tutorial_dag.py
[2024-10-29T23:28:54.879+0000] {processor.py:830} INFO - Processing file /home/airflow/.local/lib/python3.8/site-packages/airflow/example_dags/tutorial_dag.py for tasks to queue
[2024-10-29T23:28:54.880+0000] {logging_mixin.py:188} INFO - [2024-10-29T23:28:54.880+0000] {dagbag.py:540} INFO - Filling up the DagBag from /home/airflow/.local/lib/python3.8/site-packages/airflow/example_dags/tutorial_dag.py
[2024-10-29T23:28:54.885+0000] {processor.py:840} INFO - DAG(s) 'tutorial_dag' retrieved from /home/airflow/.local/lib/python3.8/site-packages/airflow/example_dags/tutorial_dag.py
[2024-10-29T23:28:54.905+0000] {logging_mixin.py:188} INFO - [2024-10-29T23:28:54.905+0000] {dag.py:3047} INFO - Sync 1 DAGs
[2024-10-29T23:28:54.918+0000] {logging_mixin.py:188} INFO - [2024-10-29T23:28:54.918+0000] {dag.py:3834} INFO - Setting next_dagrun for tutorial_dag to None, run_after=None
[2024-10-29T23:28:54.936+0000] {processor.py:183} INFO - Processing /home/airflow/.local/lib/python3.8/site-packages/airflow/example_dags/tutorial_dag.py took 0.061 seconds
[2024-10-29T23:29:26.280+0000] {processor.py:161} INFO - Started process (PID=16868) to work on /home/airflow/.local/lib/python3.8/site-packages/airflow/example_dags/tutorial_dag.py
[2024-10-29T23:29:26.281+0000] {processor.py:830} INFO - Processing file /home/airflow/.local/lib/python3.8/site-packages/airflow/example_dags/tutorial_dag.py for tasks to queue
[2024-10-29T23:29:26.282+0000] {logging_mixin.py:188} INFO - [2024-10-29T23:29:26.282+0000] {dagbag.py:540} INFO - Filling up the DagBag from /home/airflow/.local/lib/python3.8/site-packages/airflow/example_dags/tutorial_dag.py
[2024-10-29T23:29:26.286+0000] {processor.py:840} INFO - DAG(s) 'tutorial_dag' retrieved from /home/airflow/.local/lib/python3.8/site-packages/airflow/example_dags/tutorial_dag.py
[2024-10-29T23:29:26.306+0000] {logging_mixin.py:188} INFO - [2024-10-29T23:29:26.306+0000] {dag.py:3047} INFO - Sync 1 DAGs
[2024-10-29T23:29:26.318+0000] {logging_mixin.py:188} INFO - [2024-10-29T23:29:26.317+0000] {dag.py:3834} INFO - Setting next_dagrun for tutorial_dag to None, run_after=None
[2024-10-29T23:29:26.332+0000] {processor.py:183} INFO - Processing /home/airflow/.local/lib/python3.8/site-packages/airflow/example_dags/tutorial_dag.py took 0.055 seconds
[2024-10-29T23:29:56.369+0000] {processor.py:161} INFO - Started process (PID=16924) to work on /home/airflow/.local/lib/python3.8/site-packages/airflow/example_dags/tutorial_dag.py
[2024-10-29T23:29:56.369+0000] {processor.py:830} INFO - Processing file /home/airflow/.local/lib/python3.8/site-packages/airflow/example_dags/tutorial_dag.py for tasks to queue
[2024-10-29T23:29:56.371+0000] {logging_mixin.py:188} INFO - [2024-10-29T23:29:56.370+0000] {dagbag.py:540} INFO - Filling up the DagBag from /home/airflow/.local/lib/python3.8/site-packages/airflow/example_dags/tutorial_dag.py
[2024-10-29T23:29:56.375+0000] {processor.py:840} INFO - DAG(s) 'tutorial_dag' retrieved from /home/airflow/.local/lib/python3.8/site-packages/airflow/example_dags/tutorial_dag.py
[2024-10-29T23:29:56.393+0000] {logging_mixin.py:188} INFO - [2024-10-29T23:29:56.392+0000] {dag.py:3047} INFO - Sync 1 DAGs
[2024-10-29T23:29:56.404+0000] {logging_mixin.py:188} INFO - [2024-10-29T23:29:56.404+0000] {dag.py:3834} INFO - Setting next_dagrun for tutorial_dag to None, run_after=None
[2024-10-29T23:29:56.421+0000] {processor.py:183} INFO - Processing /home/airflow/.local/lib/python3.8/site-packages/airflow/example_dags/tutorial_dag.py took 0.055 seconds
[2024-10-29T23:30:26.831+0000] {processor.py:161} INFO - Started process (PID=16980) to work on /home/airflow/.local/lib/python3.8/site-packages/airflow/example_dags/tutorial_dag.py
[2024-10-29T23:30:26.831+0000] {processor.py:830} INFO - Processing file /home/airflow/.local/lib/python3.8/site-packages/airflow/example_dags/tutorial_dag.py for tasks to queue
[2024-10-29T23:30:26.833+0000] {logging_mixin.py:188} INFO - [2024-10-29T23:30:26.832+0000] {dagbag.py:540} INFO - Filling up the DagBag from /home/airflow/.local/lib/python3.8/site-packages/airflow/example_dags/tutorial_dag.py
[2024-10-29T23:30:26.837+0000] {processor.py:840} INFO - DAG(s) 'tutorial_dag' retrieved from /home/airflow/.local/lib/python3.8/site-packages/airflow/example_dags/tutorial_dag.py
[2024-10-29T23:30:26.854+0000] {logging_mixin.py:188} INFO - [2024-10-29T23:30:26.854+0000] {dag.py:3047} INFO - Sync 1 DAGs
[2024-10-29T23:30:26.866+0000] {logging_mixin.py:188} INFO - [2024-10-29T23:30:26.865+0000] {dag.py:3834} INFO - Setting next_dagrun for tutorial_dag to None, run_after=None
[2024-10-29T23:30:26.882+0000] {processor.py:183} INFO - Processing /home/airflow/.local/lib/python3.8/site-packages/airflow/example_dags/tutorial_dag.py took 0.054 seconds
[2024-10-29T23:30:57.405+0000] {processor.py:161} INFO - Started process (PID=17034) to work on /home/airflow/.local/lib/python3.8/site-packages/airflow/example_dags/tutorial_dag.py
[2024-10-29T23:30:57.406+0000] {processor.py:830} INFO - Processing file /home/airflow/.local/lib/python3.8/site-packages/airflow/example_dags/tutorial_dag.py for tasks to queue
[2024-10-29T23:30:57.408+0000] {logging_mixin.py:188} INFO - [2024-10-29T23:30:57.407+0000] {dagbag.py:540} INFO - Filling up the DagBag from /home/airflow/.local/lib/python3.8/site-packages/airflow/example_dags/tutorial_dag.py
[2024-10-29T23:30:57.412+0000] {processor.py:840} INFO - DAG(s) 'tutorial_dag' retrieved from /home/airflow/.local/lib/python3.8/site-packages/airflow/example_dags/tutorial_dag.py
[2024-10-29T23:30:57.431+0000] {logging_mixin.py:188} INFO - [2024-10-29T23:30:57.431+0000] {dag.py:3047} INFO - Sync 1 DAGs
[2024-10-29T23:30:57.447+0000] {logging_mixin.py:188} INFO - [2024-10-29T23:30:57.447+0000] {dag.py:3834} INFO - Setting next_dagrun for tutorial_dag to None, run_after=None
[2024-10-29T23:30:57.467+0000] {processor.py:183} INFO - Processing /home/airflow/.local/lib/python3.8/site-packages/airflow/example_dags/tutorial_dag.py took 0.064 seconds
[2024-10-29T23:31:28.080+0000] {processor.py:161} INFO - Started process (PID=17090) to work on /home/airflow/.local/lib/python3.8/site-packages/airflow/example_dags/tutorial_dag.py
[2024-10-29T23:31:28.081+0000] {processor.py:830} INFO - Processing file /home/airflow/.local/lib/python3.8/site-packages/airflow/example_dags/tutorial_dag.py for tasks to queue
[2024-10-29T23:31:28.082+0000] {logging_mixin.py:188} INFO - [2024-10-29T23:31:28.082+0000] {dagbag.py:540} INFO - Filling up the DagBag from /home/airflow/.local/lib/python3.8/site-packages/airflow/example_dags/tutorial_dag.py
[2024-10-29T23:31:28.087+0000] {processor.py:840} INFO - DAG(s) 'tutorial_dag' retrieved from /home/airflow/.local/lib/python3.8/site-packages/airflow/example_dags/tutorial_dag.py
[2024-10-29T23:31:28.109+0000] {logging_mixin.py:188} INFO - [2024-10-29T23:31:28.109+0000] {dag.py:3047} INFO - Sync 1 DAGs
[2024-10-29T23:31:28.122+0000] {logging_mixin.py:188} INFO - [2024-10-29T23:31:28.122+0000] {dag.py:3834} INFO - Setting next_dagrun for tutorial_dag to None, run_after=None
[2024-10-29T23:31:28.142+0000] {processor.py:183} INFO - Processing /home/airflow/.local/lib/python3.8/site-packages/airflow/example_dags/tutorial_dag.py took 0.065 seconds
[2024-10-29T23:31:58.581+0000] {processor.py:161} INFO - Started process (PID=17146) to work on /home/airflow/.local/lib/python3.8/site-packages/airflow/example_dags/tutorial_dag.py
[2024-10-29T23:31:58.582+0000] {processor.py:830} INFO - Processing file /home/airflow/.local/lib/python3.8/site-packages/airflow/example_dags/tutorial_dag.py for tasks to queue
[2024-10-29T23:31:58.583+0000] {logging_mixin.py:188} INFO - [2024-10-29T23:31:58.583+0000] {dagbag.py:540} INFO - Filling up the DagBag from /home/airflow/.local/lib/python3.8/site-packages/airflow/example_dags/tutorial_dag.py
[2024-10-29T23:31:58.587+0000] {processor.py:840} INFO - DAG(s) 'tutorial_dag' retrieved from /home/airflow/.local/lib/python3.8/site-packages/airflow/example_dags/tutorial_dag.py
[2024-10-29T23:31:58.605+0000] {logging_mixin.py:188} INFO - [2024-10-29T23:31:58.605+0000] {dag.py:3047} INFO - Sync 1 DAGs
[2024-10-29T23:31:58.617+0000] {logging_mixin.py:188} INFO - [2024-10-29T23:31:58.617+0000] {dag.py:3834} INFO - Setting next_dagrun for tutorial_dag to None, run_after=None
[2024-10-29T23:31:58.634+0000] {processor.py:183} INFO - Processing /home/airflow/.local/lib/python3.8/site-packages/airflow/example_dags/tutorial_dag.py took 0.056 seconds
[2024-10-29T23:32:29.719+0000] {processor.py:161} INFO - Started process (PID=17201) to work on /home/airflow/.local/lib/python3.8/site-packages/airflow/example_dags/tutorial_dag.py
[2024-10-29T23:32:29.720+0000] {processor.py:830} INFO - Processing file /home/airflow/.local/lib/python3.8/site-packages/airflow/example_dags/tutorial_dag.py for tasks to queue
[2024-10-29T23:32:29.722+0000] {logging_mixin.py:188} INFO - [2024-10-29T23:32:29.722+0000] {dagbag.py:540} INFO - Filling up the DagBag from /home/airflow/.local/lib/python3.8/site-packages/airflow/example_dags/tutorial_dag.py
[2024-10-29T23:32:29.729+0000] {processor.py:840} INFO - DAG(s) 'tutorial_dag' retrieved from /home/airflow/.local/lib/python3.8/site-packages/airflow/example_dags/tutorial_dag.py
[2024-10-29T23:32:29.749+0000] {logging_mixin.py:188} INFO - [2024-10-29T23:32:29.749+0000] {dag.py:3047} INFO - Sync 1 DAGs
[2024-10-29T23:32:29.764+0000] {logging_mixin.py:188} INFO - [2024-10-29T23:32:29.763+0000] {dag.py:3834} INFO - Setting next_dagrun for tutorial_dag to None, run_after=None
[2024-10-29T23:32:29.789+0000] {processor.py:183} INFO - Processing /home/airflow/.local/lib/python3.8/site-packages/airflow/example_dags/tutorial_dag.py took 0.073 seconds
[2024-10-29T23:32:59.983+0000] {processor.py:161} INFO - Started process (PID=17257) to work on /home/airflow/.local/lib/python3.8/site-packages/airflow/example_dags/tutorial_dag.py
[2024-10-29T23:32:59.984+0000] {processor.py:830} INFO - Processing file /home/airflow/.local/lib/python3.8/site-packages/airflow/example_dags/tutorial_dag.py for tasks to queue
[2024-10-29T23:32:59.985+0000] {logging_mixin.py:188} INFO - [2024-10-29T23:32:59.985+0000] {dagbag.py:540} INFO - Filling up the DagBag from /home/airflow/.local/lib/python3.8/site-packages/airflow/example_dags/tutorial_dag.py
[2024-10-29T23:32:59.989+0000] {processor.py:840} INFO - DAG(s) 'tutorial_dag' retrieved from /home/airflow/.local/lib/python3.8/site-packages/airflow/example_dags/tutorial_dag.py
[2024-10-29T23:33:00.005+0000] {logging_mixin.py:188} INFO - [2024-10-29T23:33:00.004+0000] {dag.py:3047} INFO - Sync 1 DAGs
[2024-10-29T23:33:00.016+0000] {logging_mixin.py:188} INFO - [2024-10-29T23:33:00.016+0000] {dag.py:3834} INFO - Setting next_dagrun for tutorial_dag to None, run_after=None
[2024-10-29T23:33:00.030+0000] {processor.py:183} INFO - Processing /home/airflow/.local/lib/python3.8/site-packages/airflow/example_dags/tutorial_dag.py took 0.049 seconds
[2024-10-29T23:34:17.655+0000] {processor.py:161} INFO - Started process (PID=57) to work on /home/airflow/.local/lib/python3.8/site-packages/airflow/example_dags/tutorial_dag.py
[2024-10-29T23:34:17.657+0000] {processor.py:830} INFO - Processing file /home/airflow/.local/lib/python3.8/site-packages/airflow/example_dags/tutorial_dag.py for tasks to queue
[2024-10-29T23:34:17.659+0000] {logging_mixin.py:188} INFO - [2024-10-29T23:34:17.659+0000] {dagbag.py:540} INFO - Filling up the DagBag from /home/airflow/.local/lib/python3.8/site-packages/airflow/example_dags/tutorial_dag.py
[2024-10-29T23:34:17.672+0000] {processor.py:840} INFO - DAG(s) 'tutorial_dag' retrieved from /home/airflow/.local/lib/python3.8/site-packages/airflow/example_dags/tutorial_dag.py
[2024-10-29T23:34:17.691+0000] {logging_mixin.py:188} INFO - [2024-10-29T23:34:17.691+0000] {dag.py:3047} INFO - Sync 1 DAGs
[2024-10-29T23:34:17.715+0000] {logging_mixin.py:188} INFO - [2024-10-29T23:34:17.715+0000] {dag.py:3834} INFO - Setting next_dagrun for tutorial_dag to None, run_after=None
[2024-10-29T23:34:17.746+0000] {processor.py:183} INFO - Processing /home/airflow/.local/lib/python3.8/site-packages/airflow/example_dags/tutorial_dag.py took 0.094 seconds
[2024-10-29T23:34:49.457+0000] {processor.py:161} INFO - Started process (PID=113) to work on /home/airflow/.local/lib/python3.8/site-packages/airflow/example_dags/tutorial_dag.py
[2024-10-29T23:34:49.458+0000] {processor.py:830} INFO - Processing file /home/airflow/.local/lib/python3.8/site-packages/airflow/example_dags/tutorial_dag.py for tasks to queue
[2024-10-29T23:34:49.460+0000] {logging_mixin.py:188} INFO - [2024-10-29T23:34:49.460+0000] {dagbag.py:540} INFO - Filling up the DagBag from /home/airflow/.local/lib/python3.8/site-packages/airflow/example_dags/tutorial_dag.py
[2024-10-29T23:34:49.465+0000] {processor.py:840} INFO - DAG(s) 'tutorial_dag' retrieved from /home/airflow/.local/lib/python3.8/site-packages/airflow/example_dags/tutorial_dag.py
[2024-10-29T23:34:49.639+0000] {logging_mixin.py:188} INFO - [2024-10-29T23:34:49.639+0000] {dag.py:3047} INFO - Sync 1 DAGs
[2024-10-29T23:34:49.661+0000] {logging_mixin.py:188} INFO - [2024-10-29T23:34:49.661+0000] {dag.py:3834} INFO - Setting next_dagrun for tutorial_dag to None, run_after=None
[2024-10-29T23:34:49.697+0000] {processor.py:183} INFO - Processing /home/airflow/.local/lib/python3.8/site-packages/airflow/example_dags/tutorial_dag.py took 0.243 seconds
[2024-10-29T23:35:20.177+0000] {processor.py:161} INFO - Started process (PID=169) to work on /home/airflow/.local/lib/python3.8/site-packages/airflow/example_dags/tutorial_dag.py
[2024-10-29T23:35:20.178+0000] {processor.py:830} INFO - Processing file /home/airflow/.local/lib/python3.8/site-packages/airflow/example_dags/tutorial_dag.py for tasks to queue
[2024-10-29T23:35:20.180+0000] {logging_mixin.py:188} INFO - [2024-10-29T23:35:20.180+0000] {dagbag.py:540} INFO - Filling up the DagBag from /home/airflow/.local/lib/python3.8/site-packages/airflow/example_dags/tutorial_dag.py
[2024-10-29T23:35:20.185+0000] {processor.py:840} INFO - DAG(s) 'tutorial_dag' retrieved from /home/airflow/.local/lib/python3.8/site-packages/airflow/example_dags/tutorial_dag.py
[2024-10-29T23:35:20.204+0000] {logging_mixin.py:188} INFO - [2024-10-29T23:35:20.204+0000] {dag.py:3047} INFO - Sync 1 DAGs
[2024-10-29T23:35:20.218+0000] {logging_mixin.py:188} INFO - [2024-10-29T23:35:20.217+0000] {dag.py:3834} INFO - Setting next_dagrun for tutorial_dag to None, run_after=None
[2024-10-29T23:35:20.237+0000] {processor.py:183} INFO - Processing /home/airflow/.local/lib/python3.8/site-packages/airflow/example_dags/tutorial_dag.py took 0.062 seconds
[2024-10-29T23:35:50.399+0000] {processor.py:161} INFO - Started process (PID=224) to work on /home/airflow/.local/lib/python3.8/site-packages/airflow/example_dags/tutorial_dag.py
[2024-10-29T23:35:50.400+0000] {processor.py:830} INFO - Processing file /home/airflow/.local/lib/python3.8/site-packages/airflow/example_dags/tutorial_dag.py for tasks to queue
[2024-10-29T23:35:50.403+0000] {logging_mixin.py:188} INFO - [2024-10-29T23:35:50.402+0000] {dagbag.py:540} INFO - Filling up the DagBag from /home/airflow/.local/lib/python3.8/site-packages/airflow/example_dags/tutorial_dag.py
[2024-10-29T23:35:50.411+0000] {processor.py:840} INFO - DAG(s) 'tutorial_dag' retrieved from /home/airflow/.local/lib/python3.8/site-packages/airflow/example_dags/tutorial_dag.py
[2024-10-29T23:35:50.437+0000] {logging_mixin.py:188} INFO - [2024-10-29T23:35:50.437+0000] {dag.py:3047} INFO - Sync 1 DAGs
[2024-10-29T23:35:50.452+0000] {logging_mixin.py:188} INFO - [2024-10-29T23:35:50.451+0000] {dag.py:3834} INFO - Setting next_dagrun for tutorial_dag to None, run_after=None
[2024-10-29T23:35:50.471+0000] {processor.py:183} INFO - Processing /home/airflow/.local/lib/python3.8/site-packages/airflow/example_dags/tutorial_dag.py took 0.076 seconds
[2024-10-29T23:36:20.520+0000] {processor.py:161} INFO - Started process (PID=280) to work on /home/airflow/.local/lib/python3.8/site-packages/airflow/example_dags/tutorial_dag.py
[2024-10-29T23:36:20.521+0000] {processor.py:830} INFO - Processing file /home/airflow/.local/lib/python3.8/site-packages/airflow/example_dags/tutorial_dag.py for tasks to queue
[2024-10-29T23:36:20.523+0000] {logging_mixin.py:188} INFO - [2024-10-29T23:36:20.522+0000] {dagbag.py:540} INFO - Filling up the DagBag from /home/airflow/.local/lib/python3.8/site-packages/airflow/example_dags/tutorial_dag.py
[2024-10-29T23:36:20.527+0000] {processor.py:840} INFO - DAG(s) 'tutorial_dag' retrieved from /home/airflow/.local/lib/python3.8/site-packages/airflow/example_dags/tutorial_dag.py
[2024-10-29T23:36:20.546+0000] {logging_mixin.py:188} INFO - [2024-10-29T23:36:20.545+0000] {dag.py:3047} INFO - Sync 1 DAGs
[2024-10-29T23:36:20.559+0000] {logging_mixin.py:188} INFO - [2024-10-29T23:36:20.558+0000] {dag.py:3834} INFO - Setting next_dagrun for tutorial_dag to None, run_after=None
[2024-10-29T23:36:20.576+0000] {processor.py:183} INFO - Processing /home/airflow/.local/lib/python3.8/site-packages/airflow/example_dags/tutorial_dag.py took 0.058 seconds
[2024-10-29T23:36:51.147+0000] {processor.py:161} INFO - Started process (PID=336) to work on /home/airflow/.local/lib/python3.8/site-packages/airflow/example_dags/tutorial_dag.py
[2024-10-29T23:36:51.148+0000] {processor.py:830} INFO - Processing file /home/airflow/.local/lib/python3.8/site-packages/airflow/example_dags/tutorial_dag.py for tasks to queue
[2024-10-29T23:36:51.149+0000] {logging_mixin.py:188} INFO - [2024-10-29T23:36:51.149+0000] {dagbag.py:540} INFO - Filling up the DagBag from /home/airflow/.local/lib/python3.8/site-packages/airflow/example_dags/tutorial_dag.py
[2024-10-29T23:36:51.153+0000] {processor.py:840} INFO - DAG(s) 'tutorial_dag' retrieved from /home/airflow/.local/lib/python3.8/site-packages/airflow/example_dags/tutorial_dag.py
[2024-10-29T23:36:51.169+0000] {logging_mixin.py:188} INFO - [2024-10-29T23:36:51.169+0000] {dag.py:3047} INFO - Sync 1 DAGs
[2024-10-29T23:36:51.180+0000] {logging_mixin.py:188} INFO - [2024-10-29T23:36:51.180+0000] {dag.py:3834} INFO - Setting next_dagrun for tutorial_dag to None, run_after=None
[2024-10-29T23:36:51.198+0000] {processor.py:183} INFO - Processing /home/airflow/.local/lib/python3.8/site-packages/airflow/example_dags/tutorial_dag.py took 0.054 seconds
[2024-10-29T23:37:21.504+0000] {processor.py:161} INFO - Started process (PID=392) to work on /home/airflow/.local/lib/python3.8/site-packages/airflow/example_dags/tutorial_dag.py
[2024-10-29T23:37:21.504+0000] {processor.py:830} INFO - Processing file /home/airflow/.local/lib/python3.8/site-packages/airflow/example_dags/tutorial_dag.py for tasks to queue
[2024-10-29T23:37:21.506+0000] {logging_mixin.py:188} INFO - [2024-10-29T23:37:21.505+0000] {dagbag.py:540} INFO - Filling up the DagBag from /home/airflow/.local/lib/python3.8/site-packages/airflow/example_dags/tutorial_dag.py
[2024-10-29T23:37:21.509+0000] {processor.py:840} INFO - DAG(s) 'tutorial_dag' retrieved from /home/airflow/.local/lib/python3.8/site-packages/airflow/example_dags/tutorial_dag.py
[2024-10-29T23:37:21.524+0000] {logging_mixin.py:188} INFO - [2024-10-29T23:37:21.524+0000] {dag.py:3047} INFO - Sync 1 DAGs
[2024-10-29T23:37:21.535+0000] {logging_mixin.py:188} INFO - [2024-10-29T23:37:21.535+0000] {dag.py:3834} INFO - Setting next_dagrun for tutorial_dag to None, run_after=None
[2024-10-29T23:37:21.548+0000] {processor.py:183} INFO - Processing /home/airflow/.local/lib/python3.8/site-packages/airflow/example_dags/tutorial_dag.py took 0.047 seconds
[2024-10-29T23:37:52.378+0000] {processor.py:161} INFO - Started process (PID=448) to work on /home/airflow/.local/lib/python3.8/site-packages/airflow/example_dags/tutorial_dag.py
[2024-10-29T23:37:52.378+0000] {processor.py:830} INFO - Processing file /home/airflow/.local/lib/python3.8/site-packages/airflow/example_dags/tutorial_dag.py for tasks to queue
[2024-10-29T23:37:52.380+0000] {logging_mixin.py:188} INFO - [2024-10-29T23:37:52.380+0000] {dagbag.py:540} INFO - Filling up the DagBag from /home/airflow/.local/lib/python3.8/site-packages/airflow/example_dags/tutorial_dag.py
[2024-10-29T23:37:52.385+0000] {processor.py:840} INFO - DAG(s) 'tutorial_dag' retrieved from /home/airflow/.local/lib/python3.8/site-packages/airflow/example_dags/tutorial_dag.py
[2024-10-29T23:37:52.410+0000] {logging_mixin.py:188} INFO - [2024-10-29T23:37:52.410+0000] {dag.py:3047} INFO - Sync 1 DAGs
[2024-10-29T23:37:52.430+0000] {logging_mixin.py:188} INFO - [2024-10-29T23:37:52.430+0000] {dag.py:3834} INFO - Setting next_dagrun for tutorial_dag to None, run_after=None
[2024-10-29T23:37:52.457+0000] {processor.py:183} INFO - Processing /home/airflow/.local/lib/python3.8/site-packages/airflow/example_dags/tutorial_dag.py took 0.082 seconds
[2024-10-29T23:38:22.963+0000] {processor.py:161} INFO - Started process (PID=504) to work on /home/airflow/.local/lib/python3.8/site-packages/airflow/example_dags/tutorial_dag.py
[2024-10-29T23:38:22.964+0000] {processor.py:830} INFO - Processing file /home/airflow/.local/lib/python3.8/site-packages/airflow/example_dags/tutorial_dag.py for tasks to queue
[2024-10-29T23:38:22.967+0000] {logging_mixin.py:188} INFO - [2024-10-29T23:38:22.966+0000] {dagbag.py:540} INFO - Filling up the DagBag from /home/airflow/.local/lib/python3.8/site-packages/airflow/example_dags/tutorial_dag.py
[2024-10-29T23:38:22.972+0000] {processor.py:840} INFO - DAG(s) 'tutorial_dag' retrieved from /home/airflow/.local/lib/python3.8/site-packages/airflow/example_dags/tutorial_dag.py
[2024-10-29T23:38:22.996+0000] {logging_mixin.py:188} INFO - [2024-10-29T23:38:22.995+0000] {dag.py:3047} INFO - Sync 1 DAGs
[2024-10-29T23:38:23.012+0000] {logging_mixin.py:188} INFO - [2024-10-29T23:38:23.011+0000] {dag.py:3834} INFO - Setting next_dagrun for tutorial_dag to None, run_after=None
[2024-10-29T23:38:23.030+0000] {processor.py:183} INFO - Processing /home/airflow/.local/lib/python3.8/site-packages/airflow/example_dags/tutorial_dag.py took 0.071 seconds
[2024-10-29T23:38:53.287+0000] {processor.py:161} INFO - Started process (PID=560) to work on /home/airflow/.local/lib/python3.8/site-packages/airflow/example_dags/tutorial_dag.py
[2024-10-29T23:38:53.289+0000] {processor.py:830} INFO - Processing file /home/airflow/.local/lib/python3.8/site-packages/airflow/example_dags/tutorial_dag.py for tasks to queue
[2024-10-29T23:38:53.291+0000] {logging_mixin.py:188} INFO - [2024-10-29T23:38:53.291+0000] {dagbag.py:540} INFO - Filling up the DagBag from /home/airflow/.local/lib/python3.8/site-packages/airflow/example_dags/tutorial_dag.py
[2024-10-29T23:38:53.300+0000] {processor.py:840} INFO - DAG(s) 'tutorial_dag' retrieved from /home/airflow/.local/lib/python3.8/site-packages/airflow/example_dags/tutorial_dag.py
[2024-10-29T23:38:53.332+0000] {logging_mixin.py:188} INFO - [2024-10-29T23:38:53.331+0000] {dag.py:3047} INFO - Sync 1 DAGs
[2024-10-29T23:38:53.354+0000] {logging_mixin.py:188} INFO - [2024-10-29T23:38:53.354+0000] {dag.py:3834} INFO - Setting next_dagrun for tutorial_dag to None, run_after=None
[2024-10-29T23:38:53.386+0000] {processor.py:183} INFO - Processing /home/airflow/.local/lib/python3.8/site-packages/airflow/example_dags/tutorial_dag.py took 0.103 seconds
[2024-10-29T23:39:23.433+0000] {processor.py:161} INFO - Started process (PID=616) to work on /home/airflow/.local/lib/python3.8/site-packages/airflow/example_dags/tutorial_dag.py
[2024-10-29T23:39:23.434+0000] {processor.py:830} INFO - Processing file /home/airflow/.local/lib/python3.8/site-packages/airflow/example_dags/tutorial_dag.py for tasks to queue
[2024-10-29T23:39:23.435+0000] {logging_mixin.py:188} INFO - [2024-10-29T23:39:23.435+0000] {dagbag.py:540} INFO - Filling up the DagBag from /home/airflow/.local/lib/python3.8/site-packages/airflow/example_dags/tutorial_dag.py
[2024-10-29T23:39:23.440+0000] {processor.py:840} INFO - DAG(s) 'tutorial_dag' retrieved from /home/airflow/.local/lib/python3.8/site-packages/airflow/example_dags/tutorial_dag.py
[2024-10-29T23:39:23.458+0000] {logging_mixin.py:188} INFO - [2024-10-29T23:39:23.457+0000] {dag.py:3047} INFO - Sync 1 DAGs
[2024-10-29T23:39:23.469+0000] {logging_mixin.py:188} INFO - [2024-10-29T23:39:23.468+0000] {dag.py:3834} INFO - Setting next_dagrun for tutorial_dag to None, run_after=None
[2024-10-29T23:39:23.485+0000] {processor.py:183} INFO - Processing /home/airflow/.local/lib/python3.8/site-packages/airflow/example_dags/tutorial_dag.py took 0.054 seconds
[2024-10-29T23:39:54.124+0000] {processor.py:161} INFO - Started process (PID=672) to work on /home/airflow/.local/lib/python3.8/site-packages/airflow/example_dags/tutorial_dag.py
[2024-10-29T23:39:54.124+0000] {processor.py:830} INFO - Processing file /home/airflow/.local/lib/python3.8/site-packages/airflow/example_dags/tutorial_dag.py for tasks to queue
[2024-10-29T23:39:54.126+0000] {logging_mixin.py:188} INFO - [2024-10-29T23:39:54.126+0000] {dagbag.py:540} INFO - Filling up the DagBag from /home/airflow/.local/lib/python3.8/site-packages/airflow/example_dags/tutorial_dag.py
[2024-10-29T23:39:54.131+0000] {processor.py:840} INFO - DAG(s) 'tutorial_dag' retrieved from /home/airflow/.local/lib/python3.8/site-packages/airflow/example_dags/tutorial_dag.py
[2024-10-29T23:39:54.148+0000] {logging_mixin.py:188} INFO - [2024-10-29T23:39:54.148+0000] {dag.py:3047} INFO - Sync 1 DAGs
[2024-10-29T23:39:54.159+0000] {logging_mixin.py:188} INFO - [2024-10-29T23:39:54.159+0000] {dag.py:3834} INFO - Setting next_dagrun for tutorial_dag to None, run_after=None
[2024-10-29T23:39:54.176+0000] {processor.py:183} INFO - Processing /home/airflow/.local/lib/python3.8/site-packages/airflow/example_dags/tutorial_dag.py took 0.055 seconds
[2024-10-29T23:40:24.577+0000] {processor.py:161} INFO - Started process (PID=728) to work on /home/airflow/.local/lib/python3.8/site-packages/airflow/example_dags/tutorial_dag.py
[2024-10-29T23:40:24.578+0000] {processor.py:830} INFO - Processing file /home/airflow/.local/lib/python3.8/site-packages/airflow/example_dags/tutorial_dag.py for tasks to queue
[2024-10-29T23:40:24.579+0000] {logging_mixin.py:188} INFO - [2024-10-29T23:40:24.579+0000] {dagbag.py:540} INFO - Filling up the DagBag from /home/airflow/.local/lib/python3.8/site-packages/airflow/example_dags/tutorial_dag.py
[2024-10-29T23:40:24.585+0000] {processor.py:840} INFO - DAG(s) 'tutorial_dag' retrieved from /home/airflow/.local/lib/python3.8/site-packages/airflow/example_dags/tutorial_dag.py
[2024-10-29T23:40:24.612+0000] {logging_mixin.py:188} INFO - [2024-10-29T23:40:24.612+0000] {dag.py:3047} INFO - Sync 1 DAGs
[2024-10-29T23:40:24.635+0000] {logging_mixin.py:188} INFO - [2024-10-29T23:40:24.635+0000] {dag.py:3834} INFO - Setting next_dagrun for tutorial_dag to None, run_after=None
[2024-10-29T23:40:24.664+0000] {processor.py:183} INFO - Processing /home/airflow/.local/lib/python3.8/site-packages/airflow/example_dags/tutorial_dag.py took 0.091 seconds
[2024-10-29T23:40:55.072+0000] {processor.py:161} INFO - Started process (PID=783) to work on /home/airflow/.local/lib/python3.8/site-packages/airflow/example_dags/tutorial_dag.py
[2024-10-29T23:40:55.073+0000] {processor.py:830} INFO - Processing file /home/airflow/.local/lib/python3.8/site-packages/airflow/example_dags/tutorial_dag.py for tasks to queue
[2024-10-29T23:40:55.074+0000] {logging_mixin.py:188} INFO - [2024-10-29T23:40:55.074+0000] {dagbag.py:540} INFO - Filling up the DagBag from /home/airflow/.local/lib/python3.8/site-packages/airflow/example_dags/tutorial_dag.py
[2024-10-29T23:40:55.079+0000] {processor.py:840} INFO - DAG(s) 'tutorial_dag' retrieved from /home/airflow/.local/lib/python3.8/site-packages/airflow/example_dags/tutorial_dag.py
[2024-10-29T23:40:55.102+0000] {logging_mixin.py:188} INFO - [2024-10-29T23:40:55.102+0000] {dag.py:3047} INFO - Sync 1 DAGs
[2024-10-29T23:40:55.120+0000] {logging_mixin.py:188} INFO - [2024-10-29T23:40:55.120+0000] {dag.py:3834} INFO - Setting next_dagrun for tutorial_dag to None, run_after=None
[2024-10-29T23:40:55.143+0000] {processor.py:183} INFO - Processing /home/airflow/.local/lib/python3.8/site-packages/airflow/example_dags/tutorial_dag.py took 0.073 seconds
[2024-10-29T23:41:25.913+0000] {processor.py:161} INFO - Started process (PID=839) to work on /home/airflow/.local/lib/python3.8/site-packages/airflow/example_dags/tutorial_dag.py
[2024-10-29T23:41:25.915+0000] {processor.py:830} INFO - Processing file /home/airflow/.local/lib/python3.8/site-packages/airflow/example_dags/tutorial_dag.py for tasks to queue
[2024-10-29T23:41:25.918+0000] {logging_mixin.py:188} INFO - [2024-10-29T23:41:25.917+0000] {dagbag.py:540} INFO - Filling up the DagBag from /home/airflow/.local/lib/python3.8/site-packages/airflow/example_dags/tutorial_dag.py
[2024-10-29T23:41:25.926+0000] {processor.py:840} INFO - DAG(s) 'tutorial_dag' retrieved from /home/airflow/.local/lib/python3.8/site-packages/airflow/example_dags/tutorial_dag.py
[2024-10-29T23:41:25.956+0000] {logging_mixin.py:188} INFO - [2024-10-29T23:41:25.955+0000] {dag.py:3047} INFO - Sync 1 DAGs
[2024-10-29T23:41:25.975+0000] {logging_mixin.py:188} INFO - [2024-10-29T23:41:25.975+0000] {dag.py:3834} INFO - Setting next_dagrun for tutorial_dag to None, run_after=None
[2024-10-29T23:41:26.001+0000] {processor.py:183} INFO - Processing /home/airflow/.local/lib/python3.8/site-packages/airflow/example_dags/tutorial_dag.py took 0.094 seconds
[2024-10-29T23:41:56.885+0000] {processor.py:161} INFO - Started process (PID=895) to work on /home/airflow/.local/lib/python3.8/site-packages/airflow/example_dags/tutorial_dag.py
[2024-10-29T23:41:56.886+0000] {processor.py:830} INFO - Processing file /home/airflow/.local/lib/python3.8/site-packages/airflow/example_dags/tutorial_dag.py for tasks to queue
[2024-10-29T23:41:56.889+0000] {logging_mixin.py:188} INFO - [2024-10-29T23:41:56.889+0000] {dagbag.py:540} INFO - Filling up the DagBag from /home/airflow/.local/lib/python3.8/site-packages/airflow/example_dags/tutorial_dag.py
[2024-10-29T23:41:56.897+0000] {processor.py:840} INFO - DAG(s) 'tutorial_dag' retrieved from /home/airflow/.local/lib/python3.8/site-packages/airflow/example_dags/tutorial_dag.py
[2024-10-29T23:41:56.926+0000] {logging_mixin.py:188} INFO - [2024-10-29T23:41:56.926+0000] {dag.py:3047} INFO - Sync 1 DAGs
[2024-10-29T23:41:56.947+0000] {logging_mixin.py:188} INFO - [2024-10-29T23:41:56.947+0000] {dag.py:3834} INFO - Setting next_dagrun for tutorial_dag to None, run_after=None
[2024-10-29T23:41:56.977+0000] {processor.py:183} INFO - Processing /home/airflow/.local/lib/python3.8/site-packages/airflow/example_dags/tutorial_dag.py took 0.096 seconds
[2024-10-29T23:42:27.257+0000] {processor.py:161} INFO - Started process (PID=951) to work on /home/airflow/.local/lib/python3.8/site-packages/airflow/example_dags/tutorial_dag.py
[2024-10-29T23:42:27.258+0000] {processor.py:830} INFO - Processing file /home/airflow/.local/lib/python3.8/site-packages/airflow/example_dags/tutorial_dag.py for tasks to queue
[2024-10-29T23:42:27.260+0000] {logging_mixin.py:188} INFO - [2024-10-29T23:42:27.259+0000] {dagbag.py:540} INFO - Filling up the DagBag from /home/airflow/.local/lib/python3.8/site-packages/airflow/example_dags/tutorial_dag.py
[2024-10-29T23:42:27.264+0000] {processor.py:840} INFO - DAG(s) 'tutorial_dag' retrieved from /home/airflow/.local/lib/python3.8/site-packages/airflow/example_dags/tutorial_dag.py
[2024-10-29T23:42:27.281+0000] {logging_mixin.py:188} INFO - [2024-10-29T23:42:27.281+0000] {dag.py:3047} INFO - Sync 1 DAGs
[2024-10-29T23:42:27.293+0000] {logging_mixin.py:188} INFO - [2024-10-29T23:42:27.293+0000] {dag.py:3834} INFO - Setting next_dagrun for tutorial_dag to None, run_after=None
[2024-10-29T23:42:27.308+0000] {processor.py:183} INFO - Processing /home/airflow/.local/lib/python3.8/site-packages/airflow/example_dags/tutorial_dag.py took 0.054 seconds
[2024-10-29T23:42:57.595+0000] {processor.py:161} INFO - Started process (PID=1007) to work on /home/airflow/.local/lib/python3.8/site-packages/airflow/example_dags/tutorial_dag.py
[2024-10-29T23:42:57.596+0000] {processor.py:830} INFO - Processing file /home/airflow/.local/lib/python3.8/site-packages/airflow/example_dags/tutorial_dag.py for tasks to queue
[2024-10-29T23:42:57.598+0000] {logging_mixin.py:188} INFO - [2024-10-29T23:42:57.597+0000] {dagbag.py:540} INFO - Filling up the DagBag from /home/airflow/.local/lib/python3.8/site-packages/airflow/example_dags/tutorial_dag.py
[2024-10-29T23:42:57.602+0000] {processor.py:840} INFO - DAG(s) 'tutorial_dag' retrieved from /home/airflow/.local/lib/python3.8/site-packages/airflow/example_dags/tutorial_dag.py
[2024-10-29T23:42:57.618+0000] {logging_mixin.py:188} INFO - [2024-10-29T23:42:57.618+0000] {dag.py:3047} INFO - Sync 1 DAGs
[2024-10-29T23:42:57.631+0000] {logging_mixin.py:188} INFO - [2024-10-29T23:42:57.630+0000] {dag.py:3834} INFO - Setting next_dagrun for tutorial_dag to None, run_after=None
[2024-10-29T23:42:57.648+0000] {processor.py:183} INFO - Processing /home/airflow/.local/lib/python3.8/site-packages/airflow/example_dags/tutorial_dag.py took 0.056 seconds
[2024-10-29T23:43:28.013+0000] {processor.py:161} INFO - Started process (PID=1063) to work on /home/airflow/.local/lib/python3.8/site-packages/airflow/example_dags/tutorial_dag.py
[2024-10-29T23:43:28.014+0000] {processor.py:830} INFO - Processing file /home/airflow/.local/lib/python3.8/site-packages/airflow/example_dags/tutorial_dag.py for tasks to queue
[2024-10-29T23:43:28.016+0000] {logging_mixin.py:188} INFO - [2024-10-29T23:43:28.016+0000] {dagbag.py:540} INFO - Filling up the DagBag from /home/airflow/.local/lib/python3.8/site-packages/airflow/example_dags/tutorial_dag.py
[2024-10-29T23:43:28.021+0000] {processor.py:840} INFO - DAG(s) 'tutorial_dag' retrieved from /home/airflow/.local/lib/python3.8/site-packages/airflow/example_dags/tutorial_dag.py
[2024-10-29T23:43:28.041+0000] {logging_mixin.py:188} INFO - [2024-10-29T23:43:28.041+0000] {dag.py:3047} INFO - Sync 1 DAGs
[2024-10-29T23:43:28.056+0000] {logging_mixin.py:188} INFO - [2024-10-29T23:43:28.055+0000] {dag.py:3834} INFO - Setting next_dagrun for tutorial_dag to None, run_after=None
[2024-10-29T23:43:28.075+0000] {processor.py:183} INFO - Processing /home/airflow/.local/lib/python3.8/site-packages/airflow/example_dags/tutorial_dag.py took 0.064 seconds
[2024-10-29T23:43:58.237+0000] {processor.py:161} INFO - Started process (PID=1119) to work on /home/airflow/.local/lib/python3.8/site-packages/airflow/example_dags/tutorial_dag.py
[2024-10-29T23:43:58.238+0000] {processor.py:830} INFO - Processing file /home/airflow/.local/lib/python3.8/site-packages/airflow/example_dags/tutorial_dag.py for tasks to queue
[2024-10-29T23:43:58.240+0000] {logging_mixin.py:188} INFO - [2024-10-29T23:43:58.239+0000] {dagbag.py:540} INFO - Filling up the DagBag from /home/airflow/.local/lib/python3.8/site-packages/airflow/example_dags/tutorial_dag.py
[2024-10-29T23:43:58.246+0000] {processor.py:840} INFO - DAG(s) 'tutorial_dag' retrieved from /home/airflow/.local/lib/python3.8/site-packages/airflow/example_dags/tutorial_dag.py
[2024-10-29T23:43:58.269+0000] {logging_mixin.py:188} INFO - [2024-10-29T23:43:58.269+0000] {dag.py:3047} INFO - Sync 1 DAGs
[2024-10-29T23:43:58.285+0000] {logging_mixin.py:188} INFO - [2024-10-29T23:43:58.284+0000] {dag.py:3834} INFO - Setting next_dagrun for tutorial_dag to None, run_after=None
[2024-10-29T23:43:58.305+0000] {processor.py:183} INFO - Processing /home/airflow/.local/lib/python3.8/site-packages/airflow/example_dags/tutorial_dag.py took 0.072 seconds
[2024-10-29T23:44:28.595+0000] {processor.py:161} INFO - Started process (PID=1175) to work on /home/airflow/.local/lib/python3.8/site-packages/airflow/example_dags/tutorial_dag.py
[2024-10-29T23:44:28.596+0000] {processor.py:830} INFO - Processing file /home/airflow/.local/lib/python3.8/site-packages/airflow/example_dags/tutorial_dag.py for tasks to queue
[2024-10-29T23:44:28.598+0000] {logging_mixin.py:188} INFO - [2024-10-29T23:44:28.597+0000] {dagbag.py:540} INFO - Filling up the DagBag from /home/airflow/.local/lib/python3.8/site-packages/airflow/example_dags/tutorial_dag.py
[2024-10-29T23:44:28.603+0000] {processor.py:840} INFO - DAG(s) 'tutorial_dag' retrieved from /home/airflow/.local/lib/python3.8/site-packages/airflow/example_dags/tutorial_dag.py
[2024-10-29T23:44:28.630+0000] {logging_mixin.py:188} INFO - [2024-10-29T23:44:28.630+0000] {dag.py:3047} INFO - Sync 1 DAGs
[2024-10-29T23:44:28.651+0000] {logging_mixin.py:188} INFO - [2024-10-29T23:44:28.651+0000] {dag.py:3834} INFO - Setting next_dagrun for tutorial_dag to None, run_after=None
[2024-10-29T23:44:28.677+0000] {processor.py:183} INFO - Processing /home/airflow/.local/lib/python3.8/site-packages/airflow/example_dags/tutorial_dag.py took 0.086 seconds
[2024-10-29T23:44:58.899+0000] {processor.py:161} INFO - Started process (PID=1231) to work on /home/airflow/.local/lib/python3.8/site-packages/airflow/example_dags/tutorial_dag.py
[2024-10-29T23:44:58.900+0000] {processor.py:830} INFO - Processing file /home/airflow/.local/lib/python3.8/site-packages/airflow/example_dags/tutorial_dag.py for tasks to queue
[2024-10-29T23:44:58.901+0000] {logging_mixin.py:188} INFO - [2024-10-29T23:44:58.901+0000] {dagbag.py:540} INFO - Filling up the DagBag from /home/airflow/.local/lib/python3.8/site-packages/airflow/example_dags/tutorial_dag.py
[2024-10-29T23:44:58.906+0000] {processor.py:840} INFO - DAG(s) 'tutorial_dag' retrieved from /home/airflow/.local/lib/python3.8/site-packages/airflow/example_dags/tutorial_dag.py
[2024-10-29T23:44:58.924+0000] {logging_mixin.py:188} INFO - [2024-10-29T23:44:58.924+0000] {dag.py:3047} INFO - Sync 1 DAGs
[2024-10-29T23:44:58.936+0000] {logging_mixin.py:188} INFO - [2024-10-29T23:44:58.936+0000] {dag.py:3834} INFO - Setting next_dagrun for tutorial_dag to None, run_after=None
[2024-10-29T23:44:58.954+0000] {processor.py:183} INFO - Processing /home/airflow/.local/lib/python3.8/site-packages/airflow/example_dags/tutorial_dag.py took 0.058 seconds
[2024-10-29T23:45:29.146+0000] {processor.py:161} INFO - Started process (PID=1287) to work on /home/airflow/.local/lib/python3.8/site-packages/airflow/example_dags/tutorial_dag.py
[2024-10-29T23:45:29.147+0000] {processor.py:830} INFO - Processing file /home/airflow/.local/lib/python3.8/site-packages/airflow/example_dags/tutorial_dag.py for tasks to queue
[2024-10-29T23:45:29.149+0000] {logging_mixin.py:188} INFO - [2024-10-29T23:45:29.149+0000] {dagbag.py:540} INFO - Filling up the DagBag from /home/airflow/.local/lib/python3.8/site-packages/airflow/example_dags/tutorial_dag.py
[2024-10-29T23:45:29.155+0000] {processor.py:840} INFO - DAG(s) 'tutorial_dag' retrieved from /home/airflow/.local/lib/python3.8/site-packages/airflow/example_dags/tutorial_dag.py
[2024-10-29T23:45:29.184+0000] {logging_mixin.py:188} INFO - [2024-10-29T23:45:29.183+0000] {dag.py:3047} INFO - Sync 1 DAGs
[2024-10-29T23:45:29.209+0000] {logging_mixin.py:188} INFO - [2024-10-29T23:45:29.209+0000] {dag.py:3834} INFO - Setting next_dagrun for tutorial_dag to None, run_after=None
[2024-10-29T23:45:29.234+0000] {processor.py:183} INFO - Processing /home/airflow/.local/lib/python3.8/site-packages/airflow/example_dags/tutorial_dag.py took 0.091 seconds
[2024-10-29T23:45:59.674+0000] {processor.py:161} INFO - Started process (PID=1343) to work on /home/airflow/.local/lib/python3.8/site-packages/airflow/example_dags/tutorial_dag.py
[2024-10-29T23:45:59.675+0000] {processor.py:830} INFO - Processing file /home/airflow/.local/lib/python3.8/site-packages/airflow/example_dags/tutorial_dag.py for tasks to queue
[2024-10-29T23:45:59.678+0000] {logging_mixin.py:188} INFO - [2024-10-29T23:45:59.677+0000] {dagbag.py:540} INFO - Filling up the DagBag from /home/airflow/.local/lib/python3.8/site-packages/airflow/example_dags/tutorial_dag.py
[2024-10-29T23:45:59.684+0000] {processor.py:840} INFO - DAG(s) 'tutorial_dag' retrieved from /home/airflow/.local/lib/python3.8/site-packages/airflow/example_dags/tutorial_dag.py
[2024-10-29T23:45:59.708+0000] {logging_mixin.py:188} INFO - [2024-10-29T23:45:59.708+0000] {dag.py:3047} INFO - Sync 1 DAGs
[2024-10-29T23:45:59.725+0000] {logging_mixin.py:188} INFO - [2024-10-29T23:45:59.724+0000] {dag.py:3834} INFO - Setting next_dagrun for tutorial_dag to None, run_after=None
[2024-10-29T23:45:59.757+0000] {processor.py:183} INFO - Processing /home/airflow/.local/lib/python3.8/site-packages/airflow/example_dags/tutorial_dag.py took 0.087 seconds
[2024-10-29T23:46:29.862+0000] {processor.py:161} INFO - Started process (PID=1399) to work on /home/airflow/.local/lib/python3.8/site-packages/airflow/example_dags/tutorial_dag.py
[2024-10-29T23:46:29.863+0000] {processor.py:830} INFO - Processing file /home/airflow/.local/lib/python3.8/site-packages/airflow/example_dags/tutorial_dag.py for tasks to queue
[2024-10-29T23:46:29.864+0000] {logging_mixin.py:188} INFO - [2024-10-29T23:46:29.864+0000] {dagbag.py:540} INFO - Filling up the DagBag from /home/airflow/.local/lib/python3.8/site-packages/airflow/example_dags/tutorial_dag.py
[2024-10-29T23:46:29.869+0000] {processor.py:840} INFO - DAG(s) 'tutorial_dag' retrieved from /home/airflow/.local/lib/python3.8/site-packages/airflow/example_dags/tutorial_dag.py
[2024-10-29T23:46:29.887+0000] {logging_mixin.py:188} INFO - [2024-10-29T23:46:29.887+0000] {dag.py:3047} INFO - Sync 1 DAGs
[2024-10-29T23:46:29.899+0000] {logging_mixin.py:188} INFO - [2024-10-29T23:46:29.899+0000] {dag.py:3834} INFO - Setting next_dagrun for tutorial_dag to None, run_after=None
[2024-10-29T23:46:29.916+0000] {processor.py:183} INFO - Processing /home/airflow/.local/lib/python3.8/site-packages/airflow/example_dags/tutorial_dag.py took 0.057 seconds
[2024-10-29T23:47:00.105+0000] {processor.py:161} INFO - Started process (PID=1455) to work on /home/airflow/.local/lib/python3.8/site-packages/airflow/example_dags/tutorial_dag.py
[2024-10-29T23:47:00.106+0000] {processor.py:830} INFO - Processing file /home/airflow/.local/lib/python3.8/site-packages/airflow/example_dags/tutorial_dag.py for tasks to queue
[2024-10-29T23:47:00.107+0000] {logging_mixin.py:188} INFO - [2024-10-29T23:47:00.107+0000] {dagbag.py:540} INFO - Filling up the DagBag from /home/airflow/.local/lib/python3.8/site-packages/airflow/example_dags/tutorial_dag.py
[2024-10-29T23:47:00.111+0000] {processor.py:840} INFO - DAG(s) 'tutorial_dag' retrieved from /home/airflow/.local/lib/python3.8/site-packages/airflow/example_dags/tutorial_dag.py
[2024-10-29T23:47:00.127+0000] {logging_mixin.py:188} INFO - [2024-10-29T23:47:00.127+0000] {dag.py:3047} INFO - Sync 1 DAGs
[2024-10-29T23:47:00.138+0000] {logging_mixin.py:188} INFO - [2024-10-29T23:47:00.138+0000] {dag.py:3834} INFO - Setting next_dagrun for tutorial_dag to None, run_after=None
[2024-10-29T23:47:00.153+0000] {processor.py:183} INFO - Processing /home/airflow/.local/lib/python3.8/site-packages/airflow/example_dags/tutorial_dag.py took 0.050 seconds
[2024-10-29T23:47:31.211+0000] {processor.py:161} INFO - Started process (PID=1517) to work on /home/airflow/.local/lib/python3.8/site-packages/airflow/example_dags/tutorial_dag.py
[2024-10-29T23:47:31.212+0000] {processor.py:830} INFO - Processing file /home/airflow/.local/lib/python3.8/site-packages/airflow/example_dags/tutorial_dag.py for tasks to queue
[2024-10-29T23:47:31.214+0000] {logging_mixin.py:188} INFO - [2024-10-29T23:47:31.214+0000] {dagbag.py:540} INFO - Filling up the DagBag from /home/airflow/.local/lib/python3.8/site-packages/airflow/example_dags/tutorial_dag.py
[2024-10-29T23:47:31.221+0000] {processor.py:840} INFO - DAG(s) 'tutorial_dag' retrieved from /home/airflow/.local/lib/python3.8/site-packages/airflow/example_dags/tutorial_dag.py
[2024-10-29T23:47:31.244+0000] {logging_mixin.py:188} INFO - [2024-10-29T23:47:31.243+0000] {dag.py:3047} INFO - Sync 1 DAGs
[2024-10-29T23:47:31.258+0000] {logging_mixin.py:188} INFO - [2024-10-29T23:47:31.257+0000] {dag.py:3834} INFO - Setting next_dagrun for tutorial_dag to None, run_after=None
[2024-10-29T23:47:31.273+0000] {processor.py:183} INFO - Processing /home/airflow/.local/lib/python3.8/site-packages/airflow/example_dags/tutorial_dag.py took 0.065 seconds
[2024-10-29T23:48:01.423+0000] {processor.py:161} INFO - Started process (PID=1573) to work on /home/airflow/.local/lib/python3.8/site-packages/airflow/example_dags/tutorial_dag.py
[2024-10-29T23:48:01.424+0000] {processor.py:830} INFO - Processing file /home/airflow/.local/lib/python3.8/site-packages/airflow/example_dags/tutorial_dag.py for tasks to queue
[2024-10-29T23:48:01.427+0000] {logging_mixin.py:188} INFO - [2024-10-29T23:48:01.426+0000] {dagbag.py:540} INFO - Filling up the DagBag from /home/airflow/.local/lib/python3.8/site-packages/airflow/example_dags/tutorial_dag.py
[2024-10-29T23:48:01.434+0000] {processor.py:840} INFO - DAG(s) 'tutorial_dag' retrieved from /home/airflow/.local/lib/python3.8/site-packages/airflow/example_dags/tutorial_dag.py
[2024-10-29T23:48:01.462+0000] {logging_mixin.py:188} INFO - [2024-10-29T23:48:01.461+0000] {dag.py:3047} INFO - Sync 1 DAGs
[2024-10-29T23:48:01.482+0000] {logging_mixin.py:188} INFO - [2024-10-29T23:48:01.481+0000] {dag.py:3834} INFO - Setting next_dagrun for tutorial_dag to None, run_after=None
[2024-10-29T23:48:01.513+0000] {processor.py:183} INFO - Processing /home/airflow/.local/lib/python3.8/site-packages/airflow/example_dags/tutorial_dag.py took 0.094 seconds
[2024-10-29T23:48:31.644+0000] {processor.py:161} INFO - Started process (PID=1629) to work on /home/airflow/.local/lib/python3.8/site-packages/airflow/example_dags/tutorial_dag.py
[2024-10-29T23:48:31.645+0000] {processor.py:830} INFO - Processing file /home/airflow/.local/lib/python3.8/site-packages/airflow/example_dags/tutorial_dag.py for tasks to queue
[2024-10-29T23:48:31.646+0000] {logging_mixin.py:188} INFO - [2024-10-29T23:48:31.646+0000] {dagbag.py:540} INFO - Filling up the DagBag from /home/airflow/.local/lib/python3.8/site-packages/airflow/example_dags/tutorial_dag.py
[2024-10-29T23:48:31.650+0000] {processor.py:840} INFO - DAG(s) 'tutorial_dag' retrieved from /home/airflow/.local/lib/python3.8/site-packages/airflow/example_dags/tutorial_dag.py
[2024-10-29T23:48:31.666+0000] {logging_mixin.py:188} INFO - [2024-10-29T23:48:31.666+0000] {dag.py:3047} INFO - Sync 1 DAGs
[2024-10-29T23:48:31.676+0000] {logging_mixin.py:188} INFO - [2024-10-29T23:48:31.676+0000] {dag.py:3834} INFO - Setting next_dagrun for tutorial_dag to None, run_after=None
[2024-10-29T23:48:31.691+0000] {processor.py:183} INFO - Processing /home/airflow/.local/lib/python3.8/site-packages/airflow/example_dags/tutorial_dag.py took 0.049 seconds
[2024-10-29T23:49:01.968+0000] {processor.py:161} INFO - Started process (PID=1685) to work on /home/airflow/.local/lib/python3.8/site-packages/airflow/example_dags/tutorial_dag.py
[2024-10-29T23:49:01.969+0000] {processor.py:830} INFO - Processing file /home/airflow/.local/lib/python3.8/site-packages/airflow/example_dags/tutorial_dag.py for tasks to queue
[2024-10-29T23:49:01.970+0000] {logging_mixin.py:188} INFO - [2024-10-29T23:49:01.970+0000] {dagbag.py:540} INFO - Filling up the DagBag from /home/airflow/.local/lib/python3.8/site-packages/airflow/example_dags/tutorial_dag.py
[2024-10-29T23:49:01.975+0000] {processor.py:840} INFO - DAG(s) 'tutorial_dag' retrieved from /home/airflow/.local/lib/python3.8/site-packages/airflow/example_dags/tutorial_dag.py
[2024-10-29T23:49:01.994+0000] {logging_mixin.py:188} INFO - [2024-10-29T23:49:01.994+0000] {dag.py:3047} INFO - Sync 1 DAGs
[2024-10-29T23:49:02.007+0000] {logging_mixin.py:188} INFO - [2024-10-29T23:49:02.007+0000] {dag.py:3834} INFO - Setting next_dagrun for tutorial_dag to None, run_after=None
[2024-10-29T23:49:02.030+0000] {processor.py:183} INFO - Processing /home/airflow/.local/lib/python3.8/site-packages/airflow/example_dags/tutorial_dag.py took 0.065 seconds
[2024-10-29T23:49:32.482+0000] {processor.py:161} INFO - Started process (PID=1741) to work on /home/airflow/.local/lib/python3.8/site-packages/airflow/example_dags/tutorial_dag.py
[2024-10-29T23:49:32.483+0000] {processor.py:830} INFO - Processing file /home/airflow/.local/lib/python3.8/site-packages/airflow/example_dags/tutorial_dag.py for tasks to queue
[2024-10-29T23:49:32.484+0000] {logging_mixin.py:188} INFO - [2024-10-29T23:49:32.484+0000] {dagbag.py:540} INFO - Filling up the DagBag from /home/airflow/.local/lib/python3.8/site-packages/airflow/example_dags/tutorial_dag.py
[2024-10-29T23:49:32.488+0000] {processor.py:840} INFO - DAG(s) 'tutorial_dag' retrieved from /home/airflow/.local/lib/python3.8/site-packages/airflow/example_dags/tutorial_dag.py
[2024-10-29T23:49:32.504+0000] {logging_mixin.py:188} INFO - [2024-10-29T23:49:32.504+0000] {dag.py:3047} INFO - Sync 1 DAGs
[2024-10-29T23:49:32.515+0000] {logging_mixin.py:188} INFO - [2024-10-29T23:49:32.515+0000] {dag.py:3834} INFO - Setting next_dagrun for tutorial_dag to None, run_after=None
[2024-10-29T23:49:32.532+0000] {processor.py:183} INFO - Processing /home/airflow/.local/lib/python3.8/site-packages/airflow/example_dags/tutorial_dag.py took 0.051 seconds
[2024-10-29T23:50:03.511+0000] {processor.py:161} INFO - Started process (PID=1797) to work on /home/airflow/.local/lib/python3.8/site-packages/airflow/example_dags/tutorial_dag.py
[2024-10-29T23:50:03.512+0000] {processor.py:830} INFO - Processing file /home/airflow/.local/lib/python3.8/site-packages/airflow/example_dags/tutorial_dag.py for tasks to queue
[2024-10-29T23:50:03.513+0000] {logging_mixin.py:188} INFO - [2024-10-29T23:50:03.513+0000] {dagbag.py:540} INFO - Filling up the DagBag from /home/airflow/.local/lib/python3.8/site-packages/airflow/example_dags/tutorial_dag.py
[2024-10-29T23:50:03.517+0000] {processor.py:840} INFO - DAG(s) 'tutorial_dag' retrieved from /home/airflow/.local/lib/python3.8/site-packages/airflow/example_dags/tutorial_dag.py
[2024-10-29T23:50:03.531+0000] {logging_mixin.py:188} INFO - [2024-10-29T23:50:03.531+0000] {dag.py:3047} INFO - Sync 1 DAGs
[2024-10-29T23:50:03.541+0000] {logging_mixin.py:188} INFO - [2024-10-29T23:50:03.541+0000] {dag.py:3834} INFO - Setting next_dagrun for tutorial_dag to None, run_after=None
[2024-10-29T23:50:03.556+0000] {processor.py:183} INFO - Processing /home/airflow/.local/lib/python3.8/site-packages/airflow/example_dags/tutorial_dag.py took 0.047 seconds
[2024-10-29T23:50:33.920+0000] {processor.py:161} INFO - Started process (PID=1853) to work on /home/airflow/.local/lib/python3.8/site-packages/airflow/example_dags/tutorial_dag.py
[2024-10-29T23:50:33.922+0000] {processor.py:830} INFO - Processing file /home/airflow/.local/lib/python3.8/site-packages/airflow/example_dags/tutorial_dag.py for tasks to queue
[2024-10-29T23:50:33.925+0000] {logging_mixin.py:188} INFO - [2024-10-29T23:50:33.924+0000] {dagbag.py:540} INFO - Filling up the DagBag from /home/airflow/.local/lib/python3.8/site-packages/airflow/example_dags/tutorial_dag.py
[2024-10-29T23:50:33.933+0000] {processor.py:840} INFO - DAG(s) 'tutorial_dag' retrieved from /home/airflow/.local/lib/python3.8/site-packages/airflow/example_dags/tutorial_dag.py
[2024-10-29T23:50:33.964+0000] {logging_mixin.py:188} INFO - [2024-10-29T23:50:33.963+0000] {dag.py:3047} INFO - Sync 1 DAGs
[2024-10-29T23:50:33.982+0000] {logging_mixin.py:188} INFO - [2024-10-29T23:50:33.981+0000] {dag.py:3834} INFO - Setting next_dagrun for tutorial_dag to None, run_after=None
[2024-10-29T23:50:34.011+0000] {processor.py:183} INFO - Processing /home/airflow/.local/lib/python3.8/site-packages/airflow/example_dags/tutorial_dag.py took 0.096 seconds
[2024-10-29T23:51:04.954+0000] {processor.py:161} INFO - Started process (PID=1909) to work on /home/airflow/.local/lib/python3.8/site-packages/airflow/example_dags/tutorial_dag.py
[2024-10-29T23:51:04.956+0000] {processor.py:830} INFO - Processing file /home/airflow/.local/lib/python3.8/site-packages/airflow/example_dags/tutorial_dag.py for tasks to queue
[2024-10-29T23:51:04.958+0000] {logging_mixin.py:188} INFO - [2024-10-29T23:51:04.957+0000] {dagbag.py:540} INFO - Filling up the DagBag from /home/airflow/.local/lib/python3.8/site-packages/airflow/example_dags/tutorial_dag.py
[2024-10-29T23:51:04.964+0000] {processor.py:840} INFO - DAG(s) 'tutorial_dag' retrieved from /home/airflow/.local/lib/python3.8/site-packages/airflow/example_dags/tutorial_dag.py
[2024-10-29T23:51:04.988+0000] {logging_mixin.py:188} INFO - [2024-10-29T23:51:04.988+0000] {dag.py:3047} INFO - Sync 1 DAGs
[2024-10-29T23:51:05.003+0000] {logging_mixin.py:188} INFO - [2024-10-29T23:51:05.003+0000] {dag.py:3834} INFO - Setting next_dagrun for tutorial_dag to None, run_after=None
[2024-10-29T23:51:05.025+0000] {processor.py:183} INFO - Processing /home/airflow/.local/lib/python3.8/site-packages/airflow/example_dags/tutorial_dag.py took 0.074 seconds
[2024-10-29T23:51:35.169+0000] {processor.py:161} INFO - Started process (PID=1964) to work on /home/airflow/.local/lib/python3.8/site-packages/airflow/example_dags/tutorial_dag.py
[2024-10-29T23:51:35.170+0000] {processor.py:830} INFO - Processing file /home/airflow/.local/lib/python3.8/site-packages/airflow/example_dags/tutorial_dag.py for tasks to queue
[2024-10-29T23:51:35.173+0000] {logging_mixin.py:188} INFO - [2024-10-29T23:51:35.172+0000] {dagbag.py:540} INFO - Filling up the DagBag from /home/airflow/.local/lib/python3.8/site-packages/airflow/example_dags/tutorial_dag.py
[2024-10-29T23:51:35.179+0000] {processor.py:840} INFO - DAG(s) 'tutorial_dag' retrieved from /home/airflow/.local/lib/python3.8/site-packages/airflow/example_dags/tutorial_dag.py
[2024-10-29T23:51:35.208+0000] {logging_mixin.py:188} INFO - [2024-10-29T23:51:35.207+0000] {dag.py:3047} INFO - Sync 1 DAGs
[2024-10-29T23:51:35.226+0000] {logging_mixin.py:188} INFO - [2024-10-29T23:51:35.226+0000] {dag.py:3834} INFO - Setting next_dagrun for tutorial_dag to None, run_after=None
[2024-10-29T23:51:35.248+0000] {processor.py:183} INFO - Processing /home/airflow/.local/lib/python3.8/site-packages/airflow/example_dags/tutorial_dag.py took 0.082 seconds
[2024-10-29T23:52:05.625+0000] {processor.py:161} INFO - Started process (PID=2020) to work on /home/airflow/.local/lib/python3.8/site-packages/airflow/example_dags/tutorial_dag.py
[2024-10-29T23:52:05.625+0000] {processor.py:830} INFO - Processing file /home/airflow/.local/lib/python3.8/site-packages/airflow/example_dags/tutorial_dag.py for tasks to queue
[2024-10-29T23:52:05.627+0000] {logging_mixin.py:188} INFO - [2024-10-29T23:52:05.627+0000] {dagbag.py:540} INFO - Filling up the DagBag from /home/airflow/.local/lib/python3.8/site-packages/airflow/example_dags/tutorial_dag.py
[2024-10-29T23:52:05.631+0000] {processor.py:840} INFO - DAG(s) 'tutorial_dag' retrieved from /home/airflow/.local/lib/python3.8/site-packages/airflow/example_dags/tutorial_dag.py
[2024-10-29T23:52:05.649+0000] {logging_mixin.py:188} INFO - [2024-10-29T23:52:05.649+0000] {dag.py:3047} INFO - Sync 1 DAGs
[2024-10-29T23:52:05.661+0000] {logging_mixin.py:188} INFO - [2024-10-29T23:52:05.660+0000] {dag.py:3834} INFO - Setting next_dagrun for tutorial_dag to None, run_after=None
[2024-10-29T23:52:05.678+0000] {processor.py:183} INFO - Processing /home/airflow/.local/lib/python3.8/site-packages/airflow/example_dags/tutorial_dag.py took 0.056 seconds
[2024-10-29T23:52:36.538+0000] {processor.py:161} INFO - Started process (PID=2076) to work on /home/airflow/.local/lib/python3.8/site-packages/airflow/example_dags/tutorial_dag.py
[2024-10-29T23:52:36.539+0000] {processor.py:830} INFO - Processing file /home/airflow/.local/lib/python3.8/site-packages/airflow/example_dags/tutorial_dag.py for tasks to queue
[2024-10-29T23:52:36.542+0000] {logging_mixin.py:188} INFO - [2024-10-29T23:52:36.542+0000] {dagbag.py:540} INFO - Filling up the DagBag from /home/airflow/.local/lib/python3.8/site-packages/airflow/example_dags/tutorial_dag.py
[2024-10-29T23:52:36.551+0000] {processor.py:840} INFO - DAG(s) 'tutorial_dag' retrieved from /home/airflow/.local/lib/python3.8/site-packages/airflow/example_dags/tutorial_dag.py
[2024-10-29T23:52:36.583+0000] {logging_mixin.py:188} INFO - [2024-10-29T23:52:36.583+0000] {dag.py:3047} INFO - Sync 1 DAGs
[2024-10-29T23:52:36.606+0000] {logging_mixin.py:188} INFO - [2024-10-29T23:52:36.605+0000] {dag.py:3834} INFO - Setting next_dagrun for tutorial_dag to None, run_after=None
[2024-10-29T23:52:36.639+0000] {processor.py:183} INFO - Processing /home/airflow/.local/lib/python3.8/site-packages/airflow/example_dags/tutorial_dag.py took 0.104 seconds
[2024-10-29T23:53:07.465+0000] {processor.py:161} INFO - Started process (PID=2132) to work on /home/airflow/.local/lib/python3.8/site-packages/airflow/example_dags/tutorial_dag.py
[2024-10-29T23:53:07.466+0000] {processor.py:830} INFO - Processing file /home/airflow/.local/lib/python3.8/site-packages/airflow/example_dags/tutorial_dag.py for tasks to queue
[2024-10-29T23:53:07.467+0000] {logging_mixin.py:188} INFO - [2024-10-29T23:53:07.467+0000] {dagbag.py:540} INFO - Filling up the DagBag from /home/airflow/.local/lib/python3.8/site-packages/airflow/example_dags/tutorial_dag.py
[2024-10-29T23:53:07.472+0000] {processor.py:840} INFO - DAG(s) 'tutorial_dag' retrieved from /home/airflow/.local/lib/python3.8/site-packages/airflow/example_dags/tutorial_dag.py
[2024-10-29T23:53:07.491+0000] {logging_mixin.py:188} INFO - [2024-10-29T23:53:07.491+0000] {dag.py:3047} INFO - Sync 1 DAGs
[2024-10-29T23:53:07.502+0000] {logging_mixin.py:188} INFO - [2024-10-29T23:53:07.502+0000] {dag.py:3834} INFO - Setting next_dagrun for tutorial_dag to None, run_after=None
[2024-10-29T23:53:07.517+0000] {processor.py:183} INFO - Processing /home/airflow/.local/lib/python3.8/site-packages/airflow/example_dags/tutorial_dag.py took 0.054 seconds
[2024-10-29T23:53:38.249+0000] {processor.py:161} INFO - Started process (PID=2188) to work on /home/airflow/.local/lib/python3.8/site-packages/airflow/example_dags/tutorial_dag.py
[2024-10-29T23:53:38.250+0000] {processor.py:830} INFO - Processing file /home/airflow/.local/lib/python3.8/site-packages/airflow/example_dags/tutorial_dag.py for tasks to queue
[2024-10-29T23:53:38.251+0000] {logging_mixin.py:188} INFO - [2024-10-29T23:53:38.251+0000] {dagbag.py:540} INFO - Filling up the DagBag from /home/airflow/.local/lib/python3.8/site-packages/airflow/example_dags/tutorial_dag.py
[2024-10-29T23:53:38.255+0000] {processor.py:840} INFO - DAG(s) 'tutorial_dag' retrieved from /home/airflow/.local/lib/python3.8/site-packages/airflow/example_dags/tutorial_dag.py
[2024-10-29T23:53:38.270+0000] {logging_mixin.py:188} INFO - [2024-10-29T23:53:38.270+0000] {dag.py:3047} INFO - Sync 1 DAGs
[2024-10-29T23:53:38.281+0000] {logging_mixin.py:188} INFO - [2024-10-29T23:53:38.280+0000] {dag.py:3834} INFO - Setting next_dagrun for tutorial_dag to None, run_after=None
[2024-10-29T23:53:38.295+0000] {processor.py:183} INFO - Processing /home/airflow/.local/lib/python3.8/site-packages/airflow/example_dags/tutorial_dag.py took 0.048 seconds
[2024-10-29T23:54:09.013+0000] {processor.py:161} INFO - Started process (PID=2244) to work on /home/airflow/.local/lib/python3.8/site-packages/airflow/example_dags/tutorial_dag.py
[2024-10-29T23:54:09.014+0000] {processor.py:830} INFO - Processing file /home/airflow/.local/lib/python3.8/site-packages/airflow/example_dags/tutorial_dag.py for tasks to queue
[2024-10-29T23:54:09.015+0000] {logging_mixin.py:188} INFO - [2024-10-29T23:54:09.015+0000] {dagbag.py:540} INFO - Filling up the DagBag from /home/airflow/.local/lib/python3.8/site-packages/airflow/example_dags/tutorial_dag.py
[2024-10-29T23:54:09.019+0000] {processor.py:840} INFO - DAG(s) 'tutorial_dag' retrieved from /home/airflow/.local/lib/python3.8/site-packages/airflow/example_dags/tutorial_dag.py
[2024-10-29T23:54:09.035+0000] {logging_mixin.py:188} INFO - [2024-10-29T23:54:09.035+0000] {dag.py:3047} INFO - Sync 1 DAGs
[2024-10-29T23:54:09.045+0000] {logging_mixin.py:188} INFO - [2024-10-29T23:54:09.045+0000] {dag.py:3834} INFO - Setting next_dagrun for tutorial_dag to None, run_after=None
[2024-10-29T23:54:09.062+0000] {processor.py:183} INFO - Processing /home/airflow/.local/lib/python3.8/site-packages/airflow/example_dags/tutorial_dag.py took 0.051 seconds
[2024-10-29T23:54:39.407+0000] {processor.py:161} INFO - Started process (PID=2300) to work on /home/airflow/.local/lib/python3.8/site-packages/airflow/example_dags/tutorial_dag.py
[2024-10-29T23:54:39.407+0000] {processor.py:830} INFO - Processing file /home/airflow/.local/lib/python3.8/site-packages/airflow/example_dags/tutorial_dag.py for tasks to queue
[2024-10-29T23:54:39.409+0000] {logging_mixin.py:188} INFO - [2024-10-29T23:54:39.409+0000] {dagbag.py:540} INFO - Filling up the DagBag from /home/airflow/.local/lib/python3.8/site-packages/airflow/example_dags/tutorial_dag.py
[2024-10-29T23:54:39.413+0000] {processor.py:840} INFO - DAG(s) 'tutorial_dag' retrieved from /home/airflow/.local/lib/python3.8/site-packages/airflow/example_dags/tutorial_dag.py
[2024-10-29T23:54:39.431+0000] {logging_mixin.py:188} INFO - [2024-10-29T23:54:39.431+0000] {dag.py:3047} INFO - Sync 1 DAGs
[2024-10-29T23:54:39.444+0000] {logging_mixin.py:188} INFO - [2024-10-29T23:54:39.444+0000] {dag.py:3834} INFO - Setting next_dagrun for tutorial_dag to None, run_after=None
[2024-10-29T23:54:39.464+0000] {processor.py:183} INFO - Processing /home/airflow/.local/lib/python3.8/site-packages/airflow/example_dags/tutorial_dag.py took 0.060 seconds
[2024-10-29T23:55:10.001+0000] {processor.py:161} INFO - Started process (PID=2356) to work on /home/airflow/.local/lib/python3.8/site-packages/airflow/example_dags/tutorial_dag.py
[2024-10-29T23:55:10.002+0000] {processor.py:830} INFO - Processing file /home/airflow/.local/lib/python3.8/site-packages/airflow/example_dags/tutorial_dag.py for tasks to queue
[2024-10-29T23:55:10.005+0000] {logging_mixin.py:188} INFO - [2024-10-29T23:55:10.004+0000] {dagbag.py:540} INFO - Filling up the DagBag from /home/airflow/.local/lib/python3.8/site-packages/airflow/example_dags/tutorial_dag.py
[2024-10-29T23:55:10.013+0000] {processor.py:840} INFO - DAG(s) 'tutorial_dag' retrieved from /home/airflow/.local/lib/python3.8/site-packages/airflow/example_dags/tutorial_dag.py
[2024-10-29T23:55:10.043+0000] {logging_mixin.py:188} INFO - [2024-10-29T23:55:10.043+0000] {dag.py:3047} INFO - Sync 1 DAGs
[2024-10-29T23:55:10.067+0000] {logging_mixin.py:188} INFO - [2024-10-29T23:55:10.066+0000] {dag.py:3834} INFO - Setting next_dagrun for tutorial_dag to None, run_after=None
[2024-10-29T23:55:10.100+0000] {processor.py:183} INFO - Processing /home/airflow/.local/lib/python3.8/site-packages/airflow/example_dags/tutorial_dag.py took 0.103 seconds
[2024-10-29T23:55:40.481+0000] {processor.py:161} INFO - Started process (PID=2412) to work on /home/airflow/.local/lib/python3.8/site-packages/airflow/example_dags/tutorial_dag.py
[2024-10-29T23:55:40.482+0000] {processor.py:830} INFO - Processing file /home/airflow/.local/lib/python3.8/site-packages/airflow/example_dags/tutorial_dag.py for tasks to queue
[2024-10-29T23:55:40.483+0000] {logging_mixin.py:188} INFO - [2024-10-29T23:55:40.483+0000] {dagbag.py:540} INFO - Filling up the DagBag from /home/airflow/.local/lib/python3.8/site-packages/airflow/example_dags/tutorial_dag.py
[2024-10-29T23:55:40.489+0000] {processor.py:840} INFO - DAG(s) 'tutorial_dag' retrieved from /home/airflow/.local/lib/python3.8/site-packages/airflow/example_dags/tutorial_dag.py
[2024-10-29T23:55:40.509+0000] {logging_mixin.py:188} INFO - [2024-10-29T23:55:40.509+0000] {dag.py:3047} INFO - Sync 1 DAGs
[2024-10-29T23:55:40.524+0000] {logging_mixin.py:188} INFO - [2024-10-29T23:55:40.524+0000] {dag.py:3834} INFO - Setting next_dagrun for tutorial_dag to None, run_after=None
[2024-10-29T23:55:40.551+0000] {processor.py:183} INFO - Processing /home/airflow/.local/lib/python3.8/site-packages/airflow/example_dags/tutorial_dag.py took 0.073 seconds
[2024-10-29T23:56:11.449+0000] {processor.py:161} INFO - Started process (PID=2468) to work on /home/airflow/.local/lib/python3.8/site-packages/airflow/example_dags/tutorial_dag.py
[2024-10-29T23:56:11.449+0000] {processor.py:830} INFO - Processing file /home/airflow/.local/lib/python3.8/site-packages/airflow/example_dags/tutorial_dag.py for tasks to queue
[2024-10-29T23:56:11.451+0000] {logging_mixin.py:188} INFO - [2024-10-29T23:56:11.450+0000] {dagbag.py:540} INFO - Filling up the DagBag from /home/airflow/.local/lib/python3.8/site-packages/airflow/example_dags/tutorial_dag.py
[2024-10-29T23:56:11.456+0000] {processor.py:840} INFO - DAG(s) 'tutorial_dag' retrieved from /home/airflow/.local/lib/python3.8/site-packages/airflow/example_dags/tutorial_dag.py
[2024-10-29T23:56:11.483+0000] {logging_mixin.py:188} INFO - [2024-10-29T23:56:11.483+0000] {dag.py:3047} INFO - Sync 1 DAGs
[2024-10-29T23:56:11.502+0000] {logging_mixin.py:188} INFO - [2024-10-29T23:56:11.502+0000] {dag.py:3834} INFO - Setting next_dagrun for tutorial_dag to None, run_after=None
[2024-10-29T23:56:11.523+0000] {processor.py:183} INFO - Processing /home/airflow/.local/lib/python3.8/site-packages/airflow/example_dags/tutorial_dag.py took 0.077 seconds
[2024-10-29T23:56:41.859+0000] {processor.py:161} INFO - Started process (PID=2524) to work on /home/airflow/.local/lib/python3.8/site-packages/airflow/example_dags/tutorial_dag.py
[2024-10-29T23:56:41.859+0000] {processor.py:830} INFO - Processing file /home/airflow/.local/lib/python3.8/site-packages/airflow/example_dags/tutorial_dag.py for tasks to queue
[2024-10-29T23:56:41.861+0000] {logging_mixin.py:188} INFO - [2024-10-29T23:56:41.861+0000] {dagbag.py:540} INFO - Filling up the DagBag from /home/airflow/.local/lib/python3.8/site-packages/airflow/example_dags/tutorial_dag.py
[2024-10-29T23:56:41.865+0000] {processor.py:840} INFO - DAG(s) 'tutorial_dag' retrieved from /home/airflow/.local/lib/python3.8/site-packages/airflow/example_dags/tutorial_dag.py
[2024-10-29T23:56:41.880+0000] {logging_mixin.py:188} INFO - [2024-10-29T23:56:41.880+0000] {dag.py:3047} INFO - Sync 1 DAGs
[2024-10-29T23:56:41.891+0000] {logging_mixin.py:188} INFO - [2024-10-29T23:56:41.891+0000] {dag.py:3834} INFO - Setting next_dagrun for tutorial_dag to None, run_after=None
[2024-10-29T23:56:41.906+0000] {processor.py:183} INFO - Processing /home/airflow/.local/lib/python3.8/site-packages/airflow/example_dags/tutorial_dag.py took 0.050 seconds
[2024-10-29T23:57:12.440+0000] {processor.py:161} INFO - Started process (PID=2580) to work on /home/airflow/.local/lib/python3.8/site-packages/airflow/example_dags/tutorial_dag.py
[2024-10-29T23:57:12.441+0000] {processor.py:830} INFO - Processing file /home/airflow/.local/lib/python3.8/site-packages/airflow/example_dags/tutorial_dag.py for tasks to queue
[2024-10-29T23:57:12.443+0000] {logging_mixin.py:188} INFO - [2024-10-29T23:57:12.443+0000] {dagbag.py:540} INFO - Filling up the DagBag from /home/airflow/.local/lib/python3.8/site-packages/airflow/example_dags/tutorial_dag.py
[2024-10-29T23:57:12.448+0000] {processor.py:840} INFO - DAG(s) 'tutorial_dag' retrieved from /home/airflow/.local/lib/python3.8/site-packages/airflow/example_dags/tutorial_dag.py
[2024-10-29T23:57:12.470+0000] {logging_mixin.py:188} INFO - [2024-10-29T23:57:12.470+0000] {dag.py:3047} INFO - Sync 1 DAGs
[2024-10-29T23:57:12.484+0000] {logging_mixin.py:188} INFO - [2024-10-29T23:57:12.483+0000] {dag.py:3834} INFO - Setting next_dagrun for tutorial_dag to None, run_after=None
[2024-10-29T23:57:12.509+0000] {processor.py:183} INFO - Processing /home/airflow/.local/lib/python3.8/site-packages/airflow/example_dags/tutorial_dag.py took 0.072 seconds
[2024-10-29T23:57:42.799+0000] {processor.py:161} INFO - Started process (PID=2636) to work on /home/airflow/.local/lib/python3.8/site-packages/airflow/example_dags/tutorial_dag.py
[2024-10-29T23:57:42.800+0000] {processor.py:830} INFO - Processing file /home/airflow/.local/lib/python3.8/site-packages/airflow/example_dags/tutorial_dag.py for tasks to queue
[2024-10-29T23:57:42.802+0000] {logging_mixin.py:188} INFO - [2024-10-29T23:57:42.802+0000] {dagbag.py:540} INFO - Filling up the DagBag from /home/airflow/.local/lib/python3.8/site-packages/airflow/example_dags/tutorial_dag.py
[2024-10-29T23:57:42.807+0000] {processor.py:840} INFO - DAG(s) 'tutorial_dag' retrieved from /home/airflow/.local/lib/python3.8/site-packages/airflow/example_dags/tutorial_dag.py
[2024-10-29T23:57:42.827+0000] {logging_mixin.py:188} INFO - [2024-10-29T23:57:42.827+0000] {dag.py:3047} INFO - Sync 1 DAGs
[2024-10-29T23:57:42.841+0000] {logging_mixin.py:188} INFO - [2024-10-29T23:57:42.841+0000] {dag.py:3834} INFO - Setting next_dagrun for tutorial_dag to None, run_after=None
[2024-10-29T23:57:42.861+0000] {processor.py:183} INFO - Processing /home/airflow/.local/lib/python3.8/site-packages/airflow/example_dags/tutorial_dag.py took 0.064 seconds
[2024-10-29T23:58:13.583+0000] {processor.py:161} INFO - Started process (PID=2692) to work on /home/airflow/.local/lib/python3.8/site-packages/airflow/example_dags/tutorial_dag.py
[2024-10-29T23:58:13.584+0000] {processor.py:830} INFO - Processing file /home/airflow/.local/lib/python3.8/site-packages/airflow/example_dags/tutorial_dag.py for tasks to queue
[2024-10-29T23:58:13.586+0000] {logging_mixin.py:188} INFO - [2024-10-29T23:58:13.585+0000] {dagbag.py:540} INFO - Filling up the DagBag from /home/airflow/.local/lib/python3.8/site-packages/airflow/example_dags/tutorial_dag.py
[2024-10-29T23:58:13.590+0000] {processor.py:840} INFO - DAG(s) 'tutorial_dag' retrieved from /home/airflow/.local/lib/python3.8/site-packages/airflow/example_dags/tutorial_dag.py
[2024-10-29T23:58:13.607+0000] {logging_mixin.py:188} INFO - [2024-10-29T23:58:13.606+0000] {dag.py:3047} INFO - Sync 1 DAGs
[2024-10-29T23:58:13.619+0000] {logging_mixin.py:188} INFO - [2024-10-29T23:58:13.619+0000] {dag.py:3834} INFO - Setting next_dagrun for tutorial_dag to None, run_after=None
[2024-10-29T23:58:13.640+0000] {processor.py:183} INFO - Processing /home/airflow/.local/lib/python3.8/site-packages/airflow/example_dags/tutorial_dag.py took 0.059 seconds
[2024-10-29T23:58:44.662+0000] {processor.py:161} INFO - Started process (PID=2748) to work on /home/airflow/.local/lib/python3.8/site-packages/airflow/example_dags/tutorial_dag.py
[2024-10-29T23:58:44.663+0000] {processor.py:830} INFO - Processing file /home/airflow/.local/lib/python3.8/site-packages/airflow/example_dags/tutorial_dag.py for tasks to queue
[2024-10-29T23:58:44.665+0000] {logging_mixin.py:188} INFO - [2024-10-29T23:58:44.664+0000] {dagbag.py:540} INFO - Filling up the DagBag from /home/airflow/.local/lib/python3.8/site-packages/airflow/example_dags/tutorial_dag.py
[2024-10-29T23:58:44.670+0000] {processor.py:840} INFO - DAG(s) 'tutorial_dag' retrieved from /home/airflow/.local/lib/python3.8/site-packages/airflow/example_dags/tutorial_dag.py
[2024-10-29T23:58:44.686+0000] {logging_mixin.py:188} INFO - [2024-10-29T23:58:44.686+0000] {dag.py:3047} INFO - Sync 1 DAGs
[2024-10-29T23:58:44.697+0000] {logging_mixin.py:188} INFO - [2024-10-29T23:58:44.696+0000] {dag.py:3834} INFO - Setting next_dagrun for tutorial_dag to None, run_after=None
[2024-10-29T23:58:44.714+0000] {processor.py:183} INFO - Processing /home/airflow/.local/lib/python3.8/site-packages/airflow/example_dags/tutorial_dag.py took 0.054 seconds
[2024-10-29T23:59:14.857+0000] {processor.py:161} INFO - Started process (PID=2804) to work on /home/airflow/.local/lib/python3.8/site-packages/airflow/example_dags/tutorial_dag.py
[2024-10-29T23:59:14.858+0000] {processor.py:830} INFO - Processing file /home/airflow/.local/lib/python3.8/site-packages/airflow/example_dags/tutorial_dag.py for tasks to queue
[2024-10-29T23:59:14.860+0000] {logging_mixin.py:188} INFO - [2024-10-29T23:59:14.859+0000] {dagbag.py:540} INFO - Filling up the DagBag from /home/airflow/.local/lib/python3.8/site-packages/airflow/example_dags/tutorial_dag.py
[2024-10-29T23:59:14.865+0000] {processor.py:840} INFO - DAG(s) 'tutorial_dag' retrieved from /home/airflow/.local/lib/python3.8/site-packages/airflow/example_dags/tutorial_dag.py
[2024-10-29T23:59:14.887+0000] {logging_mixin.py:188} INFO - [2024-10-29T23:59:14.887+0000] {dag.py:3047} INFO - Sync 1 DAGs
[2024-10-29T23:59:14.902+0000] {logging_mixin.py:188} INFO - [2024-10-29T23:59:14.901+0000] {dag.py:3834} INFO - Setting next_dagrun for tutorial_dag to None, run_after=None
[2024-10-29T23:59:14.926+0000] {processor.py:183} INFO - Processing /home/airflow/.local/lib/python3.8/site-packages/airflow/example_dags/tutorial_dag.py took 0.072 seconds
[2024-10-29T23:59:45.172+0000] {processor.py:161} INFO - Started process (PID=2860) to work on /home/airflow/.local/lib/python3.8/site-packages/airflow/example_dags/tutorial_dag.py
[2024-10-29T23:59:45.173+0000] {processor.py:830} INFO - Processing file /home/airflow/.local/lib/python3.8/site-packages/airflow/example_dags/tutorial_dag.py for tasks to queue
[2024-10-29T23:59:45.174+0000] {logging_mixin.py:188} INFO - [2024-10-29T23:59:45.174+0000] {dagbag.py:540} INFO - Filling up the DagBag from /home/airflow/.local/lib/python3.8/site-packages/airflow/example_dags/tutorial_dag.py
[2024-10-29T23:59:45.178+0000] {processor.py:840} INFO - DAG(s) 'tutorial_dag' retrieved from /home/airflow/.local/lib/python3.8/site-packages/airflow/example_dags/tutorial_dag.py
[2024-10-29T23:59:45.193+0000] {logging_mixin.py:188} INFO - [2024-10-29T23:59:45.192+0000] {dag.py:3047} INFO - Sync 1 DAGs
[2024-10-29T23:59:45.203+0000] {logging_mixin.py:188} INFO - [2024-10-29T23:59:45.203+0000] {dag.py:3834} INFO - Setting next_dagrun for tutorial_dag to None, run_after=None
[2024-10-29T23:59:45.217+0000] {processor.py:183} INFO - Processing /home/airflow/.local/lib/python3.8/site-packages/airflow/example_dags/tutorial_dag.py took 0.047 seconds
