[2024-10-30T20:30:23.350+0000] {taskinstance.py:1979} INFO - Dependencies all met for dep_context=non-requeueable deps ti=<TaskInstance: etl_queimadas.add_step_job_gold_bioma manual__2024-10-30T20:21:53.281604+00:00 [queued]>
[2024-10-30T20:30:23.358+0000] {taskinstance.py:1979} INFO - Dependencies all met for dep_context=requeueable deps ti=<TaskInstance: etl_queimadas.add_step_job_gold_bioma manual__2024-10-30T20:21:53.281604+00:00 [queued]>
[2024-10-30T20:30:23.359+0000] {taskinstance.py:2193} INFO - Starting attempt 1 of 1
[2024-10-30T20:30:23.372+0000] {taskinstance.py:2214} INFO - Executing <Task(PythonOperator): add_step_job_gold_bioma> on 2024-10-30 20:21:53.281604+00:00
[2024-10-30T20:30:23.380+0000] {standard_task_runner.py:60} INFO - Started process 7179 to run task
[2024-10-30T20:30:23.382+0000] {standard_task_runner.py:87} INFO - Running: ['***', 'tasks', 'run', 'etl_queimadas', 'add_step_job_gold_bioma', 'manual__2024-10-30T20:21:53.281604+00:00', '--job-id', '244', '--raw', '--subdir', 'DAGS_FOLDER/dag_cria_emr.py', '--cfg-path', '/tmp/tmp80k9c1qn']
[2024-10-30T20:30:23.383+0000] {standard_task_runner.py:88} INFO - Job 244: Subtask add_step_job_gold_bioma
[2024-10-30T20:30:23.425+0000] {task_command.py:423} INFO - Running <TaskInstance: etl_queimadas.add_step_job_gold_bioma manual__2024-10-30T20:21:53.281604+00:00 [running]> on host 3f04bb9d0c09
[2024-10-30T20:30:23.506+0000] {taskinstance.py:2510} INFO - Exporting env vars: AIRFLOW_CTX_DAG_OWNER='***' AIRFLOW_CTX_DAG_ID='etl_queimadas' AIRFLOW_CTX_TASK_ID='add_step_job_gold_bioma' AIRFLOW_CTX_EXECUTION_DATE='2024-10-30T20:21:53.281604+00:00' AIRFLOW_CTX_TRY_NUMBER='1' AIRFLOW_CTX_DAG_RUN_ID='manual__2024-10-30T20:21:53.281604+00:00'
[2024-10-30T20:30:39.588+0000] {logging_mixin.py:188} INFO - Status do passo "Agregar e Carregar na Camada Gold - Bioma" (ID: s-0199105146FN5WCN0WXO): PENDING
[2024-10-30T20:30:50.143+0000] {logging_mixin.py:188} INFO - Status do passo "Agregar e Carregar na Camada Gold - Bioma" (ID: s-0199105146FN5WCN0WXO): PENDING
[2024-10-30T20:31:00.690+0000] {logging_mixin.py:188} INFO - Status do passo "Agregar e Carregar na Camada Gold - Bioma" (ID: s-0199105146FN5WCN0WXO): RUNNING
[2024-10-30T20:31:11.222+0000] {logging_mixin.py:188} INFO - Status do passo "Agregar e Carregar na Camada Gold - Bioma" (ID: s-0199105146FN5WCN0WXO): RUNNING
[2024-10-30T20:31:21.749+0000] {logging_mixin.py:188} INFO - Status do passo "Agregar e Carregar na Camada Gold - Bioma" (ID: s-0199105146FN5WCN0WXO): RUNNING
[2024-10-30T20:31:32.230+0000] {logging_mixin.py:188} INFO - Status do passo "Agregar e Carregar na Camada Gold - Bioma" (ID: s-0199105146FN5WCN0WXO): RUNNING
[2024-10-30T20:31:42.760+0000] {logging_mixin.py:188} INFO - Status do passo "Agregar e Carregar na Camada Gold - Bioma" (ID: s-0199105146FN5WCN0WXO): RUNNING
[2024-10-30T20:31:53.227+0000] {logging_mixin.py:188} INFO - Status do passo "Agregar e Carregar na Camada Gold - Bioma" (ID: s-0199105146FN5WCN0WXO): RUNNING
[2024-10-30T20:32:03.723+0000] {logging_mixin.py:188} INFO - Status do passo "Agregar e Carregar na Camada Gold - Bioma" (ID: s-0199105146FN5WCN0WXO): COMPLETED
[2024-10-30T20:32:03.724+0000] {python.py:202} INFO - Done. Returned value was: None
[2024-10-30T20:32:03.730+0000] {taskinstance.py:1149} INFO - Marking task as SUCCESS. dag_id=etl_queimadas, task_id=add_step_job_gold_bioma, execution_date=20241030T202153, start_date=20241030T203023, end_date=20241030T203203
[2024-10-30T20:32:03.770+0000] {local_task_job_runner.py:234} INFO - Task exited with return code 0
[2024-10-30T20:32:03.784+0000] {taskinstance.py:3309} INFO - 0 downstream tasks scheduled from follow-on schedule check
