[2024-10-31T13:30:23.929+0000] {taskinstance.py:1979} INFO - Dependencies all met for dep_context=non-requeueable deps ti=<TaskInstance: etl_queimadas.check_emr_cluster_state scheduled__2024-10-30T10:35:00+00:00 [queued]>
[2024-10-31T13:30:23.935+0000] {taskinstance.py:1979} INFO - Dependencies all met for dep_context=requeueable deps ti=<TaskInstance: etl_queimadas.check_emr_cluster_state scheduled__2024-10-30T10:35:00+00:00 [queued]>
[2024-10-31T13:30:23.936+0000] {taskinstance.py:2193} INFO - Starting attempt 1 of 1
[2024-10-31T13:30:23.944+0000] {taskinstance.py:2214} INFO - Executing <Task(PythonOperator): check_emr_cluster_state> on 2024-10-30 10:35:00+00:00
[2024-10-31T13:30:23.950+0000] {standard_task_runner.py:60} INFO - Started process 8856 to run task
[2024-10-31T13:30:23.952+0000] {standard_task_runner.py:87} INFO - Running: ['***', 'tasks', 'run', 'etl_queimadas', 'check_emr_cluster_state', 'scheduled__2024-10-30T10:35:00+00:00', '--job-id', '262', '--raw', '--subdir', 'DAGS_FOLDER/dag_cria_emr.py', '--cfg-path', '/tmp/tmpf1idc8ta']
[2024-10-31T13:30:23.954+0000] {standard_task_runner.py:88} INFO - Job 262: Subtask check_emr_cluster_state
[2024-10-31T13:30:23.989+0000] {task_command.py:423} INFO - Running <TaskInstance: etl_queimadas.check_emr_cluster_state scheduled__2024-10-30T10:35:00+00:00 [running]> on host 3f04bb9d0c09
[2024-10-31T13:30:24.046+0000] {taskinstance.py:2510} INFO - Exporting env vars: AIRFLOW_CTX_DAG_OWNER='***' AIRFLOW_CTX_DAG_ID='etl_queimadas' AIRFLOW_CTX_TASK_ID='check_emr_cluster_state' AIRFLOW_CTX_EXECUTION_DATE='2024-10-30T10:35:00+00:00' AIRFLOW_CTX_TRY_NUMBER='1' AIRFLOW_CTX_DAG_RUN_ID='scheduled__2024-10-30T10:35:00+00:00'
[2024-10-31T13:30:24.642+0000] {logging_mixin.py:188} INFO - Cluster ainda está iniciando... Estado: STARTING
[2024-10-31T13:30:35.233+0000] {logging_mixin.py:188} INFO - Cluster ainda está iniciando... Estado: STARTING
[2024-10-31T13:30:45.786+0000] {logging_mixin.py:188} INFO - Cluster ainda está iniciando... Estado: STARTING
[2024-10-31T13:30:56.277+0000] {logging_mixin.py:188} INFO - Cluster ainda está iniciando... Estado: STARTING
[2024-10-31T13:31:06.823+0000] {logging_mixin.py:188} INFO - Cluster ainda está iniciando... Estado: STARTING
[2024-10-31T13:31:17.363+0000] {logging_mixin.py:188} INFO - Cluster ainda está iniciando... Estado: STARTING
[2024-10-31T13:31:27.870+0000] {logging_mixin.py:188} INFO - Cluster ainda está iniciando... Estado: STARTING
[2024-10-31T13:31:38.370+0000] {logging_mixin.py:188} INFO - Cluster ainda está iniciando... Estado: STARTING
[2024-10-31T13:31:48.909+0000] {logging_mixin.py:188} INFO - Cluster ainda está iniciando... Estado: STARTING
[2024-10-31T13:31:59.452+0000] {logging_mixin.py:188} INFO - Cluster ainda está iniciando... Estado: STARTING
[2024-10-31T13:32:09.940+0000] {logging_mixin.py:188} INFO - Cluster ainda está iniciando... Estado: STARTING
[2024-10-31T13:32:20.582+0000] {logging_mixin.py:188} INFO - Cluster ainda está iniciando... Estado: STARTING
[2024-10-31T13:32:30.154+0000] {local_task_job_runner.py:302} WARNING - State of this instance has been externally set to failed. Terminating instance.
[2024-10-31T13:32:30.156+0000] {process_utils.py:131} INFO - Sending 15 to group 8856. PIDs of all processes in the group: [8856]
[2024-10-31T13:32:30.156+0000] {process_utils.py:86} INFO - Sending the signal 15 to group 8856
[2024-10-31T13:32:30.156+0000] {taskinstance.py:2480} ERROR - Received SIGTERM. Terminating subprocesses.
[2024-10-31T13:32:30.182+0000] {process_utils.py:79} INFO - Process psutil.Process(pid=8856, status='terminated', exitcode=0, started='13:30:23') (8856) terminated with exit code 0
