[2024-11-04T13:41:33.675+0000] {taskinstance.py:1979} INFO - Dependencies all met for dep_context=non-requeueable deps ti=<TaskInstance: etl_queimadas.add_step_job_gold_municipio scheduled__2024-11-03T13:35:00+00:00 [queued]>
[2024-11-04T13:41:33.684+0000] {taskinstance.py:1979} INFO - Dependencies all met for dep_context=requeueable deps ti=<TaskInstance: etl_queimadas.add_step_job_gold_municipio scheduled__2024-11-03T13:35:00+00:00 [queued]>
[2024-11-04T13:41:33.684+0000] {taskinstance.py:2193} INFO - Starting attempt 1 of 1
[2024-11-04T13:41:33.695+0000] {taskinstance.py:2214} INFO - Executing <Task(PythonOperator): add_step_job_gold_municipio> on 2024-11-03 13:35:00+00:00
[2024-11-04T13:41:33.703+0000] {standard_task_runner.py:60} INFO - Started process 539 to run task
[2024-11-04T13:41:33.705+0000] {standard_task_runner.py:87} INFO - Running: ['***', 'tasks', 'run', 'etl_queimadas', 'add_step_job_gold_municipio', 'scheduled__2024-11-03T13:35:00+00:00', '--job-id', '309', '--raw', '--subdir', 'DAGS_FOLDER/dag_cria_emr.py', '--cfg-path', '/tmp/tmp3082m8we']
[2024-11-04T13:41:33.707+0000] {standard_task_runner.py:88} INFO - Job 309: Subtask add_step_job_gold_municipio
[2024-11-04T13:41:33.748+0000] {task_command.py:423} INFO - Running <TaskInstance: etl_queimadas.add_step_job_gold_municipio scheduled__2024-11-03T13:35:00+00:00 [running]> on host 3f04bb9d0c09
[2024-11-04T13:41:33.823+0000] {taskinstance.py:2510} INFO - Exporting env vars: AIRFLOW_CTX_DAG_OWNER='***' AIRFLOW_CTX_DAG_ID='etl_queimadas' AIRFLOW_CTX_TASK_ID='add_step_job_gold_municipio' AIRFLOW_CTX_EXECUTION_DATE='2024-11-03T13:35:00+00:00' AIRFLOW_CTX_TRY_NUMBER='1' AIRFLOW_CTX_DAG_RUN_ID='scheduled__2024-11-03T13:35:00+00:00'
[2024-11-04T13:41:49.959+0000] {logging_mixin.py:188} INFO - Status do passo "Agregar e Carregar na Camada Gold - Municipio" (ID: s-02364092UEA73U8J5NUA): PENDING
[2024-11-04T13:42:00.488+0000] {logging_mixin.py:188} INFO - Status do passo "Agregar e Carregar na Camada Gold - Municipio" (ID: s-02364092UEA73U8J5NUA): PENDING
[2024-11-04T13:42:11.030+0000] {logging_mixin.py:188} INFO - Status do passo "Agregar e Carregar na Camada Gold - Municipio" (ID: s-02364092UEA73U8J5NUA): RUNNING
[2024-11-04T13:42:21.508+0000] {logging_mixin.py:188} INFO - Status do passo "Agregar e Carregar na Camada Gold - Municipio" (ID: s-02364092UEA73U8J5NUA): RUNNING
[2024-11-04T13:42:32.037+0000] {logging_mixin.py:188} INFO - Status do passo "Agregar e Carregar na Camada Gold - Municipio" (ID: s-02364092UEA73U8J5NUA): RUNNING
[2024-11-04T13:42:42.537+0000] {logging_mixin.py:188} INFO - Status do passo "Agregar e Carregar na Camada Gold - Municipio" (ID: s-02364092UEA73U8J5NUA): RUNNING
[2024-11-04T13:42:53.053+0000] {logging_mixin.py:188} INFO - Status do passo "Agregar e Carregar na Camada Gold - Municipio" (ID: s-02364092UEA73U8J5NUA): COMPLETED
[2024-11-04T13:42:53.054+0000] {python.py:202} INFO - Done. Returned value was: None
[2024-11-04T13:42:53.061+0000] {taskinstance.py:1149} INFO - Marking task as SUCCESS. dag_id=etl_queimadas, task_id=add_step_job_gold_municipio, execution_date=20241103T133500, start_date=20241104T134133, end_date=20241104T134253
[2024-11-04T13:42:53.092+0000] {local_task_job_runner.py:234} INFO - Task exited with return code 0
[2024-11-04T13:42:53.106+0000] {taskinstance.py:3309} INFO - 0 downstream tasks scheduled from follow-on schedule check
