[2024-10-25T15:01:54.600+0000] {taskinstance.py:1979} INFO - Dependencies all met for dep_context=non-requeueable deps ti=<TaskInstance: etl_queimadas.wait_step_job manual__2024-10-25T14:55:26.745423+00:00 [queued]>
[2024-10-25T15:01:54.608+0000] {taskinstance.py:1979} INFO - Dependencies all met for dep_context=requeueable deps ti=<TaskInstance: etl_queimadas.wait_step_job manual__2024-10-25T14:55:26.745423+00:00 [queued]>
[2024-10-25T15:01:54.609+0000] {taskinstance.py:2193} INFO - Starting attempt 1 of 1
[2024-10-25T15:01:54.622+0000] {taskinstance.py:2214} INFO - Executing <Task(PythonOperator): wait_step_job> on 2024-10-25 14:55:26.745423+00:00
[2024-10-25T15:01:54.630+0000] {standard_task_runner.py:60} INFO - Started process 3734 to run task
[2024-10-25T15:01:54.633+0000] {standard_task_runner.py:87} INFO - Running: ['***', 'tasks', 'run', 'etl_queimadas', 'wait_step_job', 'manual__2024-10-25T14:55:26.745423+00:00', '--job-id', '141', '--raw', '--subdir', 'DAGS_FOLDER/dag_cria_emr.py', '--cfg-path', '/tmp/tmppg69cwvf']
[2024-10-25T15:01:54.635+0000] {standard_task_runner.py:88} INFO - Job 141: Subtask wait_step_job
[2024-10-25T15:01:54.666+0000] {task_command.py:423} INFO - Running <TaskInstance: etl_queimadas.wait_step_job manual__2024-10-25T14:55:26.745423+00:00 [running]> on host 622b1ac036ca
[2024-10-25T15:01:54.727+0000] {taskinstance.py:2510} INFO - Exporting env vars: AIRFLOW_CTX_DAG_OWNER='***' AIRFLOW_CTX_DAG_ID='etl_queimadas' AIRFLOW_CTX_TASK_ID='wait_step_job' AIRFLOW_CTX_EXECUTION_DATE='2024-10-25T14:55:26.745423+00:00' AIRFLOW_CTX_TRY_NUMBER='1' AIRFLOW_CTX_DAG_RUN_ID='manual__2024-10-25T14:55:26.745423+00:00'
[2024-10-25T15:01:55.326+0000] {logging_mixin.py:188} INFO - Executando step job... Estado: PENDING
[2024-10-25T15:02:05.904+0000] {logging_mixin.py:188} INFO - Executando step job... Estado: PENDING
[2024-10-25T15:02:16.437+0000] {logging_mixin.py:188} INFO - Executando step job... Estado: PENDING
[2024-10-25T15:02:26.941+0000] {logging_mixin.py:188} INFO - Executando step job... Estado: PENDING
[2024-10-25T15:02:37.540+0000] {logging_mixin.py:188} INFO - Executando step job... Estado: PENDING
[2024-10-25T15:02:48.028+0000] {logging_mixin.py:188} INFO - Executando step job... Estado: RUNNING
[2024-10-25T15:02:58.634+0000] {logging_mixin.py:188} INFO - Executando step job... Estado: RUNNING
[2024-10-25T15:03:09.155+0000] {logging_mixin.py:188} INFO - Executando step job... Estado: RUNNING
[2024-10-25T15:03:19.682+0000] {logging_mixin.py:188} INFO - Executando step job... Estado: RUNNING
[2024-10-25T15:03:30.241+0000] {logging_mixin.py:188} INFO - Step job finalizado... Estado: COMPLETED
[2024-10-25T15:03:30.243+0000] {python.py:202} INFO - Done. Returned value was: None
[2024-10-25T15:03:30.249+0000] {taskinstance.py:1149} INFO - Marking task as SUCCESS. dag_id=etl_queimadas, task_id=wait_step_job, execution_date=20241025T145526, start_date=20241025T150154, end_date=20241025T150330
[2024-10-25T15:03:30.282+0000] {local_task_job_runner.py:234} INFO - Task exited with return code 0
[2024-10-25T15:03:30.298+0000] {taskinstance.py:3309} INFO - 1 downstream tasks scheduled from follow-on schedule check
