[2024-11-03T13:41:55.141+0000] {taskinstance.py:1979} INFO - Dependencies all met for dep_context=non-requeueable deps ti=<TaskInstance: etl_queimadas.add_step_job_gold_estado scheduled__2024-11-02T13:35:00+00:00 [queued]>
[2024-11-03T13:41:55.150+0000] {taskinstance.py:1979} INFO - Dependencies all met for dep_context=requeueable deps ti=<TaskInstance: etl_queimadas.add_step_job_gold_estado scheduled__2024-11-02T13:35:00+00:00 [queued]>
[2024-11-03T13:41:55.151+0000] {taskinstance.py:2193} INFO - Starting attempt 1 of 1
[2024-11-03T13:41:55.164+0000] {taskinstance.py:2214} INFO - Executing <Task(PythonOperator): add_step_job_gold_estado> on 2024-11-02 13:35:00+00:00
[2024-11-03T13:41:55.171+0000] {standard_task_runner.py:60} INFO - Started process 427 to run task
[2024-11-03T13:41:55.173+0000] {standard_task_runner.py:87} INFO - Running: ['***', 'tasks', 'run', 'etl_queimadas', 'add_step_job_gold_estado', 'scheduled__2024-11-02T13:35:00+00:00', '--job-id', '299', '--raw', '--subdir', 'DAGS_FOLDER/dag_cria_emr.py', '--cfg-path', '/tmp/tmpl07cldxo']
[2024-11-03T13:41:55.174+0000] {standard_task_runner.py:88} INFO - Job 299: Subtask add_step_job_gold_estado
[2024-11-03T13:41:55.211+0000] {task_command.py:423} INFO - Running <TaskInstance: etl_queimadas.add_step_job_gold_estado scheduled__2024-11-02T13:35:00+00:00 [running]> on host 3f04bb9d0c09
[2024-11-03T13:41:55.287+0000] {taskinstance.py:2510} INFO - Exporting env vars: AIRFLOW_CTX_DAG_OWNER='***' AIRFLOW_CTX_DAG_ID='etl_queimadas' AIRFLOW_CTX_TASK_ID='add_step_job_gold_estado' AIRFLOW_CTX_EXECUTION_DATE='2024-11-02T13:35:00+00:00' AIRFLOW_CTX_TRY_NUMBER='1' AIRFLOW_CTX_DAG_RUN_ID='scheduled__2024-11-02T13:35:00+00:00'
[2024-11-03T13:42:11.652+0000] {logging_mixin.py:188} INFO - Status do passo "Agregar e Carregar na Camada Gold - Estado" (ID: s-00111313T9UGFVJALOXQ): PENDING
[2024-11-03T13:42:22.188+0000] {logging_mixin.py:188} INFO - Status do passo "Agregar e Carregar na Camada Gold - Estado" (ID: s-00111313T9UGFVJALOXQ): PENDING
[2024-11-03T13:42:32.699+0000] {logging_mixin.py:188} INFO - Status do passo "Agregar e Carregar na Camada Gold - Estado" (ID: s-00111313T9UGFVJALOXQ): PENDING
[2024-11-03T13:42:43.160+0000] {logging_mixin.py:188} INFO - Status do passo "Agregar e Carregar na Camada Gold - Estado" (ID: s-00111313T9UGFVJALOXQ): PENDING
[2024-11-03T13:42:53.695+0000] {logging_mixin.py:188} INFO - Status do passo "Agregar e Carregar na Camada Gold - Estado" (ID: s-00111313T9UGFVJALOXQ): PENDING
[2024-11-03T13:43:04.225+0000] {logging_mixin.py:188} INFO - Status do passo "Agregar e Carregar na Camada Gold - Estado" (ID: s-00111313T9UGFVJALOXQ): PENDING
[2024-11-03T13:43:14.704+0000] {logging_mixin.py:188} INFO - Status do passo "Agregar e Carregar na Camada Gold - Estado" (ID: s-00111313T9UGFVJALOXQ): PENDING
[2024-11-03T13:43:25.211+0000] {logging_mixin.py:188} INFO - Status do passo "Agregar e Carregar na Camada Gold - Estado" (ID: s-00111313T9UGFVJALOXQ): PENDING
[2024-11-03T13:43:35.702+0000] {logging_mixin.py:188} INFO - Status do passo "Agregar e Carregar na Camada Gold - Estado" (ID: s-00111313T9UGFVJALOXQ): PENDING
[2024-11-03T13:43:46.215+0000] {logging_mixin.py:188} INFO - Status do passo "Agregar e Carregar na Camada Gold - Estado" (ID: s-00111313T9UGFVJALOXQ): PENDING
[2024-11-03T13:43:56.807+0000] {logging_mixin.py:188} INFO - Status do passo "Agregar e Carregar na Camada Gold - Estado" (ID: s-00111313T9UGFVJALOXQ): PENDING
[2024-11-03T13:44:07.404+0000] {logging_mixin.py:188} INFO - Status do passo "Agregar e Carregar na Camada Gold - Estado" (ID: s-00111313T9UGFVJALOXQ): RUNNING
[2024-11-03T13:44:17.889+0000] {logging_mixin.py:188} INFO - Status do passo "Agregar e Carregar na Camada Gold - Estado" (ID: s-00111313T9UGFVJALOXQ): RUNNING
[2024-11-03T13:44:28.588+0000] {logging_mixin.py:188} INFO - Status do passo "Agregar e Carregar na Camada Gold - Estado" (ID: s-00111313T9UGFVJALOXQ): RUNNING
[2024-11-03T13:44:39.234+0000] {logging_mixin.py:188} INFO - Status do passo "Agregar e Carregar na Camada Gold - Estado" (ID: s-00111313T9UGFVJALOXQ): RUNNING
[2024-11-03T13:44:49.780+0000] {logging_mixin.py:188} INFO - Status do passo "Agregar e Carregar na Camada Gold - Estado" (ID: s-00111313T9UGFVJALOXQ): RUNNING
[2024-11-03T13:45:00.326+0000] {logging_mixin.py:188} INFO - Status do passo "Agregar e Carregar na Camada Gold - Estado" (ID: s-00111313T9UGFVJALOXQ): COMPLETED
[2024-11-03T13:45:00.327+0000] {python.py:202} INFO - Done. Returned value was: None
[2024-11-03T13:45:00.333+0000] {taskinstance.py:1149} INFO - Marking task as SUCCESS. dag_id=etl_queimadas, task_id=add_step_job_gold_estado, execution_date=20241102T133500, start_date=20241103T134155, end_date=20241103T134500
[2024-11-03T13:45:00.348+0000] {local_task_job_runner.py:234} INFO - Task exited with return code 0
[2024-11-03T13:45:00.362+0000] {taskinstance.py:3309} INFO - 1 downstream tasks scheduled from follow-on schedule check
