[2024-10-30T20:28:30.728+0000] {taskinstance.py:1979} INFO - Dependencies all met for dep_context=non-requeueable deps ti=<TaskInstance: etl_queimadas.add_step_job_silver manual__2024-10-30T20:21:53.281604+00:00 [queued]>
[2024-10-30T20:28:30.733+0000] {taskinstance.py:1979} INFO - Dependencies all met for dep_context=requeueable deps ti=<TaskInstance: etl_queimadas.add_step_job_silver manual__2024-10-30T20:21:53.281604+00:00 [queued]>
[2024-10-30T20:28:30.734+0000] {taskinstance.py:2193} INFO - Starting attempt 1 of 1
[2024-10-30T20:28:30.743+0000] {taskinstance.py:2214} INFO - Executing <Task(PythonOperator): add_step_job_silver> on 2024-10-30 20:21:53.281604+00:00
[2024-10-30T20:28:30.748+0000] {standard_task_runner.py:60} INFO - Started process 7140 to run task
[2024-10-30T20:28:30.750+0000] {standard_task_runner.py:87} INFO - Running: ['***', 'tasks', 'run', 'etl_queimadas', 'add_step_job_silver', 'manual__2024-10-30T20:21:53.281604+00:00', '--job-id', '243', '--raw', '--subdir', 'DAGS_FOLDER/dag_cria_emr.py', '--cfg-path', '/tmp/tmp19hkm4dz']
[2024-10-30T20:28:30.752+0000] {standard_task_runner.py:88} INFO - Job 243: Subtask add_step_job_silver
[2024-10-30T20:28:30.780+0000] {task_command.py:423} INFO - Running <TaskInstance: etl_queimadas.add_step_job_silver manual__2024-10-30T20:21:53.281604+00:00 [running]> on host 3f04bb9d0c09
[2024-10-30T20:28:30.833+0000] {taskinstance.py:2510} INFO - Exporting env vars: AIRFLOW_CTX_DAG_OWNER='***' AIRFLOW_CTX_DAG_ID='etl_queimadas' AIRFLOW_CTX_TASK_ID='add_step_job_silver' AIRFLOW_CTX_EXECUTION_DATE='2024-10-30T20:21:53.281604+00:00' AIRFLOW_CTX_TRY_NUMBER='1' AIRFLOW_CTX_DAG_RUN_ID='manual__2024-10-30T20:21:53.281604+00:00'
[2024-10-30T20:28:47.015+0000] {logging_mixin.py:188} INFO - Status do passo "Transformar e Carregar na Camada Silver" (ID: s-03121003A848Y6WHBBAC): PENDING
[2024-10-30T20:28:57.567+0000] {logging_mixin.py:188} INFO - Status do passo "Transformar e Carregar na Camada Silver" (ID: s-03121003A848Y6WHBBAC): PENDING
[2024-10-30T20:29:08.093+0000] {logging_mixin.py:188} INFO - Status do passo "Transformar e Carregar na Camada Silver" (ID: s-03121003A848Y6WHBBAC): PENDING
[2024-10-30T20:29:18.656+0000] {logging_mixin.py:188} INFO - Status do passo "Transformar e Carregar na Camada Silver" (ID: s-03121003A848Y6WHBBAC): RUNNING
[2024-10-30T20:29:29.166+0000] {logging_mixin.py:188} INFO - Status do passo "Transformar e Carregar na Camada Silver" (ID: s-03121003A848Y6WHBBAC): RUNNING
[2024-10-30T20:29:39.732+0000] {logging_mixin.py:188} INFO - Status do passo "Transformar e Carregar na Camada Silver" (ID: s-03121003A848Y6WHBBAC): RUNNING
[2024-10-30T20:29:50.274+0000] {logging_mixin.py:188} INFO - Status do passo "Transformar e Carregar na Camada Silver" (ID: s-03121003A848Y6WHBBAC): RUNNING
[2024-10-30T20:30:00.815+0000] {logging_mixin.py:188} INFO - Status do passo "Transformar e Carregar na Camada Silver" (ID: s-03121003A848Y6WHBBAC): RUNNING
[2024-10-30T20:30:11.310+0000] {logging_mixin.py:188} INFO - Status do passo "Transformar e Carregar na Camada Silver" (ID: s-03121003A848Y6WHBBAC): RUNNING
[2024-10-30T20:30:21.837+0000] {logging_mixin.py:188} INFO - Status do passo "Transformar e Carregar na Camada Silver" (ID: s-03121003A848Y6WHBBAC): COMPLETED
[2024-10-30T20:30:21.838+0000] {python.py:202} INFO - Done. Returned value was: None
[2024-10-30T20:30:21.845+0000] {taskinstance.py:1149} INFO - Marking task as SUCCESS. dag_id=etl_queimadas, task_id=add_step_job_silver, execution_date=20241030T202153, start_date=20241030T202830, end_date=20241030T203021
[2024-10-30T20:30:21.897+0000] {local_task_job_runner.py:234} INFO - Task exited with return code 0
[2024-10-30T20:30:21.916+0000] {taskinstance.py:3309} INFO - 3 downstream tasks scheduled from follow-on schedule check
