[2024-11-02T13:41:58.600+0000] {taskinstance.py:1979} INFO - Dependencies all met for dep_context=non-requeueable deps ti=<TaskInstance: etl_queimadas.add_step_job_gold_municipio scheduled__2024-11-01T13:35:00+00:00 [queued]>
[2024-11-02T13:41:58.609+0000] {taskinstance.py:1979} INFO - Dependencies all met for dep_context=requeueable deps ti=<TaskInstance: etl_queimadas.add_step_job_gold_municipio scheduled__2024-11-01T13:35:00+00:00 [queued]>
[2024-11-02T13:41:58.610+0000] {taskinstance.py:2193} INFO - Starting attempt 1 of 1
[2024-11-02T13:41:58.623+0000] {taskinstance.py:2214} INFO - Executing <Task(PythonOperator): add_step_job_gold_municipio> on 2024-11-01 13:35:00+00:00
[2024-11-02T13:41:58.630+0000] {standard_task_runner.py:60} INFO - Started process 18489 to run task
[2024-11-02T13:41:58.632+0000] {standard_task_runner.py:87} INFO - Running: ['***', 'tasks', 'run', 'etl_queimadas', 'add_step_job_gold_municipio', 'scheduled__2024-11-01T13:35:00+00:00', '--job-id', '288', '--raw', '--subdir', 'DAGS_FOLDER/dag_cria_emr.py', '--cfg-path', '/tmp/tmpi47hkan7']
[2024-11-02T13:41:58.634+0000] {standard_task_runner.py:88} INFO - Job 288: Subtask add_step_job_gold_municipio
[2024-11-02T13:41:58.667+0000] {task_command.py:423} INFO - Running <TaskInstance: etl_queimadas.add_step_job_gold_municipio scheduled__2024-11-01T13:35:00+00:00 [running]> on host 3f04bb9d0c09
[2024-11-02T13:41:58.723+0000] {taskinstance.py:2510} INFO - Exporting env vars: AIRFLOW_CTX_DAG_OWNER='***' AIRFLOW_CTX_DAG_ID='etl_queimadas' AIRFLOW_CTX_TASK_ID='add_step_job_gold_municipio' AIRFLOW_CTX_EXECUTION_DATE='2024-11-01T13:35:00+00:00' AIRFLOW_CTX_TRY_NUMBER='1' AIRFLOW_CTX_DAG_RUN_ID='scheduled__2024-11-01T13:35:00+00:00'
[2024-11-02T13:42:14.964+0000] {logging_mixin.py:188} INFO - Status do passo "Agregar e Carregar na Camada Gold - Municipio" (ID: s-08833682GLYLN3PTOQMS): PENDING
[2024-11-02T13:42:25.451+0000] {logging_mixin.py:188} INFO - Status do passo "Agregar e Carregar na Camada Gold - Municipio" (ID: s-08833682GLYLN3PTOQMS): PENDING
[2024-11-02T13:42:35.970+0000] {logging_mixin.py:188} INFO - Status do passo "Agregar e Carregar na Camada Gold - Municipio" (ID: s-08833682GLYLN3PTOQMS): PENDING
[2024-11-02T13:42:46.441+0000] {logging_mixin.py:188} INFO - Status do passo "Agregar e Carregar na Camada Gold - Municipio" (ID: s-08833682GLYLN3PTOQMS): PENDING
[2024-11-02T13:42:56.961+0000] {logging_mixin.py:188} INFO - Status do passo "Agregar e Carregar na Camada Gold - Municipio" (ID: s-08833682GLYLN3PTOQMS): PENDING
[2024-11-02T13:43:07.484+0000] {logging_mixin.py:188} INFO - Status do passo "Agregar e Carregar na Camada Gold - Municipio" (ID: s-08833682GLYLN3PTOQMS): PENDING
[2024-11-02T13:43:17.991+0000] {logging_mixin.py:188} INFO - Status do passo "Agregar e Carregar na Camada Gold - Municipio" (ID: s-08833682GLYLN3PTOQMS): PENDING
[2024-11-02T13:43:28.540+0000] {logging_mixin.py:188} INFO - Status do passo "Agregar e Carregar na Camada Gold - Municipio" (ID: s-08833682GLYLN3PTOQMS): PENDING
[2024-11-02T13:43:39.026+0000] {logging_mixin.py:188} INFO - Status do passo "Agregar e Carregar na Camada Gold - Municipio" (ID: s-08833682GLYLN3PTOQMS): PENDING
[2024-11-02T13:43:49.685+0000] {logging_mixin.py:188} INFO - Status do passo "Agregar e Carregar na Camada Gold - Municipio" (ID: s-08833682GLYLN3PTOQMS): PENDING
[2024-11-02T13:44:00.194+0000] {logging_mixin.py:188} INFO - Status do passo "Agregar e Carregar na Camada Gold - Municipio" (ID: s-08833682GLYLN3PTOQMS): PENDING
[2024-11-02T13:44:10.833+0000] {logging_mixin.py:188} INFO - Status do passo "Agregar e Carregar na Camada Gold - Municipio" (ID: s-08833682GLYLN3PTOQMS): PENDING
[2024-11-02T13:44:21.312+0000] {logging_mixin.py:188} INFO - Status do passo "Agregar e Carregar na Camada Gold - Municipio" (ID: s-08833682GLYLN3PTOQMS): PENDING
[2024-11-02T13:44:31.879+0000] {logging_mixin.py:188} INFO - Status do passo "Agregar e Carregar na Camada Gold - Municipio" (ID: s-08833682GLYLN3PTOQMS): RUNNING
[2024-11-02T13:44:42.497+0000] {logging_mixin.py:188} INFO - Status do passo "Agregar e Carregar na Camada Gold - Municipio" (ID: s-08833682GLYLN3PTOQMS): RUNNING
[2024-11-02T13:44:53.071+0000] {logging_mixin.py:188} INFO - Status do passo "Agregar e Carregar na Camada Gold - Municipio" (ID: s-08833682GLYLN3PTOQMS): RUNNING
[2024-11-02T13:45:03.570+0000] {logging_mixin.py:188} INFO - Status do passo "Agregar e Carregar na Camada Gold - Municipio" (ID: s-08833682GLYLN3PTOQMS): RUNNING
[2024-11-02T13:45:14.101+0000] {logging_mixin.py:188} INFO - Status do passo "Agregar e Carregar na Camada Gold - Municipio" (ID: s-08833682GLYLN3PTOQMS): COMPLETED
[2024-11-02T13:45:14.103+0000] {python.py:202} INFO - Done. Returned value was: None
[2024-11-02T13:45:14.111+0000] {taskinstance.py:1149} INFO - Marking task as SUCCESS. dag_id=etl_queimadas, task_id=add_step_job_gold_municipio, execution_date=20241101T133500, start_date=20241102T134158, end_date=20241102T134514
[2024-11-02T13:45:14.159+0000] {local_task_job_runner.py:234} INFO - Task exited with return code 0
[2024-11-02T13:45:14.179+0000] {taskinstance.py:3309} INFO - 1 downstream tasks scheduled from follow-on schedule check
