[2024-11-03T13:41:55.137+0000] {taskinstance.py:1979} INFO - Dependencies all met for dep_context=non-requeueable deps ti=<TaskInstance: etl_queimadas.add_step_job_gold_municipio scheduled__2024-11-02T13:35:00+00:00 [queued]>
[2024-11-03T13:41:55.143+0000] {taskinstance.py:1979} INFO - Dependencies all met for dep_context=requeueable deps ti=<TaskInstance: etl_queimadas.add_step_job_gold_municipio scheduled__2024-11-02T13:35:00+00:00 [queued]>
[2024-11-03T13:41:55.144+0000] {taskinstance.py:2193} INFO - Starting attempt 1 of 1
[2024-11-03T13:41:55.152+0000] {taskinstance.py:2214} INFO - Executing <Task(PythonOperator): add_step_job_gold_municipio> on 2024-11-02 13:35:00+00:00
[2024-11-03T13:41:55.157+0000] {standard_task_runner.py:60} INFO - Started process 425 to run task
[2024-11-03T13:41:55.159+0000] {standard_task_runner.py:87} INFO - Running: ['***', 'tasks', 'run', 'etl_queimadas', 'add_step_job_gold_municipio', 'scheduled__2024-11-02T13:35:00+00:00', '--job-id', '298', '--raw', '--subdir', 'DAGS_FOLDER/dag_cria_emr.py', '--cfg-path', '/tmp/tmpz0gts7ig']
[2024-11-03T13:41:55.161+0000] {standard_task_runner.py:88} INFO - Job 298: Subtask add_step_job_gold_municipio
[2024-11-03T13:41:55.192+0000] {task_command.py:423} INFO - Running <TaskInstance: etl_queimadas.add_step_job_gold_municipio scheduled__2024-11-02T13:35:00+00:00 [running]> on host 3f04bb9d0c09
[2024-11-03T13:41:55.258+0000] {taskinstance.py:2510} INFO - Exporting env vars: AIRFLOW_CTX_DAG_OWNER='***' AIRFLOW_CTX_DAG_ID='etl_queimadas' AIRFLOW_CTX_TASK_ID='add_step_job_gold_municipio' AIRFLOW_CTX_EXECUTION_DATE='2024-11-02T13:35:00+00:00' AIRFLOW_CTX_TRY_NUMBER='1' AIRFLOW_CTX_DAG_RUN_ID='scheduled__2024-11-02T13:35:00+00:00'
[2024-11-03T13:42:11.645+0000] {logging_mixin.py:188} INFO - Status do passo "Agregar e Carregar na Camada Gold - Municipio" (ID: s-0344954E3HY0JA6SUPX): PENDING
[2024-11-03T13:42:22.183+0000] {logging_mixin.py:188} INFO - Status do passo "Agregar e Carregar na Camada Gold - Municipio" (ID: s-0344954E3HY0JA6SUPX): PENDING
[2024-11-03T13:42:32.661+0000] {logging_mixin.py:188} INFO - Status do passo "Agregar e Carregar na Camada Gold - Municipio" (ID: s-0344954E3HY0JA6SUPX): RUNNING
[2024-11-03T13:42:43.201+0000] {logging_mixin.py:188} INFO - Status do passo "Agregar e Carregar na Camada Gold - Municipio" (ID: s-0344954E3HY0JA6SUPX): RUNNING
[2024-11-03T13:42:53.683+0000] {logging_mixin.py:188} INFO - Status do passo "Agregar e Carregar na Camada Gold - Municipio" (ID: s-0344954E3HY0JA6SUPX): RUNNING
[2024-11-03T13:43:04.196+0000] {logging_mixin.py:188} INFO - Status do passo "Agregar e Carregar na Camada Gold - Municipio" (ID: s-0344954E3HY0JA6SUPX): RUNNING
[2024-11-03T13:43:14.696+0000] {logging_mixin.py:188} INFO - Status do passo "Agregar e Carregar na Camada Gold - Municipio" (ID: s-0344954E3HY0JA6SUPX): RUNNING
[2024-11-03T13:43:25.205+0000] {logging_mixin.py:188} INFO - Status do passo "Agregar e Carregar na Camada Gold - Municipio" (ID: s-0344954E3HY0JA6SUPX): COMPLETED
[2024-11-03T13:43:25.206+0000] {python.py:202} INFO - Done. Returned value was: None
[2024-11-03T13:43:25.212+0000] {taskinstance.py:1149} INFO - Marking task as SUCCESS. dag_id=etl_queimadas, task_id=add_step_job_gold_municipio, execution_date=20241102T133500, start_date=20241103T134155, end_date=20241103T134325
[2024-11-03T13:43:25.250+0000] {local_task_job_runner.py:234} INFO - Task exited with return code 0
[2024-11-03T13:43:25.264+0000] {taskinstance.py:3309} INFO - 0 downstream tasks scheduled from follow-on schedule check
