[2024-11-02T13:41:58.567+0000] {taskinstance.py:1979} INFO - Dependencies all met for dep_context=non-requeueable deps ti=<TaskInstance: etl_queimadas.add_step_job_gold_bioma scheduled__2024-11-01T13:35:00+00:00 [queued]>
[2024-11-02T13:41:58.574+0000] {taskinstance.py:1979} INFO - Dependencies all met for dep_context=requeueable deps ti=<TaskInstance: etl_queimadas.add_step_job_gold_bioma scheduled__2024-11-01T13:35:00+00:00 [queued]>
[2024-11-02T13:41:58.575+0000] {taskinstance.py:2193} INFO - Starting attempt 1 of 1
[2024-11-02T13:41:58.584+0000] {taskinstance.py:2214} INFO - Executing <Task(PythonOperator): add_step_job_gold_bioma> on 2024-11-01 13:35:00+00:00
[2024-11-02T13:41:58.590+0000] {standard_task_runner.py:60} INFO - Started process 18488 to run task
[2024-11-02T13:41:58.592+0000] {standard_task_runner.py:87} INFO - Running: ['***', 'tasks', 'run', 'etl_queimadas', 'add_step_job_gold_bioma', 'scheduled__2024-11-01T13:35:00+00:00', '--job-id', '287', '--raw', '--subdir', 'DAGS_FOLDER/dag_cria_emr.py', '--cfg-path', '/tmp/tmph78y_7uh']
[2024-11-02T13:41:58.594+0000] {standard_task_runner.py:88} INFO - Job 287: Subtask add_step_job_gold_bioma
[2024-11-02T13:41:58.629+0000] {task_command.py:423} INFO - Running <TaskInstance: etl_queimadas.add_step_job_gold_bioma scheduled__2024-11-01T13:35:00+00:00 [running]> on host 3f04bb9d0c09
[2024-11-02T13:41:58.689+0000] {taskinstance.py:2510} INFO - Exporting env vars: AIRFLOW_CTX_DAG_OWNER='***' AIRFLOW_CTX_DAG_ID='etl_queimadas' AIRFLOW_CTX_TASK_ID='add_step_job_gold_bioma' AIRFLOW_CTX_EXECUTION_DATE='2024-11-01T13:35:00+00:00' AIRFLOW_CTX_TRY_NUMBER='1' AIRFLOW_CTX_DAG_RUN_ID='scheduled__2024-11-01T13:35:00+00:00'
[2024-11-02T13:42:14.856+0000] {logging_mixin.py:188} INFO - Status do passo "Agregar e Carregar na Camada Gold - Bioma" (ID: s-057779137OCOE24K6LJ3): PENDING
[2024-11-02T13:42:25.391+0000] {logging_mixin.py:188} INFO - Status do passo "Agregar e Carregar na Camada Gold - Bioma" (ID: s-057779137OCOE24K6LJ3): PENDING
[2024-11-02T13:42:35.929+0000] {logging_mixin.py:188} INFO - Status do passo "Agregar e Carregar na Camada Gold - Bioma" (ID: s-057779137OCOE24K6LJ3): RUNNING
[2024-11-02T13:42:46.485+0000] {logging_mixin.py:188} INFO - Status do passo "Agregar e Carregar na Camada Gold - Bioma" (ID: s-057779137OCOE24K6LJ3): RUNNING
[2024-11-02T13:42:57.068+0000] {logging_mixin.py:188} INFO - Status do passo "Agregar e Carregar na Camada Gold - Bioma" (ID: s-057779137OCOE24K6LJ3): RUNNING
[2024-11-02T13:43:07.586+0000] {logging_mixin.py:188} INFO - Status do passo "Agregar e Carregar na Camada Gold - Bioma" (ID: s-057779137OCOE24K6LJ3): RUNNING
[2024-11-02T13:43:18.063+0000] {logging_mixin.py:188} INFO - Status do passo "Agregar e Carregar na Camada Gold - Bioma" (ID: s-057779137OCOE24K6LJ3): RUNNING
[2024-11-02T13:43:28.571+0000] {logging_mixin.py:188} INFO - Status do passo "Agregar e Carregar na Camada Gold - Bioma" (ID: s-057779137OCOE24K6LJ3): COMPLETED
[2024-11-02T13:43:28.573+0000] {python.py:202} INFO - Done. Returned value was: None
[2024-11-02T13:43:28.580+0000] {taskinstance.py:1149} INFO - Marking task as SUCCESS. dag_id=etl_queimadas, task_id=add_step_job_gold_bioma, execution_date=20241101T133500, start_date=20241102T134158, end_date=20241102T134328
[2024-11-02T13:43:28.602+0000] {local_task_job_runner.py:234} INFO - Task exited with return code 0
[2024-11-02T13:43:28.616+0000] {taskinstance.py:3309} INFO - 0 downstream tasks scheduled from follow-on schedule check
