[2024-11-04T13:40:12.604+0000] {taskinstance.py:1979} INFO - Dependencies all met for dep_context=non-requeueable deps ti=<TaskInstance: etl_queimadas.add_step_job_silver scheduled__2024-11-03T13:35:00+00:00 [queued]>
[2024-11-04T13:40:12.610+0000] {taskinstance.py:1979} INFO - Dependencies all met for dep_context=requeueable deps ti=<TaskInstance: etl_queimadas.add_step_job_silver scheduled__2024-11-03T13:35:00+00:00 [queued]>
[2024-11-04T13:40:12.611+0000] {taskinstance.py:2193} INFO - Starting attempt 1 of 1
[2024-11-04T13:40:12.621+0000] {taskinstance.py:2214} INFO - Executing <Task(PythonOperator): add_step_job_silver> on 2024-11-03 13:35:00+00:00
[2024-11-04T13:40:12.626+0000] {standard_task_runner.py:60} INFO - Started process 516 to run task
[2024-11-04T13:40:12.628+0000] {standard_task_runner.py:87} INFO - Running: ['***', 'tasks', 'run', 'etl_queimadas', 'add_step_job_silver', 'scheduled__2024-11-03T13:35:00+00:00', '--job-id', '308', '--raw', '--subdir', 'DAGS_FOLDER/dag_cria_emr.py', '--cfg-path', '/tmp/tmpxzyl0wy6']
[2024-11-04T13:40:12.630+0000] {standard_task_runner.py:88} INFO - Job 308: Subtask add_step_job_silver
[2024-11-04T13:40:12.660+0000] {task_command.py:423} INFO - Running <TaskInstance: etl_queimadas.add_step_job_silver scheduled__2024-11-03T13:35:00+00:00 [running]> on host 3f04bb9d0c09
[2024-11-04T13:40:12.714+0000] {taskinstance.py:2510} INFO - Exporting env vars: AIRFLOW_CTX_DAG_OWNER='***' AIRFLOW_CTX_DAG_ID='etl_queimadas' AIRFLOW_CTX_TASK_ID='add_step_job_silver' AIRFLOW_CTX_EXECUTION_DATE='2024-11-03T13:35:00+00:00' AIRFLOW_CTX_TRY_NUMBER='1' AIRFLOW_CTX_DAG_RUN_ID='scheduled__2024-11-03T13:35:00+00:00'
[2024-11-04T13:40:28.973+0000] {logging_mixin.py:188} INFO - Status do passo "Transformar e Carregar na Camada Silver" (ID: s-02404293SS94AYBGB7W2): PENDING
[2024-11-04T13:40:39.483+0000] {logging_mixin.py:188} INFO - Status do passo "Transformar e Carregar na Camada Silver" (ID: s-02404293SS94AYBGB7W2): PENDING
[2024-11-04T13:40:50.065+0000] {logging_mixin.py:188} INFO - Status do passo "Transformar e Carregar na Camada Silver" (ID: s-02404293SS94AYBGB7W2): RUNNING
[2024-11-04T13:41:00.712+0000] {logging_mixin.py:188} INFO - Status do passo "Transformar e Carregar na Camada Silver" (ID: s-02404293SS94AYBGB7W2): RUNNING
[2024-11-04T13:41:11.208+0000] {logging_mixin.py:188} INFO - Status do passo "Transformar e Carregar na Camada Silver" (ID: s-02404293SS94AYBGB7W2): RUNNING
[2024-11-04T13:41:21.807+0000] {logging_mixin.py:188} INFO - Status do passo "Transformar e Carregar na Camada Silver" (ID: s-02404293SS94AYBGB7W2): RUNNING
[2024-11-04T13:41:32.426+0000] {logging_mixin.py:188} INFO - Status do passo "Transformar e Carregar na Camada Silver" (ID: s-02404293SS94AYBGB7W2): COMPLETED
[2024-11-04T13:41:32.428+0000] {python.py:202} INFO - Done. Returned value was: None
[2024-11-04T13:41:32.434+0000] {taskinstance.py:1149} INFO - Marking task as SUCCESS. dag_id=etl_queimadas, task_id=add_step_job_silver, execution_date=20241103T133500, start_date=20241104T134012, end_date=20241104T134132
[2024-11-04T13:41:32.485+0000] {local_task_job_runner.py:234} INFO - Task exited with return code 0
[2024-11-04T13:41:32.507+0000] {taskinstance.py:3309} INFO - 3 downstream tasks scheduled from follow-on schedule check
