[2024-10-30T20:13:41.399+0000] {taskinstance.py:1979} INFO - Dependencies all met for dep_context=non-requeueable deps ti=<TaskInstance: etl_queimadas.add_step_job_gold_bioma manual__2024-10-30T20:05:10.450926+00:00 [queued]>
[2024-10-30T20:13:41.407+0000] {taskinstance.py:1979} INFO - Dependencies all met for dep_context=requeueable deps ti=<TaskInstance: etl_queimadas.add_step_job_gold_bioma manual__2024-10-30T20:05:10.450926+00:00 [queued]>
[2024-10-30T20:13:41.407+0000] {taskinstance.py:2193} INFO - Starting attempt 1 of 1
[2024-10-30T20:13:41.419+0000] {taskinstance.py:2214} INFO - Executing <Task(PythonOperator): add_step_job_gold_bioma> on 2024-10-30 20:05:10.450926+00:00
[2024-10-30T20:13:41.426+0000] {standard_task_runner.py:60} INFO - Started process 6899 to run task
[2024-10-30T20:13:41.428+0000] {standard_task_runner.py:87} INFO - Running: ['***', 'tasks', 'run', 'etl_queimadas', 'add_step_job_gold_bioma', 'manual__2024-10-30T20:05:10.450926+00:00', '--job-id', '237', '--raw', '--subdir', 'DAGS_FOLDER/dag_cria_emr.py', '--cfg-path', '/tmp/tmpgvisy5ya']
[2024-10-30T20:13:41.430+0000] {standard_task_runner.py:88} INFO - Job 237: Subtask add_step_job_gold_bioma
[2024-10-30T20:13:41.459+0000] {task_command.py:423} INFO - Running <TaskInstance: etl_queimadas.add_step_job_gold_bioma manual__2024-10-30T20:05:10.450926+00:00 [running]> on host 3f04bb9d0c09
[2024-10-30T20:13:41.512+0000] {taskinstance.py:2510} INFO - Exporting env vars: AIRFLOW_CTX_DAG_OWNER='***' AIRFLOW_CTX_DAG_ID='etl_queimadas' AIRFLOW_CTX_TASK_ID='add_step_job_gold_bioma' AIRFLOW_CTX_EXECUTION_DATE='2024-10-30T20:05:10.450926+00:00' AIRFLOW_CTX_TRY_NUMBER='1' AIRFLOW_CTX_DAG_RUN_ID='manual__2024-10-30T20:05:10.450926+00:00'
[2024-10-30T20:13:57.672+0000] {logging_mixin.py:188} INFO - Status do passo "Agregar e Carregar na Camada Gold - Bioma" (ID: s-0402150B9NY27GOS62O): PENDING
[2024-10-30T20:14:08.200+0000] {logging_mixin.py:188} INFO - Status do passo "Agregar e Carregar na Camada Gold - Bioma" (ID: s-0402150B9NY27GOS62O): PENDING
[2024-10-30T20:14:18.689+0000] {logging_mixin.py:188} INFO - Status do passo "Agregar e Carregar na Camada Gold - Bioma" (ID: s-0402150B9NY27GOS62O): PENDING
[2024-10-30T20:14:29.156+0000] {logging_mixin.py:188} INFO - Status do passo "Agregar e Carregar na Camada Gold - Bioma" (ID: s-0402150B9NY27GOS62O): PENDING
[2024-10-30T20:14:39.693+0000] {logging_mixin.py:188} INFO - Status do passo "Agregar e Carregar na Camada Gold - Bioma" (ID: s-0402150B9NY27GOS62O): PENDING
[2024-10-30T20:14:50.222+0000] {logging_mixin.py:188} INFO - Status do passo "Agregar e Carregar na Camada Gold - Bioma" (ID: s-0402150B9NY27GOS62O): PENDING
[2024-10-30T20:15:00.696+0000] {logging_mixin.py:188} INFO - Status do passo "Agregar e Carregar na Camada Gold - Bioma" (ID: s-0402150B9NY27GOS62O): PENDING
[2024-10-30T20:15:11.172+0000] {logging_mixin.py:188} INFO - Status do passo "Agregar e Carregar na Camada Gold - Bioma" (ID: s-0402150B9NY27GOS62O): PENDING
[2024-10-30T20:15:21.645+0000] {logging_mixin.py:188} INFO - Status do passo "Agregar e Carregar na Camada Gold - Bioma" (ID: s-0402150B9NY27GOS62O): RUNNING
[2024-10-30T20:15:32.190+0000] {logging_mixin.py:188} INFO - Status do passo "Agregar e Carregar na Camada Gold - Bioma" (ID: s-0402150B9NY27GOS62O): RUNNING
[2024-10-30T20:15:42.819+0000] {logging_mixin.py:188} INFO - Status do passo "Agregar e Carregar na Camada Gold - Bioma" (ID: s-0402150B9NY27GOS62O): RUNNING
[2024-10-30T20:15:53.382+0000] {logging_mixin.py:188} INFO - Status do passo "Agregar e Carregar na Camada Gold - Bioma" (ID: s-0402150B9NY27GOS62O): RUNNING
[2024-10-30T20:16:03.903+0000] {logging_mixin.py:188} INFO - Status do passo "Agregar e Carregar na Camada Gold - Bioma" (ID: s-0402150B9NY27GOS62O): COMPLETED
[2024-10-30T20:16:03.905+0000] {python.py:202} INFO - Done. Returned value was: None
[2024-10-30T20:16:03.912+0000] {taskinstance.py:1149} INFO - Marking task as SUCCESS. dag_id=etl_queimadas, task_id=add_step_job_gold_bioma, execution_date=20241030T200510, start_date=20241030T201341, end_date=20241030T201603
[2024-10-30T20:16:03.935+0000] {local_task_job_runner.py:234} INFO - Task exited with return code 0
[2024-10-30T20:16:03.951+0000] {taskinstance.py:3309} INFO - 1 downstream tasks scheduled from follow-on schedule check
