[2024-11-03T13:41:55.146+0000] {taskinstance.py:1979} INFO - Dependencies all met for dep_context=non-requeueable deps ti=<TaskInstance: etl_queimadas.add_step_job_gold_bioma scheduled__2024-11-02T13:35:00+00:00 [queued]>
[2024-11-03T13:41:55.152+0000] {taskinstance.py:1979} INFO - Dependencies all met for dep_context=requeueable deps ti=<TaskInstance: etl_queimadas.add_step_job_gold_bioma scheduled__2024-11-02T13:35:00+00:00 [queued]>
[2024-11-03T13:41:55.152+0000] {taskinstance.py:2193} INFO - Starting attempt 1 of 1
[2024-11-03T13:41:55.160+0000] {taskinstance.py:2214} INFO - Executing <Task(PythonOperator): add_step_job_gold_bioma> on 2024-11-02 13:35:00+00:00
[2024-11-03T13:41:55.166+0000] {standard_task_runner.py:60} INFO - Started process 426 to run task
[2024-11-03T13:41:55.168+0000] {standard_task_runner.py:87} INFO - Running: ['***', 'tasks', 'run', 'etl_queimadas', 'add_step_job_gold_bioma', 'scheduled__2024-11-02T13:35:00+00:00', '--job-id', '300', '--raw', '--subdir', 'DAGS_FOLDER/dag_cria_emr.py', '--cfg-path', '/tmp/tmpamuy2p7x']
[2024-11-03T13:41:55.170+0000] {standard_task_runner.py:88} INFO - Job 300: Subtask add_step_job_gold_bioma
[2024-11-03T13:41:55.201+0000] {task_command.py:423} INFO - Running <TaskInstance: etl_queimadas.add_step_job_gold_bioma scheduled__2024-11-02T13:35:00+00:00 [running]> on host 3f04bb9d0c09
[2024-11-03T13:41:55.264+0000] {taskinstance.py:2510} INFO - Exporting env vars: AIRFLOW_CTX_DAG_OWNER='***' AIRFLOW_CTX_DAG_ID='etl_queimadas' AIRFLOW_CTX_TASK_ID='add_step_job_gold_bioma' AIRFLOW_CTX_EXECUTION_DATE='2024-11-02T13:35:00+00:00' AIRFLOW_CTX_TRY_NUMBER='1' AIRFLOW_CTX_DAG_RUN_ID='scheduled__2024-11-02T13:35:00+00:00'
[2024-11-03T13:42:11.681+0000] {logging_mixin.py:188} INFO - Status do passo "Agregar e Carregar na Camada Gold - Bioma" (ID: s-03518221EHBE59EM78YJ): PENDING
[2024-11-03T13:42:22.189+0000] {logging_mixin.py:188} INFO - Status do passo "Agregar e Carregar na Camada Gold - Bioma" (ID: s-03518221EHBE59EM78YJ): PENDING
[2024-11-03T13:42:32.742+0000] {logging_mixin.py:188} INFO - Status do passo "Agregar e Carregar na Camada Gold - Bioma" (ID: s-03518221EHBE59EM78YJ): PENDING
[2024-11-03T13:42:43.250+0000] {logging_mixin.py:188} INFO - Status do passo "Agregar e Carregar na Camada Gold - Bioma" (ID: s-03518221EHBE59EM78YJ): PENDING
[2024-11-03T13:42:53.718+0000] {logging_mixin.py:188} INFO - Status do passo "Agregar e Carregar na Camada Gold - Bioma" (ID: s-03518221EHBE59EM78YJ): PENDING
[2024-11-03T13:43:04.184+0000] {logging_mixin.py:188} INFO - Status do passo "Agregar e Carregar na Camada Gold - Bioma" (ID: s-03518221EHBE59EM78YJ): PENDING
[2024-11-03T13:43:14.704+0000] {logging_mixin.py:188} INFO - Status do passo "Agregar e Carregar na Camada Gold - Bioma" (ID: s-03518221EHBE59EM78YJ): PENDING
[2024-11-03T13:43:25.197+0000] {logging_mixin.py:188} INFO - Status do passo "Agregar e Carregar na Camada Gold - Bioma" (ID: s-03518221EHBE59EM78YJ): RUNNING
[2024-11-03T13:43:35.739+0000] {logging_mixin.py:188} INFO - Status do passo "Agregar e Carregar na Camada Gold - Bioma" (ID: s-03518221EHBE59EM78YJ): RUNNING
[2024-11-03T13:43:46.222+0000] {logging_mixin.py:188} INFO - Status do passo "Agregar e Carregar na Camada Gold - Bioma" (ID: s-03518221EHBE59EM78YJ): RUNNING
[2024-11-03T13:43:56.834+0000] {logging_mixin.py:188} INFO - Status do passo "Agregar e Carregar na Camada Gold - Bioma" (ID: s-03518221EHBE59EM78YJ): RUNNING
[2024-11-03T13:44:07.379+0000] {logging_mixin.py:188} INFO - Status do passo "Agregar e Carregar na Camada Gold - Bioma" (ID: s-03518221EHBE59EM78YJ): COMPLETED
[2024-11-03T13:44:07.381+0000] {python.py:202} INFO - Done. Returned value was: None
[2024-11-03T13:44:07.389+0000] {taskinstance.py:1149} INFO - Marking task as SUCCESS. dag_id=etl_queimadas, task_id=add_step_job_gold_bioma, execution_date=20241102T133500, start_date=20241103T134155, end_date=20241103T134407
[2024-11-03T13:44:07.423+0000] {local_task_job_runner.py:234} INFO - Task exited with return code 0
[2024-11-03T13:44:07.442+0000] {taskinstance.py:3309} INFO - 0 downstream tasks scheduled from follow-on schedule check
