[2024-10-25T19:17:31.859+0000] {taskinstance.py:1979} INFO - Dependencies all met for dep_context=non-requeueable deps ti=<TaskInstance: etl_queimadas.add_step_job manual__2024-10-25T19:12:01.098167+00:00 [queued]>
[2024-10-25T19:17:31.864+0000] {taskinstance.py:1979} INFO - Dependencies all met for dep_context=requeueable deps ti=<TaskInstance: etl_queimadas.add_step_job manual__2024-10-25T19:12:01.098167+00:00 [queued]>
[2024-10-25T19:17:31.864+0000] {taskinstance.py:2193} INFO - Starting attempt 1 of 1
[2024-10-25T19:17:31.873+0000] {taskinstance.py:2214} INFO - Executing <Task(PythonOperator): add_step_job> on 2024-10-25 19:12:01.098167+00:00
[2024-10-25T19:17:31.879+0000] {standard_task_runner.py:60} INFO - Started process 7745 to run task
[2024-10-25T19:17:31.881+0000] {standard_task_runner.py:87} INFO - Running: ['***', 'tasks', 'run', 'etl_queimadas', 'add_step_job', 'manual__2024-10-25T19:12:01.098167+00:00', '--job-id', '168', '--raw', '--subdir', 'DAGS_FOLDER/dag_cria_emr.py', '--cfg-path', '/tmp/tmphsp8q9cz']
[2024-10-25T19:17:31.882+0000] {standard_task_runner.py:88} INFO - Job 168: Subtask add_step_job
[2024-10-25T19:17:31.913+0000] {task_command.py:423} INFO - Running <TaskInstance: etl_queimadas.add_step_job manual__2024-10-25T19:12:01.098167+00:00 [running]> on host 622b1ac036ca
[2024-10-25T19:17:31.966+0000] {taskinstance.py:2510} INFO - Exporting env vars: AIRFLOW_CTX_DAG_OWNER='***' AIRFLOW_CTX_DAG_ID='etl_queimadas' AIRFLOW_CTX_TASK_ID='add_step_job' AIRFLOW_CTX_EXECUTION_DATE='2024-10-25T19:12:01.098167+00:00' AIRFLOW_CTX_TRY_NUMBER='1' AIRFLOW_CTX_DAG_RUN_ID='manual__2024-10-25T19:12:01.098167+00:00'
[2024-10-25T19:18:43.468+0000] {logging_mixin.py:188} INFO - Status do passo "Executar script Python" (ID: s-04815122W1KR3ERIQ5XF): PENDING
[2024-10-25T19:18:54.213+0000] {logging_mixin.py:188} INFO - Status do passo "Executar script Python" (ID: s-04815122W1KR3ERIQ5XF): PENDING
[2024-10-25T19:19:04.960+0000] {logging_mixin.py:188} INFO - Status do passo "Executar script Python" (ID: s-04815122W1KR3ERIQ5XF): PENDING
[2024-10-25T19:19:15.614+0000] {logging_mixin.py:188} INFO - Status do passo "Executar script Python" (ID: s-04815122W1KR3ERIQ5XF): PENDING
[2024-10-25T19:19:26.360+0000] {logging_mixin.py:188} INFO - Status do passo "Executar script Python" (ID: s-04815122W1KR3ERIQ5XF): RUNNING
[2024-10-25T19:19:37.029+0000] {logging_mixin.py:188} INFO - Status do passo "Executar script Python" (ID: s-04815122W1KR3ERIQ5XF): RUNNING
[2024-10-25T19:19:47.769+0000] {logging_mixin.py:188} INFO - Status do passo "Executar script Python" (ID: s-04815122W1KR3ERIQ5XF): FAILED
[2024-10-25T19:19:47.773+0000] {python.py:202} INFO - Done. Returned value was: None
[2024-10-25T19:19:47.801+0000] {taskinstance.py:1149} INFO - Marking task as SUCCESS. dag_id=etl_queimadas, task_id=add_step_job, execution_date=20241025T191201, start_date=20241025T191731, end_date=20241025T191947
[2024-10-25T19:19:47.850+0000] {local_task_job_runner.py:234} INFO - Task exited with return code 0
[2024-10-25T19:19:47.864+0000] {taskinstance.py:3309} INFO - 1 downstream tasks scheduled from follow-on schedule check
